[0.036s] Invoking command in '/home/frank/thesis/gui_ws/build/bms_gui': CMAKE_PREFIX_PATH=/opt/ros/humble /usr/bin/cmake --build /home/frank/thesis/gui_ws/build/bms_gui -- -j16 -l16
[0.076s] [100%] Built target bms_gui
[0.081s] Invoked command in '/home/frank/thesis/gui_ws/build/bms_gui' returned '0': CMAKE_PREFIX_PATH=/opt/ros/humble /usr/bin/cmake --build /home/frank/thesis/gui_ws/build/bms_gui -- -j16 -l16
[0.102s] Invoking command in '/home/frank/thesis/gui_ws/build/bms_gui': CMAKE_PREFIX_PATH=/opt/ros/humble /usr/bin/cmake --install /home/frank/thesis/gui_ws/build/bms_gui
[0.104s] -- Install configuration: ""
[0.104s] -- Up-to-date: /home/frank/thesis/gui_ws/install/bms_gui/lib/bms_gui/bms_gui
[0.104s] -- Up-to-date: /home/frank/thesis/gui_ws/install/bms_gui/share/ament_index/resource_index/package_run_dependencies/bms_gui
[0.105s] -- Up-to-date: /home/frank/thesis/gui_ws/install/bms_gui/share/ament_index/resource_index/parent_prefix_path/bms_gui
[0.105s] -- Up-to-date: /home/frank/thesis/gui_ws/install/bms_gui/share/bms_gui/environment/ament_prefix_path.sh
[0.105s] -- Up-to-date: /home/frank/thesis/gui_ws/install/bms_gui/share/bms_gui/environment/ament_prefix_path.dsv
[0.105s] -- Up-to-date: /home/frank/thesis/gui_ws/install/bms_gui/share/bms_gui/environment/path.sh
[0.105s] -- Up-to-date: /home/frank/thesis/gui_ws/install/bms_gui/share/bms_gui/environment/path.dsv
[0.105s] -- Up-to-date: /home/frank/thesis/gui_ws/install/bms_gui/share/bms_gui/local_setup.bash
[0.105s] -- Up-to-date: /home/frank/thesis/gui_ws/install/bms_gui/share/bms_gui/local_setup.sh
[0.105s] -- Up-to-date: /home/frank/thesis/gui_ws/install/bms_gui/share/bms_gui/local_setup.zsh
[0.105s] -- Up-to-date: /home/frank/thesis/gui_ws/install/bms_gui/share/bms_gui/local_setup.dsv
[0.105s] -- Installing: /home/frank/thesis/gui_ws/install/bms_gui/share/bms_gui/package.dsv
[0.105s] -- Up-to-date: /home/frank/thesis/gui_ws/install/bms_gui/share/ament_index/resource_index/packages/bms_gui
[0.105s] -- Up-to-date: /home/frank/thesis/gui_ws/install/bms_gui/share/bms_gui/cmake/bms_guiConfig.cmake
[0.105s] -- Up-to-date: /home/frank/thesis/gui_ws/install/bms_gui/share/bms_gui/cmake/bms_guiConfig-version.cmake
[0.105s] -- Up-to-date: /home/frank/thesis/gui_ws/install/bms_gui/share/bms_gui/package.xml
[0.106s] Invoked command in '/home/frank/thesis/gui_ws/build/bms_gui' returned '0': CMAKE_PREFIX_PATH=/opt/ros/humble /usr/bin/cmake --install /home/frank/thesis/gui_ws/build/bms_gui
