[0.037s] Invoking command in '/home/frank/thesis/gui_ws/build/bms_gui': CMAKE_PREFIX_PATH=/opt/ros/humble /usr/bin/cmake --build /home/frank/thesis/gui_ws/build/bms_gui -- -j16 -l16
[0.117s] -- The C compiler identification is GNU 11.4.0
[0.169s] -- The CXX compiler identification is GNU 11.4.0
[0.176s] -- Detecting C compiler ABI info
[0.217s] -- Detecting C compiler ABI info - done
[0.227s] -- Check for working C compiler: /usr/bin/cc - skipped
[0.227s] -- Detecting C compile features
[0.227s] -- Detecting C compile features - done
[0.230s] -- Detecting CXX compiler ABI info
[0.276s] -- Detecting CXX compiler ABI info - done
[0.287s] -- Check for working CXX compiler: /usr/bin/c++ - skipped
[0.287s] -- Detecting CXX compile features
[0.287s] -- Detecting CXX compile features - done
[0.288s] -- Found ament_cmake: 1.3.9 (/opt/ros/humble/share/ament_cmake/cmake)
[0.370s] -- Found Python3: /usr/bin/python3 (found version "3.10.12") found components: Interpreter
[0.479s] -- Found rclcpp: 16.0.9 (/opt/ros/humble/share/rclcpp/cmake)
[0.508s] -- Found rosidl_generator_c: 3.1.5 (/opt/ros/humble/share/rosidl_generator_c/cmake)
[0.510s] -- Found rosidl_adapter: 3.1.5 (/opt/ros/humble/share/rosidl_adapter/cmake)
[0.516s] -- Found rosidl_generator_cpp: 3.1.5 (/opt/ros/humble/share/rosidl_generator_cpp/cmake)
[0.526s] -- Using all available rosidl_typesupport_c: rosidl_typesupport_fastrtps_c;rosidl_typesupport_introspection_c
[0.539s] -- Using all available rosidl_typesupport_cpp: rosidl_typesupport_fastrtps_cpp;rosidl_typesupport_introspection_cpp
[0.586s] -- Found rmw_implementation_cmake: 6.1.2 (/opt/ros/humble/share/rmw_implementation_cmake/cmake)
[0.587s] -- Found rmw_fastrtps_cpp: 6.2.6 (/opt/ros/humble/share/rmw_fastrtps_cpp/cmake)
[0.674s] -- Using RMW implementation 'rmw_fastrtps_cpp' as default
[0.807s] -- Found rclcpp_action: 16.0.9 (/opt/ros/humble/share/rclcpp_action/cmake)
[0.875s] -- Found sensor_msgs: 4.2.3 (/opt/ros/humble/share/sensor_msgs/cmake)
[0.974s] -- Found ament_lint_auto: 0.12.11 (/opt/ros/humble/share/ament_lint_auto/cmake)
[1.031s] -- Added test 'cppcheck' to perform static code analysis on C / C++ code
[1.031s] -- Configured cppcheck include dirs: /home/frank/thesis/gui_ws/src/bms_gui/include
[1.031s] -- Configured cppcheck exclude dirs and/or files: 
[1.033s] -- Added test 'flake8' to check Python code syntax and style conventions
[1.035s] -- Added test 'lint_cmake' to check CMake code style
[1.036s] -- Added test 'pep257' to check Python code against some of the docstring style conventions in PEP 257
[1.044s] -- Added test 'uncrustify' to check C / C++ code style
[1.045s] -- Configured uncrustify additional arguments: 
[1.046s] -- Added test 'xmllint' to check XML markup files
[1.047s] -- Configuring done (1.0s)
[1.058s] -- Generating done (0.0s)
[1.059s] -- Build files have been written to: /home/frank/thesis/gui_ws/build/bms_gui
[1.074s] [  9%] [34m[1mGenerating build/bms_gui/moc_ui_mainwindow.cpp[0m
[1.078s] /home/frank/thesis/gui_ws/src/bms_gui/build/bms_gui/ui_mainwindow.h:0: Note: No relevant classes found. No output generated.
[1.121s] [ 18%] [32mBuilding CXX object CMakeFiles/bms_gui.dir/src/main.cpp.o[0m
[1.122s] [ 27%] [32mBuilding CXX object CMakeFiles/bms_gui.dir/src/mainwindow.cpp.o[0m
[1.122s] [ 36%] [32mBuilding CXX object CMakeFiles/bms_gui.dir/src/ros2comm.cpp.o[0m
[1.123s] [ 45%] [32mBuilding CXX object CMakeFiles/bms_gui.dir/build/bms_gui/moc_ui_mainwindow.cpp.o[0m
[1.123s] [ 54%] [32mBuilding CXX object CMakeFiles/bms_gui.dir/include/bms_gui/moc_mainwindow.cpp.o[0m
[1.123s] [ 63%] [32mBuilding CXX object CMakeFiles/bms_gui.dir/include/bms_gui/moc_ros2comm.cpp.o[0m
[5.380s] [ 72%] [32m[1mLinking CXX executable bms_gui[0m
[5.836s] [100%] Built target bms_gui
[5.841s] Invoked command in '/home/frank/thesis/gui_ws/build/bms_gui' returned '0': CMAKE_PREFIX_PATH=/opt/ros/humble /usr/bin/cmake --build /home/frank/thesis/gui_ws/build/bms_gui -- -j16 -l16
[5.865s] Invoking command in '/home/frank/thesis/gui_ws/build/bms_gui': CMAKE_PREFIX_PATH=/opt/ros/humble /usr/bin/cmake --install /home/frank/thesis/gui_ws/build/bms_gui
[5.867s] -- Install configuration: ""
[5.867s] -- Installing: /home/frank/thesis/gui_ws/install/bms_gui/lib/bms_gui/bms_gui
[5.868s] -- Set non-toolchain portion of runtime path of "/home/frank/thesis/gui_ws/install/bms_gui/lib/bms_gui/bms_gui" to ""
[5.868s] -- Up-to-date: /home/frank/thesis/gui_ws/install/bms_gui/share/ament_index/resource_index/package_run_dependencies/bms_gui
[5.868s] -- Up-to-date: /home/frank/thesis/gui_ws/install/bms_gui/share/ament_index/resource_index/parent_prefix_path/bms_gui
[5.868s] -- Installing: /home/frank/thesis/gui_ws/install/bms_gui/share/bms_gui/environment/ament_prefix_path.sh
[5.868s] -- Installing: /home/frank/thesis/gui_ws/install/bms_gui/share/bms_gui/environment/ament_prefix_path.dsv
[5.868s] -- Installing: /home/frank/thesis/gui_ws/install/bms_gui/share/bms_gui/environment/path.sh
[5.868s] -- Installing: /home/frank/thesis/gui_ws/install/bms_gui/share/bms_gui/environment/path.dsv
[5.869s] -- Up-to-date: /home/frank/thesis/gui_ws/install/bms_gui/share/bms_gui/local_setup.bash
[5.869s] -- Up-to-date: /home/frank/thesis/gui_ws/install/bms_gui/share/bms_gui/local_setup.sh
[5.869s] -- Up-to-date: /home/frank/thesis/gui_ws/install/bms_gui/share/bms_gui/local_setup.zsh
[5.869s] -- Installing: /home/frank/thesis/gui_ws/install/bms_gui/share/bms_gui/local_setup.dsv
[5.869s] -- Installing: /home/frank/thesis/gui_ws/install/bms_gui/share/bms_gui/package.dsv
[5.869s] -- Up-to-date: /home/frank/thesis/gui_ws/install/bms_gui/share/ament_index/resource_index/packages/bms_gui
[5.869s] -- Up-to-date: /home/frank/thesis/gui_ws/install/bms_gui/share/bms_gui/cmake/bms_guiConfig.cmake
[5.869s] -- Up-to-date: /home/frank/thesis/gui_ws/install/bms_gui/share/bms_gui/cmake/bms_guiConfig-version.cmake
[5.869s] -- Up-to-date: /home/frank/thesis/gui_ws/install/bms_gui/share/bms_gui/package.xml
[5.870s] Invoked command in '/home/frank/thesis/gui_ws/build/bms_gui' returned '0': CMAKE_PREFIX_PATH=/opt/ros/humble /usr/bin/cmake --install /home/frank/thesis/gui_ws/build/bms_gui
