[0.030s] Invoking command in '/home/frank/thesis_ws/bms_gui/src/build/bms_gui': CMAKE_PREFIX_PATH=/opt/ros/humble /usr/bin/cmake --build /home/frank/thesis_ws/bms_gui/src/build/bms_gui -- -j16 -l16
[0.061s] [ 11%] [32mBuilding CXX object CMakeFiles/bms_gui.dir/src/ros2comm.cpp.o[0m
[3.485s] [ 22%] [32m[1mLinking CXX executable bms_gui[0m
[3.986s] [100%] Built target bms_gui
[3.993s] Invoked command in '/home/frank/thesis_ws/bms_gui/src/build/bms_gui' returned '0': CMAKE_PREFIX_PATH=/opt/ros/humble /usr/bin/cmake --build /home/frank/thesis_ws/bms_gui/src/build/bms_gui -- -j16 -l16
[4.016s] Invoking command in '/home/frank/thesis_ws/bms_gui/src/build/bms_gui': CMAKE_PREFIX_PATH=/opt/ros/humble /usr/bin/cmake --install /home/frank/thesis_ws/bms_gui/src/build/bms_gui
[4.018s] -- Install configuration: ""
[4.018s] -- Installing: /home/frank/thesis_ws/bms_gui/src/install/bms_gui/lib/bms_gui/bms_gui
[4.019s] -- Set non-toolchain portion of runtime path of "/home/frank/thesis_ws/bms_gui/src/install/bms_gui/lib/bms_gui/bms_gui" to ""
[4.019s] -- Up-to-date: /home/frank/thesis_ws/bms_gui/src/install/bms_gui/share/ament_index/resource_index/package_run_dependencies/bms_gui
[4.019s] -- Up-to-date: /home/frank/thesis_ws/bms_gui/src/install/bms_gui/share/ament_index/resource_index/parent_prefix_path/bms_gui
[4.019s] -- Up-to-date: /home/frank/thesis_ws/bms_gui/src/install/bms_gui/share/bms_gui/environment/ament_prefix_path.sh
[4.019s] -- Up-to-date: /home/frank/thesis_ws/bms_gui/src/install/bms_gui/share/bms_gui/environment/ament_prefix_path.dsv
[4.019s] -- Up-to-date: /home/frank/thesis_ws/bms_gui/src/install/bms_gui/share/bms_gui/environment/path.sh
[4.019s] -- Up-to-date: /home/frank/thesis_ws/bms_gui/src/install/bms_gui/share/bms_gui/environment/path.dsv
[4.019s] -- Up-to-date: /home/frank/thesis_ws/bms_gui/src/install/bms_gui/share/bms_gui/local_setup.bash
[4.019s] -- Up-to-date: /home/frank/thesis_ws/bms_gui/src/install/bms_gui/share/bms_gui/local_setup.sh
[4.019s] -- Up-to-date: /home/frank/thesis_ws/bms_gui/src/install/bms_gui/share/bms_gui/local_setup.zsh
[4.019s] -- Up-to-date: /home/frank/thesis_ws/bms_gui/src/install/bms_gui/share/bms_gui/local_setup.dsv
[4.019s] -- Installing: /home/frank/thesis_ws/bms_gui/src/install/bms_gui/share/bms_gui/package.dsv
[4.019s] -- Up-to-date: /home/frank/thesis_ws/bms_gui/src/install/bms_gui/share/ament_index/resource_index/packages/bms_gui
[4.019s] -- Up-to-date: /home/frank/thesis_ws/bms_gui/src/install/bms_gui/share/bms_gui/cmake/bms_guiConfig.cmake
[4.019s] -- Up-to-date: /home/frank/thesis_ws/bms_gui/src/install/bms_gui/share/bms_gui/cmake/bms_guiConfig-version.cmake
[4.019s] -- Up-to-date: /home/frank/thesis_ws/bms_gui/src/install/bms_gui/share/bms_gui/package.xml
[4.020s] Invoked command in '/home/frank/thesis_ws/bms_gui/src/build/bms_gui' returned '0': CMAKE_PREFIX_PATH=/opt/ros/humble /usr/bin/cmake --install /home/frank/thesis_ws/bms_gui/src/build/bms_gui
