[0.986s] DEBUG:colcon:Command line arguments: ['/home/frank/.local/bin/colcon', 'build']
[0.986s] DEBUG:colcon:Parsed command line arguments: Namespace(log_base=None, log_level=None, verb_name='build', build_base='build', install_base='install', merge_install=False, symlink_install=False, test_result_base=None, continue_on_error=False, executor='parallel', parallel_workers=16, event_handlers=None, ignore_user_meta=False, metas=['./colcon.meta'], base_paths=['.'], packages_ignore=None, packages_ignore_regex=None, paths=None, packages_up_to=None, packages_up_to_regex=None, packages_above=None, packages_above_and_dependencies=None, packages_above_depth=None, packages_select_by_dep=None, packages_skip_by_dep=None, packages_skip_up_to=None, packages_select_build_failed=False, packages_skip_build_finished=False, packages_select_test_failures=False, packages_skip_test_passed=False, packages_select=None, packages_skip=None, packages_select_regex=None, packages_skip_regex=None, packages_start=None, packages_end=None, cmake_args=None, cmake_target=None, cmake_target_skip_unavailable=False, cmake_clean_cache=False, cmake_clean_first=False, cmake_force_configure=False, ament_cmake_args=None, catkin_cmake_args=None, catkin_skip_building_tests=False, verb_parser=<colcon_defaults.argument_parser.defaults.DefaultArgumentsDecorator object at 0x746f96e10070>, verb_extension=<colcon_core.verb.build.BuildVerb object at 0x746f9721d4e0>, main=<bound method BuildVerb.main of <colcon_core.verb.build.BuildVerb object at 0x746f9721d4e0>>)
[1.036s] Level 1:colcon.colcon_core.package_discovery:discover_packages(colcon_meta) check parameters
[1.036s] Level 1:colcon.colcon_core.package_discovery:discover_packages(recursive) check parameters
[1.036s] Level 1:colcon.colcon_core.package_discovery:discover_packages(ignore) check parameters
[1.036s] Level 1:colcon.colcon_core.package_discovery:discover_packages(path) check parameters
[1.036s] Level 1:colcon.colcon_core.package_discovery:discover_packages(colcon_meta) discover
[1.036s] Level 1:colcon.colcon_core.package_discovery:discover_packages(recursive) discover
[1.036s] INFO:colcon.colcon_core.package_discovery:Crawling recursively for packages in '/home/frank/thesis_ws/bms_gui'
[1.036s] Level 1:colcon.colcon_core.package_identification:_identify(.) by extensions ['ignore', 'ignore_ament_install']
[1.036s] Level 1:colcon.colcon_core.package_identification:_identify(.) by extension 'ignore'
[1.037s] Level 1:colcon.colcon_core.package_identification:_identify(.) by extension 'ignore_ament_install'
[1.037s] Level 1:colcon.colcon_core.package_identification:_identify(.) by extensions ['colcon_pkg']
[1.037s] Level 1:colcon.colcon_core.package_identification:_identify(.) by extension 'colcon_pkg'
[1.037s] Level 1:colcon.colcon_core.package_identification:_identify(.) by extensions ['colcon_meta']
[1.037s] Level 1:colcon.colcon_core.package_identification:_identify(.) by extension 'colcon_meta'
[1.037s] Level 1:colcon.colcon_core.package_identification:_identify(.) by extensions ['ros']
[1.037s] Level 1:colcon.colcon_core.package_identification:_identify(.) by extension 'ros'
[1.050s] Level 1:colcon.colcon_core.package_identification:_identify(.) by extensions ['cmake', 'python']
[1.050s] Level 1:colcon.colcon_core.package_identification:_identify(.) by extension 'cmake'
[1.050s] Level 1:colcon.colcon_core.package_identification:_identify(.) by extension 'python'
[1.050s] Level 1:colcon.colcon_core.package_identification:_identify(.) by extensions ['python_setup_py']
[1.050s] Level 1:colcon.colcon_core.package_identification:_identify(.) by extension 'python_setup_py'
[1.050s] Level 1:colcon.colcon_core.package_identification:_identify(build) by extensions ['ignore', 'ignore_ament_install']
[1.050s] Level 1:colcon.colcon_core.package_identification:_identify(build) by extension 'ignore'
[1.050s] Level 1:colcon.colcon_core.package_identification:_identify(build) ignored
[1.050s] Level 1:colcon.colcon_core.package_identification:_identify(install) by extensions ['ignore', 'ignore_ament_install']
[1.050s] Level 1:colcon.colcon_core.package_identification:_identify(install) by extension 'ignore'
[1.050s] Level 1:colcon.colcon_core.package_identification:_identify(install) ignored
[1.051s] Level 1:colcon.colcon_core.package_identification:_identify(log) by extensions ['ignore', 'ignore_ament_install']
[1.051s] Level 1:colcon.colcon_core.package_identification:_identify(log) by extension 'ignore'
[1.051s] Level 1:colcon.colcon_core.package_identification:_identify(log) ignored
[1.051s] Level 1:colcon.colcon_core.package_identification:_identify(src) by extensions ['ignore', 'ignore_ament_install']
[1.051s] Level 1:colcon.colcon_core.package_identification:_identify(src) by extension 'ignore'
[1.051s] Level 1:colcon.colcon_core.package_identification:_identify(src) by extension 'ignore_ament_install'
[1.051s] Level 1:colcon.colcon_core.package_identification:_identify(src) by extensions ['colcon_pkg']
[1.051s] Level 1:colcon.colcon_core.package_identification:_identify(src) by extension 'colcon_pkg'
[1.051s] Level 1:colcon.colcon_core.package_identification:_identify(src) by extensions ['colcon_meta']
[1.051s] Level 1:colcon.colcon_core.package_identification:_identify(src) by extension 'colcon_meta'
[1.051s] Level 1:colcon.colcon_core.package_identification:_identify(src) by extensions ['ros']
[1.051s] Level 1:colcon.colcon_core.package_identification:_identify(src) by extension 'ros'
[1.053s] DEBUG:colcon.colcon_core.package_identification:Package 'src' with type 'ros.ament_cmake' and name 'bms_gui'
[1.053s] Level 1:colcon.colcon_core.package_discovery:discover_packages(recursive) using defaults
[1.054s] Level 1:colcon.colcon_core.package_discovery:discover_packages(ignore) discover
[1.054s] Level 1:colcon.colcon_core.package_discovery:discover_packages(ignore) using defaults
[1.054s] Level 1:colcon.colcon_core.package_discovery:discover_packages(path) discover
[1.054s] Level 1:colcon.colcon_core.package_discovery:discover_packages(path) using defaults
[1.132s] Level 5:colcon.colcon_core.verb:set package 'bms_gui' build argument 'cmake_args' from command line to 'None'
[1.132s] Level 5:colcon.colcon_core.verb:set package 'bms_gui' build argument 'cmake_target' from command line to 'None'
[1.132s] Level 5:colcon.colcon_core.verb:set package 'bms_gui' build argument 'cmake_target_skip_unavailable' from command line to 'False'
[1.132s] Level 5:colcon.colcon_core.verb:set package 'bms_gui' build argument 'cmake_clean_cache' from command line to 'False'
[1.132s] Level 5:colcon.colcon_core.verb:set package 'bms_gui' build argument 'cmake_clean_first' from command line to 'False'
[1.132s] Level 5:colcon.colcon_core.verb:set package 'bms_gui' build argument 'cmake_force_configure' from command line to 'False'
[1.132s] Level 5:colcon.colcon_core.verb:set package 'bms_gui' build argument 'ament_cmake_args' from command line to 'None'
[1.132s] Level 5:colcon.colcon_core.verb:set package 'bms_gui' build argument 'catkin_cmake_args' from command line to 'None'
[1.132s] Level 5:colcon.colcon_core.verb:set package 'bms_gui' build argument 'catkin_skip_building_tests' from command line to 'False'
[1.132s] DEBUG:colcon.colcon_core.verb:Building package 'bms_gui' with the following arguments: {'ament_cmake_args': None, 'build_base': '/home/frank/thesis_ws/bms_gui/build/bms_gui', 'catkin_cmake_args': None, 'catkin_skip_building_tests': False, 'cmake_args': None, 'cmake_clean_cache': False, 'cmake_clean_first': False, 'cmake_force_configure': False, 'cmake_target': None, 'cmake_target_skip_unavailable': False, 'install_base': '/home/frank/thesis_ws/bms_gui/install/bms_gui', 'merge_install': False, 'path': '/home/frank/thesis_ws/bms_gui/src', 'symlink_install': False, 'test_result_base': None}
[1.147s] INFO:colcon.colcon_core.executor:Executing jobs using 'parallel' executor
[1.164s] DEBUG:colcon.colcon_parallel_executor.executor.parallel:run_until_complete
[1.165s] INFO:colcon.colcon_ros.task.ament_cmake.build:Building ROS package in '/home/frank/thesis_ws/bms_gui/src' with build type 'ament_cmake'
[1.165s] INFO:colcon.colcon_cmake.task.cmake.build:Building CMake package in '/home/frank/thesis_ws/bms_gui/src'
[1.182s] INFO:colcon.colcon_core.plugin_system:Skipping extension 'colcon_core.shell.bat': Not used on non-Windows systems
[1.183s] INFO:colcon.colcon_core.shell:Skip shell extension 'powershell' for command environment: Not usable outside of PowerShell
[1.183s] DEBUG:colcon.colcon_core.shell:Skip shell extension 'dsv' for command environment
[1.239s] DEBUG:colcon.colcon_core.event_handler.log_command:Invoking command in '/home/frank/thesis_ws/bms_gui/build/bms_gui': CMAKE_PREFIX_PATH=${CMAKE_PREFIX_PATH}:/opt/ros/humble /usr/bin/cmake --build /home/frank/thesis_ws/bms_gui/build/bms_gui -- -j16 -l16
[1.305s] DEBUG:colcon.colcon_core.event_handler.log_command:Invoked command in '/home/frank/thesis_ws/bms_gui/build/bms_gui' returned '0': CMAKE_PREFIX_PATH=${CMAKE_PREFIX_PATH}:/opt/ros/humble /usr/bin/cmake --build /home/frank/thesis_ws/bms_gui/build/bms_gui -- -j16 -l16
[1.356s] DEBUG:colcon.colcon_core.event_handler.log_command:Invoking command in '/home/frank/thesis_ws/bms_gui/build/bms_gui': CMAKE_PREFIX_PATH=${CMAKE_PREFIX_PATH}:/opt/ros/humble /usr/bin/cmake --install /home/frank/thesis_ws/bms_gui/build/bms_gui
[1.362s] Level 1:colcon.colcon_core.environment:create_environment_scripts_only(bms_gui)
[1.362s] DEBUG:colcon.colcon_core.event_handler.log_command:Invoked command in '/home/frank/thesis_ws/bms_gui/build/bms_gui' returned '0': CMAKE_PREFIX_PATH=${CMAKE_PREFIX_PATH}:/opt/ros/humble /usr/bin/cmake --install /home/frank/thesis_ws/bms_gui/build/bms_gui
[1.380s] Level 1:colcon.colcon_core.environment:checking '/home/frank/thesis_ws/bms_gui/install/bms_gui' for CMake module files
[1.381s] Level 1:colcon.colcon_core.environment:checking '/home/frank/thesis_ws/bms_gui/install/bms_gui' for CMake config files
[1.381s] Level 1:colcon.colcon_core.shell:create_environment_hook('bms_gui', 'cmake_prefix_path')
[1.397s] INFO:colcon.colcon_core.shell:Creating environment hook '/home/frank/thesis_ws/bms_gui/install/bms_gui/share/bms_gui/hook/cmake_prefix_path.ps1'
[1.398s] INFO:colcon.colcon_core.shell:Creating environment descriptor '/home/frank/thesis_ws/bms_gui/install/bms_gui/share/bms_gui/hook/cmake_prefix_path.dsv'
[1.398s] INFO:colcon.colcon_core.shell:Creating environment hook '/home/frank/thesis_ws/bms_gui/install/bms_gui/share/bms_gui/hook/cmake_prefix_path.sh'
[1.399s] Level 1:colcon.colcon_core.environment:checking '/home/frank/thesis_ws/bms_gui/install/bms_gui/lib'
[1.400s] Level 1:colcon.colcon_core.environment:checking '/home/frank/thesis_ws/bms_gui/install/bms_gui/bin'
[1.400s] Level 1:colcon.colcon_core.environment:checking '/home/frank/thesis_ws/bms_gui/install/bms_gui/lib/pkgconfig/bms_gui.pc'
[1.402s] Level 1:colcon.colcon_core.environment:checking '/home/frank/thesis_ws/bms_gui/install/bms_gui/lib/python3.10/site-packages'
[1.402s] Level 1:colcon.colcon_core.environment:checking '/home/frank/thesis_ws/bms_gui/install/bms_gui/bin'
[1.416s] INFO:colcon.colcon_core.shell:Creating package script '/home/frank/thesis_ws/bms_gui/install/bms_gui/share/bms_gui/package.ps1'
[1.417s] INFO:colcon.colcon_core.shell:Creating package descriptor '/home/frank/thesis_ws/bms_gui/install/bms_gui/share/bms_gui/package.dsv'
[1.417s] INFO:colcon.colcon_core.shell:Creating package script '/home/frank/thesis_ws/bms_gui/install/bms_gui/share/bms_gui/package.sh'
[1.418s] INFO:colcon.colcon_core.shell:Creating package script '/home/frank/thesis_ws/bms_gui/install/bms_gui/share/bms_gui/package.bash'
[1.419s] INFO:colcon.colcon_core.shell:Creating package script '/home/frank/thesis_ws/bms_gui/install/bms_gui/share/bms_gui/package.zsh'
[1.419s] Level 1:colcon.colcon_core.environment:create_file_with_runtime_dependencies(/home/frank/thesis_ws/bms_gui/install/bms_gui/share/colcon-core/packages/bms_gui)
[1.478s] Level 1:colcon.colcon_core.environment:create_environment_scripts_only(bms_gui)
[1.492s] Level 1:colcon.colcon_core.environment:checking '/home/frank/thesis_ws/bms_gui/install/bms_gui' for CMake module files
[1.493s] Level 1:colcon.colcon_core.environment:checking '/home/frank/thesis_ws/bms_gui/install/bms_gui' for CMake config files
[1.493s] Level 1:colcon.colcon_core.shell:create_environment_hook('bms_gui', 'cmake_prefix_path')
[1.506s] INFO:colcon.colcon_core.shell:Creating environment hook '/home/frank/thesis_ws/bms_gui/install/bms_gui/share/bms_gui/hook/cmake_prefix_path.ps1'
[1.507s] INFO:colcon.colcon_core.shell:Creating environment descriptor '/home/frank/thesis_ws/bms_gui/install/bms_gui/share/bms_gui/hook/cmake_prefix_path.dsv'
[1.508s] INFO:colcon.colcon_core.shell:Creating environment hook '/home/frank/thesis_ws/bms_gui/install/bms_gui/share/bms_gui/hook/cmake_prefix_path.sh'
[1.509s] Level 1:colcon.colcon_core.environment:checking '/home/frank/thesis_ws/bms_gui/install/bms_gui/lib'
[1.509s] Level 1:colcon.colcon_core.environment:checking '/home/frank/thesis_ws/bms_gui/install/bms_gui/bin'
[1.509s] Level 1:colcon.colcon_core.environment:checking '/home/frank/thesis_ws/bms_gui/install/bms_gui/lib/pkgconfig/bms_gui.pc'
[1.509s] Level 1:colcon.colcon_core.environment:checking '/home/frank/thesis_ws/bms_gui/install/bms_gui/lib/python3.10/site-packages'
[1.509s] Level 1:colcon.colcon_core.environment:checking '/home/frank/thesis_ws/bms_gui/install/bms_gui/bin'
[1.524s] INFO:colcon.colcon_core.shell:Creating package script '/home/frank/thesis_ws/bms_gui/install/bms_gui/share/bms_gui/package.ps1'
[1.525s] INFO:colcon.colcon_core.shell:Creating package descriptor '/home/frank/thesis_ws/bms_gui/install/bms_gui/share/bms_gui/package.dsv'
[1.526s] INFO:colcon.colcon_core.shell:Creating package script '/home/frank/thesis_ws/bms_gui/install/bms_gui/share/bms_gui/package.sh'
[1.526s] INFO:colcon.colcon_core.shell:Creating package script '/home/frank/thesis_ws/bms_gui/install/bms_gui/share/bms_gui/package.bash'
[1.527s] INFO:colcon.colcon_core.shell:Creating package script '/home/frank/thesis_ws/bms_gui/install/bms_gui/share/bms_gui/package.zsh'
[1.527s] Level 1:colcon.colcon_core.environment:create_file_with_runtime_dependencies(/home/frank/thesis_ws/bms_gui/install/bms_gui/share/colcon-core/packages/bms_gui)
[1.527s] DEBUG:colcon.colcon_parallel_executor.executor.parallel:closing loop
[1.528s] DEBUG:colcon.colcon_parallel_executor.executor.parallel:loop closed
[1.528s] DEBUG:colcon.colcon_parallel_executor.executor.parallel:run_until_complete finished with '0'
[1.528s] DEBUG:colcon.colcon_core.event_reactor:joining thread
[1.564s] INFO:colcon.colcon_core.plugin_system:Skipping extension 'colcon_notification.desktop_notification.terminal_notifier': Not used on non-Darwin systems
[1.564s] INFO:colcon.colcon_core.plugin_system:Skipping extension 'colcon_notification.desktop_notification.win32': Not used on non-Windows systems
[1.564s] INFO:colcon.colcon_notification.desktop_notification:Sending desktop notification using 'notify2'
[1.580s] DEBUG:colcon.colcon_core.event_reactor:joined thread
[1.600s] INFO:colcon.colcon_core.shell:Creating prefix script '/home/frank/thesis_ws/bms_gui/install/local_setup.ps1'
[1.601s] INFO:colcon.colcon_core.shell:Creating prefix util module '/home/frank/thesis_ws/bms_gui/install/_local_setup_util_ps1.py'
[1.602s] INFO:colcon.colcon_core.shell:Creating prefix chain script '/home/frank/thesis_ws/bms_gui/install/setup.ps1'
[1.619s] INFO:colcon.colcon_core.shell:Creating prefix script '/home/frank/thesis_ws/bms_gui/install/local_setup.sh'
[1.620s] INFO:colcon.colcon_core.shell:Creating prefix util module '/home/frank/thesis_ws/bms_gui/install/_local_setup_util_sh.py'
[1.620s] INFO:colcon.colcon_core.shell:Creating prefix chain script '/home/frank/thesis_ws/bms_gui/install/setup.sh'
[1.637s] INFO:colcon.colcon_core.shell:Creating prefix script '/home/frank/thesis_ws/bms_gui/install/local_setup.bash'
[1.637s] INFO:colcon.colcon_core.shell:Creating prefix chain script '/home/frank/thesis_ws/bms_gui/install/setup.bash'
[1.654s] INFO:colcon.colcon_core.shell:Creating prefix script '/home/frank/thesis_ws/bms_gui/install/local_setup.zsh'
[1.655s] INFO:colcon.colcon_core.shell:Creating prefix chain script '/home/frank/thesis_ws/bms_gui/install/setup.zsh'
