[ 11%] [32mBuilding CXX object CMakeFiles/bms_gui.dir/src/mainwindow.cpp.o[0m
[ 22%] [32mBuilding CXX object CMakeFiles/bms_gui.dir/src/ros2comm.cpp.o[0m
[01m[K/home/frank/thesis_ws/bms_gui/src/src/ros2comm.cpp:[m[K In member function ‘[01m[Kint Ros2Comm::update_battery_state()[m[K’:
[01m[K/home/frank/thesis_ws/bms_gui/src/src/ros2comm.cpp:85:48:[m[K [01;31m[Kerror: [m[Kno match for ‘[01m[Koperator=[m[K’ (operand types are ‘[01m[Ksensor_msgs::msg::BatteryState_<std::allocator<void> >::_cell_voltage_type[m[K’ {aka ‘[01m[Kstd::vector<float>[m[K’} and ‘[01m[Kuint16_t[m[K’ {aka ‘[01m[Kshort unsigned int[m[K’})
   85 |         battery_state.cell_voltage = tab_dest[6[01;31m[K][m[K;
      |                                                [01;31m[K^[m[K
In file included from [01m[K/usr/include/c++/11/vector:72[m[K,
                 from [01m[K/usr/include/c++/11/functional:62[m[K,
                 from [01m[K/usr/include/c++/11/pstl/glue_algorithm_defs.h:13[m[K,
                 from [01m[K/usr/include/c++/11/algorithm:74[m[K,
                 from [01m[K/usr/include/x86_64-linux-gnu/qt5/QtCore/qglobal.h:142[m[K,
                 from [01m[K/usr/include/x86_64-linux-gnu/qt5/QtCore/qnamespace.h:43[m[K,
                 from [01m[K/usr/include/x86_64-linux-gnu/qt5/QtCore/qobjectdefs.h:48[m[K,
                 from [01m[K/usr/include/x86_64-linux-gnu/qt5/QtCore/qobject.h:46[m[K,
                 from [01m[K/usr/include/x86_64-linux-gnu/qt5/QtCore/QObject:1[m[K,
                 from [01m[K/home/frank/thesis_ws/bms_gui/src/include/bms_gui/ros2comm.h:4[m[K,
                 from [01m[K/home/frank/thesis_ws/bms_gui/src/src/ros2comm.cpp:2[m[K:
[01m[K/usr/include/c++/11/bits/vector.tcc:198:5:[m[K [01;36m[Knote: [m[Kcandidate: ‘[01m[Kstd::vector<_Tp, _Alloc>& std::vector<_Tp, _Alloc>::operator=(const std::vector<_Tp, _Alloc>&) [with _Tp = float; _Alloc = std::allocator<float>][m[K’
  198 |     [01;36m[Kvector<_Tp, _Alloc>[m[K::
      |     [01;36m[K^~~~~~~~~~~~~~~~~~~[m[K
[01m[K/usr/include/c++/11/bits/vector.tcc:199:42:[m[K [01;36m[Knote: [m[K  no known conversion for argument 1 from ‘[01m[Kuint16_t[m[K’ {aka ‘[01m[Kshort unsigned int[m[K’} to ‘[01m[Kconst std::vector<float>&[m[K’
  199 |     operator=([01;36m[Kconst vector<_Tp, _Alloc>& __x[m[K)
      |               [01;36m[K~~~~~~~~~~~~~~~~~~~~~~~~~~~^~~[m[K
In file included from [01m[K/usr/include/c++/11/vector:67[m[K,
                 from [01m[K/usr/include/c++/11/functional:62[m[K,
                 from [01m[K/usr/include/c++/11/pstl/glue_algorithm_defs.h:13[m[K,
                 from [01m[K/usr/include/c++/11/algorithm:74[m[K,
                 from [01m[K/usr/include/x86_64-linux-gnu/qt5/QtCore/qglobal.h:142[m[K,
                 from [01m[K/usr/include/x86_64-linux-gnu/qt5/QtCore/qnamespace.h:43[m[K,
                 from [01m[K/usr/include/x86_64-linux-gnu/qt5/QtCore/qobjectdefs.h:48[m[K,
                 from [01m[K/usr/include/x86_64-linux-gnu/qt5/QtCore/qobject.h:46[m[K,
                 from [01m[K/usr/include/x86_64-linux-gnu/qt5/QtCore/QObject:1[m[K,
                 from [01m[K/home/frank/thesis_ws/bms_gui/src/include/bms_gui/ros2comm.h:4[m[K,
                 from [01m[K/home/frank/thesis_ws/bms_gui/src/src/ros2comm.cpp:2[m[K:
[01m[K/usr/include/c++/11/bits/stl_vector.h:709:7:[m[K [01;36m[Knote: [m[Kcandidate: ‘[01m[Kstd::vector<_Tp, _Alloc>& std::vector<_Tp, _Alloc>::operator=(std::vector<_Tp, _Alloc>&&) [with _Tp = float; _Alloc = std::allocator<float>][m[K’
  709 |       [01;36m[Koperator[m[K=(vector&& __x) noexcept(_Alloc_traits::_S_nothrow_move())
      |       [01;36m[K^~~~~~~~[m[K
[01m[K/usr/include/c++/11/bits/stl_vector.h:709:26:[m[K [01;36m[Knote: [m[K  no known conversion for argument 1 from ‘[01m[Kuint16_t[m[K’ {aka ‘[01m[Kshort unsigned int[m[K’} to ‘[01m[Kstd::vector<float>&&[m[K’
  709 |       operator=([01;36m[Kvector&& __x[m[K) noexcept(_Alloc_traits::_S_nothrow_move())
      |                 [01;36m[K~~~~~~~~~^~~[m[K
[01m[K/usr/include/c++/11/bits/stl_vector.h:730:7:[m[K [01;36m[Knote: [m[Kcandidate: ‘[01m[Kstd::vector<_Tp, _Alloc>& std::vector<_Tp, _Alloc>::operator=(std::initializer_list<_Tp>) [with _Tp = float; _Alloc = std::allocator<float>][m[K’
  730 |       [01;36m[Koperator[m[K=(initializer_list<value_type> __l)
      |       [01;36m[K^~~~~~~~[m[K
[01m[K/usr/include/c++/11/bits/stl_vector.h:730:46:[m[K [01;36m[Knote: [m[K  no known conversion for argument 1 from ‘[01m[Kuint16_t[m[K’ {aka ‘[01m[Kshort unsigned int[m[K’} to ‘[01m[Kstd::initializer_list<float>[m[K’
  730 |       operator=([01;36m[Kinitializer_list<value_type> __l[m[K)
      |                 [01;36m[K~~~~~~~~~~~~~~~~~~~~~~~~~~~~~^~~[m[K
gmake[2]: *** [CMakeFiles/bms_gui.dir/build.make:116: CMakeFiles/bms_gui.dir/src/ros2comm.cpp.o] Error 1
gmake[1]: *** [CMakeFiles/Makefile2:137: CMakeFiles/bms_gui.dir/all] Error 2
gmake: *** [Makefile:146: all] Error 2
