[0.057s] Invoking command in '/home/frank/thesis_ws/bms_gui/build/bms_gui': CMAKE_PREFIX_PATH=${CMAKE_PREFIX_PATH}:/opt/ros/humble /usr/bin/cmake --build /home/frank/thesis_ws/bms_gui/build/bms_gui -- -j16 -l16
[0.105s] [ 11%] [32mBuilding CXX object CMakeFiles/bms_gui.dir/src/ros2comm.cpp.o[0m
[4.732s] [ 22%] [32m[1mLinking CXX executable bms_gui[0m
[5.313s] [100%] Built target bms_gui
[5.319s] Invoked command in '/home/frank/thesis_ws/bms_gui/build/bms_gui' returned '0': CMAKE_PREFIX_PATH=${CMAKE_PREFIX_PATH}:/opt/ros/humble /usr/bin/cmake --build /home/frank/thesis_ws/bms_gui/build/bms_gui -- -j16 -l16
[5.362s] Invoking command in '/home/frank/thesis_ws/bms_gui/build/bms_gui': CMAKE_PREFIX_PATH=${CMAKE_PREFIX_PATH}:/opt/ros/humble /usr/bin/cmake --install /home/frank/thesis_ws/bms_gui/build/bms_gui
[5.366s] -- Install configuration: ""
[5.366s] -- Installing: /home/frank/thesis_ws/bms_gui/install/bms_gui/lib/bms_gui/bms_gui
[5.367s] -- Set non-toolchain portion of runtime path of "/home/frank/thesis_ws/bms_gui/install/bms_gui/lib/bms_gui/bms_gui" to ""
[5.367s] -- Up-to-date: /home/frank/thesis_ws/bms_gui/install/bms_gui/share/ament_index/resource_index/package_run_dependencies/bms_gui
[5.367s] -- Up-to-date: /home/frank/thesis_ws/bms_gui/install/bms_gui/share/ament_index/resource_index/parent_prefix_path/bms_gui
[5.367s] -- Up-to-date: /home/frank/thesis_ws/bms_gui/install/bms_gui/share/bms_gui/environment/ament_prefix_path.sh
[5.367s] -- Up-to-date: /home/frank/thesis_ws/bms_gui/install/bms_gui/share/bms_gui/environment/ament_prefix_path.dsv
[5.367s] -- Up-to-date: /home/frank/thesis_ws/bms_gui/install/bms_gui/share/bms_gui/environment/path.sh
[5.367s] -- Up-to-date: /home/frank/thesis_ws/bms_gui/install/bms_gui/share/bms_gui/environment/path.dsv
[5.367s] -- Up-to-date: /home/frank/thesis_ws/bms_gui/install/bms_gui/share/bms_gui/local_setup.bash
[5.367s] -- Up-to-date: /home/frank/thesis_ws/bms_gui/install/bms_gui/share/bms_gui/local_setup.sh
[5.367s] -- Up-to-date: /home/frank/thesis_ws/bms_gui/install/bms_gui/share/bms_gui/local_setup.zsh
[5.368s] -- Up-to-date: /home/frank/thesis_ws/bms_gui/install/bms_gui/share/bms_gui/local_setup.dsv
[5.368s] -- Installing: /home/frank/thesis_ws/bms_gui/install/bms_gui/share/bms_gui/package.dsv
[5.368s] -- Up-to-date: /home/frank/thesis_ws/bms_gui/install/bms_gui/share/ament_index/resource_index/packages/bms_gui
[5.368s] -- Up-to-date: /home/frank/thesis_ws/bms_gui/install/bms_gui/share/bms_gui/cmake/bms_guiConfig.cmake
[5.368s] -- Up-to-date: /home/frank/thesis_ws/bms_gui/install/bms_gui/share/bms_gui/cmake/bms_guiConfig-version.cmake
[5.368s] -- Up-to-date: /home/frank/thesis_ws/bms_gui/install/bms_gui/share/bms_gui/package.xml
[5.369s] Invoked command in '/home/frank/thesis_ws/bms_gui/build/bms_gui' returned '0': CMAKE_PREFIX_PATH=${CMAKE_PREFIX_PATH}:/opt/ros/humble /usr/bin/cmake --install /home/frank/thesis_ws/bms_gui/build/bms_gui
