[0.060s] Invoking command in '/home/frank/thesis_ws/bms_gui/build/bms_gui': CMAKE_PREFIX_PATH=/opt/ros/humble /usr/bin/cmake --build /home/frank/thesis_ws/bms_gui/build/bms_gui -- -j16 -l16
[0.121s] [ 11%] [32mBuilding CXX object CMakeFiles/bms_gui.dir/src/mainwindow.cpp.o[0m
[3.635s] [01m[K/home/frank/thesis_ws/bms_gui/src/src/mainwindow.cpp:[m[K In member function ‘[01m[Kvoid MainWindow::on_progressBar_cell2_valueChanged(int)[m[K’:
[3.635s] [01m[K/home/frank/thesis_ws/bms_gui/src/src/mainwindow.cpp:39:56:[m[K [01;35m[Kwarning: [m[Kunused parameter ‘[01m[Kvalue[m[K’ [[01;35m[K]8;;https://gcc.gnu.org/onlinedocs/gcc/Warning-Options.html#index-Wunused-parameter-Wunused-parameter]8;;[m[K]
[3.635s]    39 | void MainWindow::on_progressBar_cell2_valueChanged([01;35m[Kint value[m[K)
[3.635s]       |                                                    [01;35m[K~~~~^~~~~[m[K
[4.348s] [ 22%] [32m[1mLinking CXX executable bms_gui[0m
[5.083s] [100%] Built target bms_gui
[5.089s] Invoked command in '/home/frank/thesis_ws/bms_gui/build/bms_gui' returned '0': CMAKE_PREFIX_PATH=/opt/ros/humble /usr/bin/cmake --build /home/frank/thesis_ws/bms_gui/build/bms_gui -- -j16 -l16
[5.135s] Invoking command in '/home/frank/thesis_ws/bms_gui/build/bms_gui': CMAKE_PREFIX_PATH=/opt/ros/humble /usr/bin/cmake --install /home/frank/thesis_ws/bms_gui/build/bms_gui
[5.139s] -- Install configuration: ""
[5.140s] -- Installing: /home/frank/thesis_ws/bms_gui/install/bms_gui/lib/bms_gui/bms_gui
[5.141s] -- Set non-toolchain portion of runtime path of "/home/frank/thesis_ws/bms_gui/install/bms_gui/lib/bms_gui/bms_gui" to ""
[5.142s] -- Up-to-date: /home/frank/thesis_ws/bms_gui/install/bms_gui/share/ament_index/resource_index/package_run_dependencies/bms_gui
[5.142s] -- Up-to-date: /home/frank/thesis_ws/bms_gui/install/bms_gui/share/ament_index/resource_index/parent_prefix_path/bms_gui
[5.142s] -- Up-to-date: /home/frank/thesis_ws/bms_gui/install/bms_gui/share/bms_gui/environment/ament_prefix_path.sh
[5.142s] -- Up-to-date: /home/frank/thesis_ws/bms_gui/install/bms_gui/share/bms_gui/environment/ament_prefix_path.dsv
[5.142s] -- Up-to-date: /home/frank/thesis_ws/bms_gui/install/bms_gui/share/bms_gui/environment/path.sh
[5.142s] -- Up-to-date: /home/frank/thesis_ws/bms_gui/install/bms_gui/share/bms_gui/environment/path.dsv
[5.142s] -- Up-to-date: /home/frank/thesis_ws/bms_gui/install/bms_gui/share/bms_gui/local_setup.bash
[5.142s] -- Up-to-date: /home/frank/thesis_ws/bms_gui/install/bms_gui/share/bms_gui/local_setup.sh
[5.142s] -- Up-to-date: /home/frank/thesis_ws/bms_gui/install/bms_gui/share/bms_gui/local_setup.zsh
[5.143s] -- Up-to-date: /home/frank/thesis_ws/bms_gui/install/bms_gui/share/bms_gui/local_setup.dsv
[5.143s] -- Installing: /home/frank/thesis_ws/bms_gui/install/bms_gui/share/bms_gui/package.dsv
[5.143s] -- Up-to-date: /home/frank/thesis_ws/bms_gui/install/bms_gui/share/ament_index/resource_index/packages/bms_gui
[5.143s] -- Up-to-date: /home/frank/thesis_ws/bms_gui/install/bms_gui/share/bms_gui/cmake/bms_guiConfig.cmake
[5.143s] -- Up-to-date: /home/frank/thesis_ws/bms_gui/install/bms_gui/share/bms_gui/cmake/bms_guiConfig-version.cmake
[5.143s] -- Up-to-date: /home/frank/thesis_ws/bms_gui/install/bms_gui/share/bms_gui/package.xml
[5.144s] Invoked command in '/home/frank/thesis_ws/bms_gui/build/bms_gui' returned '0': CMAKE_PREFIX_PATH=/opt/ros/humble /usr/bin/cmake --install /home/frank/thesis_ws/bms_gui/build/bms_gui
