[0.668s] DEBUG:colcon:Command line arguments: ['/home/frank/.local/bin/colcon', 'build']
[0.668s] DEBUG:colcon:Parsed command line arguments: Namespace(log_base=None, log_level=None, verb_name='build', build_base='build', install_base='install', merge_install=False, symlink_install=False, test_result_base=None, continue_on_error=False, executor='parallel', parallel_workers=16, event_handlers=None, ignore_user_meta=False, metas=['./colcon.meta'], base_paths=['.'], packages_ignore=None, packages_ignore_regex=None, paths=None, packages_up_to=None, packages_up_to_regex=None, packages_above=None, packages_above_and_dependencies=None, packages_above_depth=None, packages_select_by_dep=None, packages_skip_by_dep=None, packages_skip_up_to=None, packages_select_build_failed=False, packages_skip_build_finished=False, packages_select_test_failures=False, packages_skip_test_passed=False, packages_select=None, packages_skip=None, packages_select_regex=None, packages_skip_regex=None, packages_start=None, packages_end=None, cmake_args=None, cmake_target=None, cmake_target_skip_unavailable=False, cmake_clean_cache=False, cmake_clean_first=False, cmake_force_configure=False, ament_cmake_args=None, catkin_cmake_args=None, catkin_skip_building_tests=False, verb_parser=<colcon_defaults.argument_parser.defaults.DefaultArgumentsDecorator object at 0x7fcad9fb77f0>, verb_extension=<colcon_core.verb.build.BuildVerb object at 0x7fcada1b6e90>, main=<bound method BuildVerb.main of <colcon_core.verb.build.BuildVerb object at 0x7fcada1b6e90>>)
[0.702s] Level 1:colcon.colcon_core.package_discovery:discover_packages(colcon_meta) check parameters
[0.702s] Level 1:colcon.colcon_core.package_discovery:discover_packages(recursive) check parameters
[0.702s] Level 1:colcon.colcon_core.package_discovery:discover_packages(ignore) check parameters
[0.702s] Level 1:colcon.colcon_core.package_discovery:discover_packages(path) check parameters
[0.702s] Level 1:colcon.colcon_core.package_discovery:discover_packages(colcon_meta) discover
[0.702s] Level 1:colcon.colcon_core.package_discovery:discover_packages(recursive) discover
[0.702s] INFO:colcon.colcon_core.package_discovery:Crawling recursively for packages in '/home/frank/thesis/gui_ws'
[0.702s] Level 1:colcon.colcon_core.package_identification:_identify(.) by extensions ['ignore', 'ignore_ament_install']
[0.702s] Level 1:colcon.colcon_core.package_identification:_identify(.) by extension 'ignore'
[0.702s] Level 1:colcon.colcon_core.package_identification:_identify(.) by extension 'ignore_ament_install'
[0.702s] Level 1:colcon.colcon_core.package_identification:_identify(.) by extensions ['colcon_pkg']
[0.702s] Level 1:colcon.colcon_core.package_identification:_identify(.) by extension 'colcon_pkg'
[0.702s] Level 1:colcon.colcon_core.package_identification:_identify(.) by extensions ['colcon_meta']
[0.702s] Level 1:colcon.colcon_core.package_identification:_identify(.) by extension 'colcon_meta'
[0.702s] Level 1:colcon.colcon_core.package_identification:_identify(.) by extensions ['ros']
[0.702s] Level 1:colcon.colcon_core.package_identification:_identify(.) by extension 'ros'
[0.711s] Level 1:colcon.colcon_core.package_identification:_identify(.) by extensions ['cmake', 'python']
[0.711s] Level 1:colcon.colcon_core.package_identification:_identify(.) by extension 'cmake'
[0.711s] Level 1:colcon.colcon_core.package_identification:_identify(.) by extension 'python'
[0.711s] Level 1:colcon.colcon_core.package_identification:_identify(.) by extensions ['python_setup_py']
[0.711s] Level 1:colcon.colcon_core.package_identification:_identify(.) by extension 'python_setup_py'
[0.711s] Level 1:colcon.colcon_core.package_identification:_identify(build) by extensions ['ignore', 'ignore_ament_install']
[0.711s] Level 1:colcon.colcon_core.package_identification:_identify(build) by extension 'ignore'
[0.711s] Level 1:colcon.colcon_core.package_identification:_identify(build) ignored
[0.711s] Level 1:colcon.colcon_core.package_identification:_identify(install) by extensions ['ignore', 'ignore_ament_install']
[0.711s] Level 1:colcon.colcon_core.package_identification:_identify(install) by extension 'ignore'
[0.711s] Level 1:colcon.colcon_core.package_identification:_identify(install) ignored
[0.711s] Level 1:colcon.colcon_core.package_identification:_identify(log) by extensions ['ignore', 'ignore_ament_install']
[0.711s] Level 1:colcon.colcon_core.package_identification:_identify(log) by extension 'ignore'
[0.711s] Level 1:colcon.colcon_core.package_identification:_identify(log) ignored
[0.711s] Level 1:colcon.colcon_core.package_identification:_identify(src) by extensions ['ignore', 'ignore_ament_install']
[0.711s] Level 1:colcon.colcon_core.package_identification:_identify(src) by extension 'ignore'
[0.712s] Level 1:colcon.colcon_core.package_identification:_identify(src) by extension 'ignore_ament_install'
[0.712s] Level 1:colcon.colcon_core.package_identification:_identify(src) by extensions ['colcon_pkg']
[0.712s] Level 1:colcon.colcon_core.package_identification:_identify(src) by extension 'colcon_pkg'
[0.712s] Level 1:colcon.colcon_core.package_identification:_identify(src) by extensions ['colcon_meta']
[0.712s] Level 1:colcon.colcon_core.package_identification:_identify(src) by extension 'colcon_meta'
[0.712s] Level 1:colcon.colcon_core.package_identification:_identify(src) by extensions ['ros']
[0.712s] Level 1:colcon.colcon_core.package_identification:_identify(src) by extension 'ros'
[0.712s] Level 1:colcon.colcon_core.package_identification:_identify(src) by extensions ['cmake', 'python']
[0.712s] Level 1:colcon.colcon_core.package_identification:_identify(src) by extension 'cmake'
[0.712s] Level 1:colcon.colcon_core.package_identification:_identify(src) by extension 'python'
[0.712s] Level 1:colcon.colcon_core.package_identification:_identify(src) by extensions ['python_setup_py']
[0.712s] Level 1:colcon.colcon_core.package_identification:_identify(src) by extension 'python_setup_py'
[0.712s] Level 1:colcon.colcon_core.package_identification:_identify(src/bms_gui) by extensions ['ignore', 'ignore_ament_install']
[0.712s] Level 1:colcon.colcon_core.package_identification:_identify(src/bms_gui) by extension 'ignore'
[0.712s] Level 1:colcon.colcon_core.package_identification:_identify(src/bms_gui) by extension 'ignore_ament_install'
[0.712s] Level 1:colcon.colcon_core.package_identification:_identify(src/bms_gui) by extensions ['colcon_pkg']
[0.712s] Level 1:colcon.colcon_core.package_identification:_identify(src/bms_gui) by extension 'colcon_pkg'
[0.712s] Level 1:colcon.colcon_core.package_identification:_identify(src/bms_gui) by extensions ['colcon_meta']
[0.712s] Level 1:colcon.colcon_core.package_identification:_identify(src/bms_gui) by extension 'colcon_meta'
[0.712s] Level 1:colcon.colcon_core.package_identification:_identify(src/bms_gui) by extensions ['ros']
[0.712s] Level 1:colcon.colcon_core.package_identification:_identify(src/bms_gui) by extension 'ros'
[0.714s] DEBUG:colcon.colcon_core.package_identification:Package 'src/bms_gui' with type 'ros.ament_cmake' and name 'bms_gui'
[0.714s] Level 1:colcon.colcon_core.package_discovery:discover_packages(recursive) using defaults
[0.714s] Level 1:colcon.colcon_core.package_discovery:discover_packages(ignore) discover
[0.714s] Level 1:colcon.colcon_core.package_discovery:discover_packages(ignore) using defaults
[0.714s] Level 1:colcon.colcon_core.package_discovery:discover_packages(path) discover
[0.714s] Level 1:colcon.colcon_core.package_discovery:discover_packages(path) using defaults
[0.760s] Level 5:colcon.colcon_core.verb:set package 'bms_gui' build argument 'cmake_args' from command line to 'None'
[0.760s] Level 5:colcon.colcon_core.verb:set package 'bms_gui' build argument 'cmake_target' from command line to 'None'
[0.760s] Level 5:colcon.colcon_core.verb:set package 'bms_gui' build argument 'cmake_target_skip_unavailable' from command line to 'False'
[0.760s] Level 5:colcon.colcon_core.verb:set package 'bms_gui' build argument 'cmake_clean_cache' from command line to 'False'
[0.760s] Level 5:colcon.colcon_core.verb:set package 'bms_gui' build argument 'cmake_clean_first' from command line to 'False'
[0.760s] Level 5:colcon.colcon_core.verb:set package 'bms_gui' build argument 'cmake_force_configure' from command line to 'False'
[0.760s] Level 5:colcon.colcon_core.verb:set package 'bms_gui' build argument 'ament_cmake_args' from command line to 'None'
[0.760s] Level 5:colcon.colcon_core.verb:set package 'bms_gui' build argument 'catkin_cmake_args' from command line to 'None'
[0.760s] Level 5:colcon.colcon_core.verb:set package 'bms_gui' build argument 'catkin_skip_building_tests' from command line to 'False'
[0.760s] DEBUG:colcon.colcon_core.verb:Building package 'bms_gui' with the following arguments: {'ament_cmake_args': None, 'build_base': '/home/frank/thesis/gui_ws/build/bms_gui', 'catkin_cmake_args': None, 'catkin_skip_building_tests': False, 'cmake_args': None, 'cmake_clean_cache': False, 'cmake_clean_first': False, 'cmake_force_configure': False, 'cmake_target': None, 'cmake_target_skip_unavailable': False, 'install_base': '/home/frank/thesis/gui_ws/install/bms_gui', 'merge_install': False, 'path': '/home/frank/thesis/gui_ws/src/bms_gui', 'symlink_install': False, 'test_result_base': None}
[0.768s] INFO:colcon.colcon_core.executor:Executing jobs using 'parallel' executor
[0.777s] DEBUG:colcon.colcon_parallel_executor.executor.parallel:run_until_complete
[0.777s] INFO:colcon.colcon_ros.task.ament_cmake.build:Building ROS package in '/home/frank/thesis/gui_ws/src/bms_gui' with build type 'ament_cmake'
[0.777s] INFO:colcon.colcon_cmake.task.cmake.build:Building CMake package in '/home/frank/thesis/gui_ws/src/bms_gui'
[0.787s] INFO:colcon.colcon_core.plugin_system:Skipping extension 'colcon_core.shell.bat': Not used on non-Windows systems
[0.787s] INFO:colcon.colcon_core.shell:Skip shell extension 'powershell' for command environment: Not usable outside of PowerShell
[0.787s] DEBUG:colcon.colcon_core.shell:Skip shell extension 'dsv' for command environment
[0.812s] DEBUG:colcon.colcon_core.event_handler.log_command:Invoking command in '/home/frank/thesis/gui_ws/build/bms_gui': CMAKE_PREFIX_PATH=/opt/ros/humble /usr/bin/cmake --build /home/frank/thesis/gui_ws/build/bms_gui -- -j16 -l16
[6.448s] DEBUG:colcon.colcon_core.event_handler.log_command:Invoked command in '/home/frank/thesis/gui_ws/build/bms_gui' returned '0': CMAKE_PREFIX_PATH=/opt/ros/humble /usr/bin/cmake --build /home/frank/thesis/gui_ws/build/bms_gui -- -j16 -l16
[6.470s] DEBUG:colcon.colcon_core.event_handler.log_command:Invoking command in '/home/frank/thesis/gui_ws/build/bms_gui': CMAKE_PREFIX_PATH=/opt/ros/humble /usr/bin/cmake --install /home/frank/thesis/gui_ws/build/bms_gui
[6.476s] Level 1:colcon.colcon_core.environment:create_environment_scripts_only(bms_gui)
[6.476s] DEBUG:colcon.colcon_core.event_handler.log_command:Invoked command in '/home/frank/thesis/gui_ws/build/bms_gui' returned '0': CMAKE_PREFIX_PATH=/opt/ros/humble /usr/bin/cmake --install /home/frank/thesis/gui_ws/build/bms_gui
[6.487s] Level 1:colcon.colcon_core.environment:checking '/home/frank/thesis/gui_ws/install/bms_gui' for CMake module files
[6.487s] Level 1:colcon.colcon_core.environment:checking '/home/frank/thesis/gui_ws/install/bms_gui' for CMake config files
[6.487s] Level 1:colcon.colcon_core.shell:create_environment_hook('bms_gui', 'cmake_prefix_path')
[6.496s] INFO:colcon.colcon_core.shell:Creating environment hook '/home/frank/thesis/gui_ws/install/bms_gui/share/bms_gui/hook/cmake_prefix_path.ps1'
[6.497s] INFO:colcon.colcon_core.shell:Creating environment descriptor '/home/frank/thesis/gui_ws/install/bms_gui/share/bms_gui/hook/cmake_prefix_path.dsv'
[6.497s] INFO:colcon.colcon_core.shell:Creating environment hook '/home/frank/thesis/gui_ws/install/bms_gui/share/bms_gui/hook/cmake_prefix_path.sh'
[6.497s] Level 1:colcon.colcon_core.environment:checking '/home/frank/thesis/gui_ws/install/bms_gui/lib'
[6.498s] Level 1:colcon.colcon_core.environment:checking '/home/frank/thesis/gui_ws/install/bms_gui/bin'
[6.498s] Level 1:colcon.colcon_core.environment:checking '/home/frank/thesis/gui_ws/install/bms_gui/lib/pkgconfig/bms_gui.pc'
[6.499s] Level 1:colcon.colcon_core.environment:checking '/home/frank/thesis/gui_ws/install/bms_gui/lib/python3.10/site-packages'
[6.499s] Level 1:colcon.colcon_core.environment:checking '/home/frank/thesis/gui_ws/install/bms_gui/bin'
[6.507s] INFO:colcon.colcon_core.shell:Creating package script '/home/frank/thesis/gui_ws/install/bms_gui/share/bms_gui/package.ps1'
[6.508s] INFO:colcon.colcon_core.shell:Creating package descriptor '/home/frank/thesis/gui_ws/install/bms_gui/share/bms_gui/package.dsv'
[6.508s] INFO:colcon.colcon_core.shell:Creating package script '/home/frank/thesis/gui_ws/install/bms_gui/share/bms_gui/package.sh'
[6.508s] INFO:colcon.colcon_core.shell:Creating package script '/home/frank/thesis/gui_ws/install/bms_gui/share/bms_gui/package.bash'
[6.509s] INFO:colcon.colcon_core.shell:Creating package script '/home/frank/thesis/gui_ws/install/bms_gui/share/bms_gui/package.zsh'
[6.509s] Level 1:colcon.colcon_core.environment:create_file_with_runtime_dependencies(/home/frank/thesis/gui_ws/install/bms_gui/share/colcon-core/packages/bms_gui)
[6.544s] Level 1:colcon.colcon_core.environment:create_environment_scripts_only(bms_gui)
[6.556s] Level 1:colcon.colcon_core.environment:checking '/home/frank/thesis/gui_ws/install/bms_gui' for CMake module files
[6.557s] Level 1:colcon.colcon_core.environment:checking '/home/frank/thesis/gui_ws/install/bms_gui' for CMake config files
[6.557s] Level 1:colcon.colcon_core.shell:create_environment_hook('bms_gui', 'cmake_prefix_path')
[6.569s] INFO:colcon.colcon_core.shell:Creating environment hook '/home/frank/thesis/gui_ws/install/bms_gui/share/bms_gui/hook/cmake_prefix_path.ps1'
[6.570s] INFO:colcon.colcon_core.shell:Creating environment descriptor '/home/frank/thesis/gui_ws/install/bms_gui/share/bms_gui/hook/cmake_prefix_path.dsv'
[6.570s] INFO:colcon.colcon_core.shell:Creating environment hook '/home/frank/thesis/gui_ws/install/bms_gui/share/bms_gui/hook/cmake_prefix_path.sh'
[6.571s] Level 1:colcon.colcon_core.environment:checking '/home/frank/thesis/gui_ws/install/bms_gui/lib'
[6.571s] Level 1:colcon.colcon_core.environment:checking '/home/frank/thesis/gui_ws/install/bms_gui/bin'
[6.571s] Level 1:colcon.colcon_core.environment:checking '/home/frank/thesis/gui_ws/install/bms_gui/lib/pkgconfig/bms_gui.pc'
[6.571s] Level 1:colcon.colcon_core.environment:checking '/home/frank/thesis/gui_ws/install/bms_gui/lib/python3.10/site-packages'
[6.571s] Level 1:colcon.colcon_core.environment:checking '/home/frank/thesis/gui_ws/install/bms_gui/bin'
[6.583s] INFO:colcon.colcon_core.shell:Creating package script '/home/frank/thesis/gui_ws/install/bms_gui/share/bms_gui/package.ps1'
[6.584s] INFO:colcon.colcon_core.shell:Creating package descriptor '/home/frank/thesis/gui_ws/install/bms_gui/share/bms_gui/package.dsv'
[6.584s] INFO:colcon.colcon_core.shell:Creating package script '/home/frank/thesis/gui_ws/install/bms_gui/share/bms_gui/package.sh'
[6.584s] INFO:colcon.colcon_core.shell:Creating package script '/home/frank/thesis/gui_ws/install/bms_gui/share/bms_gui/package.bash'
[6.584s] INFO:colcon.colcon_core.shell:Creating package script '/home/frank/thesis/gui_ws/install/bms_gui/share/bms_gui/package.zsh'
[6.585s] Level 1:colcon.colcon_core.environment:create_file_with_runtime_dependencies(/home/frank/thesis/gui_ws/install/bms_gui/share/colcon-core/packages/bms_gui)
[6.585s] DEBUG:colcon.colcon_parallel_executor.executor.parallel:closing loop
[6.585s] DEBUG:colcon.colcon_parallel_executor.executor.parallel:loop closed
[6.585s] DEBUG:colcon.colcon_parallel_executor.executor.parallel:run_until_complete finished with '0'
[6.585s] DEBUG:colcon.colcon_core.event_reactor:joining thread
[6.598s] INFO:colcon.colcon_core.plugin_system:Skipping extension 'colcon_notification.desktop_notification.terminal_notifier': Not used on non-Darwin systems
[6.598s] INFO:colcon.colcon_core.plugin_system:Skipping extension 'colcon_notification.desktop_notification.win32': Not used on non-Windows systems
[6.598s] INFO:colcon.colcon_notification.desktop_notification:Sending desktop notification using 'notify2'
[6.607s] DEBUG:colcon.colcon_core.event_reactor:joined thread
[6.616s] INFO:colcon.colcon_core.shell:Creating prefix script '/home/frank/thesis/gui_ws/install/local_setup.ps1'
[6.619s] INFO:colcon.colcon_core.shell:Creating prefix util module '/home/frank/thesis/gui_ws/install/_local_setup_util_ps1.py'
[6.620s] INFO:colcon.colcon_core.shell:Creating prefix chain script '/home/frank/thesis/gui_ws/install/setup.ps1'
[6.635s] INFO:colcon.colcon_core.shell:Creating prefix script '/home/frank/thesis/gui_ws/install/local_setup.sh'
[6.635s] INFO:colcon.colcon_core.shell:Creating prefix util module '/home/frank/thesis/gui_ws/install/_local_setup_util_sh.py'
[6.635s] INFO:colcon.colcon_core.shell:Creating prefix chain script '/home/frank/thesis/gui_ws/install/setup.sh'
[6.646s] INFO:colcon.colcon_core.shell:Creating prefix script '/home/frank/thesis/gui_ws/install/local_setup.bash'
[6.646s] INFO:colcon.colcon_core.shell:Creating prefix chain script '/home/frank/thesis/gui_ws/install/setup.bash'
[6.658s] INFO:colcon.colcon_core.shell:Creating prefix script '/home/frank/thesis/gui_ws/install/local_setup.zsh'
[6.659s] INFO:colcon.colcon_core.shell:Creating prefix chain script '/home/frank/thesis/gui_ws/install/setup.zsh'
