[0.807s] DEBUG:colcon:Command line arguments: ['/home/frank/.local/bin/colcon', 'build']
[0.807s] DEBUG:colcon:Parsed command line arguments: Namespace(log_base=None, log_level=None, verb_name='build', build_base='build', install_base='install', merge_install=False, symlink_install=False, test_result_base=None, continue_on_error=False, executor='parallel', parallel_workers=16, event_handlers=None, ignore_user_meta=False, metas=['./colcon.meta'], base_paths=['.'], packages_ignore=None, packages_ignore_regex=None, paths=None, packages_up_to=None, packages_up_to_regex=None, packages_above=None, packages_above_and_dependencies=None, packages_above_depth=None, packages_select_by_dep=None, packages_skip_by_dep=None, packages_skip_up_to=None, packages_select_build_failed=False, packages_skip_build_finished=False, packages_select_test_failures=False, packages_skip_test_passed=False, packages_select=None, packages_skip=None, packages_select_regex=None, packages_skip_regex=None, packages_start=None, packages_end=None, cmake_args=None, cmake_target=None, cmake_target_skip_unavailable=False, cmake_clean_cache=False, cmake_clean_first=False, cmake_force_configure=False, ament_cmake_args=None, catkin_cmake_args=None, catkin_skip_building_tests=False, verb_parser=<colcon_defaults.argument_parser.defaults.DefaultArgumentsDecorator object at 0x77ca67a983d0>, verb_extension=<colcon_core.verb.build.BuildVerb object at 0x77ca67eb7850>, main=<bound method BuildVerb.main of <colcon_core.verb.build.BuildVerb object at 0x77ca67eb7850>>)
[0.845s] Level 1:colcon.colcon_core.package_discovery:discover_packages(colcon_meta) check parameters
[0.846s] Level 1:colcon.colcon_core.package_discovery:discover_packages(recursive) check parameters
[0.846s] Level 1:colcon.colcon_core.package_discovery:discover_packages(ignore) check parameters
[0.846s] Level 1:colcon.colcon_core.package_discovery:discover_packages(path) check parameters
[0.846s] Level 1:colcon.colcon_core.package_discovery:discover_packages(colcon_meta) discover
[0.846s] Level 1:colcon.colcon_core.package_discovery:discover_packages(recursive) discover
[0.846s] INFO:colcon.colcon_core.package_discovery:Crawling recursively for packages in '/home/frank/thesis_ws/bms_gui'
[0.846s] Level 1:colcon.colcon_core.package_identification:_identify(.) by extensions ['ignore', 'ignore_ament_install']
[0.846s] Level 1:colcon.colcon_core.package_identification:_identify(.) by extension 'ignore'
[0.846s] Level 1:colcon.colcon_core.package_identification:_identify(.) by extension 'ignore_ament_install'
[0.846s] Level 1:colcon.colcon_core.package_identification:_identify(.) by extensions ['colcon_pkg']
[0.846s] Level 1:colcon.colcon_core.package_identification:_identify(.) by extension 'colcon_pkg'
[0.846s] Level 1:colcon.colcon_core.package_identification:_identify(.) by extensions ['colcon_meta']
[0.846s] Level 1:colcon.colcon_core.package_identification:_identify(.) by extension 'colcon_meta'
[0.846s] Level 1:colcon.colcon_core.package_identification:_identify(.) by extensions ['ros']
[0.846s] Level 1:colcon.colcon_core.package_identification:_identify(.) by extension 'ros'
[0.857s] Level 1:colcon.colcon_core.package_identification:_identify(.) by extensions ['cmake', 'python']
[0.857s] Level 1:colcon.colcon_core.package_identification:_identify(.) by extension 'cmake'
[0.857s] Level 1:colcon.colcon_core.package_identification:_identify(.) by extension 'python'
[0.857s] Level 1:colcon.colcon_core.package_identification:_identify(.) by extensions ['python_setup_py']
[0.857s] Level 1:colcon.colcon_core.package_identification:_identify(.) by extension 'python_setup_py'
[0.857s] Level 1:colcon.colcon_core.package_identification:_identify(build) by extensions ['ignore', 'ignore_ament_install']
[0.857s] Level 1:colcon.colcon_core.package_identification:_identify(build) by extension 'ignore'
[0.857s] Level 1:colcon.colcon_core.package_identification:_identify(build) ignored
[0.857s] Level 1:colcon.colcon_core.package_identification:_identify(install) by extensions ['ignore', 'ignore_ament_install']
[0.857s] Level 1:colcon.colcon_core.package_identification:_identify(install) by extension 'ignore'
[0.857s] Level 1:colcon.colcon_core.package_identification:_identify(install) ignored
[0.858s] Level 1:colcon.colcon_core.package_identification:_identify(log) by extensions ['ignore', 'ignore_ament_install']
[0.858s] Level 1:colcon.colcon_core.package_identification:_identify(log) by extension 'ignore'
[0.858s] Level 1:colcon.colcon_core.package_identification:_identify(log) ignored
[0.858s] Level 1:colcon.colcon_core.package_identification:_identify(src) by extensions ['ignore', 'ignore_ament_install']
[0.858s] Level 1:colcon.colcon_core.package_identification:_identify(src) by extension 'ignore'
[0.858s] Level 1:colcon.colcon_core.package_identification:_identify(src) by extension 'ignore_ament_install'
[0.858s] Level 1:colcon.colcon_core.package_identification:_identify(src) by extensions ['colcon_pkg']
[0.858s] Level 1:colcon.colcon_core.package_identification:_identify(src) by extension 'colcon_pkg'
[0.858s] Level 1:colcon.colcon_core.package_identification:_identify(src) by extensions ['colcon_meta']
[0.858s] Level 1:colcon.colcon_core.package_identification:_identify(src) by extension 'colcon_meta'
[0.858s] Level 1:colcon.colcon_core.package_identification:_identify(src) by extensions ['ros']
[0.858s] Level 1:colcon.colcon_core.package_identification:_identify(src) by extension 'ros'
[0.860s] DEBUG:colcon.colcon_core.package_identification:Package 'src' with type 'ros.ament_cmake' and name 'bms_gui'
[0.860s] Level 1:colcon.colcon_core.package_discovery:discover_packages(recursive) using defaults
[0.860s] Level 1:colcon.colcon_core.package_discovery:discover_packages(ignore) discover
[0.860s] Level 1:colcon.colcon_core.package_discovery:discover_packages(ignore) using defaults
[0.860s] Level 1:colcon.colcon_core.package_discovery:discover_packages(path) discover
[0.860s] Level 1:colcon.colcon_core.package_discovery:discover_packages(path) using defaults
[0.924s] Level 5:colcon.colcon_core.verb:set package 'bms_gui' build argument 'cmake_args' from command line to 'None'
[0.924s] Level 5:colcon.colcon_core.verb:set package 'bms_gui' build argument 'cmake_target' from command line to 'None'
[0.924s] Level 5:colcon.colcon_core.verb:set package 'bms_gui' build argument 'cmake_target_skip_unavailable' from command line to 'False'
[0.924s] Level 5:colcon.colcon_core.verb:set package 'bms_gui' build argument 'cmake_clean_cache' from command line to 'False'
[0.924s] Level 5:colcon.colcon_core.verb:set package 'bms_gui' build argument 'cmake_clean_first' from command line to 'False'
[0.924s] Level 5:colcon.colcon_core.verb:set package 'bms_gui' build argument 'cmake_force_configure' from command line to 'False'
[0.924s] Level 5:colcon.colcon_core.verb:set package 'bms_gui' build argument 'ament_cmake_args' from command line to 'None'
[0.924s] Level 5:colcon.colcon_core.verb:set package 'bms_gui' build argument 'catkin_cmake_args' from command line to 'None'
[0.924s] Level 5:colcon.colcon_core.verb:set package 'bms_gui' build argument 'catkin_skip_building_tests' from command line to 'False'
[0.924s] DEBUG:colcon.colcon_core.verb:Building package 'bms_gui' with the following arguments: {'ament_cmake_args': None, 'build_base': '/home/frank/thesis_ws/bms_gui/build/bms_gui', 'catkin_cmake_args': None, 'catkin_skip_building_tests': False, 'cmake_args': None, 'cmake_clean_cache': False, 'cmake_clean_first': False, 'cmake_force_configure': False, 'cmake_target': None, 'cmake_target_skip_unavailable': False, 'install_base': '/home/frank/thesis_ws/bms_gui/install/bms_gui', 'merge_install': False, 'path': '/home/frank/thesis_ws/bms_gui/src', 'symlink_install': False, 'test_result_base': None}
[0.936s] INFO:colcon.colcon_core.executor:Executing jobs using 'parallel' executor
[0.948s] DEBUG:colcon.colcon_parallel_executor.executor.parallel:run_until_complete
[0.948s] INFO:colcon.colcon_ros.task.ament_cmake.build:Building ROS package in '/home/frank/thesis_ws/bms_gui/src' with build type 'ament_cmake'
[0.948s] INFO:colcon.colcon_cmake.task.cmake.build:Building CMake package in '/home/frank/thesis_ws/bms_gui/src'
[0.968s] INFO:colcon.colcon_core.plugin_system:Skipping extension 'colcon_core.shell.bat': Not used on non-Windows systems
[0.968s] INFO:colcon.colcon_core.shell:Skip shell extension 'powershell' for command environment: Not usable outside of PowerShell
[0.969s] DEBUG:colcon.colcon_core.shell:Skip shell extension 'dsv' for command environment
[1.013s] DEBUG:colcon.colcon_core.event_handler.log_command:Invoking command in '/home/frank/thesis_ws/bms_gui/build/bms_gui': CMAKE_PREFIX_PATH=/opt/ros/humble /usr/bin/cmake --build /home/frank/thesis_ws/bms_gui/build/bms_gui -- -j16 -l16
[7.253s] DEBUG:colcon.colcon_core.event_handler.log_command:Invoked command in '/home/frank/thesis_ws/bms_gui/build/bms_gui' returned '0': CMAKE_PREFIX_PATH=/opt/ros/humble /usr/bin/cmake --build /home/frank/thesis_ws/bms_gui/build/bms_gui -- -j16 -l16
[7.298s] DEBUG:colcon.colcon_core.event_handler.log_command:Invoking command in '/home/frank/thesis_ws/bms_gui/build/bms_gui': CMAKE_PREFIX_PATH=/opt/ros/humble /usr/bin/cmake --install /home/frank/thesis_ws/bms_gui/build/bms_gui
[7.305s] Level 1:colcon.colcon_core.environment:create_environment_scripts_only(bms_gui)
[7.306s] DEBUG:colcon.colcon_core.event_handler.log_command:Invoked command in '/home/frank/thesis_ws/bms_gui/build/bms_gui' returned '0': CMAKE_PREFIX_PATH=/opt/ros/humble /usr/bin/cmake --install /home/frank/thesis_ws/bms_gui/build/bms_gui
[7.322s] Level 1:colcon.colcon_core.environment:checking '/home/frank/thesis_ws/bms_gui/install/bms_gui' for CMake module files
[7.322s] Level 1:colcon.colcon_core.environment:checking '/home/frank/thesis_ws/bms_gui/install/bms_gui' for CMake config files
[7.323s] Level 1:colcon.colcon_core.shell:create_environment_hook('bms_gui', 'cmake_prefix_path')
[7.344s] INFO:colcon.colcon_core.shell:Creating environment hook '/home/frank/thesis_ws/bms_gui/install/bms_gui/share/bms_gui/hook/cmake_prefix_path.ps1'
[7.345s] INFO:colcon.colcon_core.shell:Creating environment descriptor '/home/frank/thesis_ws/bms_gui/install/bms_gui/share/bms_gui/hook/cmake_prefix_path.dsv'
[7.345s] INFO:colcon.colcon_core.shell:Creating environment hook '/home/frank/thesis_ws/bms_gui/install/bms_gui/share/bms_gui/hook/cmake_prefix_path.sh'
[7.347s] Level 1:colcon.colcon_core.environment:checking '/home/frank/thesis_ws/bms_gui/install/bms_gui/lib'
[7.347s] Level 1:colcon.colcon_core.environment:checking '/home/frank/thesis_ws/bms_gui/install/bms_gui/bin'
[7.347s] Level 1:colcon.colcon_core.environment:checking '/home/frank/thesis_ws/bms_gui/install/bms_gui/lib/pkgconfig/bms_gui.pc'
[7.349s] Level 1:colcon.colcon_core.environment:checking '/home/frank/thesis_ws/bms_gui/install/bms_gui/lib/python3.10/site-packages'
[7.349s] Level 1:colcon.colcon_core.environment:checking '/home/frank/thesis_ws/bms_gui/install/bms_gui/bin'
[7.372s] INFO:colcon.colcon_core.shell:Creating package script '/home/frank/thesis_ws/bms_gui/install/bms_gui/share/bms_gui/package.ps1'
[7.373s] INFO:colcon.colcon_core.shell:Creating package descriptor '/home/frank/thesis_ws/bms_gui/install/bms_gui/share/bms_gui/package.dsv'
[7.374s] INFO:colcon.colcon_core.shell:Creating package script '/home/frank/thesis_ws/bms_gui/install/bms_gui/share/bms_gui/package.sh'
[7.375s] INFO:colcon.colcon_core.shell:Creating package script '/home/frank/thesis_ws/bms_gui/install/bms_gui/share/bms_gui/package.bash'
[7.376s] INFO:colcon.colcon_core.shell:Creating package script '/home/frank/thesis_ws/bms_gui/install/bms_gui/share/bms_gui/package.zsh'
[7.377s] Level 1:colcon.colcon_core.environment:create_file_with_runtime_dependencies(/home/frank/thesis_ws/bms_gui/install/bms_gui/share/colcon-core/packages/bms_gui)
[7.443s] Level 1:colcon.colcon_core.environment:create_environment_scripts_only(bms_gui)
[7.465s] Level 1:colcon.colcon_core.environment:checking '/home/frank/thesis_ws/bms_gui/install/bms_gui' for CMake module files
[7.466s] Level 1:colcon.colcon_core.environment:checking '/home/frank/thesis_ws/bms_gui/install/bms_gui' for CMake config files
[7.466s] Level 1:colcon.colcon_core.shell:create_environment_hook('bms_gui', 'cmake_prefix_path')
[7.481s] INFO:colcon.colcon_core.shell:Creating environment hook '/home/frank/thesis_ws/bms_gui/install/bms_gui/share/bms_gui/hook/cmake_prefix_path.ps1'
[7.481s] INFO:colcon.colcon_core.shell:Creating environment descriptor '/home/frank/thesis_ws/bms_gui/install/bms_gui/share/bms_gui/hook/cmake_prefix_path.dsv'
[7.482s] INFO:colcon.colcon_core.shell:Creating environment hook '/home/frank/thesis_ws/bms_gui/install/bms_gui/share/bms_gui/hook/cmake_prefix_path.sh'
[7.482s] Level 1:colcon.colcon_core.environment:checking '/home/frank/thesis_ws/bms_gui/install/bms_gui/lib'
[7.482s] Level 1:colcon.colcon_core.environment:checking '/home/frank/thesis_ws/bms_gui/install/bms_gui/bin'
[7.482s] Level 1:colcon.colcon_core.environment:checking '/home/frank/thesis_ws/bms_gui/install/bms_gui/lib/pkgconfig/bms_gui.pc'
[7.483s] Level 1:colcon.colcon_core.environment:checking '/home/frank/thesis_ws/bms_gui/install/bms_gui/lib/python3.10/site-packages'
[7.483s] Level 1:colcon.colcon_core.environment:checking '/home/frank/thesis_ws/bms_gui/install/bms_gui/bin'
[7.499s] INFO:colcon.colcon_core.shell:Creating package script '/home/frank/thesis_ws/bms_gui/install/bms_gui/share/bms_gui/package.ps1'
[7.499s] INFO:colcon.colcon_core.shell:Creating package descriptor '/home/frank/thesis_ws/bms_gui/install/bms_gui/share/bms_gui/package.dsv'
[7.500s] INFO:colcon.colcon_core.shell:Creating package script '/home/frank/thesis_ws/bms_gui/install/bms_gui/share/bms_gui/package.sh'
[7.500s] INFO:colcon.colcon_core.shell:Creating package script '/home/frank/thesis_ws/bms_gui/install/bms_gui/share/bms_gui/package.bash'
[7.501s] INFO:colcon.colcon_core.shell:Creating package script '/home/frank/thesis_ws/bms_gui/install/bms_gui/share/bms_gui/package.zsh'
[7.501s] Level 1:colcon.colcon_core.environment:create_file_with_runtime_dependencies(/home/frank/thesis_ws/bms_gui/install/bms_gui/share/colcon-core/packages/bms_gui)
[7.501s] DEBUG:colcon.colcon_parallel_executor.executor.parallel:closing loop
[7.502s] DEBUG:colcon.colcon_parallel_executor.executor.parallel:loop closed
[7.502s] DEBUG:colcon.colcon_parallel_executor.executor.parallel:run_until_complete finished with '0'
[7.502s] DEBUG:colcon.colcon_core.event_reactor:joining thread
[7.524s] INFO:colcon.colcon_core.plugin_system:Skipping extension 'colcon_notification.desktop_notification.terminal_notifier': Not used on non-Darwin systems
[7.524s] INFO:colcon.colcon_core.plugin_system:Skipping extension 'colcon_notification.desktop_notification.win32': Not used on non-Windows systems
[7.524s] INFO:colcon.colcon_notification.desktop_notification:Sending desktop notification using 'notify2'
[7.540s] DEBUG:colcon.colcon_core.event_reactor:joined thread
[7.567s] INFO:colcon.colcon_core.shell:Creating prefix script '/home/frank/thesis_ws/bms_gui/install/local_setup.ps1'
[7.569s] INFO:colcon.colcon_core.shell:Creating prefix util module '/home/frank/thesis_ws/bms_gui/install/_local_setup_util_ps1.py'
[7.570s] INFO:colcon.colcon_core.shell:Creating prefix chain script '/home/frank/thesis_ws/bms_gui/install/setup.ps1'
[7.584s] INFO:colcon.colcon_core.shell:Creating prefix script '/home/frank/thesis_ws/bms_gui/install/local_setup.sh'
[7.584s] INFO:colcon.colcon_core.shell:Creating prefix util module '/home/frank/thesis_ws/bms_gui/install/_local_setup_util_sh.py'
[7.585s] INFO:colcon.colcon_core.shell:Creating prefix chain script '/home/frank/thesis_ws/bms_gui/install/setup.sh'
[7.599s] INFO:colcon.colcon_core.shell:Creating prefix script '/home/frank/thesis_ws/bms_gui/install/local_setup.bash'
[7.599s] INFO:colcon.colcon_core.shell:Creating prefix chain script '/home/frank/thesis_ws/bms_gui/install/setup.bash'
[7.612s] INFO:colcon.colcon_core.shell:Creating prefix script '/home/frank/thesis_ws/bms_gui/install/local_setup.zsh'
[7.613s] INFO:colcon.colcon_core.shell:Creating prefix chain script '/home/frank/thesis_ws/bms_gui/install/setup.zsh'
