[0.033s] Invoking command in '/home/frank/thesis/gui_ws/build/bms_gui': CMAKE_PREFIX_PATH=/opt/ros/humble /usr/bin/cmake --build /home/frank/thesis/gui_ws/build/bms_gui -- -j16 -l16
[0.073s] [ 11%] [32mBuilding CXX object CMakeFiles/bms_gui.dir/src/ros2comm.cpp.o[0m
[3.611s] [ 22%] [32m[1mLinking CXX executable bms_gui[0m
[4.016s] [100%] Built target bms_gui
[4.022s] Invoked command in '/home/frank/thesis/gui_ws/build/bms_gui' returned '0': CMAKE_PREFIX_PATH=/opt/ros/humble /usr/bin/cmake --build /home/frank/thesis/gui_ws/build/bms_gui -- -j16 -l16
[4.045s] Invoking command in '/home/frank/thesis/gui_ws/build/bms_gui': CMAKE_PREFIX_PATH=/opt/ros/humble /usr/bin/cmake --install /home/frank/thesis/gui_ws/build/bms_gui
[4.047s] -- Install configuration: ""
[4.047s] -- Installing: /home/frank/thesis/gui_ws/install/bms_gui/lib/bms_gui/bms_gui
[4.048s] -- Set non-toolchain portion of runtime path of "/home/frank/thesis/gui_ws/install/bms_gui/lib/bms_gui/bms_gui" to ""
[4.048s] -- Up-to-date: /home/frank/thesis/gui_ws/install/bms_gui/share/ament_index/resource_index/package_run_dependencies/bms_gui
[4.048s] -- Up-to-date: /home/frank/thesis/gui_ws/install/bms_gui/share/ament_index/resource_index/parent_prefix_path/bms_gui
[4.048s] -- Up-to-date: /home/frank/thesis/gui_ws/install/bms_gui/share/bms_gui/environment/ament_prefix_path.sh
[4.048s] -- Up-to-date: /home/frank/thesis/gui_ws/install/bms_gui/share/bms_gui/environment/ament_prefix_path.dsv
[4.048s] -- Up-to-date: /home/frank/thesis/gui_ws/install/bms_gui/share/bms_gui/environment/path.sh
[4.048s] -- Up-to-date: /home/frank/thesis/gui_ws/install/bms_gui/share/bms_gui/environment/path.dsv
[4.048s] -- Up-to-date: /home/frank/thesis/gui_ws/install/bms_gui/share/bms_gui/local_setup.bash
[4.049s] -- Up-to-date: /home/frank/thesis/gui_ws/install/bms_gui/share/bms_gui/local_setup.sh
[4.049s] -- Up-to-date: /home/frank/thesis/gui_ws/install/bms_gui/share/bms_gui/local_setup.zsh
[4.049s] -- Up-to-date: /home/frank/thesis/gui_ws/install/bms_gui/share/bms_gui/local_setup.dsv
[4.049s] -- Installing: /home/frank/thesis/gui_ws/install/bms_gui/share/bms_gui/package.dsv
[4.049s] -- Up-to-date: /home/frank/thesis/gui_ws/install/bms_gui/share/ament_index/resource_index/packages/bms_gui
[4.049s] -- Up-to-date: /home/frank/thesis/gui_ws/install/bms_gui/share/bms_gui/cmake/bms_guiConfig.cmake
[4.049s] -- Up-to-date: /home/frank/thesis/gui_ws/install/bms_gui/share/bms_gui/cmake/bms_guiConfig-version.cmake
[4.049s] -- Up-to-date: /home/frank/thesis/gui_ws/install/bms_gui/share/bms_gui/package.xml
[4.050s] Invoked command in '/home/frank/thesis/gui_ws/build/bms_gui' returned '0': CMAKE_PREFIX_PATH=/opt/ros/humble /usr/bin/cmake --install /home/frank/thesis/gui_ws/build/bms_gui
