[0.031s] Invoking command in '/home/frank/thesis_ws/bms_gui/src/build/bms_gui': CMAKE_PREFIX_PATH=/opt/ros/humble /usr/bin/cmake --build /home/frank/thesis_ws/bms_gui/src/build/bms_gui -- -j16 -l16
[0.061s] [ 11%] [32mBuilding CXX object CMakeFiles/bms_gui.dir/src/ros2comm.cpp.o[0m
[3.430s] [ 22%] [32m[1mLinking CXX executable bms_gui[0m
[3.834s] [100%] Built target bms_gui
[3.839s] Invoked command in '/home/frank/thesis_ws/bms_gui/src/build/bms_gui' returned '0': CMAKE_PREFIX_PATH=/opt/ros/humble /usr/bin/cmake --build /home/frank/thesis_ws/bms_gui/src/build/bms_gui -- -j16 -l16
[3.860s] Invoking command in '/home/frank/thesis_ws/bms_gui/src/build/bms_gui': CMAKE_PREFIX_PATH=/opt/ros/humble /usr/bin/cmake --install /home/frank/thesis_ws/bms_gui/src/build/bms_gui
[3.861s] -- Install configuration: ""
[3.861s] -- Installing: /home/frank/thesis_ws/bms_gui/src/install/bms_gui/lib/bms_gui/bms_gui
[3.862s] -- Set non-toolchain portion of runtime path of "/home/frank/thesis_ws/bms_gui/src/install/bms_gui/lib/bms_gui/bms_gui" to ""
[3.862s] -- Up-to-date: /home/frank/thesis_ws/bms_gui/src/install/bms_gui/share/ament_index/resource_index/package_run_dependencies/bms_gui
[3.862s] -- Up-to-date: /home/frank/thesis_ws/bms_gui/src/install/bms_gui/share/ament_index/resource_index/parent_prefix_path/bms_gui
[3.862s] -- Up-to-date: /home/frank/thesis_ws/bms_gui/src/install/bms_gui/share/bms_gui/environment/ament_prefix_path.sh
[3.862s] -- Up-to-date: /home/frank/thesis_ws/bms_gui/src/install/bms_gui/share/bms_gui/environment/ament_prefix_path.dsv
[3.862s] -- Up-to-date: /home/frank/thesis_ws/bms_gui/src/install/bms_gui/share/bms_gui/environment/path.sh
[3.862s] -- Up-to-date: /home/frank/thesis_ws/bms_gui/src/install/bms_gui/share/bms_gui/environment/path.dsv
[3.862s] -- Up-to-date: /home/frank/thesis_ws/bms_gui/src/install/bms_gui/share/bms_gui/local_setup.bash
[3.863s] -- Up-to-date: /home/frank/thesis_ws/bms_gui/src/install/bms_gui/share/bms_gui/local_setup.sh
[3.863s] -- Up-to-date: /home/frank/thesis_ws/bms_gui/src/install/bms_gui/share/bms_gui/local_setup.zsh
[3.863s] -- Up-to-date: /home/frank/thesis_ws/bms_gui/src/install/bms_gui/share/bms_gui/local_setup.dsv
[3.863s] -- Installing: /home/frank/thesis_ws/bms_gui/src/install/bms_gui/share/bms_gui/package.dsv
[3.863s] -- Up-to-date: /home/frank/thesis_ws/bms_gui/src/install/bms_gui/share/ament_index/resource_index/packages/bms_gui
[3.863s] -- Up-to-date: /home/frank/thesis_ws/bms_gui/src/install/bms_gui/share/bms_gui/cmake/bms_guiConfig.cmake
[3.863s] -- Up-to-date: /home/frank/thesis_ws/bms_gui/src/install/bms_gui/share/bms_gui/cmake/bms_guiConfig-version.cmake
[3.863s] -- Up-to-date: /home/frank/thesis_ws/bms_gui/src/install/bms_gui/share/bms_gui/package.xml
[3.863s] Invoked command in '/home/frank/thesis_ws/bms_gui/src/build/bms_gui' returned '0': CMAKE_PREFIX_PATH=/opt/ros/humble /usr/bin/cmake --install /home/frank/thesis_ws/bms_gui/src/build/bms_gui
