[0.033s] Invoking command in '/home/frank/thesis_ws/bms_gui/build/bms_gui': CMAKE_PREFIX_PATH=/opt/ros/humble /usr/bin/cmake --build /home/frank/thesis_ws/bms_gui/build/bms_gui -- -j16 -l16
[0.050s] [ 11%] [34m[1mGenerating include/bms_gui/moc_mainwindow.cpp[0m
[0.072s] [ 22%] [32mBuilding CXX object CMakeFiles/bms_gui.dir/src/main.cpp.o[0m
[0.073s] [ 33%] [32mBuilding CXX object CMakeFiles/bms_gui.dir/src/mainwindow.cpp.o[0m
[0.073s] [ 44%] [32mBuilding CXX object CMakeFiles/bms_gui.dir/include/bms_gui/moc_mainwindow.cpp.o[0m
[2.562s] [01m[K/home/frank/thesis_ws/bms_gui/src/src/mainwindow.cpp:71:8:[m[K [01;31m[Kerror: [m[Kdefault argument given for parameter 2 of ‘[01m[Kdouble MainWindow::calculatePercentage(int16_t, int16_t, int16_t)[m[K’ [[01;31m[K]8;;https://gcc.gnu.org/onlinedocs/gcc/Warning-Options.html#index-fpermissive-fpermissive]8;;[m[K]
[2.562s]    71 | double [01;31m[KMainWindow[m[K::calculatePercentage(int16_t value, int16_t minValue = 0, int16_t maxValue = 4200) {
[2.562s]       |        [01;31m[K^~~~~~~~~~[m[K
[2.562s] In file included from [01m[K/home/frank/thesis_ws/bms_gui/src/src/mainwindow.cpp:1[m[K:
[2.562s] [01m[K/home/frank/thesis_ws/bms_gui/src/include/bms_gui/mainwindow.h:40:12:[m[K [01;36m[Knote: [m[Kprevious specification in ‘[01m[Kdouble MainWindow::calculatePercentage(int16_t, int16_t, int16_t)[m[K’ here
[2.562s]    40 |     double [01;36m[KcalculatePercentage[m[K(int16_t value, int16_t minValue = 0, int16_t maxValue = 4200);
[2.562s]       |            [01;36m[K^~~~~~~~~~~~~~~~~~~[m[K
[2.562s] [01m[K/home/frank/thesis_ws/bms_gui/src/src/mainwindow.cpp:71:8:[m[K [01;31m[Kerror: [m[Kdefault argument given for parameter 3 of ‘[01m[Kdouble MainWindow::calculatePercentage(int16_t, int16_t, int16_t)[m[K’ [[01;31m[K]8;;https://gcc.gnu.org/onlinedocs/gcc/Warning-Options.html#index-fpermissive-fpermissive]8;;[m[K]
[2.562s]    71 | double [01;31m[KMainWindow[m[K::calculatePercentage(int16_t value, int16_t minValue = 0, int16_t maxValue = 4200) {
[2.562s]       |        [01;31m[K^~~~~~~~~~[m[K
[2.562s] In file included from [01m[K/home/frank/thesis_ws/bms_gui/src/src/mainwindow.cpp:1[m[K:
[2.562s] [01m[K/home/frank/thesis_ws/bms_gui/src/include/bms_gui/mainwindow.h:40:12:[m[K [01;36m[Knote: [m[Kprevious specification in ‘[01m[Kdouble MainWindow::calculatePercentage(int16_t, int16_t, int16_t)[m[K’ here
[2.562s]    40 |     double [01;36m[KcalculatePercentage[m[K(int16_t value, int16_t minValue = 0, int16_t maxValue = 4200);
[2.563s]       |            [01;36m[K^~~~~~~~~~~~~~~~~~~[m[K
[2.994s] gmake[2]: *** [CMakeFiles/bms_gui.dir/build.make:102: CMakeFiles/bms_gui.dir/src/mainwindow.cpp.o] Error 1
[2.994s] gmake[1]: *** [CMakeFiles/Makefile2:137: CMakeFiles/bms_gui.dir/all] Error 2
[2.994s] gmake: *** [Makefile:146: all] Error 2
[2.996s] Invoked command in '/home/frank/thesis_ws/bms_gui/build/bms_gui' returned '2': CMAKE_PREFIX_PATH=/opt/ros/humble /usr/bin/cmake --build /home/frank/thesis_ws/bms_gui/build/bms_gui -- -j16 -l16
