[0.033s] Invoking command in '/home/frank/thesis_ws/bms_gui/build/bms_gui': CMAKE_PREFIX_PATH=/opt/ros/humble /usr/bin/cmake --build /home/frank/thesis_ws/bms_gui/build/bms_gui -- -j16 -l16
[0.067s] [ 11%] [32mBuilding CXX object CMakeFiles/bms_gui.dir/src/mainwindow.cpp.o[0m
[2.211s] [01m[K/home/frank/thesis_ws/bms_gui/src/src/mainwindow.cpp:[m[K In member function ‘[01m[Kvoid MainWindow::on_progressBar_cell2_valueChanged(int)[m[K’:
[2.211s] [01m[K/home/frank/thesis_ws/bms_gui/src/src/mainwindow.cpp:44:9:[m[K [01;35m[Kwarning: [m[Kunused variable ‘[01m[Kpercentage[m[K’ [[01;35m[K]8;;https://gcc.gnu.org/onlinedocs/gcc/Warning-Options.html#index-Wunused-variable-Wunused-variable]8;;[m[K]
[2.211s]    44 |     int [01;35m[Kpercentage[m[K = calculatePercentage(value);
[2.211s]       |         [01;35m[K^~~~~~~~~~[m[K
[2.661s] [ 22%] [32m[1mLinking CXX executable bms_gui[0m
[3.078s] [100%] Built target bms_gui
[3.084s] Invoked command in '/home/frank/thesis_ws/bms_gui/build/bms_gui' returned '0': CMAKE_PREFIX_PATH=/opt/ros/humble /usr/bin/cmake --build /home/frank/thesis_ws/bms_gui/build/bms_gui -- -j16 -l16
[3.103s] Invoking command in '/home/frank/thesis_ws/bms_gui/build/bms_gui': CMAKE_PREFIX_PATH=/opt/ros/humble /usr/bin/cmake --install /home/frank/thesis_ws/bms_gui/build/bms_gui
[3.105s] -- Install configuration: ""
[3.105s] -- Installing: /home/frank/thesis_ws/bms_gui/install/bms_gui/lib/bms_gui/bms_gui
[3.106s] -- Set non-toolchain portion of runtime path of "/home/frank/thesis_ws/bms_gui/install/bms_gui/lib/bms_gui/bms_gui" to ""
[3.106s] -- Up-to-date: /home/frank/thesis_ws/bms_gui/install/bms_gui/share/ament_index/resource_index/package_run_dependencies/bms_gui
[3.106s] -- Up-to-date: /home/frank/thesis_ws/bms_gui/install/bms_gui/share/ament_index/resource_index/parent_prefix_path/bms_gui
[3.106s] -- Up-to-date: /home/frank/thesis_ws/bms_gui/install/bms_gui/share/bms_gui/environment/ament_prefix_path.sh
[3.106s] -- Up-to-date: /home/frank/thesis_ws/bms_gui/install/bms_gui/share/bms_gui/environment/ament_prefix_path.dsv
[3.106s] -- Up-to-date: /home/frank/thesis_ws/bms_gui/install/bms_gui/share/bms_gui/environment/path.sh
[3.107s] -- Up-to-date: /home/frank/thesis_ws/bms_gui/install/bms_gui/share/bms_gui/environment/path.dsv
[3.107s] -- Up-to-date: /home/frank/thesis_ws/bms_gui/install/bms_gui/share/bms_gui/local_setup.bash
[3.107s] -- Up-to-date: /home/frank/thesis_ws/bms_gui/install/bms_gui/share/bms_gui/local_setup.sh
[3.107s] -- Up-to-date: /home/frank/thesis_ws/bms_gui/install/bms_gui/share/bms_gui/local_setup.zsh
[3.107s] -- Up-to-date: /home/frank/thesis_ws/bms_gui/install/bms_gui/share/bms_gui/local_setup.dsv
[3.107s] -- Installing: /home/frank/thesis_ws/bms_gui/install/bms_gui/share/bms_gui/package.dsv
[3.107s] -- Up-to-date: /home/frank/thesis_ws/bms_gui/install/bms_gui/share/ament_index/resource_index/packages/bms_gui
[3.107s] -- Up-to-date: /home/frank/thesis_ws/bms_gui/install/bms_gui/share/bms_gui/cmake/bms_guiConfig.cmake
[3.107s] -- Up-to-date: /home/frank/thesis_ws/bms_gui/install/bms_gui/share/bms_gui/cmake/bms_guiConfig-version.cmake
[3.107s] -- Up-to-date: /home/frank/thesis_ws/bms_gui/install/bms_gui/share/bms_gui/package.xml
[3.107s] Invoked command in '/home/frank/thesis_ws/bms_gui/build/bms_gui' returned '0': CMAKE_PREFIX_PATH=/opt/ros/humble /usr/bin/cmake --install /home/frank/thesis_ws/bms_gui/build/bms_gui
