[0mCMake Error: The current CMakeCache.txt directory /home/frank/thesis_ws/bms_gui/build/bms_gui/CMakeCache.txt is different than the directory /home/frank/thesis/gui_ws/build/bms_gui where CMakeCache.txt was created. This may result in binaries being created in the wrong place. If you are not sure, reedit the CMakeCache.txt[0m
-- Found ament_cmake: 1.3.9 (/opt/ros/humble/share/ament_cmake/cmake)
-- Found rclcpp: 16.0.9 (/opt/ros/humble/share/rclcpp/cmake)
-- Found rosidl_generator_c: 3.1.5 (/opt/ros/humble/share/rosidl_generator_c/cmake)
-- Found rosidl_adapter: 3.1.5 (/opt/ros/humble/share/rosidl_adapter/cmake)
-- Found rosidl_generator_cpp: 3.1.5 (/opt/ros/humble/share/rosidl_generator_cpp/cmake)
-- Using all available rosidl_typesupport_c: rosidl_typesupport_fastrtps_c;rosidl_typesupport_introspection_c
-- Using all available rosidl_typesupport_cpp: rosidl_typesupport_fastrtps_cpp;rosidl_typesupport_introspection_cpp
-- Found rmw_implementation_cmake: 6.1.2 (/opt/ros/humble/share/rmw_implementation_cmake/cmake)
-- Found rmw_fastrtps_cpp: 6.2.6 (/opt/ros/humble/share/rmw_fastrtps_cpp/cmake)
-- Using RMW implementation 'rmw_fastrtps_cpp' as default
-- Found rclcpp_action: 16.0.9 (/opt/ros/humble/share/rclcpp_action/cmake)
-- Found sensor_msgs: 4.2.3 (/opt/ros/humble/share/sensor_msgs/cmake)
-- Found ament_lint_auto: 0.12.11 (/opt/ros/humble/share/ament_lint_auto/cmake)
-- Added test 'cppcheck' to perform static code analysis on C / C++ code
-- Configured cppcheck include dirs: /home/frank/thesis/gui_ws/src/bms_gui/include
-- Configured cppcheck exclude dirs and/or files: 
-- Added test 'flake8' to check Python code syntax and style conventions
-- Added test 'lint_cmake' to check CMake code style
-- Added test 'pep257' to check Python code against some of the docstring style conventions in PEP 257
-- Added test 'uncrustify' to check C / C++ code style
-- Configured uncrustify additional arguments: 
-- Added test 'xmllint' to check XML markup files
-- Configuring done (0.7s)
-- Generating done (0.0s)
-- Build files have been written to: /home/frank/thesis/gui_ws/build/bms_gui
[  9%] [34m[1mGenerating include/bms_gui/moc_mainwindow.cpp[0m
[ 18%] [32mBuilding CXX object CMakeFiles/bms_gui.dir/src/main.cpp.o[0m
[ 27%] [32mBuilding CXX object CMakeFiles/bms_gui.dir/src/mainwindow.cpp.o[0m
[ 27%] [34m[1mGenerating include/bms_gui/moc_mainwindow.cpp[0m
[ 36%] [32mBuilding CXX object CMakeFiles/bms_gui.dir/include/bms_gui/moc_mainwindow.cpp.o[0m
[ 45%] [32m[1mLinking CXX executable bms_gui[0m
[100%] Built target bms_gui
-- Install configuration: ""
-- Up-to-date: /home/frank/thesis/gui_ws/install/bms_gui/lib/bms_gui/bms_gui
-- Up-to-date: /home/frank/thesis/gui_ws/install/bms_gui/share/ament_index/resource_index/package_run_dependencies/bms_gui
-- Installing: /home/frank/thesis/gui_ws/install/bms_gui/share/ament_index/resource_index/parent_prefix_path/bms_gui
-- Up-to-date: /home/frank/thesis/gui_ws/install/bms_gui/share/bms_gui/environment/ament_prefix_path.sh
-- Installing: /home/frank/thesis/gui_ws/install/bms_gui/share/bms_gui/environment/ament_prefix_path.dsv
-- Up-to-date: /home/frank/thesis/gui_ws/install/bms_gui/share/bms_gui/environment/path.sh
-- Installing: /home/frank/thesis/gui_ws/install/bms_gui/share/bms_gui/environment/path.dsv
-- Up-to-date: /home/frank/thesis/gui_ws/install/bms_gui/share/bms_gui/local_setup.bash
-- Up-to-date: /home/frank/thesis/gui_ws/install/bms_gui/share/bms_gui/local_setup.sh
-- Up-to-date: /home/frank/thesis/gui_ws/install/bms_gui/share/bms_gui/local_setup.zsh
-- Installing: /home/frank/thesis/gui_ws/install/bms_gui/share/bms_gui/local_setup.dsv
-- Installing: /home/frank/thesis/gui_ws/install/bms_gui/share/bms_gui/package.dsv
-- Up-to-date: /home/frank/thesis/gui_ws/install/bms_gui/share/ament_index/resource_index/packages/bms_gui
-- Up-to-date: /home/frank/thesis/gui_ws/install/bms_gui/share/bms_gui/cmake/bms_guiConfig.cmake
-- Up-to-date: /home/frank/thesis/gui_ws/install/bms_gui/share/bms_gui/cmake/bms_guiConfig-version.cmake
-- Up-to-date: /home/frank/thesis/gui_ws/install/bms_gui/share/bms_gui/package.xml
