[0.034s] Invoking command in '/home/frank/thesis/gui_ws/build/bms_gui': CMAKE_PREFIX_PATH=/opt/ros/humble /usr/bin/cmake /home/frank/thesis/gui_ws/src/bms_gui -DCMAKE_INSTALL_PREFIX=/home/frank/thesis/gui_ws/install/bms_gui
[0.121s] -- The C compiler identification is GNU 11.4.0
[0.177s] -- The CXX compiler identification is GNU 11.4.0
[0.187s] -- Detecting C compiler ABI info
[0.227s] -- Detecting C compiler ABI info - done
[0.232s] -- Check for working C compiler: /usr/bin/cc - skipped
[0.232s] -- Detecting C compile features
[0.233s] -- Detecting C compile features - done
[0.239s] -- Detecting CXX compiler ABI info
[0.282s] -- Detecting CXX compiler ABI info - done
[0.287s] -- Check for working CXX compiler: /usr/bin/c++ - skipped
[0.287s] -- Detecting CXX compile features
[0.288s] -- Detecting CXX compile features - done
[0.290s] -- Found ament_cmake: 1.3.7 (/opt/ros/humble/share/ament_cmake/cmake)
[0.539s] -- Found Python3: /usr/bin/python3.10 (found version "3.10.12") found components: Interpreter 
[0.616s] -- Found rclcpp: 16.0.8 (/opt/ros/humble/share/rclcpp/cmake)
[0.648s] -- Found rosidl_generator_c: 3.1.5 (/opt/ros/humble/share/rosidl_generator_c/cmake)
[0.652s] -- Found rosidl_adapter: 3.1.5 (/opt/ros/humble/share/rosidl_adapter/cmake)
[0.678s] -- Found rosidl_generator_cpp: 3.1.5 (/opt/ros/humble/share/rosidl_generator_cpp/cmake)
[0.689s] -- Using all available rosidl_typesupport_c: rosidl_typesupport_fastrtps_c;rosidl_typesupport_introspection_c
[0.704s] -- Using all available rosidl_typesupport_cpp: rosidl_typesupport_fastrtps_cpp;rosidl_typesupport_introspection_cpp
[0.753s] -- Found rmw_implementation_cmake: 6.1.1 (/opt/ros/humble/share/rmw_implementation_cmake/cmake)
[0.755s] -- Found rmw_fastrtps_cpp: 6.2.6 (/opt/ros/humble/share/rmw_fastrtps_cpp/cmake)
[0.818s] -- Found OpenSSL: /usr/lib/x86_64-linux-gnu/libcrypto.so (found version "3.0.2")  
[0.834s] -- Found FastRTPS: /opt/ros/humble/include  
[0.861s] -- Using RMW implementation 'rmw_fastrtps_cpp' as default
[0.869s] -- Performing Test CMAKE_HAVE_LIBC_PTHREAD
[0.910s] -- Performing Test CMAKE_HAVE_LIBC_PTHREAD - Success
[0.911s] -- Found Threads: TRUE  
[1.049s] -- Found Boost: /usr/lib/x86_64-linux-gnu/cmake/Boost-1.74.0/BoostConfig.cmake (found suitable version "1.74.0", minimum required is "1.71.0") found components: thread 
[1.050s] -- Found rclcpp_action: 16.0.8 (/opt/ros/humble/share/rclcpp_action/cmake)
[1.119s] -- Found sensor_msgs: 4.2.3 (/opt/ros/humble/share/sensor_msgs/cmake)
[1.210s] -- Found PkgConfig: /usr/bin/pkg-config (found version "0.29.2") 
[1.211s] -- Checking for module 'libmodbus'
[1.216s] --   Found libmodbus, version 3.1.10
[1.233s] -- Found ament_lint_auto: 0.12.10 (/opt/ros/humble/share/ament_lint_auto/cmake)
[1.282s] -- Added test 'cppcheck' to perform static code analysis on C / C++ code
[1.282s] -- Configured cppcheck include dirs: /home/frank/thesis/gui_ws/src/bms_gui/include
[1.282s] -- Configured cppcheck exclude dirs and/or files: 
[1.282s] -- Added test 'lint_cmake' to check CMake code style
[1.283s] -- Added test 'uncrustify' to check C / C++ code style
[1.283s] -- Configured uncrustify additional arguments: 
[1.283s] -- Added test 'xmllint' to check XML markup files
[1.284s] -- Configuring done (1.2s)
[1.293s] -- Generating done (0.0s)
[1.294s] -- Build files have been written to: /home/frank/thesis/gui_ws/build/bms_gui
[1.301s] Invoked command in '/home/frank/thesis/gui_ws/build/bms_gui' returned '0': CMAKE_PREFIX_PATH=/opt/ros/humble /usr/bin/cmake /home/frank/thesis/gui_ws/src/bms_gui -DCMAKE_INSTALL_PREFIX=/home/frank/thesis/gui_ws/install/bms_gui
[1.302s] Invoking command in '/home/frank/thesis/gui_ws/build/bms_gui': CMAKE_PREFIX_PATH=/opt/ros/humble /usr/bin/cmake --build /home/frank/thesis/gui_ws/build/bms_gui -- -j16 -l16
[1.314s] [ 11%] [34m[1mGenerating ui_mainwindow.h[0m
[1.314s] [ 22%] [34m[1mGenerating include/bms_gui/moc_mainwindow.cpp[0m
[1.314s] [ 33%] [34m[1mGenerating include/bms_gui/moc_ros2comm.cpp[0m
[1.331s] [ 44%] [32mBuilding CXX object CMakeFiles/bms_gui.dir/src/main.cpp.o[0m
[1.331s] [ 55%] [32mBuilding CXX object CMakeFiles/bms_gui.dir/src/ros2comm.cpp.o[0m
[1.331s] [ 66%] [32mBuilding CXX object CMakeFiles/bms_gui.dir/include/bms_gui/moc_mainwindow.cpp.o[0m
[1.331s] [ 77%] [32mBuilding CXX object CMakeFiles/bms_gui.dir/src/mainwindow.cpp.o[0m
[1.332s] [ 88%] [32mBuilding CXX object CMakeFiles/bms_gui.dir/include/bms_gui/moc_ros2comm.cpp.o[0m
[5.236s] [100%] [32m[1mLinking CXX executable bms_gui[0m
[5.622s] [100%] Built target bms_gui
[5.625s] Invoked command in '/home/frank/thesis/gui_ws/build/bms_gui' returned '0': CMAKE_PREFIX_PATH=/opt/ros/humble /usr/bin/cmake --build /home/frank/thesis/gui_ws/build/bms_gui -- -j16 -l16
[5.643s] Invoking command in '/home/frank/thesis/gui_ws/build/bms_gui': CMAKE_PREFIX_PATH=/opt/ros/humble /usr/bin/cmake --install /home/frank/thesis/gui_ws/build/bms_gui
[5.645s] -- Install configuration: ""
[5.645s] -- Installing: /home/frank/thesis/gui_ws/install/bms_gui/lib/bms_gui/bms_gui
[5.646s] -- Set non-toolchain portion of runtime path of "/home/frank/thesis/gui_ws/install/bms_gui/lib/bms_gui/bms_gui" to ""
[5.646s] -- Installing: /home/frank/thesis/gui_ws/install/bms_gui/share/ament_index/resource_index/package_run_dependencies/bms_gui
[5.646s] -- Installing: /home/frank/thesis/gui_ws/install/bms_gui/share/ament_index/resource_index/parent_prefix_path/bms_gui
[5.646s] -- Installing: /home/frank/thesis/gui_ws/install/bms_gui/share/bms_gui/environment/ament_prefix_path.sh
[5.646s] -- Installing: /home/frank/thesis/gui_ws/install/bms_gui/share/bms_gui/environment/ament_prefix_path.dsv
[5.646s] -- Installing: /home/frank/thesis/gui_ws/install/bms_gui/share/bms_gui/environment/path.sh
[5.646s] -- Installing: /home/frank/thesis/gui_ws/install/bms_gui/share/bms_gui/environment/path.dsv
[5.646s] -- Installing: /home/frank/thesis/gui_ws/install/bms_gui/share/bms_gui/local_setup.bash
[5.646s] -- Installing: /home/frank/thesis/gui_ws/install/bms_gui/share/bms_gui/local_setup.sh
[5.646s] -- Installing: /home/frank/thesis/gui_ws/install/bms_gui/share/bms_gui/local_setup.zsh
[5.646s] -- Installing: /home/frank/thesis/gui_ws/install/bms_gui/share/bms_gui/local_setup.dsv
[5.646s] -- Installing: /home/frank/thesis/gui_ws/install/bms_gui/share/bms_gui/package.dsv
[5.646s] -- Installing: /home/frank/thesis/gui_ws/install/bms_gui/share/ament_index/resource_index/packages/bms_gui
[5.646s] -- Installing: /home/frank/thesis/gui_ws/install/bms_gui/share/bms_gui/cmake/bms_guiConfig.cmake
[5.646s] -- Installing: /home/frank/thesis/gui_ws/install/bms_gui/share/bms_gui/cmake/bms_guiConfig-version.cmake
[5.647s] -- Installing: /home/frank/thesis/gui_ws/install/bms_gui/share/bms_gui/package.xml
[5.647s] Invoked command in '/home/frank/thesis/gui_ws/build/bms_gui' returned '0': CMAKE_PREFIX_PATH=/opt/ros/humble /usr/bin/cmake --install /home/frank/thesis/gui_ws/build/bms_gui
