[0.059s] Invoking command in '/home/frank/thesis_ws/bms_gui/build/bms_gui': CMAKE_PREFIX_PATH=${CMAKE_PREFIX_PATH}:/opt/ros/humble /usr/bin/cmake --build /home/frank/thesis_ws/bms_gui/build/bms_gui -- -j16 -l16
[0.110s] [ 11%] [32mBuilding CXX object CMakeFiles/bms_gui.dir/src/mainwindow.cpp.o[0m
[3.061s] [01m[K/home/frank/thesis_ws/bms_gui/src/src/mainwindow.cpp:100:6:[m[K [01;31m[Kerror: [m[Kno declaration matches ‘[01m[Kvoid MainWindow::lcd_cell_2_voltage_update(int)[m[K’
[3.061s]   100 | void [01;31m[KMainWindow[m[K::lcd_cell_2_voltage_update(int value)
[3.061s]       |      [01;31m[K^~~~~~~~~~[m[K
[3.061s] [01m[K/home/frank/thesis_ws/bms_gui/src/src/mainwindow.cpp:100:6:[m[K [01;36m[Knote: [m[Kno functions named ‘[01m[Kvoid MainWindow::lcd_cell_2_voltage_update(int)[m[K’
[3.061s] In file included from [01m[K/home/frank/thesis_ws/bms_gui/src/src/mainwindow.cpp:1[m[K:
[3.061s] [01m[K/home/frank/thesis_ws/bms_gui/src/include/bms_gui/mainwindow.h:32:7:[m[K [01;36m[Knote: [m[K‘[01m[Kclass MainWindow[m[K’ defined here
[3.061s]    32 | class [01;36m[KMainWindow[m[K : public QMainWindow
[3.061s]       |       [01;36m[K^~~~~~~~~~[m[K
[3.062s] [01m[K/home/frank/thesis_ws/bms_gui/src/src/mainwindow.cpp:105:6:[m[K [01;31m[Kerror: [m[Kno declaration matches ‘[01m[Kvoid MainWindow::lcd_cell_3_voltage_update(int)[m[K’
[3.062s]   105 | void [01;31m[KMainWindow[m[K::lcd_cell_3_voltage_update(int value)
[3.062s]       |      [01;31m[K^~~~~~~~~~[m[K
[3.062s] [01m[K/home/frank/thesis_ws/bms_gui/src/src/mainwindow.cpp:105:6:[m[K [01;36m[Knote: [m[Kno functions named ‘[01m[Kvoid MainWindow::lcd_cell_3_voltage_update(int)[m[K’
[3.062s] In file included from [01m[K/home/frank/thesis_ws/bms_gui/src/src/mainwindow.cpp:1[m[K:
[3.062s] [01m[K/home/frank/thesis_ws/bms_gui/src/include/bms_gui/mainwindow.h:32:7:[m[K [01;36m[Knote: [m[K‘[01m[Kclass MainWindow[m[K’ defined here
[3.062s]    32 | class [01;36m[KMainWindow[m[K : public QMainWindow
[3.062s]       |       [01;36m[K^~~~~~~~~~[m[K
[3.062s] [01m[K/home/frank/thesis_ws/bms_gui/src/src/mainwindow.cpp:110:6:[m[K [01;31m[Kerror: [m[Kno declaration matches ‘[01m[Kvoid MainWindow::lcd_cell_4_voltage_update(int)[m[K’
[3.062s]   110 | void [01;31m[KMainWindow[m[K::lcd_cell_4_voltage_update(int value)
[3.062s]       |      [01;31m[K^~~~~~~~~~[m[K
[3.062s] [01m[K/home/frank/thesis_ws/bms_gui/src/src/mainwindow.cpp:110:6:[m[K [01;36m[Knote: [m[Kno functions named ‘[01m[Kvoid MainWindow::lcd_cell_4_voltage_update(int)[m[K’
[3.062s] In file included from [01m[K/home/frank/thesis_ws/bms_gui/src/src/mainwindow.cpp:1[m[K:
[3.062s] [01m[K/home/frank/thesis_ws/bms_gui/src/include/bms_gui/mainwindow.h:32:7:[m[K [01;36m[Knote: [m[K‘[01m[Kclass MainWindow[m[K’ defined here
[3.062s]    32 | class [01;36m[KMainWindow[m[K : public QMainWindow
[3.062s]       |       [01;36m[K^~~~~~~~~~[m[K
[3.062s] [01m[K/home/frank/thesis_ws/bms_gui/src/src/mainwindow.cpp:115:6:[m[K [01;31m[Kerror: [m[Kno declaration matches ‘[01m[Kvoid MainWindow::lcd_cell_5_voltage_update(int)[m[K’
[3.062s]   115 | void [01;31m[KMainWindow[m[K::lcd_cell_5_voltage_update(int value)
[3.062s]       |      [01;31m[K^~~~~~~~~~[m[K
[3.062s] [01m[K/home/frank/thesis_ws/bms_gui/src/src/mainwindow.cpp:115:6:[m[K [01;36m[Knote: [m[Kno functions named ‘[01m[Kvoid MainWindow::lcd_cell_5_voltage_update(int)[m[K’
[3.062s] In file included from [01m[K/home/frank/thesis_ws/bms_gui/src/src/mainwindow.cpp:1[m[K:
[3.062s] [01m[K/home/frank/thesis_ws/bms_gui/src/include/bms_gui/mainwindow.h:32:7:[m[K [01;36m[Knote: [m[K‘[01m[Kclass MainWindow[m[K’ defined here
[3.062s]    32 | class [01;36m[KMainWindow[m[K : public QMainWindow
[3.062s]       |       [01;36m[K^~~~~~~~~~[m[K
[3.063s] [01m[K/home/frank/thesis_ws/bms_gui/src/src/mainwindow.cpp:120:6:[m[K [01;31m[Kerror: [m[Kno declaration matches ‘[01m[Kvoid MainWindow::lcd_cell_6_voltage_update(int)[m[K’
[3.063s]   120 | void [01;31m[KMainWindow[m[K::lcd_cell_6_voltage_update(int value)
[3.063s]       |      [01;31m[K^~~~~~~~~~[m[K
[3.063s] [01m[K/home/frank/thesis_ws/bms_gui/src/src/mainwindow.cpp:120:6:[m[K [01;36m[Knote: [m[Kno functions named ‘[01m[Kvoid MainWindow::lcd_cell_6_voltage_update(int)[m[K’
[3.063s] In file included from [01m[K/home/frank/thesis_ws/bms_gui/src/src/mainwindow.cpp:1[m[K:
[3.063s] [01m[K/home/frank/thesis_ws/bms_gui/src/include/bms_gui/mainwindow.h:32:7:[m[K [01;36m[Knote: [m[K‘[01m[Kclass MainWindow[m[K’ defined here
[3.063s]    32 | class [01;36m[KMainWindow[m[K : public QMainWindow
[3.063s]       |       [01;36m[K^~~~~~~~~~[m[K
[3.063s] [01m[K/home/frank/thesis_ws/bms_gui/src/src/mainwindow.cpp:125:6:[m[K [01;31m[Kerror: [m[Kno declaration matches ‘[01m[Kvoid MainWindow::lcd_cell_7_voltage_update(int)[m[K’
[3.063s]   125 | void [01;31m[KMainWindow[m[K::lcd_cell_7_voltage_update(int value)
[3.063s]       |      [01;31m[K^~~~~~~~~~[m[K
[3.063s] [01m[K/home/frank/thesis_ws/bms_gui/src/src/mainwindow.cpp:125:6:[m[K [01;36m[Knote: [m[Kno functions named ‘[01m[Kvoid MainWindow::lcd_cell_7_voltage_update(int)[m[K’
[3.063s] In file included from [01m[K/home/frank/thesis_ws/bms_gui/src/src/mainwindow.cpp:1[m[K:
[3.063s] [01m[K/home/frank/thesis_ws/bms_gui/src/include/bms_gui/mainwindow.h:32:7:[m[K [01;36m[Knote: [m[K‘[01m[Kclass MainWindow[m[K’ defined here
[3.063s]    32 | class [01;36m[KMainWindow[m[K : public QMainWindow
[3.063s]       |       [01;36m[K^~~~~~~~~~[m[K
[3.063s] [01m[K/home/frank/thesis_ws/bms_gui/src/src/mainwindow.cpp:130:6:[m[K [01;31m[Kerror: [m[Kno declaration matches ‘[01m[Kvoid MainWindow::lcd_cell_8_voltage_update(int)[m[K’
[3.063s]   130 | void [01;31m[KMainWindow[m[K::lcd_cell_8_voltage_update(int value)
[3.063s]       |      [01;31m[K^~~~~~~~~~[m[K
[3.063s] [01m[K/home/frank/thesis_ws/bms_gui/src/src/mainwindow.cpp:130:6:[m[K [01;36m[Knote: [m[Kno functions named ‘[01m[Kvoid MainWindow::lcd_cell_8_voltage_update(int)[m[K’
[3.063s] In file included from [01m[K/home/frank/thesis_ws/bms_gui/src/src/mainwindow.cpp:1[m[K:
[3.063s] [01m[K/home/frank/thesis_ws/bms_gui/src/include/bms_gui/mainwindow.h:32:7:[m[K [01;36m[Knote: [m[K‘[01m[Kclass MainWindow[m[K’ defined here
[3.063s]    32 | class [01;36m[KMainWindow[m[K : public QMainWindow
[3.063s]       |       [01;36m[K^~~~~~~~~~[m[K
[3.063s] [01m[K/home/frank/thesis_ws/bms_gui/src/src/mainwindow.cpp:135:6:[m[K [01;31m[Kerror: [m[Kno declaration matches ‘[01m[Kvoid MainWindow::lcd_cell_9_voltage_update(int)[m[K’
[3.064s]   135 | void [01;31m[KMainWindow[m[K::lcd_cell_9_voltage_update(int value)
[3.064s]       |      [01;31m[K^~~~~~~~~~[m[K
[3.064s] [01m[K/home/frank/thesis_ws/bms_gui/src/src/mainwindow.cpp:135:6:[m[K [01;36m[Knote: [m[Kno functions named ‘[01m[Kvoid MainWindow::lcd_cell_9_voltage_update(int)[m[K’
[3.064s] In file included from [01m[K/home/frank/thesis_ws/bms_gui/src/src/mainwindow.cpp:1[m[K:
[3.064s] [01m[K/home/frank/thesis_ws/bms_gui/src/include/bms_gui/mainwindow.h:32:7:[m[K [01;36m[Knote: [m[K‘[01m[Kclass MainWindow[m[K’ defined here
[3.064s]    32 | class [01;36m[KMainWindow[m[K : public QMainWindow
[3.064s]       |       [01;36m[K^~~~~~~~~~[m[K
[3.591s] gmake[2]: *** [CMakeFiles/bms_gui.dir/build.make:102: CMakeFiles/bms_gui.dir/src/mainwindow.cpp.o] Error 1
[3.592s] gmake[1]: *** [CMakeFiles/Makefile2:137: CMakeFiles/bms_gui.dir/all] Error 2
[3.592s] gmake: *** [Makefile:146: all] Error 2
[3.595s] Invoked command in '/home/frank/thesis_ws/bms_gui/build/bms_gui' returned '2': CMAKE_PREFIX_PATH=${CMAKE_PREFIX_PATH}:/opt/ros/humble /usr/bin/cmake --build /home/frank/thesis_ws/bms_gui/build/bms_gui -- -j16 -l16
