-- The C compiler identification is GNU 11.4.0
-- The CXX compiler identification is GNU 11.4.0
-- Detecting C compiler ABI info
-- Detecting C compiler ABI info - done
-- Check for working C compiler: /usr/bin/cc - skipped
-- Detecting C compile features
-- Detecting C compile features - done
-- Detecting CXX compiler ABI info
-- Detecting CXX compiler ABI info - done
-- Check for working CXX compiler: /usr/bin/c++ - skipped
-- Detecting CXX compile features
-- Detecting CXX compile features - done
-- Found ament_cmake: 1.3.9 (/opt/ros/humble/share/ament_cmake/cmake)
-- Found Python3: /usr/bin/python3 (found version "3.10.12") found components: Interpreter
-- Found rclcpp: 16.0.9 (/opt/ros/humble/share/rclcpp/cmake)
-- Found rosidl_generator_c: 3.1.5 (/opt/ros/humble/share/rosidl_generator_c/cmake)
-- Found rosidl_adapter: 3.1.5 (/opt/ros/humble/share/rosidl_adapter/cmake)
-- Found rosidl_generator_cpp: 3.1.5 (/opt/ros/humble/share/rosidl_generator_cpp/cmake)
-- Using all available rosidl_typesupport_c: rosidl_typesupport_fastrtps_c;rosidl_typesupport_introspection_c
-- Using all available rosidl_typesupport_cpp: rosidl_typesupport_fastrtps_cpp;rosidl_typesupport_introspection_cpp
-- Found rmw_implementation_cmake: 6.1.2 (/opt/ros/humble/share/rmw_implementation_cmake/cmake)
-- Found rmw_fastrtps_cpp: 6.2.6 (/opt/ros/humble/share/rmw_fastrtps_cpp/cmake)
-- Found OpenSSL: /usr/lib/x86_64-linux-gnu/libcrypto.so (found version "3.0.2")
-- Found FastRTPS: /opt/ros/humble/include
-- Using RMW implementation 'rmw_fastrtps_cpp' as default
-- Performing Test CMAKE_HAVE_LIBC_PTHREAD
-- Performing Test CMAKE_HAVE_LIBC_PTHREAD - Success
-- Found Threads: TRUE
-- Found Boost: /usr/lib/x86_64-linux-gnu/cmake/Boost-1.74.0/BoostConfig.cmake (found suitable version "1.74.0", minimum required is "1.71.0") found components: thread
-- Found rclcpp_action: 16.0.9 (/opt/ros/humble/share/rclcpp_action/cmake)
-- Found sensor_msgs: 4.2.3 (/opt/ros/humble/share/sensor_msgs/cmake)
-- Found PkgConfig: /usr/bin/pkg-config (found version "0.29.2")
-- Checking for module 'libmodbus'
--   Found libmodbus, version 3.1.10
-- Found ament_lint_auto: 0.12.11 (/opt/ros/humble/share/ament_lint_auto/cmake)
-- Added test 'cppcheck' to perform static code analysis on C / C++ code
-- Configured cppcheck include dirs: /home/frank/thesis_ws/bms_gui/src/include
-- Configured cppcheck exclude dirs and/or files: 
-- Added test 'flake8' to check Python code syntax and style conventions
-- Added test 'lint_cmake' to check CMake code style
-- Added test 'pep257' to check Python code against some of the docstring style conventions in PEP 257
-- Added test 'uncrustify' to check C / C++ code style
-- Configured uncrustify additional arguments: 
-- Added test 'xmllint' to check XML markup files
-- Configuring done (0.9s)
-- Generating done (0.0s)
-- Build files have been written to: /home/frank/thesis_ws/bms_gui/build/bms_gui
[  9%] [34m[1mGenerating ui_mainwindow.h[0m
[ 18%] [34m[1mGenerating build/bms_gui/moc_ui_mainwindow.cpp[0m
[ 27%] [34m[1mGenerating include/bms_gui/moc_mainwindow.cpp[0m
[ 36%] [34m[1mGenerating include/bms_gui/moc_ros2comm.cpp[0m
[ 63%] [32mBuilding CXX object CMakeFiles/bms_gui.dir/build/bms_gui/moc_ui_mainwindow.cpp.o[0m
[ 63%] [32mBuilding CXX object CMakeFiles/bms_gui.dir/src/ros2comm.cpp.o[0m
[ 63%] [32mBuilding CXX object CMakeFiles/bms_gui.dir/src/main.cpp.o[0m
[ 72%] [32mBuilding CXX object CMakeFiles/bms_gui.dir/include/bms_gui/moc_mainwindow.cpp.o[0m
[ 81%] [32mBuilding CXX object CMakeFiles/bms_gui.dir/src/mainwindow.cpp.o[0m
[ 90%] [32mBuilding CXX object CMakeFiles/bms_gui.dir/include/bms_gui/moc_ros2comm.cpp.o[0m
[100%] [32m[1mLinking CXX executable bms_gui[0m
[100%] Built target bms_gui
-- Install configuration: ""
-- Installing: /home/frank/thesis_ws/bms_gui/install/bms_gui/lib/bms_gui/bms_gui
-- Set non-toolchain portion of runtime path of "/home/frank/thesis_ws/bms_gui/install/bms_gui/lib/bms_gui/bms_gui" to ""
-- Installing: /home/frank/thesis_ws/bms_gui/install/bms_gui/share/ament_index/resource_index/package_run_dependencies/bms_gui
-- Installing: /home/frank/thesis_ws/bms_gui/install/bms_gui/share/ament_index/resource_index/parent_prefix_path/bms_gui
-- Installing: /home/frank/thesis_ws/bms_gui/install/bms_gui/share/bms_gui/environment/ament_prefix_path.sh
-- Installing: /home/frank/thesis_ws/bms_gui/install/bms_gui/share/bms_gui/environment/ament_prefix_path.dsv
-- Installing: /home/frank/thesis_ws/bms_gui/install/bms_gui/share/bms_gui/environment/path.sh
-- Installing: /home/frank/thesis_ws/bms_gui/install/bms_gui/share/bms_gui/environment/path.dsv
-- Installing: /home/frank/thesis_ws/bms_gui/install/bms_gui/share/bms_gui/local_setup.bash
-- Installing: /home/frank/thesis_ws/bms_gui/install/bms_gui/share/bms_gui/local_setup.sh
-- Installing: /home/frank/thesis_ws/bms_gui/install/bms_gui/share/bms_gui/local_setup.zsh
-- Installing: /home/frank/thesis_ws/bms_gui/install/bms_gui/share/bms_gui/local_setup.dsv
-- Installing: /home/frank/thesis_ws/bms_gui/install/bms_gui/share/bms_gui/package.dsv
-- Installing: /home/frank/thesis_ws/bms_gui/install/bms_gui/share/ament_index/resource_index/packages/bms_gui
-- Installing: /home/frank/thesis_ws/bms_gui/install/bms_gui/share/bms_gui/cmake/bms_guiConfig.cmake
-- Installing: /home/frank/thesis_ws/bms_gui/install/bms_gui/share/bms_gui/cmake/bms_guiConfig-version.cmake
-- Installing: /home/frank/thesis_ws/bms_gui/install/bms_gui/share/bms_gui/package.xml
