2024-07-26 16:15:48,665 [INFO] Activator:176 - 


2024-07-26 16:15:48,669 [INFO] Activator:177 - !SESSION log4j initialized
2024-07-26 16:15:52,083 [INFO] LogOutputStream:77 - [STDOUT_REDIRECT] 
2024-07-26 16:15:52,975 [INFO] ApplicationProperties:184 - Using Application install path: /home/frank/st/stm32cubeide_1.14.0/plugins/com.st.stm32cube.common.mx_6.11.1.202404110753
2024-07-26 16:15:52,990 [INFO] DbMcusXml:78 - Set database path to: /home/frank/st/stm32cubeide_1.14.0/plugins/com.st.stm32cube.common.mx_6.11.1.202404110753//db//mcu/
2024-07-26 16:15:52,990 [INFO] ApiDb:274 - Set plugin database path to: /home/frank/st/stm32cubeide_1.14.0/plugins/com.st.stm32cube.common.mx_6.11.1.202404110753//db//plugins/boardmanager/
2024-07-26 16:15:52,990 [WARN] ApiDb:259 - Overriding images path with different value:  => /home/frank/st/stm32cubeide_1.14.0/plugins/com.st.stm32cube.common.mx_6.11.1.202404110753//db//plugins/mcufinder/images/
2024-07-26 16:15:52,998 [INFO] ApiDb:250 - Set database path to: /home/frank/.stmcufinder/plugins/mcufinder//mcu/
2024-07-26 16:15:52,999 [INFO] DbMcusAds:125 - Set database path to: /home/frank/.stmcufinder/plugins/mcufinder//mcu/
2024-07-26 16:15:53,003 [INFO] CrossReferenceDbSqlite:203 - Set database path to: /home/frank/.stmcufinder/plugins/mcufinder//mcu/cs/
2024-07-26 16:15:53,122 [INFO] RulesReader:64 - Compatibility file has been processed (297 Rules)
2024-07-26 16:15:53,179 [INFO] DbMcusXml:78 - Set database path to: /home/frank/st/stm32cubeide_1.14.0/plugins/com.st.stm32cube.common.mx_6.11.1.202404110753//db//mcu/
2024-07-26 16:15:53,179 [INFO] ApiDb:274 - Set plugin database path to: /home/frank/st/stm32cubeide_1.14.0/plugins/com.st.stm32cube.common.mx_6.11.1.202404110753//db//plugins/boardmanager/
2024-07-26 16:15:53,179 [INFO] ApiDb:261 - Set plugin images path to: /home/frank/st/stm32cubeide_1.14.0/plugins/com.st.stm32cube.common.mx_6.11.1.202404110753//db//plugins/mcufinder/images/
2024-07-26 16:15:53,179 [WARN] DbFile:41 - Overriding database path with different value: /home/frank/.stmcufinder/plugins/mcufinder/ => /home/frank/.stmcufinder/plugins/mcufinder
2024-07-26 16:15:53,179 [INFO] ApiDb:250 - Set database path to: /home/frank/.stmcufinder/plugins/mcufinder//mcu/
2024-07-26 16:15:53,180 [WARN] DbFile:41 - Overriding database path with different value: /home/frank/.stmcufinder/plugins/mcufinder/ => /home/frank/.stmcufinder/plugins/mcufinder
2024-07-26 16:15:53,180 [INFO] DbMcusAds:125 - Set database path to: /home/frank/.stmcufinder/plugins/mcufinder//mcu/
2024-07-26 16:15:53,180 [WARN] DbFile:41 - Overriding database path with different value: /home/frank/.stmcufinder/plugins/mcufinder/ => /home/frank/.stmcufinder/plugins/mcufinder
2024-07-26 16:15:53,180 [WARN] DbFile:41 - Overriding database path with different value: /home/frank/.stmcufinder/plugins/mcufinder/ => /home/frank/.stmcufinder/plugins/mcufinder
2024-07-26 16:15:53,180 [INFO] CrossReferenceDbSqlite:203 - Set database path to: /home/frank/.stmcufinder/plugins/mcufinder//mcu/cs/
2024-07-26 16:15:53,241 [INFO] MainPanel:264 - HeapMemory: 268435456
2024-07-26 16:15:53,310 [INFO] DbMcusXml:78 - Set database path to: /home/frank/st/stm32cubeide_1.14.0/plugins/com.st.stm32cube.common.mx_6.11.1.202404110753//db//mcu/
2024-07-26 16:15:53,311 [INFO] ApiDb:274 - Set plugin database path to: /home/frank/st/stm32cubeide_1.14.0/plugins/com.st.stm32cube.common.mx_6.11.1.202404110753//db//plugins/boardmanager/
2024-07-26 16:15:53,311 [INFO] ApiDb:261 - Set plugin images path to: /home/frank/st/stm32cubeide_1.14.0/plugins/com.st.stm32cube.common.mx_6.11.1.202404110753//db//plugins/mcufinder/images/
2024-07-26 16:15:53,311 [WARN] DbFile:41 - Overriding database path with different value: /home/frank/.stmcufinder/plugins/mcufinder/ => /home/frank/.stmcufinder/plugins/mcufinder
2024-07-26 16:15:53,311 [INFO] ApiDb:250 - Set database path to: /home/frank/.stmcufinder/plugins/mcufinder//mcu/
2024-07-26 16:15:53,311 [WARN] DbFile:41 - Overriding database path with different value: /home/frank/.stmcufinder/plugins/mcufinder/ => /home/frank/.stmcufinder/plugins/mcufinder
2024-07-26 16:15:53,311 [INFO] DbMcusAds:125 - Set database path to: /home/frank/.stmcufinder/plugins/mcufinder//mcu/
2024-07-26 16:15:53,311 [WARN] DbFile:41 - Overriding database path with different value: /home/frank/.stmcufinder/plugins/mcufinder/ => /home/frank/.stmcufinder/plugins/mcufinder
2024-07-26 16:15:53,311 [WARN] DbFile:41 - Overriding database path with different value: /home/frank/.stmcufinder/plugins/mcufinder/ => /home/frank/.stmcufinder/plugins/mcufinder
2024-07-26 16:15:53,312 [INFO] CrossReferenceDbSqlite:203 - Set database path to: /home/frank/.stmcufinder/plugins/mcufinder//mcu/cs/
2024-07-26 16:15:53,324 [INFO] ApplicationProperties:184 - Using Application install path: /home/frank/st/stm32cubeide_1.14.0/plugins/com.st.stm32cube.common.mx_6.11.1.202404110753
2024-07-26 16:15:53,326 [INFO] PluginManage:196 - Search for loadable plugins [exclusion list=, ]
2024-07-26 16:15:53,327 [INFO] PluginManage:310 - Check plugin analytics
2024-07-26 16:15:53,448 [INFO] AnalyticsPlugin:253 - Accepted Software Licenses: 
2024-07-26 16:15:53,448 [INFO] AnalyticsPlugin:255 - Accepted CMSIS Pack Licenses: 
2024-07-26 16:15:53,449 [INFO] AnalyticsPlugin:257 - Accepted Firmware Licenses: FW.F4.1.28.0,FW.F4.1.27.0
2024-07-26 16:15:53,451 [INFO] PluginManage:359 - Loaded plugin analytics (category:tool,tabindex:-1)
2024-07-26 16:15:53,451 [INFO] PluginManage:310 - Check plugin cadmodel
2024-07-26 16:15:53,474 [INFO] CADModel:105 - Init CAD model plugin
2024-07-26 16:15:53,475 [INFO] PluginManage:359 - Loaded plugin cadmodel (category:power,tabindex:5)
2024-07-26 16:15:53,475 [INFO] PluginManage:310 - Check plugin clock
2024-07-26 16:15:53,484 [INFO] PluginManage:359 - Loaded plugin clock (category:base,tabindex:2)
2024-07-26 16:15:53,484 [INFO] PluginManage:310 - Check plugin ddr
2024-07-26 16:15:53,485 [INFO] PluginManage:359 - Loaded plugin ddr (category:tool,tabindex:6)
2024-07-26 16:15:53,485 [INFO] PluginManage:310 - Check plugin filemanager
2024-07-26 16:15:53,603 [INFO] PluginManage:359 - Loaded plugin filemanager (category:base,tabindex:10)
2024-07-26 16:15:53,603 [INFO] PluginManage:310 - Check plugin ipmanager
2024-07-26 16:15:53,607 [INFO] PluginManage:359 - Loaded plugin ipmanager (category:base,tabindex:5)
2024-07-26 16:15:53,607 [INFO] PluginManage:310 - Check plugin lpbam
2024-07-26 16:15:53,615 [INFO] PluginManage:359 - Loaded plugin lpbam (category:base,tabindex:0)
2024-07-26 16:15:53,615 [INFO] PluginManage:310 - Check plugin memorymap
2024-07-26 16:15:53,623 [INFO] PluginManage:359 - Loaded plugin memorymap (category:base,tabindex:4)
2024-07-26 16:15:53,623 [INFO] PluginManage:310 - Check plugin pinoutandconfiguration
2024-07-26 16:15:53,630 [INFO] PluginManage:359 - Loaded plugin pinoutandconfiguration (category:base,tabindex:1)
2024-07-26 16:15:53,630 [INFO] PluginManage:310 - Check plugin pinoutconfig
2024-07-26 16:15:53,694 [WARN] SupportedApi:132 - Cannot load RTOS API schema: s4s-elt-must-match.1: The content of 'definitions' must match (annotation?, (simpleType | complexType)?, (unique | key | keyref)*)). A problem was found starting at: attribute.
2024-07-26 16:15:53,790 [INFO] PluginManage:359 - Loaded plugin pinoutconfig (category:base,tabindex:0)
2024-07-26 16:15:53,791 [INFO] PluginManage:310 - Check plugin power
2024-07-26 16:15:53,799 [INFO] PluginManage:359 - Loaded plugin power (category:power,tabindex:4)
2024-07-26 16:15:53,799 [INFO] PluginManage:310 - Check plugin projectmanager
2024-07-26 16:15:53,814 [INFO] PluginManage:359 - Loaded plugin projectmanager (category:projectmanager,tabindex:3)
2024-07-26 16:15:53,814 [INFO] PluginManage:310 - Check plugin thirdparty
2024-07-26 16:15:53,919 [INFO] PluginManage:359 - Loaded plugin thirdparty (category:base,tabindex:-1)
2024-07-26 16:15:53,920 [INFO] PluginManage:310 - Check plugin tools
2024-07-26 16:15:53,920 [WARN] IntegrityCheckThread:84 - waiting for thirdparty lock release [integrity check]
2024-07-26 16:15:53,920 [INFO] IntegrityCheckThread:86 - entering critical section [integrity check]
2024-07-26 16:15:53,920 [INFO] ThirdPartyUpdaterWithRetryManager:70 - Updater plugin not ready yet. [1/15]
2024-07-26 16:15:53,922 [INFO] PluginManage:359 - Loaded plugin tools (category:base,tabindex:7)
2024-07-26 16:15:53,922 [INFO] PluginManage:310 - Check plugin tutovideos
2024-07-26 16:15:54,032 [INFO] PluginManage:359 - Loaded plugin tutovideos (category:base,tabindex:-1)
2024-07-26 16:15:54,032 [INFO] PluginManage:310 - Check plugin updater
2024-07-26 16:15:54,042 [INFO] PluginManage:359 - Loaded plugin updater (category:base,tabindex:12)
2024-07-26 16:15:54,042 [INFO] PluginManage:310 - Check plugin userauth
2024-07-26 16:15:54,045 [INFO] UserAuth:114 - Init User Auth plugin
2024-07-26 16:15:54,046 [INFO] PluginManage:359 - Loaded plugin userauth (category:base,tabindex:14)
2024-07-26 16:15:54,046 [INFO] PluginManage:283 - PluginManage : Loaded plugins [17]
2024-07-26 16:15:54,181 [INFO] PinOutPanel:1561 - setPackage(No Configuration,No Configuration)
2024-07-26 16:15:54,231 [INFO] CADModel:165 - CPN selected for project level
2024-07-26 16:15:54,232 [INFO] CADModel:114 - Register for checkConnection events
2024-07-26 16:15:54,241 [INFO] IPUIPlugin:80 - create IPUIPlugin
2024-07-26 16:15:54,241 [INFO] PluginManager:220 - loadIPPluginJar : add ucpd
2024-07-26 16:15:54,242 [INFO] IPUIPlugin:80 - create IPUIPlugin
2024-07-26 16:15:54,243 [INFO] PluginManager:220 - loadIPPluginJar : add ltdc
2024-07-26 16:15:54,248 [INFO] IPUIPlugin:80 - create IPUIPlugin
2024-07-26 16:15:54,250 [INFO] PluginManager:220 - loadIPPluginJar : add plateformsettings
2024-07-26 16:15:54,254 [INFO] IPUIPlugin:80 - create IPUIPlugin
2024-07-26 16:15:54,254 [INFO] PluginManager:220 - loadIPPluginJar : add hash
2024-07-26 16:15:54,256 [INFO] IPUIPlugin:80 - create IPUIPlugin
2024-07-26 16:15:54,256 [INFO] PluginManager:220 - loadIPPluginJar : add gfxmmu
2024-07-26 16:15:54,261 [INFO] IPUIPlugin:80 - create IPUIPlugin
2024-07-26 16:15:54,261 [INFO] PluginManager:220 - loadIPPluginJar : add stm32_wpan
2024-07-26 16:15:54,263 [INFO] IPUIPlugin:80 - create IPUIPlugin
2024-07-26 16:15:54,263 [INFO] PluginManager:220 - loadIPPluginJar : add ts
2024-07-26 16:15:54,263 [INFO] IPUIPlugin:80 - create IPUIPlugin
2024-07-26 16:15:54,264 [INFO] PluginManager:220 - loadIPPluginJar : add quadspi
2024-07-26 16:15:54,265 [INFO] IPUIPlugin:80 - create IPUIPlugin
2024-07-26 16:15:54,265 [INFO] PluginManager:220 - loadIPPluginJar : add usbx
2024-07-26 16:15:54,267 [INFO] IPUIPlugin:80 - create IPUIPlugin
2024-07-26 16:15:54,267 [INFO] PluginManager:220 - loadIPPluginJar : add aes
2024-07-26 16:15:54,269 [INFO] IPUIPlugin:80 - create IPUIPlugin
2024-07-26 16:15:54,270 [INFO] PluginManager:220 - loadIPPluginJar : add nvic
2024-07-26 16:15:54,274 [INFO] IPUIPlugin:80 - create IPUIPlugin
2024-07-26 16:15:54,274 [INFO] PluginManager:220 - loadIPPluginJar : add adc
2024-07-26 16:15:54,276 [INFO] IPUIPlugin:80 - create IPUIPlugin
2024-07-26 16:15:54,276 [INFO] PluginManager:220 - loadIPPluginJar : add cryp
2024-07-26 16:15:54,278 [INFO] IPUIPlugin:80 - create IPUIPlugin
2024-07-26 16:15:54,278 [INFO] PluginManager:220 - loadIPPluginJar : add touchsensing
2024-07-26 16:15:54,281 [INFO] IPUIPlugin:80 - create IPUIPlugin
2024-07-26 16:15:54,281 [INFO] PluginManager:220 - loadIPPluginJar : add fmc
2024-07-26 16:15:54,283 [INFO] IPUIPlugin:80 - create IPUIPlugin
2024-07-26 16:15:54,283 [INFO] PluginManager:220 - loadIPPluginJar : add openamp
2024-07-26 16:15:54,288 [INFO] IPUIPlugin:80 - create IPUIPlugin
2024-07-26 16:15:54,288 [INFO] PluginManager:220 - loadIPPluginJar : add linkedlist
2024-07-26 16:15:54,289 [INFO] IPUIPlugin:80 - create IPUIPlugin
2024-07-26 16:15:54,290 [INFO] PluginManager:220 - loadIPPluginJar : add tracer_emb
2024-07-26 16:15:54,294 [INFO] IPUIPlugin:80 - create IPUIPlugin
2024-07-26 16:15:54,294 [INFO] PluginManager:220 - loadIPPluginJar : add dma
2024-07-26 16:15:54,296 [INFO] IPUIPlugin:80 - create IPUIPlugin
2024-07-26 16:15:54,296 [INFO] PluginManager:220 - loadIPPluginJar : add sai
2024-07-26 16:15:54,300 [INFO] IPUIPlugin:80 - create IPUIPlugin
2024-07-26 16:15:54,300 [INFO] PluginManager:220 - loadIPPluginJar : add freertos
2024-07-26 16:15:54,304 [INFO] IPUIPlugin:80 - create IPUIPlugin
2024-07-26 16:15:54,304 [INFO] PluginManager:220 - loadIPPluginJar : add mdma
2024-07-26 16:15:54,304 [INFO] IPUIPlugin:80 - create IPUIPlugin
2024-07-26 16:15:54,305 [INFO] PluginManager:220 - loadIPPluginJar : add genericplugin
2024-07-26 16:15:54,306 [INFO] IPUIPlugin:80 - create IPUIPlugin
2024-07-26 16:15:54,306 [INFO] PluginManager:220 - loadIPPluginJar : add tsc
2024-07-26 16:15:54,308 [INFO] IPUIPlugin:80 - create IPUIPlugin
2024-07-26 16:15:54,308 [INFO] PluginManager:220 - loadIPPluginJar : add pdm2pcm
2024-07-26 16:15:54,309 [INFO] IPUIPlugin:80 - create IPUIPlugin
2024-07-26 16:15:54,309 [INFO] PluginManager:220 - loadIPPluginJar : add fatfs
2024-07-26 16:15:54,310 [INFO] IPUIPlugin:80 - create IPUIPlugin
2024-07-26 16:15:54,310 [INFO] PluginManager:220 - loadIPPluginJar : add can
2024-07-26 16:15:54,312 [INFO] IPUIPlugin:80 - create IPUIPlugin
2024-07-26 16:15:54,312 [INFO] PluginManager:220 - loadIPPluginJar : add i3c
2024-07-26 16:15:54,313 [INFO] IPUIPlugin:80 - create IPUIPlugin
2024-07-26 16:15:54,313 [INFO] PluginManager:220 - loadIPPluginJar : add i2s
2024-07-26 16:15:54,314 [INFO] IPUIPlugin:80 - create IPUIPlugin
2024-07-26 16:15:54,315 [INFO] PluginManager:220 - loadIPPluginJar : add i2c
2024-07-26 16:15:54,316 [INFO] IPUIPlugin:80 - create IPUIPlugin
2024-07-26 16:15:54,316 [INFO] PluginManager:220 - loadIPPluginJar : add spi
2024-07-26 16:15:54,317 [INFO] IPUIPlugin:80 - create IPUIPlugin
2024-07-26 16:15:54,317 [INFO] PluginManager:220 - loadIPPluginJar : add dfsdm
2024-07-26 16:15:54,318 [INFO] IPUIPlugin:80 - create IPUIPlugin
2024-07-26 16:15:54,318 [INFO] PluginManager:220 - loadIPPluginJar : add tim
2024-07-26 16:15:54,319 [INFO] IPUIPlugin:80 - create IPUIPlugin
2024-07-26 16:15:54,320 [INFO] PluginManager:220 - loadIPPluginJar : add opamp
2024-07-26 16:15:54,321 [INFO] IPUIPlugin:80 - create IPUIPlugin
2024-07-26 16:15:54,321 [INFO] PluginManager:220 - loadIPPluginJar : add dma3
2024-07-26 16:15:54,323 [INFO] IPUIPlugin:80 - create IPUIPlugin
2024-07-26 16:15:54,323 [INFO] PluginManager:220 - loadIPPluginJar : add ipddr
2024-07-26 16:15:54,324 [INFO] IPUIPlugin:80 - create IPUIPlugin
2024-07-26 16:15:54,324 [INFO] PluginManager:220 - loadIPPluginJar : add comp
2024-07-26 16:15:54,327 [INFO] IPUIPlugin:80 - create IPUIPlugin
2024-07-26 16:15:54,327 [INFO] PluginManager:220 - loadIPPluginJar : add resmgrutility
2024-07-26 16:15:54,328 [INFO] IPUIPlugin:80 - create IPUIPlugin
2024-07-26 16:15:54,328 [INFO] PluginManager:220 - loadIPPluginJar : add extmemmanager
2024-07-26 16:15:54,330 [INFO] IPUIPlugin:80 - create IPUIPlugin
2024-07-26 16:15:54,330 [INFO] PluginManager:220 - loadIPPluginJar : add gtzc
2024-07-26 16:15:54,333 [INFO] IPUIPlugin:80 - create IPUIPlugin
2024-07-26 16:15:54,333 [INFO] PluginManager:220 - loadIPPluginJar : add gpio
2024-07-26 16:15:54,335 [INFO] IPUIPlugin:80 - create IPUIPlugin
2024-07-26 16:15:54,335 [INFO] PluginManager:220 - loadIPPluginJar : add usart
2024-07-26 16:15:54,336 [INFO] IPUIPlugin:80 - create IPUIPlugin
2024-07-26 16:15:54,336 [INFO] PluginManager:220 - loadIPPluginJar : add lorawan
2024-07-26 16:15:54,340 [INFO] IPUIPlugin:80 - create IPUIPlugin
2024-07-26 16:15:54,340 [INFO] PluginManager:220 - loadIPPluginJar : add gic
2024-07-26 16:15:54,436 [INFO] CADModel:165 - CPN selected for project level
2024-07-26 16:15:54,436 [INFO] CADModel:114 - Register for checkConnection events
2024-07-26 16:15:54,436 [FATAL] Updater:308 - Updater called before beeing initialized
2024-07-26 16:15:54,436 [ERROR] CADModel:125 - Updater not yet initialized, retry later 
2024-07-26 16:15:54,541 [INFO] CADModel:165 - CPN selected for project level
2024-07-26 16:15:54,541 [INFO] CADModel:114 - Register for checkConnection events
2024-07-26 16:15:54,541 [FATAL] Updater:308 - Updater called before beeing initialized
2024-07-26 16:15:54,541 [ERROR] CADModel:125 - Updater not yet initialized, retry later 
2024-07-26 16:15:54,544 [FATAL] Updater:308 - Updater called before beeing initialized
2024-07-26 16:15:54,611 [FATAL] Updater:308 - Updater called before beeing initialized
2024-07-26 16:15:54,614 [INFO] DbMcusAds:53 - JSON generation date=Thu May 16 11:22:00 CEST 2024 (1715851320667)
2024-07-26 16:15:54,614 [FATAL] Updater:308 - Updater called before beeing initialized
2024-07-26 16:15:54,646 [WARN] DetailPanel:346 - Failed to get advertising image, set to default
2024-07-26 16:15:54,707 [FATAL] Updater:308 - Updater called before beeing initialized
2024-07-26 16:15:54,708 [FATAL] Updater:308 - Updater called before beeing initialized
2024-07-26 16:15:54,708 [FATAL] Updater:308 - Updater called before beeing initialized
2024-07-26 16:15:54,708 [WARN] DetailPanel:346 - Failed to get advertising image, set to default
2024-07-26 16:15:54,709 [FATAL] Updater:308 - Updater called before beeing initialized
2024-07-26 16:15:54,735 [ERROR] Updater:1120 - MainUpdater not yet initialized. External WinMGr cannot be set.
2024-07-26 16:15:54,737 [INFO] Updater:1056 - Updater Version found : 6.11.1
2024-07-26 16:15:54,753 [INFO] ApplicationProperties:184 - Using Application install path: /home/frank/st/stm32cubeide_1.14.0/plugins/com.st.stm32cube.common.mx_6.11.1.202404110753
2024-07-26 16:15:55,102 [INFO] MainUpdater:2873 - connection check result : 10
2024-07-26 16:15:55,103 [INFO] MainUpdater:290 - Updater Check For Update Now.
2024-07-26 16:15:55,103 [INFO] MicroXplorer:498 - Change Database Version : DB.6.0.111
2024-07-26 16:15:55,106 [INFO] McuFinderGlobals:63 - Set McuFinder mode to 2 (CubeIDE integrated)
2024-07-26 16:15:55,111 [INFO] UserAuth:415 - Internet connection configuration mode: 1
2024-07-26 16:15:55,124 [INFO] JxBrowserEngine:152 - Initiate JxBrowser Engine with user profile folder
2024-07-26 16:15:55,313 [INFO] CheckServerUpdateThread:120 - End of CheckServer Thread
2024-07-26 16:15:55,851 [INFO] WebApp:161 - Instantiating new browser for Auth
2024-07-26 16:15:56,966 [INFO] WebApp:779 - Register for checkConnection events
2024-07-26 16:15:56,967 [INFO] WebApp:414 - Apply proxy settings
2024-07-26 16:15:56,967 [INFO] WebApp:499 - Chromium requires no authentication
2024-07-26 16:15:56,973 [INFO] WebApp:442 - Direct internet connection detected
2024-07-26 16:15:57,042 [WARN] PackLoader:240 - Cannot read IP mode file for STMicroelectronics.FP-SNS-MOTENVWB1.1.4.0
2024-07-26 16:15:57,050 [WARN] PackLoader:240 - Cannot read IP mode file for STMicroelectronics.X-CUBE-SMBUS.2.1.0
2024-07-26 16:15:57,053 [WARN] PackLoader:240 - Cannot read IP mode file for STMicroelectronics.X-CUBE-TOUCHGFX.4.23.2
2024-07-26 16:15:57,080 [WARN] PackLoader:240 - Cannot read IP mode file for STMicroelectronics.X-CUBE-AZRTOS-F7.1.1.0
2024-07-26 16:15:57,089 [WARN] PackLoader:240 - Cannot read IP mode file for STMicroelectronics.FP-SNS-MOTENV1.4.3.2
2024-07-26 16:15:57,095 [WARN] PackLoader:240 - Cannot read IP mode file for STMicroelectronics.FP-SNS-FLIGHT1.5.0.2
2024-07-26 16:15:57,102 [WARN] PackLoader:240 - Cannot read IP mode file for STMicroelectronics.X-CUBE-DISPLAY.3.0.0
2024-07-26 16:15:57,115 [WARN] PackLoader:240 - Cannot read IP mode file for STMicroelectronics.X-CUBE-BLE1.7.0.0
2024-07-26 16:15:57,120 [WARN] PackLoader:240 - Cannot read IP mode file for emotas.I-CUBE-CANOPEN.1.3.0
2024-07-26 16:15:57,133 [WARN] PackLoader:240 - Cannot read IP mode file for STMicroelectronics.X-CUBE-BLEMGR.3.1.0
2024-07-26 16:15:57,141 [INFO] WebApp:192 - Starting web application
2024-07-26 16:15:57,141 [WARN] PackLoader:240 - Cannot read IP mode file for STMicroelectronics.FP-SNS-SMARTAG2.1.2.0
2024-07-26 16:15:57,141 [INFO] WebApp:544 - Web application path used /home/frank/st/stm32cubeide_1.14.0/plugins/com.st.stm32cube.common.mx_6.11.1.202404110753/db/plugins/mcufinder/reactClient1/index.html
2024-07-26 16:15:57,153 [INFO] LogOutputStream:77 - [STDOUT_REDIRECT] 1 : Invalid condition id : UX_CORESTACK_Condition cause : null
2024-07-26 16:15:57,153 [INFO] LogOutputStream:77 - [STDOUT_REDIRECT] 1 : Invalid condition id : UX_CORESTACK_Condition cause : null
2024-07-26 16:15:57,153 [INFO] LogOutputStream:77 - [STDOUT_REDIRECT] 1 : Invalid condition id : UX_CORESTACK_Condition cause : null
2024-07-26 16:15:57,154 [INFO] LogOutputStream:77 - [STDOUT_REDIRECT] 1 : Invalid condition id : UX_CORESTACK_Condition cause : null
2024-07-26 16:15:57,154 [INFO] LogOutputStream:77 - [STDOUT_REDIRECT] 1 : Invalid condition id : UX_CORESTACK_Condition cause : null
2024-07-26 16:15:57,157 [WARN] PackLoader:240 - Cannot read IP mode file for STMicroelectronics.X-CUBE-AZRTOS-WL.2.0.0
2024-07-26 16:15:57,162 [WARN] PackLoader:240 - Cannot read IP mode file for STMicroelectronics.FP-SNS-MOTENV1.5.0.0
2024-07-26 16:15:57,167 [WARN] PackLoader:240 - Cannot read IP mode file for wolfSSL.I-CUBE-wolfMQTT.1.19.0
2024-07-26 16:15:57,173 [WARN] PackLoader:240 - Cannot read IP mode file for WES.I-CUBE-Cesium.1.3.0
2024-07-26 16:15:57,178 [WARN] PackLoader:240 - Cannot read IP mode file for STMicroelectronics.X-CUBE-BLE2.3.3.0
2024-07-26 16:15:57,182 [WARN] PackLoader:240 - Cannot read IP mode file for STMicroelectronics.X-CUBE-TCPP.4.1.0
2024-07-26 16:15:57,198 [WARN] PackLoader:240 - Cannot read IP mode file for STMicroelectronics.X-CUBE-AZRTOS-G0.1.1.0
2024-07-26 16:15:57,205 [WARN] PackLoader:240 - Cannot read IP mode file for STMicroelectronics.X-CUBE-SAFEA1.1.2.2
2024-07-26 16:15:57,209 [WARN] PackLoader:240 - Cannot read IP mode file for STMicroelectronics.X-CUBE-NFC4.3.0.0
2024-07-26 16:15:57,212 [WARN] PackLoader:240 - Cannot read IP mode file for wolfSSL.I-CUBE-wolfMQTT.1.18.0
2024-07-26 16:15:57,228 [WARN] PackLoader:240 - Cannot read IP mode file for EmbeddedOffice.I-CUBE-FS-RTOS.1.0.1
2024-07-26 16:15:57,228 [ERROR] ConditionMgr:805 - Attr not supported : Dmpu
2024-07-26 16:15:57,228 [ERROR] ConditionMgr:805 - Attr not supported : Dmpu
2024-07-26 16:15:57,229 [ERROR] ConditionMgr:805 - Attr not supported : Dmpu
2024-07-26 16:15:57,229 [ERROR] ConditionMgr:805 - Attr not supported : Dmpu
2024-07-26 16:15:57,229 [ERROR] ConditionMgr:805 - Attr not supported : Dmpu
2024-07-26 16:15:57,229 [ERROR] ConditionMgr:805 - Attr not supported : Dmpu
2024-07-26 16:15:57,229 [ERROR] ConditionMgr:805 - Attr not supported : Dmpu
2024-07-26 16:15:57,229 [ERROR] ConditionMgr:805 - Attr not supported : Dmpu
2024-07-26 16:15:57,229 [ERROR] ConditionMgr:805 - Attr not supported : Dmpu
2024-07-26 16:15:57,229 [ERROR] ConditionMgr:805 - Attr not supported : Dmpu
2024-07-26 16:15:57,229 [ERROR] ConditionMgr:805 - Attr not supported : Dmpu
2024-07-26 16:15:57,229 [ERROR] ConditionMgr:805 - Attr not supported : Dmpu
2024-07-26 16:15:57,229 [ERROR] ConditionMgr:805 - Attr not supported : Dmpu
2024-07-26 16:15:57,230 [ERROR] ConditionMgr:805 - Attr not supported : Dmpu
2024-07-26 16:15:57,230 [ERROR] ConditionMgr:805 - Attr not supported : Dmpu
2024-07-26 16:15:57,230 [ERROR] ConditionMgr:805 - Attr not supported : Dmpu
2024-07-26 16:15:57,230 [ERROR] ConditionMgr:805 - Attr not supported : Dmpu
2024-07-26 16:15:57,230 [ERROR] ConditionMgr:805 - Attr not supported : Dmpu
2024-07-26 16:15:57,230 [ERROR] ConditionMgr:805 - Attr not supported : Dmpu
2024-07-26 16:15:57,230 [ERROR] ConditionMgr:805 - Attr not supported : Dmpu
2024-07-26 16:15:57,230 [ERROR] ConditionMgr:805 - Attr not supported : Dmpu
2024-07-26 16:15:57,230 [ERROR] ConditionMgr:805 - Attr not supported : Dmpu
2024-07-26 16:15:57,230 [ERROR] ConditionMgr:805 - Attr not supported : Dmpu
2024-07-26 16:15:57,230 [ERROR] ConditionMgr:805 - Attr not supported : Dmpu
2024-07-26 16:15:57,230 [ERROR] ConditionMgr:805 - Attr not supported : Dmpu
2024-07-26 16:15:57,231 [ERROR] ConditionMgr:805 - Attr not supported : Dmpu
2024-07-26 16:15:57,231 [ERROR] ConditionMgr:805 - Attr not supported : Dmpu
2024-07-26 16:15:57,231 [ERROR] ConditionMgr:805 - Attr not supported : Dmpu
2024-07-26 16:15:57,231 [ERROR] ConditionMgr:805 - Attr not supported : Dmpu
2024-07-26 16:15:57,231 [ERROR] ConditionMgr:805 - Attr not supported : Dmpu
2024-07-26 16:15:57,231 [ERROR] ConditionMgr:805 - Attr not supported : Dmpu
2024-07-26 16:15:57,232 [ERROR] ConditionMgr:805 - Attr not supported : Dmpu
2024-07-26 16:15:57,232 [ERROR] ConditionMgr:805 - Attr not supported : Dmpu
2024-07-26 16:15:57,232 [ERROR] ConditionMgr:805 - Attr not supported : Dmpu
2024-07-26 16:15:57,232 [ERROR] ConditionMgr:805 - Attr not supported : Dmpu
2024-07-26 16:15:57,232 [ERROR] ConditionMgr:805 - Attr not supported : Dmpu
2024-07-26 16:15:57,232 [ERROR] ConditionMgr:805 - Attr not supported : Dmpu
2024-07-26 16:15:57,232 [ERROR] ConditionMgr:805 - Attr not supported : Dmpu
2024-07-26 16:15:57,233 [ERROR] ConditionMgr:805 - Attr not supported : Dmpu
2024-07-26 16:15:57,233 [ERROR] ConditionMgr:805 - Attr not supported : Dmpu
2024-07-26 16:15:57,233 [ERROR] ConditionMgr:805 - Attr not supported : Dmpu
2024-07-26 16:15:57,233 [ERROR] ConditionMgr:805 - Attr not supported : Dmpu
2024-07-26 16:15:57,233 [ERROR] ConditionMgr:805 - Attr not supported : Dmpu
2024-07-26 16:15:57,233 [ERROR] ConditionMgr:805 - Attr not supported : Dmpu
2024-07-26 16:15:57,233 [ERROR] ConditionMgr:805 - Attr not supported : Dmpu
2024-07-26 16:15:57,233 [ERROR] ConditionMgr:805 - Attr not supported : Dmpu
2024-07-26 16:15:57,233 [ERROR] ConditionMgr:805 - Attr not supported : Dmpu
2024-07-26 16:15:57,233 [ERROR] ConditionMgr:805 - Attr not supported : Dmpu
2024-07-26 16:15:57,234 [ERROR] ConditionMgr:805 - Attr not supported : Dmpu
2024-07-26 16:15:57,234 [ERROR] ConditionMgr:805 - Attr not supported : Dmpu
2024-07-26 16:15:57,234 [ERROR] ConditionMgr:805 - Attr not supported : Dmpu
2024-07-26 16:15:57,234 [ERROR] ConditionMgr:805 - Attr not supported : Dmpu
2024-07-26 16:15:57,234 [ERROR] ConditionMgr:805 - Attr not supported : Dmpu
2024-07-26 16:15:57,234 [ERROR] ConditionMgr:805 - Attr not supported : Dmpu
2024-07-26 16:15:57,234 [ERROR] ConditionMgr:805 - Attr not supported : Dmpu
2024-07-26 16:15:57,234 [ERROR] ConditionMgr:805 - Attr not supported : Dmpu
2024-07-26 16:15:57,234 [ERROR] ConditionMgr:805 - Attr not supported : Dmpu
2024-07-26 16:15:57,234 [ERROR] ConditionMgr:805 - Attr not supported : Dmpu
2024-07-26 16:15:57,234 [ERROR] ConditionMgr:805 - Attr not supported : Dmpu
2024-07-26 16:15:57,235 [ERROR] ConditionMgr:805 - Attr not supported : Dmpu
2024-07-26 16:15:57,235 [ERROR] ConditionMgr:805 - Attr not supported : Dmpu
2024-07-26 16:15:57,235 [ERROR] ConditionMgr:805 - Attr not supported : Dmpu
2024-07-26 16:15:57,235 [ERROR] ConditionMgr:805 - Attr not supported : Dmpu
2024-07-26 16:15:57,235 [ERROR] ConditionMgr:805 - Attr not supported : Dmpu
2024-07-26 16:15:57,240 [WARN] PackLoader:240 - Cannot read IP mode file for RealThread.X-CUBE-RT-Thread_Nano.4.1.1
2024-07-26 16:15:57,245 [WARN] PackLoader:240 - Cannot read IP mode file for wolfSSL.I-CUBE-wolfSSL.5.7.0
2024-07-26 16:15:57,248 [WARN] PackLoader:240 - Cannot read IP mode file for STMicroelectronics.FP-ATR-SIGFOX1.3.2.0
2024-07-26 16:15:57,255 [WARN] PackLoader:240 - Cannot read IP mode file for STMicroelectronics.X-CUBE-EEPRMA1.5.1.0
2024-07-26 16:15:57,265 [WARN] PackLoader:240 - Cannot read IP mode file for ITTIA_DB.I-CUBE-ITTIADB.8.9.0
2024-07-26 16:15:57,320 [WARN] PackLoader:240 - Cannot read IP mode file for SEGGER.I-CUBE-embOS.1.3.1
2024-07-26 16:15:57,371 [WARN] PackLoader:240 - Cannot read IP mode file for STMicroelectronics.X-CUBE-ALGOBUILD.1.4.0
2024-07-26 16:15:57,376 [WARN] PackLoader:240 - Cannot read IP mode file for STMicroelectronics.X-CUBE-GNSS1.6.0.0
2024-07-26 16:15:57,394 [WARN] PackLoader:240 - Cannot read IP mode file for STMicroelectronics.X-CUBE-AZRTOS-F4.1.1.0
2024-07-26 16:15:57,401 [WARN] PackLoader:240 - Cannot read IP mode file for STMicroelectronics.X-CUBE-FREERTOS.1.2.0
2024-07-26 16:15:57,420 [WARN] PackLoader:240 - Cannot read IP mode file for STMicroelectronics.X-CUBE-AZRTOS-L5.2.0.0
2024-07-26 16:15:57,431 [WARN] PackLoader:240 - Cannot read IP mode file for STMicroelectronics.X-CUBE-NFC6.3.1.0
2024-07-26 16:15:57,438 [WARN] PackLoader:240 - Cannot read IP mode file for STMicroelectronics.X-CUBE-DPower.1.2.0
2024-07-26 16:15:57,442 [WARN] PackLoader:240 - Cannot read IP mode file for STMicroelectronics.X-CUBE-AI.9.0.0
2024-07-26 16:15:57,447 [WARN] PackLoader:240 - Cannot read IP mode file for STMicroelectronics.X-CUBE-NFC7.1.0.1
2024-07-26 16:15:57,451 [WARN] PackLoader:240 - Cannot read IP mode file for wolfSSL.I-CUBE-wolfTPM.3.2.0
2024-07-26 16:15:57,453 [WARN] PackLoader:240 - Cannot read IP mode file for STMicroelectronics.X-CUBE-AI.8.1.0
2024-07-26 16:15:57,468 [WARN] ConditionMgr:438 - getConditionDescription Invalid condition id : LAN8742 Phy interface Condition cause : null
2024-07-26 16:15:57,469 [WARN] PackLoader:240 - Cannot read IP mode file for STMicroelectronics.X-CUBE-AZRTOS-L4.2.0.0
2024-07-26 16:15:57,470 [WARN] ConditionMgr:1039 - genDependencies : Invalid condition id : LAN8742 Phy interface Condition cause : null
2024-07-26 16:15:57,470 [WARN] ConditionMgr:1039 - genDependencies : Invalid condition id : LAN8742 Phy interface Condition cause : null
2024-07-26 16:15:57,471 [WARN] ConditionMgr:1039 - genDependencies : Invalid condition id : LAN8742 Phy interface Condition cause : null
2024-07-26 16:15:57,478 [WARN] PackLoader:240 - Cannot read IP mode file for STMicroelectronics.X-CUBE-SFXS2LP1.4.0.0
2024-07-26 16:15:57,489 [WARN] ConditionMgr:438 - getConditionDescription Invalid condition id : UX DEVICE CLASS RTOS Condition cause : null
2024-07-26 16:15:57,489 [WARN] ConditionMgr:438 - getConditionDescription Invalid condition id : UX DEVICE CLASS RTOS Condition cause : null
2024-07-26 16:15:57,491 [WARN] PackLoader:240 - Cannot read IP mode file for STMicroelectronics.X-CUBE-AZRTOS-WB.2.0.0
2024-07-26 16:15:57,491 [WARN] ConditionMgr:1039 - genDependencies : Invalid condition id : UX DEVICE CLASS RTOS Condition cause : null
2024-07-26 16:15:57,492 [WARN] ConditionMgr:1039 - genDependencies : Invalid condition id : UX DEVICE CLASS RTOS Condition cause : null
2024-07-26 16:15:57,492 [WARN] ConditionMgr:1039 - genDependencies : Invalid condition id : UX DEVICE CLASS RTOS Condition cause : null
2024-07-26 16:15:57,493 [WARN] ConditionMgr:1039 - genDependencies : Invalid condition id : UX DEVICE CLASS RTOS Condition cause : null
2024-07-26 16:15:57,493 [WARN] ConditionMgr:1039 - genDependencies : Invalid condition id : UX DEVICE CLASS RTOS Condition cause : null
2024-07-26 16:15:57,499 [WARN] PackLoader:240 - Cannot read IP mode file for STMicroelectronics.FP-SNS-STBOX1.2.0.0
2024-07-26 16:15:57,509 [WARN] PackLoader:240 - Cannot read IP mode file for STMicroelectronics.X-CUBE-SUBG2.5.0.0
2024-07-26 16:15:57,516 [WARN] PackLoader:240 - Cannot read IP mode file for Cesanta.I-CUBE-Mongoose.7.13.0
2024-07-26 16:15:57,539 [WARN] PackLoader:240 - Cannot read IP mode file for STMicroelectronics.X-CUBE-AZRTOS-G4.2.0.0
2024-07-26 16:15:57,544 [WARN] PackLoader:240 - Cannot read IP mode file for STMicroelectronics.FP-SNS-MOTENVWB1.1.3.1
2024-07-26 16:15:57,548 [WARN] PackLoader:240 - Cannot read IP mode file for STMicroelectronics.X-CUBE-ISPU.2.0.0
2024-07-26 16:15:57,550 [WARN] PackLoader:240 - Cannot read IP mode file for STMicroelectronics.X-CUBE-ALS.1.0.2
2024-07-26 16:15:57,584 [WARN] PackLoader:240 - Cannot read IP mode file for STMicroelectronics.X-CUBE-MEMS1.10.0.0
2024-07-26 16:15:57,682 [WARN] PackLoader:240 - Cannot read IP mode file for STMicroelectronics.X-CUBE-TOUCHGFX.4.24.0
2024-07-26 16:15:57,686 [WARN] PackLoader:240 - Cannot read IP mode file for portGmbH.I-Cube-SoM-uGOAL.1.1.0
2024-07-26 16:15:57,689 [WARN] PackLoader:240 - Cannot read IP mode file for STMicroelectronics.X-CUBE-ALS.1.0.1
2024-07-26 16:15:57,704 [WARN] PackLoader:240 - Cannot read IP mode file for STMicroelectronics.X-CUBE-AZRTOS-H7RS.1.0.0
2024-07-26 16:15:57,708 [WARN] PackLoader:240 - Cannot read IP mode file for STMicroelectronics.FP-ATR-ASTRA1.2.0.0
2024-07-26 16:15:57,717 [WARN] PackLoader:240 - Cannot read IP mode file for STMicroelectronics.X-CUBE-TOF1.3.4.2
2024-07-26 16:15:57,734 [WARN] PackLoader:240 - Cannot read IP mode file for STMicroelectronics.X-CUBE-TOF1.3.4.1
2024-07-26 16:15:57,768 [WARN] PackLoader:240 - Cannot read IP mode file for STMicroelectronics.X-CUBE-AZRTOS-H7.3.2.0
2024-07-26 16:15:57,788 [WARN] PackLoader:240 - Cannot read IP mode file for Infineon.AIROC-Wi-Fi-Bluetooth-STM32.1.6.0
2024-07-26 16:15:57,797 [WARN] PackLoader:240 - Cannot read IP mode file for wolfSSL.I-CUBE-wolfSSH.1.4.17
2024-07-26 16:15:57,798 [INFO] ThirdParty:978 - Integrity check success = true
2024-07-26 16:15:57,799 [INFO] IntegrityCheckThread:100 - exiting critical section [integrity check]
2024-07-26 16:15:57,799 [INFO] IntegrityCheckThread:103 - End integrity checks thread
2024-07-26 18:23:14,705 [ERROR] LogOutputStream:75 - [STDERR_REDIRECT] 
