2024-07-07 17:51:00,494 [ERROR] LogOutputStream:75 - [STDERR_REDIRECT] 
2024-07-07 18:15:50,308 [INFO] Activator:176 - 


2024-07-07 18:15:50,310 [INFO] Activator:177 - !SESSION log4j initialized
2024-07-07 18:15:54,453 [INFO] LogOutputStream:77 - [STDOUT_REDIRECT] 
2024-07-07 18:15:55,510 [INFO] ApplicationProperties:184 - Using Application install path: /home/frank/st/stm32cubeide_1.14.0/plugins/com.st.stm32cube.common.mx_6.11.1.202404110753
2024-07-07 18:15:55,523 [INFO] DbMcusXml:78 - Set database path to: /home/frank/st/stm32cubeide_1.14.0/plugins/com.st.stm32cube.common.mx_6.11.1.202404110753//db//mcu/
2024-07-07 18:15:55,523 [INFO] ApiDb:274 - Set plugin database path to: /home/frank/st/stm32cubeide_1.14.0/plugins/com.st.stm32cube.common.mx_6.11.1.202404110753//db//plugins/boardmanager/
2024-07-07 18:15:55,523 [WARN] ApiDb:259 - Overriding images path with different value:  => /home/frank/st/stm32cubeide_1.14.0/plugins/com.st.stm32cube.common.mx_6.11.1.202404110753//db//plugins/mcufinder/images/
2024-07-07 18:15:55,526 [INFO] ApiDb:250 - Set database path to: /home/frank/.stmcufinder/plugins/mcufinder//mcu/
2024-07-07 18:15:55,527 [INFO] DbMcusAds:125 - Set database path to: /home/frank/.stmcufinder/plugins/mcufinder//mcu/
2024-07-07 18:15:55,529 [INFO] CrossReferenceDbSqlite:203 - Set database path to: /home/frank/.stmcufinder/plugins/mcufinder//mcu/cs/
2024-07-07 18:15:55,616 [INFO] RulesReader:64 - Compatibility file has been processed (297 Rules)
2024-07-07 18:15:55,678 [INFO] DbMcusXml:78 - Set database path to: /home/frank/st/stm32cubeide_1.14.0/plugins/com.st.stm32cube.common.mx_6.11.1.202404110753//db//mcu/
2024-07-07 18:15:55,678 [INFO] ApiDb:274 - Set plugin database path to: /home/frank/st/stm32cubeide_1.14.0/plugins/com.st.stm32cube.common.mx_6.11.1.202404110753//db//plugins/boardmanager/
2024-07-07 18:15:55,678 [INFO] ApiDb:261 - Set plugin images path to: /home/frank/st/stm32cubeide_1.14.0/plugins/com.st.stm32cube.common.mx_6.11.1.202404110753//db//plugins/mcufinder/images/
2024-07-07 18:15:55,678 [WARN] DbFile:41 - Overriding database path with different value: /home/frank/.stmcufinder/plugins/mcufinder/ => /home/frank/.stmcufinder/plugins/mcufinder
2024-07-07 18:15:55,679 [INFO] ApiDb:250 - Set database path to: /home/frank/.stmcufinder/plugins/mcufinder//mcu/
2024-07-07 18:15:55,679 [WARN] DbFile:41 - Overriding database path with different value: /home/frank/.stmcufinder/plugins/mcufinder/ => /home/frank/.stmcufinder/plugins/mcufinder
2024-07-07 18:15:55,679 [INFO] DbMcusAds:125 - Set database path to: /home/frank/.stmcufinder/plugins/mcufinder//mcu/
2024-07-07 18:15:55,679 [WARN] DbFile:41 - Overriding database path with different value: /home/frank/.stmcufinder/plugins/mcufinder/ => /home/frank/.stmcufinder/plugins/mcufinder
2024-07-07 18:15:55,679 [WARN] DbFile:41 - Overriding database path with different value: /home/frank/.stmcufinder/plugins/mcufinder/ => /home/frank/.stmcufinder/plugins/mcufinder
2024-07-07 18:15:55,679 [INFO] CrossReferenceDbSqlite:203 - Set database path to: /home/frank/.stmcufinder/plugins/mcufinder//mcu/cs/
2024-07-07 18:15:55,750 [INFO] MainPanel:264 - HeapMemory: 268435456
2024-07-07 18:15:55,826 [INFO] DbMcusXml:78 - Set database path to: /home/frank/st/stm32cubeide_1.14.0/plugins/com.st.stm32cube.common.mx_6.11.1.202404110753//db//mcu/
2024-07-07 18:15:55,826 [INFO] ApiDb:274 - Set plugin database path to: /home/frank/st/stm32cubeide_1.14.0/plugins/com.st.stm32cube.common.mx_6.11.1.202404110753//db//plugins/boardmanager/
2024-07-07 18:15:55,826 [INFO] ApiDb:261 - Set plugin images path to: /home/frank/st/stm32cubeide_1.14.0/plugins/com.st.stm32cube.common.mx_6.11.1.202404110753//db//plugins/mcufinder/images/
2024-07-07 18:15:55,826 [WARN] DbFile:41 - Overriding database path with different value: /home/frank/.stmcufinder/plugins/mcufinder/ => /home/frank/.stmcufinder/plugins/mcufinder
2024-07-07 18:15:55,827 [INFO] ApiDb:250 - Set database path to: /home/frank/.stmcufinder/plugins/mcufinder//mcu/
2024-07-07 18:15:55,827 [WARN] DbFile:41 - Overriding database path with different value: /home/frank/.stmcufinder/plugins/mcufinder/ => /home/frank/.stmcufinder/plugins/mcufinder
2024-07-07 18:15:55,827 [INFO] DbMcusAds:125 - Set database path to: /home/frank/.stmcufinder/plugins/mcufinder//mcu/
2024-07-07 18:15:55,827 [WARN] DbFile:41 - Overriding database path with different value: /home/frank/.stmcufinder/plugins/mcufinder/ => /home/frank/.stmcufinder/plugins/mcufinder
2024-07-07 18:15:55,827 [WARN] DbFile:41 - Overriding database path with different value: /home/frank/.stmcufinder/plugins/mcufinder/ => /home/frank/.stmcufinder/plugins/mcufinder
2024-07-07 18:15:55,827 [INFO] CrossReferenceDbSqlite:203 - Set database path to: /home/frank/.stmcufinder/plugins/mcufinder//mcu/cs/
2024-07-07 18:15:55,843 [INFO] ApplicationProperties:184 - Using Application install path: /home/frank/st/stm32cubeide_1.14.0/plugins/com.st.stm32cube.common.mx_6.11.1.202404110753
2024-07-07 18:15:55,844 [INFO] PluginManage:196 - Search for loadable plugins [exclusion list=, ]
2024-07-07 18:15:55,845 [INFO] PluginManage:310 - Check plugin analytics
2024-07-07 18:15:55,974 [INFO] AnalyticsPlugin:253 - Accepted Software Licenses: 
2024-07-07 18:15:55,974 [INFO] AnalyticsPlugin:255 - Accepted CMSIS Pack Licenses: 
2024-07-07 18:15:55,974 [INFO] AnalyticsPlugin:257 - Accepted Firmware Licenses: FW.F4.1.28.0,FW.F4.1.27.0
2024-07-07 18:15:55,976 [INFO] PluginManage:359 - Loaded plugin analytics (category:tool,tabindex:-1)
2024-07-07 18:15:55,976 [INFO] PluginManage:310 - Check plugin cadmodel
2024-07-07 18:15:55,998 [INFO] CADModel:105 - Init CAD model plugin
2024-07-07 18:15:55,999 [INFO] PluginManage:359 - Loaded plugin cadmodel (category:power,tabindex:5)
2024-07-07 18:15:55,999 [INFO] PluginManage:310 - Check plugin clock
2024-07-07 18:15:56,008 [INFO] PluginManage:359 - Loaded plugin clock (category:base,tabindex:2)
2024-07-07 18:15:56,009 [INFO] PluginManage:310 - Check plugin ddr
2024-07-07 18:15:56,011 [INFO] PluginManage:359 - Loaded plugin ddr (category:tool,tabindex:6)
2024-07-07 18:15:56,011 [INFO] PluginManage:310 - Check plugin filemanager
2024-07-07 18:15:56,134 [INFO] PluginManage:359 - Loaded plugin filemanager (category:base,tabindex:10)
2024-07-07 18:15:56,134 [INFO] PluginManage:310 - Check plugin ipmanager
2024-07-07 18:15:56,138 [INFO] PluginManage:359 - Loaded plugin ipmanager (category:base,tabindex:5)
2024-07-07 18:15:56,138 [INFO] PluginManage:310 - Check plugin lpbam
2024-07-07 18:15:56,146 [INFO] PluginManage:359 - Loaded plugin lpbam (category:base,tabindex:0)
2024-07-07 18:15:56,146 [INFO] PluginManage:310 - Check plugin memorymap
2024-07-07 18:15:56,154 [INFO] PluginManage:359 - Loaded plugin memorymap (category:base,tabindex:4)
2024-07-07 18:15:56,154 [INFO] PluginManage:310 - Check plugin pinoutandconfiguration
2024-07-07 18:15:56,158 [INFO] PluginManage:359 - Loaded plugin pinoutandconfiguration (category:base,tabindex:1)
2024-07-07 18:15:56,158 [INFO] PluginManage:310 - Check plugin pinoutconfig
2024-07-07 18:15:56,241 [WARN] SupportedApi:132 - Cannot load RTOS API schema: s4s-elt-must-match.1: The content of 'definitions' must match (annotation?, (simpleType | complexType)?, (unique | key | keyref)*)). A problem was found starting at: attribute.
2024-07-07 18:15:56,357 [INFO] PluginManage:359 - Loaded plugin pinoutconfig (category:base,tabindex:0)
2024-07-07 18:15:56,358 [INFO] PluginManage:310 - Check plugin power
2024-07-07 18:15:56,366 [INFO] PluginManage:359 - Loaded plugin power (category:power,tabindex:4)
2024-07-07 18:15:56,366 [INFO] PluginManage:310 - Check plugin projectmanager
2024-07-07 18:15:56,381 [INFO] PluginManage:359 - Loaded plugin projectmanager (category:projectmanager,tabindex:3)
2024-07-07 18:15:56,382 [INFO] PluginManage:310 - Check plugin thirdparty
2024-07-07 18:15:56,496 [INFO] PluginManage:359 - Loaded plugin thirdparty (category:base,tabindex:-1)
2024-07-07 18:15:56,496 [INFO] PluginManage:310 - Check plugin tools
2024-07-07 18:15:56,496 [WARN] IntegrityCheckThread:84 - waiting for thirdparty lock release [integrity check]
2024-07-07 18:15:56,497 [INFO] IntegrityCheckThread:86 - entering critical section [integrity check]
2024-07-07 18:15:56,497 [INFO] ThirdPartyUpdaterWithRetryManager:70 - Updater plugin not ready yet. [1/15]
2024-07-07 18:15:56,498 [INFO] PluginManage:359 - Loaded plugin tools (category:base,tabindex:7)
2024-07-07 18:15:56,498 [INFO] PluginManage:310 - Check plugin tutovideos
2024-07-07 18:15:56,631 [INFO] PluginManage:359 - Loaded plugin tutovideos (category:base,tabindex:-1)
2024-07-07 18:15:56,631 [INFO] PluginManage:310 - Check plugin updater
2024-07-07 18:15:56,642 [INFO] PluginManage:359 - Loaded plugin updater (category:base,tabindex:12)
2024-07-07 18:15:56,642 [INFO] PluginManage:310 - Check plugin userauth
2024-07-07 18:15:56,646 [INFO] UserAuth:114 - Init User Auth plugin
2024-07-07 18:15:56,646 [INFO] PluginManage:359 - Loaded plugin userauth (category:base,tabindex:14)
2024-07-07 18:15:56,646 [INFO] PluginManage:283 - PluginManage : Loaded plugins [17]
2024-07-07 18:15:56,792 [INFO] PinOutPanel:1561 - setPackage(No Configuration,No Configuration)
2024-07-07 18:15:56,848 [INFO] CADModel:165 - CPN selected for project level
2024-07-07 18:15:56,848 [INFO] CADModel:114 - Register for checkConnection events
2024-07-07 18:15:56,857 [INFO] IPUIPlugin:80 - create IPUIPlugin
2024-07-07 18:15:56,857 [INFO] PluginManager:220 - loadIPPluginJar : add ucpd
2024-07-07 18:15:56,858 [INFO] IPUIPlugin:80 - create IPUIPlugin
2024-07-07 18:15:56,858 [INFO] PluginManager:220 - loadIPPluginJar : add ltdc
2024-07-07 18:15:56,862 [INFO] IPUIPlugin:80 - create IPUIPlugin
2024-07-07 18:15:56,864 [INFO] PluginManager:220 - loadIPPluginJar : add plateformsettings
2024-07-07 18:15:56,867 [INFO] IPUIPlugin:80 - create IPUIPlugin
2024-07-07 18:15:56,867 [INFO] PluginManager:220 - loadIPPluginJar : add hash
2024-07-07 18:15:56,869 [INFO] IPUIPlugin:80 - create IPUIPlugin
2024-07-07 18:15:56,869 [INFO] PluginManager:220 - loadIPPluginJar : add gfxmmu
2024-07-07 18:15:56,874 [INFO] IPUIPlugin:80 - create IPUIPlugin
2024-07-07 18:15:56,874 [INFO] PluginManager:220 - loadIPPluginJar : add stm32_wpan
2024-07-07 18:15:56,875 [INFO] IPUIPlugin:80 - create IPUIPlugin
2024-07-07 18:15:56,875 [INFO] PluginManager:220 - loadIPPluginJar : add ts
2024-07-07 18:15:56,876 [INFO] IPUIPlugin:80 - create IPUIPlugin
2024-07-07 18:15:56,876 [INFO] PluginManager:220 - loadIPPluginJar : add quadspi
2024-07-07 18:15:56,877 [INFO] IPUIPlugin:80 - create IPUIPlugin
2024-07-07 18:15:56,878 [INFO] PluginManager:220 - loadIPPluginJar : add usbx
2024-07-07 18:15:56,879 [INFO] IPUIPlugin:80 - create IPUIPlugin
2024-07-07 18:15:56,879 [INFO] PluginManager:220 - loadIPPluginJar : add aes
2024-07-07 18:15:56,881 [INFO] IPUIPlugin:80 - create IPUIPlugin
2024-07-07 18:15:56,881 [INFO] PluginManager:220 - loadIPPluginJar : add nvic
2024-07-07 18:15:56,885 [INFO] IPUIPlugin:80 - create IPUIPlugin
2024-07-07 18:15:56,885 [INFO] PluginManager:220 - loadIPPluginJar : add adc
2024-07-07 18:15:56,886 [INFO] IPUIPlugin:80 - create IPUIPlugin
2024-07-07 18:15:56,887 [INFO] PluginManager:220 - loadIPPluginJar : add cryp
2024-07-07 18:15:56,889 [INFO] IPUIPlugin:80 - create IPUIPlugin
2024-07-07 18:15:56,890 [INFO] PluginManager:220 - loadIPPluginJar : add touchsensing
2024-07-07 18:15:56,893 [INFO] IPUIPlugin:80 - create IPUIPlugin
2024-07-07 18:15:56,893 [INFO] PluginManager:220 - loadIPPluginJar : add fmc
2024-07-07 18:15:56,894 [INFO] IPUIPlugin:80 - create IPUIPlugin
2024-07-07 18:15:56,895 [INFO] PluginManager:220 - loadIPPluginJar : add openamp
2024-07-07 18:15:56,899 [INFO] IPUIPlugin:80 - create IPUIPlugin
2024-07-07 18:15:56,899 [INFO] PluginManager:220 - loadIPPluginJar : add linkedlist
2024-07-07 18:15:56,900 [INFO] IPUIPlugin:80 - create IPUIPlugin
2024-07-07 18:15:56,900 [INFO] PluginManager:220 - loadIPPluginJar : add tracer_emb
2024-07-07 18:15:56,904 [INFO] IPUIPlugin:80 - create IPUIPlugin
2024-07-07 18:15:56,904 [INFO] PluginManager:220 - loadIPPluginJar : add dma
2024-07-07 18:15:56,906 [INFO] IPUIPlugin:80 - create IPUIPlugin
2024-07-07 18:15:56,906 [INFO] PluginManager:220 - loadIPPluginJar : add sai
2024-07-07 18:15:56,909 [INFO] IPUIPlugin:80 - create IPUIPlugin
2024-07-07 18:15:56,910 [INFO] PluginManager:220 - loadIPPluginJar : add freertos
2024-07-07 18:15:56,914 [INFO] IPUIPlugin:80 - create IPUIPlugin
2024-07-07 18:15:56,914 [INFO] PluginManager:220 - loadIPPluginJar : add mdma
2024-07-07 18:15:56,914 [INFO] IPUIPlugin:80 - create IPUIPlugin
2024-07-07 18:15:56,914 [INFO] PluginManager:220 - loadIPPluginJar : add genericplugin
2024-07-07 18:15:56,915 [INFO] IPUIPlugin:80 - create IPUIPlugin
2024-07-07 18:15:56,915 [INFO] PluginManager:220 - loadIPPluginJar : add tsc
2024-07-07 18:15:56,917 [INFO] IPUIPlugin:80 - create IPUIPlugin
2024-07-07 18:15:56,918 [INFO] PluginManager:220 - loadIPPluginJar : add pdm2pcm
2024-07-07 18:15:56,919 [INFO] IPUIPlugin:80 - create IPUIPlugin
2024-07-07 18:15:56,919 [INFO] PluginManager:220 - loadIPPluginJar : add fatfs
2024-07-07 18:15:56,921 [INFO] IPUIPlugin:80 - create IPUIPlugin
2024-07-07 18:15:56,921 [INFO] PluginManager:220 - loadIPPluginJar : add can
2024-07-07 18:15:56,922 [INFO] IPUIPlugin:80 - create IPUIPlugin
2024-07-07 18:15:56,922 [INFO] PluginManager:220 - loadIPPluginJar : add i3c
2024-07-07 18:15:56,924 [INFO] IPUIPlugin:80 - create IPUIPlugin
2024-07-07 18:15:56,924 [INFO] PluginManager:220 - loadIPPluginJar : add i2s
2024-07-07 18:15:56,926 [INFO] IPUIPlugin:80 - create IPUIPlugin
2024-07-07 18:15:56,926 [INFO] PluginManager:220 - loadIPPluginJar : add i2c
2024-07-07 18:15:56,927 [INFO] IPUIPlugin:80 - create IPUIPlugin
2024-07-07 18:15:56,927 [INFO] PluginManager:220 - loadIPPluginJar : add spi
2024-07-07 18:15:56,928 [INFO] IPUIPlugin:80 - create IPUIPlugin
2024-07-07 18:15:56,929 [INFO] PluginManager:220 - loadIPPluginJar : add dfsdm
2024-07-07 18:15:56,930 [INFO] IPUIPlugin:80 - create IPUIPlugin
2024-07-07 18:15:56,930 [INFO] PluginManager:220 - loadIPPluginJar : add tim
2024-07-07 18:15:56,932 [INFO] IPUIPlugin:80 - create IPUIPlugin
2024-07-07 18:15:56,932 [INFO] PluginManager:220 - loadIPPluginJar : add opamp
2024-07-07 18:15:56,933 [INFO] IPUIPlugin:80 - create IPUIPlugin
2024-07-07 18:15:56,933 [INFO] PluginManager:220 - loadIPPluginJar : add dma3
2024-07-07 18:15:56,935 [INFO] IPUIPlugin:80 - create IPUIPlugin
2024-07-07 18:15:56,935 [INFO] PluginManager:220 - loadIPPluginJar : add ipddr
2024-07-07 18:15:56,936 [INFO] IPUIPlugin:80 - create IPUIPlugin
2024-07-07 18:15:56,936 [INFO] PluginManager:220 - loadIPPluginJar : add comp
2024-07-07 18:15:56,939 [INFO] IPUIPlugin:80 - create IPUIPlugin
2024-07-07 18:15:56,939 [INFO] PluginManager:220 - loadIPPluginJar : add resmgrutility
2024-07-07 18:15:56,941 [INFO] IPUIPlugin:80 - create IPUIPlugin
2024-07-07 18:15:56,941 [INFO] PluginManager:220 - loadIPPluginJar : add extmemmanager
2024-07-07 18:15:56,942 [INFO] IPUIPlugin:80 - create IPUIPlugin
2024-07-07 18:15:56,942 [INFO] PluginManager:220 - loadIPPluginJar : add gtzc
2024-07-07 18:15:56,945 [INFO] IPUIPlugin:80 - create IPUIPlugin
2024-07-07 18:15:56,945 [INFO] PluginManager:220 - loadIPPluginJar : add gpio
2024-07-07 18:15:56,947 [INFO] IPUIPlugin:80 - create IPUIPlugin
2024-07-07 18:15:56,947 [INFO] PluginManager:220 - loadIPPluginJar : add usart
2024-07-07 18:15:56,949 [INFO] IPUIPlugin:80 - create IPUIPlugin
2024-07-07 18:15:56,949 [INFO] PluginManager:220 - loadIPPluginJar : add lorawan
2024-07-07 18:15:56,953 [INFO] IPUIPlugin:80 - create IPUIPlugin
2024-07-07 18:15:56,953 [INFO] PluginManager:220 - loadIPPluginJar : add gic
2024-07-07 18:15:57,049 [INFO] CADModel:165 - CPN selected for project level
2024-07-07 18:15:57,049 [INFO] CADModel:114 - Register for checkConnection events
2024-07-07 18:15:57,050 [FATAL] Updater:308 - Updater called before beeing initialized
2024-07-07 18:15:57,050 [ERROR] CADModel:125 - Updater not yet initialized, retry later 
2024-07-07 18:15:57,149 [INFO] CADModel:165 - CPN selected for project level
2024-07-07 18:15:57,149 [INFO] CADModel:114 - Register for checkConnection events
2024-07-07 18:15:57,149 [FATAL] Updater:308 - Updater called before beeing initialized
2024-07-07 18:15:57,149 [ERROR] CADModel:125 - Updater not yet initialized, retry later 
2024-07-07 18:15:57,151 [FATAL] Updater:308 - Updater called before beeing initialized
2024-07-07 18:15:57,222 [FATAL] Updater:308 - Updater called before beeing initialized
2024-07-07 18:15:57,226 [INFO] DbMcusAds:53 - JSON generation date=Thu May 16 11:22:00 CEST 2024 (1715851320852)
2024-07-07 18:15:57,227 [FATAL] Updater:308 - Updater called before beeing initialized
2024-07-07 18:15:57,260 [WARN] DetailPanel:346 - Failed to get advertising image, set to default
2024-07-07 18:15:57,373 [FATAL] Updater:308 - Updater called before beeing initialized
2024-07-07 18:15:57,374 [FATAL] Updater:308 - Updater called before beeing initialized
2024-07-07 18:15:57,375 [FATAL] Updater:308 - Updater called before beeing initialized
2024-07-07 18:15:57,375 [WARN] DetailPanel:346 - Failed to get advertising image, set to default
2024-07-07 18:15:57,376 [FATAL] Updater:308 - Updater called before beeing initialized
2024-07-07 18:15:57,411 [ERROR] Updater:1120 - MainUpdater not yet initialized. External WinMGr cannot be set.
2024-07-07 18:15:57,413 [INFO] Updater:1056 - Updater Version found : 6.11.1
2024-07-07 18:15:57,431 [INFO] ApplicationProperties:184 - Using Application install path: /home/frank/st/stm32cubeide_1.14.0/plugins/com.st.stm32cube.common.mx_6.11.1.202404110753
2024-07-07 18:15:57,883 [INFO] MainUpdater:2873 - connection check result : 10
2024-07-07 18:15:57,884 [INFO] MainUpdater:3567 - Updater definition file requires update
2024-07-07 18:15:57,884 [INFO] MainUpdater:290 - Updater Check For Update Now.
2024-07-07 18:15:57,885 [INFO] MicroXplorer:498 - Change Database Version : DB.6.0.111
2024-07-07 18:15:57,890 [INFO] McuFinderGlobals:63 - Set McuFinder mode to 2 (CubeIDE integrated)
2024-07-07 18:15:57,894 [INFO] UserAuth:415 - Internet connection configuration mode: 1
2024-07-07 18:15:57,905 [INFO] JxBrowserEngine:152 - Initiate JxBrowser Engine with user profile folder
2024-07-07 18:15:57,976 [INFO] ServerAccessManage:473 - Download File updaters.zip
2024-07-07 18:15:58,056 [INFO] FileExtend:240 - Unzip File : updaters.zip
2024-07-07 18:15:58,056 [INFO] FileExtend:255 - Standard Zip Deflate
2024-07-07 18:15:58,160 [INFO] ServerAccessManage:473 - Download File PacksControlFlags.xml
2024-07-07 18:15:58,242 [INFO] ServerAccessManage:473 - Download File cubemx.pidx
2024-07-07 18:15:58,668 [INFO] ServerAccessManage:473 - Download File STMicroelectronics.X-CUBE-DPOWER.pdsc
2024-07-07 18:15:58,740 [INFO] WebApp:161 - Instantiating new browser for Auth
2024-07-07 18:15:58,846 [ERROR] ServerAccessManage:1089 - Problem, file not found on Server
2024-07-07 18:15:59,043 [ERROR] ServerAccessManage:1089 - Problem, file not found on Server
2024-07-07 18:15:59,229 [ERROR] ServerAccessManage:1089 - Problem, file not found on Server
2024-07-07 18:15:59,234 [INFO] WebApp:779 - Register for checkConnection events
2024-07-07 18:15:59,235 [INFO] WebApp:414 - Apply proxy settings
2024-07-07 18:15:59,235 [INFO] WebApp:499 - Chromium requires no authentication
2024-07-07 18:15:59,242 [INFO] WebApp:442 - Direct internet connection detected
2024-07-07 18:15:59,366 [INFO] WebApp:192 - Starting web application
2024-07-07 18:15:59,367 [INFO] WebApp:544 - Web application path used /home/frank/st/stm32cubeide_1.14.0/plugins/com.st.stm32cube.common.mx_6.11.1.202404110753/db/plugins/mcufinder/reactClient1/index.html
2024-07-07 18:15:59,453 [ERROR] ServerAccessManage:1089 - Problem, file not found on Server
2024-07-07 18:15:59,498 [WARN] MainUpdater:1194 - Updater busy. Cannot search thirdparties
2024-07-07 18:15:59,498 [INFO] ThirdPartyUpdaterWithRetryManager:96 - Updater plugin is busy. [1/15]
2024-07-07 18:15:59,622 [ERROR] ServerAccessManage:1089 - Problem, file not found on Server
2024-07-07 18:15:59,880 [ERROR] ServerAccessManage:1089 - Problem, file not found on Server
2024-07-07 18:16:00,067 [ERROR] ServerAccessManage:1089 - Problem, file not found on Server
2024-07-07 18:16:00,272 [ERROR] ServerAccessManage:1089 - Problem, file not found on Server
2024-07-07 18:16:00,415 [ERROR] ServerAccessManage:1089 - Problem, file not found on Server
2024-07-07 18:16:00,784 [ERROR] ServerAccessManage:1089 - Problem, file not found on Server
2024-07-07 18:16:00,854 [ERROR] ServerAccessManage:1089 - Problem, file not found on Server
2024-07-07 18:16:01,809 [INFO] ServerAccessManage:473 - Download File wolfSSL.I-CUBE-wolfTPM.pdsc
2024-07-07 18:16:02,499 [WARN] MainUpdater:1194 - Updater busy. Cannot search thirdparties
2024-07-07 18:16:02,499 [INFO] ThirdPartyUpdaterWithRetryManager:96 - Updater plugin is busy. [2/15]
2024-07-07 18:16:03,242 [INFO] ServerAccessManage:473 - Download File RealThread.X-CUBE-RT-Thread_Nano.pdsc
2024-07-07 18:16:03,582 [INFO] ServerAccessManage:473 - Download File EmbeddedOffice.I-CUBE-FS-RTOS.pdsc
2024-07-07 18:16:03,729 [WARN] PackLoader:240 - Cannot read IP mode file for STMicroelectronics.X-CUBE-DPower.1.2.0
2024-07-07 18:16:03,733 [WARN] PackLoader:240 - Cannot read IP mode file for wolfSSL.I-CUBE-wolfTPM.3.2.0
2024-07-07 18:16:03,738 [WARN] PackLoader:240 - Cannot read IP mode file for RealThread.X-CUBE-RT-Thread_Nano.4.1.1
2024-07-07 18:16:03,753 [WARN] PackLoader:240 - Cannot read IP mode file for EmbeddedOffice.I-CUBE-FS-RTOS.1.0.1
2024-07-07 18:16:03,754 [ERROR] ConditionMgr:805 - Attr not supported : Dmpu
2024-07-07 18:16:03,754 [ERROR] ConditionMgr:805 - Attr not supported : Dmpu
2024-07-07 18:16:03,754 [ERROR] ConditionMgr:805 - Attr not supported : Dmpu
2024-07-07 18:16:03,754 [ERROR] ConditionMgr:805 - Attr not supported : Dmpu
2024-07-07 18:16:03,754 [ERROR] ConditionMgr:805 - Attr not supported : Dmpu
2024-07-07 18:16:03,754 [ERROR] ConditionMgr:805 - Attr not supported : Dmpu
2024-07-07 18:16:03,755 [ERROR] ConditionMgr:805 - Attr not supported : Dmpu
2024-07-07 18:16:03,755 [ERROR] ConditionMgr:805 - Attr not supported : Dmpu
2024-07-07 18:16:03,755 [ERROR] ConditionMgr:805 - Attr not supported : Dmpu
2024-07-07 18:16:03,755 [ERROR] ConditionMgr:805 - Attr not supported : Dmpu
2024-07-07 18:16:03,755 [ERROR] ConditionMgr:805 - Attr not supported : Dmpu
2024-07-07 18:16:03,755 [ERROR] ConditionMgr:805 - Attr not supported : Dmpu
2024-07-07 18:16:03,755 [ERROR] ConditionMgr:805 - Attr not supported : Dmpu
2024-07-07 18:16:03,755 [ERROR] ConditionMgr:805 - Attr not supported : Dmpu
2024-07-07 18:16:03,755 [ERROR] ConditionMgr:805 - Attr not supported : Dmpu
2024-07-07 18:16:03,756 [ERROR] ConditionMgr:805 - Attr not supported : Dmpu
2024-07-07 18:16:03,756 [ERROR] ConditionMgr:805 - Attr not supported : Dmpu
2024-07-07 18:16:03,756 [ERROR] ConditionMgr:805 - Attr not supported : Dmpu
2024-07-07 18:16:03,756 [ERROR] ConditionMgr:805 - Attr not supported : Dmpu
2024-07-07 18:16:03,756 [ERROR] ConditionMgr:805 - Attr not supported : Dmpu
2024-07-07 18:16:03,756 [ERROR] ConditionMgr:805 - Attr not supported : Dmpu
2024-07-07 18:16:03,756 [ERROR] ConditionMgr:805 - Attr not supported : Dmpu
2024-07-07 18:16:03,756 [ERROR] ConditionMgr:805 - Attr not supported : Dmpu
2024-07-07 18:16:03,757 [ERROR] ConditionMgr:805 - Attr not supported : Dmpu
2024-07-07 18:16:03,757 [ERROR] ConditionMgr:805 - Attr not supported : Dmpu
2024-07-07 18:16:03,757 [ERROR] ConditionMgr:805 - Attr not supported : Dmpu
2024-07-07 18:16:03,757 [ERROR] ConditionMgr:805 - Attr not supported : Dmpu
2024-07-07 18:16:03,757 [ERROR] ConditionMgr:805 - Attr not supported : Dmpu
2024-07-07 18:16:03,758 [ERROR] ConditionMgr:805 - Attr not supported : Dmpu
2024-07-07 18:16:03,758 [ERROR] ConditionMgr:805 - Attr not supported : Dmpu
2024-07-07 18:16:03,758 [ERROR] ConditionMgr:805 - Attr not supported : Dmpu
2024-07-07 18:16:03,758 [ERROR] ConditionMgr:805 - Attr not supported : Dmpu
2024-07-07 18:16:03,758 [ERROR] ConditionMgr:805 - Attr not supported : Dmpu
2024-07-07 18:16:03,758 [ERROR] ConditionMgr:805 - Attr not supported : Dmpu
2024-07-07 18:16:03,758 [ERROR] ConditionMgr:805 - Attr not supported : Dmpu
2024-07-07 18:16:03,758 [ERROR] ConditionMgr:805 - Attr not supported : Dmpu
2024-07-07 18:16:03,758 [ERROR] ConditionMgr:805 - Attr not supported : Dmpu
2024-07-07 18:16:03,759 [ERROR] ConditionMgr:805 - Attr not supported : Dmpu
2024-07-07 18:16:03,759 [ERROR] ConditionMgr:805 - Attr not supported : Dmpu
2024-07-07 18:16:03,759 [ERROR] ConditionMgr:805 - Attr not supported : Dmpu
2024-07-07 18:16:03,759 [ERROR] ConditionMgr:805 - Attr not supported : Dmpu
2024-07-07 18:16:03,759 [ERROR] ConditionMgr:805 - Attr not supported : Dmpu
2024-07-07 18:16:03,759 [ERROR] ConditionMgr:805 - Attr not supported : Dmpu
2024-07-07 18:16:03,759 [ERROR] ConditionMgr:805 - Attr not supported : Dmpu
2024-07-07 18:16:03,759 [ERROR] ConditionMgr:805 - Attr not supported : Dmpu
2024-07-07 18:16:03,760 [ERROR] ConditionMgr:805 - Attr not supported : Dmpu
2024-07-07 18:16:03,760 [ERROR] ConditionMgr:805 - Attr not supported : Dmpu
2024-07-07 18:16:03,760 [ERROR] ConditionMgr:805 - Attr not supported : Dmpu
2024-07-07 18:16:03,760 [ERROR] ConditionMgr:805 - Attr not supported : Dmpu
2024-07-07 18:16:03,760 [ERROR] ConditionMgr:805 - Attr not supported : Dmpu
2024-07-07 18:16:03,760 [ERROR] ConditionMgr:805 - Attr not supported : Dmpu
2024-07-07 18:16:03,760 [ERROR] ConditionMgr:805 - Attr not supported : Dmpu
2024-07-07 18:16:03,760 [ERROR] ConditionMgr:805 - Attr not supported : Dmpu
2024-07-07 18:16:03,760 [ERROR] ConditionMgr:805 - Attr not supported : Dmpu
2024-07-07 18:16:03,761 [ERROR] ConditionMgr:805 - Attr not supported : Dmpu
2024-07-07 18:16:03,761 [ERROR] ConditionMgr:805 - Attr not supported : Dmpu
2024-07-07 18:16:03,761 [ERROR] ConditionMgr:805 - Attr not supported : Dmpu
2024-07-07 18:16:03,761 [ERROR] ConditionMgr:805 - Attr not supported : Dmpu
2024-07-07 18:16:03,761 [ERROR] ConditionMgr:805 - Attr not supported : Dmpu
2024-07-07 18:16:03,761 [ERROR] ConditionMgr:805 - Attr not supported : Dmpu
2024-07-07 18:16:03,761 [ERROR] ConditionMgr:805 - Attr not supported : Dmpu
2024-07-07 18:16:03,761 [ERROR] ConditionMgr:805 - Attr not supported : Dmpu
2024-07-07 18:16:03,761 [ERROR] ConditionMgr:805 - Attr not supported : Dmpu
2024-07-07 18:16:03,761 [ERROR] ConditionMgr:805 - Attr not supported : Dmpu
2024-07-07 18:16:03,762 [INFO] PopulateThirdPartyThread:66 - Ending populate Thread
2024-07-07 18:16:03,764 [INFO] ThirdParty:1030 - CMSIS Pack Vendor :EmbeddedOffice I-CUBE-FS-RTOS 1.0.1
2024-07-07 18:16:03,764 [INFO] ThirdParty:1030 - CMSIS Pack Vendor :RealThread X-CUBE-RT-Thread_Nano 4.1.1
2024-07-07 18:16:03,764 [INFO] ThirdParty:1030 - CMSIS Pack Vendor :wolfSSL I-CUBE-wolfTPM 3.2.0
2024-07-07 18:16:03,764 [INFO] ThirdParty:1030 - CMSIS Pack Vendor :STMicroelectronics X-CUBE-DPower 1.2.0
2024-07-07 18:16:03,764 [INFO] LoadServerUpdatesThread:375 - End of LoadServerUpdate Thread
2024-07-07 18:16:03,850 [INFO] CheckServerUpdateThread:120 - End of CheckServer Thread
2024-07-07 18:16:05,581 [WARN] PackLoader:240 - Cannot read IP mode file for STMicroelectronics.FP-SNS-MOTENVWB1.1.4.0
2024-07-07 18:16:05,586 [WARN] PackLoader:240 - Cannot read IP mode file for STMicroelectronics.X-CUBE-SMBUS.2.1.0
2024-07-07 18:16:05,590 [WARN] PackLoader:240 - Cannot read IP mode file for STMicroelectronics.X-CUBE-TOUCHGFX.4.23.2
2024-07-07 18:16:05,614 [WARN] PackLoader:240 - Cannot read IP mode file for STMicroelectronics.X-CUBE-AZRTOS-F7.1.1.0
2024-07-07 18:16:05,623 [WARN] PackLoader:240 - Cannot read IP mode file for STMicroelectronics.FP-SNS-MOTENV1.4.3.2
2024-07-07 18:16:05,628 [WARN] PackLoader:240 - Cannot read IP mode file for STMicroelectronics.FP-SNS-FLIGHT1.5.0.2
2024-07-07 18:16:05,633 [WARN] PackLoader:240 - Cannot read IP mode file for STMicroelectronics.X-CUBE-DISPLAY.3.0.0
2024-07-07 18:16:05,642 [WARN] PackLoader:240 - Cannot read IP mode file for STMicroelectronics.X-CUBE-BLE1.7.0.0
2024-07-07 18:16:05,647 [WARN] PackLoader:240 - Cannot read IP mode file for emotas.I-CUBE-CANOPEN.1.3.0
2024-07-07 18:16:05,655 [WARN] PackLoader:240 - Cannot read IP mode file for STMicroelectronics.X-CUBE-BLEMGR.3.1.0
2024-07-07 18:16:05,661 [WARN] PackLoader:240 - Cannot read IP mode file for STMicroelectronics.FP-SNS-SMARTAG2.1.2.0
2024-07-07 18:16:05,668 [INFO] LogOutputStream:77 - [STDOUT_REDIRECT] 1 : Invalid condition id : UX_CORESTACK_Condition cause : null
2024-07-07 18:16:05,668 [INFO] LogOutputStream:77 - [STDOUT_REDIRECT] 1 : Invalid condition id : UX_CORESTACK_Condition cause : null
2024-07-07 18:16:05,668 [INFO] LogOutputStream:77 - [STDOUT_REDIRECT] 1 : Invalid condition id : UX_CORESTACK_Condition cause : null
2024-07-07 18:16:05,669 [INFO] LogOutputStream:77 - [STDOUT_REDIRECT] 1 : Invalid condition id : UX_CORESTACK_Condition cause : null
2024-07-07 18:16:05,669 [INFO] LogOutputStream:77 - [STDOUT_REDIRECT] 1 : Invalid condition id : UX_CORESTACK_Condition cause : null
2024-07-07 18:16:05,672 [WARN] PackLoader:240 - Cannot read IP mode file for STMicroelectronics.X-CUBE-AZRTOS-WL.2.0.0
2024-07-07 18:16:05,676 [WARN] PackLoader:240 - Cannot read IP mode file for STMicroelectronics.FP-SNS-MOTENV1.5.0.0
2024-07-07 18:16:05,679 [WARN] PackLoader:240 - Cannot read IP mode file for wolfSSL.I-CUBE-wolfMQTT.1.19.0
2024-07-07 18:16:05,686 [WARN] PackLoader:240 - Cannot read IP mode file for WES.I-CUBE-Cesium.1.3.0
2024-07-07 18:16:05,690 [WARN] PackLoader:240 - Cannot read IP mode file for STMicroelectronics.X-CUBE-BLE2.3.3.0
2024-07-07 18:16:05,695 [WARN] PackLoader:240 - Cannot read IP mode file for STMicroelectronics.X-CUBE-TCPP.4.1.0
2024-07-07 18:16:05,710 [WARN] PackLoader:240 - Cannot read IP mode file for STMicroelectronics.X-CUBE-AZRTOS-G0.1.1.0
2024-07-07 18:16:05,716 [WARN] PackLoader:240 - Cannot read IP mode file for STMicroelectronics.X-CUBE-SAFEA1.1.2.2
2024-07-07 18:16:05,721 [WARN] PackLoader:240 - Cannot read IP mode file for STMicroelectronics.X-CUBE-NFC4.3.0.0
2024-07-07 18:16:05,723 [WARN] PackLoader:240 - Cannot read IP mode file for wolfSSL.I-CUBE-wolfMQTT.1.18.0
2024-07-07 18:16:05,729 [WARN] PackLoader:240 - Cannot read IP mode file for EmbeddedOffice.I-CUBE-FS-RTOS.1.0.1
2024-07-07 18:16:05,730 [ERROR] ConditionMgr:805 - Attr not supported : Dmpu
2024-07-07 18:16:05,730 [ERROR] ConditionMgr:805 - Attr not supported : Dmpu
2024-07-07 18:16:05,730 [ERROR] ConditionMgr:805 - Attr not supported : Dmpu
2024-07-07 18:16:05,730 [ERROR] ConditionMgr:805 - Attr not supported : Dmpu
2024-07-07 18:16:05,730 [ERROR] ConditionMgr:805 - Attr not supported : Dmpu
2024-07-07 18:16:05,730 [ERROR] ConditionMgr:805 - Attr not supported : Dmpu
2024-07-07 18:16:05,730 [ERROR] ConditionMgr:805 - Attr not supported : Dmpu
2024-07-07 18:16:05,730 [ERROR] ConditionMgr:805 - Attr not supported : Dmpu
2024-07-07 18:16:05,730 [ERROR] ConditionMgr:805 - Attr not supported : Dmpu
2024-07-07 18:16:05,730 [ERROR] ConditionMgr:805 - Attr not supported : Dmpu
2024-07-07 18:16:05,730 [ERROR] ConditionMgr:805 - Attr not supported : Dmpu
2024-07-07 18:16:05,730 [ERROR] ConditionMgr:805 - Attr not supported : Dmpu
2024-07-07 18:16:05,730 [ERROR] ConditionMgr:805 - Attr not supported : Dmpu
2024-07-07 18:16:05,730 [ERROR] ConditionMgr:805 - Attr not supported : Dmpu
2024-07-07 18:16:05,730 [ERROR] ConditionMgr:805 - Attr not supported : Dmpu
2024-07-07 18:16:05,730 [ERROR] ConditionMgr:805 - Attr not supported : Dmpu
2024-07-07 18:16:05,730 [ERROR] ConditionMgr:805 - Attr not supported : Dmpu
2024-07-07 18:16:05,730 [ERROR] ConditionMgr:805 - Attr not supported : Dmpu
2024-07-07 18:16:05,730 [ERROR] ConditionMgr:805 - Attr not supported : Dmpu
2024-07-07 18:16:05,730 [ERROR] ConditionMgr:805 - Attr not supported : Dmpu
2024-07-07 18:16:05,730 [ERROR] ConditionMgr:805 - Attr not supported : Dmpu
2024-07-07 18:16:05,730 [ERROR] ConditionMgr:805 - Attr not supported : Dmpu
2024-07-07 18:16:05,731 [ERROR] ConditionMgr:805 - Attr not supported : Dmpu
2024-07-07 18:16:05,731 [ERROR] ConditionMgr:805 - Attr not supported : Dmpu
2024-07-07 18:16:05,731 [ERROR] ConditionMgr:805 - Attr not supported : Dmpu
2024-07-07 18:16:05,731 [ERROR] ConditionMgr:805 - Attr not supported : Dmpu
2024-07-07 18:16:05,731 [ERROR] ConditionMgr:805 - Attr not supported : Dmpu
2024-07-07 18:16:05,731 [ERROR] ConditionMgr:805 - Attr not supported : Dmpu
2024-07-07 18:16:05,731 [ERROR] ConditionMgr:805 - Attr not supported : Dmpu
2024-07-07 18:16:05,731 [ERROR] ConditionMgr:805 - Attr not supported : Dmpu
2024-07-07 18:16:05,731 [ERROR] ConditionMgr:805 - Attr not supported : Dmpu
2024-07-07 18:16:05,731 [ERROR] ConditionMgr:805 - Attr not supported : Dmpu
2024-07-07 18:16:05,731 [ERROR] ConditionMgr:805 - Attr not supported : Dmpu
2024-07-07 18:16:05,731 [ERROR] ConditionMgr:805 - Attr not supported : Dmpu
2024-07-07 18:16:05,731 [ERROR] ConditionMgr:805 - Attr not supported : Dmpu
2024-07-07 18:16:05,731 [ERROR] ConditionMgr:805 - Attr not supported : Dmpu
2024-07-07 18:16:05,731 [ERROR] ConditionMgr:805 - Attr not supported : Dmpu
2024-07-07 18:16:05,731 [ERROR] ConditionMgr:805 - Attr not supported : Dmpu
2024-07-07 18:16:05,731 [ERROR] ConditionMgr:805 - Attr not supported : Dmpu
2024-07-07 18:16:05,731 [ERROR] ConditionMgr:805 - Attr not supported : Dmpu
2024-07-07 18:16:05,731 [ERROR] ConditionMgr:805 - Attr not supported : Dmpu
2024-07-07 18:16:05,731 [ERROR] ConditionMgr:805 - Attr not supported : Dmpu
2024-07-07 18:16:05,731 [ERROR] ConditionMgr:805 - Attr not supported : Dmpu
2024-07-07 18:16:05,732 [ERROR] ConditionMgr:805 - Attr not supported : Dmpu
2024-07-07 18:16:05,732 [ERROR] ConditionMgr:805 - Attr not supported : Dmpu
2024-07-07 18:16:05,732 [ERROR] ConditionMgr:805 - Attr not supported : Dmpu
2024-07-07 18:16:05,732 [ERROR] ConditionMgr:805 - Attr not supported : Dmpu
2024-07-07 18:16:05,732 [ERROR] ConditionMgr:805 - Attr not supported : Dmpu
2024-07-07 18:16:05,732 [ERROR] ConditionMgr:805 - Attr not supported : Dmpu
2024-07-07 18:16:05,732 [ERROR] ConditionMgr:805 - Attr not supported : Dmpu
2024-07-07 18:16:05,732 [ERROR] ConditionMgr:805 - Attr not supported : Dmpu
2024-07-07 18:16:05,732 [ERROR] ConditionMgr:805 - Attr not supported : Dmpu
2024-07-07 18:16:05,732 [ERROR] ConditionMgr:805 - Attr not supported : Dmpu
2024-07-07 18:16:05,732 [ERROR] ConditionMgr:805 - Attr not supported : Dmpu
2024-07-07 18:16:05,732 [ERROR] ConditionMgr:805 - Attr not supported : Dmpu
2024-07-07 18:16:05,732 [ERROR] ConditionMgr:805 - Attr not supported : Dmpu
2024-07-07 18:16:05,732 [ERROR] ConditionMgr:805 - Attr not supported : Dmpu
2024-07-07 18:16:05,732 [ERROR] ConditionMgr:805 - Attr not supported : Dmpu
2024-07-07 18:16:05,733 [ERROR] ConditionMgr:805 - Attr not supported : Dmpu
2024-07-07 18:16:05,733 [ERROR] ConditionMgr:805 - Attr not supported : Dmpu
2024-07-07 18:16:05,733 [ERROR] ConditionMgr:805 - Attr not supported : Dmpu
2024-07-07 18:16:05,733 [ERROR] ConditionMgr:805 - Attr not supported : Dmpu
2024-07-07 18:16:05,733 [ERROR] ConditionMgr:805 - Attr not supported : Dmpu
2024-07-07 18:16:05,733 [ERROR] ConditionMgr:805 - Attr not supported : Dmpu
2024-07-07 18:16:05,736 [WARN] PackLoader:240 - Cannot read IP mode file for RealThread.X-CUBE-RT-Thread_Nano.4.1.1
2024-07-07 18:16:05,738 [WARN] PackLoader:240 - Cannot read IP mode file for wolfSSL.I-CUBE-wolfSSL.5.7.0
2024-07-07 18:16:05,740 [WARN] PackLoader:240 - Cannot read IP mode file for STMicroelectronics.FP-ATR-SIGFOX1.3.2.0
2024-07-07 18:16:05,744 [WARN] PackLoader:240 - Cannot read IP mode file for STMicroelectronics.X-CUBE-EEPRMA1.5.1.0
2024-07-07 18:16:05,750 [WARN] PackLoader:240 - Cannot read IP mode file for ITTIA_DB.I-CUBE-ITTIADB.8.9.0
2024-07-07 18:16:05,777 [WARN] PackLoader:240 - Cannot read IP mode file for SEGGER.I-CUBE-embOS.1.3.1
2024-07-07 18:16:05,818 [WARN] PackLoader:240 - Cannot read IP mode file for STMicroelectronics.X-CUBE-ALGOBUILD.1.4.0
2024-07-07 18:16:05,822 [WARN] PackLoader:240 - Cannot read IP mode file for STMicroelectronics.X-CUBE-GNSS1.6.0.0
2024-07-07 18:16:05,836 [WARN] PackLoader:240 - Cannot read IP mode file for STMicroelectronics.X-CUBE-AZRTOS-F4.1.1.0
2024-07-07 18:16:05,843 [WARN] PackLoader:240 - Cannot read IP mode file for STMicroelectronics.X-CUBE-FREERTOS.1.2.0
2024-07-07 18:16:05,856 [WARN] PackLoader:240 - Cannot read IP mode file for STMicroelectronics.X-CUBE-AZRTOS-L5.2.0.0
2024-07-07 18:16:05,863 [WARN] PackLoader:240 - Cannot read IP mode file for STMicroelectronics.X-CUBE-NFC6.3.1.0
2024-07-07 18:16:05,868 [WARN] PackLoader:240 - Cannot read IP mode file for STMicroelectronics.X-CUBE-DPower.1.2.0
2024-07-07 18:16:05,871 [WARN] PackLoader:240 - Cannot read IP mode file for STMicroelectronics.X-CUBE-AI.9.0.0
2024-07-07 18:16:05,875 [WARN] PackLoader:240 - Cannot read IP mode file for STMicroelectronics.X-CUBE-NFC7.1.0.1
2024-07-07 18:16:05,879 [WARN] PackLoader:240 - Cannot read IP mode file for wolfSSL.I-CUBE-wolfTPM.3.2.0
2024-07-07 18:16:05,881 [WARN] PackLoader:240 - Cannot read IP mode file for STMicroelectronics.X-CUBE-AI.8.1.0
2024-07-07 18:16:05,895 [WARN] ConditionMgr:438 - getConditionDescription Invalid condition id : LAN8742 Phy interface Condition cause : null
2024-07-07 18:16:05,896 [WARN] PackLoader:240 - Cannot read IP mode file for STMicroelectronics.X-CUBE-AZRTOS-L4.2.0.0
2024-07-07 18:16:05,897 [WARN] ConditionMgr:1039 - genDependencies : Invalid condition id : LAN8742 Phy interface Condition cause : null
2024-07-07 18:16:05,897 [WARN] ConditionMgr:1039 - genDependencies : Invalid condition id : LAN8742 Phy interface Condition cause : null
2024-07-07 18:16:05,898 [WARN] ConditionMgr:1039 - genDependencies : Invalid condition id : LAN8742 Phy interface Condition cause : null
2024-07-07 18:16:05,903 [WARN] PackLoader:240 - Cannot read IP mode file for STMicroelectronics.X-CUBE-SFXS2LP1.4.0.0
2024-07-07 18:16:05,913 [WARN] ConditionMgr:438 - getConditionDescription Invalid condition id : UX DEVICE CLASS RTOS Condition cause : null
2024-07-07 18:16:05,914 [WARN] ConditionMgr:438 - getConditionDescription Invalid condition id : UX DEVICE CLASS RTOS Condition cause : null
2024-07-07 18:16:05,915 [WARN] PackLoader:240 - Cannot read IP mode file for STMicroelectronics.X-CUBE-AZRTOS-WB.2.0.0
2024-07-07 18:16:05,916 [WARN] ConditionMgr:1039 - genDependencies : Invalid condition id : UX DEVICE CLASS RTOS Condition cause : null
2024-07-07 18:16:05,916 [WARN] ConditionMgr:1039 - genDependencies : Invalid condition id : UX DEVICE CLASS RTOS Condition cause : null
2024-07-07 18:16:05,916 [WARN] ConditionMgr:1039 - genDependencies : Invalid condition id : UX DEVICE CLASS RTOS Condition cause : null
2024-07-07 18:16:05,917 [WARN] ConditionMgr:1039 - genDependencies : Invalid condition id : UX DEVICE CLASS RTOS Condition cause : null
2024-07-07 18:16:05,917 [WARN] ConditionMgr:1039 - genDependencies : Invalid condition id : UX DEVICE CLASS RTOS Condition cause : null
2024-07-07 18:16:05,926 [WARN] PackLoader:240 - Cannot read IP mode file for STMicroelectronics.X-CUBE-SUBG2.5.0.0
2024-07-07 18:16:05,933 [WARN] PackLoader:240 - Cannot read IP mode file for Cesanta.I-CUBE-Mongoose.7.13.0
2024-07-07 18:16:05,949 [WARN] PackLoader:240 - Cannot read IP mode file for STMicroelectronics.X-CUBE-AZRTOS-G4.2.0.0
2024-07-07 18:16:05,954 [WARN] PackLoader:240 - Cannot read IP mode file for STMicroelectronics.FP-SNS-MOTENVWB1.1.3.1
2024-07-07 18:16:05,958 [WARN] PackLoader:240 - Cannot read IP mode file for STMicroelectronics.X-CUBE-ISPU.2.0.0
2024-07-07 18:16:05,962 [WARN] PackLoader:240 - Cannot read IP mode file for STMicroelectronics.X-CUBE-ALS.1.0.2
2024-07-07 18:16:05,999 [WARN] PackLoader:240 - Cannot read IP mode file for STMicroelectronics.X-CUBE-MEMS1.10.0.0
2024-07-07 18:16:06,099 [WARN] PackLoader:240 - Cannot read IP mode file for STMicroelectronics.X-CUBE-TOUCHGFX.4.24.0
2024-07-07 18:16:06,103 [WARN] PackLoader:240 - Cannot read IP mode file for portGmbH.I-Cube-SoM-uGOAL.1.1.0
2024-07-07 18:16:06,106 [WARN] PackLoader:240 - Cannot read IP mode file for STMicroelectronics.X-CUBE-ALS.1.0.1
2024-07-07 18:16:06,122 [WARN] PackLoader:240 - Cannot read IP mode file for STMicroelectronics.X-CUBE-AZRTOS-H7RS.1.0.0
2024-07-07 18:16:06,127 [WARN] PackLoader:240 - Cannot read IP mode file for STMicroelectronics.FP-ATR-ASTRA1.2.0.0
2024-07-07 18:16:06,135 [WARN] PackLoader:240 - Cannot read IP mode file for STMicroelectronics.X-CUBE-TOF1.3.4.1
2024-07-07 18:16:06,168 [WARN] PackLoader:240 - Cannot read IP mode file for STMicroelectronics.X-CUBE-AZRTOS-H7.3.2.0
2024-07-07 18:16:06,183 [WARN] PackLoader:240 - Cannot read IP mode file for Infineon.AIROC-Wi-Fi-Bluetooth-STM32.1.6.0
2024-07-07 18:16:06,187 [INFO] ThirdParty:978 - Integrity check success = true
2024-07-07 18:16:06,187 [INFO] IntegrityCheckThread:100 - exiting critical section [integrity check]
2024-07-07 18:16:06,187 [INFO] IntegrityCheckThread:103 - End integrity checks thread
2024-07-07 18:37:34,705 [ERROR] LogOutputStream:75 - [STDERR_REDIRECT] 
