2024-06-25 08:59:42,077 [INFO] Activator:176 - 


2024-06-25 08:59:42,082 [INFO] Activator:177 - !SESSION log4j initialized
2024-06-25 08:59:44,759 [INFO] LogOutputStream:77 - [STDOUT_REDIRECT] 
2024-06-25 08:59:45,351 [INFO] ApplicationProperties:184 - Using Application install path: /home/frank/st/stm32cubeide_1.14.0/plugins/com.st.stm32cube.common.mx_6.10.0.202311202037
2024-06-25 08:59:45,364 [INFO] DbMcusXml:78 - Set database path to: /home/frank/st/stm32cubeide_1.14.0/plugins/com.st.stm32cube.common.mx_6.10.0.202311202037//db//mcu/
2024-06-25 08:59:45,364 [INFO] ApiDb:274 - Set plugin database path to: /home/frank/st/stm32cubeide_1.14.0/plugins/com.st.stm32cube.common.mx_6.10.0.202311202037//db//plugins/boardmanager/
2024-06-25 08:59:45,364 [WARN] ApiDb:259 - Overriding images path with different value:  => /home/frank/st/stm32cubeide_1.14.0/plugins/com.st.stm32cube.common.mx_6.10.0.202311202037//db//plugins/mcufinder/images/
2024-06-25 08:59:45,369 [INFO] ApiDb:250 - Set database path to: /home/frank/.stmcufinder/plugins/mcufinder//mcu/
2024-06-25 08:59:45,369 [INFO] DbMcusAds:125 - Set database path to: /home/frank/.stmcufinder/plugins/mcufinder//mcu/
2024-06-25 08:59:45,371 [INFO] CrossReferenceDbSqlite:203 - Set database path to: /home/frank/.stmcufinder/plugins/mcufinder//mcu/cs/
2024-06-25 08:59:45,441 [INFO] RulesReader:64 - Compatibility file has been processed (297 Rules)
2024-06-25 08:59:45,489 [INFO] DbMcusXml:78 - Set database path to: /home/frank/st/stm32cubeide_1.14.0/plugins/com.st.stm32cube.common.mx_6.10.0.202311202037//db//mcu/
2024-06-25 08:59:45,489 [INFO] ApiDb:274 - Set plugin database path to: /home/frank/st/stm32cubeide_1.14.0/plugins/com.st.stm32cube.common.mx_6.10.0.202311202037//db//plugins/boardmanager/
2024-06-25 08:59:45,489 [INFO] ApiDb:261 - Set plugin images path to: /home/frank/st/stm32cubeide_1.14.0/plugins/com.st.stm32cube.common.mx_6.10.0.202311202037//db//plugins/mcufinder/images/
2024-06-25 08:59:45,489 [WARN] DbFile:41 - Overriding database path with different value: /home/frank/.stmcufinder/plugins/mcufinder/ => /home/frank/.stmcufinder/plugins/mcufinder
2024-06-25 08:59:45,489 [INFO] ApiDb:250 - Set database path to: /home/frank/.stmcufinder/plugins/mcufinder//mcu/
2024-06-25 08:59:45,490 [WARN] DbFile:41 - Overriding database path with different value: /home/frank/.stmcufinder/plugins/mcufinder/ => /home/frank/.stmcufinder/plugins/mcufinder
2024-06-25 08:59:45,490 [INFO] DbMcusAds:125 - Set database path to: /home/frank/.stmcufinder/plugins/mcufinder//mcu/
2024-06-25 08:59:45,490 [WARN] DbFile:41 - Overriding database path with different value: /home/frank/.stmcufinder/plugins/mcufinder/ => /home/frank/.stmcufinder/plugins/mcufinder
2024-06-25 08:59:45,490 [WARN] DbFile:41 - Overriding database path with different value: /home/frank/.stmcufinder/plugins/mcufinder/ => /home/frank/.stmcufinder/plugins/mcufinder
2024-06-25 08:59:45,490 [INFO] CrossReferenceDbSqlite:203 - Set database path to: /home/frank/.stmcufinder/plugins/mcufinder//mcu/cs/
2024-06-25 08:59:45,534 [INFO] MainPanel:264 - HeapMemory: 268435456
2024-06-25 08:59:45,594 [INFO] DbMcusXml:78 - Set database path to: /home/frank/st/stm32cubeide_1.14.0/plugins/com.st.stm32cube.common.mx_6.10.0.202311202037//db//mcu/
2024-06-25 08:59:45,594 [INFO] ApiDb:274 - Set plugin database path to: /home/frank/st/stm32cubeide_1.14.0/plugins/com.st.stm32cube.common.mx_6.10.0.202311202037//db//plugins/boardmanager/
2024-06-25 08:59:45,594 [INFO] ApiDb:261 - Set plugin images path to: /home/frank/st/stm32cubeide_1.14.0/plugins/com.st.stm32cube.common.mx_6.10.0.202311202037//db//plugins/mcufinder/images/
2024-06-25 08:59:45,594 [WARN] DbFile:41 - Overriding database path with different value: /home/frank/.stmcufinder/plugins/mcufinder/ => /home/frank/.stmcufinder/plugins/mcufinder
2024-06-25 08:59:45,594 [INFO] ApiDb:250 - Set database path to: /home/frank/.stmcufinder/plugins/mcufinder//mcu/
2024-06-25 08:59:45,594 [WARN] DbFile:41 - Overriding database path with different value: /home/frank/.stmcufinder/plugins/mcufinder/ => /home/frank/.stmcufinder/plugins/mcufinder
2024-06-25 08:59:45,594 [INFO] DbMcusAds:125 - Set database path to: /home/frank/.stmcufinder/plugins/mcufinder//mcu/
2024-06-25 08:59:45,594 [WARN] DbFile:41 - Overriding database path with different value: /home/frank/.stmcufinder/plugins/mcufinder/ => /home/frank/.stmcufinder/plugins/mcufinder
2024-06-25 08:59:45,594 [WARN] DbFile:41 - Overriding database path with different value: /home/frank/.stmcufinder/plugins/mcufinder/ => /home/frank/.stmcufinder/plugins/mcufinder
2024-06-25 08:59:45,594 [INFO] CrossReferenceDbSqlite:203 - Set database path to: /home/frank/.stmcufinder/plugins/mcufinder//mcu/cs/
2024-06-25 08:59:45,604 [INFO] ApplicationProperties:184 - Using Application install path: /home/frank/st/stm32cubeide_1.14.0/plugins/com.st.stm32cube.common.mx_6.10.0.202311202037
2024-06-25 08:59:45,605 [INFO] PluginManage:196 - Search for loadable plugins [exclusion list=, ]
2024-06-25 08:59:45,606 [INFO] PluginManage:310 - Check plugin analytics
2024-06-25 08:59:45,691 [INFO] AnalyticsPlugin:253 - Accepted Software Licenses: 
2024-06-25 08:59:45,691 [INFO] AnalyticsPlugin:255 - Accepted CMSIS Pack Licenses: 
2024-06-25 08:59:45,691 [INFO] AnalyticsPlugin:257 - Accepted Firmware Licenses: FW.F4.1.28.0,FW.F4.1.27.0
2024-06-25 08:59:45,692 [INFO] PluginManage:359 - Loaded plugin analytics (category:tool,tabindex:-1)
2024-06-25 08:59:45,693 [INFO] PluginManage:310 - Check plugin cadmodel
2024-06-25 08:59:45,709 [INFO] CADModel:105 - Init CAD model plugin
2024-06-25 08:59:45,709 [INFO] PluginManage:359 - Loaded plugin cadmodel (category:power,tabindex:5)
2024-06-25 08:59:45,709 [INFO] PluginManage:310 - Check plugin clock
2024-06-25 08:59:45,723 [INFO] PluginManage:359 - Loaded plugin clock (category:base,tabindex:2)
2024-06-25 08:59:45,723 [INFO] PluginManage:310 - Check plugin ddr
2024-06-25 08:59:45,724 [INFO] PluginManage:359 - Loaded plugin ddr (category:tool,tabindex:6)
2024-06-25 08:59:45,724 [INFO] PluginManage:310 - Check plugin filemanager
2024-06-25 08:59:45,813 [INFO] PluginManage:359 - Loaded plugin filemanager (category:base,tabindex:10)
2024-06-25 08:59:45,813 [INFO] PluginManage:310 - Check plugin ipmanager
2024-06-25 08:59:45,816 [INFO] PluginManage:359 - Loaded plugin ipmanager (category:base,tabindex:5)
2024-06-25 08:59:45,816 [INFO] PluginManage:310 - Check plugin lpbam
2024-06-25 08:59:45,822 [INFO] PluginManage:359 - Loaded plugin lpbam (category:base,tabindex:0)
2024-06-25 08:59:45,822 [INFO] PluginManage:310 - Check plugin memorymap
2024-06-25 08:59:45,830 [INFO] PluginManage:359 - Loaded plugin memorymap (category:base,tabindex:4)
2024-06-25 08:59:45,830 [INFO] PluginManage:310 - Check plugin pinoutandconfiguration
2024-06-25 08:59:45,836 [INFO] PluginManage:359 - Loaded plugin pinoutandconfiguration (category:base,tabindex:1)
2024-06-25 08:59:45,836 [INFO] PluginManage:310 - Check plugin pinoutconfig
2024-06-25 08:59:45,887 [WARN] SupportedApi:132 - Cannot load RTOS API schema: s4s-elt-must-match.1: The content of 'definitions' must match (annotation?, (simpleType | complexType)?, (unique | key | keyref)*)). A problem was found starting at: attribute.
2024-06-25 08:59:45,963 [INFO] PluginManage:359 - Loaded plugin pinoutconfig (category:base,tabindex:0)
2024-06-25 08:59:45,963 [INFO] PluginManage:310 - Check plugin power
2024-06-25 08:59:45,969 [INFO] PluginManage:359 - Loaded plugin power (category:power,tabindex:4)
2024-06-25 08:59:45,969 [INFO] PluginManage:310 - Check plugin projectmanager
2024-06-25 08:59:45,980 [INFO] PluginManage:359 - Loaded plugin projectmanager (category:projectmanager,tabindex:3)
2024-06-25 08:59:45,980 [INFO] PluginManage:310 - Check plugin thirdparty
2024-06-25 08:59:46,060 [INFO] PluginManage:359 - Loaded plugin thirdparty (category:base,tabindex:-1)
2024-06-25 08:59:46,060 [WARN] IntegrityCheckThread:84 - waiting for thirdparty lock release [integrity check]
2024-06-25 08:59:46,060 [INFO] IntegrityCheckThread:86 - entering critical section [integrity check]
2024-06-25 08:59:46,060 [INFO] PluginManage:310 - Check plugin tools
2024-06-25 08:59:46,060 [INFO] ThirdPartyUpdaterWithRetryManager:70 - Updater plugin not ready yet. [1/15]
2024-06-25 08:59:46,062 [INFO] PluginManage:359 - Loaded plugin tools (category:base,tabindex:7)
2024-06-25 08:59:46,062 [INFO] PluginManage:310 - Check plugin tutovideos
2024-06-25 08:59:46,156 [INFO] PluginManage:359 - Loaded plugin tutovideos (category:base,tabindex:-1)
2024-06-25 08:59:46,156 [INFO] PluginManage:310 - Check plugin updater
2024-06-25 08:59:46,163 [INFO] PluginManage:359 - Loaded plugin updater (category:base,tabindex:12)
2024-06-25 08:59:46,163 [INFO] PluginManage:310 - Check plugin userauth
2024-06-25 08:59:46,166 [INFO] UserAuth:114 - Init User Auth plugin
2024-06-25 08:59:46,166 [INFO] PluginManage:359 - Loaded plugin userauth (category:base,tabindex:14)
2024-06-25 08:59:46,167 [INFO] PluginManage:283 - PluginManage : Loaded plugins [17]
2024-06-25 08:59:46,285 [INFO] PinOutPanel:1499 - setPackage(No Configuration,No Configuration)
2024-06-25 08:59:46,324 [INFO] CADModel:165 - CPN selected for project level
2024-06-25 08:59:46,325 [INFO] CADModel:114 - Register for checkConnection events
2024-06-25 08:59:46,330 [INFO] IPUIPlugin:80 - create IPUIPlugin
2024-06-25 08:59:46,331 [INFO] PluginManager:220 - loadIPPluginJar : add ucpd
2024-06-25 08:59:46,331 [INFO] IPUIPlugin:80 - create IPUIPlugin
2024-06-25 08:59:46,331 [INFO] PluginManager:220 - loadIPPluginJar : add ltdc
2024-06-25 08:59:46,335 [INFO] IPUIPlugin:80 - create IPUIPlugin
2024-06-25 08:59:46,336 [INFO] PluginManager:220 - loadIPPluginJar : add plateformsettings
2024-06-25 08:59:46,339 [INFO] IPUIPlugin:80 - create IPUIPlugin
2024-06-25 08:59:46,339 [INFO] PluginManager:220 - loadIPPluginJar : add hash
2024-06-25 08:59:46,340 [INFO] IPUIPlugin:80 - create IPUIPlugin
2024-06-25 08:59:46,340 [INFO] PluginManager:220 - loadIPPluginJar : add gfxmmu
2024-06-25 08:59:46,344 [INFO] IPUIPlugin:80 - create IPUIPlugin
2024-06-25 08:59:46,344 [INFO] PluginManager:220 - loadIPPluginJar : add stm32_wpan
2024-06-25 08:59:46,345 [INFO] IPUIPlugin:80 - create IPUIPlugin
2024-06-25 08:59:46,345 [INFO] PluginManager:220 - loadIPPluginJar : add ts
2024-06-25 08:59:46,345 [INFO] IPUIPlugin:80 - create IPUIPlugin
2024-06-25 08:59:46,346 [INFO] PluginManager:220 - loadIPPluginJar : add quadspi
2024-06-25 08:59:46,347 [INFO] IPUIPlugin:80 - create IPUIPlugin
2024-06-25 08:59:46,347 [INFO] PluginManager:220 - loadIPPluginJar : add usbx
2024-06-25 08:59:46,348 [INFO] IPUIPlugin:80 - create IPUIPlugin
2024-06-25 08:59:46,348 [INFO] PluginManager:220 - loadIPPluginJar : add aes
2024-06-25 08:59:46,350 [INFO] IPUIPlugin:80 - create IPUIPlugin
2024-06-25 08:59:46,350 [INFO] PluginManager:220 - loadIPPluginJar : add nvic
2024-06-25 08:59:46,353 [INFO] IPUIPlugin:80 - create IPUIPlugin
2024-06-25 08:59:46,353 [INFO] PluginManager:220 - loadIPPluginJar : add adc
2024-06-25 08:59:46,354 [INFO] IPUIPlugin:80 - create IPUIPlugin
2024-06-25 08:59:46,354 [INFO] PluginManager:220 - loadIPPluginJar : add cryp
2024-06-25 08:59:46,356 [INFO] IPUIPlugin:80 - create IPUIPlugin
2024-06-25 08:59:46,356 [INFO] PluginManager:220 - loadIPPluginJar : add touchsensing
2024-06-25 08:59:46,358 [INFO] IPUIPlugin:80 - create IPUIPlugin
2024-06-25 08:59:46,358 [INFO] PluginManager:220 - loadIPPluginJar : add fmc
2024-06-25 08:59:46,360 [INFO] IPUIPlugin:80 - create IPUIPlugin
2024-06-25 08:59:46,360 [INFO] PluginManager:220 - loadIPPluginJar : add openamp
2024-06-25 08:59:46,364 [INFO] IPUIPlugin:80 - create IPUIPlugin
2024-06-25 08:59:46,364 [INFO] PluginManager:220 - loadIPPluginJar : add linkedlist
2024-06-25 08:59:46,365 [INFO] IPUIPlugin:80 - create IPUIPlugin
2024-06-25 08:59:46,365 [INFO] PluginManager:220 - loadIPPluginJar : add tracer_emb
2024-06-25 08:59:46,368 [INFO] IPUIPlugin:80 - create IPUIPlugin
2024-06-25 08:59:46,368 [INFO] PluginManager:220 - loadIPPluginJar : add dma
2024-06-25 08:59:46,370 [INFO] IPUIPlugin:80 - create IPUIPlugin
2024-06-25 08:59:46,370 [INFO] PluginManager:220 - loadIPPluginJar : add sai
2024-06-25 08:59:46,373 [INFO] IPUIPlugin:80 - create IPUIPlugin
2024-06-25 08:59:46,373 [INFO] PluginManager:220 - loadIPPluginJar : add freertos
2024-06-25 08:59:46,376 [INFO] IPUIPlugin:80 - create IPUIPlugin
2024-06-25 08:59:46,377 [INFO] PluginManager:220 - loadIPPluginJar : add mdma
2024-06-25 08:59:46,377 [INFO] IPUIPlugin:80 - create IPUIPlugin
2024-06-25 08:59:46,377 [INFO] PluginManager:220 - loadIPPluginJar : add genericplugin
2024-06-25 08:59:46,378 [INFO] IPUIPlugin:80 - create IPUIPlugin
2024-06-25 08:59:46,378 [INFO] PluginManager:220 - loadIPPluginJar : add tsc
2024-06-25 08:59:46,379 [INFO] IPUIPlugin:80 - create IPUIPlugin
2024-06-25 08:59:46,380 [INFO] PluginManager:220 - loadIPPluginJar : add pdm2pcm
2024-06-25 08:59:46,381 [INFO] IPUIPlugin:80 - create IPUIPlugin
2024-06-25 08:59:46,381 [INFO] PluginManager:220 - loadIPPluginJar : add fatfs
2024-06-25 08:59:46,382 [INFO] IPUIPlugin:80 - create IPUIPlugin
2024-06-25 08:59:46,382 [INFO] PluginManager:220 - loadIPPluginJar : add can
2024-06-25 08:59:46,383 [INFO] IPUIPlugin:80 - create IPUIPlugin
2024-06-25 08:59:46,383 [INFO] PluginManager:220 - loadIPPluginJar : add i3c
2024-06-25 08:59:46,384 [INFO] IPUIPlugin:80 - create IPUIPlugin
2024-06-25 08:59:46,384 [INFO] PluginManager:220 - loadIPPluginJar : add i2s
2024-06-25 08:59:46,385 [INFO] IPUIPlugin:80 - create IPUIPlugin
2024-06-25 08:59:46,385 [INFO] PluginManager:220 - loadIPPluginJar : add i2c
2024-06-25 08:59:46,386 [INFO] IPUIPlugin:80 - create IPUIPlugin
2024-06-25 08:59:46,386 [INFO] PluginManager:220 - loadIPPluginJar : add spi
2024-06-25 08:59:46,387 [INFO] IPUIPlugin:80 - create IPUIPlugin
2024-06-25 08:59:46,387 [INFO] PluginManager:220 - loadIPPluginJar : add dfsdm
2024-06-25 08:59:46,388 [INFO] IPUIPlugin:80 - create IPUIPlugin
2024-06-25 08:59:46,388 [INFO] PluginManager:220 - loadIPPluginJar : add tim
2024-06-25 08:59:46,389 [INFO] IPUIPlugin:80 - create IPUIPlugin
2024-06-25 08:59:46,389 [INFO] PluginManager:220 - loadIPPluginJar : add opamp
2024-06-25 08:59:46,390 [INFO] IPUIPlugin:80 - create IPUIPlugin
2024-06-25 08:59:46,390 [INFO] PluginManager:220 - loadIPPluginJar : add dma3
2024-06-25 08:59:46,392 [INFO] IPUIPlugin:80 - create IPUIPlugin
2024-06-25 08:59:46,392 [INFO] PluginManager:220 - loadIPPluginJar : add ipddr
2024-06-25 08:59:46,393 [INFO] IPUIPlugin:80 - create IPUIPlugin
2024-06-25 08:59:46,393 [INFO] PluginManager:220 - loadIPPluginJar : add comp
2024-06-25 08:59:46,395 [INFO] IPUIPlugin:80 - create IPUIPlugin
2024-06-25 08:59:46,395 [INFO] PluginManager:220 - loadIPPluginJar : add resmgrutility
2024-06-25 08:59:46,397 [INFO] IPUIPlugin:80 - create IPUIPlugin
2024-06-25 08:59:46,397 [INFO] PluginManager:220 - loadIPPluginJar : add gtzc
2024-06-25 08:59:46,399 [INFO] IPUIPlugin:80 - create IPUIPlugin
2024-06-25 08:59:46,399 [INFO] PluginManager:220 - loadIPPluginJar : add gpio
2024-06-25 08:59:46,400 [INFO] IPUIPlugin:80 - create IPUIPlugin
2024-06-25 08:59:46,400 [INFO] PluginManager:220 - loadIPPluginJar : add usart
2024-06-25 08:59:46,401 [INFO] IPUIPlugin:80 - create IPUIPlugin
2024-06-25 08:59:46,402 [INFO] PluginManager:220 - loadIPPluginJar : add lorawan
2024-06-25 08:59:46,405 [INFO] IPUIPlugin:80 - create IPUIPlugin
2024-06-25 08:59:46,405 [INFO] PluginManager:220 - loadIPPluginJar : add gic
2024-06-25 08:59:46,493 [INFO] CADModel:165 - CPN selected for project level
2024-06-25 08:59:46,493 [INFO] CADModel:114 - Register for checkConnection events
2024-06-25 08:59:46,494 [FATAL] Updater:308 - Updater called before beeing initialized
2024-06-25 08:59:46,494 [ERROR] CADModel:125 - Updater not yet initialized, retry later 
2024-06-25 08:59:46,563 [INFO] CADModel:165 - CPN selected for project level
2024-06-25 08:59:46,563 [INFO] CADModel:114 - Register for checkConnection events
2024-06-25 08:59:46,563 [FATAL] Updater:308 - Updater called before beeing initialized
2024-06-25 08:59:46,563 [ERROR] CADModel:125 - Updater not yet initialized, retry later 
2024-06-25 08:59:46,565 [FATAL] Updater:308 - Updater called before beeing initialized
2024-06-25 08:59:46,608 [FATAL] Updater:308 - Updater called before beeing initialized
2024-06-25 08:59:46,611 [INFO] DbMcusAds:53 - JSON generation date=Thu May 16 11:22:00 CEST 2024 (1715851320852)
2024-06-25 08:59:46,611 [FATAL] Updater:308 - Updater called before beeing initialized
2024-06-25 08:59:46,633 [WARN] DetailPanel:346 - Failed to get advertising image, set to default
2024-06-25 08:59:46,691 [FATAL] Updater:308 - Updater called before beeing initialized
2024-06-25 08:59:46,693 [FATAL] Updater:308 - Updater called before beeing initialized
2024-06-25 08:59:46,693 [FATAL] Updater:308 - Updater called before beeing initialized
2024-06-25 08:59:46,693 [WARN] DetailPanel:346 - Failed to get advertising image, set to default
2024-06-25 08:59:46,693 [FATAL] Updater:308 - Updater called before beeing initialized
2024-06-25 08:59:46,723 [ERROR] Updater:1120 - MainUpdater not yet initialized. External WinMGr cannot be set.
2024-06-25 08:59:46,724 [INFO] Updater:1056 - Updater Version found : 6.10.0
2024-06-25 08:59:46,739 [INFO] ApplicationProperties:184 - Using Application install path: /home/frank/st/stm32cubeide_1.14.0/plugins/com.st.stm32cube.common.mx_6.10.0.202311202037
2024-06-25 08:59:46,951 [INFO] MainUpdater:2873 - connection check result : 10
2024-06-25 08:59:46,952 [INFO] MainUpdater:290 - Updater Check For Update Now.
2024-06-25 08:59:46,952 [INFO] MicroXplorer:498 - Change Database Version : DB.6.0.100
2024-06-25 08:59:46,955 [INFO] McuFinderGlobals:63 - Set McuFinder mode to 2 (CubeIDE integrated)
2024-06-25 08:59:47,117 [INFO] CheckServerUpdateThread:120 - End of CheckServer Thread
2024-06-25 08:59:47,148 [INFO] UserAuth:404 - Internet connection configuration mode: 1
2024-06-25 08:59:47,156 [INFO] JxBrowserEngine:152 - Initiate JxBrowser Engine with user profile folder
2024-06-25 08:59:47,716 [INFO] WebApp:161 - Instantiating new browser for Auth
2024-06-25 08:59:48,092 [INFO] WebApp:780 - Register for checkConnection events
2024-06-25 08:59:48,092 [INFO] WebApp:414 - Apply proxy settings
2024-06-25 08:59:48,092 [INFO] WebApp:499 - Chromium requires no authentication
2024-06-25 08:59:48,095 [INFO] WebApp:442 - Direct internet connection detected
2024-06-25 08:59:48,168 [INFO] WebApp:192 - Starting web application
2024-06-25 08:59:48,168 [INFO] WebApp:544 - Web application path used /home/frank/st/stm32cubeide_1.14.0/plugins/com.st.stm32cube.common.mx_6.10.0.202311202037/db/plugins/mcufinder/reactClient1/index.html
2024-06-25 08:59:49,121 [WARN] PackLoader:240 - Cannot read IP mode file for STMicroelectronics.FP-SNS-MOTENVWB1.1.4.0
2024-06-25 08:59:49,127 [WARN] PackLoader:240 - Cannot read IP mode file for STMicroelectronics.X-CUBE-SMBUS.2.1.0
2024-06-25 08:59:49,130 [WARN] PackLoader:240 - Cannot read IP mode file for STMicroelectronics.X-CUBE-TOUCHGFX.4.23.2
2024-06-25 08:59:49,147 [WARN] PackLoader:240 - Cannot read IP mode file for STMicroelectronics.X-CUBE-AZRTOS-F7.1.1.0
2024-06-25 08:59:49,153 [WARN] PackLoader:240 - Cannot read IP mode file for STMicroelectronics.FP-SNS-MOTENV1.4.3.2
2024-06-25 08:59:49,157 [WARN] PackLoader:240 - Cannot read IP mode file for STMicroelectronics.FP-SNS-FLIGHT1.5.0.2
2024-06-25 08:59:49,163 [WARN] PackLoader:240 - Cannot read IP mode file for STMicroelectronics.X-CUBE-DISPLAY.3.0.0
2024-06-25 08:59:49,170 [WARN] PackLoader:240 - Cannot read IP mode file for STMicroelectronics.X-CUBE-BLE1.7.0.0
2024-06-25 08:59:49,173 [WARN] PackLoader:240 - Cannot read IP mode file for emotas.I-CUBE-CANOPEN.1.3.0
2024-06-25 08:59:49,180 [WARN] PackLoader:240 - Cannot read IP mode file for STMicroelectronics.X-CUBE-BLEMGR.3.1.0
2024-06-25 08:59:49,184 [WARN] PackLoader:240 - Cannot read IP mode file for STMicroelectronics.FP-SNS-SMARTAG2.1.2.0
2024-06-25 08:59:49,190 [INFO] LogOutputStream:77 - [STDOUT_REDIRECT] 1 : Invalid condition id : UX_CORESTACK_Condition cause : null
2024-06-25 08:59:49,191 [INFO] LogOutputStream:77 - [STDOUT_REDIRECT] 1 : Invalid condition id : UX_CORESTACK_Condition cause : null
2024-06-25 08:59:49,191 [INFO] LogOutputStream:77 - [STDOUT_REDIRECT] 1 : Invalid condition id : UX_CORESTACK_Condition cause : null
2024-06-25 08:59:49,191 [INFO] LogOutputStream:77 - [STDOUT_REDIRECT] 1 : Invalid condition id : UX_CORESTACK_Condition cause : null
2024-06-25 08:59:49,191 [INFO] LogOutputStream:77 - [STDOUT_REDIRECT] 1 : Invalid condition id : UX_CORESTACK_Condition cause : null
2024-06-25 08:59:49,194 [WARN] PackLoader:240 - Cannot read IP mode file for STMicroelectronics.X-CUBE-AZRTOS-WL.2.0.0
2024-06-25 08:59:49,197 [WARN] PackLoader:240 - Cannot read IP mode file for STMicroelectronics.FP-SNS-MOTENV1.5.0.0
2024-06-25 08:59:49,204 [WARN] PackLoader:240 - Cannot read IP mode file for WES.I-CUBE-Cesium.1.3.0
2024-06-25 08:59:49,207 [WARN] PackLoader:240 - Cannot read IP mode file for STMicroelectronics.X-CUBE-BLE2.3.3.0
2024-06-25 08:59:49,212 [WARN] PackLoader:240 - Cannot read IP mode file for STMicroelectronics.X-CUBE-TCPP.4.1.0
2024-06-25 08:59:49,223 [WARN] PackLoader:240 - Cannot read IP mode file for STMicroelectronics.X-CUBE-AZRTOS-G0.1.1.0
2024-06-25 08:59:49,229 [WARN] PackLoader:240 - Cannot read IP mode file for STMicroelectronics.X-CUBE-SAFEA1.1.2.2
2024-06-25 08:59:49,232 [WARN] PackLoader:240 - Cannot read IP mode file for STMicroelectronics.X-CUBE-NFC4.3.0.0
2024-06-25 08:59:49,234 [WARN] PackLoader:240 - Cannot read IP mode file for wolfSSL.I-CUBE-wolfMQTT.1.18.0
2024-06-25 08:59:49,236 [WARN] PackLoader:240 - Cannot read IP mode file for wolfSSL.I-CUBE-wolfSSL.5.7.0
2024-06-25 08:59:49,238 [WARN] PackLoader:240 - Cannot read IP mode file for STMicroelectronics.FP-ATR-SIGFOX1.3.2.0
2024-06-25 08:59:49,241 [WARN] PackLoader:240 - Cannot read IP mode file for STMicroelectronics.X-CUBE-EEPRMA1.5.1.0
2024-06-25 08:59:49,246 [WARN] PackLoader:240 - Cannot read IP mode file for ITTIA_DB.I-CUBE-ITTIADB.8.9.0
2024-06-25 08:59:49,277 [WARN] PackLoader:240 - Cannot read IP mode file for SEGGER.I-CUBE-embOS.1.3.1
2024-06-25 08:59:49,324 [WARN] PackLoader:240 - Cannot read IP mode file for STMicroelectronics.X-CUBE-ALGOBUILD.1.4.0
2024-06-25 08:59:49,331 [WARN] PackLoader:240 - Cannot read IP mode file for STMicroelectronics.X-CUBE-GNSS1.6.0.0
2024-06-25 08:59:49,367 [WARN] PackLoader:240 - Cannot read IP mode file for STMicroelectronics.X-CUBE-AZRTOS-F4.1.1.0
2024-06-25 08:59:49,378 [WARN] PackLoader:240 - Cannot read IP mode file for STMicroelectronics.X-CUBE-FREERTOS.1.2.0
2024-06-25 08:59:49,397 [WARN] PackLoader:240 - Cannot read IP mode file for STMicroelectronics.X-CUBE-AZRTOS-L5.2.0.0
2024-06-25 08:59:49,405 [WARN] PackLoader:240 - Cannot read IP mode file for STMicroelectronics.X-CUBE-NFC6.3.1.0
2024-06-25 08:59:49,411 [WARN] PackLoader:240 - Cannot read IP mode file for STMicroelectronics.X-CUBE-AI.9.0.0
2024-06-25 08:59:49,416 [WARN] PackLoader:240 - Cannot read IP mode file for STMicroelectronics.X-CUBE-NFC7.1.0.1
2024-06-25 08:59:49,419 [WARN] PackLoader:240 - Cannot read IP mode file for STMicroelectronics.X-CUBE-AI.8.1.0
2024-06-25 08:59:49,435 [WARN] ConditionMgr:438 - getConditionDescription Invalid condition id : LAN8742 Phy interface Condition cause : null
2024-06-25 08:59:49,436 [WARN] PackLoader:240 - Cannot read IP mode file for STMicroelectronics.X-CUBE-AZRTOS-L4.2.0.0
2024-06-25 08:59:49,437 [WARN] ConditionMgr:1039 - genDependencies : Invalid condition id : LAN8742 Phy interface Condition cause : null
2024-06-25 08:59:49,438 [WARN] ConditionMgr:1039 - genDependencies : Invalid condition id : LAN8742 Phy interface Condition cause : null
2024-06-25 08:59:49,438 [WARN] ConditionMgr:1039 - genDependencies : Invalid condition id : LAN8742 Phy interface Condition cause : null
2024-06-25 08:59:49,445 [WARN] PackLoader:240 - Cannot read IP mode file for STMicroelectronics.X-CUBE-SFXS2LP1.4.0.0
2024-06-25 08:59:49,456 [WARN] ConditionMgr:438 - getConditionDescription Invalid condition id : UX DEVICE CLASS RTOS Condition cause : null
2024-06-25 08:59:49,456 [WARN] ConditionMgr:438 - getConditionDescription Invalid condition id : UX DEVICE CLASS RTOS Condition cause : null
2024-06-25 08:59:49,458 [WARN] PackLoader:240 - Cannot read IP mode file for STMicroelectronics.X-CUBE-AZRTOS-WB.2.0.0
2024-06-25 08:59:49,459 [WARN] ConditionMgr:1039 - genDependencies : Invalid condition id : UX DEVICE CLASS RTOS Condition cause : null
2024-06-25 08:59:49,459 [WARN] ConditionMgr:1039 - genDependencies : Invalid condition id : UX DEVICE CLASS RTOS Condition cause : null
2024-06-25 08:59:49,460 [WARN] ConditionMgr:1039 - genDependencies : Invalid condition id : UX DEVICE CLASS RTOS Condition cause : null
2024-06-25 08:59:49,460 [WARN] ConditionMgr:1039 - genDependencies : Invalid condition id : UX DEVICE CLASS RTOS Condition cause : null
2024-06-25 08:59:49,460 [WARN] ConditionMgr:1039 - genDependencies : Invalid condition id : UX DEVICE CLASS RTOS Condition cause : null
2024-06-25 08:59:49,469 [WARN] PackLoader:240 - Cannot read IP mode file for STMicroelectronics.X-CUBE-SUBG2.5.0.0
2024-06-25 08:59:49,477 [WARN] PackLoader:240 - Cannot read IP mode file for Cesanta.I-CUBE-Mongoose.7.13.0
2024-06-25 08:59:49,487 [WARN] PackLoader:240 - Cannot read IP mode file for STMicroelectronics.X-CUBE-AZRTOS-G4.2.0.0
2024-06-25 08:59:49,491 [WARN] PackLoader:240 - Cannot read IP mode file for STMicroelectronics.FP-SNS-MOTENVWB1.1.3.1
2024-06-25 08:59:49,494 [WARN] PackLoader:240 - Cannot read IP mode file for STMicroelectronics.X-CUBE-ISPU.2.0.0
2024-06-25 08:59:49,496 [WARN] PackLoader:240 - Cannot read IP mode file for STMicroelectronics.X-CUBE-ALS.1.0.2
2024-06-25 08:59:49,528 [WARN] PackLoader:240 - Cannot read IP mode file for STMicroelectronics.X-CUBE-MEMS1.10.0.0
2024-06-25 08:59:49,596 [WARN] PackLoader:240 - Cannot read IP mode file for portGmbH.I-Cube-SoM-uGOAL.1.1.0
2024-06-25 08:59:49,599 [WARN] PackLoader:240 - Cannot read IP mode file for STMicroelectronics.X-CUBE-ALS.1.0.1
2024-06-25 08:59:49,612 [WARN] PackLoader:240 - Cannot read IP mode file for STMicroelectronics.X-CUBE-AZRTOS-H7RS.1.0.0
2024-06-25 08:59:49,617 [WARN] PackLoader:240 - Cannot read IP mode file for STMicroelectronics.FP-ATR-ASTRA1.2.0.0
2024-06-25 08:59:49,624 [WARN] PackLoader:240 - Cannot read IP mode file for STMicroelectronics.X-CUBE-TOF1.3.4.1
2024-06-25 08:59:49,655 [WARN] PackLoader:240 - Cannot read IP mode file for STMicroelectronics.X-CUBE-AZRTOS-H7.3.2.0
2024-06-25 08:59:49,669 [WARN] PackLoader:240 - Cannot read IP mode file for Infineon.AIROC-Wi-Fi-Bluetooth-STM32.1.6.0
2024-06-25 08:59:49,674 [INFO] ThirdParty:978 - Integrity check success = true
2024-06-25 08:59:49,674 [INFO] IntegrityCheckThread:100 - exiting critical section [integrity check]
2024-06-25 08:59:49,674 [INFO] IntegrityCheckThread:103 - End integrity checks thread
2024-06-25 09:00:09,264 [ERROR] LogOutputStream:75 - [STDERR_REDIRECT] SLF4J: Failed to load class "org.slf4j.impl.StaticLoggerBinder".
2024-06-25 09:00:09,264 [ERROR] LogOutputStream:75 - [STDERR_REDIRECT] SLF4J: Defaulting to no-operation (NOP) logger implementation
2024-06-25 09:00:09,264 [ERROR] LogOutputStream:75 - [STDERR_REDIRECT] SLF4J: See http://www.slf4j.org/codes.html#StaticLoggerBinder for further details.
2024-06-25 16:47:02,126 [ERROR] ConfigurationRetriever:142 - IOException on connection: sw-center.st.com
2024-06-25 16:47:02,126 [ERROR] ConfigurationRetriever:142 - IOException on connection: sw-center.st.com
2024-06-25 16:47:02,126 [ERROR] ConfigurationRetriever:142 - IOException on connection: sw-center.st.com
2024-06-25 16:50:09,298 [ERROR] AdobePublisher:162 - Exception while opening the connection: java.net.SocketTimeoutException: Connect timed out
2024-06-25 16:50:11,300 [ERROR] AdobePublisher:162 - Exception while opening the connection: java.net.SocketTimeoutException: Connect timed out
2024-06-25 16:50:13,302 [ERROR] AdobePublisher:162 - Exception while opening the connection: java.net.SocketTimeoutException: Connect timed out
2024-06-25 16:50:15,304 [ERROR] AdobePublisher:162 - Exception while opening the connection: java.net.SocketTimeoutException: Connect timed out
2024-06-25 16:50:17,307 [ERROR] AdobePublisher:162 - Exception while opening the connection: java.net.SocketTimeoutException: Connect timed out
2024-06-25 16:50:19,643 [ERROR] AdobePublisher:162 - Exception while opening the connection: java.net.SocketTimeoutException: Connect timed out
2024-06-25 16:50:21,646 [ERROR] AdobePublisher:162 - Exception while opening the connection: java.net.SocketTimeoutException: Connect timed out
2024-06-25 16:50:23,648 [ERROR] AdobePublisher:162 - Exception while opening the connection: java.net.SocketTimeoutException: Connect timed out
2024-06-25 16:50:25,650 [ERROR] AdobePublisher:162 - Exception while opening the connection: java.net.SocketTimeoutException: Connect timed out
2024-06-25 16:50:27,652 [ERROR] AdobePublisher:162 - Exception while opening the connection: java.net.SocketTimeoutException: Connect timed out
2024-06-25 16:52:55,935 [ERROR] LogOutputStream:75 - [STDERR_REDIRECT] 
2024-06-25 16:53:13,607 [INFO] Activator:176 - 


2024-06-25 16:53:13,608 [INFO] Activator:177 - !SESSION log4j initialized
2024-06-25 16:53:16,601 [INFO] LogOutputStream:77 - [STDOUT_REDIRECT] 
2024-06-25 16:53:21,012 [INFO] ApplicationProperties:184 - Using Application install path: /home/frank/st/stm32cubeide_1.14.0/plugins/com.st.stm32cube.common.mx_6.10.0.202311202037
2024-06-25 16:53:21,020 [INFO] DbMcusXml:78 - Set database path to: /home/frank/st/stm32cubeide_1.14.0/plugins/com.st.stm32cube.common.mx_6.10.0.202311202037//db//mcu/
2024-06-25 16:53:21,020 [INFO] ApiDb:274 - Set plugin database path to: /home/frank/st/stm32cubeide_1.14.0/plugins/com.st.stm32cube.common.mx_6.10.0.202311202037//db//plugins/boardmanager/
2024-06-25 16:53:21,020 [WARN] ApiDb:259 - Overriding images path with different value:  => /home/frank/st/stm32cubeide_1.14.0/plugins/com.st.stm32cube.common.mx_6.10.0.202311202037//db//plugins/mcufinder/images/
2024-06-25 16:53:21,022 [INFO] ApiDb:250 - Set database path to: /home/frank/.stmcufinder/plugins/mcufinder//mcu/
2024-06-25 16:53:21,023 [INFO] DbMcusAds:125 - Set database path to: /home/frank/.stmcufinder/plugins/mcufinder//mcu/
2024-06-25 16:53:21,024 [INFO] CrossReferenceDbSqlite:203 - Set database path to: /home/frank/.stmcufinder/plugins/mcufinder//mcu/cs/
2024-06-25 16:53:21,086 [INFO] RulesReader:64 - Compatibility file has been processed (297 Rules)
2024-06-25 16:53:21,121 [INFO] DbMcusXml:78 - Set database path to: /home/frank/st/stm32cubeide_1.14.0/plugins/com.st.stm32cube.common.mx_6.10.0.202311202037//db//mcu/
2024-06-25 16:53:21,121 [INFO] ApiDb:274 - Set plugin database path to: /home/frank/st/stm32cubeide_1.14.0/plugins/com.st.stm32cube.common.mx_6.10.0.202311202037//db//plugins/boardmanager/
2024-06-25 16:53:21,121 [INFO] ApiDb:261 - Set plugin images path to: /home/frank/st/stm32cubeide_1.14.0/plugins/com.st.stm32cube.common.mx_6.10.0.202311202037//db//plugins/mcufinder/images/
2024-06-25 16:53:21,121 [WARN] DbFile:41 - Overriding database path with different value: /home/frank/.stmcufinder/plugins/mcufinder/ => /home/frank/.stmcufinder/plugins/mcufinder
2024-06-25 16:53:21,122 [INFO] ApiDb:250 - Set database path to: /home/frank/.stmcufinder/plugins/mcufinder//mcu/
2024-06-25 16:53:21,122 [WARN] DbFile:41 - Overriding database path with different value: /home/frank/.stmcufinder/plugins/mcufinder/ => /home/frank/.stmcufinder/plugins/mcufinder
2024-06-25 16:53:21,122 [INFO] DbMcusAds:125 - Set database path to: /home/frank/.stmcufinder/plugins/mcufinder//mcu/
2024-06-25 16:53:21,122 [WARN] DbFile:41 - Overriding database path with different value: /home/frank/.stmcufinder/plugins/mcufinder/ => /home/frank/.stmcufinder/plugins/mcufinder
2024-06-25 16:53:21,122 [WARN] DbFile:41 - Overriding database path with different value: /home/frank/.stmcufinder/plugins/mcufinder/ => /home/frank/.stmcufinder/plugins/mcufinder
2024-06-25 16:53:21,122 [INFO] CrossReferenceDbSqlite:203 - Set database path to: /home/frank/.stmcufinder/plugins/mcufinder//mcu/cs/
2024-06-25 16:53:21,160 [INFO] MainPanel:264 - HeapMemory: 268435456
2024-06-25 16:53:21,201 [INFO] DbMcusXml:78 - Set database path to: /home/frank/st/stm32cubeide_1.14.0/plugins/com.st.stm32cube.common.mx_6.10.0.202311202037//db//mcu/
2024-06-25 16:53:21,202 [INFO] ApiDb:274 - Set plugin database path to: /home/frank/st/stm32cubeide_1.14.0/plugins/com.st.stm32cube.common.mx_6.10.0.202311202037//db//plugins/boardmanager/
2024-06-25 16:53:21,202 [INFO] ApiDb:261 - Set plugin images path to: /home/frank/st/stm32cubeide_1.14.0/plugins/com.st.stm32cube.common.mx_6.10.0.202311202037//db//plugins/mcufinder/images/
2024-06-25 16:53:21,202 [WARN] DbFile:41 - Overriding database path with different value: /home/frank/.stmcufinder/plugins/mcufinder/ => /home/frank/.stmcufinder/plugins/mcufinder
2024-06-25 16:53:21,202 [INFO] ApiDb:250 - Set database path to: /home/frank/.stmcufinder/plugins/mcufinder//mcu/
2024-06-25 16:53:21,202 [WARN] DbFile:41 - Overriding database path with different value: /home/frank/.stmcufinder/plugins/mcufinder/ => /home/frank/.stmcufinder/plugins/mcufinder
2024-06-25 16:53:21,202 [INFO] DbMcusAds:125 - Set database path to: /home/frank/.stmcufinder/plugins/mcufinder//mcu/
2024-06-25 16:53:21,202 [WARN] DbFile:41 - Overriding database path with different value: /home/frank/.stmcufinder/plugins/mcufinder/ => /home/frank/.stmcufinder/plugins/mcufinder
2024-06-25 16:53:21,202 [WARN] DbFile:41 - Overriding database path with different value: /home/frank/.stmcufinder/plugins/mcufinder/ => /home/frank/.stmcufinder/plugins/mcufinder
2024-06-25 16:53:21,202 [INFO] CrossReferenceDbSqlite:203 - Set database path to: /home/frank/.stmcufinder/plugins/mcufinder//mcu/cs/
2024-06-25 16:53:21,210 [INFO] ApplicationProperties:184 - Using Application install path: /home/frank/st/stm32cubeide_1.14.0/plugins/com.st.stm32cube.common.mx_6.10.0.202311202037
2024-06-25 16:53:21,211 [INFO] PluginManage:196 - Search for loadable plugins [exclusion list=, ]
2024-06-25 16:53:21,211 [INFO] PluginManage:310 - Check plugin analytics
2024-06-25 16:53:21,284 [INFO] AnalyticsPlugin:253 - Accepted Software Licenses: 
2024-06-25 16:53:21,284 [INFO] AnalyticsPlugin:255 - Accepted CMSIS Pack Licenses: 
2024-06-25 16:53:21,284 [INFO] AnalyticsPlugin:257 - Accepted Firmware Licenses: FW.F4.1.28.0,FW.F4.1.27.0
2024-06-25 16:53:21,285 [INFO] PluginManage:359 - Loaded plugin analytics (category:tool,tabindex:-1)
2024-06-25 16:53:21,286 [INFO] PluginManage:310 - Check plugin cadmodel
2024-06-25 16:53:21,297 [INFO] CADModel:105 - Init CAD model plugin
2024-06-25 16:53:21,297 [INFO] PluginManage:359 - Loaded plugin cadmodel (category:power,tabindex:5)
2024-06-25 16:53:21,297 [INFO] PluginManage:310 - Check plugin clock
2024-06-25 16:53:21,301 [INFO] PluginManage:359 - Loaded plugin clock (category:base,tabindex:2)
2024-06-25 16:53:21,302 [INFO] PluginManage:310 - Check plugin ddr
2024-06-25 16:53:21,302 [INFO] PluginManage:359 - Loaded plugin ddr (category:tool,tabindex:6)
2024-06-25 16:53:21,302 [INFO] PluginManage:310 - Check plugin filemanager
2024-06-25 16:53:21,373 [INFO] PluginManage:359 - Loaded plugin filemanager (category:base,tabindex:10)
2024-06-25 16:53:21,374 [INFO] PluginManage:310 - Check plugin ipmanager
2024-06-25 16:53:21,376 [INFO] PluginManage:359 - Loaded plugin ipmanager (category:base,tabindex:5)
2024-06-25 16:53:21,376 [INFO] PluginManage:310 - Check plugin lpbam
2024-06-25 16:53:21,380 [INFO] PluginManage:359 - Loaded plugin lpbam (category:base,tabindex:0)
2024-06-25 16:53:21,380 [INFO] PluginManage:310 - Check plugin memorymap
2024-06-25 16:53:21,385 [INFO] PluginManage:359 - Loaded plugin memorymap (category:base,tabindex:4)
2024-06-25 16:53:21,385 [INFO] PluginManage:310 - Check plugin pinoutandconfiguration
2024-06-25 16:53:21,388 [INFO] PluginManage:359 - Loaded plugin pinoutandconfiguration (category:base,tabindex:1)
2024-06-25 16:53:21,388 [INFO] PluginManage:310 - Check plugin pinoutconfig
2024-06-25 16:53:21,428 [WARN] SupportedApi:132 - Cannot load RTOS API schema: s4s-elt-must-match.1: The content of 'definitions' must match (annotation?, (simpleType | complexType)?, (unique | key | keyref)*)). A problem was found starting at: attribute.
2024-06-25 16:53:21,501 [INFO] PluginManage:359 - Loaded plugin pinoutconfig (category:base,tabindex:0)
2024-06-25 16:53:21,501 [INFO] PluginManage:310 - Check plugin power
2024-06-25 16:53:21,507 [INFO] PluginManage:359 - Loaded plugin power (category:power,tabindex:4)
2024-06-25 16:53:21,507 [INFO] PluginManage:310 - Check plugin projectmanager
2024-06-25 16:53:21,517 [INFO] PluginManage:359 - Loaded plugin projectmanager (category:projectmanager,tabindex:3)
2024-06-25 16:53:21,517 [INFO] PluginManage:310 - Check plugin thirdparty
2024-06-25 16:53:21,586 [WARN] IntegrityCheckThread:84 - waiting for thirdparty lock release [integrity check]
2024-06-25 16:53:21,586 [INFO] PluginManage:359 - Loaded plugin thirdparty (category:base,tabindex:-1)
2024-06-25 16:53:21,586 [INFO] IntegrityCheckThread:86 - entering critical section [integrity check]
2024-06-25 16:53:21,586 [INFO] PluginManage:310 - Check plugin tools
2024-06-25 16:53:21,586 [INFO] ThirdPartyUpdaterWithRetryManager:70 - Updater plugin not ready yet. [1/15]
2024-06-25 16:53:21,588 [INFO] PluginManage:359 - Loaded plugin tools (category:base,tabindex:7)
2024-06-25 16:53:21,588 [INFO] PluginManage:310 - Check plugin tutovideos
2024-06-25 16:53:21,701 [INFO] PluginManage:359 - Loaded plugin tutovideos (category:base,tabindex:-1)
2024-06-25 16:53:21,701 [INFO] PluginManage:310 - Check plugin updater
2024-06-25 16:53:21,706 [INFO] PluginManage:359 - Loaded plugin updater (category:base,tabindex:12)
2024-06-25 16:53:21,706 [INFO] PluginManage:310 - Check plugin userauth
2024-06-25 16:53:21,710 [INFO] UserAuth:114 - Init User Auth plugin
2024-06-25 16:53:21,710 [INFO] PluginManage:359 - Loaded plugin userauth (category:base,tabindex:14)
2024-06-25 16:53:21,710 [INFO] PluginManage:283 - PluginManage : Loaded plugins [17]
2024-06-25 16:53:21,809 [INFO] PinOutPanel:1499 - setPackage(No Configuration,No Configuration)
2024-06-25 16:53:21,842 [INFO] CADModel:165 - CPN selected for project level
2024-06-25 16:53:21,842 [INFO] CADModel:114 - Register for checkConnection events
2024-06-25 16:53:21,847 [INFO] IPUIPlugin:80 - create IPUIPlugin
2024-06-25 16:53:21,847 [INFO] PluginManager:220 - loadIPPluginJar : add ucpd
2024-06-25 16:53:21,847 [INFO] IPUIPlugin:80 - create IPUIPlugin
2024-06-25 16:53:21,847 [INFO] PluginManager:220 - loadIPPluginJar : add ltdc
2024-06-25 16:53:21,850 [INFO] IPUIPlugin:80 - create IPUIPlugin
2024-06-25 16:53:21,852 [INFO] PluginManager:220 - loadIPPluginJar : add plateformsettings
2024-06-25 16:53:21,854 [INFO] IPUIPlugin:80 - create IPUIPlugin
2024-06-25 16:53:21,854 [INFO] PluginManager:220 - loadIPPluginJar : add hash
2024-06-25 16:53:21,855 [INFO] IPUIPlugin:80 - create IPUIPlugin
2024-06-25 16:53:21,855 [INFO] PluginManager:220 - loadIPPluginJar : add gfxmmu
2024-06-25 16:53:21,858 [INFO] IPUIPlugin:80 - create IPUIPlugin
2024-06-25 16:53:21,858 [INFO] PluginManager:220 - loadIPPluginJar : add stm32_wpan
2024-06-25 16:53:21,859 [INFO] IPUIPlugin:80 - create IPUIPlugin
2024-06-25 16:53:21,859 [INFO] PluginManager:220 - loadIPPluginJar : add ts
2024-06-25 16:53:21,860 [INFO] IPUIPlugin:80 - create IPUIPlugin
2024-06-25 16:53:21,860 [INFO] PluginManager:220 - loadIPPluginJar : add quadspi
2024-06-25 16:53:21,861 [INFO] IPUIPlugin:80 - create IPUIPlugin
2024-06-25 16:53:21,861 [INFO] PluginManager:220 - loadIPPluginJar : add usbx
2024-06-25 16:53:21,862 [INFO] IPUIPlugin:80 - create IPUIPlugin
2024-06-25 16:53:21,862 [INFO] PluginManager:220 - loadIPPluginJar : add aes
2024-06-25 16:53:21,863 [INFO] IPUIPlugin:80 - create IPUIPlugin
2024-06-25 16:53:21,863 [INFO] PluginManager:220 - loadIPPluginJar : add nvic
2024-06-25 16:53:21,866 [INFO] IPUIPlugin:80 - create IPUIPlugin
2024-06-25 16:53:21,866 [INFO] PluginManager:220 - loadIPPluginJar : add adc
2024-06-25 16:53:21,867 [INFO] IPUIPlugin:80 - create IPUIPlugin
2024-06-25 16:53:21,867 [INFO] PluginManager:220 - loadIPPluginJar : add cryp
2024-06-25 16:53:21,868 [INFO] IPUIPlugin:80 - create IPUIPlugin
2024-06-25 16:53:21,868 [INFO] PluginManager:220 - loadIPPluginJar : add touchsensing
2024-06-25 16:53:21,870 [INFO] IPUIPlugin:80 - create IPUIPlugin
2024-06-25 16:53:21,870 [INFO] PluginManager:220 - loadIPPluginJar : add fmc
2024-06-25 16:53:21,871 [INFO] IPUIPlugin:80 - create IPUIPlugin
2024-06-25 16:53:21,871 [INFO] PluginManager:220 - loadIPPluginJar : add openamp
2024-06-25 16:53:21,875 [INFO] IPUIPlugin:80 - create IPUIPlugin
2024-06-25 16:53:21,875 [INFO] PluginManager:220 - loadIPPluginJar : add linkedlist
2024-06-25 16:53:21,876 [INFO] IPUIPlugin:80 - create IPUIPlugin
2024-06-25 16:53:21,876 [INFO] PluginManager:220 - loadIPPluginJar : add tracer_emb
2024-06-25 16:53:21,878 [INFO] IPUIPlugin:80 - create IPUIPlugin
2024-06-25 16:53:21,879 [INFO] PluginManager:220 - loadIPPluginJar : add dma
2024-06-25 16:53:21,880 [INFO] IPUIPlugin:80 - create IPUIPlugin
2024-06-25 16:53:21,880 [INFO] PluginManager:220 - loadIPPluginJar : add sai
2024-06-25 16:53:21,882 [INFO] IPUIPlugin:80 - create IPUIPlugin
2024-06-25 16:53:21,882 [INFO] PluginManager:220 - loadIPPluginJar : add freertos
2024-06-25 16:53:21,885 [INFO] IPUIPlugin:80 - create IPUIPlugin
2024-06-25 16:53:21,885 [INFO] PluginManager:220 - loadIPPluginJar : add mdma
2024-06-25 16:53:21,886 [INFO] IPUIPlugin:80 - create IPUIPlugin
2024-06-25 16:53:21,886 [INFO] PluginManager:220 - loadIPPluginJar : add genericplugin
2024-06-25 16:53:21,886 [INFO] IPUIPlugin:80 - create IPUIPlugin
2024-06-25 16:53:21,887 [INFO] PluginManager:220 - loadIPPluginJar : add tsc
2024-06-25 16:53:21,888 [INFO] IPUIPlugin:80 - create IPUIPlugin
2024-06-25 16:53:21,888 [INFO] PluginManager:220 - loadIPPluginJar : add pdm2pcm
2024-06-25 16:53:21,888 [INFO] IPUIPlugin:80 - create IPUIPlugin
2024-06-25 16:53:21,888 [INFO] PluginManager:220 - loadIPPluginJar : add fatfs
2024-06-25 16:53:21,889 [INFO] IPUIPlugin:80 - create IPUIPlugin
2024-06-25 16:53:21,889 [INFO] PluginManager:220 - loadIPPluginJar : add can
2024-06-25 16:53:21,890 [INFO] IPUIPlugin:80 - create IPUIPlugin
2024-06-25 16:53:21,890 [INFO] PluginManager:220 - loadIPPluginJar : add i3c
2024-06-25 16:53:21,891 [INFO] IPUIPlugin:80 - create IPUIPlugin
2024-06-25 16:53:21,891 [INFO] PluginManager:220 - loadIPPluginJar : add i2s
2024-06-25 16:53:21,892 [INFO] IPUIPlugin:80 - create IPUIPlugin
2024-06-25 16:53:21,892 [INFO] PluginManager:220 - loadIPPluginJar : add i2c
2024-06-25 16:53:21,892 [INFO] IPUIPlugin:80 - create IPUIPlugin
2024-06-25 16:53:21,893 [INFO] PluginManager:220 - loadIPPluginJar : add spi
2024-06-25 16:53:21,893 [INFO] IPUIPlugin:80 - create IPUIPlugin
2024-06-25 16:53:21,893 [INFO] PluginManager:220 - loadIPPluginJar : add dfsdm
2024-06-25 16:53:21,894 [INFO] IPUIPlugin:80 - create IPUIPlugin
2024-06-25 16:53:21,894 [INFO] PluginManager:220 - loadIPPluginJar : add tim
2024-06-25 16:53:21,895 [INFO] IPUIPlugin:80 - create IPUIPlugin
2024-06-25 16:53:21,895 [INFO] PluginManager:220 - loadIPPluginJar : add opamp
2024-06-25 16:53:21,896 [INFO] IPUIPlugin:80 - create IPUIPlugin
2024-06-25 16:53:21,896 [INFO] PluginManager:220 - loadIPPluginJar : add dma3
2024-06-25 16:53:21,897 [INFO] IPUIPlugin:80 - create IPUIPlugin
2024-06-25 16:53:21,897 [INFO] PluginManager:220 - loadIPPluginJar : add ipddr
2024-06-25 16:53:21,898 [INFO] IPUIPlugin:80 - create IPUIPlugin
2024-06-25 16:53:21,898 [INFO] PluginManager:220 - loadIPPluginJar : add comp
2024-06-25 16:53:21,899 [INFO] IPUIPlugin:80 - create IPUIPlugin
2024-06-25 16:53:21,899 [INFO] PluginManager:220 - loadIPPluginJar : add resmgrutility
2024-06-25 16:53:21,900 [INFO] IPUIPlugin:80 - create IPUIPlugin
2024-06-25 16:53:21,900 [INFO] PluginManager:220 - loadIPPluginJar : add gtzc
2024-06-25 16:53:21,902 [INFO] IPUIPlugin:80 - create IPUIPlugin
2024-06-25 16:53:21,902 [INFO] PluginManager:220 - loadIPPluginJar : add gpio
2024-06-25 16:53:21,903 [INFO] IPUIPlugin:80 - create IPUIPlugin
2024-06-25 16:53:21,903 [INFO] PluginManager:220 - loadIPPluginJar : add usart
2024-06-25 16:53:21,904 [INFO] IPUIPlugin:80 - create IPUIPlugin
2024-06-25 16:53:21,904 [INFO] PluginManager:220 - loadIPPluginJar : add lorawan
2024-06-25 16:53:21,906 [INFO] IPUIPlugin:80 - create IPUIPlugin
2024-06-25 16:53:21,906 [INFO] PluginManager:220 - loadIPPluginJar : add gic
2024-06-25 16:53:21,992 [INFO] CADModel:165 - CPN selected for project level
2024-06-25 16:53:21,992 [INFO] CADModel:114 - Register for checkConnection events
2024-06-25 16:53:21,992 [FATAL] Updater:308 - Updater called before beeing initialized
2024-06-25 16:53:21,992 [ERROR] CADModel:125 - Updater not yet initialized, retry later 
2024-06-25 16:53:22,063 [INFO] CADModel:165 - CPN selected for project level
2024-06-25 16:53:22,064 [INFO] CADModel:114 - Register for checkConnection events
2024-06-25 16:53:22,064 [FATAL] Updater:308 - Updater called before beeing initialized
2024-06-25 16:53:22,064 [ERROR] CADModel:125 - Updater not yet initialized, retry later 
2024-06-25 16:53:22,066 [FATAL] Updater:308 - Updater called before beeing initialized
2024-06-25 16:53:22,113 [FATAL] Updater:308 - Updater called before beeing initialized
2024-06-25 16:53:22,116 [INFO] DbMcusAds:53 - JSON generation date=Thu May 16 11:22:00 CEST 2024 (1715851320852)
2024-06-25 16:53:22,116 [FATAL] Updater:308 - Updater called before beeing initialized
2024-06-25 16:53:22,137 [WARN] DetailPanel:346 - Failed to get advertising image, set to default
2024-06-25 16:53:22,189 [FATAL] Updater:308 - Updater called before beeing initialized
2024-06-25 16:53:22,190 [FATAL] Updater:308 - Updater called before beeing initialized
2024-06-25 16:53:22,190 [FATAL] Updater:308 - Updater called before beeing initialized
2024-06-25 16:53:22,190 [WARN] DetailPanel:346 - Failed to get advertising image, set to default
2024-06-25 16:53:22,191 [FATAL] Updater:308 - Updater called before beeing initialized
2024-06-25 16:53:22,209 [ERROR] Updater:1120 - MainUpdater not yet initialized. External WinMGr cannot be set.
2024-06-25 16:53:22,210 [INFO] Updater:1056 - Updater Version found : 6.10.0
2024-06-25 16:53:22,223 [INFO] ApplicationProperties:184 - Using Application install path: /home/frank/st/stm32cubeide_1.14.0/plugins/com.st.stm32cube.common.mx_6.10.0.202311202037
2024-06-25 16:53:22,391 [INFO] MainUpdater:2873 - connection check result : 10
2024-06-25 16:53:22,392 [INFO] MainUpdater:290 - Updater Check For Update Now.
2024-06-25 16:53:22,392 [INFO] MicroXplorer:498 - Change Database Version : DB.6.0.100
2024-06-25 16:53:22,395 [INFO] McuFinderGlobals:63 - Set McuFinder mode to 2 (CubeIDE integrated)
2024-06-25 16:53:22,549 [INFO] CheckServerUpdateThread:120 - End of CheckServer Thread
2024-06-25 16:53:22,589 [INFO] UserAuth:404 - Internet connection configuration mode: 1
2024-06-25 16:53:22,595 [INFO] JxBrowserEngine:152 - Initiate JxBrowser Engine with user profile folder
2024-06-25 16:53:22,907 [INFO] WebApp:161 - Instantiating new browser for Auth
2024-06-25 16:53:23,139 [INFO] WebApp:780 - Register for checkConnection events
2024-06-25 16:53:23,140 [INFO] WebApp:414 - Apply proxy settings
2024-06-25 16:53:23,140 [INFO] WebApp:499 - Chromium requires no authentication
2024-06-25 16:53:23,143 [INFO] WebApp:442 - Direct internet connection detected
2024-06-25 16:53:23,210 [INFO] WebApp:192 - Starting web application
2024-06-25 16:53:23,210 [INFO] WebApp:544 - Web application path used /home/frank/st/stm32cubeide_1.14.0/plugins/com.st.stm32cube.common.mx_6.10.0.202311202037/db/plugins/mcufinder/reactClient1/index.html
2024-06-25 16:53:24,642 [WARN] PackLoader:240 - Cannot read IP mode file for STMicroelectronics.FP-SNS-MOTENVWB1.1.4.0
2024-06-25 16:53:24,647 [WARN] PackLoader:240 - Cannot read IP mode file for STMicroelectronics.X-CUBE-SMBUS.2.1.0
2024-06-25 16:53:24,648 [WARN] PackLoader:240 - Cannot read IP mode file for STMicroelectronics.X-CUBE-TOUCHGFX.4.23.2
2024-06-25 16:53:24,664 [WARN] PackLoader:240 - Cannot read IP mode file for STMicroelectronics.X-CUBE-AZRTOS-F7.1.1.0
2024-06-25 16:53:24,670 [WARN] PackLoader:240 - Cannot read IP mode file for STMicroelectronics.FP-SNS-MOTENV1.4.3.2
2024-06-25 16:53:24,673 [WARN] PackLoader:240 - Cannot read IP mode file for STMicroelectronics.FP-SNS-FLIGHT1.5.0.2
2024-06-25 16:53:24,677 [WARN] PackLoader:240 - Cannot read IP mode file for STMicroelectronics.X-CUBE-DISPLAY.3.0.0
2024-06-25 16:53:24,684 [WARN] PackLoader:240 - Cannot read IP mode file for STMicroelectronics.X-CUBE-BLE1.7.0.0
2024-06-25 16:53:24,687 [WARN] PackLoader:240 - Cannot read IP mode file for emotas.I-CUBE-CANOPEN.1.3.0
2024-06-25 16:53:24,692 [WARN] PackLoader:240 - Cannot read IP mode file for STMicroelectronics.X-CUBE-BLEMGR.3.1.0
2024-06-25 16:53:24,696 [WARN] PackLoader:240 - Cannot read IP mode file for STMicroelectronics.FP-SNS-SMARTAG2.1.2.0
2024-06-25 16:53:24,702 [INFO] LogOutputStream:77 - [STDOUT_REDIRECT] 1 : Invalid condition id : UX_CORESTACK_Condition cause : null
2024-06-25 16:53:24,702 [INFO] LogOutputStream:77 - [STDOUT_REDIRECT] 1 : Invalid condition id : UX_CORESTACK_Condition cause : null
2024-06-25 16:53:24,702 [INFO] LogOutputStream:77 - [STDOUT_REDIRECT] 1 : Invalid condition id : UX_CORESTACK_Condition cause : null
2024-06-25 16:53:24,702 [INFO] LogOutputStream:77 - [STDOUT_REDIRECT] 1 : Invalid condition id : UX_CORESTACK_Condition cause : null
2024-06-25 16:53:24,702 [INFO] LogOutputStream:77 - [STDOUT_REDIRECT] 1 : Invalid condition id : UX_CORESTACK_Condition cause : null
2024-06-25 16:53:24,704 [WARN] PackLoader:240 - Cannot read IP mode file for STMicroelectronics.X-CUBE-AZRTOS-WL.2.0.0
2024-06-25 16:53:24,707 [WARN] PackLoader:240 - Cannot read IP mode file for STMicroelectronics.FP-SNS-MOTENV1.5.0.0
2024-06-25 16:53:24,712 [WARN] PackLoader:240 - Cannot read IP mode file for WES.I-CUBE-Cesium.1.3.0
2024-06-25 16:53:24,714 [WARN] PackLoader:240 - Cannot read IP mode file for STMicroelectronics.X-CUBE-BLE2.3.3.0
2024-06-25 16:53:24,718 [WARN] PackLoader:240 - Cannot read IP mode file for STMicroelectronics.X-CUBE-TCPP.4.1.0
2024-06-25 16:53:24,728 [WARN] PackLoader:240 - Cannot read IP mode file for STMicroelectronics.X-CUBE-AZRTOS-G0.1.1.0
2024-06-25 16:53:24,732 [WARN] PackLoader:240 - Cannot read IP mode file for STMicroelectronics.X-CUBE-SAFEA1.1.2.2
2024-06-25 16:53:24,736 [WARN] PackLoader:240 - Cannot read IP mode file for STMicroelectronics.X-CUBE-NFC4.3.0.0
2024-06-25 16:53:24,739 [WARN] PackLoader:240 - Cannot read IP mode file for wolfSSL.I-CUBE-wolfMQTT.1.18.0
2024-06-25 16:53:24,740 [WARN] PackLoader:240 - Cannot read IP mode file for wolfSSL.I-CUBE-wolfSSL.5.7.0
2024-06-25 16:53:24,742 [WARN] PackLoader:240 - Cannot read IP mode file for STMicroelectronics.FP-ATR-SIGFOX1.3.2.0
2024-06-25 16:53:24,744 [WARN] PackLoader:240 - Cannot read IP mode file for STMicroelectronics.X-CUBE-EEPRMA1.5.1.0
2024-06-25 16:53:24,747 [WARN] PackLoader:240 - Cannot read IP mode file for ITTIA_DB.I-CUBE-ITTIADB.8.9.0
2024-06-25 16:53:24,762 [WARN] PackLoader:240 - Cannot read IP mode file for SEGGER.I-CUBE-embOS.1.3.1
2024-06-25 16:53:24,791 [WARN] PackLoader:240 - Cannot read IP mode file for STMicroelectronics.X-CUBE-ALGOBUILD.1.4.0
2024-06-25 16:53:24,795 [WARN] PackLoader:240 - Cannot read IP mode file for STMicroelectronics.X-CUBE-GNSS1.6.0.0
2024-06-25 16:53:24,805 [WARN] PackLoader:240 - Cannot read IP mode file for STMicroelectronics.X-CUBE-AZRTOS-F4.1.1.0
2024-06-25 16:53:24,810 [WARN] PackLoader:240 - Cannot read IP mode file for STMicroelectronics.X-CUBE-FREERTOS.1.2.0
2024-06-25 16:53:24,822 [WARN] PackLoader:240 - Cannot read IP mode file for STMicroelectronics.X-CUBE-AZRTOS-L5.2.0.0
2024-06-25 16:53:24,827 [WARN] PackLoader:240 - Cannot read IP mode file for STMicroelectronics.X-CUBE-NFC6.3.1.0
2024-06-25 16:53:24,832 [WARN] PackLoader:240 - Cannot read IP mode file for STMicroelectronics.X-CUBE-AI.9.0.0
2024-06-25 16:53:24,835 [WARN] PackLoader:240 - Cannot read IP mode file for STMicroelectronics.X-CUBE-NFC7.1.0.1
2024-06-25 16:53:24,838 [WARN] PackLoader:240 - Cannot read IP mode file for STMicroelectronics.X-CUBE-AI.8.1.0
2024-06-25 16:53:24,862 [WARN] ConditionMgr:438 - getConditionDescription Invalid condition id : LAN8742 Phy interface Condition cause : null
2024-06-25 16:53:24,863 [WARN] PackLoader:240 - Cannot read IP mode file for STMicroelectronics.X-CUBE-AZRTOS-L4.2.0.0
2024-06-25 16:53:24,864 [WARN] ConditionMgr:1039 - genDependencies : Invalid condition id : LAN8742 Phy interface Condition cause : null
2024-06-25 16:53:24,864 [WARN] ConditionMgr:1039 - genDependencies : Invalid condition id : LAN8742 Phy interface Condition cause : null
2024-06-25 16:53:24,865 [WARN] ConditionMgr:1039 - genDependencies : Invalid condition id : LAN8742 Phy interface Condition cause : null
2024-06-25 16:53:24,870 [WARN] PackLoader:240 - Cannot read IP mode file for STMicroelectronics.X-CUBE-SFXS2LP1.4.0.0
2024-06-25 16:53:24,881 [WARN] ConditionMgr:438 - getConditionDescription Invalid condition id : UX DEVICE CLASS RTOS Condition cause : null
2024-06-25 16:53:24,881 [WARN] ConditionMgr:438 - getConditionDescription Invalid condition id : UX DEVICE CLASS RTOS Condition cause : null
2024-06-25 16:53:24,883 [WARN] PackLoader:240 - Cannot read IP mode file for STMicroelectronics.X-CUBE-AZRTOS-WB.2.0.0
2024-06-25 16:53:24,884 [WARN] ConditionMgr:1039 - genDependencies : Invalid condition id : UX DEVICE CLASS RTOS Condition cause : null
2024-06-25 16:53:24,884 [WARN] ConditionMgr:1039 - genDependencies : Invalid condition id : UX DEVICE CLASS RTOS Condition cause : null
2024-06-25 16:53:24,885 [WARN] ConditionMgr:1039 - genDependencies : Invalid condition id : UX DEVICE CLASS RTOS Condition cause : null
2024-06-25 16:53:24,885 [WARN] ConditionMgr:1039 - genDependencies : Invalid condition id : UX DEVICE CLASS RTOS Condition cause : null
2024-06-25 16:53:24,885 [WARN] ConditionMgr:1039 - genDependencies : Invalid condition id : UX DEVICE CLASS RTOS Condition cause : null
2024-06-25 16:53:24,892 [WARN] PackLoader:240 - Cannot read IP mode file for STMicroelectronics.X-CUBE-SUBG2.5.0.0
2024-06-25 16:53:24,900 [WARN] PackLoader:240 - Cannot read IP mode file for Cesanta.I-CUBE-Mongoose.7.13.0
2024-06-25 16:53:24,908 [WARN] PackLoader:240 - Cannot read IP mode file for STMicroelectronics.X-CUBE-AZRTOS-G4.2.0.0
2024-06-25 16:53:24,912 [WARN] PackLoader:240 - Cannot read IP mode file for STMicroelectronics.FP-SNS-MOTENVWB1.1.3.1
2024-06-25 16:53:24,919 [WARN] PackLoader:240 - Cannot read IP mode file for STMicroelectronics.X-CUBE-ISPU.2.0.0
2024-06-25 16:53:24,921 [WARN] PackLoader:240 - Cannot read IP mode file for STMicroelectronics.X-CUBE-ALS.1.0.2
2024-06-25 16:53:24,951 [WARN] PackLoader:240 - Cannot read IP mode file for STMicroelectronics.X-CUBE-MEMS1.10.0.0
2024-06-25 16:53:25,029 [WARN] PackLoader:240 - Cannot read IP mode file for portGmbH.I-Cube-SoM-uGOAL.1.1.0
2024-06-25 16:53:25,031 [WARN] PackLoader:240 - Cannot read IP mode file for STMicroelectronics.X-CUBE-ALS.1.0.1
2024-06-25 16:53:25,039 [WARN] PackLoader:240 - Cannot read IP mode file for STMicroelectronics.X-CUBE-AZRTOS-H7RS.1.0.0
2024-06-25 16:53:25,042 [WARN] PackLoader:240 - Cannot read IP mode file for STMicroelectronics.FP-ATR-ASTRA1.2.0.0
2024-06-25 16:53:25,047 [WARN] PackLoader:240 - Cannot read IP mode file for STMicroelectronics.X-CUBE-TOF1.3.4.1
2024-06-25 16:53:25,061 [WARN] PackLoader:240 - Cannot read IP mode file for STMicroelectronics.X-CUBE-AZRTOS-H7.3.2.0
2024-06-25 16:53:25,069 [WARN] PackLoader:240 - Cannot read IP mode file for Infineon.AIROC-Wi-Fi-Bluetooth-STM32.1.6.0
2024-06-25 16:53:25,072 [INFO] ThirdParty:978 - Integrity check success = true
2024-06-25 16:53:25,072 [INFO] IntegrityCheckThread:100 - exiting critical section [integrity check]
2024-06-25 16:53:25,072 [INFO] IntegrityCheckThread:103 - End integrity checks thread
2024-06-25 16:53:44,467 [ERROR] LogOutputStream:75 - [STDERR_REDIRECT] SLF4J: Failed to load class "org.slf4j.impl.StaticLoggerBinder".
2024-06-25 16:53:44,467 [ERROR] LogOutputStream:75 - [STDERR_REDIRECT] SLF4J: Defaulting to no-operation (NOP) logger implementation
2024-06-25 16:53:44,467 [ERROR] LogOutputStream:75 - [STDERR_REDIRECT] SLF4J: See http://www.slf4j.org/codes.html#StaticLoggerBinder for further details.
2024-06-25 17:00:53,450 [ERROR] ConfigurationRetriever:142 - IOException on connection: sw-center.st.com
2024-06-25 17:00:53,451 [ERROR] ConfigurationRetriever:142 - IOException on connection: sw-center.st.com
2024-06-25 17:00:53,451 [ERROR] ConfigurationRetriever:142 - IOException on connection: sw-center.st.com
2024-06-25 17:02:07,971 [ERROR] ConfigurationRetriever:142 - IOException on connection: sw-center.st.com
2024-06-25 17:02:07,972 [ERROR] ConfigurationRetriever:142 - IOException on connection: sw-center.st.com
2024-06-25 17:02:07,972 [ERROR] ConfigurationRetriever:142 - IOException on connection: sw-center.st.com
2024-06-25 17:02:42,641 [ERROR] ConfigurationRetriever:142 - IOException on connection: sw-center.st.com
2024-06-25 17:02:42,642 [ERROR] ConfigurationRetriever:142 - IOException on connection: sw-center.st.com
2024-06-25 17:02:42,642 [ERROR] ConfigurationRetriever:142 - IOException on connection: sw-center.st.com
2024-06-25 17:03:33,859 [ERROR] ConfigurationRetriever:142 - IOException on connection: sw-center.st.com
2024-06-25 17:03:33,859 [ERROR] ConfigurationRetriever:142 - IOException on connection: sw-center.st.com
2024-06-25 17:03:33,859 [ERROR] ConfigurationRetriever:142 - IOException on connection: sw-center.st.com
2024-06-25 17:03:33,868 [ERROR] ConfigurationRetriever:142 - IOException on connection: sw-center.st.com
2024-06-25 17:03:33,868 [ERROR] ConfigurationRetriever:142 - IOException on connection: sw-center.st.com
2024-06-25 17:03:33,868 [ERROR] ConfigurationRetriever:142 - IOException on connection: sw-center.st.com
2024-06-25 17:04:33,233 [ERROR] ConfigurationRetriever:142 - IOException on connection: sw-center.st.com
2024-06-25 17:04:33,234 [ERROR] ConfigurationRetriever:142 - IOException on connection: sw-center.st.com
2024-06-25 17:04:33,234 [ERROR] ConfigurationRetriever:142 - IOException on connection: sw-center.st.com
2024-06-25 17:04:33,244 [ERROR] ConfigurationRetriever:142 - IOException on connection: sw-center.st.com
2024-06-25 17:04:33,244 [ERROR] ConfigurationRetriever:142 - IOException on connection: sw-center.st.com
2024-06-25 17:04:33,245 [ERROR] ConfigurationRetriever:142 - IOException on connection: sw-center.st.com
2024-06-25 17:19:42,349 [ERROR] ConfigurationRetriever:142 - IOException on connection: sw-center.st.com
2024-06-25 17:19:42,349 [ERROR] ConfigurationRetriever:142 - IOException on connection: sw-center.st.com
2024-06-25 17:19:42,349 [ERROR] ConfigurationRetriever:142 - IOException on connection: sw-center.st.com
2024-06-25 17:19:42,873 [ERROR] LogOutputStream:75 - [STDERR_REDIRECT] 
