2024-08-02 15:08:00,068 [INFO] Activator:176 - 


2024-08-02 15:08:00,071 [INFO] Activator:177 - !SESSION log4j initialized
2024-08-02 15:08:02,952 [INFO] LogOutputStream:77 - [STDOUT_REDIRECT] 
2024-08-02 15:08:03,579 [INFO] ApplicationProperties:184 - Using Application install path: /home/frank/st/stm32cubeide_1.14.0/plugins/com.st.stm32cube.common.mx_6.11.1.202404110753
2024-08-02 15:08:03,593 [INFO] DbMcusXml:78 - Set database path to: /home/frank/st/stm32cubeide_1.14.0/plugins/com.st.stm32cube.common.mx_6.11.1.202404110753//db//mcu/
2024-08-02 15:08:03,593 [INFO] ApiDb:274 - Set plugin database path to: /home/frank/st/stm32cubeide_1.14.0/plugins/com.st.stm32cube.common.mx_6.11.1.202404110753//db//plugins/boardmanager/
2024-08-02 15:08:03,593 [WARN] ApiDb:259 - Overriding images path with different value:  => /home/frank/st/stm32cubeide_1.14.0/plugins/com.st.stm32cube.common.mx_6.11.1.202404110753//db//plugins/mcufinder/images/
2024-08-02 15:08:03,597 [INFO] ApiDb:250 - Set database path to: /home/frank/.stmcufinder/plugins/mcufinder//mcu/
2024-08-02 15:08:03,598 [INFO] DbMcusAds:125 - Set database path to: /home/frank/.stmcufinder/plugins/mcufinder//mcu/
2024-08-02 15:08:03,600 [INFO] CrossReferenceDbSqlite:203 - Set database path to: /home/frank/.stmcufinder/plugins/mcufinder//mcu/cs/
2024-08-02 15:08:03,663 [INFO] RulesReader:64 - Compatibility file has been processed (297 Rules)
2024-08-02 15:08:03,701 [INFO] DbMcusXml:78 - Set database path to: /home/frank/st/stm32cubeide_1.14.0/plugins/com.st.stm32cube.common.mx_6.11.1.202404110753//db//mcu/
2024-08-02 15:08:03,701 [INFO] ApiDb:274 - Set plugin database path to: /home/frank/st/stm32cubeide_1.14.0/plugins/com.st.stm32cube.common.mx_6.11.1.202404110753//db//plugins/boardmanager/
2024-08-02 15:08:03,701 [INFO] ApiDb:261 - Set plugin images path to: /home/frank/st/stm32cubeide_1.14.0/plugins/com.st.stm32cube.common.mx_6.11.1.202404110753//db//plugins/mcufinder/images/
2024-08-02 15:08:03,701 [WARN] DbFile:41 - Overriding database path with different value: /home/frank/.stmcufinder/plugins/mcufinder/ => /home/frank/.stmcufinder/plugins/mcufinder
2024-08-02 15:08:03,701 [INFO] ApiDb:250 - Set database path to: /home/frank/.stmcufinder/plugins/mcufinder//mcu/
2024-08-02 15:08:03,701 [WARN] DbFile:41 - Overriding database path with different value: /home/frank/.stmcufinder/plugins/mcufinder/ => /home/frank/.stmcufinder/plugins/mcufinder
2024-08-02 15:08:03,701 [INFO] DbMcusAds:125 - Set database path to: /home/frank/.stmcufinder/plugins/mcufinder//mcu/
2024-08-02 15:08:03,701 [WARN] DbFile:41 - Overriding database path with different value: /home/frank/.stmcufinder/plugins/mcufinder/ => /home/frank/.stmcufinder/plugins/mcufinder
2024-08-02 15:08:03,701 [WARN] DbFile:41 - Overriding database path with different value: /home/frank/.stmcufinder/plugins/mcufinder/ => /home/frank/.stmcufinder/plugins/mcufinder
2024-08-02 15:08:03,701 [INFO] CrossReferenceDbSqlite:203 - Set database path to: /home/frank/.stmcufinder/plugins/mcufinder//mcu/cs/
2024-08-02 15:08:03,742 [INFO] MainPanel:264 - HeapMemory: 268435456
2024-08-02 15:08:03,795 [INFO] DbMcusXml:78 - Set database path to: /home/frank/st/stm32cubeide_1.14.0/plugins/com.st.stm32cube.common.mx_6.11.1.202404110753//db//mcu/
2024-08-02 15:08:03,795 [INFO] ApiDb:274 - Set plugin database path to: /home/frank/st/stm32cubeide_1.14.0/plugins/com.st.stm32cube.common.mx_6.11.1.202404110753//db//plugins/boardmanager/
2024-08-02 15:08:03,795 [INFO] ApiDb:261 - Set plugin images path to: /home/frank/st/stm32cubeide_1.14.0/plugins/com.st.stm32cube.common.mx_6.11.1.202404110753//db//plugins/mcufinder/images/
2024-08-02 15:08:03,796 [WARN] DbFile:41 - Overriding database path with different value: /home/frank/.stmcufinder/plugins/mcufinder/ => /home/frank/.stmcufinder/plugins/mcufinder
2024-08-02 15:08:03,796 [INFO] ApiDb:250 - Set database path to: /home/frank/.stmcufinder/plugins/mcufinder//mcu/
2024-08-02 15:08:03,796 [WARN] DbFile:41 - Overriding database path with different value: /home/frank/.stmcufinder/plugins/mcufinder/ => /home/frank/.stmcufinder/plugins/mcufinder
2024-08-02 15:08:03,796 [INFO] DbMcusAds:125 - Set database path to: /home/frank/.stmcufinder/plugins/mcufinder//mcu/
2024-08-02 15:08:03,796 [WARN] DbFile:41 - Overriding database path with different value: /home/frank/.stmcufinder/plugins/mcufinder/ => /home/frank/.stmcufinder/plugins/mcufinder
2024-08-02 15:08:03,796 [WARN] DbFile:41 - Overriding database path with different value: /home/frank/.stmcufinder/plugins/mcufinder/ => /home/frank/.stmcufinder/plugins/mcufinder
2024-08-02 15:08:03,796 [INFO] CrossReferenceDbSqlite:203 - Set database path to: /home/frank/.stmcufinder/plugins/mcufinder//mcu/cs/
2024-08-02 15:08:03,805 [INFO] ApplicationProperties:184 - Using Application install path: /home/frank/st/stm32cubeide_1.14.0/plugins/com.st.stm32cube.common.mx_6.11.1.202404110753
2024-08-02 15:08:03,806 [INFO] PluginManage:196 - Search for loadable plugins [exclusion list=, ]
2024-08-02 15:08:03,807 [INFO] PluginManage:310 - Check plugin analytics
2024-08-02 15:08:03,880 [INFO] AnalyticsPlugin:253 - Accepted Software Licenses: 
2024-08-02 15:08:03,881 [INFO] AnalyticsPlugin:255 - Accepted CMSIS Pack Licenses: 
2024-08-02 15:08:03,881 [INFO] AnalyticsPlugin:257 - Accepted Firmware Licenses: FW.F4.1.28.0,FW.F4.1.27.0
2024-08-02 15:08:03,882 [INFO] PluginManage:359 - Loaded plugin analytics (category:tool,tabindex:-1)
2024-08-02 15:08:03,882 [INFO] PluginManage:310 - Check plugin cadmodel
2024-08-02 15:08:03,898 [INFO] CADModel:105 - Init CAD model plugin
2024-08-02 15:08:03,898 [INFO] PluginManage:359 - Loaded plugin cadmodel (category:power,tabindex:5)
2024-08-02 15:08:03,899 [INFO] PluginManage:310 - Check plugin clock
2024-08-02 15:08:03,904 [INFO] PluginManage:359 - Loaded plugin clock (category:base,tabindex:2)
2024-08-02 15:08:03,904 [INFO] PluginManage:310 - Check plugin ddr
2024-08-02 15:08:03,905 [INFO] PluginManage:359 - Loaded plugin ddr (category:tool,tabindex:6)
2024-08-02 15:08:03,905 [INFO] PluginManage:310 - Check plugin filemanager
2024-08-02 15:08:03,989 [INFO] PluginManage:359 - Loaded plugin filemanager (category:base,tabindex:10)
2024-08-02 15:08:03,989 [INFO] PluginManage:310 - Check plugin ipmanager
2024-08-02 15:08:03,992 [INFO] PluginManage:359 - Loaded plugin ipmanager (category:base,tabindex:5)
2024-08-02 15:08:03,993 [INFO] PluginManage:310 - Check plugin lpbam
2024-08-02 15:08:03,998 [INFO] PluginManage:359 - Loaded plugin lpbam (category:base,tabindex:0)
2024-08-02 15:08:03,998 [INFO] PluginManage:310 - Check plugin memorymap
2024-08-02 15:08:04,005 [INFO] PluginManage:359 - Loaded plugin memorymap (category:base,tabindex:4)
2024-08-02 15:08:04,005 [INFO] PluginManage:310 - Check plugin pinoutandconfiguration
2024-08-02 15:08:04,009 [INFO] PluginManage:359 - Loaded plugin pinoutandconfiguration (category:base,tabindex:1)
2024-08-02 15:08:04,009 [INFO] PluginManage:310 - Check plugin pinoutconfig
2024-08-02 15:08:04,054 [WARN] SupportedApi:132 - Cannot load RTOS API schema: s4s-elt-must-match.1: The content of 'definitions' must match (annotation?, (simpleType | complexType)?, (unique | key | keyref)*)). A problem was found starting at: attribute.
2024-08-02 15:08:04,127 [INFO] PluginManage:359 - Loaded plugin pinoutconfig (category:base,tabindex:0)
2024-08-02 15:08:04,127 [INFO] PluginManage:310 - Check plugin power
2024-08-02 15:08:04,133 [INFO] PluginManage:359 - Loaded plugin power (category:power,tabindex:4)
2024-08-02 15:08:04,133 [INFO] PluginManage:310 - Check plugin projectmanager
2024-08-02 15:08:04,142 [INFO] PluginManage:359 - Loaded plugin projectmanager (category:projectmanager,tabindex:3)
2024-08-02 15:08:04,142 [INFO] PluginManage:310 - Check plugin thirdparty
2024-08-02 15:08:04,208 [INFO] PluginManage:359 - Loaded plugin thirdparty (category:base,tabindex:-1)
2024-08-02 15:08:04,208 [WARN] IntegrityCheckThread:84 - waiting for thirdparty lock release [integrity check]
2024-08-02 15:08:04,208 [INFO] PluginManage:310 - Check plugin tools
2024-08-02 15:08:04,208 [INFO] IntegrityCheckThread:86 - entering critical section [integrity check]
2024-08-02 15:08:04,208 [INFO] ThirdPartyUpdaterWithRetryManager:70 - Updater plugin not ready yet. [1/15]
2024-08-02 15:08:04,209 [INFO] PluginManage:359 - Loaded plugin tools (category:base,tabindex:7)
2024-08-02 15:08:04,209 [INFO] PluginManage:310 - Check plugin tutovideos
2024-08-02 15:08:04,304 [INFO] PluginManage:359 - Loaded plugin tutovideos (category:base,tabindex:-1)
2024-08-02 15:08:04,305 [INFO] PluginManage:310 - Check plugin updater
2024-08-02 15:08:04,311 [INFO] PluginManage:359 - Loaded plugin updater (category:base,tabindex:12)
2024-08-02 15:08:04,311 [INFO] PluginManage:310 - Check plugin userauth
2024-08-02 15:08:04,315 [INFO] UserAuth:114 - Init User Auth plugin
2024-08-02 15:08:04,315 [INFO] PluginManage:359 - Loaded plugin userauth (category:base,tabindex:14)
2024-08-02 15:08:04,315 [INFO] PluginManage:283 - PluginManage : Loaded plugins [17]
2024-08-02 15:08:04,428 [INFO] PinOutPanel:1561 - setPackage(No Configuration,No Configuration)
2024-08-02 15:08:04,468 [INFO] CADModel:165 - CPN selected for project level
2024-08-02 15:08:04,468 [INFO] CADModel:114 - Register for checkConnection events
2024-08-02 15:08:04,474 [INFO] IPUIPlugin:80 - create IPUIPlugin
2024-08-02 15:08:04,475 [INFO] PluginManager:220 - loadIPPluginJar : add ucpd
2024-08-02 15:08:04,475 [INFO] IPUIPlugin:80 - create IPUIPlugin
2024-08-02 15:08:04,475 [INFO] PluginManager:220 - loadIPPluginJar : add ltdc
2024-08-02 15:08:04,479 [INFO] IPUIPlugin:80 - create IPUIPlugin
2024-08-02 15:08:04,481 [INFO] PluginManager:220 - loadIPPluginJar : add plateformsettings
2024-08-02 15:08:04,484 [INFO] IPUIPlugin:80 - create IPUIPlugin
2024-08-02 15:08:04,484 [INFO] PluginManager:220 - loadIPPluginJar : add hash
2024-08-02 15:08:04,486 [INFO] IPUIPlugin:80 - create IPUIPlugin
2024-08-02 15:08:04,486 [INFO] PluginManager:220 - loadIPPluginJar : add gfxmmu
2024-08-02 15:08:04,490 [INFO] IPUIPlugin:80 - create IPUIPlugin
2024-08-02 15:08:04,490 [INFO] PluginManager:220 - loadIPPluginJar : add stm32_wpan
2024-08-02 15:08:04,491 [INFO] IPUIPlugin:80 - create IPUIPlugin
2024-08-02 15:08:04,491 [INFO] PluginManager:220 - loadIPPluginJar : add ts
2024-08-02 15:08:04,491 [INFO] IPUIPlugin:80 - create IPUIPlugin
2024-08-02 15:08:04,492 [INFO] PluginManager:220 - loadIPPluginJar : add quadspi
2024-08-02 15:08:04,493 [INFO] IPUIPlugin:80 - create IPUIPlugin
2024-08-02 15:08:04,493 [INFO] PluginManager:220 - loadIPPluginJar : add usbx
2024-08-02 15:08:04,494 [INFO] IPUIPlugin:80 - create IPUIPlugin
2024-08-02 15:08:04,494 [INFO] PluginManager:220 - loadIPPluginJar : add aes
2024-08-02 15:08:04,496 [INFO] IPUIPlugin:80 - create IPUIPlugin
2024-08-02 15:08:04,496 [INFO] PluginManager:220 - loadIPPluginJar : add nvic
2024-08-02 15:08:04,500 [INFO] IPUIPlugin:80 - create IPUIPlugin
2024-08-02 15:08:04,500 [INFO] PluginManager:220 - loadIPPluginJar : add adc
2024-08-02 15:08:04,501 [INFO] IPUIPlugin:80 - create IPUIPlugin
2024-08-02 15:08:04,501 [INFO] PluginManager:220 - loadIPPluginJar : add cryp
2024-08-02 15:08:04,502 [INFO] IPUIPlugin:80 - create IPUIPlugin
2024-08-02 15:08:04,503 [INFO] PluginManager:220 - loadIPPluginJar : add touchsensing
2024-08-02 15:08:04,505 [INFO] IPUIPlugin:80 - create IPUIPlugin
2024-08-02 15:08:04,505 [INFO] PluginManager:220 - loadIPPluginJar : add fmc
2024-08-02 15:08:04,506 [INFO] IPUIPlugin:80 - create IPUIPlugin
2024-08-02 15:08:04,507 [INFO] PluginManager:220 - loadIPPluginJar : add openamp
2024-08-02 15:08:04,511 [INFO] IPUIPlugin:80 - create IPUIPlugin
2024-08-02 15:08:04,511 [INFO] PluginManager:220 - loadIPPluginJar : add linkedlist
2024-08-02 15:08:04,512 [INFO] IPUIPlugin:80 - create IPUIPlugin
2024-08-02 15:08:04,512 [INFO] PluginManager:220 - loadIPPluginJar : add tracer_emb
2024-08-02 15:08:04,515 [INFO] IPUIPlugin:80 - create IPUIPlugin
2024-08-02 15:08:04,515 [INFO] PluginManager:220 - loadIPPluginJar : add dma
2024-08-02 15:08:04,516 [INFO] IPUIPlugin:80 - create IPUIPlugin
2024-08-02 15:08:04,516 [INFO] PluginManager:220 - loadIPPluginJar : add sai
2024-08-02 15:08:04,520 [INFO] IPUIPlugin:80 - create IPUIPlugin
2024-08-02 15:08:04,520 [INFO] PluginManager:220 - loadIPPluginJar : add freertos
2024-08-02 15:08:04,523 [INFO] IPUIPlugin:80 - create IPUIPlugin
2024-08-02 15:08:04,523 [INFO] PluginManager:220 - loadIPPluginJar : add mdma
2024-08-02 15:08:04,524 [INFO] IPUIPlugin:80 - create IPUIPlugin
2024-08-02 15:08:04,524 [INFO] PluginManager:220 - loadIPPluginJar : add genericplugin
2024-08-02 15:08:04,525 [INFO] IPUIPlugin:80 - create IPUIPlugin
2024-08-02 15:08:04,525 [INFO] PluginManager:220 - loadIPPluginJar : add tsc
2024-08-02 15:08:04,526 [INFO] IPUIPlugin:80 - create IPUIPlugin
2024-08-02 15:08:04,526 [INFO] PluginManager:220 - loadIPPluginJar : add pdm2pcm
2024-08-02 15:08:04,527 [INFO] IPUIPlugin:80 - create IPUIPlugin
2024-08-02 15:08:04,527 [INFO] PluginManager:220 - loadIPPluginJar : add fatfs
2024-08-02 15:08:04,528 [INFO] IPUIPlugin:80 - create IPUIPlugin
2024-08-02 15:08:04,528 [INFO] PluginManager:220 - loadIPPluginJar : add can
2024-08-02 15:08:04,529 [INFO] IPUIPlugin:80 - create IPUIPlugin
2024-08-02 15:08:04,529 [INFO] PluginManager:220 - loadIPPluginJar : add i3c
2024-08-02 15:08:04,530 [INFO] IPUIPlugin:80 - create IPUIPlugin
2024-08-02 15:08:04,530 [INFO] PluginManager:220 - loadIPPluginJar : add i2s
2024-08-02 15:08:04,531 [INFO] IPUIPlugin:80 - create IPUIPlugin
2024-08-02 15:08:04,531 [INFO] PluginManager:220 - loadIPPluginJar : add i2c
2024-08-02 15:08:04,532 [INFO] IPUIPlugin:80 - create IPUIPlugin
2024-08-02 15:08:04,532 [INFO] PluginManager:220 - loadIPPluginJar : add spi
2024-08-02 15:08:04,533 [INFO] IPUIPlugin:80 - create IPUIPlugin
2024-08-02 15:08:04,533 [INFO] PluginManager:220 - loadIPPluginJar : add dfsdm
2024-08-02 15:08:04,534 [INFO] IPUIPlugin:80 - create IPUIPlugin
2024-08-02 15:08:04,534 [INFO] PluginManager:220 - loadIPPluginJar : add tim
2024-08-02 15:08:04,535 [INFO] IPUIPlugin:80 - create IPUIPlugin
2024-08-02 15:08:04,535 [INFO] PluginManager:220 - loadIPPluginJar : add opamp
2024-08-02 15:08:04,536 [INFO] IPUIPlugin:80 - create IPUIPlugin
2024-08-02 15:08:04,536 [INFO] PluginManager:220 - loadIPPluginJar : add dma3
2024-08-02 15:08:04,538 [INFO] IPUIPlugin:80 - create IPUIPlugin
2024-08-02 15:08:04,538 [INFO] PluginManager:220 - loadIPPluginJar : add ipddr
2024-08-02 15:08:04,539 [INFO] IPUIPlugin:80 - create IPUIPlugin
2024-08-02 15:08:04,539 [INFO] PluginManager:220 - loadIPPluginJar : add comp
2024-08-02 15:08:04,541 [INFO] IPUIPlugin:80 - create IPUIPlugin
2024-08-02 15:08:04,541 [INFO] PluginManager:220 - loadIPPluginJar : add resmgrutility
2024-08-02 15:08:04,542 [INFO] IPUIPlugin:80 - create IPUIPlugin
2024-08-02 15:08:04,542 [INFO] PluginManager:220 - loadIPPluginJar : add extmemmanager
2024-08-02 15:08:04,543 [INFO] IPUIPlugin:80 - create IPUIPlugin
2024-08-02 15:08:04,543 [INFO] PluginManager:220 - loadIPPluginJar : add gtzc
2024-08-02 15:08:04,546 [INFO] IPUIPlugin:80 - create IPUIPlugin
2024-08-02 15:08:04,546 [INFO] PluginManager:220 - loadIPPluginJar : add gpio
2024-08-02 15:08:04,547 [INFO] IPUIPlugin:80 - create IPUIPlugin
2024-08-02 15:08:04,547 [INFO] PluginManager:220 - loadIPPluginJar : add usart
2024-08-02 15:08:04,548 [INFO] IPUIPlugin:80 - create IPUIPlugin
2024-08-02 15:08:04,548 [INFO] PluginManager:220 - loadIPPluginJar : add lorawan
2024-08-02 15:08:04,551 [INFO] IPUIPlugin:80 - create IPUIPlugin
2024-08-02 15:08:04,551 [INFO] PluginManager:220 - loadIPPluginJar : add gic
2024-08-02 15:08:04,641 [INFO] CADModel:165 - CPN selected for project level
2024-08-02 15:08:04,641 [INFO] CADModel:114 - Register for checkConnection events
2024-08-02 15:08:04,641 [FATAL] Updater:308 - Updater called before beeing initialized
2024-08-02 15:08:04,641 [ERROR] CADModel:125 - Updater not yet initialized, retry later 
2024-08-02 15:08:04,724 [INFO] CADModel:165 - CPN selected for project level
2024-08-02 15:08:04,724 [INFO] CADModel:114 - Register for checkConnection events
2024-08-02 15:08:04,724 [FATAL] Updater:308 - Updater called before beeing initialized
2024-08-02 15:08:04,724 [ERROR] CADModel:125 - Updater not yet initialized, retry later 
2024-08-02 15:08:04,726 [FATAL] Updater:308 - Updater called before beeing initialized
2024-08-02 15:08:04,768 [FATAL] Updater:308 - Updater called before beeing initialized
2024-08-02 15:08:04,770 [INFO] DbMcusAds:53 - JSON generation date=Thu May 16 11:22:00 CEST 2024 (1715851320667)
2024-08-02 15:08:04,770 [FATAL] Updater:308 - Updater called before beeing initialized
2024-08-02 15:08:04,792 [WARN] DetailPanel:346 - Failed to get advertising image, set to default
2024-08-02 15:08:04,841 [FATAL] Updater:308 - Updater called before beeing initialized
2024-08-02 15:08:04,842 [FATAL] Updater:308 - Updater called before beeing initialized
2024-08-02 15:08:04,842 [FATAL] Updater:308 - Updater called before beeing initialized
2024-08-02 15:08:04,842 [WARN] DetailPanel:346 - Failed to get advertising image, set to default
2024-08-02 15:08:04,843 [FATAL] Updater:308 - Updater called before beeing initialized
2024-08-02 15:08:04,860 [ERROR] Updater:1120 - MainUpdater not yet initialized. External WinMGr cannot be set.
2024-08-02 15:08:04,861 [INFO] Updater:1056 - Updater Version found : 6.11.1
2024-08-02 15:08:04,874 [INFO] ApplicationProperties:184 - Using Application install path: /home/frank/st/stm32cubeide_1.14.0/plugins/com.st.stm32cube.common.mx_6.11.1.202404110753
2024-08-02 15:08:05,399 [INFO] MainUpdater:2873 - connection check result : 22
2024-08-02 15:08:05,400 [INFO] MainUpdater:290 - Updater Check For Update Now.
2024-08-02 15:08:05,400 [INFO] MicroXplorer:498 - Change Database Version : DB.6.0.111
2024-08-02 15:08:05,404 [INFO] McuFinderGlobals:63 - Set McuFinder mode to 2 (CubeIDE integrated)
2024-08-02 15:08:05,409 [INFO] UserAuth:415 - Internet connection configuration mode: 2
2024-08-02 15:08:05,545 [INFO] CheckServerUpdateThread:120 - End of CheckServer Thread
2024-08-02 15:08:07,306 [WARN] PackLoader:240 - Cannot read IP mode file for STMicroelectronics.FP-SNS-MOTENVWB1.1.4.0
2024-08-02 15:08:07,312 [WARN] PackLoader:240 - Cannot read IP mode file for STMicroelectronics.X-CUBE-SMBUS.2.1.0
2024-08-02 15:08:07,315 [WARN] PackLoader:240 - Cannot read IP mode file for STMicroelectronics.X-CUBE-TOUCHGFX.4.23.2
2024-08-02 15:08:07,333 [WARN] PackLoader:240 - Cannot read IP mode file for STMicroelectronics.X-CUBE-AZRTOS-F7.1.1.0
2024-08-02 15:08:07,338 [WARN] PackLoader:240 - Cannot read IP mode file for STMicroelectronics.FP-SNS-MOTENV1.4.3.2
2024-08-02 15:08:07,342 [WARN] PackLoader:240 - Cannot read IP mode file for STMicroelectronics.FP-SNS-FLIGHT1.5.0.2
2024-08-02 15:08:07,347 [WARN] PackLoader:240 - Cannot read IP mode file for STMicroelectronics.X-CUBE-DISPLAY.3.0.0
2024-08-02 15:08:07,355 [WARN] PackLoader:240 - Cannot read IP mode file for STMicroelectronics.X-CUBE-BLE1.7.0.0
2024-08-02 15:08:07,359 [WARN] PackLoader:240 - Cannot read IP mode file for emotas.I-CUBE-CANOPEN.1.3.0
2024-08-02 15:08:07,366 [WARN] PackLoader:240 - Cannot read IP mode file for STMicroelectronics.X-CUBE-BLEMGR.3.1.0
2024-08-02 15:08:07,372 [WARN] PackLoader:240 - Cannot read IP mode file for STMicroelectronics.FP-SNS-SMARTAG2.1.2.0
2024-08-02 15:08:07,390 [INFO] LogOutputStream:77 - [STDOUT_REDIRECT] 1 : Invalid condition id : UX_CORESTACK_Condition cause : null
2024-08-02 15:08:07,390 [INFO] LogOutputStream:77 - [STDOUT_REDIRECT] 1 : Invalid condition id : UX_CORESTACK_Condition cause : null
2024-08-02 15:08:07,390 [INFO] LogOutputStream:77 - [STDOUT_REDIRECT] 1 : Invalid condition id : UX_CORESTACK_Condition cause : null
2024-08-02 15:08:07,391 [INFO] LogOutputStream:77 - [STDOUT_REDIRECT] 1 : Invalid condition id : UX_CORESTACK_Condition cause : null
2024-08-02 15:08:07,392 [INFO] LogOutputStream:77 - [STDOUT_REDIRECT] 1 : Invalid condition id : UX_CORESTACK_Condition cause : null
2024-08-02 15:08:07,395 [WARN] PackLoader:240 - Cannot read IP mode file for STMicroelectronics.X-CUBE-AZRTOS-WL.2.0.0
2024-08-02 15:08:07,401 [WARN] PackLoader:240 - Cannot read IP mode file for STMicroelectronics.FP-SNS-MOTENV1.5.0.0
2024-08-02 15:08:07,406 [WARN] PackLoader:240 - Cannot read IP mode file for wolfSSL.I-CUBE-wolfMQTT.1.19.0
2024-08-02 15:08:07,412 [WARN] PackLoader:240 - Cannot read IP mode file for WES.I-CUBE-Cesium.1.3.0
2024-08-02 15:08:07,417 [WARN] PackLoader:240 - Cannot read IP mode file for STMicroelectronics.X-CUBE-BLE2.3.3.0
2024-08-02 15:08:07,435 [WARN] PackLoader:240 - Cannot read IP mode file for STMicroelectronics.X-CUBE-TCPP.4.1.0
2024-08-02 15:08:07,467 [WARN] PackLoader:240 - Cannot read IP mode file for STMicroelectronics.X-CUBE-AZRTOS-G0.1.1.0
2024-08-02 15:08:07,473 [WARN] PackLoader:240 - Cannot read IP mode file for STMicroelectronics.X-CUBE-SAFEA1.1.2.2
2024-08-02 15:08:07,479 [WARN] PackLoader:240 - Cannot read IP mode file for STMicroelectronics.X-CUBE-NFC4.3.0.0
2024-08-02 15:08:07,482 [WARN] PackLoader:240 - Cannot read IP mode file for wolfSSL.I-CUBE-wolfMQTT.1.18.0
2024-08-02 15:08:07,491 [WARN] PackLoader:240 - Cannot read IP mode file for EmbeddedOffice.I-CUBE-FS-RTOS.1.0.1
2024-08-02 15:08:07,491 [ERROR] ConditionMgr:805 - Attr not supported : Dmpu
2024-08-02 15:08:07,492 [ERROR] ConditionMgr:805 - Attr not supported : Dmpu
2024-08-02 15:08:07,492 [ERROR] ConditionMgr:805 - Attr not supported : Dmpu
2024-08-02 15:08:07,492 [ERROR] ConditionMgr:805 - Attr not supported : Dmpu
2024-08-02 15:08:07,492 [ERROR] ConditionMgr:805 - Attr not supported : Dmpu
2024-08-02 15:08:07,492 [ERROR] ConditionMgr:805 - Attr not supported : Dmpu
2024-08-02 15:08:07,492 [ERROR] ConditionMgr:805 - Attr not supported : Dmpu
2024-08-02 15:08:07,492 [ERROR] ConditionMgr:805 - Attr not supported : Dmpu
2024-08-02 15:08:07,492 [ERROR] ConditionMgr:805 - Attr not supported : Dmpu
2024-08-02 15:08:07,492 [ERROR] ConditionMgr:805 - Attr not supported : Dmpu
2024-08-02 15:08:07,492 [ERROR] ConditionMgr:805 - Attr not supported : Dmpu
2024-08-02 15:08:07,492 [ERROR] ConditionMgr:805 - Attr not supported : Dmpu
2024-08-02 15:08:07,492 [ERROR] ConditionMgr:805 - Attr not supported : Dmpu
2024-08-02 15:08:07,492 [ERROR] ConditionMgr:805 - Attr not supported : Dmpu
2024-08-02 15:08:07,492 [ERROR] ConditionMgr:805 - Attr not supported : Dmpu
2024-08-02 15:08:07,493 [ERROR] ConditionMgr:805 - Attr not supported : Dmpu
2024-08-02 15:08:07,493 [ERROR] ConditionMgr:805 - Attr not supported : Dmpu
2024-08-02 15:08:07,493 [ERROR] ConditionMgr:805 - Attr not supported : Dmpu
2024-08-02 15:08:07,493 [ERROR] ConditionMgr:805 - Attr not supported : Dmpu
2024-08-02 15:08:07,493 [ERROR] ConditionMgr:805 - Attr not supported : Dmpu
2024-08-02 15:08:07,493 [ERROR] ConditionMgr:805 - Attr not supported : Dmpu
2024-08-02 15:08:07,493 [ERROR] ConditionMgr:805 - Attr not supported : Dmpu
2024-08-02 15:08:07,493 [ERROR] ConditionMgr:805 - Attr not supported : Dmpu
2024-08-02 15:08:07,493 [ERROR] ConditionMgr:805 - Attr not supported : Dmpu
2024-08-02 15:08:07,493 [ERROR] ConditionMgr:805 - Attr not supported : Dmpu
2024-08-02 15:08:07,493 [ERROR] ConditionMgr:805 - Attr not supported : Dmpu
2024-08-02 15:08:07,493 [ERROR] ConditionMgr:805 - Attr not supported : Dmpu
2024-08-02 15:08:07,493 [ERROR] ConditionMgr:805 - Attr not supported : Dmpu
2024-08-02 15:08:07,493 [ERROR] ConditionMgr:805 - Attr not supported : Dmpu
2024-08-02 15:08:07,493 [ERROR] ConditionMgr:805 - Attr not supported : Dmpu
2024-08-02 15:08:07,493 [ERROR] ConditionMgr:805 - Attr not supported : Dmpu
2024-08-02 15:08:07,493 [ERROR] ConditionMgr:805 - Attr not supported : Dmpu
2024-08-02 15:08:07,493 [ERROR] ConditionMgr:805 - Attr not supported : Dmpu
2024-08-02 15:08:07,494 [ERROR] ConditionMgr:805 - Attr not supported : Dmpu
2024-08-02 15:08:07,494 [ERROR] ConditionMgr:805 - Attr not supported : Dmpu
2024-08-02 15:08:07,494 [ERROR] ConditionMgr:805 - Attr not supported : Dmpu
2024-08-02 15:08:07,494 [ERROR] ConditionMgr:805 - Attr not supported : Dmpu
2024-08-02 15:08:07,494 [ERROR] ConditionMgr:805 - Attr not supported : Dmpu
2024-08-02 15:08:07,494 [ERROR] ConditionMgr:805 - Attr not supported : Dmpu
2024-08-02 15:08:07,494 [ERROR] ConditionMgr:805 - Attr not supported : Dmpu
2024-08-02 15:08:07,494 [ERROR] ConditionMgr:805 - Attr not supported : Dmpu
2024-08-02 15:08:07,494 [ERROR] ConditionMgr:805 - Attr not supported : Dmpu
2024-08-02 15:08:07,494 [ERROR] ConditionMgr:805 - Attr not supported : Dmpu
2024-08-02 15:08:07,494 [ERROR] ConditionMgr:805 - Attr not supported : Dmpu
2024-08-02 15:08:07,494 [ERROR] ConditionMgr:805 - Attr not supported : Dmpu
2024-08-02 15:08:07,494 [ERROR] ConditionMgr:805 - Attr not supported : Dmpu
2024-08-02 15:08:07,495 [ERROR] ConditionMgr:805 - Attr not supported : Dmpu
2024-08-02 15:08:07,495 [ERROR] ConditionMgr:805 - Attr not supported : Dmpu
2024-08-02 15:08:07,495 [ERROR] ConditionMgr:805 - Attr not supported : Dmpu
2024-08-02 15:08:07,495 [ERROR] ConditionMgr:805 - Attr not supported : Dmpu
2024-08-02 15:08:07,495 [ERROR] ConditionMgr:805 - Attr not supported : Dmpu
2024-08-02 15:08:07,495 [ERROR] ConditionMgr:805 - Attr not supported : Dmpu
2024-08-02 15:08:07,495 [ERROR] ConditionMgr:805 - Attr not supported : Dmpu
2024-08-02 15:08:07,495 [ERROR] ConditionMgr:805 - Attr not supported : Dmpu
2024-08-02 15:08:07,495 [ERROR] ConditionMgr:805 - Attr not supported : Dmpu
2024-08-02 15:08:07,495 [ERROR] ConditionMgr:805 - Attr not supported : Dmpu
2024-08-02 15:08:07,495 [ERROR] ConditionMgr:805 - Attr not supported : Dmpu
2024-08-02 15:08:07,495 [ERROR] ConditionMgr:805 - Attr not supported : Dmpu
2024-08-02 15:08:07,495 [ERROR] ConditionMgr:805 - Attr not supported : Dmpu
2024-08-02 15:08:07,495 [ERROR] ConditionMgr:805 - Attr not supported : Dmpu
2024-08-02 15:08:07,495 [ERROR] ConditionMgr:805 - Attr not supported : Dmpu
2024-08-02 15:08:07,495 [ERROR] ConditionMgr:805 - Attr not supported : Dmpu
2024-08-02 15:08:07,495 [ERROR] ConditionMgr:805 - Attr not supported : Dmpu
2024-08-02 15:08:07,495 [ERROR] ConditionMgr:805 - Attr not supported : Dmpu
2024-08-02 15:08:07,498 [WARN] PackLoader:240 - Cannot read IP mode file for RealThread.X-CUBE-RT-Thread_Nano.4.1.1
2024-08-02 15:08:07,500 [WARN] PackLoader:240 - Cannot read IP mode file for wolfSSL.I-CUBE-wolfSSL.5.7.0
2024-08-02 15:08:07,502 [WARN] PackLoader:240 - Cannot read IP mode file for STMicroelectronics.FP-ATR-SIGFOX1.3.2.0
2024-08-02 15:08:07,505 [WARN] PackLoader:240 - Cannot read IP mode file for STMicroelectronics.X-CUBE-EEPRMA1.5.1.0
2024-08-02 15:08:07,509 [WARN] PackLoader:240 - Cannot read IP mode file for ITTIA_DB.I-CUBE-ITTIADB.8.9.0
2024-08-02 15:08:07,525 [WARN] PackLoader:240 - Cannot read IP mode file for SEGGER.I-CUBE-embOS.1.3.1
2024-08-02 15:08:07,548 [WARN] PackLoader:240 - Cannot read IP mode file for STMicroelectronics.X-CUBE-ALGOBUILD.1.4.0
2024-08-02 15:08:07,552 [WARN] PackLoader:240 - Cannot read IP mode file for STMicroelectronics.X-CUBE-GNSS1.6.0.0
2024-08-02 15:08:07,561 [WARN] PackLoader:240 - Cannot read IP mode file for STMicroelectronics.X-CUBE-AZRTOS-F4.1.1.0
2024-08-02 15:08:07,566 [WARN] PackLoader:240 - Cannot read IP mode file for STMicroelectronics.X-CUBE-FREERTOS.1.2.0
2024-08-02 15:08:07,575 [WARN] PackLoader:240 - Cannot read IP mode file for STMicroelectronics.X-CUBE-AZRTOS-L5.2.0.0
2024-08-02 15:08:07,580 [WARN] PackLoader:240 - Cannot read IP mode file for STMicroelectronics.X-CUBE-NFC6.3.1.0
2024-08-02 15:08:07,584 [WARN] PackLoader:240 - Cannot read IP mode file for STMicroelectronics.X-CUBE-DPower.1.2.0
2024-08-02 15:08:07,586 [WARN] PackLoader:240 - Cannot read IP mode file for STMicroelectronics.X-CUBE-AI.9.0.0
2024-08-02 15:08:07,589 [WARN] PackLoader:240 - Cannot read IP mode file for STMicroelectronics.X-CUBE-NFC7.1.0.1
2024-08-02 15:08:07,596 [WARN] PackLoader:240 - Cannot read IP mode file for wolfSSL.I-CUBE-wolfTPM.3.2.0
2024-08-02 15:08:07,598 [WARN] PackLoader:240 - Cannot read IP mode file for STMicroelectronics.X-CUBE-AI.8.1.0
2024-08-02 15:08:07,619 [WARN] ConditionMgr:438 - getConditionDescription Invalid condition id : LAN8742 Phy interface Condition cause : null
2024-08-02 15:08:07,620 [WARN] PackLoader:240 - Cannot read IP mode file for STMicroelectronics.X-CUBE-AZRTOS-L4.2.0.0
2024-08-02 15:08:07,622 [WARN] ConditionMgr:1039 - genDependencies : Invalid condition id : LAN8742 Phy interface Condition cause : null
2024-08-02 15:08:07,622 [WARN] ConditionMgr:1039 - genDependencies : Invalid condition id : LAN8742 Phy interface Condition cause : null
2024-08-02 15:08:07,623 [WARN] ConditionMgr:1039 - genDependencies : Invalid condition id : LAN8742 Phy interface Condition cause : null
2024-08-02 15:08:07,630 [WARN] PackLoader:240 - Cannot read IP mode file for STMicroelectronics.X-CUBE-SFXS2LP1.4.0.0
2024-08-02 15:08:07,642 [WARN] ConditionMgr:438 - getConditionDescription Invalid condition id : UX DEVICE CLASS RTOS Condition cause : null
2024-08-02 15:08:07,643 [WARN] ConditionMgr:438 - getConditionDescription Invalid condition id : UX DEVICE CLASS RTOS Condition cause : null
2024-08-02 15:08:07,645 [WARN] PackLoader:240 - Cannot read IP mode file for STMicroelectronics.X-CUBE-AZRTOS-WB.2.0.0
2024-08-02 15:08:07,645 [WARN] ConditionMgr:1039 - genDependencies : Invalid condition id : UX DEVICE CLASS RTOS Condition cause : null
2024-08-02 15:08:07,645 [WARN] ConditionMgr:1039 - genDependencies : Invalid condition id : UX DEVICE CLASS RTOS Condition cause : null
2024-08-02 15:08:07,646 [WARN] ConditionMgr:1039 - genDependencies : Invalid condition id : UX DEVICE CLASS RTOS Condition cause : null
2024-08-02 15:08:07,646 [WARN] ConditionMgr:1039 - genDependencies : Invalid condition id : UX DEVICE CLASS RTOS Condition cause : null
2024-08-02 15:08:07,646 [WARN] ConditionMgr:1039 - genDependencies : Invalid condition id : UX DEVICE CLASS RTOS Condition cause : null
2024-08-02 15:08:07,653 [WARN] PackLoader:240 - Cannot read IP mode file for STMicroelectronics.FP-SNS-STBOX1.2.0.0
2024-08-02 15:08:07,664 [WARN] PackLoader:240 - Cannot read IP mode file for STMicroelectronics.X-CUBE-SUBG2.5.0.0
2024-08-02 15:08:07,673 [WARN] PackLoader:240 - Cannot read IP mode file for Cesanta.I-CUBE-Mongoose.7.13.0
2024-08-02 15:08:07,685 [WARN] PackLoader:240 - Cannot read IP mode file for STMicroelectronics.X-CUBE-AZRTOS-G4.2.0.0
2024-08-02 15:08:07,690 [WARN] PackLoader:240 - Cannot read IP mode file for STMicroelectronics.FP-SNS-MOTENVWB1.1.3.1
2024-08-02 15:08:07,695 [WARN] PackLoader:240 - Cannot read IP mode file for STMicroelectronics.X-CUBE-ISPU.2.0.0
2024-08-02 15:08:07,700 [WARN] PackLoader:240 - Cannot read IP mode file for STMicroelectronics.X-CUBE-ALS.1.0.2
2024-08-02 15:08:07,748 [WARN] PackLoader:240 - Cannot read IP mode file for STMicroelectronics.X-CUBE-MEMS1.10.0.0
2024-08-02 15:08:07,808 [WARN] PackLoader:240 - Cannot read IP mode file for STMicroelectronics.X-CUBE-TOUCHGFX.4.24.0
2024-08-02 15:08:07,812 [WARN] PackLoader:240 - Cannot read IP mode file for portGmbH.I-Cube-SoM-uGOAL.1.1.0
2024-08-02 15:08:07,816 [WARN] PackLoader:240 - Cannot read IP mode file for STMicroelectronics.X-CUBE-ALS.1.0.1
2024-08-02 15:08:07,844 [WARN] PackLoader:240 - Cannot read IP mode file for STMicroelectronics.X-CUBE-AZRTOS-H7RS.1.0.0
2024-08-02 15:08:07,851 [WARN] PackLoader:240 - Cannot read IP mode file for STMicroelectronics.FP-ATR-ASTRA1.2.0.0
2024-08-02 15:08:07,860 [WARN] PackLoader:240 - Cannot read IP mode file for STMicroelectronics.X-CUBE-TOF1.3.4.2
2024-08-02 15:08:07,879 [WARN] PackLoader:240 - Cannot read IP mode file for STMicroelectronics.X-CUBE-TOF1.3.4.1
2024-08-02 15:08:07,920 [WARN] PackLoader:240 - Cannot read IP mode file for STMicroelectronics.X-CUBE-AZRTOS-H7.3.2.0
2024-08-02 15:08:07,935 [WARN] PackLoader:240 - Cannot read IP mode file for Infineon.AIROC-Wi-Fi-Bluetooth-STM32.1.6.0
2024-08-02 15:08:07,942 [WARN] PackLoader:240 - Cannot read IP mode file for wolfSSL.I-CUBE-wolfSSH.1.4.17
2024-08-02 15:08:07,944 [INFO] ThirdParty:978 - Integrity check success = true
2024-08-02 15:08:07,944 [INFO] IntegrityCheckThread:100 - exiting critical section [integrity check]
2024-08-02 15:08:07,944 [INFO] IntegrityCheckThread:103 - End integrity checks thread
