2024-06-20 10:16:28,518 [INFO] Activator:176 - 


2024-06-20 10:16:28,522 [INFO] Activator:177 - !SESSION log4j initialized
2024-06-20 10:16:31,283 [INFO] LogOutputStream:77 - [STDOUT_REDIRECT] 
2024-06-20 10:16:31,705 [INFO] ApplicationProperties:184 - Using Application install path: /home/frank/st/stm32cubeide_1.14.0/plugins/com.st.stm32cube.common.mx_6.10.0.202311202037
2024-06-20 10:16:31,716 [INFO] DbMcusXml:78 - Set database path to: /home/frank/st/stm32cubeide_1.14.0/plugins/com.st.stm32cube.common.mx_6.10.0.202311202037//db//mcu/
2024-06-20 10:16:31,716 [INFO] ApiDb:274 - Set plugin database path to: /home/frank/st/stm32cubeide_1.14.0/plugins/com.st.stm32cube.common.mx_6.10.0.202311202037//db//plugins/boardmanager/
2024-06-20 10:16:31,716 [WARN] ApiDb:259 - Overriding images path with different value:  => /home/frank/st/stm32cubeide_1.14.0/plugins/com.st.stm32cube.common.mx_6.10.0.202311202037//db//plugins/mcufinder/images/
2024-06-20 10:16:31,720 [INFO] ApiDb:250 - Set database path to: /home/frank/.stmcufinder/plugins/mcufinder//mcu/
2024-06-20 10:16:31,720 [INFO] DbMcusAds:125 - Set database path to: /home/frank/.stmcufinder/plugins/mcufinder//mcu/
2024-06-20 10:16:31,722 [INFO] CrossReferenceDbSqlite:203 - Set database path to: /home/frank/.stmcufinder/plugins/mcufinder//mcu/cs/
2024-06-20 10:16:31,785 [INFO] RulesReader:64 - Compatibility file has been processed (297 Rules)
2024-06-20 10:16:31,827 [INFO] DbMcusXml:78 - Set database path to: /home/frank/st/stm32cubeide_1.14.0/plugins/com.st.stm32cube.common.mx_6.10.0.202311202037//db//mcu/
2024-06-20 10:16:31,827 [INFO] ApiDb:274 - Set plugin database path to: /home/frank/st/stm32cubeide_1.14.0/plugins/com.st.stm32cube.common.mx_6.10.0.202311202037//db//plugins/boardmanager/
2024-06-20 10:16:31,827 [INFO] ApiDb:261 - Set plugin images path to: /home/frank/st/stm32cubeide_1.14.0/plugins/com.st.stm32cube.common.mx_6.10.0.202311202037//db//plugins/mcufinder/images/
2024-06-20 10:16:31,827 [WARN] DbFile:41 - Overriding database path with different value: /home/frank/.stmcufinder/plugins/mcufinder/ => /home/frank/.stmcufinder/plugins/mcufinder
2024-06-20 10:16:31,827 [INFO] ApiDb:250 - Set database path to: /home/frank/.stmcufinder/plugins/mcufinder//mcu/
2024-06-20 10:16:31,827 [WARN] DbFile:41 - Overriding database path with different value: /home/frank/.stmcufinder/plugins/mcufinder/ => /home/frank/.stmcufinder/plugins/mcufinder
2024-06-20 10:16:31,827 [INFO] DbMcusAds:125 - Set database path to: /home/frank/.stmcufinder/plugins/mcufinder//mcu/
2024-06-20 10:16:31,828 [WARN] DbFile:41 - Overriding database path with different value: /home/frank/.stmcufinder/plugins/mcufinder/ => /home/frank/.stmcufinder/plugins/mcufinder
2024-06-20 10:16:31,828 [WARN] DbFile:41 - Overriding database path with different value: /home/frank/.stmcufinder/plugins/mcufinder/ => /home/frank/.stmcufinder/plugins/mcufinder
2024-06-20 10:16:31,828 [INFO] CrossReferenceDbSqlite:203 - Set database path to: /home/frank/.stmcufinder/plugins/mcufinder//mcu/cs/
2024-06-20 10:16:31,869 [INFO] MainPanel:264 - HeapMemory: 268435456
2024-06-20 10:16:31,924 [INFO] DbMcusXml:78 - Set database path to: /home/frank/st/stm32cubeide_1.14.0/plugins/com.st.stm32cube.common.mx_6.10.0.202311202037//db//mcu/
2024-06-20 10:16:31,924 [INFO] ApiDb:274 - Set plugin database path to: /home/frank/st/stm32cubeide_1.14.0/plugins/com.st.stm32cube.common.mx_6.10.0.202311202037//db//plugins/boardmanager/
2024-06-20 10:16:31,924 [INFO] ApiDb:261 - Set plugin images path to: /home/frank/st/stm32cubeide_1.14.0/plugins/com.st.stm32cube.common.mx_6.10.0.202311202037//db//plugins/mcufinder/images/
2024-06-20 10:16:31,925 [WARN] DbFile:41 - Overriding database path with different value: /home/frank/.stmcufinder/plugins/mcufinder/ => /home/frank/.stmcufinder/plugins/mcufinder
2024-06-20 10:16:31,925 [INFO] ApiDb:250 - Set database path to: /home/frank/.stmcufinder/plugins/mcufinder//mcu/
2024-06-20 10:16:31,925 [WARN] DbFile:41 - Overriding database path with different value: /home/frank/.stmcufinder/plugins/mcufinder/ => /home/frank/.stmcufinder/plugins/mcufinder
2024-06-20 10:16:31,925 [INFO] DbMcusAds:125 - Set database path to: /home/frank/.stmcufinder/plugins/mcufinder//mcu/
2024-06-20 10:16:31,925 [WARN] DbFile:41 - Overriding database path with different value: /home/frank/.stmcufinder/plugins/mcufinder/ => /home/frank/.stmcufinder/plugins/mcufinder
2024-06-20 10:16:31,925 [WARN] DbFile:41 - Overriding database path with different value: /home/frank/.stmcufinder/plugins/mcufinder/ => /home/frank/.stmcufinder/plugins/mcufinder
2024-06-20 10:16:31,925 [INFO] CrossReferenceDbSqlite:203 - Set database path to: /home/frank/.stmcufinder/plugins/mcufinder//mcu/cs/
2024-06-20 10:16:31,934 [INFO] ApplicationProperties:184 - Using Application install path: /home/frank/st/stm32cubeide_1.14.0/plugins/com.st.stm32cube.common.mx_6.10.0.202311202037
2024-06-20 10:16:31,935 [INFO] PluginManage:196 - Search for loadable plugins [exclusion list=, ]
2024-06-20 10:16:31,936 [INFO] PluginManage:310 - Check plugin analytics
2024-06-20 10:16:32,014 [INFO] AnalyticsPlugin:253 - Accepted Software Licenses: 
2024-06-20 10:16:32,014 [INFO] AnalyticsPlugin:255 - Accepted CMSIS Pack Licenses: 
2024-06-20 10:16:32,014 [INFO] AnalyticsPlugin:257 - Accepted Firmware Licenses: FW.F4.1.28.0,FW.F4.1.27.0
2024-06-20 10:16:32,016 [INFO] PluginManage:359 - Loaded plugin analytics (category:tool,tabindex:-1)
2024-06-20 10:16:32,016 [INFO] PluginManage:310 - Check plugin cadmodel
2024-06-20 10:16:32,033 [INFO] CADModel:105 - Init CAD model plugin
2024-06-20 10:16:32,033 [INFO] PluginManage:359 - Loaded plugin cadmodel (category:power,tabindex:5)
2024-06-20 10:16:32,033 [INFO] PluginManage:310 - Check plugin clock
2024-06-20 10:16:32,039 [INFO] PluginManage:359 - Loaded plugin clock (category:base,tabindex:2)
2024-06-20 10:16:32,039 [INFO] PluginManage:310 - Check plugin ddr
2024-06-20 10:16:32,040 [INFO] PluginManage:359 - Loaded plugin ddr (category:tool,tabindex:6)
2024-06-20 10:16:32,040 [INFO] PluginManage:310 - Check plugin filemanager
2024-06-20 10:16:32,123 [INFO] PluginManage:359 - Loaded plugin filemanager (category:base,tabindex:10)
2024-06-20 10:16:32,123 [INFO] PluginManage:310 - Check plugin ipmanager
2024-06-20 10:16:32,126 [INFO] PluginManage:359 - Loaded plugin ipmanager (category:base,tabindex:5)
2024-06-20 10:16:32,126 [INFO] PluginManage:310 - Check plugin lpbam
2024-06-20 10:16:32,132 [INFO] PluginManage:359 - Loaded plugin lpbam (category:base,tabindex:0)
2024-06-20 10:16:32,132 [INFO] PluginManage:310 - Check plugin memorymap
2024-06-20 10:16:32,139 [INFO] PluginManage:359 - Loaded plugin memorymap (category:base,tabindex:4)
2024-06-20 10:16:32,139 [INFO] PluginManage:310 - Check plugin pinoutandconfiguration
2024-06-20 10:16:32,144 [INFO] PluginManage:359 - Loaded plugin pinoutandconfiguration (category:base,tabindex:1)
2024-06-20 10:16:32,144 [INFO] PluginManage:310 - Check plugin pinoutconfig
2024-06-20 10:16:32,192 [WARN] SupportedApi:132 - Cannot load RTOS API schema: s4s-elt-must-match.1: The content of 'definitions' must match (annotation?, (simpleType | complexType)?, (unique | key | keyref)*)). A problem was found starting at: attribute.
2024-06-20 10:16:32,266 [INFO] PluginManage:359 - Loaded plugin pinoutconfig (category:base,tabindex:0)
2024-06-20 10:16:32,266 [INFO] PluginManage:310 - Check plugin power
2024-06-20 10:16:32,273 [INFO] PluginManage:359 - Loaded plugin power (category:power,tabindex:4)
2024-06-20 10:16:32,274 [INFO] PluginManage:310 - Check plugin projectmanager
2024-06-20 10:16:32,283 [INFO] PluginManage:359 - Loaded plugin projectmanager (category:projectmanager,tabindex:3)
2024-06-20 10:16:32,284 [INFO] PluginManage:310 - Check plugin thirdparty
2024-06-20 10:16:32,350 [INFO] PluginManage:359 - Loaded plugin thirdparty (category:base,tabindex:-1)
2024-06-20 10:16:32,350 [WARN] IntegrityCheckThread:84 - waiting for thirdparty lock release [integrity check]
2024-06-20 10:16:32,350 [INFO] IntegrityCheckThread:86 - entering critical section [integrity check]
2024-06-20 10:16:32,350 [INFO] PluginManage:310 - Check plugin tools
2024-06-20 10:16:32,350 [INFO] ThirdPartyUpdaterWithRetryManager:70 - Updater plugin not ready yet. [1/15]
2024-06-20 10:16:32,351 [INFO] PluginManage:359 - Loaded plugin tools (category:base,tabindex:7)
2024-06-20 10:16:32,351 [INFO] PluginManage:310 - Check plugin tutovideos
2024-06-20 10:16:32,449 [INFO] PluginManage:359 - Loaded plugin tutovideos (category:base,tabindex:-1)
2024-06-20 10:16:32,449 [INFO] PluginManage:310 - Check plugin updater
2024-06-20 10:16:32,456 [INFO] PluginManage:359 - Loaded plugin updater (category:base,tabindex:12)
2024-06-20 10:16:32,456 [INFO] PluginManage:310 - Check plugin userauth
2024-06-20 10:16:32,460 [INFO] UserAuth:114 - Init User Auth plugin
2024-06-20 10:16:32,460 [INFO] PluginManage:359 - Loaded plugin userauth (category:base,tabindex:14)
2024-06-20 10:16:32,460 [INFO] PluginManage:283 - PluginManage : Loaded plugins [17]
2024-06-20 10:16:32,570 [INFO] PinOutPanel:1499 - setPackage(No Configuration,No Configuration)
2024-06-20 10:16:32,611 [INFO] CADModel:165 - CPN selected for project level
2024-06-20 10:16:32,611 [INFO] CADModel:114 - Register for checkConnection events
2024-06-20 10:16:32,616 [INFO] IPUIPlugin:80 - create IPUIPlugin
2024-06-20 10:16:32,616 [INFO] PluginManager:220 - loadIPPluginJar : add ucpd
2024-06-20 10:16:32,617 [INFO] IPUIPlugin:80 - create IPUIPlugin
2024-06-20 10:16:32,617 [INFO] PluginManager:220 - loadIPPluginJar : add ltdc
2024-06-20 10:16:32,620 [INFO] IPUIPlugin:80 - create IPUIPlugin
2024-06-20 10:16:32,622 [INFO] PluginManager:220 - loadIPPluginJar : add plateformsettings
2024-06-20 10:16:32,624 [INFO] IPUIPlugin:80 - create IPUIPlugin
2024-06-20 10:16:32,624 [INFO] PluginManager:220 - loadIPPluginJar : add hash
2024-06-20 10:16:32,625 [INFO] IPUIPlugin:80 - create IPUIPlugin
2024-06-20 10:16:32,625 [INFO] PluginManager:220 - loadIPPluginJar : add gfxmmu
2024-06-20 10:16:32,628 [INFO] IPUIPlugin:80 - create IPUIPlugin
2024-06-20 10:16:32,628 [INFO] PluginManager:220 - loadIPPluginJar : add stm32_wpan
2024-06-20 10:16:32,629 [INFO] IPUIPlugin:80 - create IPUIPlugin
2024-06-20 10:16:32,629 [INFO] PluginManager:220 - loadIPPluginJar : add ts
2024-06-20 10:16:32,630 [INFO] IPUIPlugin:80 - create IPUIPlugin
2024-06-20 10:16:32,630 [INFO] PluginManager:220 - loadIPPluginJar : add quadspi
2024-06-20 10:16:32,631 [INFO] IPUIPlugin:80 - create IPUIPlugin
2024-06-20 10:16:32,631 [INFO] PluginManager:220 - loadIPPluginJar : add usbx
2024-06-20 10:16:32,632 [INFO] IPUIPlugin:80 - create IPUIPlugin
2024-06-20 10:16:32,632 [INFO] PluginManager:220 - loadIPPluginJar : add aes
2024-06-20 10:16:32,634 [INFO] IPUIPlugin:80 - create IPUIPlugin
2024-06-20 10:16:32,634 [INFO] PluginManager:220 - loadIPPluginJar : add nvic
2024-06-20 10:16:32,637 [INFO] IPUIPlugin:80 - create IPUIPlugin
2024-06-20 10:16:32,637 [INFO] PluginManager:220 - loadIPPluginJar : add adc
2024-06-20 10:16:32,638 [INFO] IPUIPlugin:80 - create IPUIPlugin
2024-06-20 10:16:32,638 [INFO] PluginManager:220 - loadIPPluginJar : add cryp
2024-06-20 10:16:32,639 [INFO] IPUIPlugin:80 - create IPUIPlugin
2024-06-20 10:16:32,639 [INFO] PluginManager:220 - loadIPPluginJar : add touchsensing
2024-06-20 10:16:32,642 [INFO] IPUIPlugin:80 - create IPUIPlugin
2024-06-20 10:16:32,642 [INFO] PluginManager:220 - loadIPPluginJar : add fmc
2024-06-20 10:16:32,643 [INFO] IPUIPlugin:80 - create IPUIPlugin
2024-06-20 10:16:32,643 [INFO] PluginManager:220 - loadIPPluginJar : add openamp
2024-06-20 10:16:32,647 [INFO] IPUIPlugin:80 - create IPUIPlugin
2024-06-20 10:16:32,647 [INFO] PluginManager:220 - loadIPPluginJar : add linkedlist
2024-06-20 10:16:32,648 [INFO] IPUIPlugin:80 - create IPUIPlugin
2024-06-20 10:16:32,648 [INFO] PluginManager:220 - loadIPPluginJar : add tracer_emb
2024-06-20 10:16:32,652 [INFO] IPUIPlugin:80 - create IPUIPlugin
2024-06-20 10:16:32,652 [INFO] PluginManager:220 - loadIPPluginJar : add dma
2024-06-20 10:16:32,654 [INFO] IPUIPlugin:80 - create IPUIPlugin
2024-06-20 10:16:32,654 [INFO] PluginManager:220 - loadIPPluginJar : add sai
2024-06-20 10:16:32,658 [INFO] IPUIPlugin:80 - create IPUIPlugin
2024-06-20 10:16:32,658 [INFO] PluginManager:220 - loadIPPluginJar : add freertos
2024-06-20 10:16:32,662 [INFO] IPUIPlugin:80 - create IPUIPlugin
2024-06-20 10:16:32,662 [INFO] PluginManager:220 - loadIPPluginJar : add mdma
2024-06-20 10:16:32,663 [INFO] IPUIPlugin:80 - create IPUIPlugin
2024-06-20 10:16:32,663 [INFO] PluginManager:220 - loadIPPluginJar : add genericplugin
2024-06-20 10:16:32,664 [INFO] IPUIPlugin:80 - create IPUIPlugin
2024-06-20 10:16:32,664 [INFO] PluginManager:220 - loadIPPluginJar : add tsc
2024-06-20 10:16:32,666 [INFO] IPUIPlugin:80 - create IPUIPlugin
2024-06-20 10:16:32,666 [INFO] PluginManager:220 - loadIPPluginJar : add pdm2pcm
2024-06-20 10:16:32,667 [INFO] IPUIPlugin:80 - create IPUIPlugin
2024-06-20 10:16:32,667 [INFO] PluginManager:220 - loadIPPluginJar : add fatfs
2024-06-20 10:16:32,668 [INFO] IPUIPlugin:80 - create IPUIPlugin
2024-06-20 10:16:32,668 [INFO] PluginManager:220 - loadIPPluginJar : add can
2024-06-20 10:16:32,670 [INFO] IPUIPlugin:80 - create IPUIPlugin
2024-06-20 10:16:32,670 [INFO] PluginManager:220 - loadIPPluginJar : add i3c
2024-06-20 10:16:32,671 [INFO] IPUIPlugin:80 - create IPUIPlugin
2024-06-20 10:16:32,671 [INFO] PluginManager:220 - loadIPPluginJar : add i2s
2024-06-20 10:16:32,673 [INFO] IPUIPlugin:80 - create IPUIPlugin
2024-06-20 10:16:32,673 [INFO] PluginManager:220 - loadIPPluginJar : add i2c
2024-06-20 10:16:32,674 [INFO] IPUIPlugin:80 - create IPUIPlugin
2024-06-20 10:16:32,674 [INFO] PluginManager:220 - loadIPPluginJar : add spi
2024-06-20 10:16:32,675 [INFO] IPUIPlugin:80 - create IPUIPlugin
2024-06-20 10:16:32,675 [INFO] PluginManager:220 - loadIPPluginJar : add dfsdm
2024-06-20 10:16:32,676 [INFO] IPUIPlugin:80 - create IPUIPlugin
2024-06-20 10:16:32,676 [INFO] PluginManager:220 - loadIPPluginJar : add tim
2024-06-20 10:16:32,678 [INFO] IPUIPlugin:80 - create IPUIPlugin
2024-06-20 10:16:32,678 [INFO] PluginManager:220 - loadIPPluginJar : add opamp
2024-06-20 10:16:32,679 [INFO] IPUIPlugin:80 - create IPUIPlugin
2024-06-20 10:16:32,679 [INFO] PluginManager:220 - loadIPPluginJar : add dma3
2024-06-20 10:16:32,681 [INFO] IPUIPlugin:80 - create IPUIPlugin
2024-06-20 10:16:32,681 [INFO] PluginManager:220 - loadIPPluginJar : add ipddr
2024-06-20 10:16:32,682 [INFO] IPUIPlugin:80 - create IPUIPlugin
2024-06-20 10:16:32,682 [INFO] PluginManager:220 - loadIPPluginJar : add comp
2024-06-20 10:16:32,684 [INFO] IPUIPlugin:80 - create IPUIPlugin
2024-06-20 10:16:32,684 [INFO] PluginManager:220 - loadIPPluginJar : add resmgrutility
2024-06-20 10:16:32,686 [INFO] IPUIPlugin:80 - create IPUIPlugin
2024-06-20 10:16:32,686 [INFO] PluginManager:220 - loadIPPluginJar : add gtzc
2024-06-20 10:16:32,689 [INFO] IPUIPlugin:80 - create IPUIPlugin
2024-06-20 10:16:32,689 [INFO] PluginManager:220 - loadIPPluginJar : add gpio
2024-06-20 10:16:32,690 [INFO] IPUIPlugin:80 - create IPUIPlugin
2024-06-20 10:16:32,690 [INFO] PluginManager:220 - loadIPPluginJar : add usart
2024-06-20 10:16:32,691 [INFO] IPUIPlugin:80 - create IPUIPlugin
2024-06-20 10:16:32,692 [INFO] PluginManager:220 - loadIPPluginJar : add lorawan
2024-06-20 10:16:32,695 [INFO] IPUIPlugin:80 - create IPUIPlugin
2024-06-20 10:16:32,695 [INFO] PluginManager:220 - loadIPPluginJar : add gic
2024-06-20 10:16:32,783 [INFO] CADModel:165 - CPN selected for project level
2024-06-20 10:16:32,783 [INFO] CADModel:114 - Register for checkConnection events
2024-06-20 10:16:32,783 [FATAL] Updater:308 - Updater called before beeing initialized
2024-06-20 10:16:32,784 [ERROR] CADModel:125 - Updater not yet initialized, retry later 
2024-06-20 10:16:32,851 [INFO] CADModel:165 - CPN selected for project level
2024-06-20 10:16:32,851 [INFO] CADModel:114 - Register for checkConnection events
2024-06-20 10:16:32,851 [FATAL] Updater:308 - Updater called before beeing initialized
2024-06-20 10:16:32,851 [ERROR] CADModel:125 - Updater not yet initialized, retry later 
2024-06-20 10:16:32,853 [FATAL] Updater:308 - Updater called before beeing initialized
2024-06-20 10:16:32,894 [FATAL] Updater:308 - Updater called before beeing initialized
2024-06-20 10:16:32,897 [INFO] DbMcusAds:53 - JSON generation date=Thu May 16 11:22:00 CEST 2024 (1715851320852)
2024-06-20 10:16:32,897 [FATAL] Updater:308 - Updater called before beeing initialized
2024-06-20 10:16:32,918 [WARN] DetailPanel:346 - Failed to get advertising image, set to default
2024-06-20 10:16:32,972 [FATAL] Updater:308 - Updater called before beeing initialized
2024-06-20 10:16:32,973 [FATAL] Updater:308 - Updater called before beeing initialized
2024-06-20 10:16:32,974 [FATAL] Updater:308 - Updater called before beeing initialized
2024-06-20 10:16:32,974 [WARN] DetailPanel:346 - Failed to get advertising image, set to default
2024-06-20 10:16:32,974 [FATAL] Updater:308 - Updater called before beeing initialized
2024-06-20 10:16:33,001 [ERROR] Updater:1120 - MainUpdater not yet initialized. External WinMGr cannot be set.
2024-06-20 10:16:33,002 [INFO] Updater:1056 - Updater Version found : 6.10.0
2024-06-20 10:16:33,021 [INFO] ApplicationProperties:184 - Using Application install path: /home/frank/st/stm32cubeide_1.14.0/plugins/com.st.stm32cube.common.mx_6.10.0.202311202037
2024-06-20 10:16:33,195 [INFO] MainUpdater:2873 - connection check result : 10
2024-06-20 10:16:33,196 [INFO] MainUpdater:290 - Updater Check For Update Now.
2024-06-20 10:16:33,196 [INFO] MicroXplorer:498 - Change Database Version : DB.6.0.100
2024-06-20 10:16:33,199 [INFO] McuFinderGlobals:63 - Set McuFinder mode to 2 (CubeIDE integrated)
2024-06-20 10:16:33,342 [INFO] CheckServerUpdateThread:120 - End of CheckServer Thread
2024-06-20 10:16:33,413 [INFO] UserAuth:404 - Internet connection configuration mode: 1
2024-06-20 10:16:33,421 [INFO] JxBrowserEngine:152 - Initiate JxBrowser Engine with user profile folder
2024-06-20 10:16:33,926 [INFO] WebApp:161 - Instantiating new browser for Auth
2024-06-20 10:16:34,257 [INFO] WebApp:780 - Register for checkConnection events
2024-06-20 10:16:34,257 [INFO] WebApp:414 - Apply proxy settings
2024-06-20 10:16:34,257 [INFO] WebApp:499 - Chromium requires no authentication
2024-06-20 10:16:34,262 [INFO] WebApp:442 - Direct internet connection detected
2024-06-20 10:16:34,348 [INFO] WebApp:192 - Starting web application
2024-06-20 10:16:34,349 [INFO] WebApp:544 - Web application path used /home/frank/st/stm32cubeide_1.14.0/plugins/com.st.stm32cube.common.mx_6.10.0.202311202037/db/plugins/mcufinder/reactClient1/index.html
2024-06-20 10:16:35,410 [WARN] PackLoader:240 - Cannot read IP mode file for STMicroelectronics.FP-SNS-MOTENVWB1.1.4.0
2024-06-20 10:16:35,415 [WARN] PackLoader:240 - Cannot read IP mode file for STMicroelectronics.X-CUBE-SMBUS.2.1.0
2024-06-20 10:16:35,418 [WARN] PackLoader:240 - Cannot read IP mode file for STMicroelectronics.X-CUBE-TOUCHGFX.4.23.2
2024-06-20 10:16:35,437 [WARN] PackLoader:240 - Cannot read IP mode file for STMicroelectronics.X-CUBE-AZRTOS-F7.1.1.0
2024-06-20 10:16:35,443 [WARN] PackLoader:240 - Cannot read IP mode file for STMicroelectronics.FP-SNS-MOTENV1.4.3.2
2024-06-20 10:16:35,447 [WARN] PackLoader:240 - Cannot read IP mode file for STMicroelectronics.FP-SNS-FLIGHT1.5.0.2
2024-06-20 10:16:35,452 [WARN] PackLoader:240 - Cannot read IP mode file for STMicroelectronics.X-CUBE-DISPLAY.3.0.0
2024-06-20 10:16:35,460 [WARN] PackLoader:240 - Cannot read IP mode file for STMicroelectronics.X-CUBE-BLE1.7.0.0
2024-06-20 10:16:35,464 [WARN] PackLoader:240 - Cannot read IP mode file for emotas.I-CUBE-CANOPEN.1.3.0
2024-06-20 10:16:35,476 [WARN] PackLoader:240 - Cannot read IP mode file for STMicroelectronics.X-CUBE-BLEMGR.3.1.0
2024-06-20 10:16:35,484 [WARN] PackLoader:240 - Cannot read IP mode file for STMicroelectronics.FP-SNS-SMARTAG2.1.2.0
2024-06-20 10:16:35,494 [INFO] LogOutputStream:77 - [STDOUT_REDIRECT] 1 : Invalid condition id : UX_CORESTACK_Condition cause : null
2024-06-20 10:16:35,495 [INFO] LogOutputStream:77 - [STDOUT_REDIRECT] 1 : Invalid condition id : UX_CORESTACK_Condition cause : null
2024-06-20 10:16:35,495 [INFO] LogOutputStream:77 - [STDOUT_REDIRECT] 1 : Invalid condition id : UX_CORESTACK_Condition cause : null
2024-06-20 10:16:35,495 [INFO] LogOutputStream:77 - [STDOUT_REDIRECT] 1 : Invalid condition id : UX_CORESTACK_Condition cause : null
2024-06-20 10:16:35,495 [INFO] LogOutputStream:77 - [STDOUT_REDIRECT] 1 : Invalid condition id : UX_CORESTACK_Condition cause : null
2024-06-20 10:16:35,499 [WARN] PackLoader:240 - Cannot read IP mode file for STMicroelectronics.X-CUBE-AZRTOS-WL.2.0.0
2024-06-20 10:16:35,504 [WARN] PackLoader:240 - Cannot read IP mode file for STMicroelectronics.FP-SNS-MOTENV1.5.0.0
2024-06-20 10:16:35,512 [WARN] PackLoader:240 - Cannot read IP mode file for WES.I-CUBE-Cesium.1.3.0
2024-06-20 10:16:35,515 [WARN] PackLoader:240 - Cannot read IP mode file for STMicroelectronics.X-CUBE-BLE2.3.3.0
2024-06-20 10:16:35,520 [WARN] PackLoader:240 - Cannot read IP mode file for STMicroelectronics.X-CUBE-TCPP.4.1.0
2024-06-20 10:16:35,538 [WARN] PackLoader:240 - Cannot read IP mode file for STMicroelectronics.X-CUBE-AZRTOS-G0.1.1.0
2024-06-20 10:16:35,546 [WARN] PackLoader:240 - Cannot read IP mode file for STMicroelectronics.X-CUBE-SAFEA1.1.2.2
2024-06-20 10:16:35,551 [WARN] PackLoader:240 - Cannot read IP mode file for STMicroelectronics.X-CUBE-NFC4.3.0.0
2024-06-20 10:16:35,555 [WARN] PackLoader:240 - Cannot read IP mode file for wolfSSL.I-CUBE-wolfMQTT.1.18.0
2024-06-20 10:16:35,557 [WARN] PackLoader:240 - Cannot read IP mode file for wolfSSL.I-CUBE-wolfSSL.5.7.0
2024-06-20 10:16:35,559 [WARN] PackLoader:240 - Cannot read IP mode file for STMicroelectronics.FP-ATR-SIGFOX1.3.2.0
2024-06-20 10:16:35,562 [WARN] PackLoader:240 - Cannot read IP mode file for STMicroelectronics.X-CUBE-EEPRMA1.5.1.0
2024-06-20 10:16:35,566 [WARN] PackLoader:240 - Cannot read IP mode file for ITTIA_DB.I-CUBE-ITTIADB.8.9.0
2024-06-20 10:16:35,586 [WARN] PackLoader:240 - Cannot read IP mode file for SEGGER.I-CUBE-embOS.1.3.1
2024-06-20 10:16:35,637 [WARN] PackLoader:240 - Cannot read IP mode file for STMicroelectronics.X-CUBE-ALGOBUILD.1.4.0
2024-06-20 10:16:35,642 [WARN] PackLoader:240 - Cannot read IP mode file for STMicroelectronics.X-CUBE-GNSS1.6.0.0
2024-06-20 10:16:35,671 [WARN] PackLoader:240 - Cannot read IP mode file for STMicroelectronics.X-CUBE-AZRTOS-F4.1.1.0
2024-06-20 10:16:35,679 [WARN] PackLoader:240 - Cannot read IP mode file for STMicroelectronics.X-CUBE-FREERTOS.1.2.0
2024-06-20 10:16:35,696 [WARN] PackLoader:240 - Cannot read IP mode file for STMicroelectronics.X-CUBE-AZRTOS-L5.2.0.0
2024-06-20 10:16:35,705 [WARN] PackLoader:240 - Cannot read IP mode file for STMicroelectronics.X-CUBE-NFC6.3.1.0
2024-06-20 10:16:35,711 [WARN] PackLoader:240 - Cannot read IP mode file for STMicroelectronics.X-CUBE-AI.9.0.0
2024-06-20 10:16:35,716 [WARN] PackLoader:240 - Cannot read IP mode file for STMicroelectronics.X-CUBE-NFC7.1.0.1
2024-06-20 10:16:35,720 [WARN] PackLoader:240 - Cannot read IP mode file for STMicroelectronics.X-CUBE-AI.8.1.0
2024-06-20 10:16:35,733 [WARN] ConditionMgr:438 - getConditionDescription Invalid condition id : LAN8742 Phy interface Condition cause : null
2024-06-20 10:16:35,734 [WARN] PackLoader:240 - Cannot read IP mode file for STMicroelectronics.X-CUBE-AZRTOS-L4.2.0.0
2024-06-20 10:16:35,735 [WARN] ConditionMgr:1039 - genDependencies : Invalid condition id : LAN8742 Phy interface Condition cause : null
2024-06-20 10:16:35,736 [WARN] ConditionMgr:1039 - genDependencies : Invalid condition id : LAN8742 Phy interface Condition cause : null
2024-06-20 10:16:35,736 [WARN] ConditionMgr:1039 - genDependencies : Invalid condition id : LAN8742 Phy interface Condition cause : null
2024-06-20 10:16:35,740 [WARN] PackLoader:240 - Cannot read IP mode file for STMicroelectronics.X-CUBE-SFXS2LP1.4.0.0
2024-06-20 10:16:35,748 [WARN] ConditionMgr:438 - getConditionDescription Invalid condition id : UX DEVICE CLASS RTOS Condition cause : null
2024-06-20 10:16:35,749 [WARN] ConditionMgr:438 - getConditionDescription Invalid condition id : UX DEVICE CLASS RTOS Condition cause : null
2024-06-20 10:16:35,751 [WARN] PackLoader:240 - Cannot read IP mode file for STMicroelectronics.X-CUBE-AZRTOS-WB.2.0.0
2024-06-20 10:16:35,752 [WARN] ConditionMgr:1039 - genDependencies : Invalid condition id : UX DEVICE CLASS RTOS Condition cause : null
2024-06-20 10:16:35,752 [WARN] ConditionMgr:1039 - genDependencies : Invalid condition id : UX DEVICE CLASS RTOS Condition cause : null
2024-06-20 10:16:35,752 [WARN] ConditionMgr:1039 - genDependencies : Invalid condition id : UX DEVICE CLASS RTOS Condition cause : null
2024-06-20 10:16:35,752 [WARN] ConditionMgr:1039 - genDependencies : Invalid condition id : UX DEVICE CLASS RTOS Condition cause : null
2024-06-20 10:16:35,752 [WARN] ConditionMgr:1039 - genDependencies : Invalid condition id : UX DEVICE CLASS RTOS Condition cause : null
2024-06-20 10:16:35,758 [WARN] PackLoader:240 - Cannot read IP mode file for STMicroelectronics.X-CUBE-SUBG2.5.0.0
2024-06-20 10:16:35,763 [WARN] PackLoader:240 - Cannot read IP mode file for Cesanta.I-CUBE-Mongoose.7.13.0
2024-06-20 10:16:35,776 [WARN] PackLoader:240 - Cannot read IP mode file for STMicroelectronics.X-CUBE-AZRTOS-G4.2.0.0
2024-06-20 10:16:35,781 [WARN] PackLoader:240 - Cannot read IP mode file for STMicroelectronics.FP-SNS-MOTENVWB1.1.3.1
2024-06-20 10:16:35,807 [WARN] PackLoader:240 - Cannot read IP mode file for STMicroelectronics.X-CUBE-ISPU.2.0.0
2024-06-20 10:16:35,827 [WARN] PackLoader:240 - Cannot read IP mode file for STMicroelectronics.X-CUBE-ALS.1.0.2
2024-06-20 10:16:35,886 [WARN] PackLoader:240 - Cannot read IP mode file for STMicroelectronics.X-CUBE-MEMS1.10.0.0
2024-06-20 10:16:36,013 [WARN] PackLoader:240 - Cannot read IP mode file for portGmbH.I-Cube-SoM-uGOAL.1.1.0
2024-06-20 10:16:36,018 [WARN] PackLoader:240 - Cannot read IP mode file for STMicroelectronics.X-CUBE-ALS.1.0.1
2024-06-20 10:16:36,049 [WARN] PackLoader:240 - Cannot read IP mode file for STMicroelectronics.X-CUBE-AZRTOS-H7RS.1.0.0
2024-06-20 10:16:36,057 [WARN] PackLoader:240 - Cannot read IP mode file for STMicroelectronics.FP-ATR-ASTRA1.2.0.0
2024-06-20 10:16:36,067 [WARN] PackLoader:240 - Cannot read IP mode file for STMicroelectronics.X-CUBE-TOF1.3.4.1
2024-06-20 10:16:36,117 [WARN] PackLoader:240 - Cannot read IP mode file for STMicroelectronics.X-CUBE-AZRTOS-H7.3.2.0
2024-06-20 10:16:36,164 [WARN] PackLoader:240 - Cannot read IP mode file for Infineon.AIROC-Wi-Fi-Bluetooth-STM32.1.6.0
2024-06-20 10:16:36,175 [INFO] ThirdParty:978 - Integrity check success = true
2024-06-20 10:16:36,176 [INFO] IntegrityCheckThread:100 - exiting critical section [integrity check]
2024-06-20 10:16:36,176 [INFO] IntegrityCheckThread:103 - End integrity checks thread
2024-06-20 10:16:55,591 [ERROR] LogOutputStream:75 - [STDERR_REDIRECT] SLF4J: Failed to load class "org.slf4j.impl.StaticLoggerBinder".
2024-06-20 10:16:55,592 [ERROR] LogOutputStream:75 - [STDERR_REDIRECT] SLF4J: Defaulting to no-operation (NOP) logger implementation
2024-06-20 10:16:55,592 [ERROR] LogOutputStream:75 - [STDERR_REDIRECT] SLF4J: See http://www.slf4j.org/codes.html#StaticLoggerBinder for further details.
2024-06-20 12:14:58,554 [ERROR] LogOutputStream:75 - [STDERR_REDIRECT] 
2024-06-20 14:37:34,439 [INFO] Activator:176 - 


2024-06-20 14:37:34,440 [INFO] Activator:177 - !SESSION log4j initialized
2024-06-20 14:37:37,139 [INFO] LogOutputStream:77 - [STDOUT_REDIRECT] 
2024-06-20 14:37:38,346 [INFO] ApplicationProperties:184 - Using Application install path: /home/frank/st/stm32cubeide_1.14.0/plugins/com.st.stm32cube.common.mx_6.10.0.202311202037
2024-06-20 14:37:38,355 [INFO] DbMcusXml:78 - Set database path to: /home/frank/st/stm32cubeide_1.14.0/plugins/com.st.stm32cube.common.mx_6.10.0.202311202037//db//mcu/
2024-06-20 14:37:38,355 [INFO] ApiDb:274 - Set plugin database path to: /home/frank/st/stm32cubeide_1.14.0/plugins/com.st.stm32cube.common.mx_6.10.0.202311202037//db//plugins/boardmanager/
2024-06-20 14:37:38,356 [WARN] ApiDb:259 - Overriding images path with different value:  => /home/frank/st/stm32cubeide_1.14.0/plugins/com.st.stm32cube.common.mx_6.10.0.202311202037//db//plugins/mcufinder/images/
2024-06-20 14:37:38,360 [INFO] ApiDb:250 - Set database path to: /home/frank/.stmcufinder/plugins/mcufinder//mcu/
2024-06-20 14:37:38,361 [INFO] DbMcusAds:125 - Set database path to: /home/frank/.stmcufinder/plugins/mcufinder//mcu/
2024-06-20 14:37:38,362 [INFO] CrossReferenceDbSqlite:203 - Set database path to: /home/frank/.stmcufinder/plugins/mcufinder//mcu/cs/
2024-06-20 14:37:38,424 [INFO] RulesReader:64 - Compatibility file has been processed (297 Rules)
2024-06-20 14:37:38,465 [INFO] DbMcusXml:78 - Set database path to: /home/frank/st/stm32cubeide_1.14.0/plugins/com.st.stm32cube.common.mx_6.10.0.202311202037//db//mcu/
2024-06-20 14:37:38,466 [INFO] ApiDb:274 - Set plugin database path to: /home/frank/st/stm32cubeide_1.14.0/plugins/com.st.stm32cube.common.mx_6.10.0.202311202037//db//plugins/boardmanager/
2024-06-20 14:37:38,466 [INFO] ApiDb:261 - Set plugin images path to: /home/frank/st/stm32cubeide_1.14.0/plugins/com.st.stm32cube.common.mx_6.10.0.202311202037//db//plugins/mcufinder/images/
2024-06-20 14:37:38,466 [WARN] DbFile:41 - Overriding database path with different value: /home/frank/.stmcufinder/plugins/mcufinder/ => /home/frank/.stmcufinder/plugins/mcufinder
2024-06-20 14:37:38,466 [INFO] ApiDb:250 - Set database path to: /home/frank/.stmcufinder/plugins/mcufinder//mcu/
2024-06-20 14:37:38,466 [WARN] DbFile:41 - Overriding database path with different value: /home/frank/.stmcufinder/plugins/mcufinder/ => /home/frank/.stmcufinder/plugins/mcufinder
2024-06-20 14:37:38,466 [INFO] DbMcusAds:125 - Set database path to: /home/frank/.stmcufinder/plugins/mcufinder//mcu/
2024-06-20 14:37:38,466 [WARN] DbFile:41 - Overriding database path with different value: /home/frank/.stmcufinder/plugins/mcufinder/ => /home/frank/.stmcufinder/plugins/mcufinder
2024-06-20 14:37:38,466 [WARN] DbFile:41 - Overriding database path with different value: /home/frank/.stmcufinder/plugins/mcufinder/ => /home/frank/.stmcufinder/plugins/mcufinder
2024-06-20 14:37:38,467 [INFO] CrossReferenceDbSqlite:203 - Set database path to: /home/frank/.stmcufinder/plugins/mcufinder//mcu/cs/
2024-06-20 14:37:38,519 [INFO] MainPanel:264 - HeapMemory: 268435456
2024-06-20 14:37:38,572 [INFO] DbMcusXml:78 - Set database path to: /home/frank/st/stm32cubeide_1.14.0/plugins/com.st.stm32cube.common.mx_6.10.0.202311202037//db//mcu/
2024-06-20 14:37:38,572 [INFO] ApiDb:274 - Set plugin database path to: /home/frank/st/stm32cubeide_1.14.0/plugins/com.st.stm32cube.common.mx_6.10.0.202311202037//db//plugins/boardmanager/
2024-06-20 14:37:38,572 [INFO] ApiDb:261 - Set plugin images path to: /home/frank/st/stm32cubeide_1.14.0/plugins/com.st.stm32cube.common.mx_6.10.0.202311202037//db//plugins/mcufinder/images/
2024-06-20 14:37:38,572 [WARN] DbFile:41 - Overriding database path with different value: /home/frank/.stmcufinder/plugins/mcufinder/ => /home/frank/.stmcufinder/plugins/mcufinder
2024-06-20 14:37:38,572 [INFO] ApiDb:250 - Set database path to: /home/frank/.stmcufinder/plugins/mcufinder//mcu/
2024-06-20 14:37:38,572 [WARN] DbFile:41 - Overriding database path with different value: /home/frank/.stmcufinder/plugins/mcufinder/ => /home/frank/.stmcufinder/plugins/mcufinder
2024-06-20 14:37:38,572 [INFO] DbMcusAds:125 - Set database path to: /home/frank/.stmcufinder/plugins/mcufinder//mcu/
2024-06-20 14:37:38,572 [WARN] DbFile:41 - Overriding database path with different value: /home/frank/.stmcufinder/plugins/mcufinder/ => /home/frank/.stmcufinder/plugins/mcufinder
2024-06-20 14:37:38,572 [WARN] DbFile:41 - Overriding database path with different value: /home/frank/.stmcufinder/plugins/mcufinder/ => /home/frank/.stmcufinder/plugins/mcufinder
2024-06-20 14:37:38,572 [INFO] CrossReferenceDbSqlite:203 - Set database path to: /home/frank/.stmcufinder/plugins/mcufinder//mcu/cs/
2024-06-20 14:37:38,581 [INFO] ApplicationProperties:184 - Using Application install path: /home/frank/st/stm32cubeide_1.14.0/plugins/com.st.stm32cube.common.mx_6.10.0.202311202037
2024-06-20 14:37:38,581 [INFO] PluginManage:196 - Search for loadable plugins [exclusion list=, ]
2024-06-20 14:37:38,582 [INFO] PluginManage:310 - Check plugin analytics
2024-06-20 14:37:38,653 [INFO] AnalyticsPlugin:253 - Accepted Software Licenses: 
2024-06-20 14:37:38,653 [INFO] AnalyticsPlugin:255 - Accepted CMSIS Pack Licenses: 
2024-06-20 14:37:38,653 [INFO] AnalyticsPlugin:257 - Accepted Firmware Licenses: FW.F4.1.28.0,FW.F4.1.27.0
2024-06-20 14:37:38,655 [INFO] PluginManage:359 - Loaded plugin analytics (category:tool,tabindex:-1)
2024-06-20 14:37:38,655 [INFO] PluginManage:310 - Check plugin cadmodel
2024-06-20 14:37:38,669 [INFO] CADModel:105 - Init CAD model plugin
2024-06-20 14:37:38,669 [INFO] PluginManage:359 - Loaded plugin cadmodel (category:power,tabindex:5)
2024-06-20 14:37:38,670 [INFO] PluginManage:310 - Check plugin clock
2024-06-20 14:37:38,675 [INFO] PluginManage:359 - Loaded plugin clock (category:base,tabindex:2)
2024-06-20 14:37:38,675 [INFO] PluginManage:310 - Check plugin ddr
2024-06-20 14:37:38,676 [INFO] PluginManage:359 - Loaded plugin ddr (category:tool,tabindex:6)
2024-06-20 14:37:38,676 [INFO] PluginManage:310 - Check plugin filemanager
2024-06-20 14:37:38,744 [INFO] PluginManage:359 - Loaded plugin filemanager (category:base,tabindex:10)
2024-06-20 14:37:38,745 [INFO] PluginManage:310 - Check plugin ipmanager
2024-06-20 14:37:38,747 [INFO] PluginManage:359 - Loaded plugin ipmanager (category:base,tabindex:5)
2024-06-20 14:37:38,748 [INFO] PluginManage:310 - Check plugin lpbam
2024-06-20 14:37:38,752 [INFO] PluginManage:359 - Loaded plugin lpbam (category:base,tabindex:0)
2024-06-20 14:37:38,752 [INFO] PluginManage:310 - Check plugin memorymap
2024-06-20 14:37:38,758 [INFO] PluginManage:359 - Loaded plugin memorymap (category:base,tabindex:4)
2024-06-20 14:37:38,758 [INFO] PluginManage:310 - Check plugin pinoutandconfiguration
2024-06-20 14:37:38,762 [INFO] PluginManage:359 - Loaded plugin pinoutandconfiguration (category:base,tabindex:1)
2024-06-20 14:37:38,762 [INFO] PluginManage:310 - Check plugin pinoutconfig
2024-06-20 14:37:38,802 [WARN] SupportedApi:132 - Cannot load RTOS API schema: s4s-elt-must-match.1: The content of 'definitions' must match (annotation?, (simpleType | complexType)?, (unique | key | keyref)*)). A problem was found starting at: attribute.
2024-06-20 14:37:38,864 [INFO] PluginManage:359 - Loaded plugin pinoutconfig (category:base,tabindex:0)
2024-06-20 14:37:38,865 [INFO] PluginManage:310 - Check plugin power
2024-06-20 14:37:38,870 [INFO] PluginManage:359 - Loaded plugin power (category:power,tabindex:4)
2024-06-20 14:37:38,870 [INFO] PluginManage:310 - Check plugin projectmanager
2024-06-20 14:37:38,878 [INFO] PluginManage:359 - Loaded plugin projectmanager (category:projectmanager,tabindex:3)
2024-06-20 14:37:38,879 [INFO] PluginManage:310 - Check plugin thirdparty
2024-06-20 14:37:38,940 [INFO] PluginManage:359 - Loaded plugin thirdparty (category:base,tabindex:-1)
2024-06-20 14:37:38,940 [WARN] IntegrityCheckThread:84 - waiting for thirdparty lock release [integrity check]
2024-06-20 14:37:38,940 [INFO] PluginManage:310 - Check plugin tools
2024-06-20 14:37:38,940 [INFO] IntegrityCheckThread:86 - entering critical section [integrity check]
2024-06-20 14:37:38,941 [INFO] ThirdPartyUpdaterWithRetryManager:70 - Updater plugin not ready yet. [1/15]
2024-06-20 14:37:38,942 [INFO] PluginManage:359 - Loaded plugin tools (category:base,tabindex:7)
2024-06-20 14:37:38,942 [INFO] PluginManage:310 - Check plugin tutovideos
2024-06-20 14:37:39,025 [INFO] PluginManage:359 - Loaded plugin tutovideos (category:base,tabindex:-1)
2024-06-20 14:37:39,026 [INFO] PluginManage:310 - Check plugin updater
2024-06-20 14:37:39,032 [INFO] PluginManage:359 - Loaded plugin updater (category:base,tabindex:12)
2024-06-20 14:37:39,032 [INFO] PluginManage:310 - Check plugin userauth
2024-06-20 14:37:39,034 [INFO] UserAuth:114 - Init User Auth plugin
2024-06-20 14:37:39,035 [INFO] PluginManage:359 - Loaded plugin userauth (category:base,tabindex:14)
2024-06-20 14:37:39,035 [INFO] PluginManage:283 - PluginManage : Loaded plugins [17]
2024-06-20 14:37:39,135 [INFO] PinOutPanel:1499 - setPackage(No Configuration,No Configuration)
2024-06-20 14:37:39,180 [INFO] CADModel:165 - CPN selected for project level
2024-06-20 14:37:39,180 [INFO] CADModel:114 - Register for checkConnection events
2024-06-20 14:37:39,186 [INFO] IPUIPlugin:80 - create IPUIPlugin
2024-06-20 14:37:39,186 [INFO] PluginManager:220 - loadIPPluginJar : add ucpd
2024-06-20 14:37:39,187 [INFO] IPUIPlugin:80 - create IPUIPlugin
2024-06-20 14:37:39,187 [INFO] PluginManager:220 - loadIPPluginJar : add ltdc
2024-06-20 14:37:39,190 [INFO] IPUIPlugin:80 - create IPUIPlugin
2024-06-20 14:37:39,191 [INFO] PluginManager:220 - loadIPPluginJar : add plateformsettings
2024-06-20 14:37:39,194 [INFO] IPUIPlugin:80 - create IPUIPlugin
2024-06-20 14:37:39,194 [INFO] PluginManager:220 - loadIPPluginJar : add hash
2024-06-20 14:37:39,195 [INFO] IPUIPlugin:80 - create IPUIPlugin
2024-06-20 14:37:39,195 [INFO] PluginManager:220 - loadIPPluginJar : add gfxmmu
2024-06-20 14:37:39,198 [INFO] IPUIPlugin:80 - create IPUIPlugin
2024-06-20 14:37:39,198 [INFO] PluginManager:220 - loadIPPluginJar : add stm32_wpan
2024-06-20 14:37:39,199 [INFO] IPUIPlugin:80 - create IPUIPlugin
2024-06-20 14:37:39,199 [INFO] PluginManager:220 - loadIPPluginJar : add ts
2024-06-20 14:37:39,199 [INFO] IPUIPlugin:80 - create IPUIPlugin
2024-06-20 14:37:39,199 [INFO] PluginManager:220 - loadIPPluginJar : add quadspi
2024-06-20 14:37:39,201 [INFO] IPUIPlugin:80 - create IPUIPlugin
2024-06-20 14:37:39,201 [INFO] PluginManager:220 - loadIPPluginJar : add usbx
2024-06-20 14:37:39,202 [INFO] IPUIPlugin:80 - create IPUIPlugin
2024-06-20 14:37:39,202 [INFO] PluginManager:220 - loadIPPluginJar : add aes
2024-06-20 14:37:39,204 [INFO] IPUIPlugin:80 - create IPUIPlugin
2024-06-20 14:37:39,204 [INFO] PluginManager:220 - loadIPPluginJar : add nvic
2024-06-20 14:37:39,207 [INFO] IPUIPlugin:80 - create IPUIPlugin
2024-06-20 14:37:39,207 [INFO] PluginManager:220 - loadIPPluginJar : add adc
2024-06-20 14:37:39,208 [INFO] IPUIPlugin:80 - create IPUIPlugin
2024-06-20 14:37:39,208 [INFO] PluginManager:220 - loadIPPluginJar : add cryp
2024-06-20 14:37:39,209 [INFO] IPUIPlugin:80 - create IPUIPlugin
2024-06-20 14:37:39,210 [INFO] PluginManager:220 - loadIPPluginJar : add touchsensing
2024-06-20 14:37:39,212 [INFO] IPUIPlugin:80 - create IPUIPlugin
2024-06-20 14:37:39,212 [INFO] PluginManager:220 - loadIPPluginJar : add fmc
2024-06-20 14:37:39,213 [INFO] IPUIPlugin:80 - create IPUIPlugin
2024-06-20 14:37:39,213 [INFO] PluginManager:220 - loadIPPluginJar : add openamp
2024-06-20 14:37:39,216 [INFO] IPUIPlugin:80 - create IPUIPlugin
2024-06-20 14:37:39,216 [INFO] PluginManager:220 - loadIPPluginJar : add linkedlist
2024-06-20 14:37:39,217 [INFO] IPUIPlugin:80 - create IPUIPlugin
2024-06-20 14:37:39,217 [INFO] PluginManager:220 - loadIPPluginJar : add tracer_emb
2024-06-20 14:37:39,220 [INFO] IPUIPlugin:80 - create IPUIPlugin
2024-06-20 14:37:39,220 [INFO] PluginManager:220 - loadIPPluginJar : add dma
2024-06-20 14:37:39,221 [INFO] IPUIPlugin:80 - create IPUIPlugin
2024-06-20 14:37:39,221 [INFO] PluginManager:220 - loadIPPluginJar : add sai
2024-06-20 14:37:39,224 [INFO] IPUIPlugin:80 - create IPUIPlugin
2024-06-20 14:37:39,224 [INFO] PluginManager:220 - loadIPPluginJar : add freertos
2024-06-20 14:37:39,227 [INFO] IPUIPlugin:80 - create IPUIPlugin
2024-06-20 14:37:39,227 [INFO] PluginManager:220 - loadIPPluginJar : add mdma
2024-06-20 14:37:39,228 [INFO] IPUIPlugin:80 - create IPUIPlugin
2024-06-20 14:37:39,228 [INFO] PluginManager:220 - loadIPPluginJar : add genericplugin
2024-06-20 14:37:39,229 [INFO] IPUIPlugin:80 - create IPUIPlugin
2024-06-20 14:37:39,229 [INFO] PluginManager:220 - loadIPPluginJar : add tsc
2024-06-20 14:37:39,230 [INFO] IPUIPlugin:80 - create IPUIPlugin
2024-06-20 14:37:39,230 [INFO] PluginManager:220 - loadIPPluginJar : add pdm2pcm
2024-06-20 14:37:39,231 [INFO] IPUIPlugin:80 - create IPUIPlugin
2024-06-20 14:37:39,231 [INFO] PluginManager:220 - loadIPPluginJar : add fatfs
2024-06-20 14:37:39,232 [INFO] IPUIPlugin:80 - create IPUIPlugin
2024-06-20 14:37:39,233 [INFO] PluginManager:220 - loadIPPluginJar : add can
2024-06-20 14:37:39,234 [INFO] IPUIPlugin:80 - create IPUIPlugin
2024-06-20 14:37:39,234 [INFO] PluginManager:220 - loadIPPluginJar : add i3c
2024-06-20 14:37:39,235 [INFO] IPUIPlugin:80 - create IPUIPlugin
2024-06-20 14:37:39,235 [INFO] PluginManager:220 - loadIPPluginJar : add i2s
2024-06-20 14:37:39,236 [INFO] IPUIPlugin:80 - create IPUIPlugin
2024-06-20 14:37:39,236 [INFO] PluginManager:220 - loadIPPluginJar : add i2c
2024-06-20 14:37:39,237 [INFO] IPUIPlugin:80 - create IPUIPlugin
2024-06-20 14:37:39,237 [INFO] PluginManager:220 - loadIPPluginJar : add spi
2024-06-20 14:37:39,238 [INFO] IPUIPlugin:80 - create IPUIPlugin
2024-06-20 14:37:39,238 [INFO] PluginManager:220 - loadIPPluginJar : add dfsdm
2024-06-20 14:37:39,238 [INFO] IPUIPlugin:80 - create IPUIPlugin
2024-06-20 14:37:39,238 [INFO] PluginManager:220 - loadIPPluginJar : add tim
2024-06-20 14:37:39,240 [INFO] IPUIPlugin:80 - create IPUIPlugin
2024-06-20 14:37:39,240 [INFO] PluginManager:220 - loadIPPluginJar : add opamp
2024-06-20 14:37:39,241 [INFO] IPUIPlugin:80 - create IPUIPlugin
2024-06-20 14:37:39,241 [INFO] PluginManager:220 - loadIPPluginJar : add dma3
2024-06-20 14:37:39,242 [INFO] IPUIPlugin:80 - create IPUIPlugin
2024-06-20 14:37:39,242 [INFO] PluginManager:220 - loadIPPluginJar : add ipddr
2024-06-20 14:37:39,243 [INFO] IPUIPlugin:80 - create IPUIPlugin
2024-06-20 14:37:39,243 [INFO] PluginManager:220 - loadIPPluginJar : add comp
2024-06-20 14:37:39,245 [INFO] IPUIPlugin:80 - create IPUIPlugin
2024-06-20 14:37:39,245 [INFO] PluginManager:220 - loadIPPluginJar : add resmgrutility
2024-06-20 14:37:39,246 [INFO] IPUIPlugin:80 - create IPUIPlugin
2024-06-20 14:37:39,246 [INFO] PluginManager:220 - loadIPPluginJar : add gtzc
2024-06-20 14:37:39,249 [INFO] IPUIPlugin:80 - create IPUIPlugin
2024-06-20 14:37:39,249 [INFO] PluginManager:220 - loadIPPluginJar : add gpio
2024-06-20 14:37:39,250 [INFO] IPUIPlugin:80 - create IPUIPlugin
2024-06-20 14:37:39,250 [INFO] PluginManager:220 - loadIPPluginJar : add usart
2024-06-20 14:37:39,251 [INFO] IPUIPlugin:80 - create IPUIPlugin
2024-06-20 14:37:39,251 [INFO] PluginManager:220 - loadIPPluginJar : add lorawan
2024-06-20 14:37:39,253 [INFO] IPUIPlugin:80 - create IPUIPlugin
2024-06-20 14:37:39,253 [INFO] PluginManager:220 - loadIPPluginJar : add gic
2024-06-20 14:37:39,341 [INFO] CADModel:165 - CPN selected for project level
2024-06-20 14:37:39,341 [INFO] CADModel:114 - Register for checkConnection events
2024-06-20 14:37:39,341 [FATAL] Updater:308 - Updater called before beeing initialized
2024-06-20 14:37:39,341 [ERROR] CADModel:125 - Updater not yet initialized, retry later 
2024-06-20 14:37:39,406 [INFO] CADModel:165 - CPN selected for project level
2024-06-20 14:37:39,406 [INFO] CADModel:114 - Register for checkConnection events
2024-06-20 14:37:39,406 [FATAL] Updater:308 - Updater called before beeing initialized
2024-06-20 14:37:39,406 [ERROR] CADModel:125 - Updater not yet initialized, retry later 
2024-06-20 14:37:39,408 [FATAL] Updater:308 - Updater called before beeing initialized
2024-06-20 14:37:39,452 [FATAL] Updater:308 - Updater called before beeing initialized
2024-06-20 14:37:39,454 [INFO] DbMcusAds:53 - JSON generation date=Thu May 16 11:22:00 CEST 2024 (1715851320852)
2024-06-20 14:37:39,455 [FATAL] Updater:308 - Updater called before beeing initialized
2024-06-20 14:37:39,476 [WARN] DetailPanel:346 - Failed to get advertising image, set to default
2024-06-20 14:37:39,552 [FATAL] Updater:308 - Updater called before beeing initialized
2024-06-20 14:37:39,554 [FATAL] Updater:308 - Updater called before beeing initialized
2024-06-20 14:37:39,554 [FATAL] Updater:308 - Updater called before beeing initialized
2024-06-20 14:37:39,554 [WARN] DetailPanel:346 - Failed to get advertising image, set to default
2024-06-20 14:37:39,555 [FATAL] Updater:308 - Updater called before beeing initialized
2024-06-20 14:37:39,577 [ERROR] Updater:1120 - MainUpdater not yet initialized. External WinMGr cannot be set.
2024-06-20 14:37:39,578 [INFO] Updater:1056 - Updater Version found : 6.10.0
2024-06-20 14:37:39,589 [INFO] ApplicationProperties:184 - Using Application install path: /home/frank/st/stm32cubeide_1.14.0/plugins/com.st.stm32cube.common.mx_6.10.0.202311202037
2024-06-20 14:37:39,750 [INFO] MainUpdater:2873 - connection check result : 10
2024-06-20 14:37:39,751 [INFO] MainUpdater:290 - Updater Check For Update Now.
2024-06-20 14:37:39,751 [INFO] MicroXplorer:498 - Change Database Version : DB.6.0.100
2024-06-20 14:37:39,753 [INFO] McuFinderGlobals:63 - Set McuFinder mode to 2 (CubeIDE integrated)
2024-06-20 14:37:39,895 [INFO] CheckServerUpdateThread:120 - End of CheckServer Thread
2024-06-20 14:37:39,942 [INFO] UserAuth:404 - Internet connection configuration mode: 1
2024-06-20 14:37:39,949 [INFO] JxBrowserEngine:152 - Initiate JxBrowser Engine with user profile folder
2024-06-20 14:37:40,452 [INFO] WebApp:161 - Instantiating new browser for Auth
2024-06-20 14:37:40,785 [INFO] WebApp:780 - Register for checkConnection events
2024-06-20 14:37:40,785 [INFO] WebApp:414 - Apply proxy settings
2024-06-20 14:37:40,785 [INFO] WebApp:499 - Chromium requires no authentication
2024-06-20 14:37:40,788 [INFO] WebApp:442 - Direct internet connection detected
2024-06-20 14:37:40,859 [INFO] WebApp:192 - Starting web application
2024-06-20 14:37:40,859 [INFO] WebApp:544 - Web application path used /home/frank/st/stm32cubeide_1.14.0/plugins/com.st.stm32cube.common.mx_6.10.0.202311202037/db/plugins/mcufinder/reactClient1/index.html
2024-06-20 14:37:41,995 [WARN] PackLoader:240 - Cannot read IP mode file for STMicroelectronics.FP-SNS-MOTENVWB1.1.4.0
2024-06-20 14:37:42,000 [WARN] PackLoader:240 - Cannot read IP mode file for STMicroelectronics.X-CUBE-SMBUS.2.1.0
2024-06-20 14:37:42,002 [WARN] PackLoader:240 - Cannot read IP mode file for STMicroelectronics.X-CUBE-TOUCHGFX.4.23.2
2024-06-20 14:37:42,018 [WARN] PackLoader:240 - Cannot read IP mode file for STMicroelectronics.X-CUBE-AZRTOS-F7.1.1.0
2024-06-20 14:37:42,025 [WARN] PackLoader:240 - Cannot read IP mode file for STMicroelectronics.FP-SNS-MOTENV1.4.3.2
2024-06-20 14:37:42,028 [WARN] PackLoader:240 - Cannot read IP mode file for STMicroelectronics.FP-SNS-FLIGHT1.5.0.2
2024-06-20 14:37:42,033 [WARN] PackLoader:240 - Cannot read IP mode file for STMicroelectronics.X-CUBE-DISPLAY.3.0.0
2024-06-20 14:37:42,040 [WARN] PackLoader:240 - Cannot read IP mode file for STMicroelectronics.X-CUBE-BLE1.7.0.0
2024-06-20 14:37:42,042 [WARN] PackLoader:240 - Cannot read IP mode file for emotas.I-CUBE-CANOPEN.1.3.0
2024-06-20 14:37:42,048 [WARN] PackLoader:240 - Cannot read IP mode file for STMicroelectronics.X-CUBE-BLEMGR.3.1.0
2024-06-20 14:37:42,052 [WARN] PackLoader:240 - Cannot read IP mode file for STMicroelectronics.FP-SNS-SMARTAG2.1.2.0
2024-06-20 14:37:42,058 [INFO] LogOutputStream:77 - [STDOUT_REDIRECT] 1 : Invalid condition id : UX_CORESTACK_Condition cause : null
2024-06-20 14:37:42,059 [INFO] LogOutputStream:77 - [STDOUT_REDIRECT] 1 : Invalid condition id : UX_CORESTACK_Condition cause : null
2024-06-20 14:37:42,059 [INFO] LogOutputStream:77 - [STDOUT_REDIRECT] 1 : Invalid condition id : UX_CORESTACK_Condition cause : null
2024-06-20 14:37:42,059 [INFO] LogOutputStream:77 - [STDOUT_REDIRECT] 1 : Invalid condition id : UX_CORESTACK_Condition cause : null
2024-06-20 14:37:42,059 [INFO] LogOutputStream:77 - [STDOUT_REDIRECT] 1 : Invalid condition id : UX_CORESTACK_Condition cause : null
2024-06-20 14:37:42,061 [WARN] PackLoader:240 - Cannot read IP mode file for STMicroelectronics.X-CUBE-AZRTOS-WL.2.0.0
2024-06-20 14:37:42,064 [WARN] PackLoader:240 - Cannot read IP mode file for STMicroelectronics.FP-SNS-MOTENV1.5.0.0
2024-06-20 14:37:42,069 [WARN] PackLoader:240 - Cannot read IP mode file for WES.I-CUBE-Cesium.1.3.0
2024-06-20 14:37:42,072 [WARN] PackLoader:240 - Cannot read IP mode file for STMicroelectronics.X-CUBE-BLE2.3.3.0
2024-06-20 14:37:42,075 [WARN] PackLoader:240 - Cannot read IP mode file for STMicroelectronics.X-CUBE-TCPP.4.1.0
2024-06-20 14:37:42,087 [WARN] PackLoader:240 - Cannot read IP mode file for STMicroelectronics.X-CUBE-AZRTOS-G0.1.1.0
2024-06-20 14:37:42,093 [WARN] PackLoader:240 - Cannot read IP mode file for STMicroelectronics.X-CUBE-SAFEA1.1.2.2
2024-06-20 14:37:42,096 [WARN] PackLoader:240 - Cannot read IP mode file for STMicroelectronics.X-CUBE-NFC4.3.0.0
2024-06-20 14:37:42,099 [WARN] PackLoader:240 - Cannot read IP mode file for wolfSSL.I-CUBE-wolfMQTT.1.18.0
2024-06-20 14:37:42,101 [WARN] PackLoader:240 - Cannot read IP mode file for wolfSSL.I-CUBE-wolfSSL.5.7.0
2024-06-20 14:37:42,102 [WARN] PackLoader:240 - Cannot read IP mode file for STMicroelectronics.FP-ATR-SIGFOX1.3.2.0
2024-06-20 14:37:42,104 [WARN] PackLoader:240 - Cannot read IP mode file for STMicroelectronics.X-CUBE-EEPRMA1.5.1.0
2024-06-20 14:37:42,108 [WARN] PackLoader:240 - Cannot read IP mode file for ITTIA_DB.I-CUBE-ITTIADB.8.9.0
2024-06-20 14:37:42,129 [WARN] PackLoader:240 - Cannot read IP mode file for SEGGER.I-CUBE-embOS.1.3.1
2024-06-20 14:37:42,172 [WARN] PackLoader:240 - Cannot read IP mode file for STMicroelectronics.X-CUBE-ALGOBUILD.1.4.0
2024-06-20 14:37:42,190 [WARN] PackLoader:240 - Cannot read IP mode file for STMicroelectronics.X-CUBE-GNSS1.6.0.0
2024-06-20 14:37:42,207 [WARN] PackLoader:240 - Cannot read IP mode file for STMicroelectronics.X-CUBE-AZRTOS-F4.1.1.0
2024-06-20 14:37:42,216 [WARN] PackLoader:240 - Cannot read IP mode file for STMicroelectronics.X-CUBE-FREERTOS.1.2.0
2024-06-20 14:37:42,226 [WARN] PackLoader:240 - Cannot read IP mode file for STMicroelectronics.X-CUBE-AZRTOS-L5.2.0.0
2024-06-20 14:37:42,231 [WARN] PackLoader:240 - Cannot read IP mode file for STMicroelectronics.X-CUBE-NFC6.3.1.0
2024-06-20 14:37:42,236 [WARN] PackLoader:240 - Cannot read IP mode file for STMicroelectronics.X-CUBE-AI.9.0.0
2024-06-20 14:37:42,239 [WARN] PackLoader:240 - Cannot read IP mode file for STMicroelectronics.X-CUBE-NFC7.1.0.1
2024-06-20 14:37:42,241 [WARN] PackLoader:240 - Cannot read IP mode file for STMicroelectronics.X-CUBE-AI.8.1.0
2024-06-20 14:37:42,251 [WARN] ConditionMgr:438 - getConditionDescription Invalid condition id : LAN8742 Phy interface Condition cause : null
2024-06-20 14:37:42,251 [WARN] PackLoader:240 - Cannot read IP mode file for STMicroelectronics.X-CUBE-AZRTOS-L4.2.0.0
2024-06-20 14:37:42,252 [WARN] ConditionMgr:1039 - genDependencies : Invalid condition id : LAN8742 Phy interface Condition cause : null
2024-06-20 14:37:42,252 [WARN] ConditionMgr:1039 - genDependencies : Invalid condition id : LAN8742 Phy interface Condition cause : null
2024-06-20 14:37:42,252 [WARN] ConditionMgr:1039 - genDependencies : Invalid condition id : LAN8742 Phy interface Condition cause : null
2024-06-20 14:37:42,256 [WARN] PackLoader:240 - Cannot read IP mode file for STMicroelectronics.X-CUBE-SFXS2LP1.4.0.0
2024-06-20 14:37:42,264 [WARN] ConditionMgr:438 - getConditionDescription Invalid condition id : UX DEVICE CLASS RTOS Condition cause : null
2024-06-20 14:37:42,264 [WARN] ConditionMgr:438 - getConditionDescription Invalid condition id : UX DEVICE CLASS RTOS Condition cause : null
2024-06-20 14:37:42,265 [WARN] PackLoader:240 - Cannot read IP mode file for STMicroelectronics.X-CUBE-AZRTOS-WB.2.0.0
2024-06-20 14:37:42,266 [WARN] ConditionMgr:1039 - genDependencies : Invalid condition id : UX DEVICE CLASS RTOS Condition cause : null
2024-06-20 14:37:42,266 [WARN] ConditionMgr:1039 - genDependencies : Invalid condition id : UX DEVICE CLASS RTOS Condition cause : null
2024-06-20 14:37:42,266 [WARN] ConditionMgr:1039 - genDependencies : Invalid condition id : UX DEVICE CLASS RTOS Condition cause : null
2024-06-20 14:37:42,266 [WARN] ConditionMgr:1039 - genDependencies : Invalid condition id : UX DEVICE CLASS RTOS Condition cause : null
2024-06-20 14:37:42,266 [WARN] ConditionMgr:1039 - genDependencies : Invalid condition id : UX DEVICE CLASS RTOS Condition cause : null
2024-06-20 14:37:42,272 [WARN] PackLoader:240 - Cannot read IP mode file for STMicroelectronics.X-CUBE-SUBG2.5.0.0
2024-06-20 14:37:42,277 [WARN] PackLoader:240 - Cannot read IP mode file for Cesanta.I-CUBE-Mongoose.7.13.0
2024-06-20 14:37:42,288 [WARN] PackLoader:240 - Cannot read IP mode file for STMicroelectronics.X-CUBE-AZRTOS-G4.2.0.0
2024-06-20 14:37:42,292 [WARN] PackLoader:240 - Cannot read IP mode file for STMicroelectronics.FP-SNS-MOTENVWB1.1.3.1
2024-06-20 14:37:42,294 [WARN] PackLoader:240 - Cannot read IP mode file for STMicroelectronics.X-CUBE-ISPU.2.0.0
2024-06-20 14:37:42,297 [WARN] PackLoader:240 - Cannot read IP mode file for STMicroelectronics.X-CUBE-ALS.1.0.2
2024-06-20 14:37:42,322 [WARN] PackLoader:240 - Cannot read IP mode file for STMicroelectronics.X-CUBE-MEMS1.10.0.0
2024-06-20 14:37:42,377 [WARN] PackLoader:240 - Cannot read IP mode file for portGmbH.I-Cube-SoM-uGOAL.1.1.0
2024-06-20 14:37:42,380 [WARN] PackLoader:240 - Cannot read IP mode file for STMicroelectronics.X-CUBE-ALS.1.0.1
2024-06-20 14:37:42,389 [WARN] PackLoader:240 - Cannot read IP mode file for STMicroelectronics.X-CUBE-AZRTOS-H7RS.1.0.0
2024-06-20 14:37:42,392 [WARN] PackLoader:240 - Cannot read IP mode file for STMicroelectronics.FP-ATR-ASTRA1.2.0.0
2024-06-20 14:37:42,398 [WARN] PackLoader:240 - Cannot read IP mode file for STMicroelectronics.X-CUBE-TOF1.3.4.1
2024-06-20 14:37:42,414 [WARN] PackLoader:240 - Cannot read IP mode file for STMicroelectronics.X-CUBE-AZRTOS-H7.3.2.0
2024-06-20 14:37:42,424 [WARN] PackLoader:240 - Cannot read IP mode file for Infineon.AIROC-Wi-Fi-Bluetooth-STM32.1.6.0
2024-06-20 14:37:42,427 [INFO] ThirdParty:978 - Integrity check success = true
2024-06-20 14:37:42,427 [INFO] IntegrityCheckThread:100 - exiting critical section [integrity check]
2024-06-20 14:37:42,427 [INFO] IntegrityCheckThread:103 - End integrity checks thread
2024-06-20 14:38:01,236 [ERROR] LogOutputStream:75 - [STDERR_REDIRECT] SLF4J: Failed to load class "org.slf4j.impl.StaticLoggerBinder".
2024-06-20 14:38:01,236 [ERROR] LogOutputStream:75 - [STDERR_REDIRECT] SLF4J: Defaulting to no-operation (NOP) logger implementation
2024-06-20 14:38:01,236 [ERROR] LogOutputStream:75 - [STDERR_REDIRECT] SLF4J: See http://www.slf4j.org/codes.html#StaticLoggerBinder for further details.
2024-06-20 16:14:32,407 [ERROR] LogOutputStream:75 - [STDERR_REDIRECT] 
