2024-07-16 09:27:22,929 [ERROR] LogOutputStream:75 - [STDERR_REDIRECT] SWT SessionManagerDBus: Failed to UnregisterClient: GDBus.Error:org.freedesktop.DBus.Error.NoReply: Message recipient disconnected from message bus without replying
2024-07-16 12:00:20,070 [INFO] Activator:176 - 


2024-07-16 12:00:20,071 [INFO] Activator:177 - !SESSION log4j initialized
2024-07-16 12:00:22,753 [INFO] LogOutputStream:77 - [STDOUT_REDIRECT] 
2024-07-16 12:00:23,381 [INFO] ApplicationProperties:184 - Using Application install path: /home/frank/st/stm32cubeide_1.14.0/plugins/com.st.stm32cube.common.mx_6.11.1.202404110753
2024-07-16 12:00:23,390 [INFO] DbMcusXml:78 - Set database path to: /home/frank/st/stm32cubeide_1.14.0/plugins/com.st.stm32cube.common.mx_6.11.1.202404110753//db//mcu/
2024-07-16 12:00:23,391 [INFO] ApiDb:274 - Set plugin database path to: /home/frank/st/stm32cubeide_1.14.0/plugins/com.st.stm32cube.common.mx_6.11.1.202404110753//db//plugins/boardmanager/
2024-07-16 12:00:23,391 [WARN] ApiDb:259 - Overriding images path with different value:  => /home/frank/st/stm32cubeide_1.14.0/plugins/com.st.stm32cube.common.mx_6.11.1.202404110753//db//plugins/mcufinder/images/
2024-07-16 12:00:23,394 [INFO] ApiDb:250 - Set database path to: /home/frank/.stmcufinder/plugins/mcufinder//mcu/
2024-07-16 12:00:23,394 [INFO] DbMcusAds:125 - Set database path to: /home/frank/.stmcufinder/plugins/mcufinder//mcu/
2024-07-16 12:00:23,395 [INFO] CrossReferenceDbSqlite:203 - Set database path to: /home/frank/.stmcufinder/plugins/mcufinder//mcu/cs/
2024-07-16 12:00:23,468 [INFO] RulesReader:64 - Compatibility file has been processed (297 Rules)
2024-07-16 12:00:23,515 [INFO] DbMcusXml:78 - Set database path to: /home/frank/st/stm32cubeide_1.14.0/plugins/com.st.stm32cube.common.mx_6.11.1.202404110753//db//mcu/
2024-07-16 12:00:23,515 [INFO] ApiDb:274 - Set plugin database path to: /home/frank/st/stm32cubeide_1.14.0/plugins/com.st.stm32cube.common.mx_6.11.1.202404110753//db//plugins/boardmanager/
2024-07-16 12:00:23,515 [INFO] ApiDb:261 - Set plugin images path to: /home/frank/st/stm32cubeide_1.14.0/plugins/com.st.stm32cube.common.mx_6.11.1.202404110753//db//plugins/mcufinder/images/
2024-07-16 12:00:23,515 [WARN] DbFile:41 - Overriding database path with different value: /home/frank/.stmcufinder/plugins/mcufinder/ => /home/frank/.stmcufinder/plugins/mcufinder
2024-07-16 12:00:23,515 [INFO] ApiDb:250 - Set database path to: /home/frank/.stmcufinder/plugins/mcufinder//mcu/
2024-07-16 12:00:23,516 [WARN] DbFile:41 - Overriding database path with different value: /home/frank/.stmcufinder/plugins/mcufinder/ => /home/frank/.stmcufinder/plugins/mcufinder
2024-07-16 12:00:23,516 [INFO] DbMcusAds:125 - Set database path to: /home/frank/.stmcufinder/plugins/mcufinder//mcu/
2024-07-16 12:00:23,516 [WARN] DbFile:41 - Overriding database path with different value: /home/frank/.stmcufinder/plugins/mcufinder/ => /home/frank/.stmcufinder/plugins/mcufinder
2024-07-16 12:00:23,516 [WARN] DbFile:41 - Overriding database path with different value: /home/frank/.stmcufinder/plugins/mcufinder/ => /home/frank/.stmcufinder/plugins/mcufinder
2024-07-16 12:00:23,516 [INFO] CrossReferenceDbSqlite:203 - Set database path to: /home/frank/.stmcufinder/plugins/mcufinder//mcu/cs/
2024-07-16 12:00:23,558 [INFO] MainPanel:264 - HeapMemory: 268435456
2024-07-16 12:00:23,608 [INFO] DbMcusXml:78 - Set database path to: /home/frank/st/stm32cubeide_1.14.0/plugins/com.st.stm32cube.common.mx_6.11.1.202404110753//db//mcu/
2024-07-16 12:00:23,608 [INFO] ApiDb:274 - Set plugin database path to: /home/frank/st/stm32cubeide_1.14.0/plugins/com.st.stm32cube.common.mx_6.11.1.202404110753//db//plugins/boardmanager/
2024-07-16 12:00:23,608 [INFO] ApiDb:261 - Set plugin images path to: /home/frank/st/stm32cubeide_1.14.0/plugins/com.st.stm32cube.common.mx_6.11.1.202404110753//db//plugins/mcufinder/images/
2024-07-16 12:00:23,608 [WARN] DbFile:41 - Overriding database path with different value: /home/frank/.stmcufinder/plugins/mcufinder/ => /home/frank/.stmcufinder/plugins/mcufinder
2024-07-16 12:00:23,609 [INFO] ApiDb:250 - Set database path to: /home/frank/.stmcufinder/plugins/mcufinder//mcu/
2024-07-16 12:00:23,609 [WARN] DbFile:41 - Overriding database path with different value: /home/frank/.stmcufinder/plugins/mcufinder/ => /home/frank/.stmcufinder/plugins/mcufinder
2024-07-16 12:00:23,609 [INFO] DbMcusAds:125 - Set database path to: /home/frank/.stmcufinder/plugins/mcufinder//mcu/
2024-07-16 12:00:23,609 [WARN] DbFile:41 - Overriding database path with different value: /home/frank/.stmcufinder/plugins/mcufinder/ => /home/frank/.stmcufinder/plugins/mcufinder
2024-07-16 12:00:23,609 [WARN] DbFile:41 - Overriding database path with different value: /home/frank/.stmcufinder/plugins/mcufinder/ => /home/frank/.stmcufinder/plugins/mcufinder
2024-07-16 12:00:23,609 [INFO] CrossReferenceDbSqlite:203 - Set database path to: /home/frank/.stmcufinder/plugins/mcufinder//mcu/cs/
2024-07-16 12:00:23,620 [INFO] ApplicationProperties:184 - Using Application install path: /home/frank/st/stm32cubeide_1.14.0/plugins/com.st.stm32cube.common.mx_6.11.1.202404110753
2024-07-16 12:00:23,621 [INFO] PluginManage:196 - Search for loadable plugins [exclusion list=, ]
2024-07-16 12:00:23,622 [INFO] PluginManage:310 - Check plugin analytics
2024-07-16 12:00:23,705 [INFO] AnalyticsPlugin:253 - Accepted Software Licenses: 
2024-07-16 12:00:23,705 [INFO] AnalyticsPlugin:255 - Accepted CMSIS Pack Licenses: 
2024-07-16 12:00:23,705 [INFO] AnalyticsPlugin:257 - Accepted Firmware Licenses: FW.F4.1.28.0,FW.F4.1.27.0
2024-07-16 12:00:23,706 [INFO] PluginManage:359 - Loaded plugin analytics (category:tool,tabindex:-1)
2024-07-16 12:00:23,707 [INFO] PluginManage:310 - Check plugin cadmodel
2024-07-16 12:00:23,722 [INFO] CADModel:105 - Init CAD model plugin
2024-07-16 12:00:23,722 [INFO] PluginManage:359 - Loaded plugin cadmodel (category:power,tabindex:5)
2024-07-16 12:00:23,722 [INFO] PluginManage:310 - Check plugin clock
2024-07-16 12:00:23,728 [INFO] PluginManage:359 - Loaded plugin clock (category:base,tabindex:2)
2024-07-16 12:00:23,728 [INFO] PluginManage:310 - Check plugin ddr
2024-07-16 12:00:23,730 [INFO] PluginManage:359 - Loaded plugin ddr (category:tool,tabindex:6)
2024-07-16 12:00:23,730 [INFO] PluginManage:310 - Check plugin filemanager
2024-07-16 12:00:23,804 [INFO] PluginManage:359 - Loaded plugin filemanager (category:base,tabindex:10)
2024-07-16 12:00:23,804 [INFO] PluginManage:310 - Check plugin ipmanager
2024-07-16 12:00:23,807 [INFO] PluginManage:359 - Loaded plugin ipmanager (category:base,tabindex:5)
2024-07-16 12:00:23,807 [INFO] PluginManage:310 - Check plugin lpbam
2024-07-16 12:00:23,812 [INFO] PluginManage:359 - Loaded plugin lpbam (category:base,tabindex:0)
2024-07-16 12:00:23,812 [INFO] PluginManage:310 - Check plugin memorymap
2024-07-16 12:00:23,819 [INFO] PluginManage:359 - Loaded plugin memorymap (category:base,tabindex:4)
2024-07-16 12:00:23,819 [INFO] PluginManage:310 - Check plugin pinoutandconfiguration
2024-07-16 12:00:23,825 [INFO] PluginManage:359 - Loaded plugin pinoutandconfiguration (category:base,tabindex:1)
2024-07-16 12:00:23,825 [INFO] PluginManage:310 - Check plugin pinoutconfig
2024-07-16 12:00:23,870 [WARN] SupportedApi:132 - Cannot load RTOS API schema: s4s-elt-must-match.1: The content of 'definitions' must match (annotation?, (simpleType | complexType)?, (unique | key | keyref)*)). A problem was found starting at: attribute.
2024-07-16 12:00:23,940 [INFO] PluginManage:359 - Loaded plugin pinoutconfig (category:base,tabindex:0)
2024-07-16 12:00:23,940 [INFO] PluginManage:310 - Check plugin power
2024-07-16 12:00:23,946 [INFO] PluginManage:359 - Loaded plugin power (category:power,tabindex:4)
2024-07-16 12:00:23,946 [INFO] PluginManage:310 - Check plugin projectmanager
2024-07-16 12:00:23,958 [INFO] PluginManage:359 - Loaded plugin projectmanager (category:projectmanager,tabindex:3)
2024-07-16 12:00:23,958 [INFO] PluginManage:310 - Check plugin thirdparty
2024-07-16 12:00:24,026 [INFO] PluginManage:359 - Loaded plugin thirdparty (category:base,tabindex:-1)
2024-07-16 12:00:24,025 [WARN] IntegrityCheckThread:84 - waiting for thirdparty lock release [integrity check]
2024-07-16 12:00:24,026 [INFO] PluginManage:310 - Check plugin tools
2024-07-16 12:00:24,026 [INFO] IntegrityCheckThread:86 - entering critical section [integrity check]
2024-07-16 12:00:24,026 [INFO] ThirdPartyUpdaterWithRetryManager:70 - Updater plugin not ready yet. [1/15]
2024-07-16 12:00:24,027 [INFO] PluginManage:359 - Loaded plugin tools (category:base,tabindex:7)
2024-07-16 12:00:24,027 [INFO] PluginManage:310 - Check plugin tutovideos
2024-07-16 12:00:24,113 [INFO] PluginManage:359 - Loaded plugin tutovideos (category:base,tabindex:-1)
2024-07-16 12:00:24,113 [INFO] PluginManage:310 - Check plugin updater
2024-07-16 12:00:24,119 [INFO] PluginManage:359 - Loaded plugin updater (category:base,tabindex:12)
2024-07-16 12:00:24,119 [INFO] PluginManage:310 - Check plugin userauth
2024-07-16 12:00:24,122 [INFO] UserAuth:114 - Init User Auth plugin
2024-07-16 12:00:24,122 [INFO] PluginManage:359 - Loaded plugin userauth (category:base,tabindex:14)
2024-07-16 12:00:24,123 [INFO] PluginManage:283 - PluginManage : Loaded plugins [17]
2024-07-16 12:00:24,223 [INFO] PinOutPanel:1561 - setPackage(No Configuration,No Configuration)
2024-07-16 12:00:24,254 [INFO] CADModel:165 - CPN selected for project level
2024-07-16 12:00:24,254 [INFO] CADModel:114 - Register for checkConnection events
2024-07-16 12:00:24,259 [INFO] IPUIPlugin:80 - create IPUIPlugin
2024-07-16 12:00:24,260 [INFO] PluginManager:220 - loadIPPluginJar : add ucpd
2024-07-16 12:00:24,260 [INFO] IPUIPlugin:80 - create IPUIPlugin
2024-07-16 12:00:24,260 [INFO] PluginManager:220 - loadIPPluginJar : add ltdc
2024-07-16 12:00:24,263 [INFO] IPUIPlugin:80 - create IPUIPlugin
2024-07-16 12:00:24,265 [INFO] PluginManager:220 - loadIPPluginJar : add plateformsettings
2024-07-16 12:00:24,267 [INFO] IPUIPlugin:80 - create IPUIPlugin
2024-07-16 12:00:24,267 [INFO] PluginManager:220 - loadIPPluginJar : add hash
2024-07-16 12:00:24,268 [INFO] IPUIPlugin:80 - create IPUIPlugin
2024-07-16 12:00:24,268 [INFO] PluginManager:220 - loadIPPluginJar : add gfxmmu
2024-07-16 12:00:24,271 [INFO] IPUIPlugin:80 - create IPUIPlugin
2024-07-16 12:00:24,271 [INFO] PluginManager:220 - loadIPPluginJar : add stm32_wpan
2024-07-16 12:00:24,272 [INFO] IPUIPlugin:80 - create IPUIPlugin
2024-07-16 12:00:24,272 [INFO] PluginManager:220 - loadIPPluginJar : add ts
2024-07-16 12:00:24,272 [INFO] IPUIPlugin:80 - create IPUIPlugin
2024-07-16 12:00:24,272 [INFO] PluginManager:220 - loadIPPluginJar : add quadspi
2024-07-16 12:00:24,273 [INFO] IPUIPlugin:80 - create IPUIPlugin
2024-07-16 12:00:24,273 [INFO] PluginManager:220 - loadIPPluginJar : add usbx
2024-07-16 12:00:24,274 [INFO] IPUIPlugin:80 - create IPUIPlugin
2024-07-16 12:00:24,274 [INFO] PluginManager:220 - loadIPPluginJar : add aes
2024-07-16 12:00:24,276 [INFO] IPUIPlugin:80 - create IPUIPlugin
2024-07-16 12:00:24,276 [INFO] PluginManager:220 - loadIPPluginJar : add nvic
2024-07-16 12:00:24,279 [INFO] IPUIPlugin:80 - create IPUIPlugin
2024-07-16 12:00:24,279 [INFO] PluginManager:220 - loadIPPluginJar : add adc
2024-07-16 12:00:24,280 [INFO] IPUIPlugin:80 - create IPUIPlugin
2024-07-16 12:00:24,280 [INFO] PluginManager:220 - loadIPPluginJar : add cryp
2024-07-16 12:00:24,282 [INFO] IPUIPlugin:80 - create IPUIPlugin
2024-07-16 12:00:24,282 [INFO] PluginManager:220 - loadIPPluginJar : add touchsensing
2024-07-16 12:00:24,284 [INFO] IPUIPlugin:80 - create IPUIPlugin
2024-07-16 12:00:24,284 [INFO] PluginManager:220 - loadIPPluginJar : add fmc
2024-07-16 12:00:24,285 [INFO] IPUIPlugin:80 - create IPUIPlugin
2024-07-16 12:00:24,285 [INFO] PluginManager:220 - loadIPPluginJar : add openamp
2024-07-16 12:00:24,289 [INFO] IPUIPlugin:80 - create IPUIPlugin
2024-07-16 12:00:24,289 [INFO] PluginManager:220 - loadIPPluginJar : add linkedlist
2024-07-16 12:00:24,289 [INFO] IPUIPlugin:80 - create IPUIPlugin
2024-07-16 12:00:24,289 [INFO] PluginManager:220 - loadIPPluginJar : add tracer_emb
2024-07-16 12:00:24,292 [INFO] IPUIPlugin:80 - create IPUIPlugin
2024-07-16 12:00:24,292 [INFO] PluginManager:220 - loadIPPluginJar : add dma
2024-07-16 12:00:24,294 [INFO] IPUIPlugin:80 - create IPUIPlugin
2024-07-16 12:00:24,294 [INFO] PluginManager:220 - loadIPPluginJar : add sai
2024-07-16 12:00:24,297 [INFO] IPUIPlugin:80 - create IPUIPlugin
2024-07-16 12:00:24,297 [INFO] PluginManager:220 - loadIPPluginJar : add freertos
2024-07-16 12:00:24,300 [INFO] IPUIPlugin:80 - create IPUIPlugin
2024-07-16 12:00:24,300 [INFO] PluginManager:220 - loadIPPluginJar : add mdma
2024-07-16 12:00:24,300 [INFO] IPUIPlugin:80 - create IPUIPlugin
2024-07-16 12:00:24,300 [INFO] PluginManager:220 - loadIPPluginJar : add genericplugin
2024-07-16 12:00:24,301 [INFO] IPUIPlugin:80 - create IPUIPlugin
2024-07-16 12:00:24,301 [INFO] PluginManager:220 - loadIPPluginJar : add tsc
2024-07-16 12:00:24,302 [INFO] IPUIPlugin:80 - create IPUIPlugin
2024-07-16 12:00:24,303 [INFO] PluginManager:220 - loadIPPluginJar : add pdm2pcm
2024-07-16 12:00:24,304 [INFO] IPUIPlugin:80 - create IPUIPlugin
2024-07-16 12:00:24,304 [INFO] PluginManager:220 - loadIPPluginJar : add fatfs
2024-07-16 12:00:24,305 [INFO] IPUIPlugin:80 - create IPUIPlugin
2024-07-16 12:00:24,305 [INFO] PluginManager:220 - loadIPPluginJar : add can
2024-07-16 12:00:24,306 [INFO] IPUIPlugin:80 - create IPUIPlugin
2024-07-16 12:00:24,306 [INFO] PluginManager:220 - loadIPPluginJar : add i3c
2024-07-16 12:00:24,307 [INFO] IPUIPlugin:80 - create IPUIPlugin
2024-07-16 12:00:24,307 [INFO] PluginManager:220 - loadIPPluginJar : add i2s
2024-07-16 12:00:24,308 [INFO] IPUIPlugin:80 - create IPUIPlugin
2024-07-16 12:00:24,308 [INFO] PluginManager:220 - loadIPPluginJar : add i2c
2024-07-16 12:00:24,309 [INFO] IPUIPlugin:80 - create IPUIPlugin
2024-07-16 12:00:24,309 [INFO] PluginManager:220 - loadIPPluginJar : add spi
2024-07-16 12:00:24,309 [INFO] IPUIPlugin:80 - create IPUIPlugin
2024-07-16 12:00:24,309 [INFO] PluginManager:220 - loadIPPluginJar : add dfsdm
2024-07-16 12:00:24,310 [INFO] IPUIPlugin:80 - create IPUIPlugin
2024-07-16 12:00:24,310 [INFO] PluginManager:220 - loadIPPluginJar : add tim
2024-07-16 12:00:24,311 [INFO] IPUIPlugin:80 - create IPUIPlugin
2024-07-16 12:00:24,311 [INFO] PluginManager:220 - loadIPPluginJar : add opamp
2024-07-16 12:00:24,312 [INFO] IPUIPlugin:80 - create IPUIPlugin
2024-07-16 12:00:24,313 [INFO] PluginManager:220 - loadIPPluginJar : add dma3
2024-07-16 12:00:24,314 [INFO] IPUIPlugin:80 - create IPUIPlugin
2024-07-16 12:00:24,314 [INFO] PluginManager:220 - loadIPPluginJar : add ipddr
2024-07-16 12:00:24,315 [INFO] IPUIPlugin:80 - create IPUIPlugin
2024-07-16 12:00:24,315 [INFO] PluginManager:220 - loadIPPluginJar : add comp
2024-07-16 12:00:24,316 [INFO] IPUIPlugin:80 - create IPUIPlugin
2024-07-16 12:00:24,317 [INFO] PluginManager:220 - loadIPPluginJar : add resmgrutility
2024-07-16 12:00:24,318 [INFO] IPUIPlugin:80 - create IPUIPlugin
2024-07-16 12:00:24,318 [INFO] PluginManager:220 - loadIPPluginJar : add extmemmanager
2024-07-16 12:00:24,319 [INFO] IPUIPlugin:80 - create IPUIPlugin
2024-07-16 12:00:24,319 [INFO] PluginManager:220 - loadIPPluginJar : add gtzc
2024-07-16 12:00:24,321 [INFO] IPUIPlugin:80 - create IPUIPlugin
2024-07-16 12:00:24,321 [INFO] PluginManager:220 - loadIPPluginJar : add gpio
2024-07-16 12:00:24,323 [INFO] IPUIPlugin:80 - create IPUIPlugin
2024-07-16 12:00:24,323 [INFO] PluginManager:220 - loadIPPluginJar : add usart
2024-07-16 12:00:24,324 [INFO] IPUIPlugin:80 - create IPUIPlugin
2024-07-16 12:00:24,324 [INFO] PluginManager:220 - loadIPPluginJar : add lorawan
2024-07-16 12:00:24,326 [INFO] IPUIPlugin:80 - create IPUIPlugin
2024-07-16 12:00:24,326 [INFO] PluginManager:220 - loadIPPluginJar : add gic
2024-07-16 12:00:24,414 [INFO] CADModel:165 - CPN selected for project level
2024-07-16 12:00:24,414 [INFO] CADModel:114 - Register for checkConnection events
2024-07-16 12:00:24,414 [FATAL] Updater:308 - Updater called before beeing initialized
2024-07-16 12:00:24,414 [ERROR] CADModel:125 - Updater not yet initialized, retry later 
2024-07-16 12:00:24,479 [INFO] CADModel:165 - CPN selected for project level
2024-07-16 12:00:24,479 [INFO] CADModel:114 - Register for checkConnection events
2024-07-16 12:00:24,479 [FATAL] Updater:308 - Updater called before beeing initialized
2024-07-16 12:00:24,479 [ERROR] CADModel:125 - Updater not yet initialized, retry later 
2024-07-16 12:00:24,481 [FATAL] Updater:308 - Updater called before beeing initialized
2024-07-16 12:00:24,520 [FATAL] Updater:308 - Updater called before beeing initialized
2024-07-16 12:00:24,522 [INFO] DbMcusAds:53 - JSON generation date=Thu May 16 11:22:00 CEST 2024 (1715851320852)
2024-07-16 12:00:24,522 [FATAL] Updater:308 - Updater called before beeing initialized
2024-07-16 12:00:24,542 [WARN] DetailPanel:346 - Failed to get advertising image, set to default
2024-07-16 12:00:24,600 [FATAL] Updater:308 - Updater called before beeing initialized
2024-07-16 12:00:24,601 [FATAL] Updater:308 - Updater called before beeing initialized
2024-07-16 12:00:24,601 [FATAL] Updater:308 - Updater called before beeing initialized
2024-07-16 12:00:24,601 [WARN] DetailPanel:346 - Failed to get advertising image, set to default
2024-07-16 12:00:24,602 [FATAL] Updater:308 - Updater called before beeing initialized
2024-07-16 12:00:24,629 [ERROR] Updater:1120 - MainUpdater not yet initialized. External WinMGr cannot be set.
2024-07-16 12:00:24,630 [INFO] Updater:1056 - Updater Version found : 6.11.1
2024-07-16 12:00:24,642 [INFO] ApplicationProperties:184 - Using Application install path: /home/frank/st/stm32cubeide_1.14.0/plugins/com.st.stm32cube.common.mx_6.11.1.202404110753
2024-07-16 12:00:24,887 [INFO] MainUpdater:2873 - connection check result : 10
2024-07-16 12:00:24,888 [INFO] MainUpdater:290 - Updater Check For Update Now.
2024-07-16 12:00:24,888 [INFO] MicroXplorer:498 - Change Database Version : DB.6.0.111
2024-07-16 12:00:24,890 [INFO] McuFinderGlobals:63 - Set McuFinder mode to 2 (CubeIDE integrated)
2024-07-16 12:00:24,893 [INFO] UserAuth:415 - Internet connection configuration mode: 1
2024-07-16 12:00:24,901 [INFO] JxBrowserEngine:152 - Initiate JxBrowser Engine with user profile folder
2024-07-16 12:00:25,039 [INFO] CheckServerUpdateThread:120 - End of CheckServer Thread
2024-07-16 12:00:25,411 [INFO] WebApp:161 - Instantiating new browser for Auth
2024-07-16 12:00:25,764 [INFO] WebApp:779 - Register for checkConnection events
2024-07-16 12:00:25,764 [INFO] WebApp:414 - Apply proxy settings
2024-07-16 12:00:25,764 [INFO] WebApp:499 - Chromium requires no authentication
2024-07-16 12:00:25,768 [INFO] WebApp:442 - Direct internet connection detected
2024-07-16 12:00:25,847 [INFO] WebApp:192 - Starting web application
2024-07-16 12:00:25,847 [INFO] WebApp:544 - Web application path used /home/frank/st/stm32cubeide_1.14.0/plugins/com.st.stm32cube.common.mx_6.11.1.202404110753/db/plugins/mcufinder/reactClient1/index.html
2024-07-16 12:00:27,092 [WARN] PackLoader:240 - Cannot read IP mode file for STMicroelectronics.FP-SNS-MOTENVWB1.1.4.0
2024-07-16 12:00:27,097 [WARN] PackLoader:240 - Cannot read IP mode file for STMicroelectronics.X-CUBE-SMBUS.2.1.0
2024-07-16 12:00:27,099 [WARN] PackLoader:240 - Cannot read IP mode file for STMicroelectronics.X-CUBE-TOUCHGFX.4.23.2
2024-07-16 12:00:27,114 [WARN] PackLoader:240 - Cannot read IP mode file for STMicroelectronics.X-CUBE-AZRTOS-F7.1.1.0
2024-07-16 12:00:27,120 [WARN] PackLoader:240 - Cannot read IP mode file for STMicroelectronics.FP-SNS-MOTENV1.4.3.2
2024-07-16 12:00:27,123 [WARN] PackLoader:240 - Cannot read IP mode file for STMicroelectronics.FP-SNS-FLIGHT1.5.0.2
2024-07-16 12:00:27,127 [WARN] PackLoader:240 - Cannot read IP mode file for STMicroelectronics.X-CUBE-DISPLAY.3.0.0
2024-07-16 12:00:27,133 [WARN] PackLoader:240 - Cannot read IP mode file for STMicroelectronics.X-CUBE-BLE1.7.0.0
2024-07-16 12:00:27,136 [WARN] PackLoader:240 - Cannot read IP mode file for emotas.I-CUBE-CANOPEN.1.3.0
2024-07-16 12:00:27,141 [WARN] PackLoader:240 - Cannot read IP mode file for STMicroelectronics.X-CUBE-BLEMGR.3.1.0
2024-07-16 12:00:27,145 [WARN] PackLoader:240 - Cannot read IP mode file for STMicroelectronics.FP-SNS-SMARTAG2.1.2.0
2024-07-16 12:00:27,151 [INFO] LogOutputStream:77 - [STDOUT_REDIRECT] 1 : Invalid condition id : UX_CORESTACK_Condition cause : null
2024-07-16 12:00:27,152 [INFO] LogOutputStream:77 - [STDOUT_REDIRECT] 1 : Invalid condition id : UX_CORESTACK_Condition cause : null
2024-07-16 12:00:27,152 [INFO] LogOutputStream:77 - [STDOUT_REDIRECT] 1 : Invalid condition id : UX_CORESTACK_Condition cause : null
2024-07-16 12:00:27,152 [INFO] LogOutputStream:77 - [STDOUT_REDIRECT] 1 : Invalid condition id : UX_CORESTACK_Condition cause : null
2024-07-16 12:00:27,152 [INFO] LogOutputStream:77 - [STDOUT_REDIRECT] 1 : Invalid condition id : UX_CORESTACK_Condition cause : null
2024-07-16 12:00:27,154 [WARN] PackLoader:240 - Cannot read IP mode file for STMicroelectronics.X-CUBE-AZRTOS-WL.2.0.0
2024-07-16 12:00:27,158 [WARN] PackLoader:240 - Cannot read IP mode file for STMicroelectronics.FP-SNS-MOTENV1.5.0.0
2024-07-16 12:00:27,161 [WARN] PackLoader:240 - Cannot read IP mode file for wolfSSL.I-CUBE-wolfMQTT.1.19.0
2024-07-16 12:00:27,165 [WARN] PackLoader:240 - Cannot read IP mode file for WES.I-CUBE-Cesium.1.3.0
2024-07-16 12:00:27,169 [WARN] PackLoader:240 - Cannot read IP mode file for STMicroelectronics.X-CUBE-BLE2.3.3.0
2024-07-16 12:00:27,172 [WARN] PackLoader:240 - Cannot read IP mode file for STMicroelectronics.X-CUBE-TCPP.4.1.0
2024-07-16 12:00:27,183 [WARN] PackLoader:240 - Cannot read IP mode file for STMicroelectronics.X-CUBE-AZRTOS-G0.1.1.0
2024-07-16 12:00:27,188 [WARN] PackLoader:240 - Cannot read IP mode file for STMicroelectronics.X-CUBE-SAFEA1.1.2.2
2024-07-16 12:00:27,191 [WARN] PackLoader:240 - Cannot read IP mode file for STMicroelectronics.X-CUBE-NFC4.3.0.0
2024-07-16 12:00:27,192 [WARN] PackLoader:240 - Cannot read IP mode file for wolfSSL.I-CUBE-wolfMQTT.1.18.0
2024-07-16 12:00:27,197 [WARN] PackLoader:240 - Cannot read IP mode file for EmbeddedOffice.I-CUBE-FS-RTOS.1.0.1
2024-07-16 12:00:27,197 [ERROR] ConditionMgr:805 - Attr not supported : Dmpu
2024-07-16 12:00:27,197 [ERROR] ConditionMgr:805 - Attr not supported : Dmpu
2024-07-16 12:00:27,197 [ERROR] ConditionMgr:805 - Attr not supported : Dmpu
2024-07-16 12:00:27,197 [ERROR] ConditionMgr:805 - Attr not supported : Dmpu
2024-07-16 12:00:27,197 [ERROR] ConditionMgr:805 - Attr not supported : Dmpu
2024-07-16 12:00:27,197 [ERROR] ConditionMgr:805 - Attr not supported : Dmpu
2024-07-16 12:00:27,197 [ERROR] ConditionMgr:805 - Attr not supported : Dmpu
2024-07-16 12:00:27,197 [ERROR] ConditionMgr:805 - Attr not supported : Dmpu
2024-07-16 12:00:27,197 [ERROR] ConditionMgr:805 - Attr not supported : Dmpu
2024-07-16 12:00:27,197 [ERROR] ConditionMgr:805 - Attr not supported : Dmpu
2024-07-16 12:00:27,197 [ERROR] ConditionMgr:805 - Attr not supported : Dmpu
2024-07-16 12:00:27,197 [ERROR] ConditionMgr:805 - Attr not supported : Dmpu
2024-07-16 12:00:27,197 [ERROR] ConditionMgr:805 - Attr not supported : Dmpu
2024-07-16 12:00:27,197 [ERROR] ConditionMgr:805 - Attr not supported : Dmpu
2024-07-16 12:00:27,198 [ERROR] ConditionMgr:805 - Attr not supported : Dmpu
2024-07-16 12:00:27,198 [ERROR] ConditionMgr:805 - Attr not supported : Dmpu
2024-07-16 12:00:27,198 [ERROR] ConditionMgr:805 - Attr not supported : Dmpu
2024-07-16 12:00:27,198 [ERROR] ConditionMgr:805 - Attr not supported : Dmpu
2024-07-16 12:00:27,198 [ERROR] ConditionMgr:805 - Attr not supported : Dmpu
2024-07-16 12:00:27,198 [ERROR] ConditionMgr:805 - Attr not supported : Dmpu
2024-07-16 12:00:27,198 [ERROR] ConditionMgr:805 - Attr not supported : Dmpu
2024-07-16 12:00:27,198 [ERROR] ConditionMgr:805 - Attr not supported : Dmpu
2024-07-16 12:00:27,198 [ERROR] ConditionMgr:805 - Attr not supported : Dmpu
2024-07-16 12:00:27,198 [ERROR] ConditionMgr:805 - Attr not supported : Dmpu
2024-07-16 12:00:27,198 [ERROR] ConditionMgr:805 - Attr not supported : Dmpu
2024-07-16 12:00:27,198 [ERROR] ConditionMgr:805 - Attr not supported : Dmpu
2024-07-16 12:00:27,198 [ERROR] ConditionMgr:805 - Attr not supported : Dmpu
2024-07-16 12:00:27,198 [ERROR] ConditionMgr:805 - Attr not supported : Dmpu
2024-07-16 12:00:27,198 [ERROR] ConditionMgr:805 - Attr not supported : Dmpu
2024-07-16 12:00:27,198 [ERROR] ConditionMgr:805 - Attr not supported : Dmpu
2024-07-16 12:00:27,198 [ERROR] ConditionMgr:805 - Attr not supported : Dmpu
2024-07-16 12:00:27,198 [ERROR] ConditionMgr:805 - Attr not supported : Dmpu
2024-07-16 12:00:27,198 [ERROR] ConditionMgr:805 - Attr not supported : Dmpu
2024-07-16 12:00:27,199 [ERROR] ConditionMgr:805 - Attr not supported : Dmpu
2024-07-16 12:00:27,199 [ERROR] ConditionMgr:805 - Attr not supported : Dmpu
2024-07-16 12:00:27,199 [ERROR] ConditionMgr:805 - Attr not supported : Dmpu
2024-07-16 12:00:27,199 [ERROR] ConditionMgr:805 - Attr not supported : Dmpu
2024-07-16 12:00:27,199 [ERROR] ConditionMgr:805 - Attr not supported : Dmpu
2024-07-16 12:00:27,199 [ERROR] ConditionMgr:805 - Attr not supported : Dmpu
2024-07-16 12:00:27,199 [ERROR] ConditionMgr:805 - Attr not supported : Dmpu
2024-07-16 12:00:27,199 [ERROR] ConditionMgr:805 - Attr not supported : Dmpu
2024-07-16 12:00:27,199 [ERROR] ConditionMgr:805 - Attr not supported : Dmpu
2024-07-16 12:00:27,199 [ERROR] ConditionMgr:805 - Attr not supported : Dmpu
2024-07-16 12:00:27,199 [ERROR] ConditionMgr:805 - Attr not supported : Dmpu
2024-07-16 12:00:27,199 [ERROR] ConditionMgr:805 - Attr not supported : Dmpu
2024-07-16 12:00:27,199 [ERROR] ConditionMgr:805 - Attr not supported : Dmpu
2024-07-16 12:00:27,199 [ERROR] ConditionMgr:805 - Attr not supported : Dmpu
2024-07-16 12:00:27,199 [ERROR] ConditionMgr:805 - Attr not supported : Dmpu
2024-07-16 12:00:27,199 [ERROR] ConditionMgr:805 - Attr not supported : Dmpu
2024-07-16 12:00:27,199 [ERROR] ConditionMgr:805 - Attr not supported : Dmpu
2024-07-16 12:00:27,200 [ERROR] ConditionMgr:805 - Attr not supported : Dmpu
2024-07-16 12:00:27,200 [ERROR] ConditionMgr:805 - Attr not supported : Dmpu
2024-07-16 12:00:27,200 [ERROR] ConditionMgr:805 - Attr not supported : Dmpu
2024-07-16 12:00:27,200 [ERROR] ConditionMgr:805 - Attr not supported : Dmpu
2024-07-16 12:00:27,200 [ERROR] ConditionMgr:805 - Attr not supported : Dmpu
2024-07-16 12:00:27,200 [ERROR] ConditionMgr:805 - Attr not supported : Dmpu
2024-07-16 12:00:27,200 [ERROR] ConditionMgr:805 - Attr not supported : Dmpu
2024-07-16 12:00:27,200 [ERROR] ConditionMgr:805 - Attr not supported : Dmpu
2024-07-16 12:00:27,200 [ERROR] ConditionMgr:805 - Attr not supported : Dmpu
2024-07-16 12:00:27,200 [ERROR] ConditionMgr:805 - Attr not supported : Dmpu
2024-07-16 12:00:27,200 [ERROR] ConditionMgr:805 - Attr not supported : Dmpu
2024-07-16 12:00:27,200 [ERROR] ConditionMgr:805 - Attr not supported : Dmpu
2024-07-16 12:00:27,200 [ERROR] ConditionMgr:805 - Attr not supported : Dmpu
2024-07-16 12:00:27,200 [ERROR] ConditionMgr:805 - Attr not supported : Dmpu
2024-07-16 12:00:27,203 [WARN] PackLoader:240 - Cannot read IP mode file for RealThread.X-CUBE-RT-Thread_Nano.4.1.1
2024-07-16 12:00:27,205 [WARN] PackLoader:240 - Cannot read IP mode file for wolfSSL.I-CUBE-wolfSSL.5.7.0
2024-07-16 12:00:27,206 [WARN] PackLoader:240 - Cannot read IP mode file for STMicroelectronics.FP-ATR-SIGFOX1.3.2.0
2024-07-16 12:00:27,209 [WARN] PackLoader:240 - Cannot read IP mode file for STMicroelectronics.X-CUBE-EEPRMA1.5.1.0
2024-07-16 12:00:27,213 [WARN] PackLoader:240 - Cannot read IP mode file for ITTIA_DB.I-CUBE-ITTIADB.8.9.0
2024-07-16 12:00:27,232 [WARN] PackLoader:240 - Cannot read IP mode file for SEGGER.I-CUBE-embOS.1.3.1
2024-07-16 12:00:27,262 [WARN] PackLoader:240 - Cannot read IP mode file for STMicroelectronics.X-CUBE-ALGOBUILD.1.4.0
2024-07-16 12:00:27,266 [WARN] PackLoader:240 - Cannot read IP mode file for STMicroelectronics.X-CUBE-GNSS1.6.0.0
2024-07-16 12:00:27,277 [WARN] PackLoader:240 - Cannot read IP mode file for STMicroelectronics.X-CUBE-AZRTOS-F4.1.1.0
2024-07-16 12:00:27,294 [WARN] PackLoader:240 - Cannot read IP mode file for STMicroelectronics.X-CUBE-FREERTOS.1.2.0
2024-07-16 12:00:27,306 [WARN] PackLoader:240 - Cannot read IP mode file for STMicroelectronics.X-CUBE-AZRTOS-L5.2.0.0
2024-07-16 12:00:27,313 [WARN] PackLoader:240 - Cannot read IP mode file for STMicroelectronics.X-CUBE-NFC6.3.1.0
2024-07-16 12:00:27,321 [WARN] PackLoader:240 - Cannot read IP mode file for STMicroelectronics.X-CUBE-DPower.1.2.0
2024-07-16 12:00:27,324 [WARN] PackLoader:240 - Cannot read IP mode file for STMicroelectronics.X-CUBE-AI.9.0.0
2024-07-16 12:00:27,327 [WARN] PackLoader:240 - Cannot read IP mode file for STMicroelectronics.X-CUBE-NFC7.1.0.1
2024-07-16 12:00:27,330 [WARN] PackLoader:240 - Cannot read IP mode file for wolfSSL.I-CUBE-wolfTPM.3.2.0
2024-07-16 12:00:27,332 [WARN] PackLoader:240 - Cannot read IP mode file for STMicroelectronics.X-CUBE-AI.8.1.0
2024-07-16 12:00:27,346 [WARN] ConditionMgr:438 - getConditionDescription Invalid condition id : LAN8742 Phy interface Condition cause : null
2024-07-16 12:00:27,346 [WARN] PackLoader:240 - Cannot read IP mode file for STMicroelectronics.X-CUBE-AZRTOS-L4.2.0.0
2024-07-16 12:00:27,348 [WARN] ConditionMgr:1039 - genDependencies : Invalid condition id : LAN8742 Phy interface Condition cause : null
2024-07-16 12:00:27,348 [WARN] ConditionMgr:1039 - genDependencies : Invalid condition id : LAN8742 Phy interface Condition cause : null
2024-07-16 12:00:27,348 [WARN] ConditionMgr:1039 - genDependencies : Invalid condition id : LAN8742 Phy interface Condition cause : null
2024-07-16 12:00:27,354 [WARN] PackLoader:240 - Cannot read IP mode file for STMicroelectronics.X-CUBE-SFXS2LP1.4.0.0
2024-07-16 12:00:27,363 [WARN] ConditionMgr:438 - getConditionDescription Invalid condition id : UX DEVICE CLASS RTOS Condition cause : null
2024-07-16 12:00:27,364 [WARN] ConditionMgr:438 - getConditionDescription Invalid condition id : UX DEVICE CLASS RTOS Condition cause : null
2024-07-16 12:00:27,365 [WARN] PackLoader:240 - Cannot read IP mode file for STMicroelectronics.X-CUBE-AZRTOS-WB.2.0.0
2024-07-16 12:00:27,365 [WARN] ConditionMgr:1039 - genDependencies : Invalid condition id : UX DEVICE CLASS RTOS Condition cause : null
2024-07-16 12:00:27,365 [WARN] ConditionMgr:1039 - genDependencies : Invalid condition id : UX DEVICE CLASS RTOS Condition cause : null
2024-07-16 12:00:27,365 [WARN] ConditionMgr:1039 - genDependencies : Invalid condition id : UX DEVICE CLASS RTOS Condition cause : null
2024-07-16 12:00:27,366 [WARN] ConditionMgr:1039 - genDependencies : Invalid condition id : UX DEVICE CLASS RTOS Condition cause : null
2024-07-16 12:00:27,366 [WARN] ConditionMgr:1039 - genDependencies : Invalid condition id : UX DEVICE CLASS RTOS Condition cause : null
2024-07-16 12:00:27,372 [WARN] PackLoader:240 - Cannot read IP mode file for STMicroelectronics.X-CUBE-SUBG2.5.0.0
2024-07-16 12:00:27,380 [WARN] PackLoader:240 - Cannot read IP mode file for Cesanta.I-CUBE-Mongoose.7.13.0
2024-07-16 12:00:27,387 [WARN] PackLoader:240 - Cannot read IP mode file for STMicroelectronics.X-CUBE-AZRTOS-G4.2.0.0
2024-07-16 12:00:27,390 [WARN] PackLoader:240 - Cannot read IP mode file for STMicroelectronics.FP-SNS-MOTENVWB1.1.3.1
2024-07-16 12:00:27,392 [WARN] PackLoader:240 - Cannot read IP mode file for STMicroelectronics.X-CUBE-ISPU.2.0.0
2024-07-16 12:00:27,394 [WARN] PackLoader:240 - Cannot read IP mode file for STMicroelectronics.X-CUBE-ALS.1.0.2
2024-07-16 12:00:27,414 [WARN] PackLoader:240 - Cannot read IP mode file for STMicroelectronics.X-CUBE-MEMS1.10.0.0
2024-07-16 12:00:27,475 [WARN] PackLoader:240 - Cannot read IP mode file for STMicroelectronics.X-CUBE-TOUCHGFX.4.24.0
2024-07-16 12:00:27,477 [WARN] PackLoader:240 - Cannot read IP mode file for portGmbH.I-Cube-SoM-uGOAL.1.1.0
2024-07-16 12:00:27,480 [WARN] PackLoader:240 - Cannot read IP mode file for STMicroelectronics.X-CUBE-ALS.1.0.1
2024-07-16 12:00:27,491 [WARN] PackLoader:240 - Cannot read IP mode file for STMicroelectronics.X-CUBE-AZRTOS-H7RS.1.0.0
2024-07-16 12:00:27,494 [WARN] PackLoader:240 - Cannot read IP mode file for STMicroelectronics.FP-ATR-ASTRA1.2.0.0
2024-07-16 12:00:27,499 [WARN] PackLoader:240 - Cannot read IP mode file for STMicroelectronics.X-CUBE-TOF1.3.4.1
2024-07-16 12:00:27,513 [WARN] PackLoader:240 - Cannot read IP mode file for STMicroelectronics.X-CUBE-AZRTOS-H7.3.2.0
2024-07-16 12:00:27,529 [WARN] PackLoader:240 - Cannot read IP mode file for Infineon.AIROC-Wi-Fi-Bluetooth-STM32.1.6.0
2024-07-16 12:00:27,534 [INFO] ThirdParty:978 - Integrity check success = true
2024-07-16 12:00:27,534 [INFO] IntegrityCheckThread:100 - exiting critical section [integrity check]
2024-07-16 12:00:27,534 [INFO] IntegrityCheckThread:103 - End integrity checks thread
2024-07-16 13:35:44,978 [ERROR] LogOutputStream:75 - [STDERR_REDIRECT] 
2024-07-16 13:37:16,082 [INFO] Activator:176 - 


2024-07-16 13:37:16,084 [INFO] Activator:177 - !SESSION log4j initialized
2024-07-16 13:37:19,100 [INFO] LogOutputStream:77 - [STDOUT_REDIRECT] 
2024-07-16 13:37:20,001 [INFO] ApplicationProperties:184 - Using Application install path: /home/frank/st/stm32cubeide_1.14.0/plugins/com.st.stm32cube.common.mx_6.11.1.202404110753
2024-07-16 13:37:20,013 [INFO] DbMcusXml:78 - Set database path to: /home/frank/st/stm32cubeide_1.14.0/plugins/com.st.stm32cube.common.mx_6.11.1.202404110753//db//mcu/
2024-07-16 13:37:20,014 [INFO] ApiDb:274 - Set plugin database path to: /home/frank/st/stm32cubeide_1.14.0/plugins/com.st.stm32cube.common.mx_6.11.1.202404110753//db//plugins/boardmanager/
2024-07-16 13:37:20,014 [WARN] ApiDb:259 - Overriding images path with different value:  => /home/frank/st/stm32cubeide_1.14.0/plugins/com.st.stm32cube.common.mx_6.11.1.202404110753//db//plugins/mcufinder/images/
2024-07-16 13:37:20,018 [INFO] ApiDb:250 - Set database path to: /home/frank/.stmcufinder/plugins/mcufinder//mcu/
2024-07-16 13:37:20,019 [INFO] DbMcusAds:125 - Set database path to: /home/frank/.stmcufinder/plugins/mcufinder//mcu/
2024-07-16 13:37:20,020 [INFO] CrossReferenceDbSqlite:203 - Set database path to: /home/frank/.stmcufinder/plugins/mcufinder//mcu/cs/
2024-07-16 13:37:20,097 [INFO] RulesReader:64 - Compatibility file has been processed (297 Rules)
2024-07-16 13:37:20,147 [INFO] DbMcusXml:78 - Set database path to: /home/frank/st/stm32cubeide_1.14.0/plugins/com.st.stm32cube.common.mx_6.11.1.202404110753//db//mcu/
2024-07-16 13:37:20,148 [INFO] ApiDb:274 - Set plugin database path to: /home/frank/st/stm32cubeide_1.14.0/plugins/com.st.stm32cube.common.mx_6.11.1.202404110753//db//plugins/boardmanager/
2024-07-16 13:37:20,148 [INFO] ApiDb:261 - Set plugin images path to: /home/frank/st/stm32cubeide_1.14.0/plugins/com.st.stm32cube.common.mx_6.11.1.202404110753//db//plugins/mcufinder/images/
2024-07-16 13:37:20,148 [WARN] DbFile:41 - Overriding database path with different value: /home/frank/.stmcufinder/plugins/mcufinder/ => /home/frank/.stmcufinder/plugins/mcufinder
2024-07-16 13:37:20,148 [INFO] ApiDb:250 - Set database path to: /home/frank/.stmcufinder/plugins/mcufinder//mcu/
2024-07-16 13:37:20,148 [WARN] DbFile:41 - Overriding database path with different value: /home/frank/.stmcufinder/plugins/mcufinder/ => /home/frank/.stmcufinder/plugins/mcufinder
2024-07-16 13:37:20,148 [INFO] DbMcusAds:125 - Set database path to: /home/frank/.stmcufinder/plugins/mcufinder//mcu/
2024-07-16 13:37:20,149 [WARN] DbFile:41 - Overriding database path with different value: /home/frank/.stmcufinder/plugins/mcufinder/ => /home/frank/.stmcufinder/plugins/mcufinder
2024-07-16 13:37:20,149 [WARN] DbFile:41 - Overriding database path with different value: /home/frank/.stmcufinder/plugins/mcufinder/ => /home/frank/.stmcufinder/plugins/mcufinder
2024-07-16 13:37:20,149 [INFO] CrossReferenceDbSqlite:203 - Set database path to: /home/frank/.stmcufinder/plugins/mcufinder//mcu/cs/
2024-07-16 13:37:20,198 [INFO] MainPanel:264 - HeapMemory: 268435456
2024-07-16 13:37:20,262 [INFO] DbMcusXml:78 - Set database path to: /home/frank/st/stm32cubeide_1.14.0/plugins/com.st.stm32cube.common.mx_6.11.1.202404110753//db//mcu/
2024-07-16 13:37:20,263 [INFO] ApiDb:274 - Set plugin database path to: /home/frank/st/stm32cubeide_1.14.0/plugins/com.st.stm32cube.common.mx_6.11.1.202404110753//db//plugins/boardmanager/
2024-07-16 13:37:20,263 [INFO] ApiDb:261 - Set plugin images path to: /home/frank/st/stm32cubeide_1.14.0/plugins/com.st.stm32cube.common.mx_6.11.1.202404110753//db//plugins/mcufinder/images/
2024-07-16 13:37:20,263 [WARN] DbFile:41 - Overriding database path with different value: /home/frank/.stmcufinder/plugins/mcufinder/ => /home/frank/.stmcufinder/plugins/mcufinder
2024-07-16 13:37:20,263 [INFO] ApiDb:250 - Set database path to: /home/frank/.stmcufinder/plugins/mcufinder//mcu/
2024-07-16 13:37:20,263 [WARN] DbFile:41 - Overriding database path with different value: /home/frank/.stmcufinder/plugins/mcufinder/ => /home/frank/.stmcufinder/plugins/mcufinder
2024-07-16 13:37:20,263 [INFO] DbMcusAds:125 - Set database path to: /home/frank/.stmcufinder/plugins/mcufinder//mcu/
2024-07-16 13:37:20,264 [WARN] DbFile:41 - Overriding database path with different value: /home/frank/.stmcufinder/plugins/mcufinder/ => /home/frank/.stmcufinder/plugins/mcufinder
2024-07-16 13:37:20,264 [WARN] DbFile:41 - Overriding database path with different value: /home/frank/.stmcufinder/plugins/mcufinder/ => /home/frank/.stmcufinder/plugins/mcufinder
2024-07-16 13:37:20,264 [INFO] CrossReferenceDbSqlite:203 - Set database path to: /home/frank/.stmcufinder/plugins/mcufinder//mcu/cs/
2024-07-16 13:37:20,277 [INFO] ApplicationProperties:184 - Using Application install path: /home/frank/st/stm32cubeide_1.14.0/plugins/com.st.stm32cube.common.mx_6.11.1.202404110753
2024-07-16 13:37:20,278 [INFO] PluginManage:196 - Search for loadable plugins [exclusion list=, ]
2024-07-16 13:37:20,279 [INFO] PluginManage:310 - Check plugin analytics
2024-07-16 13:37:20,383 [INFO] AnalyticsPlugin:253 - Accepted Software Licenses: 
2024-07-16 13:37:20,383 [INFO] AnalyticsPlugin:255 - Accepted CMSIS Pack Licenses: 
2024-07-16 13:37:20,383 [INFO] AnalyticsPlugin:257 - Accepted Firmware Licenses: FW.F4.1.28.0,FW.F4.1.27.0
2024-07-16 13:37:20,384 [INFO] PluginManage:359 - Loaded plugin analytics (category:tool,tabindex:-1)
2024-07-16 13:37:20,385 [INFO] PluginManage:310 - Check plugin cadmodel
2024-07-16 13:37:20,402 [INFO] CADModel:105 - Init CAD model plugin
2024-07-16 13:37:20,402 [INFO] PluginManage:359 - Loaded plugin cadmodel (category:power,tabindex:5)
2024-07-16 13:37:20,402 [INFO] PluginManage:310 - Check plugin clock
2024-07-16 13:37:20,408 [INFO] PluginManage:359 - Loaded plugin clock (category:base,tabindex:2)
2024-07-16 13:37:20,408 [INFO] PluginManage:310 - Check plugin ddr
2024-07-16 13:37:20,409 [INFO] PluginManage:359 - Loaded plugin ddr (category:tool,tabindex:6)
2024-07-16 13:37:20,409 [INFO] PluginManage:310 - Check plugin filemanager
2024-07-16 13:37:20,520 [INFO] PluginManage:359 - Loaded plugin filemanager (category:base,tabindex:10)
2024-07-16 13:37:20,520 [INFO] PluginManage:310 - Check plugin ipmanager
2024-07-16 13:37:20,525 [INFO] PluginManage:359 - Loaded plugin ipmanager (category:base,tabindex:5)
2024-07-16 13:37:20,525 [INFO] PluginManage:310 - Check plugin lpbam
2024-07-16 13:37:20,531 [INFO] PluginManage:359 - Loaded plugin lpbam (category:base,tabindex:0)
2024-07-16 13:37:20,531 [INFO] PluginManage:310 - Check plugin memorymap
2024-07-16 13:37:20,538 [INFO] PluginManage:359 - Loaded plugin memorymap (category:base,tabindex:4)
2024-07-16 13:37:20,538 [INFO] PluginManage:310 - Check plugin pinoutandconfiguration
2024-07-16 13:37:20,542 [INFO] PluginManage:359 - Loaded plugin pinoutandconfiguration (category:base,tabindex:1)
2024-07-16 13:37:20,542 [INFO] PluginManage:310 - Check plugin pinoutconfig
2024-07-16 13:37:20,601 [WARN] SupportedApi:132 - Cannot load RTOS API schema: s4s-elt-must-match.1: The content of 'definitions' must match (annotation?, (simpleType | complexType)?, (unique | key | keyref)*)). A problem was found starting at: attribute.
2024-07-16 13:37:20,688 [INFO] PluginManage:359 - Loaded plugin pinoutconfig (category:base,tabindex:0)
2024-07-16 13:37:20,689 [INFO] PluginManage:310 - Check plugin power
2024-07-16 13:37:20,695 [INFO] PluginManage:359 - Loaded plugin power (category:power,tabindex:4)
2024-07-16 13:37:20,695 [INFO] PluginManage:310 - Check plugin projectmanager
2024-07-16 13:37:20,706 [INFO] PluginManage:359 - Loaded plugin projectmanager (category:projectmanager,tabindex:3)
2024-07-16 13:37:20,706 [INFO] PluginManage:310 - Check plugin thirdparty
2024-07-16 13:37:20,790 [INFO] PluginManage:359 - Loaded plugin thirdparty (category:base,tabindex:-1)
2024-07-16 13:37:20,790 [INFO] PluginManage:310 - Check plugin tools
2024-07-16 13:37:20,790 [WARN] IntegrityCheckThread:84 - waiting for thirdparty lock release [integrity check]
2024-07-16 13:37:20,790 [INFO] IntegrityCheckThread:86 - entering critical section [integrity check]
2024-07-16 13:37:20,791 [INFO] ThirdPartyUpdaterWithRetryManager:70 - Updater plugin not ready yet. [1/15]
2024-07-16 13:37:20,792 [INFO] PluginManage:359 - Loaded plugin tools (category:base,tabindex:7)
2024-07-16 13:37:20,792 [INFO] PluginManage:310 - Check plugin tutovideos
2024-07-16 13:37:20,916 [INFO] PluginManage:359 - Loaded plugin tutovideos (category:base,tabindex:-1)
2024-07-16 13:37:20,916 [INFO] PluginManage:310 - Check plugin updater
2024-07-16 13:37:20,924 [INFO] PluginManage:359 - Loaded plugin updater (category:base,tabindex:12)
2024-07-16 13:37:20,924 [INFO] PluginManage:310 - Check plugin userauth
2024-07-16 13:37:20,928 [INFO] UserAuth:114 - Init User Auth plugin
2024-07-16 13:37:20,928 [INFO] PluginManage:359 - Loaded plugin userauth (category:base,tabindex:14)
2024-07-16 13:37:20,929 [INFO] PluginManage:283 - PluginManage : Loaded plugins [17]
2024-07-16 13:37:21,048 [INFO] PinOutPanel:1561 - setPackage(No Configuration,No Configuration)
2024-07-16 13:37:21,089 [INFO] CADModel:165 - CPN selected for project level
2024-07-16 13:37:21,089 [INFO] CADModel:114 - Register for checkConnection events
2024-07-16 13:37:21,096 [INFO] IPUIPlugin:80 - create IPUIPlugin
2024-07-16 13:37:21,096 [INFO] PluginManager:220 - loadIPPluginJar : add ucpd
2024-07-16 13:37:21,097 [INFO] IPUIPlugin:80 - create IPUIPlugin
2024-07-16 13:37:21,097 [INFO] PluginManager:220 - loadIPPluginJar : add ltdc
2024-07-16 13:37:21,101 [INFO] IPUIPlugin:80 - create IPUIPlugin
2024-07-16 13:37:21,103 [INFO] PluginManager:220 - loadIPPluginJar : add plateformsettings
2024-07-16 13:37:21,105 [INFO] IPUIPlugin:80 - create IPUIPlugin
2024-07-16 13:37:21,106 [INFO] PluginManager:220 - loadIPPluginJar : add hash
2024-07-16 13:37:21,107 [INFO] IPUIPlugin:80 - create IPUIPlugin
2024-07-16 13:37:21,107 [INFO] PluginManager:220 - loadIPPluginJar : add gfxmmu
2024-07-16 13:37:21,111 [INFO] IPUIPlugin:80 - create IPUIPlugin
2024-07-16 13:37:21,112 [INFO] PluginManager:220 - loadIPPluginJar : add stm32_wpan
2024-07-16 13:37:21,113 [INFO] IPUIPlugin:80 - create IPUIPlugin
2024-07-16 13:37:21,113 [INFO] PluginManager:220 - loadIPPluginJar : add ts
2024-07-16 13:37:21,114 [INFO] IPUIPlugin:80 - create IPUIPlugin
2024-07-16 13:37:21,114 [INFO] PluginManager:220 - loadIPPluginJar : add quadspi
2024-07-16 13:37:21,116 [INFO] IPUIPlugin:80 - create IPUIPlugin
2024-07-16 13:37:21,116 [INFO] PluginManager:220 - loadIPPluginJar : add usbx
2024-07-16 13:37:21,117 [INFO] IPUIPlugin:80 - create IPUIPlugin
2024-07-16 13:37:21,117 [INFO] PluginManager:220 - loadIPPluginJar : add aes
2024-07-16 13:37:21,119 [INFO] IPUIPlugin:80 - create IPUIPlugin
2024-07-16 13:37:21,119 [INFO] PluginManager:220 - loadIPPluginJar : add nvic
2024-07-16 13:37:21,123 [INFO] IPUIPlugin:80 - create IPUIPlugin
2024-07-16 13:37:21,124 [INFO] PluginManager:220 - loadIPPluginJar : add adc
2024-07-16 13:37:21,125 [INFO] IPUIPlugin:80 - create IPUIPlugin
2024-07-16 13:37:21,125 [INFO] PluginManager:220 - loadIPPluginJar : add cryp
2024-07-16 13:37:21,127 [INFO] IPUIPlugin:80 - create IPUIPlugin
2024-07-16 13:37:21,128 [INFO] PluginManager:220 - loadIPPluginJar : add touchsensing
2024-07-16 13:37:21,130 [INFO] IPUIPlugin:80 - create IPUIPlugin
2024-07-16 13:37:21,130 [INFO] PluginManager:220 - loadIPPluginJar : add fmc
2024-07-16 13:37:21,133 [INFO] IPUIPlugin:80 - create IPUIPlugin
2024-07-16 13:37:21,133 [INFO] PluginManager:220 - loadIPPluginJar : add openamp
2024-07-16 13:37:21,137 [INFO] IPUIPlugin:80 - create IPUIPlugin
2024-07-16 13:37:21,137 [INFO] PluginManager:220 - loadIPPluginJar : add linkedlist
2024-07-16 13:37:21,138 [INFO] IPUIPlugin:80 - create IPUIPlugin
2024-07-16 13:37:21,138 [INFO] PluginManager:220 - loadIPPluginJar : add tracer_emb
2024-07-16 13:37:21,142 [INFO] IPUIPlugin:80 - create IPUIPlugin
2024-07-16 13:37:21,142 [INFO] PluginManager:220 - loadIPPluginJar : add dma
2024-07-16 13:37:21,143 [INFO] IPUIPlugin:80 - create IPUIPlugin
2024-07-16 13:37:21,143 [INFO] PluginManager:220 - loadIPPluginJar : add sai
2024-07-16 13:37:21,147 [INFO] IPUIPlugin:80 - create IPUIPlugin
2024-07-16 13:37:21,147 [INFO] PluginManager:220 - loadIPPluginJar : add freertos
2024-07-16 13:37:21,151 [INFO] IPUIPlugin:80 - create IPUIPlugin
2024-07-16 13:37:21,151 [INFO] PluginManager:220 - loadIPPluginJar : add mdma
2024-07-16 13:37:21,152 [INFO] IPUIPlugin:80 - create IPUIPlugin
2024-07-16 13:37:21,152 [INFO] PluginManager:220 - loadIPPluginJar : add genericplugin
2024-07-16 13:37:21,152 [INFO] IPUIPlugin:80 - create IPUIPlugin
2024-07-16 13:37:21,153 [INFO] PluginManager:220 - loadIPPluginJar : add tsc
2024-07-16 13:37:21,154 [INFO] IPUIPlugin:80 - create IPUIPlugin
2024-07-16 13:37:21,154 [INFO] PluginManager:220 - loadIPPluginJar : add pdm2pcm
2024-07-16 13:37:21,155 [INFO] IPUIPlugin:80 - create IPUIPlugin
2024-07-16 13:37:21,155 [INFO] PluginManager:220 - loadIPPluginJar : add fatfs
2024-07-16 13:37:21,157 [INFO] IPUIPlugin:80 - create IPUIPlugin
2024-07-16 13:37:21,157 [INFO] PluginManager:220 - loadIPPluginJar : add can
2024-07-16 13:37:21,158 [INFO] IPUIPlugin:80 - create IPUIPlugin
2024-07-16 13:37:21,158 [INFO] PluginManager:220 - loadIPPluginJar : add i3c
2024-07-16 13:37:21,159 [INFO] IPUIPlugin:80 - create IPUIPlugin
2024-07-16 13:37:21,159 [INFO] PluginManager:220 - loadIPPluginJar : add i2s
2024-07-16 13:37:21,160 [INFO] IPUIPlugin:80 - create IPUIPlugin
2024-07-16 13:37:21,160 [INFO] PluginManager:220 - loadIPPluginJar : add i2c
2024-07-16 13:37:21,162 [INFO] IPUIPlugin:80 - create IPUIPlugin
2024-07-16 13:37:21,162 [INFO] PluginManager:220 - loadIPPluginJar : add spi
2024-07-16 13:37:21,163 [INFO] IPUIPlugin:80 - create IPUIPlugin
2024-07-16 13:37:21,163 [INFO] PluginManager:220 - loadIPPluginJar : add dfsdm
2024-07-16 13:37:21,164 [INFO] IPUIPlugin:80 - create IPUIPlugin
2024-07-16 13:37:21,164 [INFO] PluginManager:220 - loadIPPluginJar : add tim
2024-07-16 13:37:21,165 [INFO] IPUIPlugin:80 - create IPUIPlugin
2024-07-16 13:37:21,166 [INFO] PluginManager:220 - loadIPPluginJar : add opamp
2024-07-16 13:37:21,167 [INFO] IPUIPlugin:80 - create IPUIPlugin
2024-07-16 13:37:21,167 [INFO] PluginManager:220 - loadIPPluginJar : add dma3
2024-07-16 13:37:21,168 [INFO] IPUIPlugin:80 - create IPUIPlugin
2024-07-16 13:37:21,168 [INFO] PluginManager:220 - loadIPPluginJar : add ipddr
2024-07-16 13:37:21,169 [INFO] IPUIPlugin:80 - create IPUIPlugin
2024-07-16 13:37:21,169 [INFO] PluginManager:220 - loadIPPluginJar : add comp
2024-07-16 13:37:21,171 [INFO] IPUIPlugin:80 - create IPUIPlugin
2024-07-16 13:37:21,171 [INFO] PluginManager:220 - loadIPPluginJar : add resmgrutility
2024-07-16 13:37:21,173 [INFO] IPUIPlugin:80 - create IPUIPlugin
2024-07-16 13:37:21,173 [INFO] PluginManager:220 - loadIPPluginJar : add extmemmanager
2024-07-16 13:37:21,174 [INFO] IPUIPlugin:80 - create IPUIPlugin
2024-07-16 13:37:21,174 [INFO] PluginManager:220 - loadIPPluginJar : add gtzc
2024-07-16 13:37:21,177 [INFO] IPUIPlugin:80 - create IPUIPlugin
2024-07-16 13:37:21,177 [INFO] PluginManager:220 - loadIPPluginJar : add gpio
2024-07-16 13:37:21,179 [INFO] IPUIPlugin:80 - create IPUIPlugin
2024-07-16 13:37:21,179 [INFO] PluginManager:220 - loadIPPluginJar : add usart
2024-07-16 13:37:21,180 [INFO] IPUIPlugin:80 - create IPUIPlugin
2024-07-16 13:37:21,180 [INFO] PluginManager:220 - loadIPPluginJar : add lorawan
2024-07-16 13:37:21,184 [INFO] IPUIPlugin:80 - create IPUIPlugin
2024-07-16 13:37:21,184 [INFO] PluginManager:220 - loadIPPluginJar : add gic
2024-07-16 13:37:21,275 [INFO] CADModel:165 - CPN selected for project level
2024-07-16 13:37:21,275 [INFO] CADModel:114 - Register for checkConnection events
2024-07-16 13:37:21,276 [FATAL] Updater:308 - Updater called before beeing initialized
2024-07-16 13:37:21,276 [ERROR] CADModel:125 - Updater not yet initialized, retry later 
2024-07-16 13:37:21,369 [INFO] CADModel:165 - CPN selected for project level
2024-07-16 13:37:21,370 [INFO] CADModel:114 - Register for checkConnection events
2024-07-16 13:37:21,370 [FATAL] Updater:308 - Updater called before beeing initialized
2024-07-16 13:37:21,370 [ERROR] CADModel:125 - Updater not yet initialized, retry later 
2024-07-16 13:37:21,371 [FATAL] Updater:308 - Updater called before beeing initialized
2024-07-16 13:37:21,440 [FATAL] Updater:308 - Updater called before beeing initialized
2024-07-16 13:37:21,443 [INFO] DbMcusAds:53 - JSON generation date=Thu May 16 11:22:00 CEST 2024 (1715851320852)
2024-07-16 13:37:21,443 [FATAL] Updater:308 - Updater called before beeing initialized
2024-07-16 13:37:21,478 [WARN] DetailPanel:346 - Failed to get advertising image, set to default
2024-07-16 13:37:21,589 [FATAL] Updater:308 - Updater called before beeing initialized
2024-07-16 13:37:21,591 [FATAL] Updater:308 - Updater called before beeing initialized
2024-07-16 13:37:21,592 [FATAL] Updater:308 - Updater called before beeing initialized
2024-07-16 13:37:21,592 [WARN] DetailPanel:346 - Failed to get advertising image, set to default
2024-07-16 13:37:21,593 [FATAL] Updater:308 - Updater called before beeing initialized
2024-07-16 13:37:21,621 [ERROR] Updater:1120 - MainUpdater not yet initialized. External WinMGr cannot be set.
2024-07-16 13:37:21,622 [INFO] Updater:1056 - Updater Version found : 6.11.1
2024-07-16 13:37:21,636 [INFO] ApplicationProperties:184 - Using Application install path: /home/frank/st/stm32cubeide_1.14.0/plugins/com.st.stm32cube.common.mx_6.11.1.202404110753
2024-07-16 13:37:21,877 [INFO] MainUpdater:2873 - connection check result : 10
2024-07-16 13:37:21,878 [INFO] MainUpdater:290 - Updater Check For Update Now.
2024-07-16 13:37:21,878 [INFO] MicroXplorer:498 - Change Database Version : DB.6.0.111
2024-07-16 13:37:21,882 [INFO] McuFinderGlobals:63 - Set McuFinder mode to 2 (CubeIDE integrated)
2024-07-16 13:37:21,886 [INFO] UserAuth:415 - Internet connection configuration mode: 1
2024-07-16 13:37:21,898 [INFO] JxBrowserEngine:152 - Initiate JxBrowser Engine with user profile folder
2024-07-16 13:37:22,040 [INFO] CheckServerUpdateThread:120 - End of CheckServer Thread
2024-07-16 13:37:22,534 [INFO] WebApp:161 - Instantiating new browser for Auth
2024-07-16 13:37:22,936 [INFO] WebApp:779 - Register for checkConnection events
2024-07-16 13:37:22,936 [INFO] WebApp:414 - Apply proxy settings
2024-07-16 13:37:22,937 [INFO] WebApp:499 - Chromium requires no authentication
2024-07-16 13:37:22,941 [INFO] WebApp:442 - Direct internet connection detected
2024-07-16 13:37:23,060 [INFO] WebApp:192 - Starting web application
2024-07-16 13:37:23,061 [INFO] WebApp:544 - Web application path used /home/frank/st/stm32cubeide_1.14.0/plugins/com.st.stm32cube.common.mx_6.11.1.202404110753/db/plugins/mcufinder/reactClient1/index.html
2024-07-16 13:37:23,871 [WARN] PackLoader:240 - Cannot read IP mode file for STMicroelectronics.FP-SNS-MOTENVWB1.1.4.0
2024-07-16 13:37:23,879 [WARN] PackLoader:240 - Cannot read IP mode file for STMicroelectronics.X-CUBE-SMBUS.2.1.0
2024-07-16 13:37:23,882 [WARN] PackLoader:240 - Cannot read IP mode file for STMicroelectronics.X-CUBE-TOUCHGFX.4.23.2
2024-07-16 13:37:23,902 [WARN] PackLoader:240 - Cannot read IP mode file for STMicroelectronics.X-CUBE-AZRTOS-F7.1.1.0
2024-07-16 13:37:23,908 [WARN] PackLoader:240 - Cannot read IP mode file for STMicroelectronics.FP-SNS-MOTENV1.4.3.2
2024-07-16 13:37:23,913 [WARN] PackLoader:240 - Cannot read IP mode file for STMicroelectronics.FP-SNS-FLIGHT1.5.0.2
2024-07-16 13:37:23,919 [WARN] PackLoader:240 - Cannot read IP mode file for STMicroelectronics.X-CUBE-DISPLAY.3.0.0
2024-07-16 13:37:23,928 [WARN] PackLoader:240 - Cannot read IP mode file for STMicroelectronics.X-CUBE-BLE1.7.0.0
2024-07-16 13:37:23,933 [WARN] PackLoader:240 - Cannot read IP mode file for emotas.I-CUBE-CANOPEN.1.3.0
2024-07-16 13:37:23,944 [WARN] PackLoader:240 - Cannot read IP mode file for STMicroelectronics.X-CUBE-BLEMGR.3.1.0
2024-07-16 13:37:23,952 [WARN] PackLoader:240 - Cannot read IP mode file for STMicroelectronics.FP-SNS-SMARTAG2.1.2.0
2024-07-16 13:37:23,962 [INFO] LogOutputStream:77 - [STDOUT_REDIRECT] 1 : Invalid condition id : UX_CORESTACK_Condition cause : null
2024-07-16 13:37:23,963 [INFO] LogOutputStream:77 - [STDOUT_REDIRECT] 1 : Invalid condition id : UX_CORESTACK_Condition cause : null
2024-07-16 13:37:23,963 [INFO] LogOutputStream:77 - [STDOUT_REDIRECT] 1 : Invalid condition id : UX_CORESTACK_Condition cause : null
2024-07-16 13:37:23,964 [INFO] LogOutputStream:77 - [STDOUT_REDIRECT] 1 : Invalid condition id : UX_CORESTACK_Condition cause : null
2024-07-16 13:37:23,964 [INFO] LogOutputStream:77 - [STDOUT_REDIRECT] 1 : Invalid condition id : UX_CORESTACK_Condition cause : null
2024-07-16 13:37:23,968 [WARN] PackLoader:240 - Cannot read IP mode file for STMicroelectronics.X-CUBE-AZRTOS-WL.2.0.0
2024-07-16 13:37:23,973 [WARN] PackLoader:240 - Cannot read IP mode file for STMicroelectronics.FP-SNS-MOTENV1.5.0.0
2024-07-16 13:37:23,979 [WARN] PackLoader:240 - Cannot read IP mode file for wolfSSL.I-CUBE-wolfMQTT.1.19.0
2024-07-16 13:37:23,987 [WARN] PackLoader:240 - Cannot read IP mode file for WES.I-CUBE-Cesium.1.3.0
2024-07-16 13:37:23,990 [WARN] PackLoader:240 - Cannot read IP mode file for STMicroelectronics.X-CUBE-BLE2.3.3.0
2024-07-16 13:37:23,995 [WARN] PackLoader:240 - Cannot read IP mode file for STMicroelectronics.X-CUBE-TCPP.4.1.0
2024-07-16 13:37:24,012 [WARN] PackLoader:240 - Cannot read IP mode file for STMicroelectronics.X-CUBE-AZRTOS-G0.1.1.0
2024-07-16 13:37:24,020 [WARN] PackLoader:240 - Cannot read IP mode file for STMicroelectronics.X-CUBE-SAFEA1.1.2.2
2024-07-16 13:37:24,025 [WARN] PackLoader:240 - Cannot read IP mode file for STMicroelectronics.X-CUBE-NFC4.3.0.0
2024-07-16 13:37:24,030 [WARN] PackLoader:240 - Cannot read IP mode file for wolfSSL.I-CUBE-wolfMQTT.1.18.0
2024-07-16 13:37:24,039 [WARN] PackLoader:240 - Cannot read IP mode file for EmbeddedOffice.I-CUBE-FS-RTOS.1.0.1
2024-07-16 13:37:24,039 [ERROR] ConditionMgr:805 - Attr not supported : Dmpu
2024-07-16 13:37:24,039 [ERROR] ConditionMgr:805 - Attr not supported : Dmpu
2024-07-16 13:37:24,039 [ERROR] ConditionMgr:805 - Attr not supported : Dmpu
2024-07-16 13:37:24,040 [ERROR] ConditionMgr:805 - Attr not supported : Dmpu
2024-07-16 13:37:24,040 [ERROR] ConditionMgr:805 - Attr not supported : Dmpu
2024-07-16 13:37:24,040 [ERROR] ConditionMgr:805 - Attr not supported : Dmpu
2024-07-16 13:37:24,040 [ERROR] ConditionMgr:805 - Attr not supported : Dmpu
2024-07-16 13:37:24,040 [ERROR] ConditionMgr:805 - Attr not supported : Dmpu
2024-07-16 13:37:24,040 [ERROR] ConditionMgr:805 - Attr not supported : Dmpu
2024-07-16 13:37:24,040 [ERROR] ConditionMgr:805 - Attr not supported : Dmpu
2024-07-16 13:37:24,040 [ERROR] ConditionMgr:805 - Attr not supported : Dmpu
2024-07-16 13:37:24,040 [ERROR] ConditionMgr:805 - Attr not supported : Dmpu
2024-07-16 13:37:24,040 [ERROR] ConditionMgr:805 - Attr not supported : Dmpu
2024-07-16 13:37:24,040 [ERROR] ConditionMgr:805 - Attr not supported : Dmpu
2024-07-16 13:37:24,040 [ERROR] ConditionMgr:805 - Attr not supported : Dmpu
2024-07-16 13:37:24,040 [ERROR] ConditionMgr:805 - Attr not supported : Dmpu
2024-07-16 13:37:24,040 [ERROR] ConditionMgr:805 - Attr not supported : Dmpu
2024-07-16 13:37:24,040 [ERROR] ConditionMgr:805 - Attr not supported : Dmpu
2024-07-16 13:37:24,041 [ERROR] ConditionMgr:805 - Attr not supported : Dmpu
2024-07-16 13:37:24,041 [ERROR] ConditionMgr:805 - Attr not supported : Dmpu
2024-07-16 13:37:24,041 [ERROR] ConditionMgr:805 - Attr not supported : Dmpu
2024-07-16 13:37:24,041 [ERROR] ConditionMgr:805 - Attr not supported : Dmpu
2024-07-16 13:37:24,041 [ERROR] ConditionMgr:805 - Attr not supported : Dmpu
2024-07-16 13:37:24,041 [ERROR] ConditionMgr:805 - Attr not supported : Dmpu
2024-07-16 13:37:24,041 [ERROR] ConditionMgr:805 - Attr not supported : Dmpu
2024-07-16 13:37:24,041 [ERROR] ConditionMgr:805 - Attr not supported : Dmpu
2024-07-16 13:37:24,041 [ERROR] ConditionMgr:805 - Attr not supported : Dmpu
2024-07-16 13:37:24,041 [ERROR] ConditionMgr:805 - Attr not supported : Dmpu
2024-07-16 13:37:24,041 [ERROR] ConditionMgr:805 - Attr not supported : Dmpu
2024-07-16 13:37:24,041 [ERROR] ConditionMgr:805 - Attr not supported : Dmpu
2024-07-16 13:37:24,041 [ERROR] ConditionMgr:805 - Attr not supported : Dmpu
2024-07-16 13:37:24,041 [ERROR] ConditionMgr:805 - Attr not supported : Dmpu
2024-07-16 13:37:24,041 [ERROR] ConditionMgr:805 - Attr not supported : Dmpu
2024-07-16 13:37:24,042 [ERROR] ConditionMgr:805 - Attr not supported : Dmpu
2024-07-16 13:37:24,042 [ERROR] ConditionMgr:805 - Attr not supported : Dmpu
2024-07-16 13:37:24,042 [ERROR] ConditionMgr:805 - Attr not supported : Dmpu
2024-07-16 13:37:24,042 [ERROR] ConditionMgr:805 - Attr not supported : Dmpu
2024-07-16 13:37:24,042 [ERROR] ConditionMgr:805 - Attr not supported : Dmpu
2024-07-16 13:37:24,042 [ERROR] ConditionMgr:805 - Attr not supported : Dmpu
2024-07-16 13:37:24,042 [ERROR] ConditionMgr:805 - Attr not supported : Dmpu
2024-07-16 13:37:24,042 [ERROR] ConditionMgr:805 - Attr not supported : Dmpu
2024-07-16 13:37:24,042 [ERROR] ConditionMgr:805 - Attr not supported : Dmpu
2024-07-16 13:37:24,042 [ERROR] ConditionMgr:805 - Attr not supported : Dmpu
2024-07-16 13:37:24,042 [ERROR] ConditionMgr:805 - Attr not supported : Dmpu
2024-07-16 13:37:24,042 [ERROR] ConditionMgr:805 - Attr not supported : Dmpu
2024-07-16 13:37:24,043 [ERROR] ConditionMgr:805 - Attr not supported : Dmpu
2024-07-16 13:37:24,043 [ERROR] ConditionMgr:805 - Attr not supported : Dmpu
2024-07-16 13:37:24,043 [ERROR] ConditionMgr:805 - Attr not supported : Dmpu
2024-07-16 13:37:24,043 [ERROR] ConditionMgr:805 - Attr not supported : Dmpu
2024-07-16 13:37:24,043 [ERROR] ConditionMgr:805 - Attr not supported : Dmpu
2024-07-16 13:37:24,043 [ERROR] ConditionMgr:805 - Attr not supported : Dmpu
2024-07-16 13:37:24,043 [ERROR] ConditionMgr:805 - Attr not supported : Dmpu
2024-07-16 13:37:24,043 [ERROR] ConditionMgr:805 - Attr not supported : Dmpu
2024-07-16 13:37:24,043 [ERROR] ConditionMgr:805 - Attr not supported : Dmpu
2024-07-16 13:37:24,043 [ERROR] ConditionMgr:805 - Attr not supported : Dmpu
2024-07-16 13:37:24,043 [ERROR] ConditionMgr:805 - Attr not supported : Dmpu
2024-07-16 13:37:24,043 [ERROR] ConditionMgr:805 - Attr not supported : Dmpu
2024-07-16 13:37:24,043 [ERROR] ConditionMgr:805 - Attr not supported : Dmpu
2024-07-16 13:37:24,044 [ERROR] ConditionMgr:805 - Attr not supported : Dmpu
2024-07-16 13:37:24,044 [ERROR] ConditionMgr:805 - Attr not supported : Dmpu
2024-07-16 13:37:24,044 [ERROR] ConditionMgr:805 - Attr not supported : Dmpu
2024-07-16 13:37:24,044 [ERROR] ConditionMgr:805 - Attr not supported : Dmpu
2024-07-16 13:37:24,044 [ERROR] ConditionMgr:805 - Attr not supported : Dmpu
2024-07-16 13:37:24,044 [ERROR] ConditionMgr:805 - Attr not supported : Dmpu
2024-07-16 13:37:24,049 [WARN] PackLoader:240 - Cannot read IP mode file for RealThread.X-CUBE-RT-Thread_Nano.4.1.1
2024-07-16 13:37:24,052 [WARN] PackLoader:240 - Cannot read IP mode file for wolfSSL.I-CUBE-wolfSSL.5.7.0
2024-07-16 13:37:24,054 [WARN] PackLoader:240 - Cannot read IP mode file for STMicroelectronics.FP-ATR-SIGFOX1.3.2.0
2024-07-16 13:37:24,059 [WARN] PackLoader:240 - Cannot read IP mode file for STMicroelectronics.X-CUBE-EEPRMA1.5.1.0
2024-07-16 13:37:24,066 [WARN] PackLoader:240 - Cannot read IP mode file for ITTIA_DB.I-CUBE-ITTIADB.8.9.0
2024-07-16 13:37:24,108 [WARN] PackLoader:240 - Cannot read IP mode file for SEGGER.I-CUBE-embOS.1.3.1
2024-07-16 13:37:24,158 [WARN] PackLoader:240 - Cannot read IP mode file for STMicroelectronics.X-CUBE-ALGOBUILD.1.4.0
2024-07-16 13:37:24,183 [WARN] PackLoader:240 - Cannot read IP mode file for STMicroelectronics.X-CUBE-GNSS1.6.0.0
2024-07-16 13:37:24,205 [WARN] PackLoader:240 - Cannot read IP mode file for STMicroelectronics.X-CUBE-AZRTOS-F4.1.1.0
2024-07-16 13:37:24,223 [WARN] PackLoader:240 - Cannot read IP mode file for STMicroelectronics.X-CUBE-FREERTOS.1.2.0
2024-07-16 13:37:24,242 [WARN] PackLoader:240 - Cannot read IP mode file for STMicroelectronics.X-CUBE-AZRTOS-L5.2.0.0
2024-07-16 13:37:24,251 [WARN] PackLoader:240 - Cannot read IP mode file for STMicroelectronics.X-CUBE-NFC6.3.1.0
2024-07-16 13:37:24,257 [WARN] PackLoader:240 - Cannot read IP mode file for STMicroelectronics.X-CUBE-DPower.1.2.0
2024-07-16 13:37:24,261 [WARN] PackLoader:240 - Cannot read IP mode file for STMicroelectronics.X-CUBE-AI.9.0.0
2024-07-16 13:37:24,266 [WARN] PackLoader:240 - Cannot read IP mode file for STMicroelectronics.X-CUBE-NFC7.1.0.1
2024-07-16 13:37:24,270 [WARN] PackLoader:240 - Cannot read IP mode file for wolfSSL.I-CUBE-wolfTPM.3.2.0
2024-07-16 13:37:24,273 [WARN] PackLoader:240 - Cannot read IP mode file for STMicroelectronics.X-CUBE-AI.8.1.0
2024-07-16 13:37:24,291 [WARN] ConditionMgr:438 - getConditionDescription Invalid condition id : LAN8742 Phy interface Condition cause : null
2024-07-16 13:37:24,292 [WARN] PackLoader:240 - Cannot read IP mode file for STMicroelectronics.X-CUBE-AZRTOS-L4.2.0.0
2024-07-16 13:37:24,294 [WARN] ConditionMgr:1039 - genDependencies : Invalid condition id : LAN8742 Phy interface Condition cause : null
2024-07-16 13:37:24,294 [WARN] ConditionMgr:1039 - genDependencies : Invalid condition id : LAN8742 Phy interface Condition cause : null
2024-07-16 13:37:24,295 [WARN] ConditionMgr:1039 - genDependencies : Invalid condition id : LAN8742 Phy interface Condition cause : null
2024-07-16 13:37:24,301 [WARN] PackLoader:240 - Cannot read IP mode file for STMicroelectronics.X-CUBE-SFXS2LP1.4.0.0
2024-07-16 13:37:24,313 [WARN] ConditionMgr:438 - getConditionDescription Invalid condition id : UX DEVICE CLASS RTOS Condition cause : null
2024-07-16 13:37:24,314 [WARN] ConditionMgr:438 - getConditionDescription Invalid condition id : UX DEVICE CLASS RTOS Condition cause : null
2024-07-16 13:37:24,316 [WARN] PackLoader:240 - Cannot read IP mode file for STMicroelectronics.X-CUBE-AZRTOS-WB.2.0.0
2024-07-16 13:37:24,320 [WARN] ConditionMgr:1039 - genDependencies : Invalid condition id : UX DEVICE CLASS RTOS Condition cause : null
2024-07-16 13:37:24,321 [WARN] ConditionMgr:1039 - genDependencies : Invalid condition id : UX DEVICE CLASS RTOS Condition cause : null
2024-07-16 13:37:24,321 [WARN] ConditionMgr:1039 - genDependencies : Invalid condition id : UX DEVICE CLASS RTOS Condition cause : null
2024-07-16 13:37:24,321 [WARN] ConditionMgr:1039 - genDependencies : Invalid condition id : UX DEVICE CLASS RTOS Condition cause : null
2024-07-16 13:37:24,322 [WARN] ConditionMgr:1039 - genDependencies : Invalid condition id : UX DEVICE CLASS RTOS Condition cause : null
2024-07-16 13:37:24,331 [WARN] PackLoader:240 - Cannot read IP mode file for STMicroelectronics.X-CUBE-SUBG2.5.0.0
2024-07-16 13:37:24,339 [WARN] PackLoader:240 - Cannot read IP mode file for Cesanta.I-CUBE-Mongoose.7.13.0
2024-07-16 13:37:24,358 [WARN] PackLoader:240 - Cannot read IP mode file for STMicroelectronics.X-CUBE-AZRTOS-G4.2.0.0
2024-07-16 13:37:24,365 [WARN] PackLoader:240 - Cannot read IP mode file for STMicroelectronics.FP-SNS-MOTENVWB1.1.3.1
2024-07-16 13:37:24,370 [WARN] PackLoader:240 - Cannot read IP mode file for STMicroelectronics.X-CUBE-ISPU.2.0.0
2024-07-16 13:37:24,376 [WARN] PackLoader:240 - Cannot read IP mode file for STMicroelectronics.X-CUBE-ALS.1.0.2
2024-07-16 13:37:24,417 [WARN] PackLoader:240 - Cannot read IP mode file for STMicroelectronics.X-CUBE-MEMS1.10.0.0
2024-07-16 13:37:24,503 [WARN] PackLoader:240 - Cannot read IP mode file for STMicroelectronics.X-CUBE-TOUCHGFX.4.24.0
2024-07-16 13:37:24,507 [WARN] PackLoader:240 - Cannot read IP mode file for portGmbH.I-Cube-SoM-uGOAL.1.1.0
2024-07-16 13:37:24,510 [WARN] PackLoader:240 - Cannot read IP mode file for STMicroelectronics.X-CUBE-ALS.1.0.1
2024-07-16 13:37:24,525 [WARN] PackLoader:240 - Cannot read IP mode file for STMicroelectronics.X-CUBE-AZRTOS-H7RS.1.0.0
2024-07-16 13:37:24,530 [WARN] PackLoader:240 - Cannot read IP mode file for STMicroelectronics.FP-ATR-ASTRA1.2.0.0
2024-07-16 13:37:24,540 [WARN] PackLoader:240 - Cannot read IP mode file for STMicroelectronics.X-CUBE-TOF1.3.4.1
2024-07-16 13:37:24,570 [WARN] PackLoader:240 - Cannot read IP mode file for STMicroelectronics.X-CUBE-AZRTOS-H7.3.2.0
2024-07-16 13:37:24,585 [WARN] PackLoader:240 - Cannot read IP mode file for Infineon.AIROC-Wi-Fi-Bluetooth-STM32.1.6.0
2024-07-16 13:37:24,589 [INFO] ThirdParty:978 - Integrity check success = true
2024-07-16 13:37:24,589 [INFO] IntegrityCheckThread:100 - exiting critical section [integrity check]
2024-07-16 13:37:24,590 [INFO] IntegrityCheckThread:103 - End integrity checks thread
