2024-08-15 14:25:45,348 [INFO] Activator:176 - 


2024-08-15 14:25:45,351 [INFO] Activator:177 - !SESSION log4j initialized
2024-08-15 14:25:47,366 [INFO] LogOutputStream:77 - [STDOUT_REDIRECT] 
2024-08-15 14:25:48,256 [INFO] ApplicationProperties:184 - Using Application install path: /home/frank/st/stm32cubeide_1.14.0/plugins/com.st.stm32cube.common.mx_6.11.1.202404110753
2024-08-15 14:25:48,275 [INFO] DbMcusXml:78 - Set database path to: /home/frank/st/stm32cubeide_1.14.0/plugins/com.st.stm32cube.common.mx_6.11.1.202404110753//db//mcu/
2024-08-15 14:25:48,275 [INFO] ApiDb:274 - Set plugin database path to: /home/frank/st/stm32cubeide_1.14.0/plugins/com.st.stm32cube.common.mx_6.11.1.202404110753//db//plugins/boardmanager/
2024-08-15 14:25:48,276 [WARN] ApiDb:259 - Overriding images path with different value:  => /home/frank/st/stm32cubeide_1.14.0/plugins/com.st.stm32cube.common.mx_6.11.1.202404110753//db//plugins/mcufinder/images/
2024-08-15 14:25:48,283 [INFO] ApiDb:250 - Set database path to: /home/frank/.stmcufinder/plugins/mcufinder//mcu/
2024-08-15 14:25:48,285 [INFO] DbMcusAds:125 - Set database path to: /home/frank/.stmcufinder/plugins/mcufinder//mcu/
2024-08-15 14:25:48,289 [INFO] CrossReferenceDbSqlite:203 - Set database path to: /home/frank/.stmcufinder/plugins/mcufinder//mcu/cs/
2024-08-15 14:25:48,371 [INFO] RulesReader:64 - Compatibility file has been processed (297 Rules)
2024-08-15 14:25:48,409 [INFO] DbMcusXml:78 - Set database path to: /home/frank/st/stm32cubeide_1.14.0/plugins/com.st.stm32cube.common.mx_6.11.1.202404110753//db//mcu/
2024-08-15 14:25:48,409 [INFO] ApiDb:274 - Set plugin database path to: /home/frank/st/stm32cubeide_1.14.0/plugins/com.st.stm32cube.common.mx_6.11.1.202404110753//db//plugins/boardmanager/
2024-08-15 14:25:48,409 [INFO] ApiDb:261 - Set plugin images path to: /home/frank/st/stm32cubeide_1.14.0/plugins/com.st.stm32cube.common.mx_6.11.1.202404110753//db//plugins/mcufinder/images/
2024-08-15 14:25:48,409 [WARN] DbFile:41 - Overriding database path with different value: /home/frank/.stmcufinder/plugins/mcufinder/ => /home/frank/.stmcufinder/plugins/mcufinder
2024-08-15 14:25:48,409 [INFO] ApiDb:250 - Set database path to: /home/frank/.stmcufinder/plugins/mcufinder//mcu/
2024-08-15 14:25:48,409 [WARN] DbFile:41 - Overriding database path with different value: /home/frank/.stmcufinder/plugins/mcufinder/ => /home/frank/.stmcufinder/plugins/mcufinder
2024-08-15 14:25:48,409 [INFO] DbMcusAds:125 - Set database path to: /home/frank/.stmcufinder/plugins/mcufinder//mcu/
2024-08-15 14:25:48,409 [WARN] DbFile:41 - Overriding database path with different value: /home/frank/.stmcufinder/plugins/mcufinder/ => /home/frank/.stmcufinder/plugins/mcufinder
2024-08-15 14:25:48,409 [WARN] DbFile:41 - Overriding database path with different value: /home/frank/.stmcufinder/plugins/mcufinder/ => /home/frank/.stmcufinder/plugins/mcufinder
2024-08-15 14:25:48,410 [INFO] CrossReferenceDbSqlite:203 - Set database path to: /home/frank/.stmcufinder/plugins/mcufinder//mcu/cs/
2024-08-15 14:25:48,449 [INFO] MainPanel:264 - HeapMemory: 268435456
2024-08-15 14:25:48,495 [INFO] DbMcusXml:78 - Set database path to: /home/frank/st/stm32cubeide_1.14.0/plugins/com.st.stm32cube.common.mx_6.11.1.202404110753//db//mcu/
2024-08-15 14:25:48,496 [INFO] ApiDb:274 - Set plugin database path to: /home/frank/st/stm32cubeide_1.14.0/plugins/com.st.stm32cube.common.mx_6.11.1.202404110753//db//plugins/boardmanager/
2024-08-15 14:25:48,496 [INFO] ApiDb:261 - Set plugin images path to: /home/frank/st/stm32cubeide_1.14.0/plugins/com.st.stm32cube.common.mx_6.11.1.202404110753//db//plugins/mcufinder/images/
2024-08-15 14:25:48,496 [WARN] DbFile:41 - Overriding database path with different value: /home/frank/.stmcufinder/plugins/mcufinder/ => /home/frank/.stmcufinder/plugins/mcufinder
2024-08-15 14:25:48,496 [INFO] ApiDb:250 - Set database path to: /home/frank/.stmcufinder/plugins/mcufinder//mcu/
2024-08-15 14:25:48,496 [WARN] DbFile:41 - Overriding database path with different value: /home/frank/.stmcufinder/plugins/mcufinder/ => /home/frank/.stmcufinder/plugins/mcufinder
2024-08-15 14:25:48,496 [INFO] DbMcusAds:125 - Set database path to: /home/frank/.stmcufinder/plugins/mcufinder//mcu/
2024-08-15 14:25:48,496 [WARN] DbFile:41 - Overriding database path with different value: /home/frank/.stmcufinder/plugins/mcufinder/ => /home/frank/.stmcufinder/plugins/mcufinder
2024-08-15 14:25:48,496 [WARN] DbFile:41 - Overriding database path with different value: /home/frank/.stmcufinder/plugins/mcufinder/ => /home/frank/.stmcufinder/plugins/mcufinder
2024-08-15 14:25:48,496 [INFO] CrossReferenceDbSqlite:203 - Set database path to: /home/frank/.stmcufinder/plugins/mcufinder//mcu/cs/
2024-08-15 14:25:48,505 [INFO] ApplicationProperties:184 - Using Application install path: /home/frank/st/stm32cubeide_1.14.0/plugins/com.st.stm32cube.common.mx_6.11.1.202404110753
2024-08-15 14:25:48,505 [INFO] PluginManage:196 - Search for loadable plugins [exclusion list=, ]
2024-08-15 14:25:48,506 [INFO] PluginManage:310 - Check plugin analytics
2024-08-15 14:25:48,574 [INFO] AnalyticsPlugin:253 - Accepted Software Licenses: 
2024-08-15 14:25:48,574 [INFO] AnalyticsPlugin:255 - Accepted CMSIS Pack Licenses: 
2024-08-15 14:25:48,574 [INFO] AnalyticsPlugin:257 - Accepted Firmware Licenses: FW.F4.1.28.0,FW.F4.1.27.0
2024-08-15 14:25:48,576 [INFO] PluginManage:359 - Loaded plugin analytics (category:tool,tabindex:-1)
2024-08-15 14:25:48,576 [INFO] PluginManage:310 - Check plugin cadmodel
2024-08-15 14:25:48,590 [INFO] CADModel:105 - Init CAD model plugin
2024-08-15 14:25:48,591 [INFO] PluginManage:359 - Loaded plugin cadmodel (category:power,tabindex:5)
2024-08-15 14:25:48,591 [INFO] PluginManage:310 - Check plugin clock
2024-08-15 14:25:48,595 [INFO] PluginManage:359 - Loaded plugin clock (category:base,tabindex:2)
2024-08-15 14:25:48,595 [INFO] PluginManage:310 - Check plugin ddr
2024-08-15 14:25:48,596 [INFO] PluginManage:359 - Loaded plugin ddr (category:tool,tabindex:6)
2024-08-15 14:25:48,597 [INFO] PluginManage:310 - Check plugin filemanager
2024-08-15 14:25:48,666 [INFO] PluginManage:359 - Loaded plugin filemanager (category:base,tabindex:10)
2024-08-15 14:25:48,666 [INFO] PluginManage:310 - Check plugin ipmanager
2024-08-15 14:25:48,669 [INFO] PluginManage:359 - Loaded plugin ipmanager (category:base,tabindex:5)
2024-08-15 14:25:48,669 [INFO] PluginManage:310 - Check plugin lpbam
2024-08-15 14:25:48,673 [INFO] PluginManage:359 - Loaded plugin lpbam (category:base,tabindex:0)
2024-08-15 14:25:48,674 [INFO] PluginManage:310 - Check plugin memorymap
2024-08-15 14:25:48,679 [INFO] PluginManage:359 - Loaded plugin memorymap (category:base,tabindex:4)
2024-08-15 14:25:48,679 [INFO] PluginManage:310 - Check plugin pinoutandconfiguration
2024-08-15 14:25:48,683 [INFO] PluginManage:359 - Loaded plugin pinoutandconfiguration (category:base,tabindex:1)
2024-08-15 14:25:48,683 [INFO] PluginManage:310 - Check plugin pinoutconfig
2024-08-15 14:25:48,727 [WARN] SupportedApi:132 - Cannot load RTOS API schema: s4s-elt-must-match.1: The content of 'definitions' must match (annotation?, (simpleType | complexType)?, (unique | key | keyref)*)). A problem was found starting at: attribute.
2024-08-15 14:25:48,806 [INFO] PluginManage:359 - Loaded plugin pinoutconfig (category:base,tabindex:0)
2024-08-15 14:25:48,806 [INFO] PluginManage:310 - Check plugin power
2024-08-15 14:25:48,811 [INFO] PluginManage:359 - Loaded plugin power (category:power,tabindex:4)
2024-08-15 14:25:48,811 [INFO] PluginManage:310 - Check plugin projectmanager
2024-08-15 14:25:48,819 [INFO] PluginManage:359 - Loaded plugin projectmanager (category:projectmanager,tabindex:3)
2024-08-15 14:25:48,819 [INFO] PluginManage:310 - Check plugin thirdparty
2024-08-15 14:25:48,883 [INFO] PluginManage:359 - Loaded plugin thirdparty (category:base,tabindex:-1)
2024-08-15 14:25:48,883 [WARN] IntegrityCheckThread:84 - waiting for thirdparty lock release [integrity check]
2024-08-15 14:25:48,883 [INFO] PluginManage:310 - Check plugin tools
2024-08-15 14:25:48,883 [INFO] IntegrityCheckThread:86 - entering critical section [integrity check]
2024-08-15 14:25:48,883 [INFO] ThirdPartyUpdaterWithRetryManager:70 - Updater plugin not ready yet. [1/15]
2024-08-15 14:25:48,884 [INFO] PluginManage:359 - Loaded plugin tools (category:base,tabindex:7)
2024-08-15 14:25:48,885 [INFO] PluginManage:310 - Check plugin tutovideos
2024-08-15 14:25:48,977 [INFO] PluginManage:359 - Loaded plugin tutovideos (category:base,tabindex:-1)
2024-08-15 14:25:48,978 [INFO] PluginManage:310 - Check plugin updater
2024-08-15 14:25:48,983 [INFO] PluginManage:359 - Loaded plugin updater (category:base,tabindex:12)
2024-08-15 14:25:48,983 [INFO] PluginManage:310 - Check plugin userauth
2024-08-15 14:25:48,986 [INFO] UserAuth:114 - Init User Auth plugin
2024-08-15 14:25:48,986 [INFO] PluginManage:359 - Loaded plugin userauth (category:base,tabindex:14)
2024-08-15 14:25:48,987 [INFO] PluginManage:283 - PluginManage : Loaded plugins [17]
2024-08-15 14:25:49,081 [INFO] PinOutPanel:1561 - setPackage(No Configuration,No Configuration)
2024-08-15 14:25:49,112 [INFO] CADModel:165 - CPN selected for project level
2024-08-15 14:25:49,112 [INFO] CADModel:114 - Register for checkConnection events
2024-08-15 14:25:49,119 [INFO] IPUIPlugin:80 - create IPUIPlugin
2024-08-15 14:25:49,119 [INFO] PluginManager:220 - loadIPPluginJar : add ucpd
2024-08-15 14:25:49,120 [INFO] IPUIPlugin:80 - create IPUIPlugin
2024-08-15 14:25:49,120 [INFO] PluginManager:220 - loadIPPluginJar : add ltdc
2024-08-15 14:25:49,123 [INFO] IPUIPlugin:80 - create IPUIPlugin
2024-08-15 14:25:49,125 [INFO] PluginManager:220 - loadIPPluginJar : add plateformsettings
2024-08-15 14:25:49,128 [INFO] IPUIPlugin:80 - create IPUIPlugin
2024-08-15 14:25:49,128 [INFO] PluginManager:220 - loadIPPluginJar : add hash
2024-08-15 14:25:49,130 [INFO] IPUIPlugin:80 - create IPUIPlugin
2024-08-15 14:25:49,130 [INFO] PluginManager:220 - loadIPPluginJar : add gfxmmu
2024-08-15 14:25:49,133 [INFO] IPUIPlugin:80 - create IPUIPlugin
2024-08-15 14:25:49,133 [INFO] PluginManager:220 - loadIPPluginJar : add stm32_wpan
2024-08-15 14:25:49,134 [INFO] IPUIPlugin:80 - create IPUIPlugin
2024-08-15 14:25:49,134 [INFO] PluginManager:220 - loadIPPluginJar : add ts
2024-08-15 14:25:49,134 [INFO] IPUIPlugin:80 - create IPUIPlugin
2024-08-15 14:25:49,134 [INFO] PluginManager:220 - loadIPPluginJar : add quadspi
2024-08-15 14:25:49,135 [INFO] IPUIPlugin:80 - create IPUIPlugin
2024-08-15 14:25:49,136 [INFO] PluginManager:220 - loadIPPluginJar : add usbx
2024-08-15 14:25:49,136 [INFO] IPUIPlugin:80 - create IPUIPlugin
2024-08-15 14:25:49,136 [INFO] PluginManager:220 - loadIPPluginJar : add aes
2024-08-15 14:25:49,138 [INFO] IPUIPlugin:80 - create IPUIPlugin
2024-08-15 14:25:49,138 [INFO] PluginManager:220 - loadIPPluginJar : add nvic
2024-08-15 14:25:49,141 [INFO] IPUIPlugin:80 - create IPUIPlugin
2024-08-15 14:25:49,141 [INFO] PluginManager:220 - loadIPPluginJar : add adc
2024-08-15 14:25:49,143 [INFO] IPUIPlugin:80 - create IPUIPlugin
2024-08-15 14:25:49,143 [INFO] PluginManager:220 - loadIPPluginJar : add cryp
2024-08-15 14:25:49,144 [INFO] IPUIPlugin:80 - create IPUIPlugin
2024-08-15 14:25:49,144 [INFO] PluginManager:220 - loadIPPluginJar : add touchsensing
2024-08-15 14:25:49,147 [INFO] IPUIPlugin:80 - create IPUIPlugin
2024-08-15 14:25:49,147 [INFO] PluginManager:220 - loadIPPluginJar : add fmc
2024-08-15 14:25:49,148 [INFO] IPUIPlugin:80 - create IPUIPlugin
2024-08-15 14:25:49,149 [INFO] PluginManager:220 - loadIPPluginJar : add openamp
2024-08-15 14:25:49,153 [INFO] IPUIPlugin:80 - create IPUIPlugin
2024-08-15 14:25:49,153 [INFO] PluginManager:220 - loadIPPluginJar : add linkedlist
2024-08-15 14:25:49,154 [INFO] IPUIPlugin:80 - create IPUIPlugin
2024-08-15 14:25:49,154 [INFO] PluginManager:220 - loadIPPluginJar : add tracer_emb
2024-08-15 14:25:49,156 [INFO] IPUIPlugin:80 - create IPUIPlugin
2024-08-15 14:25:49,157 [INFO] PluginManager:220 - loadIPPluginJar : add dma
2024-08-15 14:25:49,158 [INFO] IPUIPlugin:80 - create IPUIPlugin
2024-08-15 14:25:49,158 [INFO] PluginManager:220 - loadIPPluginJar : add sai
2024-08-15 14:25:49,161 [INFO] IPUIPlugin:80 - create IPUIPlugin
2024-08-15 14:25:49,162 [INFO] PluginManager:220 - loadIPPluginJar : add freertos
2024-08-15 14:25:49,165 [INFO] IPUIPlugin:80 - create IPUIPlugin
2024-08-15 14:25:49,165 [INFO] PluginManager:220 - loadIPPluginJar : add mdma
2024-08-15 14:25:49,165 [INFO] IPUIPlugin:80 - create IPUIPlugin
2024-08-15 14:25:49,166 [INFO] PluginManager:220 - loadIPPluginJar : add genericplugin
2024-08-15 14:25:49,166 [INFO] IPUIPlugin:80 - create IPUIPlugin
2024-08-15 14:25:49,167 [INFO] PluginManager:220 - loadIPPluginJar : add tsc
2024-08-15 14:25:49,170 [INFO] IPUIPlugin:80 - create IPUIPlugin
2024-08-15 14:25:49,171 [INFO] PluginManager:220 - loadIPPluginJar : add pdm2pcm
2024-08-15 14:25:49,172 [INFO] IPUIPlugin:80 - create IPUIPlugin
2024-08-15 14:25:49,172 [INFO] PluginManager:220 - loadIPPluginJar : add fatfs
2024-08-15 14:25:49,173 [INFO] IPUIPlugin:80 - create IPUIPlugin
2024-08-15 14:25:49,173 [INFO] PluginManager:220 - loadIPPluginJar : add can
2024-08-15 14:25:49,174 [INFO] IPUIPlugin:80 - create IPUIPlugin
2024-08-15 14:25:49,174 [INFO] PluginManager:220 - loadIPPluginJar : add i3c
2024-08-15 14:25:49,175 [INFO] IPUIPlugin:80 - create IPUIPlugin
2024-08-15 14:25:49,175 [INFO] PluginManager:220 - loadIPPluginJar : add i2s
2024-08-15 14:25:49,176 [INFO] IPUIPlugin:80 - create IPUIPlugin
2024-08-15 14:25:49,176 [INFO] PluginManager:220 - loadIPPluginJar : add i2c
2024-08-15 14:25:49,177 [INFO] IPUIPlugin:80 - create IPUIPlugin
2024-08-15 14:25:49,177 [INFO] PluginManager:220 - loadIPPluginJar : add spi
2024-08-15 14:25:49,178 [INFO] IPUIPlugin:80 - create IPUIPlugin
2024-08-15 14:25:49,178 [INFO] PluginManager:220 - loadIPPluginJar : add dfsdm
2024-08-15 14:25:49,179 [INFO] IPUIPlugin:80 - create IPUIPlugin
2024-08-15 14:25:49,179 [INFO] PluginManager:220 - loadIPPluginJar : add tim
2024-08-15 14:25:49,180 [INFO] IPUIPlugin:80 - create IPUIPlugin
2024-08-15 14:25:49,180 [INFO] PluginManager:220 - loadIPPluginJar : add opamp
2024-08-15 14:25:49,181 [INFO] IPUIPlugin:80 - create IPUIPlugin
2024-08-15 14:25:49,181 [INFO] PluginManager:220 - loadIPPluginJar : add dma3
2024-08-15 14:25:49,182 [INFO] IPUIPlugin:80 - create IPUIPlugin
2024-08-15 14:25:49,182 [INFO] PluginManager:220 - loadIPPluginJar : add ipddr
2024-08-15 14:25:49,183 [INFO] IPUIPlugin:80 - create IPUIPlugin
2024-08-15 14:25:49,183 [INFO] PluginManager:220 - loadIPPluginJar : add comp
2024-08-15 14:25:49,185 [INFO] IPUIPlugin:80 - create IPUIPlugin
2024-08-15 14:25:49,185 [INFO] PluginManager:220 - loadIPPluginJar : add resmgrutility
2024-08-15 14:25:49,186 [INFO] IPUIPlugin:80 - create IPUIPlugin
2024-08-15 14:25:49,186 [INFO] PluginManager:220 - loadIPPluginJar : add extmemmanager
2024-08-15 14:25:49,187 [INFO] IPUIPlugin:80 - create IPUIPlugin
2024-08-15 14:25:49,187 [INFO] PluginManager:220 - loadIPPluginJar : add gtzc
2024-08-15 14:25:49,190 [INFO] IPUIPlugin:80 - create IPUIPlugin
2024-08-15 14:25:49,190 [INFO] PluginManager:220 - loadIPPluginJar : add gpio
2024-08-15 14:25:49,191 [INFO] IPUIPlugin:80 - create IPUIPlugin
2024-08-15 14:25:49,191 [INFO] PluginManager:220 - loadIPPluginJar : add usart
2024-08-15 14:25:49,192 [INFO] IPUIPlugin:80 - create IPUIPlugin
2024-08-15 14:25:49,192 [INFO] PluginManager:220 - loadIPPluginJar : add lorawan
2024-08-15 14:25:49,195 [INFO] IPUIPlugin:80 - create IPUIPlugin
2024-08-15 14:25:49,195 [INFO] PluginManager:220 - loadIPPluginJar : add gic
2024-08-15 14:25:49,284 [INFO] CADModel:165 - CPN selected for project level
2024-08-15 14:25:49,285 [INFO] CADModel:114 - Register for checkConnection events
2024-08-15 14:25:49,285 [FATAL] Updater:308 - Updater called before beeing initialized
2024-08-15 14:25:49,285 [ERROR] CADModel:125 - Updater not yet initialized, retry later 
2024-08-15 14:25:49,355 [INFO] CADModel:165 - CPN selected for project level
2024-08-15 14:25:49,355 [INFO] CADModel:114 - Register for checkConnection events
2024-08-15 14:25:49,355 [FATAL] Updater:308 - Updater called before beeing initialized
2024-08-15 14:25:49,355 [ERROR] CADModel:125 - Updater not yet initialized, retry later 
2024-08-15 14:25:49,357 [FATAL] Updater:308 - Updater called before beeing initialized
2024-08-15 14:25:49,404 [FATAL] Updater:308 - Updater called before beeing initialized
2024-08-15 14:25:49,407 [INFO] DbMcusAds:53 - JSON generation date=Thu May 16 11:22:00 CEST 2024 (1715851320667)
2024-08-15 14:25:49,407 [FATAL] Updater:308 - Updater called before beeing initialized
2024-08-15 14:25:49,428 [WARN] DetailPanel:346 - Failed to get advertising image, set to default
2024-08-15 14:25:49,493 [FATAL] Updater:308 - Updater called before beeing initialized
2024-08-15 14:25:49,495 [FATAL] Updater:308 - Updater called before beeing initialized
2024-08-15 14:25:49,495 [FATAL] Updater:308 - Updater called before beeing initialized
2024-08-15 14:25:49,495 [WARN] DetailPanel:346 - Failed to get advertising image, set to default
2024-08-15 14:25:49,496 [FATAL] Updater:308 - Updater called before beeing initialized
2024-08-15 14:25:49,515 [ERROR] Updater:1120 - MainUpdater not yet initialized. External WinMGr cannot be set.
2024-08-15 14:25:49,516 [INFO] Updater:1056 - Updater Version found : 6.11.1
2024-08-15 14:25:49,527 [INFO] ApplicationProperties:184 - Using Application install path: /home/frank/st/stm32cubeide_1.14.0/plugins/com.st.stm32cube.common.mx_6.11.1.202404110753
2024-08-15 14:25:49,749 [INFO] MainUpdater:2873 - connection check result : 22
2024-08-15 14:25:49,750 [INFO] MainUpdater:290 - Updater Check For Update Now.
2024-08-15 14:25:49,750 [INFO] MicroXplorer:498 - Change Database Version : DB.6.0.111
2024-08-15 14:25:49,759 [INFO] McuFinderGlobals:63 - Set McuFinder mode to 2 (CubeIDE integrated)
2024-08-15 14:25:49,764 [INFO] UserAuth:415 - Internet connection configuration mode: 2
2024-08-15 14:25:49,892 [INFO] CheckServerUpdateThread:120 - End of CheckServer Thread
2024-08-15 14:25:51,951 [WARN] PackLoader:240 - Cannot read IP mode file for STMicroelectronics.FP-SNS-MOTENVWB1.1.4.0
2024-08-15 14:25:51,955 [WARN] PackLoader:240 - Cannot read IP mode file for STMicroelectronics.X-CUBE-SMBUS.2.1.0
2024-08-15 14:25:51,957 [WARN] PackLoader:240 - Cannot read IP mode file for STMicroelectronics.X-CUBE-TOUCHGFX.4.23.2
2024-08-15 14:25:51,972 [WARN] PackLoader:240 - Cannot read IP mode file for STMicroelectronics.X-CUBE-AZRTOS-F7.1.1.0
2024-08-15 14:25:51,977 [WARN] PackLoader:240 - Cannot read IP mode file for STMicroelectronics.FP-SNS-MOTENV1.4.3.2
2024-08-15 14:25:51,980 [WARN] PackLoader:240 - Cannot read IP mode file for STMicroelectronics.FP-SNS-FLIGHT1.5.0.2
2024-08-15 14:25:51,984 [WARN] PackLoader:240 - Cannot read IP mode file for STMicroelectronics.X-CUBE-DISPLAY.3.0.0
2024-08-15 14:25:51,992 [WARN] PackLoader:240 - Cannot read IP mode file for STMicroelectronics.X-CUBE-BLE1.7.0.0
2024-08-15 14:25:51,995 [WARN] PackLoader:240 - Cannot read IP mode file for emotas.I-CUBE-CANOPEN.1.3.0
2024-08-15 14:25:52,003 [WARN] PackLoader:240 - Cannot read IP mode file for STMicroelectronics.X-CUBE-BLEMGR.3.1.0
2024-08-15 14:25:52,008 [WARN] PackLoader:240 - Cannot read IP mode file for STMicroelectronics.FP-SNS-SMARTAG2.1.2.0
2024-08-15 14:25:52,013 [INFO] LogOutputStream:77 - [STDOUT_REDIRECT] 1 : Invalid condition id : UX_CORESTACK_Condition cause : null
2024-08-15 14:25:52,014 [INFO] LogOutputStream:77 - [STDOUT_REDIRECT] 1 : Invalid condition id : UX_CORESTACK_Condition cause : null
2024-08-15 14:25:52,014 [INFO] LogOutputStream:77 - [STDOUT_REDIRECT] 1 : Invalid condition id : UX_CORESTACK_Condition cause : null
2024-08-15 14:25:52,014 [INFO] LogOutputStream:77 - [STDOUT_REDIRECT] 1 : Invalid condition id : UX_CORESTACK_Condition cause : null
2024-08-15 14:25:52,014 [INFO] LogOutputStream:77 - [STDOUT_REDIRECT] 1 : Invalid condition id : UX_CORESTACK_Condition cause : null
2024-08-15 14:25:52,016 [WARN] PackLoader:240 - Cannot read IP mode file for STMicroelectronics.X-CUBE-AZRTOS-WL.2.0.0
2024-08-15 14:25:52,019 [WARN] PackLoader:240 - Cannot read IP mode file for STMicroelectronics.FP-SNS-MOTENV1.5.0.0
2024-08-15 14:25:52,021 [WARN] PackLoader:240 - Cannot read IP mode file for wolfSSL.I-CUBE-wolfMQTT.1.19.0
2024-08-15 14:25:52,025 [WARN] PackLoader:240 - Cannot read IP mode file for WES.I-CUBE-Cesium.1.3.0
2024-08-15 14:25:52,028 [WARN] PackLoader:240 - Cannot read IP mode file for STMicroelectronics.X-CUBE-BLE2.3.3.0
2024-08-15 14:25:52,031 [WARN] PackLoader:240 - Cannot read IP mode file for STMicroelectronics.X-CUBE-TCPP.4.1.0
2024-08-15 14:25:52,039 [WARN] PackLoader:240 - Cannot read IP mode file for STMicroelectronics.X-CUBE-AZRTOS-G0.1.1.0
2024-08-15 14:25:52,055 [WARN] PackLoader:240 - Cannot read IP mode file for STMicroelectronics.X-CUBE-SAFEA1.1.2.2
2024-08-15 14:25:52,058 [WARN] PackLoader:240 - Cannot read IP mode file for STMicroelectronics.X-CUBE-NFC4.3.0.0
2024-08-15 14:25:52,060 [WARN] PackLoader:240 - Cannot read IP mode file for wolfSSL.I-CUBE-wolfMQTT.1.18.0
2024-08-15 14:25:52,064 [WARN] PackLoader:240 - Cannot read IP mode file for EmbeddedOffice.I-CUBE-FS-RTOS.1.0.1
2024-08-15 14:25:52,065 [ERROR] ConditionMgr:805 - Attr not supported : Dmpu
2024-08-15 14:25:52,065 [ERROR] ConditionMgr:805 - Attr not supported : Dmpu
2024-08-15 14:25:52,065 [ERROR] ConditionMgr:805 - Attr not supported : Dmpu
2024-08-15 14:25:52,065 [ERROR] ConditionMgr:805 - Attr not supported : Dmpu
2024-08-15 14:25:52,065 [ERROR] ConditionMgr:805 - Attr not supported : Dmpu
2024-08-15 14:25:52,065 [ERROR] ConditionMgr:805 - Attr not supported : Dmpu
2024-08-15 14:25:52,065 [ERROR] ConditionMgr:805 - Attr not supported : Dmpu
2024-08-15 14:25:52,065 [ERROR] ConditionMgr:805 - Attr not supported : Dmpu
2024-08-15 14:25:52,065 [ERROR] ConditionMgr:805 - Attr not supported : Dmpu
2024-08-15 14:25:52,065 [ERROR] ConditionMgr:805 - Attr not supported : Dmpu
2024-08-15 14:25:52,065 [ERROR] ConditionMgr:805 - Attr not supported : Dmpu
2024-08-15 14:25:52,065 [ERROR] ConditionMgr:805 - Attr not supported : Dmpu
2024-08-15 14:25:52,065 [ERROR] ConditionMgr:805 - Attr not supported : Dmpu
2024-08-15 14:25:52,065 [ERROR] ConditionMgr:805 - Attr not supported : Dmpu
2024-08-15 14:25:52,065 [ERROR] ConditionMgr:805 - Attr not supported : Dmpu
2024-08-15 14:25:52,066 [ERROR] ConditionMgr:805 - Attr not supported : Dmpu
2024-08-15 14:25:52,066 [ERROR] ConditionMgr:805 - Attr not supported : Dmpu
2024-08-15 14:25:52,066 [ERROR] ConditionMgr:805 - Attr not supported : Dmpu
2024-08-15 14:25:52,066 [ERROR] ConditionMgr:805 - Attr not supported : Dmpu
2024-08-15 14:25:52,066 [ERROR] ConditionMgr:805 - Attr not supported : Dmpu
2024-08-15 14:25:52,066 [ERROR] ConditionMgr:805 - Attr not supported : Dmpu
2024-08-15 14:25:52,066 [ERROR] ConditionMgr:805 - Attr not supported : Dmpu
2024-08-15 14:25:52,066 [ERROR] ConditionMgr:805 - Attr not supported : Dmpu
2024-08-15 14:25:52,066 [ERROR] ConditionMgr:805 - Attr not supported : Dmpu
2024-08-15 14:25:52,066 [ERROR] ConditionMgr:805 - Attr not supported : Dmpu
2024-08-15 14:25:52,066 [ERROR] ConditionMgr:805 - Attr not supported : Dmpu
2024-08-15 14:25:52,066 [ERROR] ConditionMgr:805 - Attr not supported : Dmpu
2024-08-15 14:25:52,066 [ERROR] ConditionMgr:805 - Attr not supported : Dmpu
2024-08-15 14:25:52,066 [ERROR] ConditionMgr:805 - Attr not supported : Dmpu
2024-08-15 14:25:52,066 [ERROR] ConditionMgr:805 - Attr not supported : Dmpu
2024-08-15 14:25:52,066 [ERROR] ConditionMgr:805 - Attr not supported : Dmpu
2024-08-15 14:25:52,066 [ERROR] ConditionMgr:805 - Attr not supported : Dmpu
2024-08-15 14:25:52,066 [ERROR] ConditionMgr:805 - Attr not supported : Dmpu
2024-08-15 14:25:52,067 [ERROR] ConditionMgr:805 - Attr not supported : Dmpu
2024-08-15 14:25:52,067 [ERROR] ConditionMgr:805 - Attr not supported : Dmpu
2024-08-15 14:25:52,067 [ERROR] ConditionMgr:805 - Attr not supported : Dmpu
2024-08-15 14:25:52,067 [ERROR] ConditionMgr:805 - Attr not supported : Dmpu
2024-08-15 14:25:52,067 [ERROR] ConditionMgr:805 - Attr not supported : Dmpu
2024-08-15 14:25:52,067 [ERROR] ConditionMgr:805 - Attr not supported : Dmpu
2024-08-15 14:25:52,067 [ERROR] ConditionMgr:805 - Attr not supported : Dmpu
2024-08-15 14:25:52,067 [ERROR] ConditionMgr:805 - Attr not supported : Dmpu
2024-08-15 14:25:52,067 [ERROR] ConditionMgr:805 - Attr not supported : Dmpu
2024-08-15 14:25:52,067 [ERROR] ConditionMgr:805 - Attr not supported : Dmpu
2024-08-15 14:25:52,067 [ERROR] ConditionMgr:805 - Attr not supported : Dmpu
2024-08-15 14:25:52,068 [ERROR] ConditionMgr:805 - Attr not supported : Dmpu
2024-08-15 14:25:52,068 [ERROR] ConditionMgr:805 - Attr not supported : Dmpu
2024-08-15 14:25:52,068 [ERROR] ConditionMgr:805 - Attr not supported : Dmpu
2024-08-15 14:25:52,068 [ERROR] ConditionMgr:805 - Attr not supported : Dmpu
2024-08-15 14:25:52,068 [ERROR] ConditionMgr:805 - Attr not supported : Dmpu
2024-08-15 14:25:52,068 [ERROR] ConditionMgr:805 - Attr not supported : Dmpu
2024-08-15 14:25:52,068 [ERROR] ConditionMgr:805 - Attr not supported : Dmpu
2024-08-15 14:25:52,068 [ERROR] ConditionMgr:805 - Attr not supported : Dmpu
2024-08-15 14:25:52,068 [ERROR] ConditionMgr:805 - Attr not supported : Dmpu
2024-08-15 14:25:52,068 [ERROR] ConditionMgr:805 - Attr not supported : Dmpu
2024-08-15 14:25:52,068 [ERROR] ConditionMgr:805 - Attr not supported : Dmpu
2024-08-15 14:25:52,068 [ERROR] ConditionMgr:805 - Attr not supported : Dmpu
2024-08-15 14:25:52,068 [ERROR] ConditionMgr:805 - Attr not supported : Dmpu
2024-08-15 14:25:52,068 [ERROR] ConditionMgr:805 - Attr not supported : Dmpu
2024-08-15 14:25:52,068 [ERROR] ConditionMgr:805 - Attr not supported : Dmpu
2024-08-15 14:25:52,068 [ERROR] ConditionMgr:805 - Attr not supported : Dmpu
2024-08-15 14:25:52,068 [ERROR] ConditionMgr:805 - Attr not supported : Dmpu
2024-08-15 14:25:52,068 [ERROR] ConditionMgr:805 - Attr not supported : Dmpu
2024-08-15 14:25:52,069 [ERROR] ConditionMgr:805 - Attr not supported : Dmpu
2024-08-15 14:25:52,069 [ERROR] ConditionMgr:805 - Attr not supported : Dmpu
2024-08-15 14:25:52,071 [WARN] PackLoader:240 - Cannot read IP mode file for RealThread.X-CUBE-RT-Thread_Nano.4.1.1
2024-08-15 14:25:52,073 [WARN] PackLoader:240 - Cannot read IP mode file for wolfSSL.I-CUBE-wolfSSL.5.7.0
2024-08-15 14:25:52,074 [WARN] PackLoader:240 - Cannot read IP mode file for STMicroelectronics.FP-ATR-SIGFOX1.3.2.0
2024-08-15 14:25:52,076 [WARN] PackLoader:240 - Cannot read IP mode file for STMicroelectronics.X-CUBE-EEPRMA1.5.1.0
2024-08-15 14:25:52,080 [WARN] PackLoader:240 - Cannot read IP mode file for ITTIA_DB.I-CUBE-ITTIADB.8.9.0
2024-08-15 14:25:52,095 [WARN] PackLoader:240 - Cannot read IP mode file for SEGGER.I-CUBE-embOS.1.3.1
2024-08-15 14:25:52,120 [WARN] PackLoader:240 - Cannot read IP mode file for STMicroelectronics.X-CUBE-ALGOBUILD.1.4.0
2024-08-15 14:25:52,123 [WARN] PackLoader:240 - Cannot read IP mode file for STMicroelectronics.X-CUBE-GNSS1.6.0.0
2024-08-15 14:25:52,132 [WARN] PackLoader:240 - Cannot read IP mode file for STMicroelectronics.X-CUBE-AZRTOS-F4.1.1.0
2024-08-15 14:25:52,136 [WARN] PackLoader:240 - Cannot read IP mode file for STMicroelectronics.X-CUBE-FREERTOS.1.2.0
2024-08-15 14:25:52,145 [WARN] PackLoader:240 - Cannot read IP mode file for STMicroelectronics.X-CUBE-AZRTOS-L5.2.0.0
2024-08-15 14:25:52,150 [WARN] PackLoader:240 - Cannot read IP mode file for STMicroelectronics.X-CUBE-NFC6.3.1.0
2024-08-15 14:25:52,154 [WARN] PackLoader:240 - Cannot read IP mode file for STMicroelectronics.X-CUBE-DPower.1.2.0
2024-08-15 14:25:52,156 [WARN] PackLoader:240 - Cannot read IP mode file for STMicroelectronics.X-CUBE-AI.9.0.0
2024-08-15 14:25:52,158 [WARN] PackLoader:240 - Cannot read IP mode file for STMicroelectronics.X-CUBE-NFC7.1.0.1
2024-08-15 14:25:52,160 [WARN] PackLoader:240 - Cannot read IP mode file for wolfSSL.I-CUBE-wolfTPM.3.2.0
2024-08-15 14:25:52,162 [WARN] PackLoader:240 - Cannot read IP mode file for STMicroelectronics.X-CUBE-AI.8.1.0
2024-08-15 14:25:52,175 [WARN] ConditionMgr:438 - getConditionDescription Invalid condition id : LAN8742 Phy interface Condition cause : null
2024-08-15 14:25:52,176 [WARN] PackLoader:240 - Cannot read IP mode file for STMicroelectronics.X-CUBE-AZRTOS-L4.2.0.0
2024-08-15 14:25:52,177 [WARN] ConditionMgr:1039 - genDependencies : Invalid condition id : LAN8742 Phy interface Condition cause : null
2024-08-15 14:25:52,177 [WARN] ConditionMgr:1039 - genDependencies : Invalid condition id : LAN8742 Phy interface Condition cause : null
2024-08-15 14:25:52,178 [WARN] ConditionMgr:1039 - genDependencies : Invalid condition id : LAN8742 Phy interface Condition cause : null
2024-08-15 14:25:52,184 [WARN] PackLoader:240 - Cannot read IP mode file for STMicroelectronics.X-CUBE-SFXS2LP1.4.0.0
2024-08-15 14:25:52,201 [WARN] PackLoader:240 - Cannot read IP mode file for STMicroelectronics.X-CUBE-AZRTOS-H7.3.3.0
2024-08-15 14:25:52,215 [WARN] ConditionMgr:438 - getConditionDescription Invalid condition id : UX DEVICE CLASS RTOS Condition cause : null
2024-08-15 14:25:52,215 [WARN] ConditionMgr:438 - getConditionDescription Invalid condition id : UX DEVICE CLASS RTOS Condition cause : null
2024-08-15 14:25:52,217 [WARN] PackLoader:240 - Cannot read IP mode file for STMicroelectronics.X-CUBE-AZRTOS-WB.2.0.0
2024-08-15 14:25:52,217 [WARN] ConditionMgr:1039 - genDependencies : Invalid condition id : UX DEVICE CLASS RTOS Condition cause : null
2024-08-15 14:25:52,217 [WARN] ConditionMgr:1039 - genDependencies : Invalid condition id : UX DEVICE CLASS RTOS Condition cause : null
2024-08-15 14:25:52,218 [WARN] ConditionMgr:1039 - genDependencies : Invalid condition id : UX DEVICE CLASS RTOS Condition cause : null
2024-08-15 14:25:52,218 [WARN] ConditionMgr:1039 - genDependencies : Invalid condition id : UX DEVICE CLASS RTOS Condition cause : null
2024-08-15 14:25:52,218 [WARN] ConditionMgr:1039 - genDependencies : Invalid condition id : UX DEVICE CLASS RTOS Condition cause : null
2024-08-15 14:25:52,224 [WARN] PackLoader:240 - Cannot read IP mode file for STMicroelectronics.FP-SNS-STBOX1.2.0.0
2024-08-15 14:25:52,245 [WARN] PackLoader:240 - Cannot read IP mode file for STMicroelectronics.X-CUBE-SUBG2.5.0.0
2024-08-15 14:25:52,251 [WARN] PackLoader:240 - Cannot read IP mode file for Cesanta.I-CUBE-Mongoose.7.13.0
2024-08-15 14:25:52,260 [WARN] PackLoader:240 - Cannot read IP mode file for STMicroelectronics.X-CUBE-AZRTOS-G4.2.0.0
2024-08-15 14:25:52,264 [WARN] PackLoader:240 - Cannot read IP mode file for STMicroelectronics.FP-SNS-MOTENVWB1.1.3.1
2024-08-15 14:25:52,268 [WARN] PackLoader:240 - Cannot read IP mode file for STMicroelectronics.X-CUBE-ISPU.2.0.0
2024-08-15 14:25:52,270 [WARN] PackLoader:240 - Cannot read IP mode file for STMicroelectronics.X-CUBE-ALS.1.0.2
2024-08-15 14:25:52,292 [WARN] PackLoader:240 - Cannot read IP mode file for STMicroelectronics.X-CUBE-MEMS1.10.0.0
2024-08-15 14:25:52,353 [WARN] PackLoader:240 - Cannot read IP mode file for STMicroelectronics.X-CUBE-TOUCHGFX.4.24.0
2024-08-15 14:25:52,356 [WARN] PackLoader:240 - Cannot read IP mode file for portGmbH.I-Cube-SoM-uGOAL.1.1.0
2024-08-15 14:25:52,358 [WARN] PackLoader:240 - Cannot read IP mode file for STMicroelectronics.X-CUBE-ALS.1.0.1
2024-08-15 14:25:52,367 [WARN] PackLoader:240 - Cannot read IP mode file for STMicroelectronics.X-CUBE-AZRTOS-H7RS.1.0.0
2024-08-15 14:25:52,370 [WARN] PackLoader:240 - Cannot read IP mode file for STMicroelectronics.FP-ATR-ASTRA1.2.0.0
2024-08-15 14:25:52,376 [WARN] PackLoader:240 - Cannot read IP mode file for STMicroelectronics.X-CUBE-TOF1.3.4.2
2024-08-15 14:25:52,386 [WARN] PackLoader:240 - Cannot read IP mode file for STMicroelectronics.X-CUBE-TOF1.3.4.1
2024-08-15 14:25:52,400 [WARN] PackLoader:240 - Cannot read IP mode file for STMicroelectronics.X-CUBE-AZRTOS-H7.3.2.0
2024-08-15 14:25:52,414 [WARN] PackLoader:240 - Cannot read IP mode file for Infineon.AIROC-Wi-Fi-Bluetooth-STM32.1.6.0
2024-08-15 14:25:52,420 [WARN] PackLoader:240 - Cannot read IP mode file for wolfSSL.I-CUBE-wolfSSH.1.4.17
2024-08-15 14:25:52,421 [INFO] ThirdParty:978 - Integrity check success = true
2024-08-15 14:25:52,421 [INFO] IntegrityCheckThread:100 - exiting critical section [integrity check]
2024-08-15 14:25:52,421 [INFO] IntegrityCheckThread:103 - End integrity checks thread
