2024-07-06 07:29:33,659 [INFO] Activator:176 - 


2024-07-06 07:29:33,662 [INFO] Activator:177 - !SESSION log4j initialized
2024-07-06 07:29:36,705 [INFO] LogOutputStream:77 - [STDOUT_REDIRECT] 
2024-07-06 07:29:37,450 [INFO] ApplicationProperties:184 - Using Application install path: /home/frank/st/stm32cubeide_1.14.0/plugins/com.st.stm32cube.common.mx_6.11.1.202404110753
2024-07-06 07:29:37,459 [INFO] DbMcusXml:78 - Set database path to: /home/frank/st/stm32cubeide_1.14.0/plugins/com.st.stm32cube.common.mx_6.11.1.202404110753//db//mcu/
2024-07-06 07:29:37,459 [INFO] ApiDb:274 - Set plugin database path to: /home/frank/st/stm32cubeide_1.14.0/plugins/com.st.stm32cube.common.mx_6.11.1.202404110753//db//plugins/boardmanager/
2024-07-06 07:29:37,460 [WARN] ApiDb:259 - Overriding images path with different value:  => /home/frank/st/stm32cubeide_1.14.0/plugins/com.st.stm32cube.common.mx_6.11.1.202404110753//db//plugins/mcufinder/images/
2024-07-06 07:29:37,463 [INFO] ApiDb:250 - Set database path to: /home/frank/.stmcufinder/plugins/mcufinder//mcu/
2024-07-06 07:29:37,464 [INFO] DbMcusAds:125 - Set database path to: /home/frank/.stmcufinder/plugins/mcufinder//mcu/
2024-07-06 07:29:37,465 [INFO] CrossReferenceDbSqlite:203 - Set database path to: /home/frank/.stmcufinder/plugins/mcufinder//mcu/cs/
2024-07-06 07:29:37,528 [INFO] RulesReader:64 - Compatibility file has been processed (297 Rules)
2024-07-06 07:29:37,567 [INFO] DbMcusXml:78 - Set database path to: /home/frank/st/stm32cubeide_1.14.0/plugins/com.st.stm32cube.common.mx_6.11.1.202404110753//db//mcu/
2024-07-06 07:29:37,567 [INFO] ApiDb:274 - Set plugin database path to: /home/frank/st/stm32cubeide_1.14.0/plugins/com.st.stm32cube.common.mx_6.11.1.202404110753//db//plugins/boardmanager/
2024-07-06 07:29:37,568 [INFO] ApiDb:261 - Set plugin images path to: /home/frank/st/stm32cubeide_1.14.0/plugins/com.st.stm32cube.common.mx_6.11.1.202404110753//db//plugins/mcufinder/images/
2024-07-06 07:29:37,568 [WARN] DbFile:41 - Overriding database path with different value: /home/frank/.stmcufinder/plugins/mcufinder/ => /home/frank/.stmcufinder/plugins/mcufinder
2024-07-06 07:29:37,568 [INFO] ApiDb:250 - Set database path to: /home/frank/.stmcufinder/plugins/mcufinder//mcu/
2024-07-06 07:29:37,568 [WARN] DbFile:41 - Overriding database path with different value: /home/frank/.stmcufinder/plugins/mcufinder/ => /home/frank/.stmcufinder/plugins/mcufinder
2024-07-06 07:29:37,568 [INFO] DbMcusAds:125 - Set database path to: /home/frank/.stmcufinder/plugins/mcufinder//mcu/
2024-07-06 07:29:37,568 [WARN] DbFile:41 - Overriding database path with different value: /home/frank/.stmcufinder/plugins/mcufinder/ => /home/frank/.stmcufinder/plugins/mcufinder
2024-07-06 07:29:37,568 [WARN] DbFile:41 - Overriding database path with different value: /home/frank/.stmcufinder/plugins/mcufinder/ => /home/frank/.stmcufinder/plugins/mcufinder
2024-07-06 07:29:37,568 [INFO] CrossReferenceDbSqlite:203 - Set database path to: /home/frank/.stmcufinder/plugins/mcufinder//mcu/cs/
2024-07-06 07:29:37,614 [INFO] MainPanel:264 - HeapMemory: 268435456
2024-07-06 07:29:37,663 [INFO] DbMcusXml:78 - Set database path to: /home/frank/st/stm32cubeide_1.14.0/plugins/com.st.stm32cube.common.mx_6.11.1.202404110753//db//mcu/
2024-07-06 07:29:37,663 [INFO] ApiDb:274 - Set plugin database path to: /home/frank/st/stm32cubeide_1.14.0/plugins/com.st.stm32cube.common.mx_6.11.1.202404110753//db//plugins/boardmanager/
2024-07-06 07:29:37,663 [INFO] ApiDb:261 - Set plugin images path to: /home/frank/st/stm32cubeide_1.14.0/plugins/com.st.stm32cube.common.mx_6.11.1.202404110753//db//plugins/mcufinder/images/
2024-07-06 07:29:37,663 [WARN] DbFile:41 - Overriding database path with different value: /home/frank/.stmcufinder/plugins/mcufinder/ => /home/frank/.stmcufinder/plugins/mcufinder
2024-07-06 07:29:37,663 [INFO] ApiDb:250 - Set database path to: /home/frank/.stmcufinder/plugins/mcufinder//mcu/
2024-07-06 07:29:37,663 [WARN] DbFile:41 - Overriding database path with different value: /home/frank/.stmcufinder/plugins/mcufinder/ => /home/frank/.stmcufinder/plugins/mcufinder
2024-07-06 07:29:37,663 [INFO] DbMcusAds:125 - Set database path to: /home/frank/.stmcufinder/plugins/mcufinder//mcu/
2024-07-06 07:29:37,663 [WARN] DbFile:41 - Overriding database path with different value: /home/frank/.stmcufinder/plugins/mcufinder/ => /home/frank/.stmcufinder/plugins/mcufinder
2024-07-06 07:29:37,663 [WARN] DbFile:41 - Overriding database path with different value: /home/frank/.stmcufinder/plugins/mcufinder/ => /home/frank/.stmcufinder/plugins/mcufinder
2024-07-06 07:29:37,663 [INFO] CrossReferenceDbSqlite:203 - Set database path to: /home/frank/.stmcufinder/plugins/mcufinder//mcu/cs/
2024-07-06 07:29:37,672 [INFO] ApplicationProperties:184 - Using Application install path: /home/frank/st/stm32cubeide_1.14.0/plugins/com.st.stm32cube.common.mx_6.11.1.202404110753
2024-07-06 07:29:37,673 [INFO] PluginManage:196 - Search for loadable plugins [exclusion list=, ]
2024-07-06 07:29:37,673 [INFO] PluginManage:310 - Check plugin analytics
2024-07-06 07:29:37,742 [INFO] AnalyticsPlugin:253 - Accepted Software Licenses: 
2024-07-06 07:29:37,742 [INFO] AnalyticsPlugin:255 - Accepted CMSIS Pack Licenses: 
2024-07-06 07:29:37,742 [INFO] AnalyticsPlugin:257 - Accepted Firmware Licenses: FW.F4.1.28.0,FW.F4.1.27.0
2024-07-06 07:29:37,743 [INFO] PluginManage:359 - Loaded plugin analytics (category:tool,tabindex:-1)
2024-07-06 07:29:37,743 [INFO] PluginManage:310 - Check plugin cadmodel
2024-07-06 07:29:37,757 [INFO] CADModel:105 - Init CAD model plugin
2024-07-06 07:29:37,757 [INFO] PluginManage:359 - Loaded plugin cadmodel (category:power,tabindex:5)
2024-07-06 07:29:37,757 [INFO] PluginManage:310 - Check plugin clock
2024-07-06 07:29:37,762 [INFO] PluginManage:359 - Loaded plugin clock (category:base,tabindex:2)
2024-07-06 07:29:37,762 [INFO] PluginManage:310 - Check plugin ddr
2024-07-06 07:29:37,763 [INFO] PluginManage:359 - Loaded plugin ddr (category:tool,tabindex:6)
2024-07-06 07:29:37,763 [INFO] PluginManage:310 - Check plugin filemanager
2024-07-06 07:29:37,842 [INFO] PluginManage:359 - Loaded plugin filemanager (category:base,tabindex:10)
2024-07-06 07:29:37,842 [INFO] PluginManage:310 - Check plugin ipmanager
2024-07-06 07:29:37,845 [INFO] PluginManage:359 - Loaded plugin ipmanager (category:base,tabindex:5)
2024-07-06 07:29:37,845 [INFO] PluginManage:310 - Check plugin lpbam
2024-07-06 07:29:37,850 [INFO] PluginManage:359 - Loaded plugin lpbam (category:base,tabindex:0)
2024-07-06 07:29:37,850 [INFO] PluginManage:310 - Check plugin memorymap
2024-07-06 07:29:37,856 [INFO] PluginManage:359 - Loaded plugin memorymap (category:base,tabindex:4)
2024-07-06 07:29:37,856 [INFO] PluginManage:310 - Check plugin pinoutandconfiguration
2024-07-06 07:29:37,861 [INFO] PluginManage:359 - Loaded plugin pinoutandconfiguration (category:base,tabindex:1)
2024-07-06 07:29:37,861 [INFO] PluginManage:310 - Check plugin pinoutconfig
2024-07-06 07:29:37,906 [WARN] SupportedApi:132 - Cannot load RTOS API schema: s4s-elt-must-match.1: The content of 'definitions' must match (annotation?, (simpleType | complexType)?, (unique | key | keyref)*)). A problem was found starting at: attribute.
2024-07-06 07:29:37,977 [INFO] PluginManage:359 - Loaded plugin pinoutconfig (category:base,tabindex:0)
2024-07-06 07:29:37,977 [INFO] PluginManage:310 - Check plugin power
2024-07-06 07:29:37,984 [INFO] PluginManage:359 - Loaded plugin power (category:power,tabindex:4)
2024-07-06 07:29:37,984 [INFO] PluginManage:310 - Check plugin projectmanager
2024-07-06 07:29:37,993 [INFO] PluginManage:359 - Loaded plugin projectmanager (category:projectmanager,tabindex:3)
2024-07-06 07:29:37,993 [INFO] PluginManage:310 - Check plugin thirdparty
2024-07-06 07:29:38,064 [INFO] PluginManage:359 - Loaded plugin thirdparty (category:base,tabindex:-1)
2024-07-06 07:29:38,064 [WARN] IntegrityCheckThread:84 - waiting for thirdparty lock release [integrity check]
2024-07-06 07:29:38,064 [INFO] IntegrityCheckThread:86 - entering critical section [integrity check]
2024-07-06 07:29:38,064 [INFO] PluginManage:310 - Check plugin tools
2024-07-06 07:29:38,065 [INFO] ThirdPartyUpdaterWithRetryManager:70 - Updater plugin not ready yet. [1/15]
2024-07-06 07:29:38,066 [INFO] PluginManage:359 - Loaded plugin tools (category:base,tabindex:7)
2024-07-06 07:29:38,066 [INFO] PluginManage:310 - Check plugin tutovideos
2024-07-06 07:29:38,157 [INFO] PluginManage:359 - Loaded plugin tutovideos (category:base,tabindex:-1)
2024-07-06 07:29:38,157 [INFO] PluginManage:310 - Check plugin updater
2024-07-06 07:29:38,163 [INFO] PluginManage:359 - Loaded plugin updater (category:base,tabindex:12)
2024-07-06 07:29:38,163 [INFO] PluginManage:310 - Check plugin userauth
2024-07-06 07:29:38,166 [INFO] UserAuth:114 - Init User Auth plugin
2024-07-06 07:29:38,167 [INFO] PluginManage:359 - Loaded plugin userauth (category:base,tabindex:14)
2024-07-06 07:29:38,167 [INFO] PluginManage:283 - PluginManage : Loaded plugins [17]
2024-07-06 07:29:38,284 [INFO] PinOutPanel:1561 - setPackage(No Configuration,No Configuration)
2024-07-06 07:29:38,322 [INFO] CADModel:165 - CPN selected for project level
2024-07-06 07:29:38,322 [INFO] CADModel:114 - Register for checkConnection events
2024-07-06 07:29:38,329 [INFO] IPUIPlugin:80 - create IPUIPlugin
2024-07-06 07:29:38,329 [INFO] PluginManager:220 - loadIPPluginJar : add ucpd
2024-07-06 07:29:38,330 [INFO] IPUIPlugin:80 - create IPUIPlugin
2024-07-06 07:29:38,330 [INFO] PluginManager:220 - loadIPPluginJar : add ltdc
2024-07-06 07:29:38,335 [INFO] IPUIPlugin:80 - create IPUIPlugin
2024-07-06 07:29:38,337 [INFO] PluginManager:220 - loadIPPluginJar : add plateformsettings
2024-07-06 07:29:38,340 [INFO] IPUIPlugin:80 - create IPUIPlugin
2024-07-06 07:29:38,340 [INFO] PluginManager:220 - loadIPPluginJar : add hash
2024-07-06 07:29:38,341 [INFO] IPUIPlugin:80 - create IPUIPlugin
2024-07-06 07:29:38,342 [INFO] PluginManager:220 - loadIPPluginJar : add gfxmmu
2024-07-06 07:29:38,346 [INFO] IPUIPlugin:80 - create IPUIPlugin
2024-07-06 07:29:38,346 [INFO] PluginManager:220 - loadIPPluginJar : add stm32_wpan
2024-07-06 07:29:38,347 [INFO] IPUIPlugin:80 - create IPUIPlugin
2024-07-06 07:29:38,347 [INFO] PluginManager:220 - loadIPPluginJar : add ts
2024-07-06 07:29:38,347 [INFO] IPUIPlugin:80 - create IPUIPlugin
2024-07-06 07:29:38,348 [INFO] PluginManager:220 - loadIPPluginJar : add quadspi
2024-07-06 07:29:38,349 [INFO] IPUIPlugin:80 - create IPUIPlugin
2024-07-06 07:29:38,349 [INFO] PluginManager:220 - loadIPPluginJar : add usbx
2024-07-06 07:29:38,350 [INFO] IPUIPlugin:80 - create IPUIPlugin
2024-07-06 07:29:38,350 [INFO] PluginManager:220 - loadIPPluginJar : add aes
2024-07-06 07:29:38,352 [INFO] IPUIPlugin:80 - create IPUIPlugin
2024-07-06 07:29:38,352 [INFO] PluginManager:220 - loadIPPluginJar : add nvic
2024-07-06 07:29:38,355 [INFO] IPUIPlugin:80 - create IPUIPlugin
2024-07-06 07:29:38,355 [INFO] PluginManager:220 - loadIPPluginJar : add adc
2024-07-06 07:29:38,356 [INFO] IPUIPlugin:80 - create IPUIPlugin
2024-07-06 07:29:38,357 [INFO] PluginManager:220 - loadIPPluginJar : add cryp
2024-07-06 07:29:38,358 [INFO] IPUIPlugin:80 - create IPUIPlugin
2024-07-06 07:29:38,358 [INFO] PluginManager:220 - loadIPPluginJar : add touchsensing
2024-07-06 07:29:38,360 [INFO] IPUIPlugin:80 - create IPUIPlugin
2024-07-06 07:29:38,361 [INFO] PluginManager:220 - loadIPPluginJar : add fmc
2024-07-06 07:29:38,362 [INFO] IPUIPlugin:80 - create IPUIPlugin
2024-07-06 07:29:38,362 [INFO] PluginManager:220 - loadIPPluginJar : add openamp
2024-07-06 07:29:38,367 [INFO] IPUIPlugin:80 - create IPUIPlugin
2024-07-06 07:29:38,367 [INFO] PluginManager:220 - loadIPPluginJar : add linkedlist
2024-07-06 07:29:38,368 [INFO] IPUIPlugin:80 - create IPUIPlugin
2024-07-06 07:29:38,368 [INFO] PluginManager:220 - loadIPPluginJar : add tracer_emb
2024-07-06 07:29:38,372 [INFO] IPUIPlugin:80 - create IPUIPlugin
2024-07-06 07:29:38,372 [INFO] PluginManager:220 - loadIPPluginJar : add dma
2024-07-06 07:29:38,374 [INFO] IPUIPlugin:80 - create IPUIPlugin
2024-07-06 07:29:38,374 [INFO] PluginManager:220 - loadIPPluginJar : add sai
2024-07-06 07:29:38,378 [INFO] IPUIPlugin:80 - create IPUIPlugin
2024-07-06 07:29:38,378 [INFO] PluginManager:220 - loadIPPluginJar : add freertos
2024-07-06 07:29:38,382 [INFO] IPUIPlugin:80 - create IPUIPlugin
2024-07-06 07:29:38,382 [INFO] PluginManager:220 - loadIPPluginJar : add mdma
2024-07-06 07:29:38,383 [INFO] IPUIPlugin:80 - create IPUIPlugin
2024-07-06 07:29:38,383 [INFO] PluginManager:220 - loadIPPluginJar : add genericplugin
2024-07-06 07:29:38,384 [INFO] IPUIPlugin:80 - create IPUIPlugin
2024-07-06 07:29:38,384 [INFO] PluginManager:220 - loadIPPluginJar : add tsc
2024-07-06 07:29:38,386 [INFO] IPUIPlugin:80 - create IPUIPlugin
2024-07-06 07:29:38,386 [INFO] PluginManager:220 - loadIPPluginJar : add pdm2pcm
2024-07-06 07:29:38,387 [INFO] IPUIPlugin:80 - create IPUIPlugin
2024-07-06 07:29:38,387 [INFO] PluginManager:220 - loadIPPluginJar : add fatfs
2024-07-06 07:29:38,389 [INFO] IPUIPlugin:80 - create IPUIPlugin
2024-07-06 07:29:38,389 [INFO] PluginManager:220 - loadIPPluginJar : add can
2024-07-06 07:29:38,390 [INFO] IPUIPlugin:80 - create IPUIPlugin
2024-07-06 07:29:38,390 [INFO] PluginManager:220 - loadIPPluginJar : add i3c
2024-07-06 07:29:38,391 [INFO] IPUIPlugin:80 - create IPUIPlugin
2024-07-06 07:29:38,392 [INFO] PluginManager:220 - loadIPPluginJar : add i2s
2024-07-06 07:29:38,393 [INFO] IPUIPlugin:80 - create IPUIPlugin
2024-07-06 07:29:38,393 [INFO] PluginManager:220 - loadIPPluginJar : add i2c
2024-07-06 07:29:38,394 [INFO] IPUIPlugin:80 - create IPUIPlugin
2024-07-06 07:29:38,394 [INFO] PluginManager:220 - loadIPPluginJar : add spi
2024-07-06 07:29:38,395 [INFO] IPUIPlugin:80 - create IPUIPlugin
2024-07-06 07:29:38,395 [INFO] PluginManager:220 - loadIPPluginJar : add dfsdm
2024-07-06 07:29:38,396 [INFO] IPUIPlugin:80 - create IPUIPlugin
2024-07-06 07:29:38,396 [INFO] PluginManager:220 - loadIPPluginJar : add tim
2024-07-06 07:29:38,398 [INFO] IPUIPlugin:80 - create IPUIPlugin
2024-07-06 07:29:38,398 [INFO] PluginManager:220 - loadIPPluginJar : add opamp
2024-07-06 07:29:38,399 [INFO] IPUIPlugin:80 - create IPUIPlugin
2024-07-06 07:29:38,399 [INFO] PluginManager:220 - loadIPPluginJar : add dma3
2024-07-06 07:29:38,401 [INFO] IPUIPlugin:80 - create IPUIPlugin
2024-07-06 07:29:38,402 [INFO] PluginManager:220 - loadIPPluginJar : add ipddr
2024-07-06 07:29:38,402 [INFO] IPUIPlugin:80 - create IPUIPlugin
2024-07-06 07:29:38,403 [INFO] PluginManager:220 - loadIPPluginJar : add comp
2024-07-06 07:29:38,405 [INFO] IPUIPlugin:80 - create IPUIPlugin
2024-07-06 07:29:38,405 [INFO] PluginManager:220 - loadIPPluginJar : add resmgrutility
2024-07-06 07:29:38,406 [INFO] IPUIPlugin:80 - create IPUIPlugin
2024-07-06 07:29:38,407 [INFO] PluginManager:220 - loadIPPluginJar : add extmemmanager
2024-07-06 07:29:38,408 [INFO] IPUIPlugin:80 - create IPUIPlugin
2024-07-06 07:29:38,408 [INFO] PluginManager:220 - loadIPPluginJar : add gtzc
2024-07-06 07:29:38,412 [INFO] IPUIPlugin:80 - create IPUIPlugin
2024-07-06 07:29:38,412 [INFO] PluginManager:220 - loadIPPluginJar : add gpio
2024-07-06 07:29:38,413 [INFO] IPUIPlugin:80 - create IPUIPlugin
2024-07-06 07:29:38,413 [INFO] PluginManager:220 - loadIPPluginJar : add usart
2024-07-06 07:29:38,415 [INFO] IPUIPlugin:80 - create IPUIPlugin
2024-07-06 07:29:38,415 [INFO] PluginManager:220 - loadIPPluginJar : add lorawan
2024-07-06 07:29:38,418 [INFO] IPUIPlugin:80 - create IPUIPlugin
2024-07-06 07:29:38,418 [INFO] PluginManager:220 - loadIPPluginJar : add gic
2024-07-06 07:29:38,514 [INFO] CADModel:165 - CPN selected for project level
2024-07-06 07:29:38,514 [INFO] CADModel:114 - Register for checkConnection events
2024-07-06 07:29:38,515 [FATAL] Updater:308 - Updater called before beeing initialized
2024-07-06 07:29:38,515 [ERROR] CADModel:125 - Updater not yet initialized, retry later 
2024-07-06 07:29:38,576 [INFO] CADModel:165 - CPN selected for project level
2024-07-06 07:29:38,577 [INFO] CADModel:114 - Register for checkConnection events
2024-07-06 07:29:38,577 [FATAL] Updater:308 - Updater called before beeing initialized
2024-07-06 07:29:38,577 [ERROR] CADModel:125 - Updater not yet initialized, retry later 
2024-07-06 07:29:38,578 [FATAL] Updater:308 - Updater called before beeing initialized
2024-07-06 07:29:38,620 [FATAL] Updater:308 - Updater called before beeing initialized
2024-07-06 07:29:38,622 [INFO] DbMcusAds:53 - JSON generation date=Thu May 16 11:22:00 CEST 2024 (1715851320852)
2024-07-06 07:29:38,622 [FATAL] Updater:308 - Updater called before beeing initialized
2024-07-06 07:29:38,643 [WARN] DetailPanel:346 - Failed to get advertising image, set to default
2024-07-06 07:29:38,701 [FATAL] Updater:308 - Updater called before beeing initialized
2024-07-06 07:29:38,702 [FATAL] Updater:308 - Updater called before beeing initialized
2024-07-06 07:29:38,702 [FATAL] Updater:308 - Updater called before beeing initialized
2024-07-06 07:29:38,702 [WARN] DetailPanel:346 - Failed to get advertising image, set to default
2024-07-06 07:29:38,703 [FATAL] Updater:308 - Updater called before beeing initialized
2024-07-06 07:29:38,730 [ERROR] Updater:1120 - MainUpdater not yet initialized. External WinMGr cannot be set.
2024-07-06 07:29:38,732 [INFO] Updater:1056 - Updater Version found : 6.11.1
2024-07-06 07:29:38,743 [INFO] ApplicationProperties:184 - Using Application install path: /home/frank/st/stm32cubeide_1.14.0/plugins/com.st.stm32cube.common.mx_6.11.1.202404110753
2024-07-06 07:29:39,190 [INFO] MainUpdater:2873 - connection check result : 10
2024-07-06 07:29:39,190 [INFO] MainUpdater:290 - Updater Check For Update Now.
2024-07-06 07:29:39,190 [INFO] MicroXplorer:498 - Change Database Version : DB.6.0.111
2024-07-06 07:29:39,193 [INFO] McuFinderGlobals:63 - Set McuFinder mode to 2 (CubeIDE integrated)
2024-07-06 07:29:39,196 [INFO] UserAuth:415 - Internet connection configuration mode: 1
2024-07-06 07:29:39,205 [INFO] JxBrowserEngine:152 - Initiate JxBrowser Engine with user profile folder
2024-07-06 07:29:39,333 [INFO] CheckServerUpdateThread:120 - End of CheckServer Thread
2024-07-06 07:29:39,735 [INFO] WebApp:161 - Instantiating new browser for Auth
2024-07-06 07:29:40,933 [INFO] WebApp:779 - Register for checkConnection events
2024-07-06 07:29:40,933 [INFO] WebApp:414 - Apply proxy settings
2024-07-06 07:29:40,933 [INFO] WebApp:499 - Chromium requires no authentication
2024-07-06 07:29:40,937 [INFO] WebApp:442 - Direct internet connection detected
2024-07-06 07:29:41,019 [INFO] WebApp:192 - Starting web application
2024-07-06 07:29:41,020 [INFO] WebApp:544 - Web application path used /home/frank/st/stm32cubeide_1.14.0/plugins/com.st.stm32cube.common.mx_6.11.1.202404110753/db/plugins/mcufinder/reactClient1/index.html
2024-07-06 07:29:41,134 [WARN] PackLoader:240 - Cannot read IP mode file for STMicroelectronics.FP-SNS-MOTENVWB1.1.4.0
2024-07-06 07:29:41,140 [WARN] PackLoader:240 - Cannot read IP mode file for STMicroelectronics.X-CUBE-SMBUS.2.1.0
2024-07-06 07:29:41,142 [WARN] PackLoader:240 - Cannot read IP mode file for STMicroelectronics.X-CUBE-TOUCHGFX.4.23.2
2024-07-06 07:29:41,160 [WARN] PackLoader:240 - Cannot read IP mode file for STMicroelectronics.X-CUBE-AZRTOS-F7.1.1.0
2024-07-06 07:29:41,166 [WARN] PackLoader:240 - Cannot read IP mode file for STMicroelectronics.FP-SNS-MOTENV1.4.3.2
2024-07-06 07:29:41,171 [WARN] PackLoader:240 - Cannot read IP mode file for STMicroelectronics.FP-SNS-FLIGHT1.5.0.2
2024-07-06 07:29:41,175 [WARN] PackLoader:240 - Cannot read IP mode file for STMicroelectronics.X-CUBE-DISPLAY.3.0.0
2024-07-06 07:29:41,183 [WARN] PackLoader:240 - Cannot read IP mode file for STMicroelectronics.X-CUBE-BLE1.7.0.0
2024-07-06 07:29:41,188 [WARN] PackLoader:240 - Cannot read IP mode file for emotas.I-CUBE-CANOPEN.1.3.0
2024-07-06 07:29:41,194 [WARN] PackLoader:240 - Cannot read IP mode file for STMicroelectronics.X-CUBE-BLEMGR.3.1.0
2024-07-06 07:29:41,199 [WARN] PackLoader:240 - Cannot read IP mode file for STMicroelectronics.FP-SNS-SMARTAG2.1.2.0
2024-07-06 07:29:41,206 [INFO] LogOutputStream:77 - [STDOUT_REDIRECT] 1 : Invalid condition id : UX_CORESTACK_Condition cause : null
2024-07-06 07:29:41,207 [INFO] LogOutputStream:77 - [STDOUT_REDIRECT] 1 : Invalid condition id : UX_CORESTACK_Condition cause : null
2024-07-06 07:29:41,207 [INFO] LogOutputStream:77 - [STDOUT_REDIRECT] 1 : Invalid condition id : UX_CORESTACK_Condition cause : null
2024-07-06 07:29:41,207 [INFO] LogOutputStream:77 - [STDOUT_REDIRECT] 1 : Invalid condition id : UX_CORESTACK_Condition cause : null
2024-07-06 07:29:41,207 [INFO] LogOutputStream:77 - [STDOUT_REDIRECT] 1 : Invalid condition id : UX_CORESTACK_Condition cause : null
2024-07-06 07:29:41,209 [WARN] PackLoader:240 - Cannot read IP mode file for STMicroelectronics.X-CUBE-AZRTOS-WL.2.0.0
2024-07-06 07:29:41,213 [WARN] PackLoader:240 - Cannot read IP mode file for STMicroelectronics.FP-SNS-MOTENV1.5.0.0
2024-07-06 07:29:41,216 [WARN] PackLoader:240 - Cannot read IP mode file for wolfSSL.I-CUBE-wolfMQTT.1.19.0
2024-07-06 07:29:41,220 [WARN] PackLoader:240 - Cannot read IP mode file for WES.I-CUBE-Cesium.1.3.0
2024-07-06 07:29:41,223 [WARN] PackLoader:240 - Cannot read IP mode file for STMicroelectronics.X-CUBE-BLE2.3.3.0
2024-07-06 07:29:41,226 [WARN] PackLoader:240 - Cannot read IP mode file for STMicroelectronics.X-CUBE-TCPP.4.1.0
2024-07-06 07:29:41,238 [WARN] PackLoader:240 - Cannot read IP mode file for STMicroelectronics.X-CUBE-AZRTOS-G0.1.1.0
2024-07-06 07:29:41,244 [WARN] PackLoader:240 - Cannot read IP mode file for STMicroelectronics.X-CUBE-SAFEA1.1.2.2
2024-07-06 07:29:41,247 [WARN] PackLoader:240 - Cannot read IP mode file for STMicroelectronics.X-CUBE-NFC4.3.0.0
2024-07-06 07:29:41,250 [WARN] PackLoader:240 - Cannot read IP mode file for wolfSSL.I-CUBE-wolfMQTT.1.18.0
2024-07-06 07:29:41,253 [WARN] PackLoader:240 - Cannot read IP mode file for wolfSSL.I-CUBE-wolfSSL.5.7.0
2024-07-06 07:29:41,255 [WARN] PackLoader:240 - Cannot read IP mode file for STMicroelectronics.FP-ATR-SIGFOX1.3.2.0
2024-07-06 07:29:41,259 [WARN] PackLoader:240 - Cannot read IP mode file for STMicroelectronics.X-CUBE-EEPRMA1.5.1.0
2024-07-06 07:29:41,263 [WARN] PackLoader:240 - Cannot read IP mode file for ITTIA_DB.I-CUBE-ITTIADB.8.9.0
2024-07-06 07:29:41,298 [WARN] PackLoader:240 - Cannot read IP mode file for SEGGER.I-CUBE-embOS.1.3.1
2024-07-06 07:29:41,366 [WARN] PackLoader:240 - Cannot read IP mode file for STMicroelectronics.X-CUBE-ALGOBUILD.1.4.0
2024-07-06 07:29:41,374 [WARN] PackLoader:240 - Cannot read IP mode file for STMicroelectronics.X-CUBE-GNSS1.6.0.0
2024-07-06 07:29:41,394 [WARN] PackLoader:240 - Cannot read IP mode file for STMicroelectronics.X-CUBE-AZRTOS-F4.1.1.0
2024-07-06 07:29:41,404 [WARN] PackLoader:240 - Cannot read IP mode file for STMicroelectronics.X-CUBE-FREERTOS.1.2.0
2024-07-06 07:29:41,423 [WARN] PackLoader:240 - Cannot read IP mode file for STMicroelectronics.X-CUBE-AZRTOS-L5.2.0.0
2024-07-06 07:29:41,432 [WARN] PackLoader:240 - Cannot read IP mode file for STMicroelectronics.X-CUBE-NFC6.3.1.0
2024-07-06 07:29:41,438 [WARN] PackLoader:240 - Cannot read IP mode file for STMicroelectronics.X-CUBE-AI.9.0.0
2024-07-06 07:29:41,442 [WARN] PackLoader:240 - Cannot read IP mode file for STMicroelectronics.X-CUBE-NFC7.1.0.1
2024-07-06 07:29:41,445 [WARN] PackLoader:240 - Cannot read IP mode file for STMicroelectronics.X-CUBE-AI.8.1.0
2024-07-06 07:29:41,462 [WARN] ConditionMgr:438 - getConditionDescription Invalid condition id : LAN8742 Phy interface Condition cause : null
2024-07-06 07:29:41,462 [WARN] PackLoader:240 - Cannot read IP mode file for STMicroelectronics.X-CUBE-AZRTOS-L4.2.0.0
2024-07-06 07:29:41,464 [WARN] ConditionMgr:1039 - genDependencies : Invalid condition id : LAN8742 Phy interface Condition cause : null
2024-07-06 07:29:41,464 [WARN] ConditionMgr:1039 - genDependencies : Invalid condition id : LAN8742 Phy interface Condition cause : null
2024-07-06 07:29:41,465 [WARN] ConditionMgr:1039 - genDependencies : Invalid condition id : LAN8742 Phy interface Condition cause : null
2024-07-06 07:29:41,472 [WARN] PackLoader:240 - Cannot read IP mode file for STMicroelectronics.X-CUBE-SFXS2LP1.4.0.0
2024-07-06 07:29:41,485 [WARN] ConditionMgr:438 - getConditionDescription Invalid condition id : UX DEVICE CLASS RTOS Condition cause : null
2024-07-06 07:29:41,485 [WARN] ConditionMgr:438 - getConditionDescription Invalid condition id : UX DEVICE CLASS RTOS Condition cause : null
2024-07-06 07:29:41,487 [WARN] PackLoader:240 - Cannot read IP mode file for STMicroelectronics.X-CUBE-AZRTOS-WB.2.0.0
2024-07-06 07:29:41,488 [WARN] ConditionMgr:1039 - genDependencies : Invalid condition id : UX DEVICE CLASS RTOS Condition cause : null
2024-07-06 07:29:41,488 [WARN] ConditionMgr:1039 - genDependencies : Invalid condition id : UX DEVICE CLASS RTOS Condition cause : null
2024-07-06 07:29:41,488 [WARN] ConditionMgr:1039 - genDependencies : Invalid condition id : UX DEVICE CLASS RTOS Condition cause : null
2024-07-06 07:29:41,489 [WARN] ConditionMgr:1039 - genDependencies : Invalid condition id : UX DEVICE CLASS RTOS Condition cause : null
2024-07-06 07:29:41,489 [WARN] ConditionMgr:1039 - genDependencies : Invalid condition id : UX DEVICE CLASS RTOS Condition cause : null
2024-07-06 07:29:41,502 [WARN] PackLoader:240 - Cannot read IP mode file for STMicroelectronics.X-CUBE-SUBG2.5.0.0
2024-07-06 07:29:41,510 [WARN] PackLoader:240 - Cannot read IP mode file for Cesanta.I-CUBE-Mongoose.7.13.0
2024-07-06 07:29:41,527 [WARN] PackLoader:240 - Cannot read IP mode file for STMicroelectronics.X-CUBE-AZRTOS-G4.2.0.0
2024-07-06 07:29:41,531 [WARN] PackLoader:240 - Cannot read IP mode file for STMicroelectronics.FP-SNS-MOTENVWB1.1.3.1
2024-07-06 07:29:41,534 [WARN] PackLoader:240 - Cannot read IP mode file for STMicroelectronics.X-CUBE-ISPU.2.0.0
2024-07-06 07:29:41,537 [WARN] PackLoader:240 - Cannot read IP mode file for STMicroelectronics.X-CUBE-ALS.1.0.2
2024-07-06 07:29:41,560 [WARN] PackLoader:240 - Cannot read IP mode file for STMicroelectronics.X-CUBE-MEMS1.10.0.0
2024-07-06 07:29:41,621 [WARN] PackLoader:240 - Cannot read IP mode file for STMicroelectronics.X-CUBE-TOUCHGFX.4.24.0
2024-07-06 07:29:41,624 [WARN] PackLoader:240 - Cannot read IP mode file for portGmbH.I-Cube-SoM-uGOAL.1.1.0
2024-07-06 07:29:41,626 [WARN] PackLoader:240 - Cannot read IP mode file for STMicroelectronics.X-CUBE-ALS.1.0.1
2024-07-06 07:29:41,636 [WARN] PackLoader:240 - Cannot read IP mode file for STMicroelectronics.X-CUBE-AZRTOS-H7RS.1.0.0
2024-07-06 07:29:41,639 [WARN] PackLoader:240 - Cannot read IP mode file for STMicroelectronics.FP-ATR-ASTRA1.2.0.0
2024-07-06 07:29:41,645 [WARN] PackLoader:240 - Cannot read IP mode file for STMicroelectronics.X-CUBE-TOF1.3.4.1
2024-07-06 07:29:41,672 [WARN] PackLoader:240 - Cannot read IP mode file for STMicroelectronics.X-CUBE-AZRTOS-H7.3.2.0
2024-07-06 07:29:41,686 [WARN] PackLoader:240 - Cannot read IP mode file for Infineon.AIROC-Wi-Fi-Bluetooth-STM32.1.6.0
2024-07-06 07:29:41,691 [INFO] ThirdParty:978 - Integrity check success = true
2024-07-06 07:29:41,691 [INFO] IntegrityCheckThread:100 - exiting critical section [integrity check]
2024-07-06 07:29:41,691 [INFO] IntegrityCheckThread:103 - End integrity checks thread
2024-07-06 14:59:46,873 [ERROR] LogOutputStream:75 - [STDERR_REDIRECT] 
2024-07-06 15:03:05,536 [INFO] Activator:176 - 


2024-07-06 15:03:05,537 [INFO] Activator:177 - !SESSION log4j initialized
2024-07-06 15:03:09,148 [INFO] LogOutputStream:77 - [STDOUT_REDIRECT] 
2024-07-06 15:03:10,427 [INFO] ApplicationProperties:184 - Using Application install path: /home/frank/st/stm32cubeide_1.14.0/plugins/com.st.stm32cube.common.mx_6.11.1.202404110753
2024-07-06 15:03:10,440 [INFO] DbMcusXml:78 - Set database path to: /home/frank/st/stm32cubeide_1.14.0/plugins/com.st.stm32cube.common.mx_6.11.1.202404110753//db//mcu/
2024-07-06 15:03:10,440 [INFO] ApiDb:274 - Set plugin database path to: /home/frank/st/stm32cubeide_1.14.0/plugins/com.st.stm32cube.common.mx_6.11.1.202404110753//db//plugins/boardmanager/
2024-07-06 15:03:10,441 [WARN] ApiDb:259 - Overriding images path with different value:  => /home/frank/st/stm32cubeide_1.14.0/plugins/com.st.stm32cube.common.mx_6.11.1.202404110753//db//plugins/mcufinder/images/
2024-07-06 15:03:10,445 [INFO] ApiDb:250 - Set database path to: /home/frank/.stmcufinder/plugins/mcufinder//mcu/
2024-07-06 15:03:10,445 [INFO] DbMcusAds:125 - Set database path to: /home/frank/.stmcufinder/plugins/mcufinder//mcu/
2024-07-06 15:03:10,448 [INFO] CrossReferenceDbSqlite:203 - Set database path to: /home/frank/.stmcufinder/plugins/mcufinder//mcu/cs/
2024-07-06 15:03:10,544 [INFO] RulesReader:64 - Compatibility file has been processed (297 Rules)
2024-07-06 15:03:10,602 [INFO] DbMcusXml:78 - Set database path to: /home/frank/st/stm32cubeide_1.14.0/plugins/com.st.stm32cube.common.mx_6.11.1.202404110753//db//mcu/
2024-07-06 15:03:10,602 [INFO] ApiDb:274 - Set plugin database path to: /home/frank/st/stm32cubeide_1.14.0/plugins/com.st.stm32cube.common.mx_6.11.1.202404110753//db//plugins/boardmanager/
2024-07-06 15:03:10,602 [INFO] ApiDb:261 - Set plugin images path to: /home/frank/st/stm32cubeide_1.14.0/plugins/com.st.stm32cube.common.mx_6.11.1.202404110753//db//plugins/mcufinder/images/
2024-07-06 15:03:10,603 [WARN] DbFile:41 - Overriding database path with different value: /home/frank/.stmcufinder/plugins/mcufinder/ => /home/frank/.stmcufinder/plugins/mcufinder
2024-07-06 15:03:10,603 [INFO] ApiDb:250 - Set database path to: /home/frank/.stmcufinder/plugins/mcufinder//mcu/
2024-07-06 15:03:10,603 [WARN] DbFile:41 - Overriding database path with different value: /home/frank/.stmcufinder/plugins/mcufinder/ => /home/frank/.stmcufinder/plugins/mcufinder
2024-07-06 15:03:10,603 [INFO] DbMcusAds:125 - Set database path to: /home/frank/.stmcufinder/plugins/mcufinder//mcu/
2024-07-06 15:03:10,603 [WARN] DbFile:41 - Overriding database path with different value: /home/frank/.stmcufinder/plugins/mcufinder/ => /home/frank/.stmcufinder/plugins/mcufinder
2024-07-06 15:03:10,603 [WARN] DbFile:41 - Overriding database path with different value: /home/frank/.stmcufinder/plugins/mcufinder/ => /home/frank/.stmcufinder/plugins/mcufinder
2024-07-06 15:03:10,603 [INFO] CrossReferenceDbSqlite:203 - Set database path to: /home/frank/.stmcufinder/plugins/mcufinder//mcu/cs/
2024-07-06 15:03:10,665 [INFO] MainPanel:264 - HeapMemory: 268435456
2024-07-06 15:03:10,736 [INFO] DbMcusXml:78 - Set database path to: /home/frank/st/stm32cubeide_1.14.0/plugins/com.st.stm32cube.common.mx_6.11.1.202404110753//db//mcu/
2024-07-06 15:03:10,736 [INFO] ApiDb:274 - Set plugin database path to: /home/frank/st/stm32cubeide_1.14.0/plugins/com.st.stm32cube.common.mx_6.11.1.202404110753//db//plugins/boardmanager/
2024-07-06 15:03:10,736 [INFO] ApiDb:261 - Set plugin images path to: /home/frank/st/stm32cubeide_1.14.0/plugins/com.st.stm32cube.common.mx_6.11.1.202404110753//db//plugins/mcufinder/images/
2024-07-06 15:03:10,737 [WARN] DbFile:41 - Overriding database path with different value: /home/frank/.stmcufinder/plugins/mcufinder/ => /home/frank/.stmcufinder/plugins/mcufinder
2024-07-06 15:03:10,737 [INFO] ApiDb:250 - Set database path to: /home/frank/.stmcufinder/plugins/mcufinder//mcu/
2024-07-06 15:03:10,737 [WARN] DbFile:41 - Overriding database path with different value: /home/frank/.stmcufinder/plugins/mcufinder/ => /home/frank/.stmcufinder/plugins/mcufinder
2024-07-06 15:03:10,737 [INFO] DbMcusAds:125 - Set database path to: /home/frank/.stmcufinder/plugins/mcufinder//mcu/
2024-07-06 15:03:10,737 [WARN] DbFile:41 - Overriding database path with different value: /home/frank/.stmcufinder/plugins/mcufinder/ => /home/frank/.stmcufinder/plugins/mcufinder
2024-07-06 15:03:10,737 [WARN] DbFile:41 - Overriding database path with different value: /home/frank/.stmcufinder/plugins/mcufinder/ => /home/frank/.stmcufinder/plugins/mcufinder
2024-07-06 15:03:10,737 [INFO] CrossReferenceDbSqlite:203 - Set database path to: /home/frank/.stmcufinder/plugins/mcufinder//mcu/cs/
2024-07-06 15:03:10,752 [INFO] ApplicationProperties:184 - Using Application install path: /home/frank/st/stm32cubeide_1.14.0/plugins/com.st.stm32cube.common.mx_6.11.1.202404110753
2024-07-06 15:03:10,754 [INFO] PluginManage:196 - Search for loadable plugins [exclusion list=, ]
2024-07-06 15:03:10,755 [INFO] PluginManage:310 - Check plugin analytics
2024-07-06 15:03:10,879 [INFO] AnalyticsPlugin:253 - Accepted Software Licenses: 
2024-07-06 15:03:10,879 [INFO] AnalyticsPlugin:255 - Accepted CMSIS Pack Licenses: 
2024-07-06 15:03:10,879 [INFO] AnalyticsPlugin:257 - Accepted Firmware Licenses: FW.F4.1.28.0,FW.F4.1.27.0
2024-07-06 15:03:10,882 [INFO] PluginManage:359 - Loaded plugin analytics (category:tool,tabindex:-1)
2024-07-06 15:03:10,882 [INFO] PluginManage:310 - Check plugin cadmodel
2024-07-06 15:03:10,905 [INFO] CADModel:105 - Init CAD model plugin
2024-07-06 15:03:10,905 [INFO] PluginManage:359 - Loaded plugin cadmodel (category:power,tabindex:5)
2024-07-06 15:03:10,906 [INFO] PluginManage:310 - Check plugin clock
2024-07-06 15:03:10,913 [INFO] PluginManage:359 - Loaded plugin clock (category:base,tabindex:2)
2024-07-06 15:03:10,914 [INFO] PluginManage:310 - Check plugin ddr
2024-07-06 15:03:10,916 [INFO] PluginManage:359 - Loaded plugin ddr (category:tool,tabindex:6)
2024-07-06 15:03:10,916 [INFO] PluginManage:310 - Check plugin filemanager
2024-07-06 15:03:11,029 [INFO] PluginManage:359 - Loaded plugin filemanager (category:base,tabindex:10)
2024-07-06 15:03:11,029 [INFO] PluginManage:310 - Check plugin ipmanager
2024-07-06 15:03:11,034 [INFO] PluginManage:359 - Loaded plugin ipmanager (category:base,tabindex:5)
2024-07-06 15:03:11,034 [INFO] PluginManage:310 - Check plugin lpbam
2024-07-06 15:03:11,040 [INFO] PluginManage:359 - Loaded plugin lpbam (category:base,tabindex:0)
2024-07-06 15:03:11,040 [INFO] PluginManage:310 - Check plugin memorymap
2024-07-06 15:03:11,049 [INFO] PluginManage:359 - Loaded plugin memorymap (category:base,tabindex:4)
2024-07-06 15:03:11,049 [INFO] PluginManage:310 - Check plugin pinoutandconfiguration
2024-07-06 15:03:11,054 [INFO] PluginManage:359 - Loaded plugin pinoutandconfiguration (category:base,tabindex:1)
2024-07-06 15:03:11,054 [INFO] PluginManage:310 - Check plugin pinoutconfig
2024-07-06 15:03:11,115 [WARN] SupportedApi:132 - Cannot load RTOS API schema: s4s-elt-must-match.1: The content of 'definitions' must match (annotation?, (simpleType | complexType)?, (unique | key | keyref)*)). A problem was found starting at: attribute.
2024-07-06 15:03:11,217 [INFO] PluginManage:359 - Loaded plugin pinoutconfig (category:base,tabindex:0)
2024-07-06 15:03:11,217 [INFO] PluginManage:310 - Check plugin power
2024-07-06 15:03:11,225 [INFO] PluginManage:359 - Loaded plugin power (category:power,tabindex:4)
2024-07-06 15:03:11,225 [INFO] PluginManage:310 - Check plugin projectmanager
2024-07-06 15:03:11,239 [INFO] PluginManage:359 - Loaded plugin projectmanager (category:projectmanager,tabindex:3)
2024-07-06 15:03:11,239 [INFO] PluginManage:310 - Check plugin thirdparty
2024-07-06 15:03:11,336 [INFO] PluginManage:359 - Loaded plugin thirdparty (category:base,tabindex:-1)
2024-07-06 15:03:11,336 [WARN] IntegrityCheckThread:84 - waiting for thirdparty lock release [integrity check]
2024-07-06 15:03:11,336 [INFO] PluginManage:310 - Check plugin tools
2024-07-06 15:03:11,336 [INFO] IntegrityCheckThread:86 - entering critical section [integrity check]
2024-07-06 15:03:11,336 [INFO] ThirdPartyUpdaterWithRetryManager:70 - Updater plugin not ready yet. [1/15]
2024-07-06 15:03:11,337 [INFO] PluginManage:359 - Loaded plugin tools (category:base,tabindex:7)
2024-07-06 15:03:11,338 [INFO] PluginManage:310 - Check plugin tutovideos
2024-07-06 15:03:11,447 [INFO] PluginManage:359 - Loaded plugin tutovideos (category:base,tabindex:-1)
2024-07-06 15:03:11,448 [INFO] PluginManage:310 - Check plugin updater
2024-07-06 15:03:11,456 [INFO] PluginManage:359 - Loaded plugin updater (category:base,tabindex:12)
2024-07-06 15:03:11,456 [INFO] PluginManage:310 - Check plugin userauth
2024-07-06 15:03:11,459 [INFO] UserAuth:114 - Init User Auth plugin
2024-07-06 15:03:11,460 [INFO] PluginManage:359 - Loaded plugin userauth (category:base,tabindex:14)
2024-07-06 15:03:11,460 [INFO] PluginManage:283 - PluginManage : Loaded plugins [17]
2024-07-06 15:03:11,597 [INFO] PinOutPanel:1561 - setPackage(No Configuration,No Configuration)
2024-07-06 15:03:11,652 [INFO] CADModel:165 - CPN selected for project level
2024-07-06 15:03:11,652 [INFO] CADModel:114 - Register for checkConnection events
2024-07-06 15:03:11,662 [INFO] IPUIPlugin:80 - create IPUIPlugin
2024-07-06 15:03:11,662 [INFO] PluginManager:220 - loadIPPluginJar : add ucpd
2024-07-06 15:03:11,663 [INFO] IPUIPlugin:80 - create IPUIPlugin
2024-07-06 15:03:11,663 [INFO] PluginManager:220 - loadIPPluginJar : add ltdc
2024-07-06 15:03:11,669 [INFO] IPUIPlugin:80 - create IPUIPlugin
2024-07-06 15:03:11,672 [INFO] PluginManager:220 - loadIPPluginJar : add plateformsettings
2024-07-06 15:03:11,676 [INFO] IPUIPlugin:80 - create IPUIPlugin
2024-07-06 15:03:11,676 [INFO] PluginManager:220 - loadIPPluginJar : add hash
2024-07-06 15:03:11,678 [INFO] IPUIPlugin:80 - create IPUIPlugin
2024-07-06 15:03:11,678 [INFO] PluginManager:220 - loadIPPluginJar : add gfxmmu
2024-07-06 15:03:11,683 [INFO] IPUIPlugin:80 - create IPUIPlugin
2024-07-06 15:03:11,683 [INFO] PluginManager:220 - loadIPPluginJar : add stm32_wpan
2024-07-06 15:03:11,685 [INFO] IPUIPlugin:80 - create IPUIPlugin
2024-07-06 15:03:11,685 [INFO] PluginManager:220 - loadIPPluginJar : add ts
2024-07-06 15:03:11,686 [INFO] IPUIPlugin:80 - create IPUIPlugin
2024-07-06 15:03:11,686 [INFO] PluginManager:220 - loadIPPluginJar : add quadspi
2024-07-06 15:03:11,702 [INFO] IPUIPlugin:80 - create IPUIPlugin
2024-07-06 15:03:11,702 [INFO] PluginManager:220 - loadIPPluginJar : add usbx
2024-07-06 15:03:11,704 [INFO] IPUIPlugin:80 - create IPUIPlugin
2024-07-06 15:03:11,705 [INFO] PluginManager:220 - loadIPPluginJar : add aes
2024-07-06 15:03:11,708 [INFO] IPUIPlugin:80 - create IPUIPlugin
2024-07-06 15:03:11,708 [INFO] PluginManager:220 - loadIPPluginJar : add nvic
2024-07-06 15:03:11,714 [INFO] IPUIPlugin:80 - create IPUIPlugin
2024-07-06 15:03:11,714 [INFO] PluginManager:220 - loadIPPluginJar : add adc
2024-07-06 15:03:11,722 [INFO] IPUIPlugin:80 - create IPUIPlugin
2024-07-06 15:03:11,723 [INFO] PluginManager:220 - loadIPPluginJar : add cryp
2024-07-06 15:03:11,726 [INFO] IPUIPlugin:80 - create IPUIPlugin
2024-07-06 15:03:11,726 [INFO] PluginManager:220 - loadIPPluginJar : add touchsensing
2024-07-06 15:03:11,731 [INFO] IPUIPlugin:80 - create IPUIPlugin
2024-07-06 15:03:11,732 [INFO] PluginManager:220 - loadIPPluginJar : add fmc
2024-07-06 15:03:11,735 [INFO] IPUIPlugin:80 - create IPUIPlugin
2024-07-06 15:03:11,735 [INFO] PluginManager:220 - loadIPPluginJar : add openamp
2024-07-06 15:03:11,741 [INFO] IPUIPlugin:80 - create IPUIPlugin
2024-07-06 15:03:11,742 [INFO] PluginManager:220 - loadIPPluginJar : add linkedlist
2024-07-06 15:03:11,743 [INFO] IPUIPlugin:80 - create IPUIPlugin
2024-07-06 15:03:11,743 [INFO] PluginManager:220 - loadIPPluginJar : add tracer_emb
2024-07-06 15:03:11,749 [INFO] IPUIPlugin:80 - create IPUIPlugin
2024-07-06 15:03:11,750 [INFO] PluginManager:220 - loadIPPluginJar : add dma
2024-07-06 15:03:11,753 [INFO] IPUIPlugin:80 - create IPUIPlugin
2024-07-06 15:03:11,753 [INFO] PluginManager:220 - loadIPPluginJar : add sai
2024-07-06 15:03:11,757 [INFO] IPUIPlugin:80 - create IPUIPlugin
2024-07-06 15:03:11,757 [INFO] PluginManager:220 - loadIPPluginJar : add freertos
2024-07-06 15:03:11,763 [INFO] IPUIPlugin:80 - create IPUIPlugin
2024-07-06 15:03:11,763 [INFO] PluginManager:220 - loadIPPluginJar : add mdma
2024-07-06 15:03:11,764 [INFO] IPUIPlugin:80 - create IPUIPlugin
2024-07-06 15:03:11,764 [INFO] PluginManager:220 - loadIPPluginJar : add genericplugin
2024-07-06 15:03:11,765 [INFO] IPUIPlugin:80 - create IPUIPlugin
2024-07-06 15:03:11,766 [INFO] PluginManager:220 - loadIPPluginJar : add tsc
2024-07-06 15:03:11,768 [INFO] IPUIPlugin:80 - create IPUIPlugin
2024-07-06 15:03:11,768 [INFO] PluginManager:220 - loadIPPluginJar : add pdm2pcm
2024-07-06 15:03:11,769 [INFO] IPUIPlugin:80 - create IPUIPlugin
2024-07-06 15:03:11,769 [INFO] PluginManager:220 - loadIPPluginJar : add fatfs
2024-07-06 15:03:11,771 [INFO] IPUIPlugin:80 - create IPUIPlugin
2024-07-06 15:03:11,771 [INFO] PluginManager:220 - loadIPPluginJar : add can
2024-07-06 15:03:11,772 [INFO] IPUIPlugin:80 - create IPUIPlugin
2024-07-06 15:03:11,772 [INFO] PluginManager:220 - loadIPPluginJar : add i3c
2024-07-06 15:03:11,774 [INFO] IPUIPlugin:80 - create IPUIPlugin
2024-07-06 15:03:11,774 [INFO] PluginManager:220 - loadIPPluginJar : add i2s
2024-07-06 15:03:11,776 [INFO] IPUIPlugin:80 - create IPUIPlugin
2024-07-06 15:03:11,776 [INFO] PluginManager:220 - loadIPPluginJar : add i2c
2024-07-06 15:03:11,778 [INFO] IPUIPlugin:80 - create IPUIPlugin
2024-07-06 15:03:11,778 [INFO] PluginManager:220 - loadIPPluginJar : add spi
2024-07-06 15:03:11,779 [INFO] IPUIPlugin:80 - create IPUIPlugin
2024-07-06 15:03:11,780 [INFO] PluginManager:220 - loadIPPluginJar : add dfsdm
2024-07-06 15:03:11,781 [INFO] IPUIPlugin:80 - create IPUIPlugin
2024-07-06 15:03:11,781 [INFO] PluginManager:220 - loadIPPluginJar : add tim
2024-07-06 15:03:11,783 [INFO] IPUIPlugin:80 - create IPUIPlugin
2024-07-06 15:03:11,783 [INFO] PluginManager:220 - loadIPPluginJar : add opamp
2024-07-06 15:03:11,785 [INFO] IPUIPlugin:80 - create IPUIPlugin
2024-07-06 15:03:11,785 [INFO] PluginManager:220 - loadIPPluginJar : add dma3
2024-07-06 15:03:11,788 [INFO] IPUIPlugin:80 - create IPUIPlugin
2024-07-06 15:03:11,788 [INFO] PluginManager:220 - loadIPPluginJar : add ipddr
2024-07-06 15:03:11,789 [INFO] IPUIPlugin:80 - create IPUIPlugin
2024-07-06 15:03:11,790 [INFO] PluginManager:220 - loadIPPluginJar : add comp
2024-07-06 15:03:11,793 [INFO] IPUIPlugin:80 - create IPUIPlugin
2024-07-06 15:03:11,793 [INFO] PluginManager:220 - loadIPPluginJar : add resmgrutility
2024-07-06 15:03:11,795 [INFO] IPUIPlugin:80 - create IPUIPlugin
2024-07-06 15:03:11,795 [INFO] PluginManager:220 - loadIPPluginJar : add extmemmanager
2024-07-06 15:03:11,798 [INFO] IPUIPlugin:80 - create IPUIPlugin
2024-07-06 15:03:11,798 [INFO] PluginManager:220 - loadIPPluginJar : add gtzc
2024-07-06 15:03:11,802 [INFO] IPUIPlugin:80 - create IPUIPlugin
2024-07-06 15:03:11,802 [INFO] PluginManager:220 - loadIPPluginJar : add gpio
2024-07-06 15:03:11,804 [INFO] IPUIPlugin:80 - create IPUIPlugin
2024-07-06 15:03:11,804 [INFO] PluginManager:220 - loadIPPluginJar : add usart
2024-07-06 15:03:11,806 [INFO] IPUIPlugin:80 - create IPUIPlugin
2024-07-06 15:03:11,806 [INFO] PluginManager:220 - loadIPPluginJar : add lorawan
2024-07-06 15:03:11,811 [INFO] IPUIPlugin:80 - create IPUIPlugin
2024-07-06 15:03:11,811 [INFO] PluginManager:220 - loadIPPluginJar : add gic
2024-07-06 15:03:11,912 [INFO] CADModel:165 - CPN selected for project level
2024-07-06 15:03:11,913 [INFO] CADModel:114 - Register for checkConnection events
2024-07-06 15:03:11,913 [FATAL] Updater:308 - Updater called before beeing initialized
2024-07-06 15:03:11,913 [ERROR] CADModel:125 - Updater not yet initialized, retry later 
2024-07-06 15:03:12,018 [INFO] CADModel:165 - CPN selected for project level
2024-07-06 15:03:12,019 [INFO] CADModel:114 - Register for checkConnection events
2024-07-06 15:03:12,019 [FATAL] Updater:308 - Updater called before beeing initialized
2024-07-06 15:03:12,019 [ERROR] CADModel:125 - Updater not yet initialized, retry later 
2024-07-06 15:03:12,021 [FATAL] Updater:308 - Updater called before beeing initialized
2024-07-06 15:03:12,086 [FATAL] Updater:308 - Updater called before beeing initialized
2024-07-06 15:03:12,089 [INFO] DbMcusAds:53 - JSON generation date=Thu May 16 11:22:00 CEST 2024 (1715851320852)
2024-07-06 15:03:12,089 [FATAL] Updater:308 - Updater called before beeing initialized
2024-07-06 15:03:12,119 [WARN] DetailPanel:346 - Failed to get advertising image, set to default
2024-07-06 15:03:12,192 [FATAL] Updater:308 - Updater called before beeing initialized
2024-07-06 15:03:12,193 [FATAL] Updater:308 - Updater called before beeing initialized
2024-07-06 15:03:12,193 [FATAL] Updater:308 - Updater called before beeing initialized
2024-07-06 15:03:12,193 [WARN] DetailPanel:346 - Failed to get advertising image, set to default
2024-07-06 15:03:12,194 [FATAL] Updater:308 - Updater called before beeing initialized
2024-07-06 15:03:12,239 [ERROR] Updater:1120 - MainUpdater not yet initialized. External WinMGr cannot be set.
2024-07-06 15:03:12,241 [INFO] Updater:1056 - Updater Version found : 6.11.1
2024-07-06 15:03:12,266 [INFO] ApplicationProperties:184 - Using Application install path: /home/frank/st/stm32cubeide_1.14.0/plugins/com.st.stm32cube.common.mx_6.11.1.202404110753
2024-07-06 15:03:12,681 [INFO] MainUpdater:2873 - connection check result : 10
2024-07-06 15:03:12,682 [INFO] MainUpdater:290 - Updater Check For Update Now.
2024-07-06 15:03:12,682 [INFO] MicroXplorer:498 - Change Database Version : DB.6.0.111
2024-07-06 15:03:12,684 [INFO] McuFinderGlobals:63 - Set McuFinder mode to 2 (CubeIDE integrated)
2024-07-06 15:03:12,689 [INFO] UserAuth:415 - Internet connection configuration mode: 1
2024-07-06 15:03:12,701 [INFO] JxBrowserEngine:152 - Initiate JxBrowser Engine with user profile folder
2024-07-06 15:03:12,858 [INFO] CheckServerUpdateThread:120 - End of CheckServer Thread
2024-07-06 15:03:13,463 [INFO] WebApp:161 - Instantiating new browser for Auth
2024-07-06 15:03:14,437 [WARN] PackLoader:240 - Cannot read IP mode file for STMicroelectronics.FP-SNS-MOTENVWB1.1.4.0
2024-07-06 15:03:14,446 [WARN] PackLoader:240 - Cannot read IP mode file for STMicroelectronics.X-CUBE-SMBUS.2.1.0
2024-07-06 15:03:14,450 [WARN] PackLoader:240 - Cannot read IP mode file for STMicroelectronics.X-CUBE-TOUCHGFX.4.23.2
2024-07-06 15:03:14,487 [WARN] PackLoader:240 - Cannot read IP mode file for STMicroelectronics.X-CUBE-AZRTOS-F7.1.1.0
2024-07-06 15:03:14,500 [WARN] PackLoader:240 - Cannot read IP mode file for STMicroelectronics.FP-SNS-MOTENV1.4.3.2
2024-07-06 15:03:14,513 [WARN] PackLoader:240 - Cannot read IP mode file for STMicroelectronics.FP-SNS-FLIGHT1.5.0.2
2024-07-06 15:03:14,523 [WARN] PackLoader:240 - Cannot read IP mode file for STMicroelectronics.X-CUBE-DISPLAY.3.0.0
2024-07-06 15:03:14,540 [WARN] PackLoader:240 - Cannot read IP mode file for STMicroelectronics.X-CUBE-BLE1.7.0.0
2024-07-06 15:03:14,546 [WARN] PackLoader:240 - Cannot read IP mode file for emotas.I-CUBE-CANOPEN.1.3.0
2024-07-06 15:03:14,562 [WARN] PackLoader:240 - Cannot read IP mode file for STMicroelectronics.X-CUBE-BLEMGR.3.1.0
2024-07-06 15:03:14,573 [WARN] PackLoader:240 - Cannot read IP mode file for STMicroelectronics.FP-SNS-SMARTAG2.1.2.0
2024-07-06 15:03:14,587 [INFO] LogOutputStream:77 - [STDOUT_REDIRECT] 1 : Invalid condition id : UX_CORESTACK_Condition cause : null
2024-07-06 15:03:14,588 [INFO] LogOutputStream:77 - [STDOUT_REDIRECT] 1 : Invalid condition id : UX_CORESTACK_Condition cause : null
2024-07-06 15:03:14,589 [INFO] LogOutputStream:77 - [STDOUT_REDIRECT] 1 : Invalid condition id : UX_CORESTACK_Condition cause : null
2024-07-06 15:03:14,589 [INFO] LogOutputStream:77 - [STDOUT_REDIRECT] 1 : Invalid condition id : UX_CORESTACK_Condition cause : null
2024-07-06 15:03:14,589 [INFO] LogOutputStream:77 - [STDOUT_REDIRECT] 1 : Invalid condition id : UX_CORESTACK_Condition cause : null
2024-07-06 15:03:14,594 [WARN] PackLoader:240 - Cannot read IP mode file for STMicroelectronics.X-CUBE-AZRTOS-WL.2.0.0
2024-07-06 15:03:14,601 [WARN] PackLoader:240 - Cannot read IP mode file for STMicroelectronics.FP-SNS-MOTENV1.5.0.0
2024-07-06 15:03:14,608 [WARN] PackLoader:240 - Cannot read IP mode file for wolfSSL.I-CUBE-wolfMQTT.1.19.0
2024-07-06 15:03:14,617 [WARN] PackLoader:240 - Cannot read IP mode file for WES.I-CUBE-Cesium.1.3.0
2024-07-06 15:03:14,622 [WARN] PackLoader:240 - Cannot read IP mode file for STMicroelectronics.X-CUBE-BLE2.3.3.0
2024-07-06 15:03:14,630 [WARN] PackLoader:240 - Cannot read IP mode file for STMicroelectronics.X-CUBE-TCPP.4.1.0
2024-07-06 15:03:14,658 [WARN] PackLoader:240 - Cannot read IP mode file for STMicroelectronics.X-CUBE-AZRTOS-G0.1.1.0
2024-07-06 15:03:14,669 [WARN] PackLoader:240 - Cannot read IP mode file for STMicroelectronics.X-CUBE-SAFEA1.1.2.2
2024-07-06 15:03:14,676 [WARN] PackLoader:240 - Cannot read IP mode file for STMicroelectronics.X-CUBE-NFC4.3.0.0
2024-07-06 15:03:14,681 [WARN] PackLoader:240 - Cannot read IP mode file for wolfSSL.I-CUBE-wolfMQTT.1.18.0
2024-07-06 15:03:14,684 [WARN] PackLoader:240 - Cannot read IP mode file for wolfSSL.I-CUBE-wolfSSL.5.7.0
2024-07-06 15:03:14,688 [WARN] PackLoader:240 - Cannot read IP mode file for STMicroelectronics.FP-ATR-SIGFOX1.3.2.0
2024-07-06 15:03:14,695 [WARN] PackLoader:240 - Cannot read IP mode file for STMicroelectronics.X-CUBE-EEPRMA1.5.1.0
2024-07-06 15:03:14,704 [WARN] PackLoader:240 - Cannot read IP mode file for ITTIA_DB.I-CUBE-ITTIADB.8.9.0
2024-07-06 15:03:14,749 [WARN] PackLoader:240 - Cannot read IP mode file for SEGGER.I-CUBE-embOS.1.3.1
2024-07-06 15:03:14,811 [INFO] WebApp:779 - Register for checkConnection events
2024-07-06 15:03:14,811 [INFO] WebApp:414 - Apply proxy settings
2024-07-06 15:03:14,811 [INFO] WebApp:499 - Chromium requires no authentication
2024-07-06 15:03:14,818 [INFO] WebApp:442 - Direct internet connection detected
2024-07-06 15:03:14,826 [WARN] PackLoader:240 - Cannot read IP mode file for STMicroelectronics.X-CUBE-ALGOBUILD.1.4.0
2024-07-06 15:03:14,835 [WARN] PackLoader:240 - Cannot read IP mode file for STMicroelectronics.X-CUBE-GNSS1.6.0.0
2024-07-06 15:03:14,863 [WARN] PackLoader:240 - Cannot read IP mode file for STMicroelectronics.X-CUBE-AZRTOS-F4.1.1.0
2024-07-06 15:03:14,874 [WARN] PackLoader:240 - Cannot read IP mode file for STMicroelectronics.X-CUBE-FREERTOS.1.2.0
2024-07-06 15:03:14,901 [WARN] PackLoader:240 - Cannot read IP mode file for STMicroelectronics.X-CUBE-AZRTOS-L5.2.0.0
2024-07-06 15:03:14,935 [WARN] PackLoader:240 - Cannot read IP mode file for STMicroelectronics.X-CUBE-NFC6.3.1.0
2024-07-06 15:03:14,946 [WARN] PackLoader:240 - Cannot read IP mode file for STMicroelectronics.X-CUBE-AI.9.0.0
2024-07-06 15:03:14,956 [WARN] PackLoader:240 - Cannot read IP mode file for STMicroelectronics.X-CUBE-NFC7.1.0.1
2024-07-06 15:03:14,963 [WARN] PackLoader:240 - Cannot read IP mode file for STMicroelectronics.X-CUBE-AI.8.1.0
2024-07-06 15:03:14,999 [WARN] ConditionMgr:438 - getConditionDescription Invalid condition id : LAN8742 Phy interface Condition cause : null
2024-07-06 15:03:15,001 [WARN] PackLoader:240 - Cannot read IP mode file for STMicroelectronics.X-CUBE-AZRTOS-L4.2.0.0
2024-07-06 15:03:15,003 [WARN] ConditionMgr:1039 - genDependencies : Invalid condition id : LAN8742 Phy interface Condition cause : null
2024-07-06 15:03:15,004 [WARN] ConditionMgr:1039 - genDependencies : Invalid condition id : LAN8742 Phy interface Condition cause : null
2024-07-06 15:03:15,005 [WARN] ConditionMgr:1039 - genDependencies : Invalid condition id : LAN8742 Phy interface Condition cause : null
2024-07-06 15:03:15,014 [WARN] PackLoader:240 - Cannot read IP mode file for STMicroelectronics.X-CUBE-SFXS2LP1.4.0.0
2024-07-06 15:03:15,031 [WARN] ConditionMgr:438 - getConditionDescription Invalid condition id : UX DEVICE CLASS RTOS Condition cause : null
2024-07-06 15:03:15,031 [WARN] ConditionMgr:438 - getConditionDescription Invalid condition id : UX DEVICE CLASS RTOS Condition cause : null
2024-07-06 15:03:15,034 [WARN] PackLoader:240 - Cannot read IP mode file for STMicroelectronics.X-CUBE-AZRTOS-WB.2.0.0
2024-07-06 15:03:15,036 [WARN] ConditionMgr:1039 - genDependencies : Invalid condition id : UX DEVICE CLASS RTOS Condition cause : null
2024-07-06 15:03:15,036 [WARN] ConditionMgr:1039 - genDependencies : Invalid condition id : UX DEVICE CLASS RTOS Condition cause : null
2024-07-06 15:03:15,037 [WARN] ConditionMgr:1039 - genDependencies : Invalid condition id : UX DEVICE CLASS RTOS Condition cause : null
2024-07-06 15:03:15,037 [WARN] ConditionMgr:1039 - genDependencies : Invalid condition id : UX DEVICE CLASS RTOS Condition cause : null
2024-07-06 15:03:15,038 [WARN] ConditionMgr:1039 - genDependencies : Invalid condition id : UX DEVICE CLASS RTOS Condition cause : null
2024-07-06 15:03:15,050 [WARN] PackLoader:240 - Cannot read IP mode file for STMicroelectronics.X-CUBE-SUBG2.5.0.0
2024-07-06 15:03:15,061 [WARN] PackLoader:240 - Cannot read IP mode file for Cesanta.I-CUBE-Mongoose.7.13.0
2024-07-06 15:03:15,079 [WARN] PackLoader:240 - Cannot read IP mode file for STMicroelectronics.X-CUBE-AZRTOS-G4.2.0.0
2024-07-06 15:03:15,086 [WARN] PackLoader:240 - Cannot read IP mode file for STMicroelectronics.FP-SNS-MOTENVWB1.1.3.1
2024-07-06 15:03:15,091 [WARN] PackLoader:240 - Cannot read IP mode file for STMicroelectronics.X-CUBE-ISPU.2.0.0
2024-07-06 15:03:15,096 [INFO] WebApp:192 - Starting web application
2024-07-06 15:03:15,096 [WARN] PackLoader:240 - Cannot read IP mode file for STMicroelectronics.X-CUBE-ALS.1.0.2
2024-07-06 15:03:15,096 [INFO] WebApp:544 - Web application path used /home/frank/st/stm32cubeide_1.14.0/plugins/com.st.stm32cube.common.mx_6.11.1.202404110753/db/plugins/mcufinder/reactClient1/index.html
2024-07-06 15:03:15,161 [WARN] PackLoader:240 - Cannot read IP mode file for STMicroelectronics.X-CUBE-MEMS1.10.0.0
2024-07-06 15:03:15,317 [WARN] PackLoader:240 - Cannot read IP mode file for STMicroelectronics.X-CUBE-TOUCHGFX.4.24.0
2024-07-06 15:03:15,321 [WARN] PackLoader:240 - Cannot read IP mode file for portGmbH.I-Cube-SoM-uGOAL.1.1.0
2024-07-06 15:03:15,326 [WARN] PackLoader:240 - Cannot read IP mode file for STMicroelectronics.X-CUBE-ALS.1.0.1
2024-07-06 15:03:15,350 [WARN] PackLoader:240 - Cannot read IP mode file for STMicroelectronics.X-CUBE-AZRTOS-H7RS.1.0.0
2024-07-06 15:03:15,358 [WARN] PackLoader:240 - Cannot read IP mode file for STMicroelectronics.FP-ATR-ASTRA1.2.0.0
2024-07-06 15:03:15,371 [WARN] PackLoader:240 - Cannot read IP mode file for STMicroelectronics.X-CUBE-TOF1.3.4.1
2024-07-06 15:03:15,404 [WARN] PackLoader:240 - Cannot read IP mode file for STMicroelectronics.X-CUBE-AZRTOS-H7.3.2.0
2024-07-06 15:03:15,425 [WARN] PackLoader:240 - Cannot read IP mode file for Infineon.AIROC-Wi-Fi-Bluetooth-STM32.1.6.0
2024-07-06 15:03:15,431 [INFO] ThirdParty:978 - Integrity check success = true
2024-07-06 15:03:15,431 [INFO] IntegrityCheckThread:100 - exiting critical section [integrity check]
2024-07-06 15:03:15,431 [INFO] IntegrityCheckThread:103 - End integrity checks thread
