2024-07-24 11:59:33,473 [INFO] Activator:176 - 


2024-07-24 11:59:33,478 [INFO] Activator:177 - !SESSION log4j initialized
2024-07-24 11:59:36,872 [INFO] LogOutputStream:77 - [STDOUT_REDIRECT] 
2024-07-24 11:59:38,026 [INFO] ApplicationProperties:184 - Using Application install path: /home/frank/st/stm32cubeide_1.14.0/plugins/com.st.stm32cube.common.mx_6.11.1.202404110753
2024-07-24 11:59:38,040 [INFO] DbMcusXml:78 - Set database path to: /home/frank/st/stm32cubeide_1.14.0/plugins/com.st.stm32cube.common.mx_6.11.1.202404110753//db//mcu/
2024-07-24 11:59:38,040 [INFO] ApiDb:274 - Set plugin database path to: /home/frank/st/stm32cubeide_1.14.0/plugins/com.st.stm32cube.common.mx_6.11.1.202404110753//db//plugins/boardmanager/
2024-07-24 11:59:38,040 [WARN] ApiDb:259 - Overriding images path with different value:  => /home/frank/st/stm32cubeide_1.14.0/plugins/com.st.stm32cube.common.mx_6.11.1.202404110753//db//plugins/mcufinder/images/
2024-07-24 11:59:38,045 [INFO] ApiDb:250 - Set database path to: /home/frank/.stmcufinder/plugins/mcufinder//mcu/
2024-07-24 11:59:38,046 [INFO] DbMcusAds:125 - Set database path to: /home/frank/.stmcufinder/plugins/mcufinder//mcu/
2024-07-24 11:59:38,048 [INFO] CrossReferenceDbSqlite:203 - Set database path to: /home/frank/.stmcufinder/plugins/mcufinder//mcu/cs/
2024-07-24 11:59:38,142 [INFO] RulesReader:64 - Compatibility file has been processed (297 Rules)
2024-07-24 11:59:38,199 [INFO] DbMcusXml:78 - Set database path to: /home/frank/st/stm32cubeide_1.14.0/plugins/com.st.stm32cube.common.mx_6.11.1.202404110753//db//mcu/
2024-07-24 11:59:38,200 [INFO] ApiDb:274 - Set plugin database path to: /home/frank/st/stm32cubeide_1.14.0/plugins/com.st.stm32cube.common.mx_6.11.1.202404110753//db//plugins/boardmanager/
2024-07-24 11:59:38,200 [INFO] ApiDb:261 - Set plugin images path to: /home/frank/st/stm32cubeide_1.14.0/plugins/com.st.stm32cube.common.mx_6.11.1.202404110753//db//plugins/mcufinder/images/
2024-07-24 11:59:38,200 [WARN] DbFile:41 - Overriding database path with different value: /home/frank/.stmcufinder/plugins/mcufinder/ => /home/frank/.stmcufinder/plugins/mcufinder
2024-07-24 11:59:38,200 [INFO] ApiDb:250 - Set database path to: /home/frank/.stmcufinder/plugins/mcufinder//mcu/
2024-07-24 11:59:38,200 [WARN] DbFile:41 - Overriding database path with different value: /home/frank/.stmcufinder/plugins/mcufinder/ => /home/frank/.stmcufinder/plugins/mcufinder
2024-07-24 11:59:38,200 [INFO] DbMcusAds:125 - Set database path to: /home/frank/.stmcufinder/plugins/mcufinder//mcu/
2024-07-24 11:59:38,200 [WARN] DbFile:41 - Overriding database path with different value: /home/frank/.stmcufinder/plugins/mcufinder/ => /home/frank/.stmcufinder/plugins/mcufinder
2024-07-24 11:59:38,200 [WARN] DbFile:41 - Overriding database path with different value: /home/frank/.stmcufinder/plugins/mcufinder/ => /home/frank/.stmcufinder/plugins/mcufinder
2024-07-24 11:59:38,201 [INFO] CrossReferenceDbSqlite:203 - Set database path to: /home/frank/.stmcufinder/plugins/mcufinder//mcu/cs/
2024-07-24 11:59:38,264 [INFO] MainPanel:264 - HeapMemory: 268435456
2024-07-24 11:59:38,339 [INFO] DbMcusXml:78 - Set database path to: /home/frank/st/stm32cubeide_1.14.0/plugins/com.st.stm32cube.common.mx_6.11.1.202404110753//db//mcu/
2024-07-24 11:59:38,339 [INFO] ApiDb:274 - Set plugin database path to: /home/frank/st/stm32cubeide_1.14.0/plugins/com.st.stm32cube.common.mx_6.11.1.202404110753//db//plugins/boardmanager/
2024-07-24 11:59:38,339 [INFO] ApiDb:261 - Set plugin images path to: /home/frank/st/stm32cubeide_1.14.0/plugins/com.st.stm32cube.common.mx_6.11.1.202404110753//db//plugins/mcufinder/images/
2024-07-24 11:59:38,340 [WARN] DbFile:41 - Overriding database path with different value: /home/frank/.stmcufinder/plugins/mcufinder/ => /home/frank/.stmcufinder/plugins/mcufinder
2024-07-24 11:59:38,340 [INFO] ApiDb:250 - Set database path to: /home/frank/.stmcufinder/plugins/mcufinder//mcu/
2024-07-24 11:59:38,340 [WARN] DbFile:41 - Overriding database path with different value: /home/frank/.stmcufinder/plugins/mcufinder/ => /home/frank/.stmcufinder/plugins/mcufinder
2024-07-24 11:59:38,340 [INFO] DbMcusAds:125 - Set database path to: /home/frank/.stmcufinder/plugins/mcufinder//mcu/
2024-07-24 11:59:38,340 [WARN] DbFile:41 - Overriding database path with different value: /home/frank/.stmcufinder/plugins/mcufinder/ => /home/frank/.stmcufinder/plugins/mcufinder
2024-07-24 11:59:38,340 [WARN] DbFile:41 - Overriding database path with different value: /home/frank/.stmcufinder/plugins/mcufinder/ => /home/frank/.stmcufinder/plugins/mcufinder
2024-07-24 11:59:38,340 [INFO] CrossReferenceDbSqlite:203 - Set database path to: /home/frank/.stmcufinder/plugins/mcufinder//mcu/cs/
2024-07-24 11:59:38,356 [INFO] ApplicationProperties:184 - Using Application install path: /home/frank/st/stm32cubeide_1.14.0/plugins/com.st.stm32cube.common.mx_6.11.1.202404110753
2024-07-24 11:59:38,357 [INFO] PluginManage:196 - Search for loadable plugins [exclusion list=, ]
2024-07-24 11:59:38,358 [INFO] PluginManage:310 - Check plugin analytics
2024-07-24 11:59:38,493 [INFO] AnalyticsPlugin:253 - Accepted Software Licenses: 
2024-07-24 11:59:38,493 [INFO] AnalyticsPlugin:255 - Accepted CMSIS Pack Licenses: 
2024-07-24 11:59:38,493 [INFO] AnalyticsPlugin:257 - Accepted Firmware Licenses: FW.F4.1.28.0,FW.F4.1.27.0
2024-07-24 11:59:38,495 [INFO] PluginManage:359 - Loaded plugin analytics (category:tool,tabindex:-1)
2024-07-24 11:59:38,495 [INFO] PluginManage:310 - Check plugin cadmodel
2024-07-24 11:59:38,517 [INFO] CADModel:105 - Init CAD model plugin
2024-07-24 11:59:38,517 [INFO] PluginManage:359 - Loaded plugin cadmodel (category:power,tabindex:5)
2024-07-24 11:59:38,517 [INFO] PluginManage:310 - Check plugin clock
2024-07-24 11:59:38,525 [INFO] PluginManage:359 - Loaded plugin clock (category:base,tabindex:2)
2024-07-24 11:59:38,526 [INFO] PluginManage:310 - Check plugin ddr
2024-07-24 11:59:38,527 [INFO] PluginManage:359 - Loaded plugin ddr (category:tool,tabindex:6)
2024-07-24 11:59:38,528 [INFO] PluginManage:310 - Check plugin filemanager
2024-07-24 11:59:38,628 [INFO] PluginManage:359 - Loaded plugin filemanager (category:base,tabindex:10)
2024-07-24 11:59:38,628 [INFO] PluginManage:310 - Check plugin ipmanager
2024-07-24 11:59:38,631 [INFO] PluginManage:359 - Loaded plugin ipmanager (category:base,tabindex:5)
2024-07-24 11:59:38,631 [INFO] PluginManage:310 - Check plugin lpbam
2024-07-24 11:59:38,646 [INFO] PluginManage:359 - Loaded plugin lpbam (category:base,tabindex:0)
2024-07-24 11:59:38,646 [INFO] PluginManage:310 - Check plugin memorymap
2024-07-24 11:59:38,654 [INFO] PluginManage:359 - Loaded plugin memorymap (category:base,tabindex:4)
2024-07-24 11:59:38,654 [INFO] PluginManage:310 - Check plugin pinoutandconfiguration
2024-07-24 11:59:38,664 [INFO] PluginManage:359 - Loaded plugin pinoutandconfiguration (category:base,tabindex:1)
2024-07-24 11:59:38,664 [INFO] PluginManage:310 - Check plugin pinoutconfig
2024-07-24 11:59:38,722 [WARN] SupportedApi:132 - Cannot load RTOS API schema: s4s-elt-must-match.1: The content of 'definitions' must match (annotation?, (simpleType | complexType)?, (unique | key | keyref)*)). A problem was found starting at: attribute.
2024-07-24 11:59:38,831 [INFO] PluginManage:359 - Loaded plugin pinoutconfig (category:base,tabindex:0)
2024-07-24 11:59:38,831 [INFO] PluginManage:310 - Check plugin power
2024-07-24 11:59:38,840 [INFO] PluginManage:359 - Loaded plugin power (category:power,tabindex:4)
2024-07-24 11:59:38,840 [INFO] PluginManage:310 - Check plugin projectmanager
2024-07-24 11:59:38,853 [INFO] PluginManage:359 - Loaded plugin projectmanager (category:projectmanager,tabindex:3)
2024-07-24 11:59:38,853 [INFO] PluginManage:310 - Check plugin thirdparty
2024-07-24 11:59:38,941 [INFO] PluginManage:359 - Loaded plugin thirdparty (category:base,tabindex:-1)
2024-07-24 11:59:38,941 [INFO] PluginManage:310 - Check plugin tools
2024-07-24 11:59:38,941 [WARN] IntegrityCheckThread:84 - waiting for thirdparty lock release [integrity check]
2024-07-24 11:59:38,942 [INFO] IntegrityCheckThread:86 - entering critical section [integrity check]
2024-07-24 11:59:38,942 [INFO] ThirdPartyUpdaterWithRetryManager:70 - Updater plugin not ready yet. [1/15]
2024-07-24 11:59:38,943 [INFO] PluginManage:359 - Loaded plugin tools (category:base,tabindex:7)
2024-07-24 11:59:38,943 [INFO] PluginManage:310 - Check plugin tutovideos
2024-07-24 11:59:39,050 [INFO] PluginManage:359 - Loaded plugin tutovideos (category:base,tabindex:-1)
2024-07-24 11:59:39,050 [INFO] PluginManage:310 - Check plugin updater
2024-07-24 11:59:39,059 [INFO] PluginManage:359 - Loaded plugin updater (category:base,tabindex:12)
2024-07-24 11:59:39,060 [INFO] PluginManage:310 - Check plugin userauth
2024-07-24 11:59:39,064 [INFO] UserAuth:114 - Init User Auth plugin
2024-07-24 11:59:39,064 [INFO] PluginManage:359 - Loaded plugin userauth (category:base,tabindex:14)
2024-07-24 11:59:39,064 [INFO] PluginManage:283 - PluginManage : Loaded plugins [17]
2024-07-24 11:59:39,189 [INFO] PinOutPanel:1561 - setPackage(No Configuration,No Configuration)
2024-07-24 11:59:39,235 [INFO] CADModel:165 - CPN selected for project level
2024-07-24 11:59:39,235 [INFO] CADModel:114 - Register for checkConnection events
2024-07-24 11:59:39,243 [INFO] IPUIPlugin:80 - create IPUIPlugin
2024-07-24 11:59:39,243 [INFO] PluginManager:220 - loadIPPluginJar : add ucpd
2024-07-24 11:59:39,244 [INFO] IPUIPlugin:80 - create IPUIPlugin
2024-07-24 11:59:39,244 [INFO] PluginManager:220 - loadIPPluginJar : add ltdc
2024-07-24 11:59:39,249 [INFO] IPUIPlugin:80 - create IPUIPlugin
2024-07-24 11:59:39,251 [INFO] PluginManager:220 - loadIPPluginJar : add plateformsettings
2024-07-24 11:59:39,254 [INFO] IPUIPlugin:80 - create IPUIPlugin
2024-07-24 11:59:39,254 [INFO] PluginManager:220 - loadIPPluginJar : add hash
2024-07-24 11:59:39,255 [INFO] IPUIPlugin:80 - create IPUIPlugin
2024-07-24 11:59:39,255 [INFO] PluginManager:220 - loadIPPluginJar : add gfxmmu
2024-07-24 11:59:39,260 [INFO] IPUIPlugin:80 - create IPUIPlugin
2024-07-24 11:59:39,260 [INFO] PluginManager:220 - loadIPPluginJar : add stm32_wpan
2024-07-24 11:59:39,261 [INFO] IPUIPlugin:80 - create IPUIPlugin
2024-07-24 11:59:39,261 [INFO] PluginManager:220 - loadIPPluginJar : add ts
2024-07-24 11:59:39,262 [INFO] IPUIPlugin:80 - create IPUIPlugin
2024-07-24 11:59:39,262 [INFO] PluginManager:220 - loadIPPluginJar : add quadspi
2024-07-24 11:59:39,263 [INFO] IPUIPlugin:80 - create IPUIPlugin
2024-07-24 11:59:39,263 [INFO] PluginManager:220 - loadIPPluginJar : add usbx
2024-07-24 11:59:39,265 [INFO] IPUIPlugin:80 - create IPUIPlugin
2024-07-24 11:59:39,265 [INFO] PluginManager:220 - loadIPPluginJar : add aes
2024-07-24 11:59:39,267 [INFO] IPUIPlugin:80 - create IPUIPlugin
2024-07-24 11:59:39,267 [INFO] PluginManager:220 - loadIPPluginJar : add nvic
2024-07-24 11:59:39,271 [INFO] IPUIPlugin:80 - create IPUIPlugin
2024-07-24 11:59:39,272 [INFO] PluginManager:220 - loadIPPluginJar : add adc
2024-07-24 11:59:39,273 [INFO] IPUIPlugin:80 - create IPUIPlugin
2024-07-24 11:59:39,273 [INFO] PluginManager:220 - loadIPPluginJar : add cryp
2024-07-24 11:59:39,275 [INFO] IPUIPlugin:80 - create IPUIPlugin
2024-07-24 11:59:39,275 [INFO] PluginManager:220 - loadIPPluginJar : add touchsensing
2024-07-24 11:59:39,278 [INFO] IPUIPlugin:80 - create IPUIPlugin
2024-07-24 11:59:39,278 [INFO] PluginManager:220 - loadIPPluginJar : add fmc
2024-07-24 11:59:39,279 [INFO] IPUIPlugin:80 - create IPUIPlugin
2024-07-24 11:59:39,280 [INFO] PluginManager:220 - loadIPPluginJar : add openamp
2024-07-24 11:59:39,285 [INFO] IPUIPlugin:80 - create IPUIPlugin
2024-07-24 11:59:39,285 [INFO] PluginManager:220 - loadIPPluginJar : add linkedlist
2024-07-24 11:59:39,286 [INFO] IPUIPlugin:80 - create IPUIPlugin
2024-07-24 11:59:39,286 [INFO] PluginManager:220 - loadIPPluginJar : add tracer_emb
2024-07-24 11:59:39,290 [INFO] IPUIPlugin:80 - create IPUIPlugin
2024-07-24 11:59:39,290 [INFO] PluginManager:220 - loadIPPluginJar : add dma
2024-07-24 11:59:39,292 [INFO] IPUIPlugin:80 - create IPUIPlugin
2024-07-24 11:59:39,292 [INFO] PluginManager:220 - loadIPPluginJar : add sai
2024-07-24 11:59:39,296 [INFO] IPUIPlugin:80 - create IPUIPlugin
2024-07-24 11:59:39,296 [INFO] PluginManager:220 - loadIPPluginJar : add freertos
2024-07-24 11:59:39,300 [INFO] IPUIPlugin:80 - create IPUIPlugin
2024-07-24 11:59:39,300 [INFO] PluginManager:220 - loadIPPluginJar : add mdma
2024-07-24 11:59:39,301 [INFO] IPUIPlugin:80 - create IPUIPlugin
2024-07-24 11:59:39,301 [INFO] PluginManager:220 - loadIPPluginJar : add genericplugin
2024-07-24 11:59:39,302 [INFO] IPUIPlugin:80 - create IPUIPlugin
2024-07-24 11:59:39,303 [INFO] PluginManager:220 - loadIPPluginJar : add tsc
2024-07-24 11:59:39,304 [INFO] IPUIPlugin:80 - create IPUIPlugin
2024-07-24 11:59:39,304 [INFO] PluginManager:220 - loadIPPluginJar : add pdm2pcm
2024-07-24 11:59:39,305 [INFO] IPUIPlugin:80 - create IPUIPlugin
2024-07-24 11:59:39,305 [INFO] PluginManager:220 - loadIPPluginJar : add fatfs
2024-07-24 11:59:39,307 [INFO] IPUIPlugin:80 - create IPUIPlugin
2024-07-24 11:59:39,307 [INFO] PluginManager:220 - loadIPPluginJar : add can
2024-07-24 11:59:39,308 [INFO] IPUIPlugin:80 - create IPUIPlugin
2024-07-24 11:59:39,309 [INFO] PluginManager:220 - loadIPPluginJar : add i3c
2024-07-24 11:59:39,310 [INFO] IPUIPlugin:80 - create IPUIPlugin
2024-07-24 11:59:39,310 [INFO] PluginManager:220 - loadIPPluginJar : add i2s
2024-07-24 11:59:39,311 [INFO] IPUIPlugin:80 - create IPUIPlugin
2024-07-24 11:59:39,311 [INFO] PluginManager:220 - loadIPPluginJar : add i2c
2024-07-24 11:59:39,312 [INFO] IPUIPlugin:80 - create IPUIPlugin
2024-07-24 11:59:39,312 [INFO] PluginManager:220 - loadIPPluginJar : add spi
2024-07-24 11:59:39,314 [INFO] IPUIPlugin:80 - create IPUIPlugin
2024-07-24 11:59:39,314 [INFO] PluginManager:220 - loadIPPluginJar : add dfsdm
2024-07-24 11:59:39,315 [INFO] IPUIPlugin:80 - create IPUIPlugin
2024-07-24 11:59:39,315 [INFO] PluginManager:220 - loadIPPluginJar : add tim
2024-07-24 11:59:39,317 [INFO] IPUIPlugin:80 - create IPUIPlugin
2024-07-24 11:59:39,317 [INFO] PluginManager:220 - loadIPPluginJar : add opamp
2024-07-24 11:59:39,318 [INFO] IPUIPlugin:80 - create IPUIPlugin
2024-07-24 11:59:39,318 [INFO] PluginManager:220 - loadIPPluginJar : add dma3
2024-07-24 11:59:39,320 [INFO] IPUIPlugin:80 - create IPUIPlugin
2024-07-24 11:59:39,320 [INFO] PluginManager:220 - loadIPPluginJar : add ipddr
2024-07-24 11:59:39,321 [INFO] IPUIPlugin:80 - create IPUIPlugin
2024-07-24 11:59:39,321 [INFO] PluginManager:220 - loadIPPluginJar : add comp
2024-07-24 11:59:39,323 [INFO] IPUIPlugin:80 - create IPUIPlugin
2024-07-24 11:59:39,323 [INFO] PluginManager:220 - loadIPPluginJar : add resmgrutility
2024-07-24 11:59:39,325 [INFO] IPUIPlugin:80 - create IPUIPlugin
2024-07-24 11:59:39,325 [INFO] PluginManager:220 - loadIPPluginJar : add extmemmanager
2024-07-24 11:59:39,326 [INFO] IPUIPlugin:80 - create IPUIPlugin
2024-07-24 11:59:39,327 [INFO] PluginManager:220 - loadIPPluginJar : add gtzc
2024-07-24 11:59:39,329 [INFO] IPUIPlugin:80 - create IPUIPlugin
2024-07-24 11:59:39,329 [INFO] PluginManager:220 - loadIPPluginJar : add gpio
2024-07-24 11:59:39,331 [INFO] IPUIPlugin:80 - create IPUIPlugin
2024-07-24 11:59:39,331 [INFO] PluginManager:220 - loadIPPluginJar : add usart
2024-07-24 11:59:39,332 [INFO] IPUIPlugin:80 - create IPUIPlugin
2024-07-24 11:59:39,332 [INFO] PluginManager:220 - loadIPPluginJar : add lorawan
2024-07-24 11:59:39,336 [INFO] IPUIPlugin:80 - create IPUIPlugin
2024-07-24 11:59:39,336 [INFO] PluginManager:220 - loadIPPluginJar : add gic
2024-07-24 11:59:39,430 [INFO] CADModel:165 - CPN selected for project level
2024-07-24 11:59:39,430 [INFO] CADModel:114 - Register for checkConnection events
2024-07-24 11:59:39,430 [FATAL] Updater:308 - Updater called before beeing initialized
2024-07-24 11:59:39,430 [ERROR] CADModel:125 - Updater not yet initialized, retry later 
2024-07-24 11:59:39,535 [INFO] CADModel:165 - CPN selected for project level
2024-07-24 11:59:39,535 [INFO] CADModel:114 - Register for checkConnection events
2024-07-24 11:59:39,535 [FATAL] Updater:308 - Updater called before beeing initialized
2024-07-24 11:59:39,535 [ERROR] CADModel:125 - Updater not yet initialized, retry later 
2024-07-24 11:59:39,538 [FATAL] Updater:308 - Updater called before beeing initialized
2024-07-24 11:59:39,607 [FATAL] Updater:308 - Updater called before beeing initialized
2024-07-24 11:59:39,611 [INFO] DbMcusAds:53 - JSON generation date=Thu May 16 11:22:00 CEST 2024 (1715851320852)
2024-07-24 11:59:39,611 [FATAL] Updater:308 - Updater called before beeing initialized
2024-07-24 11:59:39,642 [WARN] DetailPanel:346 - Failed to get advertising image, set to default
2024-07-24 11:59:39,719 [FATAL] Updater:308 - Updater called before beeing initialized
2024-07-24 11:59:39,720 [FATAL] Updater:308 - Updater called before beeing initialized
2024-07-24 11:59:39,720 [FATAL] Updater:308 - Updater called before beeing initialized
2024-07-24 11:59:39,720 [WARN] DetailPanel:346 - Failed to get advertising image, set to default
2024-07-24 11:59:39,721 [FATAL] Updater:308 - Updater called before beeing initialized
2024-07-24 11:59:39,759 [ERROR] Updater:1120 - MainUpdater not yet initialized. External WinMGr cannot be set.
2024-07-24 11:59:39,761 [INFO] Updater:1056 - Updater Version found : 6.11.1
2024-07-24 11:59:39,781 [INFO] ApplicationProperties:184 - Using Application install path: /home/frank/st/stm32cubeide_1.14.0/plugins/com.st.stm32cube.common.mx_6.11.1.202404110753
2024-07-24 11:59:40,279 [INFO] MainUpdater:2873 - connection check result : 22
2024-07-24 11:59:40,280 [INFO] MainUpdater:290 - Updater Check For Update Now.
2024-07-24 11:59:40,280 [INFO] MicroXplorer:498 - Change Database Version : DB.6.0.111
2024-07-24 11:59:40,283 [INFO] McuFinderGlobals:63 - Set McuFinder mode to 2 (CubeIDE integrated)
2024-07-24 11:59:40,288 [INFO] UserAuth:415 - Internet connection configuration mode: 2
2024-07-24 11:59:40,471 [INFO] CheckServerUpdateThread:120 - End of CheckServer Thread
2024-07-24 11:59:42,076 [WARN] PackLoader:240 - Cannot read IP mode file for STMicroelectronics.FP-SNS-MOTENVWB1.1.4.0
2024-07-24 11:59:42,085 [WARN] PackLoader:240 - Cannot read IP mode file for STMicroelectronics.X-CUBE-SMBUS.2.1.0
2024-07-24 11:59:42,088 [WARN] PackLoader:240 - Cannot read IP mode file for STMicroelectronics.X-CUBE-TOUCHGFX.4.23.2
2024-07-24 11:59:42,117 [WARN] PackLoader:240 - Cannot read IP mode file for STMicroelectronics.X-CUBE-AZRTOS-F7.1.1.0
2024-07-24 11:59:42,129 [WARN] PackLoader:240 - Cannot read IP mode file for STMicroelectronics.FP-SNS-MOTENV1.4.3.2
2024-07-24 11:59:42,136 [WARN] PackLoader:240 - Cannot read IP mode file for STMicroelectronics.FP-SNS-FLIGHT1.5.0.2
2024-07-24 11:59:42,144 [WARN] PackLoader:240 - Cannot read IP mode file for STMicroelectronics.X-CUBE-DISPLAY.3.0.0
2024-07-24 11:59:42,156 [WARN] PackLoader:240 - Cannot read IP mode file for STMicroelectronics.X-CUBE-BLE1.7.0.0
2024-07-24 11:59:42,161 [WARN] PackLoader:240 - Cannot read IP mode file for emotas.I-CUBE-CANOPEN.1.3.0
2024-07-24 11:59:42,173 [WARN] PackLoader:240 - Cannot read IP mode file for STMicroelectronics.X-CUBE-BLEMGR.3.1.0
2024-07-24 11:59:42,181 [WARN] PackLoader:240 - Cannot read IP mode file for STMicroelectronics.FP-SNS-SMARTAG2.1.2.0
2024-07-24 11:59:42,192 [INFO] LogOutputStream:77 - [STDOUT_REDIRECT] 1 : Invalid condition id : UX_CORESTACK_Condition cause : null
2024-07-24 11:59:42,193 [INFO] LogOutputStream:77 - [STDOUT_REDIRECT] 1 : Invalid condition id : UX_CORESTACK_Condition cause : null
2024-07-24 11:59:42,193 [INFO] LogOutputStream:77 - [STDOUT_REDIRECT] 1 : Invalid condition id : UX_CORESTACK_Condition cause : null
2024-07-24 11:59:42,194 [INFO] LogOutputStream:77 - [STDOUT_REDIRECT] 1 : Invalid condition id : UX_CORESTACK_Condition cause : null
2024-07-24 11:59:42,194 [INFO] LogOutputStream:77 - [STDOUT_REDIRECT] 1 : Invalid condition id : UX_CORESTACK_Condition cause : null
2024-07-24 11:59:42,199 [WARN] PackLoader:240 - Cannot read IP mode file for STMicroelectronics.X-CUBE-AZRTOS-WL.2.0.0
2024-07-24 11:59:42,204 [WARN] PackLoader:240 - Cannot read IP mode file for STMicroelectronics.FP-SNS-MOTENV1.5.0.0
2024-07-24 11:59:42,209 [WARN] PackLoader:240 - Cannot read IP mode file for wolfSSL.I-CUBE-wolfMQTT.1.19.0
2024-07-24 11:59:42,216 [WARN] PackLoader:240 - Cannot read IP mode file for WES.I-CUBE-Cesium.1.3.0
2024-07-24 11:59:42,220 [WARN] PackLoader:240 - Cannot read IP mode file for STMicroelectronics.X-CUBE-BLE2.3.3.0
2024-07-24 11:59:42,225 [WARN] PackLoader:240 - Cannot read IP mode file for STMicroelectronics.X-CUBE-TCPP.4.1.0
2024-07-24 11:59:42,249 [WARN] PackLoader:240 - Cannot read IP mode file for STMicroelectronics.X-CUBE-AZRTOS-G0.1.1.0
2024-07-24 11:59:42,261 [WARN] PackLoader:240 - Cannot read IP mode file for STMicroelectronics.X-CUBE-SAFEA1.1.2.2
2024-07-24 11:59:42,272 [WARN] PackLoader:240 - Cannot read IP mode file for STMicroelectronics.X-CUBE-NFC4.3.0.0
2024-07-24 11:59:42,278 [WARN] PackLoader:240 - Cannot read IP mode file for wolfSSL.I-CUBE-wolfMQTT.1.18.0
2024-07-24 11:59:42,287 [WARN] PackLoader:240 - Cannot read IP mode file for EmbeddedOffice.I-CUBE-FS-RTOS.1.0.1
2024-07-24 11:59:42,287 [ERROR] ConditionMgr:805 - Attr not supported : Dmpu
2024-07-24 11:59:42,287 [ERROR] ConditionMgr:805 - Attr not supported : Dmpu
2024-07-24 11:59:42,287 [ERROR] ConditionMgr:805 - Attr not supported : Dmpu
2024-07-24 11:59:42,287 [ERROR] ConditionMgr:805 - Attr not supported : Dmpu
2024-07-24 11:59:42,287 [ERROR] ConditionMgr:805 - Attr not supported : Dmpu
2024-07-24 11:59:42,288 [ERROR] ConditionMgr:805 - Attr not supported : Dmpu
2024-07-24 11:59:42,288 [ERROR] ConditionMgr:805 - Attr not supported : Dmpu
2024-07-24 11:59:42,288 [ERROR] ConditionMgr:805 - Attr not supported : Dmpu
2024-07-24 11:59:42,288 [ERROR] ConditionMgr:805 - Attr not supported : Dmpu
2024-07-24 11:59:42,288 [ERROR] ConditionMgr:805 - Attr not supported : Dmpu
2024-07-24 11:59:42,288 [ERROR] ConditionMgr:805 - Attr not supported : Dmpu
2024-07-24 11:59:42,288 [ERROR] ConditionMgr:805 - Attr not supported : Dmpu
2024-07-24 11:59:42,288 [ERROR] ConditionMgr:805 - Attr not supported : Dmpu
2024-07-24 11:59:42,288 [ERROR] ConditionMgr:805 - Attr not supported : Dmpu
2024-07-24 11:59:42,288 [ERROR] ConditionMgr:805 - Attr not supported : Dmpu
2024-07-24 11:59:42,288 [ERROR] ConditionMgr:805 - Attr not supported : Dmpu
2024-07-24 11:59:42,288 [ERROR] ConditionMgr:805 - Attr not supported : Dmpu
2024-07-24 11:59:42,289 [ERROR] ConditionMgr:805 - Attr not supported : Dmpu
2024-07-24 11:59:42,289 [ERROR] ConditionMgr:805 - Attr not supported : Dmpu
2024-07-24 11:59:42,289 [ERROR] ConditionMgr:805 - Attr not supported : Dmpu
2024-07-24 11:59:42,289 [ERROR] ConditionMgr:805 - Attr not supported : Dmpu
2024-07-24 11:59:42,289 [ERROR] ConditionMgr:805 - Attr not supported : Dmpu
2024-07-24 11:59:42,289 [ERROR] ConditionMgr:805 - Attr not supported : Dmpu
2024-07-24 11:59:42,289 [ERROR] ConditionMgr:805 - Attr not supported : Dmpu
2024-07-24 11:59:42,289 [ERROR] ConditionMgr:805 - Attr not supported : Dmpu
2024-07-24 11:59:42,290 [ERROR] ConditionMgr:805 - Attr not supported : Dmpu
2024-07-24 11:59:42,290 [ERROR] ConditionMgr:805 - Attr not supported : Dmpu
2024-07-24 11:59:42,290 [ERROR] ConditionMgr:805 - Attr not supported : Dmpu
2024-07-24 11:59:42,290 [ERROR] ConditionMgr:805 - Attr not supported : Dmpu
2024-07-24 11:59:42,290 [ERROR] ConditionMgr:805 - Attr not supported : Dmpu
2024-07-24 11:59:42,290 [ERROR] ConditionMgr:805 - Attr not supported : Dmpu
2024-07-24 11:59:42,290 [ERROR] ConditionMgr:805 - Attr not supported : Dmpu
2024-07-24 11:59:42,290 [ERROR] ConditionMgr:805 - Attr not supported : Dmpu
2024-07-24 11:59:42,290 [ERROR] ConditionMgr:805 - Attr not supported : Dmpu
2024-07-24 11:59:42,291 [ERROR] ConditionMgr:805 - Attr not supported : Dmpu
2024-07-24 11:59:42,291 [ERROR] ConditionMgr:805 - Attr not supported : Dmpu
2024-07-24 11:59:42,291 [ERROR] ConditionMgr:805 - Attr not supported : Dmpu
2024-07-24 11:59:42,291 [ERROR] ConditionMgr:805 - Attr not supported : Dmpu
2024-07-24 11:59:42,291 [ERROR] ConditionMgr:805 - Attr not supported : Dmpu
2024-07-24 11:59:42,291 [ERROR] ConditionMgr:805 - Attr not supported : Dmpu
2024-07-24 11:59:42,291 [ERROR] ConditionMgr:805 - Attr not supported : Dmpu
2024-07-24 11:59:42,292 [ERROR] ConditionMgr:805 - Attr not supported : Dmpu
2024-07-24 11:59:42,292 [ERROR] ConditionMgr:805 - Attr not supported : Dmpu
2024-07-24 11:59:42,292 [ERROR] ConditionMgr:805 - Attr not supported : Dmpu
2024-07-24 11:59:42,292 [ERROR] ConditionMgr:805 - Attr not supported : Dmpu
2024-07-24 11:59:42,292 [ERROR] ConditionMgr:805 - Attr not supported : Dmpu
2024-07-24 11:59:42,292 [ERROR] ConditionMgr:805 - Attr not supported : Dmpu
2024-07-24 11:59:42,292 [ERROR] ConditionMgr:805 - Attr not supported : Dmpu
2024-07-24 11:59:42,292 [ERROR] ConditionMgr:805 - Attr not supported : Dmpu
2024-07-24 11:59:42,292 [ERROR] ConditionMgr:805 - Attr not supported : Dmpu
2024-07-24 11:59:42,293 [ERROR] ConditionMgr:805 - Attr not supported : Dmpu
2024-07-24 11:59:42,293 [ERROR] ConditionMgr:805 - Attr not supported : Dmpu
2024-07-24 11:59:42,293 [ERROR] ConditionMgr:805 - Attr not supported : Dmpu
2024-07-24 11:59:42,293 [ERROR] ConditionMgr:805 - Attr not supported : Dmpu
2024-07-24 11:59:42,293 [ERROR] ConditionMgr:805 - Attr not supported : Dmpu
2024-07-24 11:59:42,293 [ERROR] ConditionMgr:805 - Attr not supported : Dmpu
2024-07-24 11:59:42,293 [ERROR] ConditionMgr:805 - Attr not supported : Dmpu
2024-07-24 11:59:42,293 [ERROR] ConditionMgr:805 - Attr not supported : Dmpu
2024-07-24 11:59:42,293 [ERROR] ConditionMgr:805 - Attr not supported : Dmpu
2024-07-24 11:59:42,294 [ERROR] ConditionMgr:805 - Attr not supported : Dmpu
2024-07-24 11:59:42,294 [ERROR] ConditionMgr:805 - Attr not supported : Dmpu
2024-07-24 11:59:42,294 [ERROR] ConditionMgr:805 - Attr not supported : Dmpu
2024-07-24 11:59:42,294 [ERROR] ConditionMgr:805 - Attr not supported : Dmpu
2024-07-24 11:59:42,294 [ERROR] ConditionMgr:805 - Attr not supported : Dmpu
2024-07-24 11:59:42,299 [WARN] PackLoader:240 - Cannot read IP mode file for RealThread.X-CUBE-RT-Thread_Nano.4.1.1
2024-07-24 11:59:42,303 [WARN] PackLoader:240 - Cannot read IP mode file for wolfSSL.I-CUBE-wolfSSL.5.7.0
2024-07-24 11:59:42,307 [WARN] PackLoader:240 - Cannot read IP mode file for STMicroelectronics.FP-ATR-SIGFOX1.3.2.0
2024-07-24 11:59:42,314 [WARN] PackLoader:240 - Cannot read IP mode file for STMicroelectronics.X-CUBE-EEPRMA1.5.1.0
2024-07-24 11:59:42,322 [WARN] PackLoader:240 - Cannot read IP mode file for ITTIA_DB.I-CUBE-ITTIADB.8.9.0
2024-07-24 11:59:42,361 [WARN] PackLoader:240 - Cannot read IP mode file for SEGGER.I-CUBE-embOS.1.3.1
2024-07-24 11:59:42,433 [WARN] PackLoader:240 - Cannot read IP mode file for STMicroelectronics.X-CUBE-ALGOBUILD.1.4.0
2024-07-24 11:59:42,440 [WARN] PackLoader:240 - Cannot read IP mode file for STMicroelectronics.X-CUBE-GNSS1.6.0.0
2024-07-24 11:59:42,457 [WARN] PackLoader:240 - Cannot read IP mode file for STMicroelectronics.X-CUBE-AZRTOS-F4.1.1.0
2024-07-24 11:59:42,463 [WARN] PackLoader:240 - Cannot read IP mode file for STMicroelectronics.X-CUBE-FREERTOS.1.2.0
2024-07-24 11:59:42,478 [WARN] PackLoader:240 - Cannot read IP mode file for STMicroelectronics.X-CUBE-AZRTOS-L5.2.0.0
2024-07-24 11:59:42,486 [WARN] PackLoader:240 - Cannot read IP mode file for STMicroelectronics.X-CUBE-NFC6.3.1.0
2024-07-24 11:59:42,493 [WARN] PackLoader:240 - Cannot read IP mode file for STMicroelectronics.X-CUBE-DPower.1.2.0
2024-07-24 11:59:42,496 [WARN] PackLoader:240 - Cannot read IP mode file for STMicroelectronics.X-CUBE-AI.9.0.0
2024-07-24 11:59:42,499 [WARN] PackLoader:240 - Cannot read IP mode file for STMicroelectronics.X-CUBE-NFC7.1.0.1
2024-07-24 11:59:42,502 [WARN] PackLoader:240 - Cannot read IP mode file for wolfSSL.I-CUBE-wolfTPM.3.2.0
2024-07-24 11:59:42,504 [WARN] PackLoader:240 - Cannot read IP mode file for STMicroelectronics.X-CUBE-AI.8.1.0
2024-07-24 11:59:42,528 [WARN] ConditionMgr:438 - getConditionDescription Invalid condition id : LAN8742 Phy interface Condition cause : null
2024-07-24 11:59:42,529 [WARN] PackLoader:240 - Cannot read IP mode file for STMicroelectronics.X-CUBE-AZRTOS-L4.2.0.0
2024-07-24 11:59:42,530 [WARN] ConditionMgr:1039 - genDependencies : Invalid condition id : LAN8742 Phy interface Condition cause : null
2024-07-24 11:59:42,530 [WARN] ConditionMgr:1039 - genDependencies : Invalid condition id : LAN8742 Phy interface Condition cause : null
2024-07-24 11:59:42,531 [WARN] ConditionMgr:1039 - genDependencies : Invalid condition id : LAN8742 Phy interface Condition cause : null
2024-07-24 11:59:42,536 [WARN] PackLoader:240 - Cannot read IP mode file for STMicroelectronics.X-CUBE-SFXS2LP1.4.0.0
2024-07-24 11:59:42,549 [WARN] ConditionMgr:438 - getConditionDescription Invalid condition id : UX DEVICE CLASS RTOS Condition cause : null
2024-07-24 11:59:42,550 [WARN] ConditionMgr:438 - getConditionDescription Invalid condition id : UX DEVICE CLASS RTOS Condition cause : null
2024-07-24 11:59:42,553 [WARN] PackLoader:240 - Cannot read IP mode file for STMicroelectronics.X-CUBE-AZRTOS-WB.2.0.0
2024-07-24 11:59:42,553 [WARN] ConditionMgr:1039 - genDependencies : Invalid condition id : UX DEVICE CLASS RTOS Condition cause : null
2024-07-24 11:59:42,553 [WARN] ConditionMgr:1039 - genDependencies : Invalid condition id : UX DEVICE CLASS RTOS Condition cause : null
2024-07-24 11:59:42,554 [WARN] ConditionMgr:1039 - genDependencies : Invalid condition id : UX DEVICE CLASS RTOS Condition cause : null
2024-07-24 11:59:42,554 [WARN] ConditionMgr:1039 - genDependencies : Invalid condition id : UX DEVICE CLASS RTOS Condition cause : null
2024-07-24 11:59:42,554 [WARN] ConditionMgr:1039 - genDependencies : Invalid condition id : UX DEVICE CLASS RTOS Condition cause : null
2024-07-24 11:59:42,562 [WARN] PackLoader:240 - Cannot read IP mode file for STMicroelectronics.X-CUBE-SUBG2.5.0.0
2024-07-24 11:59:42,568 [WARN] PackLoader:240 - Cannot read IP mode file for Cesanta.I-CUBE-Mongoose.7.13.0
2024-07-24 11:59:42,579 [WARN] PackLoader:240 - Cannot read IP mode file for STMicroelectronics.X-CUBE-AZRTOS-G4.2.0.0
2024-07-24 11:59:42,584 [WARN] PackLoader:240 - Cannot read IP mode file for STMicroelectronics.FP-SNS-MOTENVWB1.1.3.1
2024-07-24 11:59:42,599 [WARN] PackLoader:240 - Cannot read IP mode file for STMicroelectronics.X-CUBE-ISPU.2.0.0
2024-07-24 11:59:42,603 [WARN] PackLoader:240 - Cannot read IP mode file for STMicroelectronics.X-CUBE-ALS.1.0.2
2024-07-24 11:59:42,643 [WARN] PackLoader:240 - Cannot read IP mode file for STMicroelectronics.X-CUBE-MEMS1.10.0.0
2024-07-24 11:59:42,772 [WARN] PackLoader:240 - Cannot read IP mode file for STMicroelectronics.X-CUBE-TOUCHGFX.4.24.0
2024-07-24 11:59:42,776 [WARN] PackLoader:240 - Cannot read IP mode file for portGmbH.I-Cube-SoM-uGOAL.1.1.0
2024-07-24 11:59:42,781 [WARN] PackLoader:240 - Cannot read IP mode file for STMicroelectronics.X-CUBE-ALS.1.0.1
2024-07-24 11:59:42,801 [WARN] PackLoader:240 - Cannot read IP mode file for STMicroelectronics.X-CUBE-AZRTOS-H7RS.1.0.0
2024-07-24 11:59:42,805 [WARN] PackLoader:240 - Cannot read IP mode file for STMicroelectronics.FP-ATR-ASTRA1.2.0.0
2024-07-24 11:59:42,813 [WARN] PackLoader:240 - Cannot read IP mode file for STMicroelectronics.X-CUBE-TOF1.3.4.1
2024-07-24 11:59:42,833 [WARN] PackLoader:240 - Cannot read IP mode file for STMicroelectronics.X-CUBE-AZRTOS-H7.3.2.0
2024-07-24 11:59:42,844 [WARN] PackLoader:240 - Cannot read IP mode file for Infineon.AIROC-Wi-Fi-Bluetooth-STM32.1.6.0
2024-07-24 11:59:42,847 [INFO] ThirdParty:978 - Integrity check success = true
2024-07-24 11:59:42,847 [INFO] IntegrityCheckThread:100 - exiting critical section [integrity check]
2024-07-24 11:59:42,848 [INFO] IntegrityCheckThread:103 - End integrity checks thread
