2024-06-16 00:03:40,357 [INFO] MainUpdater:2873 - connection check result : 10
2024-06-16 00:03:40,359 [INFO] MainUpdater:2873 - connection check result : 10
2024-06-16 00:03:40,371 [INFO] MicroXplorer:468 - Change Database Path : 
2024-06-16 00:03:40,371 [INFO] MicroXplorer:498 - Change Database Version : DB.6.0.100
2024-06-16 00:03:40,374 [ERROR] ProjectManagerView:394 - 
java.lang.NullPointerException: Cannot invoke "javax.swing.JTextField.getText()" because the return value of "java.util.List.get(int)" is null
	at com.st.microxplorer.plugins.projectmanager.gui.ProjectChoiceTab$10.caretUpdate(ProjectChoiceTab.java:2493) ~[filemanager.jar:?]
	at javax.swing.text.JTextComponent.fireCaretUpdate(JTextComponent.java:412) ~[?:?]
	at javax.swing.text.JTextComponent$MutableCaretEvent.fire(JTextComponent.java:4491) ~[?:?]
	at javax.swing.text.JTextComponent$MutableCaretEvent.stateChanged(JTextComponent.java:4513) ~[?:?]
	at javax.swing.text.DefaultCaret.fireStateChanged(DefaultCaret.java:842) ~[?:?]
	at javax.swing.text.DefaultCaret.changeCaretPosition(DefaultCaret.java:1313) ~[?:?]
	at javax.swing.text.DefaultCaret.handleSetDot(DefaultCaret.java:1212) ~[?:?]
	at javax.swing.text.DefaultCaret.setDot(DefaultCaret.java:1193) ~[?:?]
	at javax.swing.text.DefaultCaret$Handler.insertUpdate(DefaultCaret.java:1789) ~[?:?]
	at javax.swing.text.AbstractDocument.fireInsertUpdate(AbstractDocument.java:226) ~[?:?]
	at javax.swing.text.AbstractDocument.handleInsertString(AbstractDocument.java:780) ~[?:?]
	at javax.swing.text.AbstractDocument.insertString(AbstractDocument.java:739) ~[?:?]
	at javax.swing.text.PlainDocument.insertString(PlainDocument.java:131) ~[?:?]
	at javax.swing.text.AbstractDocument.replace(AbstractDocument.java:698) ~[?:?]
	at javax.swing.text.JTextComponent.setText(JTextComponent.java:1729) ~[?:?]
	at com.st.microxplorer.plugins.projectmanager.gui.ProjectChoiceTab.createHeapStackFields(ProjectChoiceTab.java:933) ~[filemanager.jar:?]
	at com.st.microxplorer.plugins.projectmanager.gui.ProjectChoiceTab.buildLinkSettingsPanel(ProjectChoiceTab.java:3426) ~[filemanager.jar:?]
	at com.st.microxplorer.plugins.projectmanager.gui.ProjectChoiceTab.defineWindowsFields(ProjectChoiceTab.java:1813) ~[filemanager.jar:?]
	at com.st.microxplorer.plugins.projectmanager.gui.ProjectChoiceTab.updateSettings(ProjectChoiceTab.java:533) ~[filemanager.jar:?]
	at com.st.microxplorer.plugins.projectmanager.gui.ProjectSettingsPanel.UpdateDialog(ProjectSettingsPanel.java:244) ~[filemanager.jar:?]
	at com.st.microxplorer.plugins.projectmanager.ProjectManagerView.propertyChange(ProjectManagerView.java:391) ~[filemanager.jar:?]
	at java.beans.PropertyChangeSupport.fire(PropertyChangeSupport.java:343) ~[?:?]
	at java.beans.PropertyChangeSupport.firePropertyChange(PropertyChangeSupport.java:335) ~[?:?]
	at java.beans.PropertyChangeSupport.firePropertyChange(PropertyChangeSupport.java:268) ~[?:?]
	at com.st.microxplorer.util.MXPropertyChangeSupport.firePropertyChange(MXPropertyChangeSupport.java:54) ~[STM32CubeMX.jar:?]
	at com.st.microxplorer.mxsystem.MxSystem.closeConfig(MxSystem.java:900) ~[STM32CubeMX.jar:?]
	at com.st.microxplorer.maingui.MainPanel.closeConfig(MainPanel.java:776) ~[STM32CubeMX.jar:?]
	at com.st.microxplorer.plugins.filemanager.engine.OpenFileManager.loadConfigurationFile(OpenFileManager.java:245) ~[filemanager.jar:?]
	at com.st.microxplorer.plugins.filemanager.engine.MainFileManager.userLoadConfig(MainFileManager.java:290) ~[filemanager.jar:?]
	at com.st.microxplorer.plugins.filemanager.FileManagerView.getSpecificTask(FileManagerView.java:247) ~[filemanager.jar:?]
	at com.st.stm32cube.common.mx.editor.CubeMxEditor.getMxTabbedPaneInstance(CubeMxEditor.java:1184) ~[com.st.stm32cube.common.mx_6.10.0.202311202037/:?]
	at com.st.stm32cube.common.mx.editor.CubeMxEditor$12$1.createSwingComponent(CubeMxEditor.java:1065) ~[com.st.stm32cube.common.mx_6.10.0.202311202037/:?]
	at com.st.stm32cube.common.mx.oss.core.awtswtbridge.EmbeddedSwingComposite.doComponentCreation(EmbeddedSwingComposite.java:492) ~[com.st.stm32cube.common.mx.oss_6.10.0.202311202037/:?]
	at com.st.stm32cube.common.mx.oss.core.awtswtbridge.EmbeddedSwingComposite$4.run(EmbeddedSwingComposite.java:291) ~[com.st.stm32cube.common.mx.oss_6.10.0.202311202037/:?]
	at com.st.stm32cube.common.mx.oss.core.awtswtbridge.AwtEnvironment$2.run(AwtEnvironment.java:166) ~[com.st.stm32cube.common.mx.oss_6.10.0.202311202037/:?]
	at java.awt.event.InvocationEvent.dispatch(InvocationEvent.java:318) ~[?:?]
	at java.awt.EventQueue.dispatchEventImpl(EventQueue.java:773) ~[?:?]
	at java.awt.EventQueue$4.run(EventQueue.java:720) ~[?:?]
	at java.awt.EventQueue$4.run(EventQueue.java:714) ~[?:?]
	at java.security.AccessController.doPrivileged(AccessController.java:399) ~[?:?]
	at java.security.ProtectionDomain$JavaSecurityAccessImpl.doIntersectionPrivilege(ProtectionDomain.java:86) ~[?:?]
	at java.awt.EventQueue.dispatchEvent(EventQueue.java:742) ~[?:?]
	at java.awt.EventDispatchThread.pumpOneEventForFilters(EventDispatchThread.java:203) ~[?:?]
	at java.awt.EventDispatchThread.pumpEventsForFilter(EventDispatchThread.java:124) ~[?:?]
	at java.awt.EventDispatchThread.pumpEventsForHierarchy(EventDispatchThread.java:113) ~[?:?]
	at java.awt.EventDispatchThread.pumpEvents(EventDispatchThread.java:109) ~[?:?]
	at java.awt.EventDispatchThread.pumpEvents(EventDispatchThread.java:101) ~[?:?]
	at java.awt.EventDispatchThread.run(EventDispatchThread.java:90) ~[?:?]
2024-06-16 00:03:40,375 [WARN] ThirdParty:871 - waiting for thirdparty lock release [close project]
2024-06-16 00:03:40,375 [INFO] ThirdParty:873 - entering critical section [close project]
2024-06-16 00:03:40,375 [INFO] ThirdParty:883 - exiting critical section [close project]
2024-06-16 00:03:40,376 [INFO] PinOutPanel:1499 - setPackage(No Configuration,No Configuration)
2024-06-16 00:03:40,378 [WARN] IpParametersView:151 - Warning: This peripheral hasn't parameters
2024-06-16 00:03:40,379 [WARN] MainPanel:272 - <html><b><center>Warning: This peripheral has no parameters to be configured<br></b></html>
2024-06-16 00:03:40,381 [INFO] UtilMem:75 - Begin LoadConfig() Used Memory: 877100688 Bytes (1073741824)
2024-06-16 00:03:40,381 [INFO] MicroXplorer:468 - Change Database Path : 
2024-06-16 00:03:40,381 [INFO] MicroXplorer:498 - Change Database Version : DB.6.0.100
2024-06-16 00:03:40,381 [INFO] OpenFileManager:312 - Change cursor
2024-06-16 00:03:40,387 [INFO] Mcu:2016 - Initializing MCU STM32F446R(C-E)Tx STM32F446RETx STM32F446RET6
2024-06-16 00:03:40,902 [INFO] Context:659 - Trying to add GPIOservice into a context  which must be forbidden
2024-06-16 00:03:41,036 [INFO] RtosManager:555 - Registered RTOS mode: class=CMSIS, group=RTOS, mode=CMSIS_V1, owner=FREERTOS
2024-06-16 00:03:41,036 [INFO] RtosManager:555 - Registered RTOS mode: class=CMSIS, group=RTOS2, mode=CMSIS_V2, owner=FREERTOS
2024-06-16 00:03:41,036 [INFO] RtosManager:555 - Registered RTOS mode: class=RTOS, group=Core, mode=CMSIS_V1, owner=FREERTOS
2024-06-16 00:03:41,036 [INFO] RtosManager:555 - Registered RTOS mode: class=RTOS, group=Core, mode=CMSIS_V2, owner=FREERTOS
2024-06-16 00:03:41,036 [WARN] ModelIntegratedComponent:184 - Missing modes for component STMicroelectronics:FreeRTOS:0.0.1:STMicroelectronics:RTOS:FreeRTOS:Core:::10.2.0:
2024-06-16 00:03:41,038 [WARN] ModelIntegratedComponent:63 - No mode defined for component null
2024-06-16 00:03:41,038 [WARN] ModelIntegratedComponent:63 - No mode defined for component null
2024-06-16 00:03:41,038 [WARN] ModelIntegratedComponent:63 - No mode defined for component null
2024-06-16 00:03:41,038 [WARN] ModelIntegratedComponent:63 - No mode defined for component null
2024-06-16 00:03:41,038 [WARN] ModelIntegratedComponent:63 - No mode defined for component null
2024-06-16 00:03:41,038 [WARN] ModelIntegratedComponent:63 - No mode defined for component null
2024-06-16 00:03:41,038 [WARN] ModelIntegratedComponent:63 - No mode defined for component null
2024-06-16 00:03:41,038 [WARN] ModelIntegratedComponent:63 - No mode defined for component null
2024-06-16 00:03:41,038 [WARN] ModelIntegratedComponent:63 - No mode defined for component null
2024-06-16 00:03:41,038 [WARN] ModelIntegratedComponent:63 - No mode defined for component null
2024-06-16 00:03:41,038 [WARN] ModelIntegratedComponent:63 - No mode defined for component null
2024-06-16 00:03:41,038 [WARN] ModelIntegratedComponent:63 - No mode defined for component null
2024-06-16 00:03:41,038 [WARN] ModelIntegratedComponent:63 - No mode defined for component null
2024-06-16 00:03:41,038 [WARN] ModelIntegratedComponent:63 - No mode defined for component null
2024-06-16 00:03:41,038 [WARN] ModelIntegratedComponent:63 - No mode defined for component null
2024-06-16 00:03:41,038 [WARN] ModelIntegratedComponent:63 - No mode defined for component null
2024-06-16 00:03:41,038 [WARN] ModelIntegratedComponent:63 - No mode defined for component null
2024-06-16 00:03:41,038 [WARN] ModelIntegratedComponent:63 - No mode defined for component null
2024-06-16 00:03:41,038 [WARN] ModelIntegratedComponent:63 - No mode defined for component null
2024-06-16 00:03:41,038 [WARN] ModelIntegratedComponent:63 - No mode defined for component null
2024-06-16 00:03:41,038 [WARN] ModelIntegratedComponent:63 - No mode defined for component null
2024-06-16 00:03:41,038 [WARN] ModelIntegratedComponent:63 - No mode defined for component null
2024-06-16 00:03:41,038 [WARN] ModelIntegratedComponent:63 - No mode defined for component null
2024-06-16 00:03:41,038 [WARN] ModelIntegratedComponent:63 - No mode defined for component null
2024-06-16 00:03:41,038 [WARN] ModelIntegratedComponent:63 - No mode defined for component null
2024-06-16 00:03:41,038 [WARN] ModelIntegratedComponent:63 - No mode defined for component null
2024-06-16 00:03:41,038 [WARN] ModelIntegratedComponent:63 - No mode defined for component null
2024-06-16 00:03:41,038 [WARN] ModelIntegratedComponent:63 - No mode defined for component null
2024-06-16 00:03:41,038 [WARN] ModelIntegratedComponent:63 - No mode defined for component null
2024-06-16 00:03:41,038 [WARN] ModelIntegratedComponent:63 - No mode defined for component null
2024-06-16 00:03:41,038 [WARN] ModelIntegratedComponent:63 - No mode defined for component null
2024-06-16 00:03:41,038 [WARN] ModelIntegratedComponent:63 - No mode defined for component null
2024-06-16 00:03:41,038 [WARN] ModelIntegratedComponent:63 - No mode defined for component null
2024-06-16 00:03:41,075 [INFO] ThirdPartyModel:298 - Start build external matchings
2024-06-16 00:03:41,235 [INFO] ThirdPartyModel:316 - End build external matchings
2024-06-16 00:03:41,239 [INFO] ImportTextPane:194 - (OptionalMessage_ERROR) IP (RCC) : Invalid parameter (FamilyName)
2024-06-16 00:03:41,239 [INFO] ImportTextPane:194 - (OptionalMessage_ERROR) IP (RCC) : Parameter (MCO2PinFreq_Value) has invalid value (164000000)
2024-06-16 00:03:41,240 [INFO] ImportTextPane:194 - (OptionalMessage_ERROR) IP (RCC) : Parameter (SDIOFreq_Value) has invalid value (164000000)
2024-06-16 00:03:41,240 [INFO] ImportTextPane:194 - (OptionalMessage_ERROR) IP (RCC) : Parameter (USBFreq_Value) has invalid value (164000000)
2024-06-16 00:03:41,327 [INFO] UtilMem:75 - End LoadConfig() Used Memory: 801001040 Bytes (1073741824)
2024-06-16 00:03:41,331 [INFO] MicroXplorer:468 - Change Database Path : 
2024-06-16 00:03:41,332 [INFO] MicroXplorer:498 - Change Database Version : DB.6.0.100
2024-06-16 00:03:41,332 [WARN] ThirdParty:833 - waiting for thirdparty lock release [change project]
2024-06-16 00:03:41,332 [INFO] ThirdParty:835 - entering critical section [change project]
2024-06-16 00:03:41,332 [INFO] ThirdParty:1030 - CMSIS Pack Vendor :STMicroelectronics USBPD 4.1
2024-06-16 00:03:41,332 [INFO] ThirdParty:1030 - CMSIS Pack Vendor :STMicroelectronics X-CUBE-GNSS1 6.0.0
2024-06-16 00:03:41,332 [INFO] ThirdParty:1030 - CMSIS Pack Vendor :STMicroelectronics USB_HOST 2.0.0
2024-06-16 00:03:41,332 [INFO] ThirdParty:1030 - CMSIS Pack Vendor :STMicroelectronics FP-SNS-MOTENVWB1 1.4.0
2024-06-16 00:03:41,332 [INFO] ThirdParty:1030 - CMSIS Pack Vendor :STMicroelectronics X-CUBE-AZRTOS-F4 1.1.0
2024-06-16 00:03:41,332 [INFO] ThirdParty:1030 - CMSIS Pack Vendor :STMicroelectronics LIBJPEG 8.0.0
2024-06-16 00:03:41,332 [INFO] ThirdParty:1030 - CMSIS Pack Vendor :STMicroelectronics X-CUBE-SMBUS 2.1.0
2024-06-16 00:03:41,332 [INFO] ThirdParty:1030 - CMSIS Pack Vendor :STMicroelectronics USB_DEVICE 3.0.0
2024-06-16 00:03:41,332 [INFO] ThirdParty:1030 - CMSIS Pack Vendor :STMicroelectronics X-CUBE-TCPP 4.1.0
2024-06-16 00:03:41,332 [INFO] ThirdParty:1030 - CMSIS Pack Vendor :STMicroelectronics X-CUBE-FREERTOS 1.2.0
2024-06-16 00:03:41,332 [INFO] ThirdParty:1030 - CMSIS Pack Vendor :STMicroelectronics X-CUBE-AZRTOS-WB 2.0.0
2024-06-16 00:03:41,332 [INFO] ThirdParty:1030 - CMSIS Pack Vendor :STMicroelectronics X-CUBE-TOUCHGFX 4.23.2
2024-06-16 00:03:41,332 [INFO] ThirdParty:1030 - CMSIS Pack Vendor :STMicroelectronics X-CUBE-AZRTOS-F7 1.1.0
2024-06-16 00:03:41,332 [INFO] ThirdParty:1030 - CMSIS Pack Vendor :STMicroelectronics X-CUBE-AZRTOS-L5 2.0.0
2024-06-16 00:03:41,332 [INFO] ThirdParty:1030 - CMSIS Pack Vendor :STMicroelectronics USB_DEVICE 2.0.0
2024-06-16 00:03:41,332 [INFO] ThirdParty:1030 - CMSIS Pack Vendor :STMicroelectronics X-CUBE-NFC6 3.1.0
2024-06-16 00:03:41,332 [INFO] ThirdParty:1030 - CMSIS Pack Vendor :STMicroelectronics FP-SNS-MOTENV1 4.3.2
2024-06-16 00:03:41,332 [INFO] ThirdParty:1030 - CMSIS Pack Vendor :STMicroelectronics FreeRTOS 0.0.1
2024-06-16 00:03:41,332 [INFO] ThirdParty:1030 - CMSIS Pack Vendor :STMicroelectronics X-CUBE-AZRTOS-G0 1.1.0
2024-06-16 00:03:41,332 [INFO] ThirdParty:1030 - CMSIS Pack Vendor :STMicroelectronics X-CUBE-SAFEA1 1.2.2
2024-06-16 00:03:41,332 [INFO] ThirdParty:1030 - CMSIS Pack Vendor :STMicroelectronics X-CUBE-NFC4 3.0.0
2024-06-16 00:03:41,332 [INFO] ThirdParty:1030 - CMSIS Pack Vendor :STMicroelectronics X-CUBE-SUBG2 5.0.0
2024-06-16 00:03:41,332 [INFO] ThirdParty:1030 - CMSIS Pack Vendor :STMicroelectronics STM32_WPAN 1.0.0
2024-06-16 00:03:41,332 [INFO] ThirdParty:1030 - CMSIS Pack Vendor :wolfSSL I-CUBE-wolfMQTT 1.18.0
2024-06-16 00:03:41,332 [INFO] ThirdParty:1030 - CMSIS Pack Vendor :STMicroelectronics lwIP 2.0.3
2024-06-16 00:03:41,332 [INFO] ThirdParty:1030 - CMSIS Pack Vendor :STMicroelectronics FP-SNS-FLIGHT1 5.0.2
2024-06-16 00:03:41,332 [INFO] ThirdParty:1030 - CMSIS Pack Vendor :Cesanta I-CUBE-Mongoose 7.13.0
2024-06-16 00:03:41,332 [INFO] ThirdParty:1030 - CMSIS Pack Vendor :STMicroelectronics USB_HOST 1.0.0
2024-06-16 00:03:41,332 [INFO] ThirdParty:1030 - CMSIS Pack Vendor :STMicroelectronics X-CUBE-AI 9.0.0
2024-06-16 00:03:41,332 [INFO] ThirdParty:1030 - CMSIS Pack Vendor :STMicroelectronics X-CUBE-AZRTOS-G4 2.0.0
2024-06-16 00:03:41,332 [INFO] ThirdParty:1030 - CMSIS Pack Vendor :STMicroelectronics PDM2PCM 3.1.0
2024-06-16 00:03:41,332 [INFO] ThirdParty:1030 - CMSIS Pack Vendor :STMicroelectronics PDM2PCM 3.3.0
2024-06-16 00:03:41,332 [INFO] ThirdParty:1030 - CMSIS Pack Vendor :STMicroelectronics X-CUBE-DISPLAY 3.0.0
2024-06-16 00:03:41,332 [INFO] ThirdParty:1030 - CMSIS Pack Vendor :wolfSSL I-CUBE-wolfSSL 5.7.0
2024-06-16 00:03:41,332 [INFO] ThirdParty:1030 - CMSIS Pack Vendor :STMicroelectronics FP-SNS-MOTENVWB1 1.3.1
2024-06-16 00:03:41,332 [INFO] ThirdParty:1030 - CMSIS Pack Vendor :STMicroelectronics X-CUBE-BLE1 7.0.0
2024-06-16 00:03:41,332 [INFO] ThirdParty:1030 - CMSIS Pack Vendor :STMicroelectronics FP-ATR-SIGFOX1 3.2.0
2024-06-16 00:03:41,332 [INFO] ThirdParty:1030 - CMSIS Pack Vendor :STMicroelectronics X-CUBE-ISPU 2.0.0
2024-06-16 00:03:41,332 [INFO] ThirdParty:1030 - CMSIS Pack Vendor :STMicroelectronics X-CUBE-EEPRMA1 5.1.0
2024-06-16 00:03:41,332 [INFO] ThirdParty:1030 - CMSIS Pack Vendor :STMicroelectronics HAL Drivers 0.0.0
2024-06-16 00:03:41,332 [INFO] ThirdParty:1030 - CMSIS Pack Vendor :STMicroelectronics MBEDTLS 2.16.2
2024-06-16 00:03:41,332 [INFO] ThirdParty:1030 - CMSIS Pack Vendor :STMicroelectronics X-CUBE-ALS 1.0.2
2024-06-16 00:03:41,332 [INFO] ThirdParty:1030 - CMSIS Pack Vendor :emotas I-CUBE-CANOPEN 1.3.0
2024-06-16 00:03:41,332 [INFO] ThirdParty:1030 - CMSIS Pack Vendor :STMicroelectronics X-CUBE-MEMS1 10.0.0
2024-06-16 00:03:41,332 [INFO] ThirdParty:1030 - CMSIS Pack Vendor :STMicroelectronics X-CUBE-NFC7 1.0.1
2024-06-16 00:03:41,332 [INFO] ThirdParty:1030 - CMSIS Pack Vendor :STMicroelectronics MBEDTLS 2.14.1
2024-06-16 00:03:41,332 [INFO] ThirdParty:1030 - CMSIS Pack Vendor :ITTIA_DB I-CUBE-ITTIADB 8.9.0
2024-06-16 00:03:41,332 [INFO] ThirdParty:1030 - CMSIS Pack Vendor :portGmbH I-Cube-SoM-uGOAL 1.1.0
2024-06-16 00:03:41,332 [INFO] ThirdParty:1030 - CMSIS Pack Vendor :STMicroelectronics X-CUBE-ALS 1.0.1
2024-06-16 00:03:41,332 [INFO] ThirdParty:1030 - CMSIS Pack Vendor :STMicroelectronics X-CUBE-BLEMGR 3.1.0
2024-06-16 00:03:41,332 [INFO] ThirdParty:1030 - CMSIS Pack Vendor :STMicroelectronics ThreadX 1.0.0
2024-06-16 00:03:41,332 [INFO] ThirdParty:1030 - CMSIS Pack Vendor :STMicroelectronics FP-SNS-SMARTAG2 1.2.0
2024-06-16 00:03:41,332 [INFO] ThirdParty:1030 - CMSIS Pack Vendor :STMicroelectronics X-CUBE-AZRTOS-WL 2.0.0
2024-06-16 00:03:41,332 [INFO] ThirdParty:1030 - CMSIS Pack Vendor :SEGGER I-CUBE-embOS 1.3.1
2024-06-16 00:03:41,332 [INFO] ThirdParty:1030 - CMSIS Pack Vendor :STMicroelectronics X-CUBE-ALGOBUILD 1.4.0
2024-06-16 00:03:41,332 [INFO] ThirdParty:1030 - CMSIS Pack Vendor :STMicroelectronics FP-SNS-MOTENV1 5.0.0
2024-06-16 00:03:41,332 [INFO] ThirdParty:1030 - CMSIS Pack Vendor :STMicroelectronics USB_DEVICE 1.0.0
2024-06-16 00:03:41,332 [INFO] ThirdParty:1030 - CMSIS Pack Vendor :STMicroelectronics X-CUBE-AI 8.1.0
2024-06-16 00:03:41,332 [INFO] ThirdParty:1030 - CMSIS Pack Vendor :STMicroelectronics X-CUBE-AZRTOS-H7RS 1.0.0
2024-06-16 00:03:41,332 [INFO] ThirdParty:1030 - CMSIS Pack Vendor :STMicroelectronics X-CUBE-AZRTOS-L4 2.0.0
2024-06-16 00:03:41,332 [INFO] ThirdParty:1030 - CMSIS Pack Vendor :STMicroelectronics ThreadX 0.0.2
2024-06-16 00:03:41,332 [INFO] ThirdParty:1030 - CMSIS Pack Vendor :WES I-CUBE-Cesium 1.3.0
2024-06-16 00:03:41,332 [INFO] ThirdParty:1030 - CMSIS Pack Vendor :STMicroelectronics FP-ATR-ASTRA1 2.0.0
2024-06-16 00:03:41,332 [INFO] ThirdParty:1030 - CMSIS Pack Vendor :STMicroelectronics lwIP 2.1.2
2024-06-16 00:03:41,332 [INFO] ThirdParty:1030 - CMSIS Pack Vendor :STMicroelectronics X-CUBE-SFXS2LP1 4.0.0
2024-06-16 00:03:41,332 [INFO] ThirdParty:1030 - CMSIS Pack Vendor :STMicroelectronics X-CUBE-BLE2 3.3.0
2024-06-16 00:03:41,332 [INFO] ThirdParty:1030 - CMSIS Pack Vendor :STMicroelectronics X-CUBE-TOF1 3.4.1
2024-06-16 00:03:41,332 [INFO] ThirdParty:1030 - CMSIS Pack Vendor :STMicroelectronics X-CUBE-AZRTOS-H7 3.2.0
2024-06-16 00:03:41,332 [INFO] ThirdParty:1030 - CMSIS Pack Vendor :Infineon AIROC-Wi-Fi-Bluetooth-STM32 1.6.0
2024-06-16 00:03:41,332 [INFO] ThirdParty:1030 - CMSIS Pack Vendor :STMicroelectronics PDM2PCM 3.2.0
2024-06-16 00:03:41,332 [INFO] ThirdParty:841 - exiting critical section [change project]
2024-06-16 00:03:41,423 [INFO] PinOutPanel:1499 - setPackage(No Configuration,No Configuration)
2024-06-16 00:03:41,423 [INFO] PinOutPanel:1499 - setPackage(STM32F446RETx,LQFP64)
2024-06-16 00:03:41,674 [INFO] UtilMem:75 - Before build in PCC Used Memory: 798648960 Bytes (1073741824)
2024-06-16 00:03:41,764 [INFO] UtilMem:75 - After build in PCC Used Memory: 846883456 Bytes (1073741824)
2024-06-16 00:03:41,796 [INFO] IPUIPlugin:80 - create IPUIPlugin
2024-06-16 00:03:41,796 [INFO] IPUIPlugin:80 - create IPUIPlugin
2024-06-16 00:03:41,796 [INFO] IPUIPlugin:80 - create IPUIPlugin
2024-06-16 00:03:41,796 [INFO] IPUIPlugin:80 - create IPUIPlugin
2024-06-16 00:03:41,796 [INFO] IPUIPlugin:80 - create IPUIPlugin
2024-06-16 00:03:41,796 [INFO] IPUIPlugin:80 - create IPUIPlugin
2024-06-16 00:03:41,797 [INFO] IPUIPlugin:80 - create IPUIPlugin
2024-06-16 00:03:41,797 [INFO] IPUIPlugin:80 - create IPUIPlugin
2024-06-16 00:03:41,797 [INFO] IPUIPlugin:80 - create IPUIPlugin
2024-06-16 00:03:41,797 [INFO] IPUIPlugin:80 - create IPUIPlugin
2024-06-16 00:03:41,797 [INFO] IPUIPlugin:80 - create IPUIPlugin
2024-06-16 00:03:41,797 [INFO] IPUIPlugin:80 - create IPUIPlugin
2024-06-16 00:03:41,797 [INFO] IPUIPlugin:80 - create IPUIPlugin
2024-06-16 00:03:41,798 [INFO] IPUIPlugin:80 - create IPUIPlugin
2024-06-16 00:03:41,798 [INFO] IPUIPlugin:80 - create IPUIPlugin
2024-06-16 00:03:41,798 [INFO] IPUIPlugin:80 - create IPUIPlugin
2024-06-16 00:03:41,798 [INFO] IPUIPlugin:80 - create IPUIPlugin
2024-06-16 00:03:41,798 [INFO] IPUIPlugin:80 - create IPUIPlugin
2024-06-16 00:03:41,798 [INFO] IPUIPlugin:80 - create IPUIPlugin
2024-06-16 00:03:41,799 [INFO] IPUIPlugin:80 - create IPUIPlugin
2024-06-16 00:03:41,799 [INFO] IPUIPlugin:80 - create IPUIPlugin
2024-06-16 00:03:41,799 [INFO] IPUIPlugin:80 - create IPUIPlugin
2024-06-16 00:03:41,799 [INFO] IPUIPlugin:80 - create IPUIPlugin
2024-06-16 00:03:41,799 [INFO] IPUIPlugin:80 - create IPUIPlugin
2024-06-16 00:03:41,799 [INFO] IPUIPlugin:80 - create IPUIPlugin
2024-06-16 00:03:41,799 [INFO] IPUIPlugin:80 - create IPUIPlugin
2024-06-16 00:03:41,800 [INFO] IPUIPlugin:80 - create IPUIPlugin
2024-06-16 00:03:41,800 [INFO] IPUIPlugin:80 - create IPUIPlugin
2024-06-16 00:03:41,800 [INFO] IPUIPlugin:80 - create IPUIPlugin
2024-06-16 00:03:41,800 [INFO] IPUIPlugin:80 - create IPUIPlugin
2024-06-16 00:03:41,800 [INFO] IPUIPlugin:80 - create IPUIPlugin
2024-06-16 00:03:41,800 [INFO] IPUIPlugin:80 - create IPUIPlugin
2024-06-16 00:03:41,801 [INFO] IPUIPlugin:80 - create IPUIPlugin
2024-06-16 00:03:41,801 [INFO] IPUIPlugin:80 - create IPUIPlugin
2024-06-16 00:03:41,801 [INFO] IPUIPlugin:80 - create IPUIPlugin
2024-06-16 00:03:41,801 [INFO] IPUIPlugin:80 - create IPUIPlugin
2024-06-16 00:03:41,801 [INFO] IPUIPlugin:80 - create IPUIPlugin
2024-06-16 00:03:41,801 [INFO] IPUIPlugin:80 - create IPUIPlugin
2024-06-16 00:03:41,802 [INFO] IPUIPlugin:80 - create IPUIPlugin
2024-06-16 00:03:41,802 [INFO] IPUIPlugin:80 - create IPUIPlugin
2024-06-16 00:03:41,802 [INFO] IPUIPlugin:80 - create IPUIPlugin
2024-06-16 00:03:41,802 [INFO] IPUIPlugin:80 - create IPUIPlugin
2024-06-16 00:03:41,802 [INFO] IPUIPlugin:80 - create IPUIPlugin
2024-06-16 00:03:41,802 [INFO] IPUIPlugin:80 - create IPUIPlugin
2024-06-16 00:03:41,802 [INFO] IPUIPlugin:80 - create IPUIPlugin
2024-06-16 00:03:41,803 [INFO] IPUIPlugin:80 - create IPUIPlugin
2024-06-16 00:03:41,803 [INFO] IPUIPlugin:80 - create IPUIPlugin
2024-06-16 00:03:41,803 [INFO] IPUIPlugin:80 - create IPUIPlugin
2024-06-16 00:03:41,803 [INFO] IPUIPlugin:80 - create IPUIPlugin
2024-06-16 00:03:41,803 [INFO] IPUIPlugin:80 - create IPUIPlugin
2024-06-16 00:03:41,803 [INFO] IPUIPlugin:80 - create IPUIPlugin
2024-06-16 00:03:41,803 [INFO] IPUIPlugin:80 - create IPUIPlugin
2024-06-16 00:03:41,804 [INFO] IPUIPlugin:80 - create IPUIPlugin
2024-06-16 00:03:41,804 [INFO] IPUIPlugin:80 - create IPUIPlugin
2024-06-16 00:03:41,804 [INFO] IPUIPlugin:80 - create IPUIPlugin
2024-06-16 00:03:41,804 [INFO] IPUIPlugin:80 - create IPUIPlugin
2024-06-16 00:03:41,805 [INFO] IPUIPlugin:80 - create IPUIPlugin
2024-06-16 00:03:41,805 [INFO] IPUIPlugin:80 - create IPUIPlugin
2024-06-16 00:03:41,805 [INFO] IPUIPlugin:80 - create IPUIPlugin
2024-06-16 00:03:41,805 [INFO] IPUIPlugin:80 - create IPUIPlugin
2024-06-16 00:03:41,806 [INFO] ApiDbMcu:508 - Load IP Config File for PDM2PCM
2024-06-16 00:03:41,816 [INFO] CADModel:165 - CPN selected for project levelSTM32F446RET6
2024-06-16 00:03:41,816 [INFO] CADModel:114 - Register for checkConnection events
2024-06-16 00:03:41,853 [INFO] OpenFileManager:343 - Restore cursor
2024-06-16 00:04:30,711 [INFO] UtilMem:75 - End SaveConfig() Used Memory: 795660496 Bytes (1073741824)
2024-06-16 00:04:32,217 [INFO] UtilMem:75 - End SaveConfig() Used Memory: 906809416 Bytes (1073741824)
2024-06-16 00:04:32,317 [INFO] BlockDiagram:2759 - set Specific Code input for plugin: SYS
2024-06-16 00:04:32,317 [INFO] BlockDiagram:2759 - set Specific Code input for plugin: RCC
2024-06-16 00:04:32,317 [INFO] BlockDiagram:2759 - set Specific Code input for plugin: NVIC
2024-06-16 00:04:32,317 [INFO] BlockDiagram:2759 - set Specific Code input for plugin: GPIO
2024-06-16 00:04:32,318 [INFO] CodeGenerator:807 - code generatio: config db path: /home/frank/st/stm32cubeide_1.14.0/plugins/com.st.stm32cube.common.mx_6.10.0.202311202037//db/
2024-06-16 00:04:32,415 [INFO] CodeEngine:255 - oldGeneratedFile, /home/frank/thesis_ws/test/MXTmpFiles/license.tmp_save
2024-06-16 00:04:32,460 [INFO] CodeEngine:279 - Generated code: /home/frank/thesis_ws/test/MXTmpFiles/license.tmp
2024-06-16 00:04:32,471 [INFO] CodeEngine:255 - oldGeneratedFile, /home/frank/thesis_ws/test/MXTmpFiles/gpio.tmp_save
2024-06-16 00:04:32,521 [INFO] CodeEngine:279 - Generated code: /home/frank/thesis_ws/test/MXTmpFiles/gpio.tmp
2024-06-16 00:04:32,526 [INFO] CodeEngine:255 - oldGeneratedFile, /home/frank/thesis_ws/test/Core/Src/stm32f4xx_it.c_save
2024-06-16 00:04:32,641 [INFO] CodeEngine:279 - Generated code: /home/frank/thesis_ws/test/Core/Src/stm32f4xx_it.c
2024-06-16 00:04:32,642 [INFO] CodeEngine:255 - oldGeneratedFile, /home/frank/thesis_ws/test/Core/Inc/stm32f4xx_it.h_save
2024-06-16 00:04:32,674 [INFO] CodeEngine:279 - Generated code: /home/frank/thesis_ws/test/Core/Inc/stm32f4xx_it.h
2024-06-16 00:04:32,676 [INFO] CodeEngine:255 - oldGeneratedFile, /home/frank/thesis_ws/test/Core/Src/stm32f4xx_hal_msp.c_save
2024-06-16 00:04:32,723 [INFO] CodeEngine:279 - Generated code: /home/frank/thesis_ws/test/Core/Src/stm32f4xx_hal_msp.c
2024-06-16 00:04:32,724 [INFO] CodeEngine:255 - oldGeneratedFile, /home/frank/thesis_ws/test/MXTmpFiles/system.tmp_save
2024-06-16 00:04:32,755 [INFO] CodeEngine:279 - Generated code: /home/frank/thesis_ws/test/MXTmpFiles/system.tmp
2024-06-16 00:04:32,756 [INFO] CodeEngine:255 - oldGeneratedFile, /home/frank/thesis_ws/test/Core/Src/stm32f4xx_hal_timebase_tim.c_save
2024-06-16 00:04:32,804 [INFO] CodeEngine:279 - Generated code: /home/frank/thesis_ws/test/Core/Src/stm32f4xx_hal_timebase_tim.c
2024-06-16 00:04:32,805 [INFO] CodeEngine:311 - oldGeneratedFile, /home/frank/thesis_ws/test/Core/Inc/stm32f4xx_hal_conf.h_save
2024-06-16 00:04:32,847 [INFO] CodeEngine:335 - Generated code: /home/frank/thesis_ws/test/Core/Inc/stm32f4xx_hal_conf.h
2024-06-16 00:04:32,854 [WARN] IPConfigManager:2946 - Warning: the RefConfig PLL2P_FOR_MCO is not available in your config.xml file
2024-06-16 00:04:32,856 [INFO] CodeEngine:255 - oldGeneratedFile, /home/frank/thesis_ws/test/Core/Inc/main.h_save
2024-06-16 00:04:32,908 [INFO] CodeEngine:279 - Generated code: /home/frank/thesis_ws/test/Core/Inc/main.h
2024-06-16 00:04:32,908 [INFO] CodeEngine:255 - oldGeneratedFile, /home/frank/thesis_ws/test/Core/Src/main.c_save
2024-06-16 00:04:32,956 [INFO] CodeEngine:279 - Generated code: /home/frank/thesis_ws/test/Core/Src/main.c
2024-06-16 00:04:33,200 [INFO] ProjectBuilder:3076 - Time for Copy HAL[2] : 0mS.
2024-06-16 00:04:33,201 [INFO] ProjectBuilder:4485 - Project Generator version: 4.2.0-B44
2024-06-16 00:04:33,396 [INFO] ConfigFileManager:1495 - The Die is : DIE421
2024-06-16 00:04:33,398 [INFO] ApiDbMcu:508 - Load IP Config File for FATFS
2024-06-16 00:04:33,400 [INFO] ApiDbMcu:508 - Load IP Config File for FREERTOS
2024-06-16 00:04:33,400 [INFO] ApiDbMcu:508 - Load IP Config File for LIBJPEG
2024-06-16 00:04:33,402 [INFO] ApiDbMcu:508 - Load IP Config File for MBEDTLS
2024-06-16 00:04:33,405 [INFO] ApiDbMcu:508 - Load IP Config File for USB_DEVICE
2024-06-16 00:04:33,406 [INFO] ApiDbMcu:508 - Load IP Config File for USB_HOST
2024-06-16 00:04:34,260 [INFO] ProjectBuilder:4747 - Time for Generating toolchain IDE Files: 1059mS.
2024-06-16 00:04:34,260 [INFO] ProjectBuilder:2947 - Time for Copy CMSIS : 0mS.
2024-06-16 00:04:34,261 [INFO] ProjectBuilder:2947 - Time for Copy CMSIS : 0mS.
