2024-09-19 13:18:23,499 [INFO] Activator:176 - 


2024-09-19 13:18:23,502 [INFO] Activator:177 - !SESSION log4j initialized
2024-09-19 13:18:25,482 [INFO] LogOutputStream:77 - [STDOUT_REDIRECT] 
2024-09-19 13:18:26,401 [INFO] ApplicationProperties:184 - Using Application install path: /home/frank/st/stm32cubeide_1.14.0/plugins/com.st.stm32cube.common.mx_6.11.1.202404110753
2024-09-19 13:18:26,414 [INFO] DbMcusXml:78 - Set database path to: /home/frank/st/stm32cubeide_1.14.0/plugins/com.st.stm32cube.common.mx_6.11.1.202404110753//db//mcu/
2024-09-19 13:18:26,415 [INFO] ApiDb:274 - Set plugin database path to: /home/frank/st/stm32cubeide_1.14.0/plugins/com.st.stm32cube.common.mx_6.11.1.202404110753//db//plugins/boardmanager/
2024-09-19 13:18:26,415 [WARN] ApiDb:259 - Overriding images path with different value:  => /home/frank/st/stm32cubeide_1.14.0/plugins/com.st.stm32cube.common.mx_6.11.1.202404110753//db//plugins/mcufinder/images/
2024-09-19 13:18:26,420 [INFO] ApiDb:250 - Set database path to: /home/frank/.stmcufinder/plugins/mcufinder//mcu/
2024-09-19 13:18:26,421 [INFO] DbMcusAds:125 - Set database path to: /home/frank/.stmcufinder/plugins/mcufinder//mcu/
2024-09-19 13:18:26,422 [INFO] CrossReferenceDbSqlite:203 - Set database path to: /home/frank/.stmcufinder/plugins/mcufinder//mcu/cs/
2024-09-19 13:18:26,518 [INFO] RulesReader:64 - Compatibility file has been processed (297 Rules)
2024-09-19 13:18:26,573 [INFO] DbMcusXml:78 - Set database path to: /home/frank/st/stm32cubeide_1.14.0/plugins/com.st.stm32cube.common.mx_6.11.1.202404110753//db//mcu/
2024-09-19 13:18:26,573 [INFO] ApiDb:274 - Set plugin database path to: /home/frank/st/stm32cubeide_1.14.0/plugins/com.st.stm32cube.common.mx_6.11.1.202404110753//db//plugins/boardmanager/
2024-09-19 13:18:26,573 [INFO] ApiDb:261 - Set plugin images path to: /home/frank/st/stm32cubeide_1.14.0/plugins/com.st.stm32cube.common.mx_6.11.1.202404110753//db//plugins/mcufinder/images/
2024-09-19 13:18:26,573 [WARN] DbFile:41 - Overriding database path with different value: /home/frank/.stmcufinder/plugins/mcufinder/ => /home/frank/.stmcufinder/plugins/mcufinder
2024-09-19 13:18:26,573 [INFO] ApiDb:250 - Set database path to: /home/frank/.stmcufinder/plugins/mcufinder//mcu/
2024-09-19 13:18:26,574 [WARN] DbFile:41 - Overriding database path with different value: /home/frank/.stmcufinder/plugins/mcufinder/ => /home/frank/.stmcufinder/plugins/mcufinder
2024-09-19 13:18:26,574 [INFO] DbMcusAds:125 - Set database path to: /home/frank/.stmcufinder/plugins/mcufinder//mcu/
2024-09-19 13:18:26,574 [WARN] DbFile:41 - Overriding database path with different value: /home/frank/.stmcufinder/plugins/mcufinder/ => /home/frank/.stmcufinder/plugins/mcufinder
2024-09-19 13:18:26,574 [WARN] DbFile:41 - Overriding database path with different value: /home/frank/.stmcufinder/plugins/mcufinder/ => /home/frank/.stmcufinder/plugins/mcufinder
2024-09-19 13:18:26,574 [INFO] CrossReferenceDbSqlite:203 - Set database path to: /home/frank/.stmcufinder/plugins/mcufinder//mcu/cs/
2024-09-19 13:18:26,618 [INFO] MainPanel:264 - HeapMemory: 268435456
2024-09-19 13:18:26,674 [INFO] DbMcusXml:78 - Set database path to: /home/frank/st/stm32cubeide_1.14.0/plugins/com.st.stm32cube.common.mx_6.11.1.202404110753//db//mcu/
2024-09-19 13:18:26,674 [INFO] ApiDb:274 - Set plugin database path to: /home/frank/st/stm32cubeide_1.14.0/plugins/com.st.stm32cube.common.mx_6.11.1.202404110753//db//plugins/boardmanager/
2024-09-19 13:18:26,674 [INFO] ApiDb:261 - Set plugin images path to: /home/frank/st/stm32cubeide_1.14.0/plugins/com.st.stm32cube.common.mx_6.11.1.202404110753//db//plugins/mcufinder/images/
2024-09-19 13:18:26,674 [WARN] DbFile:41 - Overriding database path with different value: /home/frank/.stmcufinder/plugins/mcufinder/ => /home/frank/.stmcufinder/plugins/mcufinder
2024-09-19 13:18:26,674 [INFO] ApiDb:250 - Set database path to: /home/frank/.stmcufinder/plugins/mcufinder//mcu/
2024-09-19 13:18:26,674 [WARN] DbFile:41 - Overriding database path with different value: /home/frank/.stmcufinder/plugins/mcufinder/ => /home/frank/.stmcufinder/plugins/mcufinder
2024-09-19 13:18:26,674 [INFO] DbMcusAds:125 - Set database path to: /home/frank/.stmcufinder/plugins/mcufinder//mcu/
2024-09-19 13:18:26,675 [WARN] DbFile:41 - Overriding database path with different value: /home/frank/.stmcufinder/plugins/mcufinder/ => /home/frank/.stmcufinder/plugins/mcufinder
2024-09-19 13:18:26,675 [WARN] DbFile:41 - Overriding database path with different value: /home/frank/.stmcufinder/plugins/mcufinder/ => /home/frank/.stmcufinder/plugins/mcufinder
2024-09-19 13:18:26,675 [INFO] CrossReferenceDbSqlite:203 - Set database path to: /home/frank/.stmcufinder/plugins/mcufinder//mcu/cs/
2024-09-19 13:18:26,684 [INFO] ApplicationProperties:184 - Using Application install path: /home/frank/st/stm32cubeide_1.14.0/plugins/com.st.stm32cube.common.mx_6.11.1.202404110753
2024-09-19 13:18:26,685 [INFO] PluginManage:196 - Search for loadable plugins [exclusion list=, ]
2024-09-19 13:18:26,685 [INFO] PluginManage:310 - Check plugin analytics
2024-09-19 13:18:26,782 [INFO] AnalyticsPlugin:253 - Accepted Software Licenses: 
2024-09-19 13:18:26,783 [INFO] AnalyticsPlugin:255 - Accepted CMSIS Pack Licenses: 
2024-09-19 13:18:26,783 [INFO] AnalyticsPlugin:257 - Accepted Firmware Licenses: FW.F4.1.28.0,FW.F4.1.27.0
2024-09-19 13:18:26,784 [INFO] PluginManage:359 - Loaded plugin analytics (category:tool,tabindex:-1)
2024-09-19 13:18:26,784 [INFO] PluginManage:310 - Check plugin cadmodel
2024-09-19 13:18:26,802 [INFO] CADModel:105 - Init CAD model plugin
2024-09-19 13:18:26,802 [INFO] PluginManage:359 - Loaded plugin cadmodel (category:power,tabindex:5)
2024-09-19 13:18:26,802 [INFO] PluginManage:310 - Check plugin clock
2024-09-19 13:18:26,809 [INFO] PluginManage:359 - Loaded plugin clock (category:base,tabindex:2)
2024-09-19 13:18:26,809 [INFO] PluginManage:310 - Check plugin ddr
2024-09-19 13:18:26,856 [INFO] PluginManage:359 - Loaded plugin ddr (category:tool,tabindex:6)
2024-09-19 13:18:26,857 [INFO] PluginManage:310 - Check plugin filemanager
2024-09-19 13:18:26,973 [INFO] PluginManage:359 - Loaded plugin filemanager (category:base,tabindex:10)
2024-09-19 13:18:26,974 [INFO] PluginManage:310 - Check plugin ipmanager
2024-09-19 13:18:26,977 [INFO] PluginManage:359 - Loaded plugin ipmanager (category:base,tabindex:5)
2024-09-19 13:18:26,977 [INFO] PluginManage:310 - Check plugin lpbam
2024-09-19 13:18:26,983 [INFO] PluginManage:359 - Loaded plugin lpbam (category:base,tabindex:0)
2024-09-19 13:18:26,983 [INFO] PluginManage:310 - Check plugin memorymap
2024-09-19 13:18:26,990 [INFO] PluginManage:359 - Loaded plugin memorymap (category:base,tabindex:4)
2024-09-19 13:18:26,990 [INFO] PluginManage:310 - Check plugin pinoutandconfiguration
2024-09-19 13:18:26,994 [INFO] PluginManage:359 - Loaded plugin pinoutandconfiguration (category:base,tabindex:1)
2024-09-19 13:18:26,994 [INFO] PluginManage:310 - Check plugin pinoutconfig
2024-09-19 13:18:27,050 [WARN] SupportedApi:132 - Cannot load RTOS API schema: s4s-elt-must-match.1: The content of 'definitions' must match (annotation?, (simpleType | complexType)?, (unique | key | keyref)*)). A problem was found starting at: attribute.
2024-09-19 13:18:27,134 [INFO] PluginManage:359 - Loaded plugin pinoutconfig (category:base,tabindex:0)
2024-09-19 13:18:27,134 [INFO] PluginManage:310 - Check plugin power
2024-09-19 13:18:27,142 [INFO] PluginManage:359 - Loaded plugin power (category:power,tabindex:4)
2024-09-19 13:18:27,142 [INFO] PluginManage:310 - Check plugin projectmanager
2024-09-19 13:18:27,153 [INFO] PluginManage:359 - Loaded plugin projectmanager (category:projectmanager,tabindex:3)
2024-09-19 13:18:27,153 [INFO] PluginManage:310 - Check plugin thirdparty
2024-09-19 13:18:27,241 [INFO] PluginManage:359 - Loaded plugin thirdparty (category:base,tabindex:-1)
2024-09-19 13:18:27,240 [WARN] IntegrityCheckThread:84 - waiting for thirdparty lock release [integrity check]
2024-09-19 13:18:27,241 [INFO] PluginManage:310 - Check plugin tools
2024-09-19 13:18:27,241 [INFO] IntegrityCheckThread:86 - entering critical section [integrity check]
2024-09-19 13:18:27,241 [INFO] ThirdPartyUpdaterWithRetryManager:70 - Updater plugin not ready yet. [1/15]
2024-09-19 13:18:27,242 [INFO] PluginManage:359 - Loaded plugin tools (category:base,tabindex:7)
2024-09-19 13:18:27,242 [INFO] PluginManage:310 - Check plugin tutovideos
2024-09-19 13:18:27,342 [INFO] PluginManage:359 - Loaded plugin tutovideos (category:base,tabindex:-1)
2024-09-19 13:18:27,342 [INFO] PluginManage:310 - Check plugin updater
2024-09-19 13:18:27,349 [INFO] PluginManage:359 - Loaded plugin updater (category:base,tabindex:12)
2024-09-19 13:18:27,349 [INFO] PluginManage:310 - Check plugin userauth
2024-09-19 13:18:27,353 [INFO] UserAuth:114 - Init User Auth plugin
2024-09-19 13:18:27,353 [INFO] PluginManage:359 - Loaded plugin userauth (category:base,tabindex:14)
2024-09-19 13:18:27,353 [INFO] PluginManage:283 - PluginManage : Loaded plugins [17]
2024-09-19 13:18:27,458 [INFO] PinOutPanel:1561 - setPackage(No Configuration,No Configuration)
2024-09-19 13:18:27,492 [INFO] CADModel:165 - CPN selected for project level
2024-09-19 13:18:27,492 [INFO] CADModel:114 - Register for checkConnection events
2024-09-19 13:18:27,498 [INFO] IPUIPlugin:80 - create IPUIPlugin
2024-09-19 13:18:27,498 [INFO] PluginManager:220 - loadIPPluginJar : add ucpd
2024-09-19 13:18:27,498 [INFO] IPUIPlugin:80 - create IPUIPlugin
2024-09-19 13:18:27,498 [INFO] PluginManager:220 - loadIPPluginJar : add ltdc
2024-09-19 13:18:27,502 [INFO] IPUIPlugin:80 - create IPUIPlugin
2024-09-19 13:18:27,503 [INFO] PluginManager:220 - loadIPPluginJar : add plateformsettings
2024-09-19 13:18:27,506 [INFO] IPUIPlugin:80 - create IPUIPlugin
2024-09-19 13:18:27,506 [INFO] PluginManager:220 - loadIPPluginJar : add hash
2024-09-19 13:18:27,507 [INFO] IPUIPlugin:80 - create IPUIPlugin
2024-09-19 13:18:27,507 [INFO] PluginManager:220 - loadIPPluginJar : add gfxmmu
2024-09-19 13:18:27,510 [INFO] IPUIPlugin:80 - create IPUIPlugin
2024-09-19 13:18:27,510 [INFO] PluginManager:220 - loadIPPluginJar : add stm32_wpan
2024-09-19 13:18:27,511 [INFO] IPUIPlugin:80 - create IPUIPlugin
2024-09-19 13:18:27,511 [INFO] PluginManager:220 - loadIPPluginJar : add ts
2024-09-19 13:18:27,512 [INFO] IPUIPlugin:80 - create IPUIPlugin
2024-09-19 13:18:27,512 [INFO] PluginManager:220 - loadIPPluginJar : add quadspi
2024-09-19 13:18:27,513 [INFO] IPUIPlugin:80 - create IPUIPlugin
2024-09-19 13:18:27,513 [INFO] PluginManager:220 - loadIPPluginJar : add usbx
2024-09-19 13:18:27,514 [INFO] IPUIPlugin:80 - create IPUIPlugin
2024-09-19 13:18:27,514 [INFO] PluginManager:220 - loadIPPluginJar : add aes
2024-09-19 13:18:27,516 [INFO] IPUIPlugin:80 - create IPUIPlugin
2024-09-19 13:18:27,516 [INFO] PluginManager:220 - loadIPPluginJar : add nvic
2024-09-19 13:18:27,519 [INFO] IPUIPlugin:80 - create IPUIPlugin
2024-09-19 13:18:27,519 [INFO] PluginManager:220 - loadIPPluginJar : add adc
2024-09-19 13:18:27,520 [INFO] IPUIPlugin:80 - create IPUIPlugin
2024-09-19 13:18:27,520 [INFO] PluginManager:220 - loadIPPluginJar : add cryp
2024-09-19 13:18:27,522 [INFO] IPUIPlugin:80 - create IPUIPlugin
2024-09-19 13:18:27,522 [INFO] PluginManager:220 - loadIPPluginJar : add touchsensing
2024-09-19 13:18:27,524 [INFO] IPUIPlugin:80 - create IPUIPlugin
2024-09-19 13:18:27,524 [INFO] PluginManager:220 - loadIPPluginJar : add fmc
2024-09-19 13:18:27,525 [INFO] IPUIPlugin:80 - create IPUIPlugin
2024-09-19 13:18:27,525 [INFO] PluginManager:220 - loadIPPluginJar : add openamp
2024-09-19 13:18:27,529 [INFO] IPUIPlugin:80 - create IPUIPlugin
2024-09-19 13:18:27,529 [INFO] PluginManager:220 - loadIPPluginJar : add linkedlist
2024-09-19 13:18:27,530 [INFO] IPUIPlugin:80 - create IPUIPlugin
2024-09-19 13:18:27,530 [INFO] PluginManager:220 - loadIPPluginJar : add tracer_emb
2024-09-19 13:18:27,533 [INFO] IPUIPlugin:80 - create IPUIPlugin
2024-09-19 13:18:27,533 [INFO] PluginManager:220 - loadIPPluginJar : add dma
2024-09-19 13:18:27,534 [INFO] IPUIPlugin:80 - create IPUIPlugin
2024-09-19 13:18:27,534 [INFO] PluginManager:220 - loadIPPluginJar : add sai
2024-09-19 13:18:27,538 [INFO] IPUIPlugin:80 - create IPUIPlugin
2024-09-19 13:18:27,538 [INFO] PluginManager:220 - loadIPPluginJar : add freertos
2024-09-19 13:18:27,541 [INFO] IPUIPlugin:80 - create IPUIPlugin
2024-09-19 13:18:27,541 [INFO] PluginManager:220 - loadIPPluginJar : add mdma
2024-09-19 13:18:27,542 [INFO] IPUIPlugin:80 - create IPUIPlugin
2024-09-19 13:18:27,542 [INFO] PluginManager:220 - loadIPPluginJar : add genericplugin
2024-09-19 13:18:27,543 [INFO] IPUIPlugin:80 - create IPUIPlugin
2024-09-19 13:18:27,543 [INFO] PluginManager:220 - loadIPPluginJar : add tsc
2024-09-19 13:18:27,544 [INFO] IPUIPlugin:80 - create IPUIPlugin
2024-09-19 13:18:27,544 [INFO] PluginManager:220 - loadIPPluginJar : add pdm2pcm
2024-09-19 13:18:27,545 [INFO] IPUIPlugin:80 - create IPUIPlugin
2024-09-19 13:18:27,545 [INFO] PluginManager:220 - loadIPPluginJar : add fatfs
2024-09-19 13:18:27,546 [INFO] IPUIPlugin:80 - create IPUIPlugin
2024-09-19 13:18:27,546 [INFO] PluginManager:220 - loadIPPluginJar : add can
2024-09-19 13:18:27,547 [INFO] IPUIPlugin:80 - create IPUIPlugin
2024-09-19 13:18:27,547 [INFO] PluginManager:220 - loadIPPluginJar : add i3c
2024-09-19 13:18:27,548 [INFO] IPUIPlugin:80 - create IPUIPlugin
2024-09-19 13:18:27,548 [INFO] PluginManager:220 - loadIPPluginJar : add i2s
2024-09-19 13:18:27,549 [INFO] IPUIPlugin:80 - create IPUIPlugin
2024-09-19 13:18:27,549 [INFO] PluginManager:220 - loadIPPluginJar : add i2c
2024-09-19 13:18:27,550 [INFO] IPUIPlugin:80 - create IPUIPlugin
2024-09-19 13:18:27,550 [INFO] PluginManager:220 - loadIPPluginJar : add spi
2024-09-19 13:18:27,551 [INFO] IPUIPlugin:80 - create IPUIPlugin
2024-09-19 13:18:27,551 [INFO] PluginManager:220 - loadIPPluginJar : add dfsdm
2024-09-19 13:18:27,552 [INFO] IPUIPlugin:80 - create IPUIPlugin
2024-09-19 13:18:27,552 [INFO] PluginManager:220 - loadIPPluginJar : add tim
2024-09-19 13:18:27,553 [INFO] IPUIPlugin:80 - create IPUIPlugin
2024-09-19 13:18:27,553 [INFO] PluginManager:220 - loadIPPluginJar : add opamp
2024-09-19 13:18:27,554 [INFO] IPUIPlugin:80 - create IPUIPlugin
2024-09-19 13:18:27,554 [INFO] PluginManager:220 - loadIPPluginJar : add dma3
2024-09-19 13:18:27,556 [INFO] IPUIPlugin:80 - create IPUIPlugin
2024-09-19 13:18:27,556 [INFO] PluginManager:220 - loadIPPluginJar : add ipddr
2024-09-19 13:18:27,557 [INFO] IPUIPlugin:80 - create IPUIPlugin
2024-09-19 13:18:27,557 [INFO] PluginManager:220 - loadIPPluginJar : add comp
2024-09-19 13:18:27,559 [INFO] IPUIPlugin:80 - create IPUIPlugin
2024-09-19 13:18:27,559 [INFO] PluginManager:220 - loadIPPluginJar : add resmgrutility
2024-09-19 13:18:27,560 [INFO] IPUIPlugin:80 - create IPUIPlugin
2024-09-19 13:18:27,560 [INFO] PluginManager:220 - loadIPPluginJar : add extmemmanager
2024-09-19 13:18:27,561 [INFO] IPUIPlugin:80 - create IPUIPlugin
2024-09-19 13:18:27,561 [INFO] PluginManager:220 - loadIPPluginJar : add gtzc
2024-09-19 13:18:27,564 [INFO] IPUIPlugin:80 - create IPUIPlugin
2024-09-19 13:18:27,564 [INFO] PluginManager:220 - loadIPPluginJar : add gpio
2024-09-19 13:18:27,565 [INFO] IPUIPlugin:80 - create IPUIPlugin
2024-09-19 13:18:27,565 [INFO] PluginManager:220 - loadIPPluginJar : add usart
2024-09-19 13:18:27,566 [INFO] IPUIPlugin:80 - create IPUIPlugin
2024-09-19 13:18:27,566 [INFO] PluginManager:220 - loadIPPluginJar : add lorawan
2024-09-19 13:18:27,569 [INFO] IPUIPlugin:80 - create IPUIPlugin
2024-09-19 13:18:27,569 [INFO] PluginManager:220 - loadIPPluginJar : add gic
2024-09-19 13:18:27,656 [INFO] CADModel:165 - CPN selected for project level
2024-09-19 13:18:27,656 [INFO] CADModel:114 - Register for checkConnection events
2024-09-19 13:18:27,657 [FATAL] Updater:308 - Updater called before beeing initialized
2024-09-19 13:18:27,657 [ERROR] CADModel:125 - Updater not yet initialized, retry later 
2024-09-19 13:18:27,738 [INFO] CADModel:165 - CPN selected for project level
2024-09-19 13:18:27,738 [INFO] CADModel:114 - Register for checkConnection events
2024-09-19 13:18:27,738 [FATAL] Updater:308 - Updater called before beeing initialized
2024-09-19 13:18:27,738 [ERROR] CADModel:125 - Updater not yet initialized, retry later 
2024-09-19 13:18:27,740 [FATAL] Updater:308 - Updater called before beeing initialized
2024-09-19 13:18:27,799 [FATAL] Updater:308 - Updater called before beeing initialized
2024-09-19 13:18:27,803 [INFO] DbMcusAds:53 - JSON generation date=Thu Sep 30 08:55:09 CEST 2021 (1632984909247)
2024-09-19 13:18:27,803 [FATAL] Updater:308 - Updater called before beeing initialized
2024-09-19 13:18:27,828 [WARN] DetailPanel:346 - Failed to get advertising image, set to default
2024-09-19 13:18:27,908 [FATAL] Updater:308 - Updater called before beeing initialized
2024-09-19 13:18:27,909 [FATAL] Updater:308 - Updater called before beeing initialized
2024-09-19 13:18:27,909 [FATAL] Updater:308 - Updater called before beeing initialized
2024-09-19 13:18:27,909 [WARN] DetailPanel:346 - Failed to get advertising image, set to default
2024-09-19 13:18:27,910 [FATAL] Updater:308 - Updater called before beeing initialized
2024-09-19 13:18:27,940 [ERROR] Updater:1120 - MainUpdater not yet initialized. External WinMGr cannot be set.
2024-09-19 13:18:27,941 [INFO] Updater:1056 - Updater Version found : 6.11.1
2024-09-19 13:18:27,955 [INFO] ApplicationProperties:184 - Using Application install path: /home/frank/st/stm32cubeide_1.14.0/plugins/com.st.stm32cube.common.mx_6.11.1.202404110753
2024-09-19 13:18:28,187 [INFO] MainUpdater:2873 - connection check result : 22
2024-09-19 13:18:28,188 [INFO] MainUpdater:290 - Updater Check For Update Now.
2024-09-19 13:18:28,188 [INFO] MicroXplorer:498 - Change Database Version : DB.6.0.111
2024-09-19 13:18:28,190 [INFO] McuFinderGlobals:63 - Set McuFinder mode to 2 (CubeIDE integrated)
2024-09-19 13:18:28,194 [INFO] UserAuth:415 - Internet connection configuration mode: 2
2024-09-19 13:18:28,340 [INFO] CheckServerUpdateThread:120 - End of CheckServer Thread
2024-09-19 13:18:30,330 [WARN] PackLoader:240 - Cannot read IP mode file for STMicroelectronics.FP-SNS-MOTENVWB1.1.4.0
2024-09-19 13:18:30,335 [WARN] PackLoader:240 - Cannot read IP mode file for STMicroelectronics.X-CUBE-SMBUS.2.1.0
2024-09-19 13:18:30,337 [WARN] PackLoader:240 - Cannot read IP mode file for STMicroelectronics.X-CUBE-TOUCHGFX.4.23.2
2024-09-19 13:18:30,352 [WARN] PackLoader:240 - Cannot read IP mode file for STMicroelectronics.X-CUBE-AZRTOS-F7.1.1.0
2024-09-19 13:18:30,358 [WARN] PackLoader:240 - Cannot read IP mode file for STMicroelectronics.FP-SNS-MOTENV1.4.3.2
2024-09-19 13:18:30,397 [WARN] PackLoader:240 - Cannot read IP mode file for STMicroelectronics.X-CUBE-MEMS1.11.0.0
2024-09-19 13:18:30,476 [WARN] PackLoader:240 - Cannot read IP mode file for STMicroelectronics.FP-SNS-FLIGHT1.5.0.2
2024-09-19 13:18:30,480 [WARN] PackLoader:240 - Cannot read IP mode file for STMicroelectronics.X-CUBE-DISPLAY.3.0.0
2024-09-19 13:18:30,486 [WARN] PackLoader:240 - Cannot read IP mode file for STMicroelectronics.X-CUBE-BLE1.7.0.0
2024-09-19 13:18:30,488 [WARN] PackLoader:240 - Cannot read IP mode file for emotas.I-CUBE-CANOPEN.1.3.0
2024-09-19 13:18:30,494 [WARN] PackLoader:240 - Cannot read IP mode file for STMicroelectronics.X-CUBE-BLEMGR.3.1.0
2024-09-19 13:18:30,499 [WARN] PackLoader:240 - Cannot read IP mode file for STMicroelectronics.FP-SNS-SMARTAG2.1.2.0
2024-09-19 13:18:30,505 [INFO] LogOutputStream:77 - [STDOUT_REDIRECT] 1 : Invalid condition id : UX_CORESTACK_Condition cause : null
2024-09-19 13:18:30,506 [INFO] LogOutputStream:77 - [STDOUT_REDIRECT] 1 : Invalid condition id : UX_CORESTACK_Condition cause : null
2024-09-19 13:18:30,506 [INFO] LogOutputStream:77 - [STDOUT_REDIRECT] 1 : Invalid condition id : UX_CORESTACK_Condition cause : null
2024-09-19 13:18:30,506 [INFO] LogOutputStream:77 - [STDOUT_REDIRECT] 1 : Invalid condition id : UX_CORESTACK_Condition cause : null
2024-09-19 13:18:30,506 [INFO] LogOutputStream:77 - [STDOUT_REDIRECT] 1 : Invalid condition id : UX_CORESTACK_Condition cause : null
2024-09-19 13:18:30,509 [WARN] PackLoader:240 - Cannot read IP mode file for STMicroelectronics.X-CUBE-AZRTOS-WL.2.0.0
2024-09-19 13:18:30,513 [WARN] PackLoader:240 - Cannot read IP mode file for STMicroelectronics.FP-SNS-MOTENV1.5.0.0
2024-09-19 13:18:30,516 [WARN] PackLoader:240 - Cannot read IP mode file for wolfSSL.I-CUBE-wolfMQTT.1.19.0
2024-09-19 13:18:30,521 [WARN] PackLoader:240 - Cannot read IP mode file for WES.I-CUBE-Cesium.1.3.0
2024-09-19 13:18:30,524 [WARN] PackLoader:240 - Cannot read IP mode file for STMicroelectronics.X-CUBE-BLE2.3.3.0
2024-09-19 13:18:30,527 [WARN] PackLoader:240 - Cannot read IP mode file for STMicroelectronics.X-CUBE-TCPP.4.1.0
2024-09-19 13:18:30,545 [WARN] PackLoader:240 - Cannot read IP mode file for STMicroelectronics.X-CUBE-AZRTOS-G0.1.1.0
2024-09-19 13:18:30,553 [WARN] PackLoader:240 - Cannot read IP mode file for STMicroelectronics.X-CUBE-SAFEA1.1.2.2
2024-09-19 13:18:30,558 [WARN] PackLoader:240 - Cannot read IP mode file for STMicroelectronics.X-CUBE-NFC4.3.0.0
2024-09-19 13:18:30,563 [WARN] PackLoader:240 - Cannot read IP mode file for wolfSSL.I-CUBE-wolfMQTT.1.18.0
2024-09-19 13:18:30,572 [WARN] PackLoader:240 - Cannot read IP mode file for EmbeddedOffice.I-CUBE-FS-RTOS.1.0.1
2024-09-19 13:18:30,572 [ERROR] ConditionMgr:805 - Attr not supported : Dmpu
2024-09-19 13:18:30,573 [ERROR] ConditionMgr:805 - Attr not supported : Dmpu
2024-09-19 13:18:30,573 [ERROR] ConditionMgr:805 - Attr not supported : Dmpu
2024-09-19 13:18:30,573 [ERROR] ConditionMgr:805 - Attr not supported : Dmpu
2024-09-19 13:18:30,573 [ERROR] ConditionMgr:805 - Attr not supported : Dmpu
2024-09-19 13:18:30,573 [ERROR] ConditionMgr:805 - Attr not supported : Dmpu
2024-09-19 13:18:30,573 [ERROR] ConditionMgr:805 - Attr not supported : Dmpu
2024-09-19 13:18:30,573 [ERROR] ConditionMgr:805 - Attr not supported : Dmpu
2024-09-19 13:18:30,573 [ERROR] ConditionMgr:805 - Attr not supported : Dmpu
2024-09-19 13:18:30,573 [ERROR] ConditionMgr:805 - Attr not supported : Dmpu
2024-09-19 13:18:30,573 [ERROR] ConditionMgr:805 - Attr not supported : Dmpu
2024-09-19 13:18:30,573 [ERROR] ConditionMgr:805 - Attr not supported : Dmpu
2024-09-19 13:18:30,573 [ERROR] ConditionMgr:805 - Attr not supported : Dmpu
2024-09-19 13:18:30,573 [ERROR] ConditionMgr:805 - Attr not supported : Dmpu
2024-09-19 13:18:30,573 [ERROR] ConditionMgr:805 - Attr not supported : Dmpu
2024-09-19 13:18:30,573 [ERROR] ConditionMgr:805 - Attr not supported : Dmpu
2024-09-19 13:18:30,574 [ERROR] ConditionMgr:805 - Attr not supported : Dmpu
2024-09-19 13:18:30,574 [ERROR] ConditionMgr:805 - Attr not supported : Dmpu
2024-09-19 13:18:30,574 [ERROR] ConditionMgr:805 - Attr not supported : Dmpu
2024-09-19 13:18:30,574 [ERROR] ConditionMgr:805 - Attr not supported : Dmpu
2024-09-19 13:18:30,574 [ERROR] ConditionMgr:805 - Attr not supported : Dmpu
2024-09-19 13:18:30,574 [ERROR] ConditionMgr:805 - Attr not supported : Dmpu
2024-09-19 13:18:30,574 [ERROR] ConditionMgr:805 - Attr not supported : Dmpu
2024-09-19 13:18:30,574 [ERROR] ConditionMgr:805 - Attr not supported : Dmpu
2024-09-19 13:18:30,574 [ERROR] ConditionMgr:805 - Attr not supported : Dmpu
2024-09-19 13:18:30,574 [ERROR] ConditionMgr:805 - Attr not supported : Dmpu
2024-09-19 13:18:30,574 [ERROR] ConditionMgr:805 - Attr not supported : Dmpu
2024-09-19 13:18:30,575 [ERROR] ConditionMgr:805 - Attr not supported : Dmpu
2024-09-19 13:18:30,575 [ERROR] ConditionMgr:805 - Attr not supported : Dmpu
2024-09-19 13:18:30,575 [ERROR] ConditionMgr:805 - Attr not supported : Dmpu
2024-09-19 13:18:30,575 [ERROR] ConditionMgr:805 - Attr not supported : Dmpu
2024-09-19 13:18:30,575 [ERROR] ConditionMgr:805 - Attr not supported : Dmpu
2024-09-19 13:18:30,575 [ERROR] ConditionMgr:805 - Attr not supported : Dmpu
2024-09-19 13:18:30,575 [ERROR] ConditionMgr:805 - Attr not supported : Dmpu
2024-09-19 13:18:30,575 [ERROR] ConditionMgr:805 - Attr not supported : Dmpu
2024-09-19 13:18:30,575 [ERROR] ConditionMgr:805 - Attr not supported : Dmpu
2024-09-19 13:18:30,575 [ERROR] ConditionMgr:805 - Attr not supported : Dmpu
2024-09-19 13:18:30,575 [ERROR] ConditionMgr:805 - Attr not supported : Dmpu
2024-09-19 13:18:30,575 [ERROR] ConditionMgr:805 - Attr not supported : Dmpu
2024-09-19 13:18:30,576 [ERROR] ConditionMgr:805 - Attr not supported : Dmpu
2024-09-19 13:18:30,576 [ERROR] ConditionMgr:805 - Attr not supported : Dmpu
2024-09-19 13:18:30,576 [ERROR] ConditionMgr:805 - Attr not supported : Dmpu
2024-09-19 13:18:30,576 [ERROR] ConditionMgr:805 - Attr not supported : Dmpu
2024-09-19 13:18:30,576 [ERROR] ConditionMgr:805 - Attr not supported : Dmpu
2024-09-19 13:18:30,576 [ERROR] ConditionMgr:805 - Attr not supported : Dmpu
2024-09-19 13:18:30,576 [ERROR] ConditionMgr:805 - Attr not supported : Dmpu
2024-09-19 13:18:30,576 [ERROR] ConditionMgr:805 - Attr not supported : Dmpu
2024-09-19 13:18:30,576 [ERROR] ConditionMgr:805 - Attr not supported : Dmpu
2024-09-19 13:18:30,576 [ERROR] ConditionMgr:805 - Attr not supported : Dmpu
2024-09-19 13:18:30,576 [ERROR] ConditionMgr:805 - Attr not supported : Dmpu
2024-09-19 13:18:30,576 [ERROR] ConditionMgr:805 - Attr not supported : Dmpu
2024-09-19 13:18:30,576 [ERROR] ConditionMgr:805 - Attr not supported : Dmpu
2024-09-19 13:18:30,576 [ERROR] ConditionMgr:805 - Attr not supported : Dmpu
2024-09-19 13:18:30,576 [ERROR] ConditionMgr:805 - Attr not supported : Dmpu
2024-09-19 13:18:30,576 [ERROR] ConditionMgr:805 - Attr not supported : Dmpu
2024-09-19 13:18:30,576 [ERROR] ConditionMgr:805 - Attr not supported : Dmpu
2024-09-19 13:18:30,577 [ERROR] ConditionMgr:805 - Attr not supported : Dmpu
2024-09-19 13:18:30,577 [ERROR] ConditionMgr:805 - Attr not supported : Dmpu
2024-09-19 13:18:30,577 [ERROR] ConditionMgr:805 - Attr not supported : Dmpu
2024-09-19 13:18:30,577 [ERROR] ConditionMgr:805 - Attr not supported : Dmpu
2024-09-19 13:18:30,577 [ERROR] ConditionMgr:805 - Attr not supported : Dmpu
2024-09-19 13:18:30,577 [ERROR] ConditionMgr:805 - Attr not supported : Dmpu
2024-09-19 13:18:30,577 [ERROR] ConditionMgr:805 - Attr not supported : Dmpu
2024-09-19 13:18:30,577 [ERROR] ConditionMgr:805 - Attr not supported : Dmpu
2024-09-19 13:18:30,581 [WARN] PackLoader:240 - Cannot read IP mode file for RealThread.X-CUBE-RT-Thread_Nano.4.1.1
2024-09-19 13:18:30,586 [WARN] PackLoader:240 - Cannot read IP mode file for wolfSSL.I-CUBE-wolfSSL.5.7.0
2024-09-19 13:18:30,590 [WARN] PackLoader:240 - Cannot read IP mode file for STMicroelectronics.FP-ATR-SIGFOX1.3.2.0
2024-09-19 13:18:30,597 [WARN] PackLoader:240 - Cannot read IP mode file for STMicroelectronics.X-CUBE-EEPRMA1.5.1.0
2024-09-19 13:18:30,616 [WARN] PackLoader:240 - Cannot read IP mode file for ITTIA_DB.I-CUBE-ITTIADB.8.9.0
2024-09-19 13:18:30,652 [WARN] PackLoader:240 - Cannot read IP mode file for SEGGER.I-CUBE-embOS.1.3.1
2024-09-19 13:18:30,689 [WARN] PackLoader:240 - Cannot read IP mode file for STMicroelectronics.X-CUBE-ALGOBUILD.1.4.0
2024-09-19 13:18:30,693 [WARN] PackLoader:240 - Cannot read IP mode file for STMicroelectronics.X-CUBE-GNSS1.6.0.0
2024-09-19 13:18:30,709 [WARN] PackLoader:240 - Cannot read IP mode file for STMicroelectronics.X-CUBE-AZRTOS-F4.1.1.0
2024-09-19 13:18:30,716 [WARN] PackLoader:240 - Cannot read IP mode file for STMicroelectronics.X-CUBE-FREERTOS.1.2.0
2024-09-19 13:18:30,728 [WARN] PackLoader:240 - Cannot read IP mode file for STMicroelectronics.X-CUBE-AZRTOS-L5.2.0.0
2024-09-19 13:18:30,742 [WARN] PackLoader:240 - Cannot read IP mode file for STMicroelectronics.X-CUBE-NFC6.3.1.0
2024-09-19 13:18:30,749 [WARN] PackLoader:240 - Cannot read IP mode file for STMicroelectronics.X-CUBE-DPower.1.2.0
2024-09-19 13:18:30,752 [WARN] PackLoader:240 - Cannot read IP mode file for STMicroelectronics.X-CUBE-AI.9.0.0
2024-09-19 13:18:30,756 [WARN] PackLoader:240 - Cannot read IP mode file for STMicroelectronics.X-CUBE-NFC7.1.0.1
2024-09-19 13:18:30,760 [WARN] PackLoader:240 - Cannot read IP mode file for wolfSSL.I-CUBE-wolfTPM.3.2.0
2024-09-19 13:18:30,763 [WARN] PackLoader:240 - Cannot read IP mode file for STMicroelectronics.X-CUBE-AI.8.1.0
2024-09-19 13:18:30,781 [WARN] ConditionMgr:438 - getConditionDescription Invalid condition id : LAN8742 Phy interface Condition cause : null
2024-09-19 13:18:30,781 [WARN] PackLoader:240 - Cannot read IP mode file for STMicroelectronics.X-CUBE-AZRTOS-L4.2.0.0
2024-09-19 13:18:30,783 [WARN] ConditionMgr:1039 - genDependencies : Invalid condition id : LAN8742 Phy interface Condition cause : null
2024-09-19 13:18:30,783 [WARN] ConditionMgr:1039 - genDependencies : Invalid condition id : LAN8742 Phy interface Condition cause : null
2024-09-19 13:18:30,784 [WARN] ConditionMgr:1039 - genDependencies : Invalid condition id : LAN8742 Phy interface Condition cause : null
2024-09-19 13:18:30,791 [WARN] PackLoader:240 - Cannot read IP mode file for STMicroelectronics.X-CUBE-SFXS2LP1.4.0.0
2024-09-19 13:18:30,812 [WARN] PackLoader:240 - Cannot read IP mode file for STMicroelectronics.X-CUBE-AZRTOS-H7.3.3.0
2024-09-19 13:18:30,828 [WARN] ConditionMgr:438 - getConditionDescription Invalid condition id : UX DEVICE CLASS RTOS Condition cause : null
2024-09-19 13:18:30,828 [WARN] ConditionMgr:438 - getConditionDescription Invalid condition id : UX DEVICE CLASS RTOS Condition cause : null
2024-09-19 13:18:30,830 [WARN] PackLoader:240 - Cannot read IP mode file for STMicroelectronics.X-CUBE-AZRTOS-WB.2.0.0
2024-09-19 13:18:30,831 [WARN] ConditionMgr:1039 - genDependencies : Invalid condition id : UX DEVICE CLASS RTOS Condition cause : null
2024-09-19 13:18:30,831 [WARN] ConditionMgr:1039 - genDependencies : Invalid condition id : UX DEVICE CLASS RTOS Condition cause : null
2024-09-19 13:18:30,832 [WARN] ConditionMgr:1039 - genDependencies : Invalid condition id : UX DEVICE CLASS RTOS Condition cause : null
2024-09-19 13:18:30,833 [WARN] ConditionMgr:1039 - genDependencies : Invalid condition id : UX DEVICE CLASS RTOS Condition cause : null
2024-09-19 13:18:30,833 [WARN] ConditionMgr:1039 - genDependencies : Invalid condition id : UX DEVICE CLASS RTOS Condition cause : null
2024-09-19 13:18:30,839 [WARN] PackLoader:240 - Cannot read IP mode file for STMicroelectronics.FP-SNS-STBOX1.2.0.0
2024-09-19 13:18:30,851 [WARN] PackLoader:240 - Cannot read IP mode file for STMicroelectronics.X-CUBE-SUBG2.5.0.0
2024-09-19 13:18:30,860 [WARN] PackLoader:240 - Cannot read IP mode file for Cesanta.I-CUBE-Mongoose.7.13.0
2024-09-19 13:18:30,873 [WARN] PackLoader:240 - Cannot read IP mode file for STMicroelectronics.X-CUBE-AZRTOS-G4.2.0.0
2024-09-19 13:18:30,879 [WARN] PackLoader:240 - Cannot read IP mode file for STMicroelectronics.FP-SNS-MOTENVWB1.1.3.1
2024-09-19 13:18:30,882 [WARN] PackLoader:240 - Cannot read IP mode file for STMicroelectronics.X-CUBE-ISPU.2.0.0
2024-09-19 13:18:30,886 [WARN] PackLoader:240 - Cannot read IP mode file for STMicroelectronics.X-CUBE-ALS.1.0.2
2024-09-19 13:18:30,925 [WARN] PackLoader:240 - Cannot read IP mode file for STMicroelectronics.X-CUBE-MEMS1.10.0.0
2024-09-19 13:18:31,033 [WARN] PackLoader:240 - Cannot read IP mode file for STMicroelectronics.X-CUBE-TOUCHGFX.4.24.0
2024-09-19 13:18:31,036 [WARN] PackLoader:240 - Cannot read IP mode file for portGmbH.I-Cube-SoM-uGOAL.1.1.0
2024-09-19 13:18:31,040 [WARN] PackLoader:240 - Cannot read IP mode file for STMicroelectronics.X-CUBE-ALS.1.0.1
2024-09-19 13:18:31,056 [WARN] PackLoader:240 - Cannot read IP mode file for STMicroelectronics.X-CUBE-AZRTOS-H7RS.1.0.0
2024-09-19 13:18:31,060 [WARN] PackLoader:240 - Cannot read IP mode file for STMicroelectronics.FP-ATR-ASTRA1.2.0.0
2024-09-19 13:18:31,068 [WARN] PackLoader:240 - Cannot read IP mode file for STMicroelectronics.X-CUBE-TOF1.3.4.2
2024-09-19 13:18:31,086 [WARN] PackLoader:240 - Cannot read IP mode file for STMicroelectronics.X-CUBE-TOF1.3.4.1
2024-09-19 13:18:31,102 [WARN] PackLoader:240 - Cannot read IP mode file for STMicroelectronics.X-CUBE-AZRTOS-H7.3.2.0
2024-09-19 13:18:31,110 [WARN] PackLoader:240 - Cannot read IP mode file for Infineon.AIROC-Wi-Fi-Bluetooth-STM32.1.6.0
2024-09-19 13:18:31,113 [WARN] PackLoader:240 - Cannot read IP mode file for wolfSSL.I-CUBE-wolfSSH.1.4.17
2024-09-19 13:18:31,114 [INFO] ThirdParty:978 - Integrity check success = true
2024-09-19 13:18:31,114 [INFO] IntegrityCheckThread:100 - exiting critical section [integrity check]
2024-09-19 13:18:31,114 [INFO] IntegrityCheckThread:103 - End integrity checks thread
2024-09-19 13:50:16,376 [INFO] Activator:176 - 


2024-09-19 13:50:16,377 [INFO] Activator:177 - !SESSION log4j initialized
2024-09-19 13:50:18,152 [INFO] LogOutputStream:77 - [STDOUT_REDIRECT] 
2024-09-19 13:50:18,875 [INFO] ApplicationProperties:184 - Using Application install path: /home/frank/st/stm32cubeide_1.14.0/plugins/com.st.stm32cube.common.mx_6.11.1.202404110753
2024-09-19 13:50:18,895 [INFO] DbMcusXml:78 - Set database path to: /home/frank/st/stm32cubeide_1.14.0/plugins/com.st.stm32cube.common.mx_6.11.1.202404110753//db//mcu/
2024-09-19 13:50:18,895 [INFO] ApiDb:274 - Set plugin database path to: /home/frank/st/stm32cubeide_1.14.0/plugins/com.st.stm32cube.common.mx_6.11.1.202404110753//db//plugins/boardmanager/
2024-09-19 13:50:18,895 [WARN] ApiDb:259 - Overriding images path with different value:  => /home/frank/st/stm32cubeide_1.14.0/plugins/com.st.stm32cube.common.mx_6.11.1.202404110753//db//plugins/mcufinder/images/
2024-09-19 13:50:18,900 [INFO] ApiDb:250 - Set database path to: /home/frank/.stmcufinder/plugins/mcufinder//mcu/
2024-09-19 13:50:18,901 [INFO] DbMcusAds:125 - Set database path to: /home/frank/.stmcufinder/plugins/mcufinder//mcu/
2024-09-19 13:50:18,903 [INFO] CrossReferenceDbSqlite:203 - Set database path to: /home/frank/.stmcufinder/plugins/mcufinder//mcu/cs/
2024-09-19 13:50:18,987 [INFO] RulesReader:64 - Compatibility file has been processed (297 Rules)
2024-09-19 13:50:19,034 [INFO] DbMcusXml:78 - Set database path to: /home/frank/st/stm32cubeide_1.14.0/plugins/com.st.stm32cube.common.mx_6.11.1.202404110753//db//mcu/
2024-09-19 13:50:19,034 [INFO] ApiDb:274 - Set plugin database path to: /home/frank/st/stm32cubeide_1.14.0/plugins/com.st.stm32cube.common.mx_6.11.1.202404110753//db//plugins/boardmanager/
2024-09-19 13:50:19,035 [INFO] ApiDb:261 - Set plugin images path to: /home/frank/st/stm32cubeide_1.14.0/plugins/com.st.stm32cube.common.mx_6.11.1.202404110753//db//plugins/mcufinder/images/
2024-09-19 13:50:19,035 [WARN] DbFile:41 - Overriding database path with different value: /home/frank/.stmcufinder/plugins/mcufinder/ => /home/frank/.stmcufinder/plugins/mcufinder
2024-09-19 13:50:19,035 [INFO] ApiDb:250 - Set database path to: /home/frank/.stmcufinder/plugins/mcufinder//mcu/
2024-09-19 13:50:19,035 [WARN] DbFile:41 - Overriding database path with different value: /home/frank/.stmcufinder/plugins/mcufinder/ => /home/frank/.stmcufinder/plugins/mcufinder
2024-09-19 13:50:19,035 [INFO] DbMcusAds:125 - Set database path to: /home/frank/.stmcufinder/plugins/mcufinder//mcu/
2024-09-19 13:50:19,035 [WARN] DbFile:41 - Overriding database path with different value: /home/frank/.stmcufinder/plugins/mcufinder/ => /home/frank/.stmcufinder/plugins/mcufinder
2024-09-19 13:50:19,036 [WARN] DbFile:41 - Overriding database path with different value: /home/frank/.stmcufinder/plugins/mcufinder/ => /home/frank/.stmcufinder/plugins/mcufinder
2024-09-19 13:50:19,036 [INFO] CrossReferenceDbSqlite:203 - Set database path to: /home/frank/.stmcufinder/plugins/mcufinder//mcu/cs/
2024-09-19 13:50:19,101 [INFO] MainPanel:264 - HeapMemory: 268435456
2024-09-19 13:50:19,170 [INFO] DbMcusXml:78 - Set database path to: /home/frank/st/stm32cubeide_1.14.0/plugins/com.st.stm32cube.common.mx_6.11.1.202404110753//db//mcu/
2024-09-19 13:50:19,170 [INFO] ApiDb:274 - Set plugin database path to: /home/frank/st/stm32cubeide_1.14.0/plugins/com.st.stm32cube.common.mx_6.11.1.202404110753//db//plugins/boardmanager/
2024-09-19 13:50:19,170 [INFO] ApiDb:261 - Set plugin images path to: /home/frank/st/stm32cubeide_1.14.0/plugins/com.st.stm32cube.common.mx_6.11.1.202404110753//db//plugins/mcufinder/images/
2024-09-19 13:50:19,170 [WARN] DbFile:41 - Overriding database path with different value: /home/frank/.stmcufinder/plugins/mcufinder/ => /home/frank/.stmcufinder/plugins/mcufinder
2024-09-19 13:50:19,170 [INFO] ApiDb:250 - Set database path to: /home/frank/.stmcufinder/plugins/mcufinder//mcu/
2024-09-19 13:50:19,170 [WARN] DbFile:41 - Overriding database path with different value: /home/frank/.stmcufinder/plugins/mcufinder/ => /home/frank/.stmcufinder/plugins/mcufinder
2024-09-19 13:50:19,170 [INFO] DbMcusAds:125 - Set database path to: /home/frank/.stmcufinder/plugins/mcufinder//mcu/
2024-09-19 13:50:19,171 [WARN] DbFile:41 - Overriding database path with different value: /home/frank/.stmcufinder/plugins/mcufinder/ => /home/frank/.stmcufinder/plugins/mcufinder
2024-09-19 13:50:19,171 [WARN] DbFile:41 - Overriding database path with different value: /home/frank/.stmcufinder/plugins/mcufinder/ => /home/frank/.stmcufinder/plugins/mcufinder
2024-09-19 13:50:19,171 [INFO] CrossReferenceDbSqlite:203 - Set database path to: /home/frank/.stmcufinder/plugins/mcufinder//mcu/cs/
2024-09-19 13:50:19,183 [INFO] ApplicationProperties:184 - Using Application install path: /home/frank/st/stm32cubeide_1.14.0/plugins/com.st.stm32cube.common.mx_6.11.1.202404110753
2024-09-19 13:50:19,184 [INFO] PluginManage:196 - Search for loadable plugins [exclusion list=, ]
2024-09-19 13:50:19,185 [INFO] PluginManage:310 - Check plugin analytics
2024-09-19 13:50:19,276 [INFO] AnalyticsPlugin:253 - Accepted Software Licenses: 
2024-09-19 13:50:19,277 [INFO] AnalyticsPlugin:255 - Accepted CMSIS Pack Licenses: 
2024-09-19 13:50:19,277 [INFO] AnalyticsPlugin:257 - Accepted Firmware Licenses: FW.F4.1.28.0,FW.F4.1.27.0
2024-09-19 13:50:19,278 [INFO] PluginManage:359 - Loaded plugin analytics (category:tool,tabindex:-1)
2024-09-19 13:50:19,278 [INFO] PluginManage:310 - Check plugin cadmodel
2024-09-19 13:50:19,290 [INFO] CADModel:105 - Init CAD model plugin
2024-09-19 13:50:19,290 [INFO] PluginManage:359 - Loaded plugin cadmodel (category:power,tabindex:5)
2024-09-19 13:50:19,290 [INFO] PluginManage:310 - Check plugin clock
2024-09-19 13:50:19,295 [INFO] PluginManage:359 - Loaded plugin clock (category:base,tabindex:2)
2024-09-19 13:50:19,295 [INFO] PluginManage:310 - Check plugin ddr
2024-09-19 13:50:19,296 [INFO] PluginManage:359 - Loaded plugin ddr (category:tool,tabindex:6)
2024-09-19 13:50:19,296 [INFO] PluginManage:310 - Check plugin filemanager
2024-09-19 13:50:19,393 [INFO] PluginManage:359 - Loaded plugin filemanager (category:base,tabindex:10)
2024-09-19 13:50:19,393 [INFO] PluginManage:310 - Check plugin ipmanager
2024-09-19 13:50:19,396 [INFO] PluginManage:359 - Loaded plugin ipmanager (category:base,tabindex:5)
2024-09-19 13:50:19,396 [INFO] PluginManage:310 - Check plugin lpbam
2024-09-19 13:50:19,401 [INFO] PluginManage:359 - Loaded plugin lpbam (category:base,tabindex:0)
2024-09-19 13:50:19,401 [INFO] PluginManage:310 - Check plugin memorymap
2024-09-19 13:50:19,407 [INFO] PluginManage:359 - Loaded plugin memorymap (category:base,tabindex:4)
2024-09-19 13:50:19,408 [INFO] PluginManage:310 - Check plugin pinoutandconfiguration
2024-09-19 13:50:19,412 [INFO] PluginManage:359 - Loaded plugin pinoutandconfiguration (category:base,tabindex:1)
2024-09-19 13:50:19,412 [INFO] PluginManage:310 - Check plugin pinoutconfig
2024-09-19 13:50:19,472 [WARN] SupportedApi:132 - Cannot load RTOS API schema: s4s-elt-must-match.1: The content of 'definitions' must match (annotation?, (simpleType | complexType)?, (unique | key | keyref)*)). A problem was found starting at: attribute.
2024-09-19 13:50:19,579 [INFO] PluginManage:359 - Loaded plugin pinoutconfig (category:base,tabindex:0)
2024-09-19 13:50:19,580 [INFO] PluginManage:310 - Check plugin power
2024-09-19 13:50:19,586 [INFO] PluginManage:359 - Loaded plugin power (category:power,tabindex:4)
2024-09-19 13:50:19,586 [INFO] PluginManage:310 - Check plugin projectmanager
2024-09-19 13:50:19,599 [INFO] PluginManage:359 - Loaded plugin projectmanager (category:projectmanager,tabindex:3)
2024-09-19 13:50:19,599 [INFO] PluginManage:310 - Check plugin thirdparty
2024-09-19 13:50:19,675 [INFO] PluginManage:359 - Loaded plugin thirdparty (category:base,tabindex:-1)
2024-09-19 13:50:19,675 [INFO] PluginManage:310 - Check plugin tools
2024-09-19 13:50:19,675 [WARN] IntegrityCheckThread:84 - waiting for thirdparty lock release [integrity check]
2024-09-19 13:50:19,675 [INFO] IntegrityCheckThread:86 - entering critical section [integrity check]
2024-09-19 13:50:19,676 [INFO] ThirdPartyUpdaterWithRetryManager:70 - Updater plugin not ready yet. [1/15]
2024-09-19 13:50:19,676 [INFO] PluginManage:359 - Loaded plugin tools (category:base,tabindex:7)
2024-09-19 13:50:19,676 [INFO] PluginManage:310 - Check plugin tutovideos
2024-09-19 13:50:19,770 [INFO] PluginManage:359 - Loaded plugin tutovideos (category:base,tabindex:-1)
2024-09-19 13:50:19,771 [INFO] PluginManage:310 - Check plugin updater
2024-09-19 13:50:19,777 [INFO] PluginManage:359 - Loaded plugin updater (category:base,tabindex:12)
2024-09-19 13:50:19,777 [INFO] PluginManage:310 - Check plugin userauth
2024-09-19 13:50:19,781 [INFO] UserAuth:114 - Init User Auth plugin
2024-09-19 13:50:19,781 [INFO] PluginManage:359 - Loaded plugin userauth (category:base,tabindex:14)
2024-09-19 13:50:19,781 [INFO] PluginManage:283 - PluginManage : Loaded plugins [17]
2024-09-19 13:50:19,886 [INFO] PinOutPanel:1561 - setPackage(No Configuration,No Configuration)
2024-09-19 13:50:19,925 [INFO] CADModel:165 - CPN selected for project level
2024-09-19 13:50:19,925 [INFO] CADModel:114 - Register for checkConnection events
2024-09-19 13:50:19,931 [INFO] IPUIPlugin:80 - create IPUIPlugin
2024-09-19 13:50:19,932 [INFO] PluginManager:220 - loadIPPluginJar : add ucpd
2024-09-19 13:50:19,932 [INFO] IPUIPlugin:80 - create IPUIPlugin
2024-09-19 13:50:19,932 [INFO] PluginManager:220 - loadIPPluginJar : add ltdc
2024-09-19 13:50:19,936 [INFO] IPUIPlugin:80 - create IPUIPlugin
2024-09-19 13:50:19,937 [INFO] PluginManager:220 - loadIPPluginJar : add plateformsettings
2024-09-19 13:50:19,940 [INFO] IPUIPlugin:80 - create IPUIPlugin
2024-09-19 13:50:19,940 [INFO] PluginManager:220 - loadIPPluginJar : add hash
2024-09-19 13:50:19,941 [INFO] IPUIPlugin:80 - create IPUIPlugin
2024-09-19 13:50:19,941 [INFO] PluginManager:220 - loadIPPluginJar : add gfxmmu
2024-09-19 13:50:19,945 [INFO] IPUIPlugin:80 - create IPUIPlugin
2024-09-19 13:50:19,945 [INFO] PluginManager:220 - loadIPPluginJar : add stm32_wpan
2024-09-19 13:50:19,946 [INFO] IPUIPlugin:80 - create IPUIPlugin
2024-09-19 13:50:19,946 [INFO] PluginManager:220 - loadIPPluginJar : add ts
2024-09-19 13:50:19,946 [INFO] IPUIPlugin:80 - create IPUIPlugin
2024-09-19 13:50:19,946 [INFO] PluginManager:220 - loadIPPluginJar : add quadspi
2024-09-19 13:50:19,947 [INFO] IPUIPlugin:80 - create IPUIPlugin
2024-09-19 13:50:19,947 [INFO] PluginManager:220 - loadIPPluginJar : add usbx
2024-09-19 13:50:19,948 [INFO] IPUIPlugin:80 - create IPUIPlugin
2024-09-19 13:50:19,948 [INFO] PluginManager:220 - loadIPPluginJar : add aes
2024-09-19 13:50:19,949 [INFO] IPUIPlugin:80 - create IPUIPlugin
2024-09-19 13:50:19,950 [INFO] PluginManager:220 - loadIPPluginJar : add nvic
2024-09-19 13:50:19,953 [INFO] IPUIPlugin:80 - create IPUIPlugin
2024-09-19 13:50:19,953 [INFO] PluginManager:220 - loadIPPluginJar : add adc
2024-09-19 13:50:19,954 [INFO] IPUIPlugin:80 - create IPUIPlugin
2024-09-19 13:50:19,954 [INFO] PluginManager:220 - loadIPPluginJar : add cryp
2024-09-19 13:50:19,955 [INFO] IPUIPlugin:80 - create IPUIPlugin
2024-09-19 13:50:19,955 [INFO] PluginManager:220 - loadIPPluginJar : add touchsensing
2024-09-19 13:50:19,958 [INFO] IPUIPlugin:80 - create IPUIPlugin
2024-09-19 13:50:19,958 [INFO] PluginManager:220 - loadIPPluginJar : add fmc
2024-09-19 13:50:19,959 [INFO] IPUIPlugin:80 - create IPUIPlugin
2024-09-19 13:50:19,959 [INFO] PluginManager:220 - loadIPPluginJar : add openamp
2024-09-19 13:50:19,963 [INFO] IPUIPlugin:80 - create IPUIPlugin
2024-09-19 13:50:19,963 [INFO] PluginManager:220 - loadIPPluginJar : add linkedlist
2024-09-19 13:50:19,964 [INFO] IPUIPlugin:80 - create IPUIPlugin
2024-09-19 13:50:19,964 [INFO] PluginManager:220 - loadIPPluginJar : add tracer_emb
2024-09-19 13:50:19,967 [INFO] IPUIPlugin:80 - create IPUIPlugin
2024-09-19 13:50:19,967 [INFO] PluginManager:220 - loadIPPluginJar : add dma
2024-09-19 13:50:19,968 [INFO] IPUIPlugin:80 - create IPUIPlugin
2024-09-19 13:50:19,968 [INFO] PluginManager:220 - loadIPPluginJar : add sai
2024-09-19 13:50:19,971 [INFO] IPUIPlugin:80 - create IPUIPlugin
2024-09-19 13:50:19,971 [INFO] PluginManager:220 - loadIPPluginJar : add freertos
2024-09-19 13:50:19,974 [INFO] IPUIPlugin:80 - create IPUIPlugin
2024-09-19 13:50:19,974 [INFO] PluginManager:220 - loadIPPluginJar : add mdma
2024-09-19 13:50:19,975 [INFO] IPUIPlugin:80 - create IPUIPlugin
2024-09-19 13:50:19,975 [INFO] PluginManager:220 - loadIPPluginJar : add genericplugin
2024-09-19 13:50:19,976 [INFO] IPUIPlugin:80 - create IPUIPlugin
2024-09-19 13:50:19,976 [INFO] PluginManager:220 - loadIPPluginJar : add tsc
2024-09-19 13:50:19,977 [INFO] IPUIPlugin:80 - create IPUIPlugin
2024-09-19 13:50:19,977 [INFO] PluginManager:220 - loadIPPluginJar : add pdm2pcm
2024-09-19 13:50:19,978 [INFO] IPUIPlugin:80 - create IPUIPlugin
2024-09-19 13:50:19,978 [INFO] PluginManager:220 - loadIPPluginJar : add fatfs
2024-09-19 13:50:19,979 [INFO] IPUIPlugin:80 - create IPUIPlugin
2024-09-19 13:50:19,979 [INFO] PluginManager:220 - loadIPPluginJar : add can
2024-09-19 13:50:19,980 [INFO] IPUIPlugin:80 - create IPUIPlugin
2024-09-19 13:50:19,980 [INFO] PluginManager:220 - loadIPPluginJar : add i3c
2024-09-19 13:50:19,981 [INFO] IPUIPlugin:80 - create IPUIPlugin
2024-09-19 13:50:19,981 [INFO] PluginManager:220 - loadIPPluginJar : add i2s
2024-09-19 13:50:19,982 [INFO] IPUIPlugin:80 - create IPUIPlugin
2024-09-19 13:50:19,982 [INFO] PluginManager:220 - loadIPPluginJar : add i2c
2024-09-19 13:50:19,983 [INFO] IPUIPlugin:80 - create IPUIPlugin
2024-09-19 13:50:19,983 [INFO] PluginManager:220 - loadIPPluginJar : add spi
2024-09-19 13:50:19,984 [INFO] IPUIPlugin:80 - create IPUIPlugin
2024-09-19 13:50:19,984 [INFO] PluginManager:220 - loadIPPluginJar : add dfsdm
2024-09-19 13:50:19,985 [INFO] IPUIPlugin:80 - create IPUIPlugin
2024-09-19 13:50:19,985 [INFO] PluginManager:220 - loadIPPluginJar : add tim
2024-09-19 13:50:19,986 [INFO] IPUIPlugin:80 - create IPUIPlugin
2024-09-19 13:50:19,986 [INFO] PluginManager:220 - loadIPPluginJar : add opamp
2024-09-19 13:50:19,987 [INFO] IPUIPlugin:80 - create IPUIPlugin
2024-09-19 13:50:19,987 [INFO] PluginManager:220 - loadIPPluginJar : add dma3
2024-09-19 13:50:19,988 [INFO] IPUIPlugin:80 - create IPUIPlugin
2024-09-19 13:50:19,988 [INFO] PluginManager:220 - loadIPPluginJar : add ipddr
2024-09-19 13:50:19,989 [INFO] IPUIPlugin:80 - create IPUIPlugin
2024-09-19 13:50:19,989 [INFO] PluginManager:220 - loadIPPluginJar : add comp
2024-09-19 13:50:19,991 [INFO] IPUIPlugin:80 - create IPUIPlugin
2024-09-19 13:50:19,991 [INFO] PluginManager:220 - loadIPPluginJar : add resmgrutility
2024-09-19 13:50:19,992 [INFO] IPUIPlugin:80 - create IPUIPlugin
2024-09-19 13:50:19,992 [INFO] PluginManager:220 - loadIPPluginJar : add extmemmanager
2024-09-19 13:50:19,993 [INFO] IPUIPlugin:80 - create IPUIPlugin
2024-09-19 13:50:19,993 [INFO] PluginManager:220 - loadIPPluginJar : add gtzc
2024-09-19 13:50:19,995 [INFO] IPUIPlugin:80 - create IPUIPlugin
2024-09-19 13:50:19,995 [INFO] PluginManager:220 - loadIPPluginJar : add gpio
2024-09-19 13:50:19,996 [INFO] IPUIPlugin:80 - create IPUIPlugin
2024-09-19 13:50:19,996 [INFO] PluginManager:220 - loadIPPluginJar : add usart
2024-09-19 13:50:19,996 [INFO] IPUIPlugin:80 - create IPUIPlugin
2024-09-19 13:50:19,996 [INFO] PluginManager:220 - loadIPPluginJar : add lorawan
2024-09-19 13:50:19,999 [INFO] IPUIPlugin:80 - create IPUIPlugin
2024-09-19 13:50:19,999 [INFO] PluginManager:220 - loadIPPluginJar : add gic
2024-09-19 13:50:20,087 [INFO] CADModel:165 - CPN selected for project level
2024-09-19 13:50:20,087 [INFO] CADModel:114 - Register for checkConnection events
2024-09-19 13:50:20,087 [FATAL] Updater:308 - Updater called before beeing initialized
2024-09-19 13:50:20,087 [ERROR] CADModel:125 - Updater not yet initialized, retry later 
2024-09-19 13:50:20,152 [INFO] CADModel:165 - CPN selected for project level
2024-09-19 13:50:20,152 [INFO] CADModel:114 - Register for checkConnection events
2024-09-19 13:50:20,152 [FATAL] Updater:308 - Updater called before beeing initialized
2024-09-19 13:50:20,152 [ERROR] CADModel:125 - Updater not yet initialized, retry later 
2024-09-19 13:50:20,154 [FATAL] Updater:308 - Updater called before beeing initialized
2024-09-19 13:50:20,199 [FATAL] Updater:308 - Updater called before beeing initialized
2024-09-19 13:50:20,201 [INFO] DbMcusAds:53 - JSON generation date=Thu Sep 30 08:55:09 CEST 2021 (1632984909247)
2024-09-19 13:50:20,201 [FATAL] Updater:308 - Updater called before beeing initialized
2024-09-19 13:50:20,221 [WARN] DetailPanel:346 - Failed to get advertising image, set to default
2024-09-19 13:50:20,274 [FATAL] Updater:308 - Updater called before beeing initialized
2024-09-19 13:50:20,275 [FATAL] Updater:308 - Updater called before beeing initialized
2024-09-19 13:50:20,275 [FATAL] Updater:308 - Updater called before beeing initialized
2024-09-19 13:50:20,276 [WARN] DetailPanel:346 - Failed to get advertising image, set to default
2024-09-19 13:50:20,276 [FATAL] Updater:308 - Updater called before beeing initialized
2024-09-19 13:50:20,297 [ERROR] Updater:1120 - MainUpdater not yet initialized. External WinMGr cannot be set.
2024-09-19 13:50:20,307 [INFO] Updater:1056 - Updater Version found : 6.11.1
2024-09-19 13:50:20,321 [INFO] ApplicationProperties:184 - Using Application install path: /home/frank/st/stm32cubeide_1.14.0/plugins/com.st.stm32cube.common.mx_6.11.1.202404110753
2024-09-19 13:50:20,483 [INFO] MainUpdater:2873 - connection check result : 22
2024-09-19 13:50:20,483 [INFO] MainUpdater:290 - Updater Check For Update Now.
2024-09-19 13:50:20,483 [INFO] MicroXplorer:498 - Change Database Version : DB.6.0.111
2024-09-19 13:50:20,486 [INFO] McuFinderGlobals:63 - Set McuFinder mode to 2 (CubeIDE integrated)
2024-09-19 13:50:20,489 [INFO] UserAuth:415 - Internet connection configuration mode: 2
2024-09-19 13:50:20,626 [INFO] CheckServerUpdateThread:120 - End of CheckServer Thread
2024-09-19 13:50:22,722 [WARN] PackLoader:240 - Cannot read IP mode file for STMicroelectronics.FP-SNS-MOTENVWB1.1.4.0
2024-09-19 13:50:22,726 [WARN] PackLoader:240 - Cannot read IP mode file for STMicroelectronics.X-CUBE-SMBUS.2.1.0
2024-09-19 13:50:22,728 [WARN] PackLoader:240 - Cannot read IP mode file for STMicroelectronics.X-CUBE-TOUCHGFX.4.23.2
2024-09-19 13:50:22,743 [WARN] PackLoader:240 - Cannot read IP mode file for STMicroelectronics.X-CUBE-AZRTOS-F7.1.1.0
2024-09-19 13:50:22,749 [WARN] PackLoader:240 - Cannot read IP mode file for STMicroelectronics.FP-SNS-MOTENV1.4.3.2
2024-09-19 13:50:22,795 [WARN] PackLoader:240 - Cannot read IP mode file for STMicroelectronics.X-CUBE-MEMS1.11.0.0
2024-09-19 13:50:22,877 [WARN] PackLoader:240 - Cannot read IP mode file for STMicroelectronics.FP-SNS-FLIGHT1.5.0.2
2024-09-19 13:50:22,881 [WARN] PackLoader:240 - Cannot read IP mode file for STMicroelectronics.X-CUBE-DISPLAY.3.0.0
2024-09-19 13:50:22,887 [WARN] PackLoader:240 - Cannot read IP mode file for STMicroelectronics.X-CUBE-BLE1.7.0.0
2024-09-19 13:50:22,889 [WARN] PackLoader:240 - Cannot read IP mode file for emotas.I-CUBE-CANOPEN.1.3.0
2024-09-19 13:50:22,894 [WARN] PackLoader:240 - Cannot read IP mode file for STMicroelectronics.X-CUBE-BLEMGR.3.1.0
2024-09-19 13:50:22,898 [WARN] PackLoader:240 - Cannot read IP mode file for STMicroelectronics.FP-SNS-SMARTAG2.1.2.0
2024-09-19 13:50:22,902 [INFO] LogOutputStream:77 - [STDOUT_REDIRECT] 1 : Invalid condition id : UX_CORESTACK_Condition cause : null
2024-09-19 13:50:22,903 [INFO] LogOutputStream:77 - [STDOUT_REDIRECT] 1 : Invalid condition id : UX_CORESTACK_Condition cause : null
2024-09-19 13:50:22,903 [INFO] LogOutputStream:77 - [STDOUT_REDIRECT] 1 : Invalid condition id : UX_CORESTACK_Condition cause : null
2024-09-19 13:50:22,903 [INFO] LogOutputStream:77 - [STDOUT_REDIRECT] 1 : Invalid condition id : UX_CORESTACK_Condition cause : null
2024-09-19 13:50:22,903 [INFO] LogOutputStream:77 - [STDOUT_REDIRECT] 1 : Invalid condition id : UX_CORESTACK_Condition cause : null
2024-09-19 13:50:22,905 [WARN] PackLoader:240 - Cannot read IP mode file for STMicroelectronics.X-CUBE-AZRTOS-WL.2.0.0
2024-09-19 13:50:22,908 [WARN] PackLoader:240 - Cannot read IP mode file for STMicroelectronics.FP-SNS-MOTENV1.5.0.0
2024-09-19 13:50:22,911 [WARN] PackLoader:240 - Cannot read IP mode file for wolfSSL.I-CUBE-wolfMQTT.1.19.0
2024-09-19 13:50:22,923 [WARN] PackLoader:240 - Cannot read IP mode file for WES.I-CUBE-Cesium.1.3.0
2024-09-19 13:50:22,927 [WARN] PackLoader:240 - Cannot read IP mode file for STMicroelectronics.X-CUBE-BLE2.3.3.0
2024-09-19 13:50:22,932 [WARN] PackLoader:240 - Cannot read IP mode file for STMicroelectronics.X-CUBE-TCPP.4.1.0
2024-09-19 13:50:22,943 [WARN] PackLoader:240 - Cannot read IP mode file for STMicroelectronics.X-CUBE-AZRTOS-G0.1.1.0
2024-09-19 13:50:22,949 [WARN] PackLoader:240 - Cannot read IP mode file for STMicroelectronics.X-CUBE-SAFEA1.1.2.2
2024-09-19 13:50:22,952 [WARN] PackLoader:240 - Cannot read IP mode file for STMicroelectronics.X-CUBE-NFC4.3.0.0
2024-09-19 13:50:22,955 [WARN] PackLoader:240 - Cannot read IP mode file for wolfSSL.I-CUBE-wolfMQTT.1.18.0
2024-09-19 13:50:22,961 [WARN] PackLoader:240 - Cannot read IP mode file for EmbeddedOffice.I-CUBE-FS-RTOS.1.0.1
2024-09-19 13:50:22,961 [ERROR] ConditionMgr:805 - Attr not supported : Dmpu
2024-09-19 13:50:22,962 [ERROR] ConditionMgr:805 - Attr not supported : Dmpu
2024-09-19 13:50:22,962 [ERROR] ConditionMgr:805 - Attr not supported : Dmpu
2024-09-19 13:50:22,962 [ERROR] ConditionMgr:805 - Attr not supported : Dmpu
2024-09-19 13:50:22,962 [ERROR] ConditionMgr:805 - Attr not supported : Dmpu
2024-09-19 13:50:22,962 [ERROR] ConditionMgr:805 - Attr not supported : Dmpu
2024-09-19 13:50:22,962 [ERROR] ConditionMgr:805 - Attr not supported : Dmpu
2024-09-19 13:50:22,962 [ERROR] ConditionMgr:805 - Attr not supported : Dmpu
2024-09-19 13:50:22,962 [ERROR] ConditionMgr:805 - Attr not supported : Dmpu
2024-09-19 13:50:22,962 [ERROR] ConditionMgr:805 - Attr not supported : Dmpu
2024-09-19 13:50:22,962 [ERROR] ConditionMgr:805 - Attr not supported : Dmpu
2024-09-19 13:50:22,962 [ERROR] ConditionMgr:805 - Attr not supported : Dmpu
2024-09-19 13:50:22,962 [ERROR] ConditionMgr:805 - Attr not supported : Dmpu
2024-09-19 13:50:22,962 [ERROR] ConditionMgr:805 - Attr not supported : Dmpu
2024-09-19 13:50:22,962 [ERROR] ConditionMgr:805 - Attr not supported : Dmpu
2024-09-19 13:50:22,962 [ERROR] ConditionMgr:805 - Attr not supported : Dmpu
2024-09-19 13:50:22,962 [ERROR] ConditionMgr:805 - Attr not supported : Dmpu
2024-09-19 13:50:22,962 [ERROR] ConditionMgr:805 - Attr not supported : Dmpu
2024-09-19 13:50:22,962 [ERROR] ConditionMgr:805 - Attr not supported : Dmpu
2024-09-19 13:50:22,962 [ERROR] ConditionMgr:805 - Attr not supported : Dmpu
2024-09-19 13:50:22,962 [ERROR] ConditionMgr:805 - Attr not supported : Dmpu
2024-09-19 13:50:22,962 [ERROR] ConditionMgr:805 - Attr not supported : Dmpu
2024-09-19 13:50:22,962 [ERROR] ConditionMgr:805 - Attr not supported : Dmpu
2024-09-19 13:50:22,962 [ERROR] ConditionMgr:805 - Attr not supported : Dmpu
2024-09-19 13:50:22,963 [ERROR] ConditionMgr:805 - Attr not supported : Dmpu
2024-09-19 13:50:22,963 [ERROR] ConditionMgr:805 - Attr not supported : Dmpu
2024-09-19 13:50:22,963 [ERROR] ConditionMgr:805 - Attr not supported : Dmpu
2024-09-19 13:50:22,963 [ERROR] ConditionMgr:805 - Attr not supported : Dmpu
2024-09-19 13:50:22,963 [ERROR] ConditionMgr:805 - Attr not supported : Dmpu
2024-09-19 13:50:22,963 [ERROR] ConditionMgr:805 - Attr not supported : Dmpu
2024-09-19 13:50:22,963 [ERROR] ConditionMgr:805 - Attr not supported : Dmpu
2024-09-19 13:50:22,963 [ERROR] ConditionMgr:805 - Attr not supported : Dmpu
2024-09-19 13:50:22,963 [ERROR] ConditionMgr:805 - Attr not supported : Dmpu
2024-09-19 13:50:22,963 [ERROR] ConditionMgr:805 - Attr not supported : Dmpu
2024-09-19 13:50:22,963 [ERROR] ConditionMgr:805 - Attr not supported : Dmpu
2024-09-19 13:50:22,963 [ERROR] ConditionMgr:805 - Attr not supported : Dmpu
2024-09-19 13:50:22,963 [ERROR] ConditionMgr:805 - Attr not supported : Dmpu
2024-09-19 13:50:22,963 [ERROR] ConditionMgr:805 - Attr not supported : Dmpu
2024-09-19 13:50:22,963 [ERROR] ConditionMgr:805 - Attr not supported : Dmpu
2024-09-19 13:50:22,964 [ERROR] ConditionMgr:805 - Attr not supported : Dmpu
2024-09-19 13:50:22,964 [ERROR] ConditionMgr:805 - Attr not supported : Dmpu
2024-09-19 13:50:22,964 [ERROR] ConditionMgr:805 - Attr not supported : Dmpu
2024-09-19 13:50:22,964 [ERROR] ConditionMgr:805 - Attr not supported : Dmpu
2024-09-19 13:50:22,964 [ERROR] ConditionMgr:805 - Attr not supported : Dmpu
2024-09-19 13:50:22,964 [ERROR] ConditionMgr:805 - Attr not supported : Dmpu
2024-09-19 13:50:22,964 [ERROR] ConditionMgr:805 - Attr not supported : Dmpu
2024-09-19 13:50:22,964 [ERROR] ConditionMgr:805 - Attr not supported : Dmpu
2024-09-19 13:50:22,964 [ERROR] ConditionMgr:805 - Attr not supported : Dmpu
2024-09-19 13:50:22,964 [ERROR] ConditionMgr:805 - Attr not supported : Dmpu
2024-09-19 13:50:22,965 [ERROR] ConditionMgr:805 - Attr not supported : Dmpu
2024-09-19 13:50:22,965 [ERROR] ConditionMgr:805 - Attr not supported : Dmpu
2024-09-19 13:50:22,965 [ERROR] ConditionMgr:805 - Attr not supported : Dmpu
2024-09-19 13:50:22,965 [ERROR] ConditionMgr:805 - Attr not supported : Dmpu
2024-09-19 13:50:22,965 [ERROR] ConditionMgr:805 - Attr not supported : Dmpu
2024-09-19 13:50:22,965 [ERROR] ConditionMgr:805 - Attr not supported : Dmpu
2024-09-19 13:50:22,965 [ERROR] ConditionMgr:805 - Attr not supported : Dmpu
2024-09-19 13:50:22,965 [ERROR] ConditionMgr:805 - Attr not supported : Dmpu
2024-09-19 13:50:22,965 [ERROR] ConditionMgr:805 - Attr not supported : Dmpu
2024-09-19 13:50:22,965 [ERROR] ConditionMgr:805 - Attr not supported : Dmpu
2024-09-19 13:50:22,965 [ERROR] ConditionMgr:805 - Attr not supported : Dmpu
2024-09-19 13:50:22,965 [ERROR] ConditionMgr:805 - Attr not supported : Dmpu
2024-09-19 13:50:22,965 [ERROR] ConditionMgr:805 - Attr not supported : Dmpu
2024-09-19 13:50:22,965 [ERROR] ConditionMgr:805 - Attr not supported : Dmpu
2024-09-19 13:50:22,965 [ERROR] ConditionMgr:805 - Attr not supported : Dmpu
2024-09-19 13:50:22,969 [WARN] PackLoader:240 - Cannot read IP mode file for RealThread.X-CUBE-RT-Thread_Nano.4.1.1
2024-09-19 13:50:22,972 [WARN] PackLoader:240 - Cannot read IP mode file for wolfSSL.I-CUBE-wolfSSL.5.7.0
2024-09-19 13:50:22,974 [WARN] PackLoader:240 - Cannot read IP mode file for STMicroelectronics.FP-ATR-SIGFOX1.3.2.0
2024-09-19 13:50:22,980 [WARN] PackLoader:240 - Cannot read IP mode file for STMicroelectronics.X-CUBE-EEPRMA1.5.1.0
2024-09-19 13:50:22,985 [WARN] PackLoader:240 - Cannot read IP mode file for ITTIA_DB.I-CUBE-ITTIADB.8.9.0
2024-09-19 13:50:23,033 [WARN] PackLoader:240 - Cannot read IP mode file for SEGGER.I-CUBE-embOS.1.3.1
2024-09-19 13:50:23,091 [WARN] PackLoader:240 - Cannot read IP mode file for STMicroelectronics.X-CUBE-ALGOBUILD.1.4.0
2024-09-19 13:50:23,095 [WARN] PackLoader:240 - Cannot read IP mode file for STMicroelectronics.X-CUBE-GNSS1.6.0.0
2024-09-19 13:50:23,114 [WARN] PackLoader:240 - Cannot read IP mode file for STMicroelectronics.X-CUBE-AZRTOS-F4.1.1.0
2024-09-19 13:50:23,120 [WARN] PackLoader:240 - Cannot read IP mode file for STMicroelectronics.X-CUBE-FREERTOS.1.2.0
2024-09-19 13:50:23,134 [WARN] PackLoader:240 - Cannot read IP mode file for STMicroelectronics.X-CUBE-AZRTOS-L5.2.0.0
2024-09-19 13:50:23,141 [WARN] PackLoader:240 - Cannot read IP mode file for STMicroelectronics.X-CUBE-NFC6.3.1.0
2024-09-19 13:50:23,147 [WARN] PackLoader:240 - Cannot read IP mode file for STMicroelectronics.X-CUBE-DPower.1.2.0
2024-09-19 13:50:23,151 [WARN] PackLoader:240 - Cannot read IP mode file for STMicroelectronics.X-CUBE-AI.9.0.0
2024-09-19 13:50:23,155 [WARN] PackLoader:240 - Cannot read IP mode file for STMicroelectronics.X-CUBE-NFC7.1.0.1
2024-09-19 13:50:23,159 [WARN] PackLoader:240 - Cannot read IP mode file for wolfSSL.I-CUBE-wolfTPM.3.2.0
2024-09-19 13:50:23,161 [WARN] PackLoader:240 - Cannot read IP mode file for STMicroelectronics.X-CUBE-AI.8.1.0
2024-09-19 13:50:23,175 [WARN] ConditionMgr:438 - getConditionDescription Invalid condition id : LAN8742 Phy interface Condition cause : null
2024-09-19 13:50:23,176 [WARN] PackLoader:240 - Cannot read IP mode file for STMicroelectronics.X-CUBE-AZRTOS-L4.2.0.0
2024-09-19 13:50:23,177 [WARN] ConditionMgr:1039 - genDependencies : Invalid condition id : LAN8742 Phy interface Condition cause : null
2024-09-19 13:50:23,177 [WARN] ConditionMgr:1039 - genDependencies : Invalid condition id : LAN8742 Phy interface Condition cause : null
2024-09-19 13:50:23,178 [WARN] ConditionMgr:1039 - genDependencies : Invalid condition id : LAN8742 Phy interface Condition cause : null
2024-09-19 13:50:23,183 [WARN] PackLoader:240 - Cannot read IP mode file for STMicroelectronics.X-CUBE-SFXS2LP1.4.0.0
2024-09-19 13:50:23,202 [WARN] PackLoader:240 - Cannot read IP mode file for STMicroelectronics.X-CUBE-AZRTOS-H7.3.3.0
2024-09-19 13:50:23,216 [WARN] ConditionMgr:438 - getConditionDescription Invalid condition id : UX DEVICE CLASS RTOS Condition cause : null
2024-09-19 13:50:23,216 [WARN] ConditionMgr:438 - getConditionDescription Invalid condition id : UX DEVICE CLASS RTOS Condition cause : null
2024-09-19 13:50:23,218 [WARN] PackLoader:240 - Cannot read IP mode file for STMicroelectronics.X-CUBE-AZRTOS-WB.2.0.0
2024-09-19 13:50:23,219 [WARN] ConditionMgr:1039 - genDependencies : Invalid condition id : UX DEVICE CLASS RTOS Condition cause : null
2024-09-19 13:50:23,219 [WARN] ConditionMgr:1039 - genDependencies : Invalid condition id : UX DEVICE CLASS RTOS Condition cause : null
2024-09-19 13:50:23,220 [WARN] ConditionMgr:1039 - genDependencies : Invalid condition id : UX DEVICE CLASS RTOS Condition cause : null
2024-09-19 13:50:23,220 [WARN] ConditionMgr:1039 - genDependencies : Invalid condition id : UX DEVICE CLASS RTOS Condition cause : null
2024-09-19 13:50:23,220 [WARN] ConditionMgr:1039 - genDependencies : Invalid condition id : UX DEVICE CLASS RTOS Condition cause : null
2024-09-19 13:50:23,226 [WARN] PackLoader:240 - Cannot read IP mode file for STMicroelectronics.FP-SNS-STBOX1.2.0.0
2024-09-19 13:50:23,237 [WARN] PackLoader:240 - Cannot read IP mode file for STMicroelectronics.X-CUBE-SUBG2.5.0.0
2024-09-19 13:50:23,245 [WARN] PackLoader:240 - Cannot read IP mode file for Cesanta.I-CUBE-Mongoose.7.13.0
2024-09-19 13:50:23,257 [WARN] PackLoader:240 - Cannot read IP mode file for STMicroelectronics.X-CUBE-AZRTOS-G4.2.0.0
2024-09-19 13:50:23,262 [WARN] PackLoader:240 - Cannot read IP mode file for STMicroelectronics.FP-SNS-MOTENVWB1.1.3.1
2024-09-19 13:50:23,266 [WARN] PackLoader:240 - Cannot read IP mode file for STMicroelectronics.X-CUBE-ISPU.2.0.0
2024-09-19 13:50:23,270 [WARN] PackLoader:240 - Cannot read IP mode file for STMicroelectronics.X-CUBE-ALS.1.0.2
2024-09-19 13:50:23,307 [WARN] PackLoader:240 - Cannot read IP mode file for STMicroelectronics.X-CUBE-MEMS1.10.0.0
2024-09-19 13:50:23,437 [WARN] PackLoader:240 - Cannot read IP mode file for STMicroelectronics.X-CUBE-TOUCHGFX.4.24.0
2024-09-19 13:50:23,441 [WARN] PackLoader:240 - Cannot read IP mode file for portGmbH.I-Cube-SoM-uGOAL.1.1.0
2024-09-19 13:50:23,445 [WARN] PackLoader:240 - Cannot read IP mode file for STMicroelectronics.X-CUBE-ALS.1.0.1
2024-09-19 13:50:23,460 [WARN] PackLoader:240 - Cannot read IP mode file for STMicroelectronics.X-CUBE-AZRTOS-H7RS.1.0.0
2024-09-19 13:50:23,466 [WARN] PackLoader:240 - Cannot read IP mode file for STMicroelectronics.FP-ATR-ASTRA1.2.0.0
2024-09-19 13:50:23,475 [WARN] PackLoader:240 - Cannot read IP mode file for STMicroelectronics.X-CUBE-TOF1.3.4.2
2024-09-19 13:50:23,493 [WARN] PackLoader:240 - Cannot read IP mode file for STMicroelectronics.X-CUBE-TOF1.3.4.1
2024-09-19 13:50:23,521 [WARN] PackLoader:240 - Cannot read IP mode file for STMicroelectronics.X-CUBE-AZRTOS-H7.3.2.0
2024-09-19 13:50:23,535 [WARN] PackLoader:240 - Cannot read IP mode file for Infineon.AIROC-Wi-Fi-Bluetooth-STM32.1.6.0
2024-09-19 13:50:23,542 [WARN] PackLoader:240 - Cannot read IP mode file for wolfSSL.I-CUBE-wolfSSH.1.4.17
2024-09-19 13:50:23,543 [INFO] ThirdParty:978 - Integrity check success = true
2024-09-19 13:50:23,543 [INFO] IntegrityCheckThread:100 - exiting critical section [integrity check]
2024-09-19 13:50:23,543 [INFO] IntegrityCheckThread:103 - End integrity checks thread
