2024-07-18 10:11:26,390 [INFO] Activator:176 - 


2024-07-18 10:11:26,394 [INFO] Activator:177 - !SESSION log4j initialized
2024-07-18 10:11:29,234 [INFO] LogOutputStream:77 - [STDOUT_REDIRECT] 
2024-07-18 10:11:29,972 [INFO] ApplicationProperties:184 - Using Application install path: /home/frank/st/stm32cubeide_1.14.0/plugins/com.st.stm32cube.common.mx_6.11.1.202404110753
2024-07-18 10:11:29,982 [INFO] DbMcusXml:78 - Set database path to: /home/frank/st/stm32cubeide_1.14.0/plugins/com.st.stm32cube.common.mx_6.11.1.202404110753//db//mcu/
2024-07-18 10:11:29,982 [INFO] ApiDb:274 - Set plugin database path to: /home/frank/st/stm32cubeide_1.14.0/plugins/com.st.stm32cube.common.mx_6.11.1.202404110753//db//plugins/boardmanager/
2024-07-18 10:11:29,982 [WARN] ApiDb:259 - Overriding images path with different value:  => /home/frank/st/stm32cubeide_1.14.0/plugins/com.st.stm32cube.common.mx_6.11.1.202404110753//db//plugins/mcufinder/images/
2024-07-18 10:11:29,985 [INFO] ApiDb:250 - Set database path to: /home/frank/.stmcufinder/plugins/mcufinder//mcu/
2024-07-18 10:11:29,986 [INFO] DbMcusAds:125 - Set database path to: /home/frank/.stmcufinder/plugins/mcufinder//mcu/
2024-07-18 10:11:29,987 [INFO] CrossReferenceDbSqlite:203 - Set database path to: /home/frank/.stmcufinder/plugins/mcufinder//mcu/cs/
2024-07-18 10:11:30,055 [INFO] RulesReader:64 - Compatibility file has been processed (297 Rules)
2024-07-18 10:11:30,099 [INFO] DbMcusXml:78 - Set database path to: /home/frank/st/stm32cubeide_1.14.0/plugins/com.st.stm32cube.common.mx_6.11.1.202404110753//db//mcu/
2024-07-18 10:11:30,099 [INFO] ApiDb:274 - Set plugin database path to: /home/frank/st/stm32cubeide_1.14.0/plugins/com.st.stm32cube.common.mx_6.11.1.202404110753//db//plugins/boardmanager/
2024-07-18 10:11:30,099 [INFO] ApiDb:261 - Set plugin images path to: /home/frank/st/stm32cubeide_1.14.0/plugins/com.st.stm32cube.common.mx_6.11.1.202404110753//db//plugins/mcufinder/images/
2024-07-18 10:11:30,099 [WARN] DbFile:41 - Overriding database path with different value: /home/frank/.stmcufinder/plugins/mcufinder/ => /home/frank/.stmcufinder/plugins/mcufinder
2024-07-18 10:11:30,099 [INFO] ApiDb:250 - Set database path to: /home/frank/.stmcufinder/plugins/mcufinder//mcu/
2024-07-18 10:11:30,099 [WARN] DbFile:41 - Overriding database path with different value: /home/frank/.stmcufinder/plugins/mcufinder/ => /home/frank/.stmcufinder/plugins/mcufinder
2024-07-18 10:11:30,099 [INFO] DbMcusAds:125 - Set database path to: /home/frank/.stmcufinder/plugins/mcufinder//mcu/
2024-07-18 10:11:30,099 [WARN] DbFile:41 - Overriding database path with different value: /home/frank/.stmcufinder/plugins/mcufinder/ => /home/frank/.stmcufinder/plugins/mcufinder
2024-07-18 10:11:30,099 [WARN] DbFile:41 - Overriding database path with different value: /home/frank/.stmcufinder/plugins/mcufinder/ => /home/frank/.stmcufinder/plugins/mcufinder
2024-07-18 10:11:30,100 [INFO] CrossReferenceDbSqlite:203 - Set database path to: /home/frank/.stmcufinder/plugins/mcufinder//mcu/cs/
2024-07-18 10:11:30,143 [INFO] MainPanel:264 - HeapMemory: 268435456
2024-07-18 10:11:30,193 [INFO] DbMcusXml:78 - Set database path to: /home/frank/st/stm32cubeide_1.14.0/plugins/com.st.stm32cube.common.mx_6.11.1.202404110753//db//mcu/
2024-07-18 10:11:30,193 [INFO] ApiDb:274 - Set plugin database path to: /home/frank/st/stm32cubeide_1.14.0/plugins/com.st.stm32cube.common.mx_6.11.1.202404110753//db//plugins/boardmanager/
2024-07-18 10:11:30,193 [INFO] ApiDb:261 - Set plugin images path to: /home/frank/st/stm32cubeide_1.14.0/plugins/com.st.stm32cube.common.mx_6.11.1.202404110753//db//plugins/mcufinder/images/
2024-07-18 10:11:30,193 [WARN] DbFile:41 - Overriding database path with different value: /home/frank/.stmcufinder/plugins/mcufinder/ => /home/frank/.stmcufinder/plugins/mcufinder
2024-07-18 10:11:30,194 [INFO] ApiDb:250 - Set database path to: /home/frank/.stmcufinder/plugins/mcufinder//mcu/
2024-07-18 10:11:30,194 [WARN] DbFile:41 - Overriding database path with different value: /home/frank/.stmcufinder/plugins/mcufinder/ => /home/frank/.stmcufinder/plugins/mcufinder
2024-07-18 10:11:30,194 [INFO] DbMcusAds:125 - Set database path to: /home/frank/.stmcufinder/plugins/mcufinder//mcu/
2024-07-18 10:11:30,194 [WARN] DbFile:41 - Overriding database path with different value: /home/frank/.stmcufinder/plugins/mcufinder/ => /home/frank/.stmcufinder/plugins/mcufinder
2024-07-18 10:11:30,194 [WARN] DbFile:41 - Overriding database path with different value: /home/frank/.stmcufinder/plugins/mcufinder/ => /home/frank/.stmcufinder/plugins/mcufinder
2024-07-18 10:11:30,194 [INFO] CrossReferenceDbSqlite:203 - Set database path to: /home/frank/.stmcufinder/plugins/mcufinder//mcu/cs/
2024-07-18 10:11:30,205 [INFO] ApplicationProperties:184 - Using Application install path: /home/frank/st/stm32cubeide_1.14.0/plugins/com.st.stm32cube.common.mx_6.11.1.202404110753
2024-07-18 10:11:30,206 [INFO] PluginManage:196 - Search for loadable plugins [exclusion list=, ]
2024-07-18 10:11:30,207 [INFO] PluginManage:310 - Check plugin analytics
2024-07-18 10:11:30,285 [INFO] AnalyticsPlugin:253 - Accepted Software Licenses: 
2024-07-18 10:11:30,285 [INFO] AnalyticsPlugin:255 - Accepted CMSIS Pack Licenses: 
2024-07-18 10:11:30,285 [INFO] AnalyticsPlugin:257 - Accepted Firmware Licenses: FW.F4.1.28.0,FW.F4.1.27.0
2024-07-18 10:11:30,287 [INFO] PluginManage:359 - Loaded plugin analytics (category:tool,tabindex:-1)
2024-07-18 10:11:30,287 [INFO] PluginManage:310 - Check plugin cadmodel
2024-07-18 10:11:30,302 [INFO] CADModel:105 - Init CAD model plugin
2024-07-18 10:11:30,302 [INFO] PluginManage:359 - Loaded plugin cadmodel (category:power,tabindex:5)
2024-07-18 10:11:30,302 [INFO] PluginManage:310 - Check plugin clock
2024-07-18 10:11:30,307 [INFO] PluginManage:359 - Loaded plugin clock (category:base,tabindex:2)
2024-07-18 10:11:30,307 [INFO] PluginManage:310 - Check plugin ddr
2024-07-18 10:11:30,308 [INFO] PluginManage:359 - Loaded plugin ddr (category:tool,tabindex:6)
2024-07-18 10:11:30,309 [INFO] PluginManage:310 - Check plugin filemanager
2024-07-18 10:11:30,384 [INFO] PluginManage:359 - Loaded plugin filemanager (category:base,tabindex:10)
2024-07-18 10:11:30,384 [INFO] PluginManage:310 - Check plugin ipmanager
2024-07-18 10:11:30,388 [INFO] PluginManage:359 - Loaded plugin ipmanager (category:base,tabindex:5)
2024-07-18 10:11:30,388 [INFO] PluginManage:310 - Check plugin lpbam
2024-07-18 10:11:30,393 [INFO] PluginManage:359 - Loaded plugin lpbam (category:base,tabindex:0)
2024-07-18 10:11:30,393 [INFO] PluginManage:310 - Check plugin memorymap
2024-07-18 10:11:30,399 [INFO] PluginManage:359 - Loaded plugin memorymap (category:base,tabindex:4)
2024-07-18 10:11:30,399 [INFO] PluginManage:310 - Check plugin pinoutandconfiguration
2024-07-18 10:11:30,403 [INFO] PluginManage:359 - Loaded plugin pinoutandconfiguration (category:base,tabindex:1)
2024-07-18 10:11:30,403 [INFO] PluginManage:310 - Check plugin pinoutconfig
2024-07-18 10:11:30,446 [WARN] SupportedApi:132 - Cannot load RTOS API schema: s4s-elt-must-match.1: The content of 'definitions' must match (annotation?, (simpleType | complexType)?, (unique | key | keyref)*)). A problem was found starting at: attribute.
2024-07-18 10:11:30,528 [INFO] PluginManage:359 - Loaded plugin pinoutconfig (category:base,tabindex:0)
2024-07-18 10:11:30,529 [INFO] PluginManage:310 - Check plugin power
2024-07-18 10:11:30,534 [INFO] PluginManage:359 - Loaded plugin power (category:power,tabindex:4)
2024-07-18 10:11:30,535 [INFO] PluginManage:310 - Check plugin projectmanager
2024-07-18 10:11:30,543 [INFO] PluginManage:359 - Loaded plugin projectmanager (category:projectmanager,tabindex:3)
2024-07-18 10:11:30,544 [INFO] PluginManage:310 - Check plugin thirdparty
2024-07-18 10:11:30,617 [INFO] PluginManage:359 - Loaded plugin thirdparty (category:base,tabindex:-1)
2024-07-18 10:11:30,617 [WARN] IntegrityCheckThread:84 - waiting for thirdparty lock release [integrity check]
2024-07-18 10:11:30,617 [INFO] PluginManage:310 - Check plugin tools
2024-07-18 10:11:30,617 [INFO] IntegrityCheckThread:86 - entering critical section [integrity check]
2024-07-18 10:11:30,617 [INFO] ThirdPartyUpdaterWithRetryManager:70 - Updater plugin not ready yet. [1/15]
2024-07-18 10:11:30,618 [INFO] PluginManage:359 - Loaded plugin tools (category:base,tabindex:7)
2024-07-18 10:11:30,618 [INFO] PluginManage:310 - Check plugin tutovideos
2024-07-18 10:11:30,713 [INFO] PluginManage:359 - Loaded plugin tutovideos (category:base,tabindex:-1)
2024-07-18 10:11:30,713 [INFO] PluginManage:310 - Check plugin updater
2024-07-18 10:11:30,720 [INFO] PluginManage:359 - Loaded plugin updater (category:base,tabindex:12)
2024-07-18 10:11:30,720 [INFO] PluginManage:310 - Check plugin userauth
2024-07-18 10:11:30,723 [INFO] UserAuth:114 - Init User Auth plugin
2024-07-18 10:11:30,723 [INFO] PluginManage:359 - Loaded plugin userauth (category:base,tabindex:14)
2024-07-18 10:11:30,724 [INFO] PluginManage:283 - PluginManage : Loaded plugins [17]
2024-07-18 10:11:30,903 [INFO] PinOutPanel:1561 - setPackage(No Configuration,No Configuration)
2024-07-18 10:11:30,964 [INFO] CADModel:165 - CPN selected for project level
2024-07-18 10:11:30,965 [INFO] CADModel:114 - Register for checkConnection events
2024-07-18 10:11:30,972 [INFO] IPUIPlugin:80 - create IPUIPlugin
2024-07-18 10:11:30,972 [INFO] PluginManager:220 - loadIPPluginJar : add ucpd
2024-07-18 10:11:30,973 [INFO] IPUIPlugin:80 - create IPUIPlugin
2024-07-18 10:11:30,973 [INFO] PluginManager:220 - loadIPPluginJar : add ltdc
2024-07-18 10:11:30,978 [INFO] IPUIPlugin:80 - create IPUIPlugin
2024-07-18 10:11:30,980 [INFO] PluginManager:220 - loadIPPluginJar : add plateformsettings
2024-07-18 10:11:30,983 [INFO] IPUIPlugin:80 - create IPUIPlugin
2024-07-18 10:11:30,983 [INFO] PluginManager:220 - loadIPPluginJar : add hash
2024-07-18 10:11:30,985 [INFO] IPUIPlugin:80 - create IPUIPlugin
2024-07-18 10:11:30,985 [INFO] PluginManager:220 - loadIPPluginJar : add gfxmmu
2024-07-18 10:11:30,989 [INFO] IPUIPlugin:80 - create IPUIPlugin
2024-07-18 10:11:30,989 [INFO] PluginManager:220 - loadIPPluginJar : add stm32_wpan
2024-07-18 10:11:30,991 [INFO] IPUIPlugin:80 - create IPUIPlugin
2024-07-18 10:11:30,991 [INFO] PluginManager:220 - loadIPPluginJar : add ts
2024-07-18 10:11:30,991 [INFO] IPUIPlugin:80 - create IPUIPlugin
2024-07-18 10:11:30,991 [INFO] PluginManager:220 - loadIPPluginJar : add quadspi
2024-07-18 10:11:30,993 [INFO] IPUIPlugin:80 - create IPUIPlugin
2024-07-18 10:11:30,993 [INFO] PluginManager:220 - loadIPPluginJar : add usbx
2024-07-18 10:11:30,994 [INFO] IPUIPlugin:80 - create IPUIPlugin
2024-07-18 10:11:30,994 [INFO] PluginManager:220 - loadIPPluginJar : add aes
2024-07-18 10:11:30,996 [INFO] IPUIPlugin:80 - create IPUIPlugin
2024-07-18 10:11:30,996 [INFO] PluginManager:220 - loadIPPluginJar : add nvic
2024-07-18 10:11:31,000 [INFO] IPUIPlugin:80 - create IPUIPlugin
2024-07-18 10:11:31,000 [INFO] PluginManager:220 - loadIPPluginJar : add adc
2024-07-18 10:11:31,002 [INFO] IPUIPlugin:80 - create IPUIPlugin
2024-07-18 10:11:31,002 [INFO] PluginManager:220 - loadIPPluginJar : add cryp
2024-07-18 10:11:31,004 [INFO] IPUIPlugin:80 - create IPUIPlugin
2024-07-18 10:11:31,004 [INFO] PluginManager:220 - loadIPPluginJar : add touchsensing
2024-07-18 10:11:31,007 [INFO] IPUIPlugin:80 - create IPUIPlugin
2024-07-18 10:11:31,007 [INFO] PluginManager:220 - loadIPPluginJar : add fmc
2024-07-18 10:11:31,009 [INFO] IPUIPlugin:80 - create IPUIPlugin
2024-07-18 10:11:31,009 [INFO] PluginManager:220 - loadIPPluginJar : add openamp
2024-07-18 10:11:31,015 [INFO] IPUIPlugin:80 - create IPUIPlugin
2024-07-18 10:11:31,015 [INFO] PluginManager:220 - loadIPPluginJar : add linkedlist
2024-07-18 10:11:31,016 [INFO] IPUIPlugin:80 - create IPUIPlugin
2024-07-18 10:11:31,016 [INFO] PluginManager:220 - loadIPPluginJar : add tracer_emb
2024-07-18 10:11:31,019 [INFO] IPUIPlugin:80 - create IPUIPlugin
2024-07-18 10:11:31,019 [INFO] PluginManager:220 - loadIPPluginJar : add dma
2024-07-18 10:11:31,021 [INFO] IPUIPlugin:80 - create IPUIPlugin
2024-07-18 10:11:31,021 [INFO] PluginManager:220 - loadIPPluginJar : add sai
2024-07-18 10:11:31,024 [INFO] IPUIPlugin:80 - create IPUIPlugin
2024-07-18 10:11:31,024 [INFO] PluginManager:220 - loadIPPluginJar : add freertos
2024-07-18 10:11:31,028 [INFO] IPUIPlugin:80 - create IPUIPlugin
2024-07-18 10:11:31,028 [INFO] PluginManager:220 - loadIPPluginJar : add mdma
2024-07-18 10:11:31,028 [INFO] IPUIPlugin:80 - create IPUIPlugin
2024-07-18 10:11:31,028 [INFO] PluginManager:220 - loadIPPluginJar : add genericplugin
2024-07-18 10:11:31,029 [INFO] IPUIPlugin:80 - create IPUIPlugin
2024-07-18 10:11:31,029 [INFO] PluginManager:220 - loadIPPluginJar : add tsc
2024-07-18 10:11:31,031 [INFO] IPUIPlugin:80 - create IPUIPlugin
2024-07-18 10:11:31,031 [INFO] PluginManager:220 - loadIPPluginJar : add pdm2pcm
2024-07-18 10:11:31,031 [INFO] IPUIPlugin:80 - create IPUIPlugin
2024-07-18 10:11:31,031 [INFO] PluginManager:220 - loadIPPluginJar : add fatfs
2024-07-18 10:11:31,033 [INFO] IPUIPlugin:80 - create IPUIPlugin
2024-07-18 10:11:31,033 [INFO] PluginManager:220 - loadIPPluginJar : add can
2024-07-18 10:11:31,034 [INFO] IPUIPlugin:80 - create IPUIPlugin
2024-07-18 10:11:31,034 [INFO] PluginManager:220 - loadIPPluginJar : add i3c
2024-07-18 10:11:31,035 [INFO] IPUIPlugin:80 - create IPUIPlugin
2024-07-18 10:11:31,035 [INFO] PluginManager:220 - loadIPPluginJar : add i2s
2024-07-18 10:11:31,036 [INFO] IPUIPlugin:80 - create IPUIPlugin
2024-07-18 10:11:31,036 [INFO] PluginManager:220 - loadIPPluginJar : add i2c
2024-07-18 10:11:31,037 [INFO] IPUIPlugin:80 - create IPUIPlugin
2024-07-18 10:11:31,037 [INFO] PluginManager:220 - loadIPPluginJar : add spi
2024-07-18 10:11:31,038 [INFO] IPUIPlugin:80 - create IPUIPlugin
2024-07-18 10:11:31,038 [INFO] PluginManager:220 - loadIPPluginJar : add dfsdm
2024-07-18 10:11:31,039 [INFO] IPUIPlugin:80 - create IPUIPlugin
2024-07-18 10:11:31,039 [INFO] PluginManager:220 - loadIPPluginJar : add tim
2024-07-18 10:11:31,040 [INFO] IPUIPlugin:80 - create IPUIPlugin
2024-07-18 10:11:31,040 [INFO] PluginManager:220 - loadIPPluginJar : add opamp
2024-07-18 10:11:31,041 [INFO] IPUIPlugin:80 - create IPUIPlugin
2024-07-18 10:11:31,041 [INFO] PluginManager:220 - loadIPPluginJar : add dma3
2024-07-18 10:11:31,043 [INFO] IPUIPlugin:80 - create IPUIPlugin
2024-07-18 10:11:31,043 [INFO] PluginManager:220 - loadIPPluginJar : add ipddr
2024-07-18 10:11:31,043 [INFO] IPUIPlugin:80 - create IPUIPlugin
2024-07-18 10:11:31,043 [INFO] PluginManager:220 - loadIPPluginJar : add comp
2024-07-18 10:11:31,045 [INFO] IPUIPlugin:80 - create IPUIPlugin
2024-07-18 10:11:31,045 [INFO] PluginManager:220 - loadIPPluginJar : add resmgrutility
2024-07-18 10:11:31,046 [INFO] IPUIPlugin:80 - create IPUIPlugin
2024-07-18 10:11:31,046 [INFO] PluginManager:220 - loadIPPluginJar : add extmemmanager
2024-07-18 10:11:31,048 [INFO] IPUIPlugin:80 - create IPUIPlugin
2024-07-18 10:11:31,048 [INFO] PluginManager:220 - loadIPPluginJar : add gtzc
2024-07-18 10:11:31,050 [INFO] IPUIPlugin:80 - create IPUIPlugin
2024-07-18 10:11:31,050 [INFO] PluginManager:220 - loadIPPluginJar : add gpio
2024-07-18 10:11:31,051 [INFO] IPUIPlugin:80 - create IPUIPlugin
2024-07-18 10:11:31,051 [INFO] PluginManager:220 - loadIPPluginJar : add usart
2024-07-18 10:11:31,052 [INFO] IPUIPlugin:80 - create IPUIPlugin
2024-07-18 10:11:31,052 [INFO] PluginManager:220 - loadIPPluginJar : add lorawan
2024-07-18 10:11:31,055 [INFO] IPUIPlugin:80 - create IPUIPlugin
2024-07-18 10:11:31,055 [INFO] PluginManager:220 - loadIPPluginJar : add gic
2024-07-18 10:11:31,145 [INFO] CADModel:165 - CPN selected for project level
2024-07-18 10:11:31,145 [INFO] CADModel:114 - Register for checkConnection events
2024-07-18 10:11:31,145 [FATAL] Updater:308 - Updater called before beeing initialized
2024-07-18 10:11:31,145 [ERROR] CADModel:125 - Updater not yet initialized, retry later 
2024-07-18 10:11:31,212 [INFO] CADModel:165 - CPN selected for project level
2024-07-18 10:11:31,213 [INFO] CADModel:114 - Register for checkConnection events
2024-07-18 10:11:31,213 [FATAL] Updater:308 - Updater called before beeing initialized
2024-07-18 10:11:31,213 [ERROR] CADModel:125 - Updater not yet initialized, retry later 
2024-07-18 10:11:31,215 [FATAL] Updater:308 - Updater called before beeing initialized
2024-07-18 10:11:31,260 [FATAL] Updater:308 - Updater called before beeing initialized
2024-07-18 10:11:31,263 [INFO] DbMcusAds:53 - JSON generation date=Thu May 16 11:22:00 CEST 2024 (1715851320852)
2024-07-18 10:11:31,263 [FATAL] Updater:308 - Updater called before beeing initialized
2024-07-18 10:11:31,296 [WARN] DetailPanel:346 - Failed to get advertising image, set to default
2024-07-18 10:11:31,378 [FATAL] Updater:308 - Updater called before beeing initialized
2024-07-18 10:11:31,379 [FATAL] Updater:308 - Updater called before beeing initialized
2024-07-18 10:11:31,379 [FATAL] Updater:308 - Updater called before beeing initialized
2024-07-18 10:11:31,379 [WARN] DetailPanel:346 - Failed to get advertising image, set to default
2024-07-18 10:11:31,380 [FATAL] Updater:308 - Updater called before beeing initialized
2024-07-18 10:11:31,403 [ERROR] Updater:1120 - MainUpdater not yet initialized. External WinMGr cannot be set.
2024-07-18 10:11:31,404 [INFO] Updater:1056 - Updater Version found : 6.11.1
2024-07-18 10:11:31,416 [INFO] ApplicationProperties:184 - Using Application install path: /home/frank/st/stm32cubeide_1.14.0/plugins/com.st.stm32cube.common.mx_6.11.1.202404110753
2024-07-18 10:11:31,731 [INFO] MainUpdater:2873 - connection check result : 10
2024-07-18 10:11:31,732 [INFO] MainUpdater:290 - Updater Check For Update Now.
2024-07-18 10:11:31,732 [INFO] MicroXplorer:498 - Change Database Version : DB.6.0.111
2024-07-18 10:11:31,735 [INFO] McuFinderGlobals:63 - Set McuFinder mode to 2 (CubeIDE integrated)
2024-07-18 10:11:31,738 [INFO] UserAuth:415 - Internet connection configuration mode: 1
2024-07-18 10:11:31,748 [INFO] JxBrowserEngine:152 - Initiate JxBrowser Engine with user profile folder
2024-07-18 10:11:31,878 [INFO] CheckServerUpdateThread:120 - End of CheckServer Thread
2024-07-18 10:11:32,297 [INFO] WebApp:161 - Instantiating new browser for Auth
2024-07-18 10:11:33,442 [INFO] WebApp:779 - Register for checkConnection events
2024-07-18 10:11:33,443 [INFO] WebApp:414 - Apply proxy settings
2024-07-18 10:11:33,443 [INFO] WebApp:499 - Chromium requires no authentication
2024-07-18 10:11:33,446 [INFO] WebApp:442 - Direct internet connection detected
2024-07-18 10:11:33,541 [INFO] WebApp:192 - Starting web application
2024-07-18 10:11:33,541 [INFO] WebApp:544 - Web application path used /home/frank/st/stm32cubeide_1.14.0/plugins/com.st.stm32cube.common.mx_6.11.1.202404110753/db/plugins/mcufinder/reactClient1/index.html
2024-07-18 10:11:33,692 [WARN] PackLoader:240 - Cannot read IP mode file for STMicroelectronics.FP-SNS-MOTENVWB1.1.4.0
2024-07-18 10:11:33,698 [WARN] PackLoader:240 - Cannot read IP mode file for STMicroelectronics.X-CUBE-SMBUS.2.1.0
2024-07-18 10:11:33,702 [WARN] PackLoader:240 - Cannot read IP mode file for STMicroelectronics.X-CUBE-TOUCHGFX.4.23.2
2024-07-18 10:11:33,721 [WARN] PackLoader:240 - Cannot read IP mode file for STMicroelectronics.X-CUBE-AZRTOS-F7.1.1.0
2024-07-18 10:11:33,728 [WARN] PackLoader:240 - Cannot read IP mode file for STMicroelectronics.FP-SNS-MOTENV1.4.3.2
2024-07-18 10:11:33,733 [WARN] PackLoader:240 - Cannot read IP mode file for STMicroelectronics.FP-SNS-FLIGHT1.5.0.2
2024-07-18 10:11:33,738 [WARN] PackLoader:240 - Cannot read IP mode file for STMicroelectronics.X-CUBE-DISPLAY.3.0.0
2024-07-18 10:11:33,748 [WARN] PackLoader:240 - Cannot read IP mode file for STMicroelectronics.X-CUBE-BLE1.7.0.0
2024-07-18 10:11:33,752 [WARN] PackLoader:240 - Cannot read IP mode file for emotas.I-CUBE-CANOPEN.1.3.0
2024-07-18 10:11:33,762 [WARN] PackLoader:240 - Cannot read IP mode file for STMicroelectronics.X-CUBE-BLEMGR.3.1.0
2024-07-18 10:11:33,768 [WARN] PackLoader:240 - Cannot read IP mode file for STMicroelectronics.FP-SNS-SMARTAG2.1.2.0
2024-07-18 10:11:33,776 [INFO] LogOutputStream:77 - [STDOUT_REDIRECT] 1 : Invalid condition id : UX_CORESTACK_Condition cause : null
2024-07-18 10:11:33,777 [INFO] LogOutputStream:77 - [STDOUT_REDIRECT] 1 : Invalid condition id : UX_CORESTACK_Condition cause : null
2024-07-18 10:11:33,777 [INFO] LogOutputStream:77 - [STDOUT_REDIRECT] 1 : Invalid condition id : UX_CORESTACK_Condition cause : null
2024-07-18 10:11:33,777 [INFO] LogOutputStream:77 - [STDOUT_REDIRECT] 1 : Invalid condition id : UX_CORESTACK_Condition cause : null
2024-07-18 10:11:33,777 [INFO] LogOutputStream:77 - [STDOUT_REDIRECT] 1 : Invalid condition id : UX_CORESTACK_Condition cause : null
2024-07-18 10:11:33,780 [WARN] PackLoader:240 - Cannot read IP mode file for STMicroelectronics.X-CUBE-AZRTOS-WL.2.0.0
2024-07-18 10:11:33,785 [WARN] PackLoader:240 - Cannot read IP mode file for STMicroelectronics.FP-SNS-MOTENV1.5.0.0
2024-07-18 10:11:33,788 [WARN] PackLoader:240 - Cannot read IP mode file for wolfSSL.I-CUBE-wolfMQTT.1.19.0
2024-07-18 10:11:33,796 [WARN] PackLoader:240 - Cannot read IP mode file for WES.I-CUBE-Cesium.1.3.0
2024-07-18 10:11:33,801 [WARN] PackLoader:240 - Cannot read IP mode file for STMicroelectronics.X-CUBE-BLE2.3.3.0
2024-07-18 10:11:33,806 [WARN] PackLoader:240 - Cannot read IP mode file for STMicroelectronics.X-CUBE-TCPP.4.1.0
2024-07-18 10:11:33,827 [WARN] PackLoader:240 - Cannot read IP mode file for STMicroelectronics.X-CUBE-AZRTOS-G0.1.1.0
2024-07-18 10:11:33,835 [WARN] PackLoader:240 - Cannot read IP mode file for STMicroelectronics.X-CUBE-SAFEA1.1.2.2
2024-07-18 10:11:33,841 [WARN] PackLoader:240 - Cannot read IP mode file for STMicroelectronics.X-CUBE-NFC4.3.0.0
2024-07-18 10:11:33,845 [WARN] PackLoader:240 - Cannot read IP mode file for wolfSSL.I-CUBE-wolfMQTT.1.18.0
2024-07-18 10:11:33,855 [WARN] PackLoader:240 - Cannot read IP mode file for EmbeddedOffice.I-CUBE-FS-RTOS.1.0.1
2024-07-18 10:11:33,855 [ERROR] ConditionMgr:805 - Attr not supported : Dmpu
2024-07-18 10:11:33,855 [ERROR] ConditionMgr:805 - Attr not supported : Dmpu
2024-07-18 10:11:33,855 [ERROR] ConditionMgr:805 - Attr not supported : Dmpu
2024-07-18 10:11:33,855 [ERROR] ConditionMgr:805 - Attr not supported : Dmpu
2024-07-18 10:11:33,855 [ERROR] ConditionMgr:805 - Attr not supported : Dmpu
2024-07-18 10:11:33,855 [ERROR] ConditionMgr:805 - Attr not supported : Dmpu
2024-07-18 10:11:33,855 [ERROR] ConditionMgr:805 - Attr not supported : Dmpu
2024-07-18 10:11:33,855 [ERROR] ConditionMgr:805 - Attr not supported : Dmpu
2024-07-18 10:11:33,855 [ERROR] ConditionMgr:805 - Attr not supported : Dmpu
2024-07-18 10:11:33,855 [ERROR] ConditionMgr:805 - Attr not supported : Dmpu
2024-07-18 10:11:33,856 [ERROR] ConditionMgr:805 - Attr not supported : Dmpu
2024-07-18 10:11:33,856 [ERROR] ConditionMgr:805 - Attr not supported : Dmpu
2024-07-18 10:11:33,856 [ERROR] ConditionMgr:805 - Attr not supported : Dmpu
2024-07-18 10:11:33,856 [ERROR] ConditionMgr:805 - Attr not supported : Dmpu
2024-07-18 10:11:33,856 [ERROR] ConditionMgr:805 - Attr not supported : Dmpu
2024-07-18 10:11:33,856 [ERROR] ConditionMgr:805 - Attr not supported : Dmpu
2024-07-18 10:11:33,856 [ERROR] ConditionMgr:805 - Attr not supported : Dmpu
2024-07-18 10:11:33,856 [ERROR] ConditionMgr:805 - Attr not supported : Dmpu
2024-07-18 10:11:33,856 [ERROR] ConditionMgr:805 - Attr not supported : Dmpu
2024-07-18 10:11:33,856 [ERROR] ConditionMgr:805 - Attr not supported : Dmpu
2024-07-18 10:11:33,856 [ERROR] ConditionMgr:805 - Attr not supported : Dmpu
2024-07-18 10:11:33,856 [ERROR] ConditionMgr:805 - Attr not supported : Dmpu
2024-07-18 10:11:33,856 [ERROR] ConditionMgr:805 - Attr not supported : Dmpu
2024-07-18 10:11:33,856 [ERROR] ConditionMgr:805 - Attr not supported : Dmpu
2024-07-18 10:11:33,857 [ERROR] ConditionMgr:805 - Attr not supported : Dmpu
2024-07-18 10:11:33,857 [ERROR] ConditionMgr:805 - Attr not supported : Dmpu
2024-07-18 10:11:33,857 [ERROR] ConditionMgr:805 - Attr not supported : Dmpu
2024-07-18 10:11:33,857 [ERROR] ConditionMgr:805 - Attr not supported : Dmpu
2024-07-18 10:11:33,857 [ERROR] ConditionMgr:805 - Attr not supported : Dmpu
2024-07-18 10:11:33,857 [ERROR] ConditionMgr:805 - Attr not supported : Dmpu
2024-07-18 10:11:33,857 [ERROR] ConditionMgr:805 - Attr not supported : Dmpu
2024-07-18 10:11:33,857 [ERROR] ConditionMgr:805 - Attr not supported : Dmpu
2024-07-18 10:11:33,857 [ERROR] ConditionMgr:805 - Attr not supported : Dmpu
2024-07-18 10:11:33,857 [ERROR] ConditionMgr:805 - Attr not supported : Dmpu
2024-07-18 10:11:33,857 [ERROR] ConditionMgr:805 - Attr not supported : Dmpu
2024-07-18 10:11:33,857 [ERROR] ConditionMgr:805 - Attr not supported : Dmpu
2024-07-18 10:11:33,858 [ERROR] ConditionMgr:805 - Attr not supported : Dmpu
2024-07-18 10:11:33,858 [ERROR] ConditionMgr:805 - Attr not supported : Dmpu
2024-07-18 10:11:33,858 [ERROR] ConditionMgr:805 - Attr not supported : Dmpu
2024-07-18 10:11:33,858 [ERROR] ConditionMgr:805 - Attr not supported : Dmpu
2024-07-18 10:11:33,858 [ERROR] ConditionMgr:805 - Attr not supported : Dmpu
2024-07-18 10:11:33,858 [ERROR] ConditionMgr:805 - Attr not supported : Dmpu
2024-07-18 10:11:33,858 [ERROR] ConditionMgr:805 - Attr not supported : Dmpu
2024-07-18 10:11:33,858 [ERROR] ConditionMgr:805 - Attr not supported : Dmpu
2024-07-18 10:11:33,859 [ERROR] ConditionMgr:805 - Attr not supported : Dmpu
2024-07-18 10:11:33,859 [ERROR] ConditionMgr:805 - Attr not supported : Dmpu
2024-07-18 10:11:33,859 [ERROR] ConditionMgr:805 - Attr not supported : Dmpu
2024-07-18 10:11:33,859 [ERROR] ConditionMgr:805 - Attr not supported : Dmpu
2024-07-18 10:11:33,859 [ERROR] ConditionMgr:805 - Attr not supported : Dmpu
2024-07-18 10:11:33,859 [ERROR] ConditionMgr:805 - Attr not supported : Dmpu
2024-07-18 10:11:33,859 [ERROR] ConditionMgr:805 - Attr not supported : Dmpu
2024-07-18 10:11:33,859 [ERROR] ConditionMgr:805 - Attr not supported : Dmpu
2024-07-18 10:11:33,859 [ERROR] ConditionMgr:805 - Attr not supported : Dmpu
2024-07-18 10:11:33,859 [ERROR] ConditionMgr:805 - Attr not supported : Dmpu
2024-07-18 10:11:33,859 [ERROR] ConditionMgr:805 - Attr not supported : Dmpu
2024-07-18 10:11:33,859 [ERROR] ConditionMgr:805 - Attr not supported : Dmpu
2024-07-18 10:11:33,859 [ERROR] ConditionMgr:805 - Attr not supported : Dmpu
2024-07-18 10:11:33,860 [ERROR] ConditionMgr:805 - Attr not supported : Dmpu
2024-07-18 10:11:33,860 [ERROR] ConditionMgr:805 - Attr not supported : Dmpu
2024-07-18 10:11:33,860 [ERROR] ConditionMgr:805 - Attr not supported : Dmpu
2024-07-18 10:11:33,860 [ERROR] ConditionMgr:805 - Attr not supported : Dmpu
2024-07-18 10:11:33,860 [ERROR] ConditionMgr:805 - Attr not supported : Dmpu
2024-07-18 10:11:33,860 [ERROR] ConditionMgr:805 - Attr not supported : Dmpu
2024-07-18 10:11:33,860 [ERROR] ConditionMgr:805 - Attr not supported : Dmpu
2024-07-18 10:11:33,865 [WARN] PackLoader:240 - Cannot read IP mode file for RealThread.X-CUBE-RT-Thread_Nano.4.1.1
2024-07-18 10:11:33,868 [WARN] PackLoader:240 - Cannot read IP mode file for wolfSSL.I-CUBE-wolfSSL.5.7.0
2024-07-18 10:11:33,871 [WARN] PackLoader:240 - Cannot read IP mode file for STMicroelectronics.FP-ATR-SIGFOX1.3.2.0
2024-07-18 10:11:33,876 [WARN] PackLoader:240 - Cannot read IP mode file for STMicroelectronics.X-CUBE-EEPRMA1.5.1.0
2024-07-18 10:11:33,883 [WARN] PackLoader:240 - Cannot read IP mode file for ITTIA_DB.I-CUBE-ITTIADB.8.9.0
2024-07-18 10:11:33,920 [WARN] PackLoader:240 - Cannot read IP mode file for SEGGER.I-CUBE-embOS.1.3.1
2024-07-18 10:11:33,988 [WARN] PackLoader:240 - Cannot read IP mode file for STMicroelectronics.X-CUBE-ALGOBUILD.1.4.0
2024-07-18 10:11:33,995 [WARN] PackLoader:240 - Cannot read IP mode file for STMicroelectronics.X-CUBE-GNSS1.6.0.0
2024-07-18 10:11:34,015 [WARN] PackLoader:240 - Cannot read IP mode file for STMicroelectronics.X-CUBE-AZRTOS-F4.1.1.0
2024-07-18 10:11:34,023 [WARN] PackLoader:240 - Cannot read IP mode file for STMicroelectronics.X-CUBE-FREERTOS.1.2.0
2024-07-18 10:11:34,038 [WARN] PackLoader:240 - Cannot read IP mode file for STMicroelectronics.X-CUBE-AZRTOS-L5.2.0.0
2024-07-18 10:11:34,045 [WARN] PackLoader:240 - Cannot read IP mode file for STMicroelectronics.X-CUBE-NFC6.3.1.0
2024-07-18 10:11:34,052 [WARN] PackLoader:240 - Cannot read IP mode file for STMicroelectronics.X-CUBE-DPower.1.2.0
2024-07-18 10:11:34,055 [WARN] PackLoader:240 - Cannot read IP mode file for STMicroelectronics.X-CUBE-AI.9.0.0
2024-07-18 10:11:34,059 [WARN] PackLoader:240 - Cannot read IP mode file for STMicroelectronics.X-CUBE-NFC7.1.0.1
2024-07-18 10:11:34,063 [WARN] PackLoader:240 - Cannot read IP mode file for wolfSSL.I-CUBE-wolfTPM.3.2.0
2024-07-18 10:11:34,066 [WARN] PackLoader:240 - Cannot read IP mode file for STMicroelectronics.X-CUBE-AI.8.1.0
2024-07-18 10:11:34,077 [WARN] ConditionMgr:438 - getConditionDescription Invalid condition id : LAN8742 Phy interface Condition cause : null
2024-07-18 10:11:34,078 [WARN] PackLoader:240 - Cannot read IP mode file for STMicroelectronics.X-CUBE-AZRTOS-L4.2.0.0
2024-07-18 10:11:34,080 [WARN] ConditionMgr:1039 - genDependencies : Invalid condition id : LAN8742 Phy interface Condition cause : null
2024-07-18 10:11:34,080 [WARN] ConditionMgr:1039 - genDependencies : Invalid condition id : LAN8742 Phy interface Condition cause : null
2024-07-18 10:11:34,080 [WARN] ConditionMgr:1039 - genDependencies : Invalid condition id : LAN8742 Phy interface Condition cause : null
2024-07-18 10:11:34,087 [WARN] PackLoader:240 - Cannot read IP mode file for STMicroelectronics.X-CUBE-SFXS2LP1.4.0.0
2024-07-18 10:11:34,095 [WARN] ConditionMgr:438 - getConditionDescription Invalid condition id : UX DEVICE CLASS RTOS Condition cause : null
2024-07-18 10:11:34,096 [WARN] ConditionMgr:438 - getConditionDescription Invalid condition id : UX DEVICE CLASS RTOS Condition cause : null
2024-07-18 10:11:34,100 [WARN] PackLoader:240 - Cannot read IP mode file for STMicroelectronics.X-CUBE-AZRTOS-WB.2.0.0
2024-07-18 10:11:34,101 [WARN] ConditionMgr:1039 - genDependencies : Invalid condition id : UX DEVICE CLASS RTOS Condition cause : null
2024-07-18 10:11:34,101 [WARN] ConditionMgr:1039 - genDependencies : Invalid condition id : UX DEVICE CLASS RTOS Condition cause : null
2024-07-18 10:11:34,102 [WARN] ConditionMgr:1039 - genDependencies : Invalid condition id : UX DEVICE CLASS RTOS Condition cause : null
2024-07-18 10:11:34,102 [WARN] ConditionMgr:1039 - genDependencies : Invalid condition id : UX DEVICE CLASS RTOS Condition cause : null
2024-07-18 10:11:34,102 [WARN] ConditionMgr:1039 - genDependencies : Invalid condition id : UX DEVICE CLASS RTOS Condition cause : null
2024-07-18 10:11:34,110 [WARN] PackLoader:240 - Cannot read IP mode file for STMicroelectronics.X-CUBE-SUBG2.5.0.0
2024-07-18 10:11:34,116 [WARN] PackLoader:240 - Cannot read IP mode file for Cesanta.I-CUBE-Mongoose.7.13.0
2024-07-18 10:11:34,137 [WARN] PackLoader:240 - Cannot read IP mode file for STMicroelectronics.X-CUBE-AZRTOS-G4.2.0.0
2024-07-18 10:11:34,143 [WARN] PackLoader:240 - Cannot read IP mode file for STMicroelectronics.FP-SNS-MOTENVWB1.1.3.1
2024-07-18 10:11:34,147 [WARN] PackLoader:240 - Cannot read IP mode file for STMicroelectronics.X-CUBE-ISPU.2.0.0
2024-07-18 10:11:34,150 [WARN] PackLoader:240 - Cannot read IP mode file for STMicroelectronics.X-CUBE-ALS.1.0.2
2024-07-18 10:11:34,175 [WARN] PackLoader:240 - Cannot read IP mode file for STMicroelectronics.X-CUBE-MEMS1.10.0.0
2024-07-18 10:11:34,245 [WARN] PackLoader:240 - Cannot read IP mode file for STMicroelectronics.X-CUBE-TOUCHGFX.4.24.0
2024-07-18 10:11:34,250 [WARN] PackLoader:240 - Cannot read IP mode file for portGmbH.I-Cube-SoM-uGOAL.1.1.0
2024-07-18 10:11:34,253 [WARN] PackLoader:240 - Cannot read IP mode file for STMicroelectronics.X-CUBE-ALS.1.0.1
2024-07-18 10:11:34,267 [WARN] PackLoader:240 - Cannot read IP mode file for STMicroelectronics.X-CUBE-AZRTOS-H7RS.1.0.0
2024-07-18 10:11:34,272 [WARN] PackLoader:240 - Cannot read IP mode file for STMicroelectronics.FP-ATR-ASTRA1.2.0.0
2024-07-18 10:11:34,280 [WARN] PackLoader:240 - Cannot read IP mode file for STMicroelectronics.X-CUBE-TOF1.3.4.1
2024-07-18 10:11:34,313 [WARN] PackLoader:240 - Cannot read IP mode file for STMicroelectronics.X-CUBE-AZRTOS-H7.3.2.0
2024-07-18 10:11:34,329 [WARN] PackLoader:240 - Cannot read IP mode file for Infineon.AIROC-Wi-Fi-Bluetooth-STM32.1.6.0
2024-07-18 10:11:34,334 [INFO] ThirdParty:978 - Integrity check success = true
2024-07-18 10:11:34,335 [INFO] IntegrityCheckThread:100 - exiting critical section [integrity check]
2024-07-18 10:11:34,335 [INFO] IntegrityCheckThread:103 - End integrity checks thread
