2024-06-21 10:39:03,187 [INFO] Activator:176 - 


2024-06-21 10:39:03,192 [INFO] Activator:177 - !SESSION log4j initialized
2024-06-21 10:39:07,265 [INFO] LogOutputStream:77 - [STDOUT_REDIRECT] 
2024-06-21 10:39:08,037 [INFO] ApplicationProperties:184 - Using Application install path: /home/frank/st/stm32cubeide_1.14.0/plugins/com.st.stm32cube.common.mx_6.10.0.202311202037
2024-06-21 10:39:08,055 [INFO] DbMcusXml:78 - Set database path to: /home/frank/st/stm32cubeide_1.14.0/plugins/com.st.stm32cube.common.mx_6.10.0.202311202037//db//mcu/
2024-06-21 10:39:08,055 [INFO] ApiDb:274 - Set plugin database path to: /home/frank/st/stm32cubeide_1.14.0/plugins/com.st.stm32cube.common.mx_6.10.0.202311202037//db//plugins/boardmanager/
2024-06-21 10:39:08,056 [WARN] ApiDb:259 - Overriding images path with different value:  => /home/frank/st/stm32cubeide_1.14.0/plugins/com.st.stm32cube.common.mx_6.10.0.202311202037//db//plugins/mcufinder/images/
2024-06-21 10:39:08,062 [INFO] ApiDb:250 - Set database path to: /home/frank/.stmcufinder/plugins/mcufinder//mcu/
2024-06-21 10:39:08,063 [INFO] DbMcusAds:125 - Set database path to: /home/frank/.stmcufinder/plugins/mcufinder//mcu/
2024-06-21 10:39:08,064 [INFO] CrossReferenceDbSqlite:203 - Set database path to: /home/frank/.stmcufinder/plugins/mcufinder//mcu/cs/
2024-06-21 10:39:08,171 [INFO] RulesReader:64 - Compatibility file has been processed (297 Rules)
2024-06-21 10:39:08,229 [INFO] DbMcusXml:78 - Set database path to: /home/frank/st/stm32cubeide_1.14.0/plugins/com.st.stm32cube.common.mx_6.10.0.202311202037//db//mcu/
2024-06-21 10:39:08,229 [INFO] ApiDb:274 - Set plugin database path to: /home/frank/st/stm32cubeide_1.14.0/plugins/com.st.stm32cube.common.mx_6.10.0.202311202037//db//plugins/boardmanager/
2024-06-21 10:39:08,229 [INFO] ApiDb:261 - Set plugin images path to: /home/frank/st/stm32cubeide_1.14.0/plugins/com.st.stm32cube.common.mx_6.10.0.202311202037//db//plugins/mcufinder/images/
2024-06-21 10:39:08,229 [WARN] DbFile:41 - Overriding database path with different value: /home/frank/.stmcufinder/plugins/mcufinder/ => /home/frank/.stmcufinder/plugins/mcufinder
2024-06-21 10:39:08,229 [INFO] ApiDb:250 - Set database path to: /home/frank/.stmcufinder/plugins/mcufinder//mcu/
2024-06-21 10:39:08,230 [WARN] DbFile:41 - Overriding database path with different value: /home/frank/.stmcufinder/plugins/mcufinder/ => /home/frank/.stmcufinder/plugins/mcufinder
2024-06-21 10:39:08,230 [INFO] DbMcusAds:125 - Set database path to: /home/frank/.stmcufinder/plugins/mcufinder//mcu/
2024-06-21 10:39:08,230 [WARN] DbFile:41 - Overriding database path with different value: /home/frank/.stmcufinder/plugins/mcufinder/ => /home/frank/.stmcufinder/plugins/mcufinder
2024-06-21 10:39:08,230 [WARN] DbFile:41 - Overriding database path with different value: /home/frank/.stmcufinder/plugins/mcufinder/ => /home/frank/.stmcufinder/plugins/mcufinder
2024-06-21 10:39:08,230 [INFO] CrossReferenceDbSqlite:203 - Set database path to: /home/frank/.stmcufinder/plugins/mcufinder//mcu/cs/
2024-06-21 10:39:08,299 [INFO] MainPanel:264 - HeapMemory: 268435456
2024-06-21 10:39:08,382 [INFO] DbMcusXml:78 - Set database path to: /home/frank/st/stm32cubeide_1.14.0/plugins/com.st.stm32cube.common.mx_6.10.0.202311202037//db//mcu/
2024-06-21 10:39:08,382 [INFO] ApiDb:274 - Set plugin database path to: /home/frank/st/stm32cubeide_1.14.0/plugins/com.st.stm32cube.common.mx_6.10.0.202311202037//db//plugins/boardmanager/
2024-06-21 10:39:08,382 [INFO] ApiDb:261 - Set plugin images path to: /home/frank/st/stm32cubeide_1.14.0/plugins/com.st.stm32cube.common.mx_6.10.0.202311202037//db//plugins/mcufinder/images/
2024-06-21 10:39:08,383 [WARN] DbFile:41 - Overriding database path with different value: /home/frank/.stmcufinder/plugins/mcufinder/ => /home/frank/.stmcufinder/plugins/mcufinder
2024-06-21 10:39:08,383 [INFO] ApiDb:250 - Set database path to: /home/frank/.stmcufinder/plugins/mcufinder//mcu/
2024-06-21 10:39:08,383 [WARN] DbFile:41 - Overriding database path with different value: /home/frank/.stmcufinder/plugins/mcufinder/ => /home/frank/.stmcufinder/plugins/mcufinder
2024-06-21 10:39:08,383 [INFO] DbMcusAds:125 - Set database path to: /home/frank/.stmcufinder/plugins/mcufinder//mcu/
2024-06-21 10:39:08,383 [WARN] DbFile:41 - Overriding database path with different value: /home/frank/.stmcufinder/plugins/mcufinder/ => /home/frank/.stmcufinder/plugins/mcufinder
2024-06-21 10:39:08,383 [WARN] DbFile:41 - Overriding database path with different value: /home/frank/.stmcufinder/plugins/mcufinder/ => /home/frank/.stmcufinder/plugins/mcufinder
2024-06-21 10:39:08,383 [INFO] CrossReferenceDbSqlite:203 - Set database path to: /home/frank/.stmcufinder/plugins/mcufinder//mcu/cs/
2024-06-21 10:39:08,404 [INFO] ApplicationProperties:184 - Using Application install path: /home/frank/st/stm32cubeide_1.14.0/plugins/com.st.stm32cube.common.mx_6.10.0.202311202037
2024-06-21 10:39:08,406 [INFO] PluginManage:196 - Search for loadable plugins [exclusion list=, ]
2024-06-21 10:39:08,407 [INFO] PluginManage:310 - Check plugin analytics
2024-06-21 10:39:08,540 [INFO] AnalyticsPlugin:253 - Accepted Software Licenses: 
2024-06-21 10:39:08,540 [INFO] AnalyticsPlugin:255 - Accepted CMSIS Pack Licenses: 
2024-06-21 10:39:08,540 [INFO] AnalyticsPlugin:257 - Accepted Firmware Licenses: FW.F4.1.28.0,FW.F4.1.27.0
2024-06-21 10:39:08,543 [INFO] PluginManage:359 - Loaded plugin analytics (category:tool,tabindex:-1)
2024-06-21 10:39:08,544 [INFO] PluginManage:310 - Check plugin cadmodel
2024-06-21 10:39:08,571 [INFO] CADModel:105 - Init CAD model plugin
2024-06-21 10:39:08,571 [INFO] PluginManage:359 - Loaded plugin cadmodel (category:power,tabindex:5)
2024-06-21 10:39:08,572 [INFO] PluginManage:310 - Check plugin clock
2024-06-21 10:39:08,582 [INFO] PluginManage:359 - Loaded plugin clock (category:base,tabindex:2)
2024-06-21 10:39:08,582 [INFO] PluginManage:310 - Check plugin ddr
2024-06-21 10:39:08,584 [INFO] PluginManage:359 - Loaded plugin ddr (category:tool,tabindex:6)
2024-06-21 10:39:08,584 [INFO] PluginManage:310 - Check plugin filemanager
2024-06-21 10:39:08,732 [INFO] PluginManage:359 - Loaded plugin filemanager (category:base,tabindex:10)
2024-06-21 10:39:08,732 [INFO] PluginManage:310 - Check plugin ipmanager
2024-06-21 10:39:08,752 [INFO] PluginManage:359 - Loaded plugin ipmanager (category:base,tabindex:5)
2024-06-21 10:39:08,752 [INFO] PluginManage:310 - Check plugin lpbam
2024-06-21 10:39:08,764 [INFO] PluginManage:359 - Loaded plugin lpbam (category:base,tabindex:0)
2024-06-21 10:39:08,765 [INFO] PluginManage:310 - Check plugin memorymap
2024-06-21 10:39:08,778 [INFO] PluginManage:359 - Loaded plugin memorymap (category:base,tabindex:4)
2024-06-21 10:39:08,778 [INFO] PluginManage:310 - Check plugin pinoutandconfiguration
2024-06-21 10:39:08,787 [INFO] PluginManage:359 - Loaded plugin pinoutandconfiguration (category:base,tabindex:1)
2024-06-21 10:39:08,787 [INFO] PluginManage:310 - Check plugin pinoutconfig
2024-06-21 10:39:08,874 [WARN] SupportedApi:132 - Cannot load RTOS API schema: s4s-elt-must-match.1: The content of 'definitions' must match (annotation?, (simpleType | complexType)?, (unique | key | keyref)*)). A problem was found starting at: attribute.
2024-06-21 10:39:08,990 [INFO] PluginManage:359 - Loaded plugin pinoutconfig (category:base,tabindex:0)
2024-06-21 10:39:08,990 [INFO] PluginManage:310 - Check plugin power
2024-06-21 10:39:08,998 [INFO] PluginManage:359 - Loaded plugin power (category:power,tabindex:4)
2024-06-21 10:39:08,999 [INFO] PluginManage:310 - Check plugin projectmanager
2024-06-21 10:39:09,015 [INFO] PluginManage:359 - Loaded plugin projectmanager (category:projectmanager,tabindex:3)
2024-06-21 10:39:09,015 [INFO] PluginManage:310 - Check plugin thirdparty
2024-06-21 10:39:09,133 [INFO] PluginManage:359 - Loaded plugin thirdparty (category:base,tabindex:-1)
2024-06-21 10:39:09,133 [INFO] PluginManage:310 - Check plugin tools
2024-06-21 10:39:09,133 [WARN] IntegrityCheckThread:84 - waiting for thirdparty lock release [integrity check]
2024-06-21 10:39:09,134 [INFO] IntegrityCheckThread:86 - entering critical section [integrity check]
2024-06-21 10:39:09,134 [INFO] ThirdPartyUpdaterWithRetryManager:70 - Updater plugin not ready yet. [1/15]
2024-06-21 10:39:09,135 [INFO] PluginManage:359 - Loaded plugin tools (category:base,tabindex:7)
2024-06-21 10:39:09,135 [INFO] PluginManage:310 - Check plugin tutovideos
2024-06-21 10:39:09,311 [INFO] PluginManage:359 - Loaded plugin tutovideos (category:base,tabindex:-1)
2024-06-21 10:39:09,311 [INFO] PluginManage:310 - Check plugin updater
2024-06-21 10:39:09,323 [INFO] PluginManage:359 - Loaded plugin updater (category:base,tabindex:12)
2024-06-21 10:39:09,323 [INFO] PluginManage:310 - Check plugin userauth
2024-06-21 10:39:09,329 [INFO] UserAuth:114 - Init User Auth plugin
2024-06-21 10:39:09,329 [INFO] PluginManage:359 - Loaded plugin userauth (category:base,tabindex:14)
2024-06-21 10:39:09,329 [INFO] PluginManage:283 - PluginManage : Loaded plugins [17]
2024-06-21 10:39:09,505 [INFO] PinOutPanel:1499 - setPackage(No Configuration,No Configuration)
2024-06-21 10:39:09,565 [INFO] CADModel:165 - CPN selected for project level
2024-06-21 10:39:09,565 [INFO] CADModel:114 - Register for checkConnection events
2024-06-21 10:39:09,574 [INFO] IPUIPlugin:80 - create IPUIPlugin
2024-06-21 10:39:09,574 [INFO] PluginManager:220 - loadIPPluginJar : add ucpd
2024-06-21 10:39:09,576 [INFO] IPUIPlugin:80 - create IPUIPlugin
2024-06-21 10:39:09,576 [INFO] PluginManager:220 - loadIPPluginJar : add ltdc
2024-06-21 10:39:09,582 [INFO] IPUIPlugin:80 - create IPUIPlugin
2024-06-21 10:39:09,584 [INFO] PluginManager:220 - loadIPPluginJar : add plateformsettings
2024-06-21 10:39:09,587 [INFO] IPUIPlugin:80 - create IPUIPlugin
2024-06-21 10:39:09,587 [INFO] PluginManager:220 - loadIPPluginJar : add hash
2024-06-21 10:39:09,589 [INFO] IPUIPlugin:80 - create IPUIPlugin
2024-06-21 10:39:09,589 [INFO] PluginManager:220 - loadIPPluginJar : add gfxmmu
2024-06-21 10:39:09,596 [INFO] IPUIPlugin:80 - create IPUIPlugin
2024-06-21 10:39:09,596 [INFO] PluginManager:220 - loadIPPluginJar : add stm32_wpan
2024-06-21 10:39:09,599 [INFO] IPUIPlugin:80 - create IPUIPlugin
2024-06-21 10:39:09,599 [INFO] PluginManager:220 - loadIPPluginJar : add ts
2024-06-21 10:39:09,600 [INFO] IPUIPlugin:80 - create IPUIPlugin
2024-06-21 10:39:09,600 [INFO] PluginManager:220 - loadIPPluginJar : add quadspi
2024-06-21 10:39:09,603 [INFO] IPUIPlugin:80 - create IPUIPlugin
2024-06-21 10:39:09,603 [INFO] PluginManager:220 - loadIPPluginJar : add usbx
2024-06-21 10:39:09,604 [INFO] IPUIPlugin:80 - create IPUIPlugin
2024-06-21 10:39:09,605 [INFO] PluginManager:220 - loadIPPluginJar : add aes
2024-06-21 10:39:09,608 [INFO] IPUIPlugin:80 - create IPUIPlugin
2024-06-21 10:39:09,608 [INFO] PluginManager:220 - loadIPPluginJar : add nvic
2024-06-21 10:39:09,614 [INFO] IPUIPlugin:80 - create IPUIPlugin
2024-06-21 10:39:09,614 [INFO] PluginManager:220 - loadIPPluginJar : add adc
2024-06-21 10:39:09,616 [INFO] IPUIPlugin:80 - create IPUIPlugin
2024-06-21 10:39:09,616 [INFO] PluginManager:220 - loadIPPluginJar : add cryp
2024-06-21 10:39:09,618 [INFO] IPUIPlugin:80 - create IPUIPlugin
2024-06-21 10:39:09,618 [INFO] PluginManager:220 - loadIPPluginJar : add touchsensing
2024-06-21 10:39:09,622 [INFO] IPUIPlugin:80 - create IPUIPlugin
2024-06-21 10:39:09,622 [INFO] PluginManager:220 - loadIPPluginJar : add fmc
2024-06-21 10:39:09,623 [INFO] IPUIPlugin:80 - create IPUIPlugin
2024-06-21 10:39:09,624 [INFO] PluginManager:220 - loadIPPluginJar : add openamp
2024-06-21 10:39:09,632 [INFO] IPUIPlugin:80 - create IPUIPlugin
2024-06-21 10:39:09,633 [INFO] PluginManager:220 - loadIPPluginJar : add linkedlist
2024-06-21 10:39:09,634 [INFO] IPUIPlugin:80 - create IPUIPlugin
2024-06-21 10:39:09,634 [INFO] PluginManager:220 - loadIPPluginJar : add tracer_emb
2024-06-21 10:39:09,638 [INFO] IPUIPlugin:80 - create IPUIPlugin
2024-06-21 10:39:09,638 [INFO] PluginManager:220 - loadIPPluginJar : add dma
2024-06-21 10:39:09,640 [INFO] IPUIPlugin:80 - create IPUIPlugin
2024-06-21 10:39:09,640 [INFO] PluginManager:220 - loadIPPluginJar : add sai
2024-06-21 10:39:09,645 [INFO] IPUIPlugin:80 - create IPUIPlugin
2024-06-21 10:39:09,646 [INFO] PluginManager:220 - loadIPPluginJar : add freertos
2024-06-21 10:39:09,651 [INFO] IPUIPlugin:80 - create IPUIPlugin
2024-06-21 10:39:09,652 [INFO] PluginManager:220 - loadIPPluginJar : add mdma
2024-06-21 10:39:09,653 [INFO] IPUIPlugin:80 - create IPUIPlugin
2024-06-21 10:39:09,653 [INFO] PluginManager:220 - loadIPPluginJar : add genericplugin
2024-06-21 10:39:09,654 [INFO] IPUIPlugin:80 - create IPUIPlugin
2024-06-21 10:39:09,655 [INFO] PluginManager:220 - loadIPPluginJar : add tsc
2024-06-21 10:39:09,657 [INFO] IPUIPlugin:80 - create IPUIPlugin
2024-06-21 10:39:09,657 [INFO] PluginManager:220 - loadIPPluginJar : add pdm2pcm
2024-06-21 10:39:09,659 [INFO] IPUIPlugin:80 - create IPUIPlugin
2024-06-21 10:39:09,659 [INFO] PluginManager:220 - loadIPPluginJar : add fatfs
2024-06-21 10:39:09,660 [INFO] IPUIPlugin:80 - create IPUIPlugin
2024-06-21 10:39:09,660 [INFO] PluginManager:220 - loadIPPluginJar : add can
2024-06-21 10:39:09,662 [INFO] IPUIPlugin:80 - create IPUIPlugin
2024-06-21 10:39:09,662 [INFO] PluginManager:220 - loadIPPluginJar : add i3c
2024-06-21 10:39:09,664 [INFO] IPUIPlugin:80 - create IPUIPlugin
2024-06-21 10:39:09,664 [INFO] PluginManager:220 - loadIPPluginJar : add i2s
2024-06-21 10:39:09,666 [INFO] IPUIPlugin:80 - create IPUIPlugin
2024-06-21 10:39:09,666 [INFO] PluginManager:220 - loadIPPluginJar : add i2c
2024-06-21 10:39:09,667 [INFO] IPUIPlugin:80 - create IPUIPlugin
2024-06-21 10:39:09,667 [INFO] PluginManager:220 - loadIPPluginJar : add spi
2024-06-21 10:39:09,668 [INFO] IPUIPlugin:80 - create IPUIPlugin
2024-06-21 10:39:09,668 [INFO] PluginManager:220 - loadIPPluginJar : add dfsdm
2024-06-21 10:39:09,669 [INFO] IPUIPlugin:80 - create IPUIPlugin
2024-06-21 10:39:09,669 [INFO] PluginManager:220 - loadIPPluginJar : add tim
2024-06-21 10:39:09,671 [INFO] IPUIPlugin:80 - create IPUIPlugin
2024-06-21 10:39:09,671 [INFO] PluginManager:220 - loadIPPluginJar : add opamp
2024-06-21 10:39:09,672 [INFO] IPUIPlugin:80 - create IPUIPlugin
2024-06-21 10:39:09,673 [INFO] PluginManager:220 - loadIPPluginJar : add dma3
2024-06-21 10:39:09,676 [INFO] IPUIPlugin:80 - create IPUIPlugin
2024-06-21 10:39:09,676 [INFO] PluginManager:220 - loadIPPluginJar : add ipddr
2024-06-21 10:39:09,677 [INFO] IPUIPlugin:80 - create IPUIPlugin
2024-06-21 10:39:09,677 [INFO] PluginManager:220 - loadIPPluginJar : add comp
2024-06-21 10:39:09,681 [INFO] IPUIPlugin:80 - create IPUIPlugin
2024-06-21 10:39:09,681 [INFO] PluginManager:220 - loadIPPluginJar : add resmgrutility
2024-06-21 10:39:09,685 [INFO] IPUIPlugin:80 - create IPUIPlugin
2024-06-21 10:39:09,685 [INFO] PluginManager:220 - loadIPPluginJar : add gtzc
2024-06-21 10:39:09,688 [INFO] IPUIPlugin:80 - create IPUIPlugin
2024-06-21 10:39:09,688 [INFO] PluginManager:220 - loadIPPluginJar : add gpio
2024-06-21 10:39:09,690 [INFO] IPUIPlugin:80 - create IPUIPlugin
2024-06-21 10:39:09,690 [INFO] PluginManager:220 - loadIPPluginJar : add usart
2024-06-21 10:39:09,692 [INFO] IPUIPlugin:80 - create IPUIPlugin
2024-06-21 10:39:09,692 [INFO] PluginManager:220 - loadIPPluginJar : add lorawan
2024-06-21 10:39:09,697 [INFO] IPUIPlugin:80 - create IPUIPlugin
2024-06-21 10:39:09,697 [INFO] PluginManager:220 - loadIPPluginJar : add gic
2024-06-21 10:39:09,800 [INFO] CADModel:165 - CPN selected for project level
2024-06-21 10:39:09,800 [INFO] CADModel:114 - Register for checkConnection events
2024-06-21 10:39:09,800 [FATAL] Updater:308 - Updater called before beeing initialized
2024-06-21 10:39:09,800 [ERROR] CADModel:125 - Updater not yet initialized, retry later 
2024-06-21 10:39:09,935 [INFO] CADModel:165 - CPN selected for project level
2024-06-21 10:39:09,935 [INFO] CADModel:114 - Register for checkConnection events
2024-06-21 10:39:09,935 [FATAL] Updater:308 - Updater called before beeing initialized
2024-06-21 10:39:09,935 [ERROR] CADModel:125 - Updater not yet initialized, retry later 
2024-06-21 10:39:09,938 [FATAL] Updater:308 - Updater called before beeing initialized
2024-06-21 10:39:10,035 [FATAL] Updater:308 - Updater called before beeing initialized
2024-06-21 10:39:10,041 [INFO] DbMcusAds:53 - JSON generation date=Thu May 16 11:22:00 CEST 2024 (1715851320852)
2024-06-21 10:39:10,041 [FATAL] Updater:308 - Updater called before beeing initialized
2024-06-21 10:39:10,080 [WARN] DetailPanel:346 - Failed to get advertising image, set to default
2024-06-21 10:39:10,161 [FATAL] Updater:308 - Updater called before beeing initialized
2024-06-21 10:39:10,163 [FATAL] Updater:308 - Updater called before beeing initialized
2024-06-21 10:39:10,163 [FATAL] Updater:308 - Updater called before beeing initialized
2024-06-21 10:39:10,163 [WARN] DetailPanel:346 - Failed to get advertising image, set to default
2024-06-21 10:39:10,164 [FATAL] Updater:308 - Updater called before beeing initialized
2024-06-21 10:39:10,200 [ERROR] Updater:1120 - MainUpdater not yet initialized. External WinMGr cannot be set.
2024-06-21 10:39:10,203 [INFO] Updater:1056 - Updater Version found : 6.10.0
2024-06-21 10:39:10,228 [INFO] ApplicationProperties:184 - Using Application install path: /home/frank/st/stm32cubeide_1.14.0/plugins/com.st.stm32cube.common.mx_6.10.0.202311202037
2024-06-21 10:39:10,481 [INFO] MainUpdater:2873 - connection check result : 10
2024-06-21 10:39:10,482 [INFO] MainUpdater:290 - Updater Check For Update Now.
2024-06-21 10:39:10,482 [INFO] MicroXplorer:498 - Change Database Version : DB.6.0.100
2024-06-21 10:39:10,485 [INFO] McuFinderGlobals:63 - Set McuFinder mode to 2 (CubeIDE integrated)
2024-06-21 10:39:10,691 [INFO] CheckServerUpdateThread:120 - End of CheckServer Thread
2024-06-21 10:39:10,697 [INFO] UserAuth:404 - Internet connection configuration mode: 1
2024-06-21 10:39:10,708 [INFO] JxBrowserEngine:152 - Initiate JxBrowser Engine with user profile folder
2024-06-21 10:39:11,482 [INFO] WebApp:161 - Instantiating new browser for Auth
2024-06-21 10:39:12,243 [WARN] PackLoader:240 - Cannot read IP mode file for STMicroelectronics.FP-SNS-MOTENVWB1.1.4.0
2024-06-21 10:39:12,252 [WARN] PackLoader:240 - Cannot read IP mode file for STMicroelectronics.X-CUBE-SMBUS.2.1.0
2024-06-21 10:39:12,255 [WARN] PackLoader:240 - Cannot read IP mode file for STMicroelectronics.X-CUBE-TOUCHGFX.4.23.2
2024-06-21 10:39:12,282 [WARN] PackLoader:240 - Cannot read IP mode file for STMicroelectronics.X-CUBE-AZRTOS-F7.1.1.0
2024-06-21 10:39:12,293 [WARN] PackLoader:240 - Cannot read IP mode file for STMicroelectronics.FP-SNS-MOTENV1.4.3.2
2024-06-21 10:39:12,299 [WARN] PackLoader:240 - Cannot read IP mode file for STMicroelectronics.FP-SNS-FLIGHT1.5.0.2
2024-06-21 10:39:12,306 [WARN] PackLoader:240 - Cannot read IP mode file for STMicroelectronics.X-CUBE-DISPLAY.3.0.0
2024-06-21 10:39:12,318 [WARN] PackLoader:240 - Cannot read IP mode file for STMicroelectronics.X-CUBE-BLE1.7.0.0
2024-06-21 10:39:12,323 [WARN] PackLoader:240 - Cannot read IP mode file for emotas.I-CUBE-CANOPEN.1.3.0
2024-06-21 10:39:12,335 [WARN] PackLoader:240 - Cannot read IP mode file for STMicroelectronics.X-CUBE-BLEMGR.3.1.0
2024-06-21 10:39:12,343 [WARN] PackLoader:240 - Cannot read IP mode file for STMicroelectronics.FP-SNS-SMARTAG2.1.2.0
2024-06-21 10:39:12,356 [INFO] LogOutputStream:77 - [STDOUT_REDIRECT] 1 : Invalid condition id : UX_CORESTACK_Condition cause : null
2024-06-21 10:39:12,356 [INFO] LogOutputStream:77 - [STDOUT_REDIRECT] 1 : Invalid condition id : UX_CORESTACK_Condition cause : null
2024-06-21 10:39:12,357 [INFO] LogOutputStream:77 - [STDOUT_REDIRECT] 1 : Invalid condition id : UX_CORESTACK_Condition cause : null
2024-06-21 10:39:12,357 [INFO] LogOutputStream:77 - [STDOUT_REDIRECT] 1 : Invalid condition id : UX_CORESTACK_Condition cause : null
2024-06-21 10:39:12,357 [INFO] LogOutputStream:77 - [STDOUT_REDIRECT] 1 : Invalid condition id : UX_CORESTACK_Condition cause : null
2024-06-21 10:39:12,362 [WARN] PackLoader:240 - Cannot read IP mode file for STMicroelectronics.X-CUBE-AZRTOS-WL.2.0.0
2024-06-21 10:39:12,368 [WARN] PackLoader:240 - Cannot read IP mode file for STMicroelectronics.FP-SNS-MOTENV1.5.0.0
2024-06-21 10:39:12,379 [WARN] PackLoader:240 - Cannot read IP mode file for WES.I-CUBE-Cesium.1.3.0
2024-06-21 10:39:12,385 [WARN] PackLoader:240 - Cannot read IP mode file for STMicroelectronics.X-CUBE-BLE2.3.3.0
2024-06-21 10:39:12,393 [WARN] PackLoader:240 - Cannot read IP mode file for STMicroelectronics.X-CUBE-TCPP.4.1.0
2024-06-21 10:39:12,424 [WARN] PackLoader:240 - Cannot read IP mode file for STMicroelectronics.X-CUBE-AZRTOS-G0.1.1.0
2024-06-21 10:39:12,435 [WARN] PackLoader:240 - Cannot read IP mode file for STMicroelectronics.X-CUBE-SAFEA1.1.2.2
2024-06-21 10:39:12,441 [WARN] PackLoader:240 - Cannot read IP mode file for STMicroelectronics.X-CUBE-NFC4.3.0.0
2024-06-21 10:39:12,446 [WARN] PackLoader:240 - Cannot read IP mode file for wolfSSL.I-CUBE-wolfMQTT.1.18.0
2024-06-21 10:39:12,454 [WARN] PackLoader:240 - Cannot read IP mode file for wolfSSL.I-CUBE-wolfSSL.5.7.0
2024-06-21 10:39:12,457 [WARN] PackLoader:240 - Cannot read IP mode file for STMicroelectronics.FP-ATR-SIGFOX1.3.2.0
2024-06-21 10:39:12,463 [WARN] PackLoader:240 - Cannot read IP mode file for STMicroelectronics.X-CUBE-EEPRMA1.5.1.0
2024-06-21 10:39:12,473 [WARN] PackLoader:240 - Cannot read IP mode file for ITTIA_DB.I-CUBE-ITTIADB.8.9.0
2024-06-21 10:39:12,503 [WARN] PackLoader:240 - Cannot read IP mode file for SEGGER.I-CUBE-embOS.1.3.1
2024-06-21 10:39:12,545 [WARN] PackLoader:240 - Cannot read IP mode file for STMicroelectronics.X-CUBE-ALGOBUILD.1.4.0
2024-06-21 10:39:12,549 [WARN] PackLoader:240 - Cannot read IP mode file for STMicroelectronics.X-CUBE-GNSS1.6.0.0
2024-06-21 10:39:12,562 [WARN] PackLoader:240 - Cannot read IP mode file for STMicroelectronics.X-CUBE-AZRTOS-F4.1.1.0
2024-06-21 10:39:12,568 [WARN] PackLoader:240 - Cannot read IP mode file for STMicroelectronics.X-CUBE-FREERTOS.1.2.0
2024-06-21 10:39:12,582 [WARN] PackLoader:240 - Cannot read IP mode file for STMicroelectronics.X-CUBE-AZRTOS-L5.2.0.0
2024-06-21 10:39:12,590 [WARN] PackLoader:240 - Cannot read IP mode file for STMicroelectronics.X-CUBE-NFC6.3.1.0
2024-06-21 10:39:12,595 [WARN] PackLoader:240 - Cannot read IP mode file for STMicroelectronics.X-CUBE-AI.9.0.0
2024-06-21 10:39:12,599 [WARN] PackLoader:240 - Cannot read IP mode file for STMicroelectronics.X-CUBE-NFC7.1.0.1
2024-06-21 10:39:12,602 [WARN] PackLoader:240 - Cannot read IP mode file for STMicroelectronics.X-CUBE-AI.8.1.0
2024-06-21 10:39:12,616 [WARN] ConditionMgr:438 - getConditionDescription Invalid condition id : LAN8742 Phy interface Condition cause : null
2024-06-21 10:39:12,616 [WARN] PackLoader:240 - Cannot read IP mode file for STMicroelectronics.X-CUBE-AZRTOS-L4.2.0.0
2024-06-21 10:39:12,618 [WARN] ConditionMgr:1039 - genDependencies : Invalid condition id : LAN8742 Phy interface Condition cause : null
2024-06-21 10:39:12,618 [WARN] ConditionMgr:1039 - genDependencies : Invalid condition id : LAN8742 Phy interface Condition cause : null
2024-06-21 10:39:12,618 [WARN] ConditionMgr:1039 - genDependencies : Invalid condition id : LAN8742 Phy interface Condition cause : null
2024-06-21 10:39:12,625 [WARN] PackLoader:240 - Cannot read IP mode file for STMicroelectronics.X-CUBE-SFXS2LP1.4.0.0
2024-06-21 10:39:12,639 [WARN] ConditionMgr:438 - getConditionDescription Invalid condition id : UX DEVICE CLASS RTOS Condition cause : null
2024-06-21 10:39:12,639 [WARN] ConditionMgr:438 - getConditionDescription Invalid condition id : UX DEVICE CLASS RTOS Condition cause : null
2024-06-21 10:39:12,642 [WARN] PackLoader:240 - Cannot read IP mode file for STMicroelectronics.X-CUBE-AZRTOS-WB.2.0.0
2024-06-21 10:39:12,644 [WARN] ConditionMgr:1039 - genDependencies : Invalid condition id : UX DEVICE CLASS RTOS Condition cause : null
2024-06-21 10:39:12,644 [WARN] ConditionMgr:1039 - genDependencies : Invalid condition id : UX DEVICE CLASS RTOS Condition cause : null
2024-06-21 10:39:12,645 [WARN] ConditionMgr:1039 - genDependencies : Invalid condition id : UX DEVICE CLASS RTOS Condition cause : null
2024-06-21 10:39:12,645 [WARN] ConditionMgr:1039 - genDependencies : Invalid condition id : UX DEVICE CLASS RTOS Condition cause : null
2024-06-21 10:39:12,645 [WARN] ConditionMgr:1039 - genDependencies : Invalid condition id : UX DEVICE CLASS RTOS Condition cause : null
2024-06-21 10:39:12,661 [WARN] PackLoader:240 - Cannot read IP mode file for STMicroelectronics.X-CUBE-SUBG2.5.0.0
2024-06-21 10:39:12,672 [WARN] PackLoader:240 - Cannot read IP mode file for Cesanta.I-CUBE-Mongoose.7.13.0
2024-06-21 10:39:12,692 [WARN] PackLoader:240 - Cannot read IP mode file for STMicroelectronics.X-CUBE-AZRTOS-G4.2.0.0
2024-06-21 10:39:12,699 [WARN] PackLoader:240 - Cannot read IP mode file for STMicroelectronics.FP-SNS-MOTENVWB1.1.3.1
2024-06-21 10:39:12,704 [WARN] PackLoader:240 - Cannot read IP mode file for STMicroelectronics.X-CUBE-ISPU.2.0.0
2024-06-21 10:39:12,709 [WARN] PackLoader:240 - Cannot read IP mode file for STMicroelectronics.X-CUBE-ALS.1.0.2
2024-06-21 10:39:12,782 [WARN] PackLoader:240 - Cannot read IP mode file for STMicroelectronics.X-CUBE-MEMS1.10.0.0
2024-06-21 10:39:12,873 [INFO] WebApp:780 - Register for checkConnection events
2024-06-21 10:39:12,873 [INFO] WebApp:414 - Apply proxy settings
2024-06-21 10:39:12,874 [INFO] WebApp:499 - Chromium requires no authentication
2024-06-21 10:39:12,881 [INFO] WebApp:442 - Direct internet connection detected
2024-06-21 10:39:12,955 [WARN] PackLoader:240 - Cannot read IP mode file for portGmbH.I-Cube-SoM-uGOAL.1.1.0
2024-06-21 10:39:12,959 [WARN] PackLoader:240 - Cannot read IP mode file for STMicroelectronics.X-CUBE-ALS.1.0.1
2024-06-21 10:39:12,981 [WARN] PackLoader:240 - Cannot read IP mode file for STMicroelectronics.X-CUBE-AZRTOS-H7RS.1.0.0
2024-06-21 10:39:12,988 [WARN] PackLoader:240 - Cannot read IP mode file for STMicroelectronics.FP-ATR-ASTRA1.2.0.0
2024-06-21 10:39:13,000 [WARN] PackLoader:240 - Cannot read IP mode file for STMicroelectronics.X-CUBE-TOF1.3.4.1
2024-06-21 10:39:13,034 [WARN] PackLoader:240 - Cannot read IP mode file for STMicroelectronics.X-CUBE-AZRTOS-H7.3.2.0
2024-06-21 10:39:13,052 [WARN] PackLoader:240 - Cannot read IP mode file for Infineon.AIROC-Wi-Fi-Bluetooth-STM32.1.6.0
2024-06-21 10:39:13,058 [INFO] ThirdParty:978 - Integrity check success = true
2024-06-21 10:39:13,058 [INFO] IntegrityCheckThread:100 - exiting critical section [integrity check]
2024-06-21 10:39:13,058 [INFO] IntegrityCheckThread:103 - End integrity checks thread
2024-06-21 10:39:13,095 [INFO] WebApp:192 - Starting web application
2024-06-21 10:39:13,096 [INFO] WebApp:544 - Web application path used /home/frank/st/stm32cubeide_1.14.0/plugins/com.st.stm32cube.common.mx_6.10.0.202311202037/db/plugins/mcufinder/reactClient1/index.html
2024-06-21 10:39:33,723 [ERROR] LogOutputStream:75 - [STDERR_REDIRECT] SLF4J: Failed to load class "org.slf4j.impl.StaticLoggerBinder".
2024-06-21 10:39:33,724 [ERROR] LogOutputStream:75 - [STDERR_REDIRECT] SLF4J: Defaulting to no-operation (NOP) logger implementation
2024-06-21 10:39:33,724 [ERROR] LogOutputStream:75 - [STDERR_REDIRECT] SLF4J: See http://www.slf4j.org/codes.html#StaticLoggerBinder for further details.
2024-06-21 11:06:05,752 [INFO] McuFinderGlobals:63 - Set McuFinder mode to 2 (CubeIDE integrated)
2024-06-21 11:06:05,755 [INFO] MainUpdater:2873 - connection check result : 10
2024-06-21 11:06:05,755 [INFO] MainUpdater:2873 - connection check result : 10
2024-06-21 11:06:05,783 [INFO] MicroXplorer:468 - Change Database Path : 
2024-06-21 11:06:05,783 [INFO] MicroXplorer:498 - Change Database Version : DB.6.0.100
2024-06-21 11:06:05,787 [WARN] ThirdParty:871 - waiting for thirdparty lock release [close project]
2024-06-21 11:06:05,787 [INFO] ThirdParty:873 - entering critical section [close project]
2024-06-21 11:06:05,789 [INFO] ThirdParty:883 - exiting critical section [close project]
2024-06-21 11:06:05,790 [INFO] PinOutPanel:1499 - setPackage(No Configuration,No Configuration)
2024-06-21 11:06:05,794 [INFO] UtilMem:75 - Begin LoadConfig() Used Memory: 751360280 Bytes (1073741824)
2024-06-21 11:06:05,796 [INFO] MicroXplorer:468 - Change Database Path : 
2024-06-21 11:06:05,796 [INFO] MicroXplorer:498 - Change Database Version : DB.6.0.100
2024-06-21 11:06:05,796 [INFO] OpenFileManager:312 - Change cursor
2024-06-21 11:06:05,825 [INFO] Mcu:2016 - Initializing MCU STM32F446R(C-E)Tx STM32F446RETx STM32F446RET6
2024-06-21 11:06:07,035 [INFO] Context:659 - Trying to add GPIOservice into a context  which must be forbidden
2024-06-21 11:06:07,656 [INFO] RtosManager:555 - Registered RTOS mode: class=CMSIS, group=RTOS, mode=CMSIS_V1, owner=FREERTOS
2024-06-21 11:06:07,656 [INFO] RtosManager:555 - Registered RTOS mode: class=CMSIS, group=RTOS2, mode=CMSIS_V2, owner=FREERTOS
2024-06-21 11:06:07,656 [INFO] RtosManager:555 - Registered RTOS mode: class=RTOS, group=Core, mode=CMSIS_V1, owner=FREERTOS
2024-06-21 11:06:07,656 [INFO] RtosManager:555 - Registered RTOS mode: class=RTOS, group=Core, mode=CMSIS_V2, owner=FREERTOS
2024-06-21 11:06:07,656 [WARN] ModelIntegratedComponent:184 - Missing modes for component STMicroelectronics:FreeRTOS:0.0.1:STMicroelectronics:RTOS:FreeRTOS:Core:::10.2.0:
2024-06-21 11:06:07,668 [WARN] ModelIntegratedComponent:63 - No mode defined for component null
2024-06-21 11:06:07,668 [WARN] ModelIntegratedComponent:63 - No mode defined for component null
2024-06-21 11:06:07,668 [WARN] ModelIntegratedComponent:63 - No mode defined for component null
2024-06-21 11:06:07,668 [WARN] ModelIntegratedComponent:63 - No mode defined for component null
2024-06-21 11:06:07,668 [WARN] ModelIntegratedComponent:63 - No mode defined for component null
2024-06-21 11:06:07,668 [WARN] ModelIntegratedComponent:63 - No mode defined for component null
2024-06-21 11:06:07,668 [WARN] ModelIntegratedComponent:63 - No mode defined for component null
2024-06-21 11:06:07,668 [WARN] ModelIntegratedComponent:63 - No mode defined for component null
2024-06-21 11:06:07,668 [WARN] ModelIntegratedComponent:63 - No mode defined for component null
2024-06-21 11:06:07,668 [WARN] ModelIntegratedComponent:63 - No mode defined for component null
2024-06-21 11:06:07,668 [WARN] ModelIntegratedComponent:63 - No mode defined for component null
2024-06-21 11:06:07,668 [WARN] ModelIntegratedComponent:63 - No mode defined for component null
2024-06-21 11:06:07,668 [WARN] ModelIntegratedComponent:63 - No mode defined for component null
2024-06-21 11:06:07,668 [WARN] ModelIntegratedComponent:63 - No mode defined for component null
2024-06-21 11:06:07,668 [WARN] ModelIntegratedComponent:63 - No mode defined for component null
2024-06-21 11:06:07,668 [WARN] ModelIntegratedComponent:63 - No mode defined for component null
2024-06-21 11:06:07,669 [WARN] ModelIntegratedComponent:63 - No mode defined for component null
2024-06-21 11:06:07,669 [WARN] ModelIntegratedComponent:63 - No mode defined for component null
2024-06-21 11:06:07,669 [WARN] ModelIntegratedComponent:63 - No mode defined for component null
2024-06-21 11:06:07,669 [WARN] ModelIntegratedComponent:63 - No mode defined for component null
2024-06-21 11:06:07,669 [WARN] ModelIntegratedComponent:63 - No mode defined for component null
2024-06-21 11:06:07,669 [WARN] ModelIntegratedComponent:63 - No mode defined for component null
2024-06-21 11:06:07,669 [WARN] ModelIntegratedComponent:63 - No mode defined for component null
2024-06-21 11:06:07,669 [WARN] ModelIntegratedComponent:63 - No mode defined for component null
2024-06-21 11:06:07,669 [WARN] ModelIntegratedComponent:63 - No mode defined for component null
2024-06-21 11:06:07,669 [WARN] ModelIntegratedComponent:63 - No mode defined for component null
2024-06-21 11:06:07,669 [WARN] ModelIntegratedComponent:63 - No mode defined for component null
2024-06-21 11:06:07,669 [WARN] ModelIntegratedComponent:63 - No mode defined for component null
2024-06-21 11:06:07,669 [WARN] ModelIntegratedComponent:63 - No mode defined for component null
2024-06-21 11:06:07,669 [WARN] ModelIntegratedComponent:63 - No mode defined for component null
2024-06-21 11:06:07,669 [WARN] ModelIntegratedComponent:63 - No mode defined for component null
2024-06-21 11:06:07,669 [WARN] ModelIntegratedComponent:63 - No mode defined for component null
2024-06-21 11:06:07,669 [WARN] ModelIntegratedComponent:63 - No mode defined for component null
2024-06-21 11:06:07,752 [INFO] ThirdPartyModel:298 - Start build external matchings
2024-06-21 11:06:07,984 [INFO] ThirdPartyModel:316 - End build external matchings
2024-06-21 11:06:07,996 [INFO] ImportTextPane:194 - (OptionalMessage_ERROR) IP (RCC) : Invalid parameter (FamilyName)
2024-06-21 11:06:07,997 [INFO] ImportTextPane:194 - (OptionalMessage_ERROR) IP (RCC) : Parameter (MCO2PinFreq_Value) has invalid value (164000000)
2024-06-21 11:06:07,998 [INFO] ImportTextPane:194 - (OptionalMessage_ERROR) IP (RCC) : Parameter (SDIOFreq_Value) has invalid value (164000000)
2024-06-21 11:06:07,998 [INFO] ImportTextPane:194 - (OptionalMessage_ERROR) IP (RCC) : Parameter (USBFreq_Value) has invalid value (164000000)
2024-06-21 11:06:08,187 [INFO] UtilMem:75 - End LoadConfig() Used Memory: 579461280 Bytes (1073741824)
2024-06-21 11:06:08,293 [INFO] ApiDb:581 - Connected to CubeFinder SQLite database (/home/frank/.stmcufinder/plugins/mcufinder/mcu/cube-finder-db.db)
2024-06-21 11:06:08,340 [INFO] ApiDb:668 - CubeFinder database Data Model version=2.1
2024-06-21 11:06:08,340 [INFO] ApiDb:669 - CubeFinder database Configuration version=3.0.39
2024-06-21 11:06:08,341 [INFO] ApiDb:670 - CubeFinder database generation date=2024-05-16 (1715872938)
2024-06-21 11:06:08,341 [INFO] ApiDb:671 - CubeFinder database FW Pack versions=[FP-ATR-ASTRA1_V2.0.0, FP-SNS-FLIGHT1_V5.0.1, FP-SNS-FLIGHT1_V5.0.2, FP-SNS-MOTENV1_V4.3.1, FP-SNS-MOTENV1_V4.3.2, FP-SNS-MOTENV1_V5.0.0, FP-SNS-MOTENVWB1_V1.4.0, FP-SNS-SMARTAG2_V1.2.0, STM32Cube_FW_C0_V1.1.0, STM32Cube_FW_F4_V1.28.0, STM32Cube_FW_F7_V1.17.0, STM32Cube_FW_G0_V1.6.2, STM32Cube_FW_G4_V1.5.2, STM32Cube_FW_H5_V0.5.1, STM32Cube_FW_H5_V1.1.1, STM32Cube_FW_H5_V1.2.0, STM32Cube_FW_H5_V1.2.0RC4, STM32Cube_FW_H7RS_V1.0.0, STM32Cube_FW_H7RS_V1.0.0RC4, STM32Cube_FW_H7_V1.11.0, STM32Cube_FW_L0_V1.12.2, STM32Cube_FW_L5_V1.5.1, STM32Cube_FW_U0_V1.0.0, STM32Cube_FW_U0_V1.0.0RC1, STM32Cube_FW_U5_V1.3.0RC4, STM32Cube_FW_U5_V1.5.0, STM32Cube_FW_U5_V1.5.0RC1, STM32Cube_FW_WBA_V1.0.0RC1, STM32Cube_FW_WBA_V1.2.0, STM32Cube_FW_WBA_V1.2.0RC2, STM32Cube_FW_WBA_V1.3.0, STM32Cube_FW_WBA_V1.3.0RC1, STM32Cube_FW_WB_V1.15.0RC1, STM32Cube_FW_WB_V1.16.0, STM32Cube_FW_WB_V1.16.0RC2, STM32Cube_FW_WB_V1.18.0, STM32Cube_FW_WB_V1.19.0, STM32Cube_FW_WL_V1.3.0, X-CUBE-ALGOBUILD_V1.4.0, X-CUBE-ALS_V1.0.1, X-CUBE-AZRTOS-F4_V1.1.0, X-CUBE-AZRTOS-F7_V1.1.0, X-CUBE-AZRTOS-G0_V1.1.0, X-CUBE-AZRTOS-G4_V2.0.0, X-CUBE-AZRTOS-H7_V3.2.0, X-CUBE-AZRTOS-L4_V1.0.0, X-CUBE-AZRTOS-L4_V2.0.0, X-CUBE-AZRTOS-L5_V1.1.0, X-CUBE-AZRTOS-WB_V2.0.0, X-CUBE-AZRTOS-WL_V2.0.0, X-CUBE-BLE1_V7.0.0, X-CUBE-BLE2_V3.3.0, X-CUBE-BLEMGR_V3.1.0, X-CUBE-EEPRMA1_V4.1.0, X-CUBE-EEPRMA1_V5.1.0, X-CUBE-FREERTOS_V1.1.0, X-CUBE-GNSS1_V6.0.0, X-CUBE-MEMS1_V10.0.0, X-CUBE-MEMS1_V9.1.0, X-CUBE-MEMS1_V9.4.0, X-CUBE-MEMS1_V9.6.0, X-CUBE-NFC4_V3.0.0, X-CUBE-NFC7_V1.0.1, X-CUBE-SFXS2LP1_V4.0.0, X-CUBE-SUBG2_V5.0.0, X-CUBE-TOF1_V3.4.0]
2024-06-21 11:06:10,195 [INFO] ApiDb:240 - Found 371 in-development CPN: [B-G473E-ZEST1S, B-WB1M-WPAN1, B-WL5M-SUBG1, NUCLEO-C031C6, NUCLEO-H503RB, NUCLEO-H563ZI, NUCLEO-U545RE-Q, NUCLEO-U5A5ZJ-Q, NUCLEO-WBA52CG, NUCLEO-WBA55CG, STEVAL-MKBOXPRO, STEVAL-PROTEUS1, STEVAL-STWINBX1, STM320518-EVAL, STM32C0116-DK, STM32C011D6Y3TR, STM32C011D6Y6TR, STM32C011F4P3, STM32C011F4P6, STM32C011F4U3, STM32C011F4U6TR, STM32C011F6P3, STM32C011F6P6, STM32C011F6U3, STM32C011F6U6TR, STM32C011J4M3, STM32C011J4M6, STM32C011J6M3, STM32C011J6M6, STM32C0316-DK, STM32C031C4T3, STM32C031C4T6, STM32C031C4U3, STM32C031C4U6, STM32C031C6T3, STM32C031C6T6, STM32C031C6U3, STM32C031C6U6, STM32C031F4P3, STM32C031F4P6, STM32C031F6P3, STM32C031F6P6, STM32C031G4U3, STM32C031G4U6, STM32C031G6U3, STM32C031G6U6, STM32C031K4T3, STM32C031K4T6, STM32C031K4U3, STM32C031K4U6, STM32C031K6T3, STM32C031K6T6, STM32C031K6U3, STM32C031K6U6, STM32G071K8TXN, STM32G071K8UXN, STM32G081GBU6N, STM32G081KBT6N, STM32G081KBUXN, STM32G0B1CCT6N, STM32G0B1KCT6, STM32G0B1NEY6TR, STM32G0B1RCT6N, STM32G0C1CCT6, STM32G0C1CCT6N, STM32G0C1CCU6N, STM32G0C1CET6N, STM32G0C1CEU6N, STM32G0C1KCT6, STM32G0C1NEY6TR, STM32G0C1RCI6N, STM32G0C1RCT6N, STM32G0C1REI6N, STM32G0C1RET6N, STM32G0C1VCI6, STM32G0C1VEI6, STM32G471CCT6, STM32G471CCU6, STM32G471CET3, STM32G471CET6, STM32G471CEU3, STM32G471CEU6, STM32G471MCT6, STM32G471MET3, STM32G471MET6, STM32G471MEY6TR, STM32G471QCT6, STM32G471QET3, STM32G471RCT6, STM32G471RET3, STM32G471RET6, STM32G471VCH6, STM32G471VCI6, STM32G471VCT6, STM32G471VEH3, STM32G471VEH6, STM32G471VEI3, STM32G471VEI6, STM32G471VET3, STM32G471VET6, STM32G474CCT6, STM32H503CBT6, STM32H503CBU6, STM32H503EBY6TR, STM32H503KBU6, STM32H503RBT6, STM32H562AGI6, STM32H562AII6, STM32H562IGK6, STM32H562IGT6, STM32H562IIK6, STM32H562IIT6, STM32H562RGT6, STM32H562RGV6, STM32H562RIT6, STM32H562RIV6, STM32H562VGT6, STM32H562VIT6, STM32H562ZGT6, STM32H562ZIT6, STM32H563AGI6, STM32H563AII3Q, STM32H563AII6, STM32H563IGK6, STM32H563IGT6, STM32H563IIK3Q, STM32H563IIK6, STM32H563IIT3Q, STM32H563IIT6, STM32H563MIY3QTR, STM32H563RGT6, STM32H563RGV6, STM32H563RIT6, STM32H563RIV6, STM32H563VGT6, STM32H563VIT3Q, STM32H563VIT6, STM32H563ZGT6, STM32H563ZIT3Q, STM32H563ZIT6, STM32H573AII3Q, STM32H573AII6, STM32H573I-DK, STM32H573IIK3Q, STM32H573IIK6, STM32H573IIT3Q, STM32H573IIT6, STM32H573MIY3QTR, STM32H573RIT6, STM32H573RIV6, STM32H573VIT3Q, STM32H573VIT6, STM32H573ZIT3Q, STM32H573ZIT6, STM32L4R5QGI6STR, STM32MP131AAE3, STM32MP131AAF3, STM32MP131AAG3, STM32MP131CAE3, STM32MP131CAF3, STM32MP131CAG3, STM32MP131DAE7, STM32MP131DAF7, STM32MP131DAG7, STM32MP131FAE7, STM32MP131FAF7, STM32MP131FAG7, STM32MP133AAE3, STM32MP133AAF3, STM32MP133AAG3, STM32MP133CAE3, STM32MP133CAF3, STM32MP133CAG3, STM32MP133DAE7, STM32MP133DAF7, STM32MP133DAG7, STM32MP133FAE7, STM32MP133FAF7, STM32MP133FAG7, STM32MP135AAE3, STM32MP135AAF3, STM32MP135AAG3, STM32MP135CAE3, STM32MP135CAF3, STM32MP135CAG3, STM32MP135DAE7, STM32MP135DAF7, STM32MP135DAG7, STM32MP135F-DK, STM32MP135FAE7, STM32MP135FAF7, STM32MP135FAF7T, STM32MP135FAF7U, STM32MP135FAG7, STM32U535CBT6, STM32U535CBT6Q, STM32U535CBU6, STM32U535CBU6Q, STM32U535CCT6, STM32U535CCT6Q, STM32U535CCU6, STM32U535CCU6Q, STM32U535CET6, STM32U535CET6Q, STM32U535CEU6, STM32U535CEU6Q, STM32U535JEY6QTR, STM32U535NCY6QTR, STM32U535NEY6QTR, STM32U535RBI6, STM32U535RBI6Q, STM32U535RBT6, STM32U535RBT6Q, STM32U535RCI6, STM32U535RCI6Q, STM32U535RCT6, STM32U535RCT6Q, STM32U535REI6, STM32U535REI6Q, STM32U535RET6, STM32U535RET6Q, STM32U535VCI6, STM32U535VCI6Q, STM32U535VCT6, STM32U535VCT6Q, STM32U535VEI6, STM32U535VEI6Q, STM32U535VET6, STM32U535VET6Q, STM32U545CET6, STM32U545CET6Q, STM32U545CEU6, STM32U545CEU6Q, STM32U545JEY6QTR, STM32U545NEY6QTR, STM32U545REI6, STM32U545REI6Q, STM32U545RET6, STM32U545RET6Q, STM32U545VEI6, STM32U545VEI6Q, STM32U545VET6, STM32U545VET6Q, STM32U595AIH6, STM32U595AIH6Q, STM32U595AJH6, STM32U595AJH6Q, STM32U595QII6, STM32U595QII6Q, STM32U595QJI6, STM32U595QJI6Q, STM32U595RIT6, STM32U595RIT6Q, STM32U595RJT6, STM32U595RJT6Q, STM32U595VIT6, STM32U595VIT6Q, STM32U595VJT6, STM32U595VJT6Q, STM32U595ZIT6, STM32U595ZIT6Q, STM32U595ZIY6QTR, STM32U595ZJT6, STM32U595ZJT6Q, STM32U595ZJY6QTR, STM32U599BJY6QTR, STM32U599NIH6Q, STM32U599NJH6Q, STM32U599VIT6Q, STM32U599VJT6, STM32U599VJT6Q, STM32U599ZIT6Q, STM32U599ZIY6QTR, STM32U599ZJT6Q, STM32U599ZJY6QTR, STM32U5A5AJH6, STM32U5A5AJH6Q, STM32U5A5QJI6, STM32U5A5QJI6Q, STM32U5A5RJT6, STM32U5A5RJT6Q, STM32U5A5VJT6, STM32U5A5VJT6Q, STM32U5A5ZJT6, STM32U5A5ZJT6Q, STM32U5A5ZJY6QTR, STM32U5A9BJY6QTR, STM32U5A9J-DK, STM32U5A9NJH6Q, STM32U5A9VJT6Q, STM32U5A9ZJT6Q, STM32U5A9ZJY6QTR, STM32U5F7VIT6, STM32U5F7VIT6Q, STM32U5F7VJT6, STM32U5F7VJT6Q, STM32U5F9BJY6QTR, STM32U5F9NJH6Q, STM32U5F9VIT6Q, STM32U5F9VJT6Q, STM32U5F9ZIJ6QTR, STM32U5F9ZIT6Q, STM32U5F9ZJJ6QTR, STM32U5F9ZJT6Q, STM32U5G7VJT6, STM32U5G7VJT6Q, STM32U5G9BJY6QTR, STM32U5G9J-DK1, STM32U5G9J-DK2, STM32U5G9NJH6Q, STM32U5G9VJT6Q, STM32U5G9ZJJ6QTR, STM32U5G9ZJT6Q, STM32WB1MMCH6, STM32WBA50KEU6, STM32WBA50KEU6TR, STM32WBA50KGU6, STM32WBA50KGU6TR, STM32WBA52CEU6, STM32WBA52CEU6TR, STM32WBA52CEU7, STM32WBA52CEU7TR, STM32WBA52CGU6, STM32WBA52CGU6TR, STM32WBA52CGU6U, STM32WBA52CGU7, STM32WBA52CGU7TR, STM32WBA52KEU6, STM32WBA52KEU6TR, STM32WBA52KGU6, STM32WBA52KGU6TR, STM32WBA54CEU6, STM32WBA54CEU6TR, STM32WBA54CEU7, STM32WBA54CEU7TR, STM32WBA54CGU6, STM32WBA54CGU6TR, STM32WBA54CGU7, STM32WBA54CGU7TR, STM32WBA54KEU6, STM32WBA54KEU6TR, STM32WBA54KEU7, STM32WBA54KEU7TR, STM32WBA54KGU6, STM32WBA54KGU6TR, STM32WBA54KGU7, STM32WBA54KGU7TR, STM32WBA55CEU6, STM32WBA55CEU6TR, STM32WBA55CEU7, STM32WBA55CEU7TR, STM32WBA55CGU6, STM32WBA55CGU6TR, STM32WBA55CGU6U, STM32WBA55CGU7, STM32WBA55CGU7TR, STM32WBA55G-DK1, STM32WBA55HEF6, STM32WBA55HEF7, STM32WBA55HGF6, STM32WBA55HGF7, STM32WBA55UEI6, STM32WBA55UEI6TR, STM32WBA55UEI7, STM32WBA55UEI7TR, STM32WBA55UGI6, STM32WBA55UGI6TR, STM32WBA55UGI7, STM32WBA55UGI7TR, STM32WL5MOCH6, STM32WL5MOCH6TR]
2024-06-21 11:06:10,200 [INFO] DbMcus:218 - Found 4092 MCUs, 4092 are supported
2024-06-21 11:06:10,201 [INFO] ApiDb:423 - Load user favorites file /home/frank/.stm32cubeide/favorites.mcus.txt: 0 item(s)
2024-06-21 11:06:10,201 [INFO] ApiDb:427 - User favorites MCUs=[]
2024-06-21 11:06:10,201 [INFO] DbMcus:224 - Set 0 / 0 favorites MCUs
2024-06-21 11:06:10,545 [INFO] MicroXplorer:468 - Change Database Path : 
2024-06-21 11:06:10,545 [INFO] MicroXplorer:498 - Change Database Version : DB.6.0.100
2024-06-21 11:06:10,546 [WARN] ThirdParty:833 - waiting for thirdparty lock release [change project]
2024-06-21 11:06:10,546 [INFO] ThirdParty:835 - entering critical section [change project]
2024-06-21 11:06:10,546 [INFO] ThirdParty:1030 - CMSIS Pack Vendor :STMicroelectronics USBPD 4.1
2024-06-21 11:06:10,546 [INFO] ThirdParty:1030 - CMSIS Pack Vendor :STMicroelectronics X-CUBE-GNSS1 6.0.0
2024-06-21 11:06:10,546 [INFO] ThirdParty:1030 - CMSIS Pack Vendor :STMicroelectronics USB_HOST 2.0.0
2024-06-21 11:06:10,546 [INFO] ThirdParty:1030 - CMSIS Pack Vendor :STMicroelectronics FP-SNS-MOTENVWB1 1.4.0
2024-06-21 11:06:10,546 [INFO] ThirdParty:1030 - CMSIS Pack Vendor :STMicroelectronics X-CUBE-AZRTOS-F4 1.1.0
2024-06-21 11:06:10,546 [INFO] ThirdParty:1030 - CMSIS Pack Vendor :STMicroelectronics LIBJPEG 8.0.0
2024-06-21 11:06:10,546 [INFO] ThirdParty:1030 - CMSIS Pack Vendor :STMicroelectronics X-CUBE-SMBUS 2.1.0
2024-06-21 11:06:10,546 [INFO] ThirdParty:1030 - CMSIS Pack Vendor :STMicroelectronics USB_DEVICE 3.0.0
2024-06-21 11:06:10,546 [INFO] ThirdParty:1030 - CMSIS Pack Vendor :STMicroelectronics X-CUBE-TCPP 4.1.0
2024-06-21 11:06:10,547 [INFO] ThirdParty:1030 - CMSIS Pack Vendor :STMicroelectronics X-CUBE-FREERTOS 1.2.0
2024-06-21 11:06:10,547 [INFO] ThirdParty:1030 - CMSIS Pack Vendor :STMicroelectronics X-CUBE-AZRTOS-WB 2.0.0
2024-06-21 11:06:10,547 [INFO] ThirdParty:1030 - CMSIS Pack Vendor :STMicroelectronics X-CUBE-TOUCHGFX 4.23.2
2024-06-21 11:06:10,547 [INFO] ThirdParty:1030 - CMSIS Pack Vendor :STMicroelectronics X-CUBE-AZRTOS-F7 1.1.0
2024-06-21 11:06:10,547 [INFO] ThirdParty:1030 - CMSIS Pack Vendor :STMicroelectronics X-CUBE-AZRTOS-L5 2.0.0
2024-06-21 11:06:10,547 [INFO] ThirdParty:1030 - CMSIS Pack Vendor :STMicroelectronics USB_DEVICE 2.0.0
2024-06-21 11:06:10,547 [INFO] ThirdParty:1030 - CMSIS Pack Vendor :STMicroelectronics X-CUBE-NFC6 3.1.0
2024-06-21 11:06:10,547 [INFO] ThirdParty:1030 - CMSIS Pack Vendor :STMicroelectronics FP-SNS-MOTENV1 4.3.2
2024-06-21 11:06:10,547 [INFO] ThirdParty:1030 - CMSIS Pack Vendor :STMicroelectronics FreeRTOS 0.0.1
2024-06-21 11:06:10,547 [INFO] ThirdParty:1030 - CMSIS Pack Vendor :STMicroelectronics X-CUBE-AZRTOS-G0 1.1.0
2024-06-21 11:06:10,547 [INFO] ThirdParty:1030 - CMSIS Pack Vendor :STMicroelectronics X-CUBE-SAFEA1 1.2.2
2024-06-21 11:06:10,547 [INFO] ThirdParty:1030 - CMSIS Pack Vendor :STMicroelectronics X-CUBE-NFC4 3.0.0
2024-06-21 11:06:10,547 [INFO] ThirdParty:1030 - CMSIS Pack Vendor :STMicroelectronics X-CUBE-SUBG2 5.0.0
2024-06-21 11:06:10,547 [INFO] ThirdParty:1030 - CMSIS Pack Vendor :STMicroelectronics STM32_WPAN 1.0.0
2024-06-21 11:06:10,547 [INFO] ThirdParty:1030 - CMSIS Pack Vendor :wolfSSL I-CUBE-wolfMQTT 1.18.0
2024-06-21 11:06:10,547 [INFO] ThirdParty:1030 - CMSIS Pack Vendor :STMicroelectronics lwIP 2.0.3
2024-06-21 11:06:10,547 [INFO] ThirdParty:1030 - CMSIS Pack Vendor :STMicroelectronics FP-SNS-FLIGHT1 5.0.2
2024-06-21 11:06:10,547 [INFO] ThirdParty:1030 - CMSIS Pack Vendor :Cesanta I-CUBE-Mongoose 7.13.0
2024-06-21 11:06:10,547 [INFO] ThirdParty:1030 - CMSIS Pack Vendor :STMicroelectronics USB_HOST 1.0.0
2024-06-21 11:06:10,547 [INFO] ThirdParty:1030 - CMSIS Pack Vendor :STMicroelectronics X-CUBE-AI 9.0.0
2024-06-21 11:06:10,547 [INFO] ThirdParty:1030 - CMSIS Pack Vendor :STMicroelectronics X-CUBE-AZRTOS-G4 2.0.0
2024-06-21 11:06:10,547 [INFO] ThirdParty:1030 - CMSIS Pack Vendor :STMicroelectronics PDM2PCM 3.1.0
2024-06-21 11:06:10,547 [INFO] ThirdParty:1030 - CMSIS Pack Vendor :STMicroelectronics PDM2PCM 3.3.0
2024-06-21 11:06:10,547 [INFO] ThirdParty:1030 - CMSIS Pack Vendor :STMicroelectronics X-CUBE-DISPLAY 3.0.0
2024-06-21 11:06:10,547 [INFO] ThirdParty:1030 - CMSIS Pack Vendor :wolfSSL I-CUBE-wolfSSL 5.7.0
2024-06-21 11:06:10,548 [INFO] ThirdParty:1030 - CMSIS Pack Vendor :STMicroelectronics FP-SNS-MOTENVWB1 1.3.1
2024-06-21 11:06:10,548 [INFO] ThirdParty:1030 - CMSIS Pack Vendor :STMicroelectronics X-CUBE-BLE1 7.0.0
2024-06-21 11:06:10,548 [INFO] ThirdParty:1030 - CMSIS Pack Vendor :STMicroelectronics FP-ATR-SIGFOX1 3.2.0
2024-06-21 11:06:10,548 [INFO] ThirdParty:1030 - CMSIS Pack Vendor :STMicroelectronics X-CUBE-ISPU 2.0.0
2024-06-21 11:06:10,548 [INFO] ThirdParty:1030 - CMSIS Pack Vendor :STMicroelectronics X-CUBE-EEPRMA1 5.1.0
2024-06-21 11:06:10,548 [INFO] ThirdParty:1030 - CMSIS Pack Vendor :STMicroelectronics HAL Drivers 0.0.0
2024-06-21 11:06:10,548 [INFO] ThirdParty:1030 - CMSIS Pack Vendor :STMicroelectronics MBEDTLS 2.16.2
2024-06-21 11:06:10,548 [INFO] ThirdParty:1030 - CMSIS Pack Vendor :STMicroelectronics X-CUBE-ALS 1.0.2
2024-06-21 11:06:10,548 [INFO] ThirdParty:1030 - CMSIS Pack Vendor :emotas I-CUBE-CANOPEN 1.3.0
2024-06-21 11:06:10,548 [INFO] ThirdParty:1030 - CMSIS Pack Vendor :STMicroelectronics X-CUBE-MEMS1 10.0.0
2024-06-21 11:06:10,548 [INFO] ThirdParty:1030 - CMSIS Pack Vendor :STMicroelectronics X-CUBE-NFC7 1.0.1
2024-06-21 11:06:10,548 [INFO] ThirdParty:1030 - CMSIS Pack Vendor :STMicroelectronics MBEDTLS 2.14.1
2024-06-21 11:06:10,548 [INFO] ThirdParty:1030 - CMSIS Pack Vendor :ITTIA_DB I-CUBE-ITTIADB 8.9.0
2024-06-21 11:06:10,548 [INFO] ThirdParty:1030 - CMSIS Pack Vendor :portGmbH I-Cube-SoM-uGOAL 1.1.0
2024-06-21 11:06:10,548 [INFO] ThirdParty:1030 - CMSIS Pack Vendor :STMicroelectronics X-CUBE-ALS 1.0.1
2024-06-21 11:06:10,548 [INFO] ThirdParty:1030 - CMSIS Pack Vendor :STMicroelectronics X-CUBE-BLEMGR 3.1.0
2024-06-21 11:06:10,548 [INFO] ThirdParty:1030 - CMSIS Pack Vendor :STMicroelectronics ThreadX 1.0.0
2024-06-21 11:06:10,548 [INFO] ThirdParty:1030 - CMSIS Pack Vendor :STMicroelectronics FP-SNS-SMARTAG2 1.2.0
2024-06-21 11:06:10,548 [INFO] ThirdParty:1030 - CMSIS Pack Vendor :STMicroelectronics X-CUBE-AZRTOS-WL 2.0.0
2024-06-21 11:06:10,548 [INFO] ThirdParty:1030 - CMSIS Pack Vendor :SEGGER I-CUBE-embOS 1.3.1
2024-06-21 11:06:10,548 [INFO] ThirdParty:1030 - CMSIS Pack Vendor :STMicroelectronics X-CUBE-ALGOBUILD 1.4.0
2024-06-21 11:06:10,548 [INFO] ThirdParty:1030 - CMSIS Pack Vendor :STMicroelectronics FP-SNS-MOTENV1 5.0.0
2024-06-21 11:06:10,548 [INFO] ThirdParty:1030 - CMSIS Pack Vendor :STMicroelectronics USB_DEVICE 1.0.0
2024-06-21 11:06:10,548 [INFO] ThirdParty:1030 - CMSIS Pack Vendor :STMicroelectronics X-CUBE-AI 8.1.0
2024-06-21 11:06:10,548 [INFO] ThirdParty:1030 - CMSIS Pack Vendor :STMicroelectronics X-CUBE-AZRTOS-H7RS 1.0.0
2024-06-21 11:06:10,548 [INFO] ThirdParty:1030 - CMSIS Pack Vendor :STMicroelectronics X-CUBE-AZRTOS-L4 2.0.0
2024-06-21 11:06:10,548 [INFO] ThirdParty:1030 - CMSIS Pack Vendor :STMicroelectronics ThreadX 0.0.2
2024-06-21 11:06:10,548 [INFO] ThirdParty:1030 - CMSIS Pack Vendor :WES I-CUBE-Cesium 1.3.0
2024-06-21 11:06:10,548 [INFO] ThirdParty:1030 - CMSIS Pack Vendor :STMicroelectronics FP-ATR-ASTRA1 2.0.0
2024-06-21 11:06:10,549 [INFO] ThirdParty:1030 - CMSIS Pack Vendor :STMicroelectronics lwIP 2.1.2
2024-06-21 11:06:10,549 [INFO] ThirdParty:1030 - CMSIS Pack Vendor :STMicroelectronics X-CUBE-SFXS2LP1 4.0.0
2024-06-21 11:06:10,549 [INFO] ThirdParty:1030 - CMSIS Pack Vendor :STMicroelectronics X-CUBE-BLE2 3.3.0
2024-06-21 11:06:10,549 [INFO] ThirdParty:1030 - CMSIS Pack Vendor :STMicroelectronics X-CUBE-TOF1 3.4.1
2024-06-21 11:06:10,549 [INFO] ThirdParty:1030 - CMSIS Pack Vendor :STMicroelectronics X-CUBE-AZRTOS-H7 3.2.0
2024-06-21 11:06:10,549 [INFO] ThirdParty:1030 - CMSIS Pack Vendor :Infineon AIROC-Wi-Fi-Bluetooth-STM32 1.6.0
2024-06-21 11:06:10,549 [INFO] ThirdParty:1030 - CMSIS Pack Vendor :STMicroelectronics PDM2PCM 3.2.0
2024-06-21 11:06:10,549 [INFO] ThirdParty:841 - exiting critical section [change project]
2024-06-21 11:06:10,917 [INFO] PinOutPanel:1499 - setPackage(No Configuration,No Configuration)
2024-06-21 11:06:10,918 [INFO] PinOutPanel:1499 - setPackage(STM32F446RETx,LQFP64)
2024-06-21 11:06:11,597 [INFO] UtilMem:75 - Before build in PCC Used Memory: 724312992 Bytes (1073741824)
2024-06-21 11:06:12,397 [INFO] UtilMem:75 - After build in PCC Used Memory: 855384888 Bytes (1073741824)
2024-06-21 11:06:12,451 [INFO] IPUIPlugin:80 - create IPUIPlugin
2024-06-21 11:06:12,451 [INFO] IPUIPlugin:80 - create IPUIPlugin
2024-06-21 11:06:12,452 [INFO] IPUIPlugin:80 - create IPUIPlugin
2024-06-21 11:06:12,452 [INFO] IPUIPlugin:80 - create IPUIPlugin
2024-06-21 11:06:12,452 [INFO] IPUIPlugin:80 - create IPUIPlugin
2024-06-21 11:06:12,452 [INFO] IPUIPlugin:80 - create IPUIPlugin
2024-06-21 11:06:12,453 [INFO] IPUIPlugin:80 - create IPUIPlugin
2024-06-21 11:06:12,453 [INFO] IPUIPlugin:80 - create IPUIPlugin
2024-06-21 11:06:12,453 [INFO] IPUIPlugin:80 - create IPUIPlugin
2024-06-21 11:06:12,453 [INFO] IPUIPlugin:80 - create IPUIPlugin
2024-06-21 11:06:12,454 [INFO] IPUIPlugin:80 - create IPUIPlugin
2024-06-21 11:06:12,454 [INFO] IPUIPlugin:80 - create IPUIPlugin
2024-06-21 11:06:12,454 [INFO] IPUIPlugin:80 - create IPUIPlugin
2024-06-21 11:06:12,454 [INFO] IPUIPlugin:80 - create IPUIPlugin
2024-06-21 11:06:12,455 [INFO] IPUIPlugin:80 - create IPUIPlugin
2024-06-21 11:06:12,455 [INFO] IPUIPlugin:80 - create IPUIPlugin
2024-06-21 11:06:12,455 [INFO] IPUIPlugin:80 - create IPUIPlugin
2024-06-21 11:06:12,455 [INFO] IPUIPlugin:80 - create IPUIPlugin
2024-06-21 11:06:12,456 [INFO] IPUIPlugin:80 - create IPUIPlugin
2024-06-21 11:06:12,456 [INFO] IPUIPlugin:80 - create IPUIPlugin
2024-06-21 11:06:12,456 [INFO] IPUIPlugin:80 - create IPUIPlugin
2024-06-21 11:06:12,456 [INFO] IPUIPlugin:80 - create IPUIPlugin
2024-06-21 11:06:12,457 [INFO] IPUIPlugin:80 - create IPUIPlugin
2024-06-21 11:06:12,457 [INFO] IPUIPlugin:80 - create IPUIPlugin
2024-06-21 11:06:12,457 [INFO] IPUIPlugin:80 - create IPUIPlugin
2024-06-21 11:06:12,457 [INFO] IPUIPlugin:80 - create IPUIPlugin
2024-06-21 11:06:12,458 [INFO] IPUIPlugin:80 - create IPUIPlugin
2024-06-21 11:06:12,458 [INFO] IPUIPlugin:80 - create IPUIPlugin
2024-06-21 11:06:12,458 [INFO] IPUIPlugin:80 - create IPUIPlugin
2024-06-21 11:06:12,459 [INFO] IPUIPlugin:80 - create IPUIPlugin
2024-06-21 11:06:12,459 [INFO] IPUIPlugin:80 - create IPUIPlugin
2024-06-21 11:06:12,459 [INFO] IPUIPlugin:80 - create IPUIPlugin
2024-06-21 11:06:12,460 [INFO] IPUIPlugin:80 - create IPUIPlugin
2024-06-21 11:06:12,460 [INFO] IPUIPlugin:80 - create IPUIPlugin
2024-06-21 11:06:12,461 [INFO] IPUIPlugin:80 - create IPUIPlugin
2024-06-21 11:06:12,461 [INFO] IPUIPlugin:80 - create IPUIPlugin
2024-06-21 11:06:12,461 [INFO] IPUIPlugin:80 - create IPUIPlugin
2024-06-21 11:06:12,462 [INFO] IPUIPlugin:80 - create IPUIPlugin
2024-06-21 11:06:12,462 [INFO] IPUIPlugin:80 - create IPUIPlugin
2024-06-21 11:06:12,462 [INFO] IPUIPlugin:80 - create IPUIPlugin
2024-06-21 11:06:12,463 [INFO] IPUIPlugin:80 - create IPUIPlugin
2024-06-21 11:06:12,463 [INFO] IPUIPlugin:80 - create IPUIPlugin
2024-06-21 11:06:12,464 [INFO] IPUIPlugin:80 - create IPUIPlugin
2024-06-21 11:06:12,464 [INFO] IPUIPlugin:80 - create IPUIPlugin
2024-06-21 11:06:12,464 [INFO] IPUIPlugin:80 - create IPUIPlugin
2024-06-21 11:06:12,465 [INFO] IPUIPlugin:80 - create IPUIPlugin
2024-06-21 11:06:12,465 [INFO] IPUIPlugin:80 - create IPUIPlugin
2024-06-21 11:06:12,466 [INFO] IPUIPlugin:80 - create IPUIPlugin
2024-06-21 11:06:12,466 [INFO] IPUIPlugin:80 - create IPUIPlugin
2024-06-21 11:06:12,467 [INFO] IPUIPlugin:80 - create IPUIPlugin
2024-06-21 11:06:12,467 [INFO] IPUIPlugin:80 - create IPUIPlugin
2024-06-21 11:06:12,468 [INFO] IPUIPlugin:80 - create IPUIPlugin
2024-06-21 11:06:12,468 [INFO] IPUIPlugin:80 - create IPUIPlugin
2024-06-21 11:06:12,469 [INFO] IPUIPlugin:80 - create IPUIPlugin
2024-06-21 11:06:12,470 [INFO] IPUIPlugin:80 - create IPUIPlugin
2024-06-21 11:06:12,470 [INFO] IPUIPlugin:80 - create IPUIPlugin
2024-06-21 11:06:12,471 [INFO] IPUIPlugin:80 - create IPUIPlugin
2024-06-21 11:06:12,471 [INFO] IPUIPlugin:80 - create IPUIPlugin
2024-06-21 11:06:12,473 [INFO] IPUIPlugin:80 - create IPUIPlugin
2024-06-21 11:06:12,473 [INFO] IPUIPlugin:80 - create IPUIPlugin
2024-06-21 11:06:12,524 [INFO] ApiDbMcu:508 - Load IP Config File for PDM2PCM
2024-06-21 11:06:12,531 [WARN] IP:2119 - I2C_Coeff_DF not found: check if there is a RefParameter without a condition.
2024-06-21 11:06:12,531 [WARN] IP:2119 - Analog_Filter not found: check if there is a RefParameter without a condition.
2024-06-21 11:06:12,719 [INFO] CADModel:165 - CPN selected for project levelSTM32F446RET6
2024-06-21 11:06:12,719 [INFO] CADModel:114 - Register for checkConnection events
2024-06-21 11:06:12,760 [INFO] OpenFileManager:343 - Restore cursor
2024-06-21 11:06:12,956 [WARN] IP:2119 - I2C_Coeff_DF not found: check if there is a RefParameter without a condition.
2024-06-21 11:06:12,956 [WARN] IP:2119 - Analog_Filter not found: check if there is a RefParameter without a condition.
2024-06-21 11:06:12,957 [WARN] IP:2119 - I2C_Coeff_DF not found: check if there is a RefParameter without a condition.
2024-06-21 11:06:12,957 [WARN] IP:2119 - Analog_Filter not found: check if there is a RefParameter without a condition.
2024-06-21 11:07:45,834 [INFO] UtilMem:75 - End SaveConfig() Used Memory: 739373256 Bytes (1073741824)
2024-06-21 11:07:47,863 [INFO] UtilMem:75 - End SaveConfig() Used Memory: 836368584 Bytes (1073741824)
2024-06-21 11:07:48,337 [INFO] BlockDiagram:2759 - set Specific Code input for plugin: SYS
2024-06-21 11:07:48,337 [INFO] BlockDiagram:2759 - set Specific Code input for plugin: RCC
2024-06-21 11:07:48,337 [INFO] BlockDiagram:2759 - set Specific Code input for plugin: I2C
2024-06-21 11:07:48,338 [INFO] BlockDiagram:2759 - set Specific Code input for plugin: NVIC
2024-06-21 11:07:48,338 [INFO] BlockDiagram:2759 - set Specific Code input for plugin: TIM1_8
2024-06-21 11:07:48,338 [INFO] BlockDiagram:2759 - set Specific Code input for plugin: GPIO
2024-06-21 11:07:48,339 [INFO] CodeGenerator:807 - code generatio: config db path: /home/frank/st/stm32cubeide_1.14.0/plugins/com.st.stm32cube.common.mx_6.10.0.202311202037//db/
2024-06-21 11:07:48,345 [WARN] IP:2119 - I2C_Coeff_DF not found: check if there is a RefParameter without a condition.
2024-06-21 11:07:48,345 [WARN] IP:2119 - Analog_Filter not found: check if there is a RefParameter without a condition.
2024-06-21 11:07:48,678 [INFO] CodeEngine:255 - oldGeneratedFile, /home/frank/thesis_ws/test/MXTmpFiles/license.tmp_save
2024-06-21 11:07:48,983 [INFO] CodeEngine:279 - Generated code: /home/frank/thesis_ws/test/MXTmpFiles/license.tmp
2024-06-21 11:07:49,023 [INFO] CodeEngine:255 - oldGeneratedFile, /home/frank/thesis_ws/test/MXTmpFiles/gpio.tmp_save
2024-06-21 11:07:49,165 [INFO] CodeEngine:279 - Generated code: /home/frank/thesis_ws/test/MXTmpFiles/gpio.tmp
2024-06-21 11:07:49,326 [INFO] CodeEngine:255 - oldGeneratedFile, /home/frank/thesis_ws/test/Core/Src/stm32f4xx_it.c_save
2024-06-21 11:07:49,497 [INFO] CodeEngine:279 - Generated code: /home/frank/thesis_ws/test/Core/Src/stm32f4xx_it.c
2024-06-21 11:07:49,500 [INFO] CodeEngine:255 - oldGeneratedFile, /home/frank/thesis_ws/test/Core/Inc/stm32f4xx_it.h_save
2024-06-21 11:07:49,598 [INFO] CodeEngine:279 - Generated code: /home/frank/thesis_ws/test/Core/Inc/stm32f4xx_it.h
2024-06-21 11:07:49,604 [INFO] CodeEngine:255 - oldGeneratedFile, /home/frank/thesis_ws/test/Core/Src/stm32f4xx_hal_msp.c_save
2024-06-21 11:07:49,754 [INFO] CodeEngine:279 - Generated code: /home/frank/thesis_ws/test/Core/Src/stm32f4xx_hal_msp.c
2024-06-21 11:07:49,756 [INFO] CodeEngine:255 - oldGeneratedFile, /home/frank/thesis_ws/test/MXTmpFiles/system.tmp_save
2024-06-21 11:07:49,820 [INFO] CodeEngine:279 - Generated code: /home/frank/thesis_ws/test/MXTmpFiles/system.tmp
2024-06-21 11:07:49,822 [INFO] CodeEngine:255 - oldGeneratedFile, /home/frank/thesis_ws/test/Core/Src/stm32f4xx_hal_timebase_tim.c_save
2024-06-21 11:07:49,884 [INFO] CodeEngine:279 - Generated code: /home/frank/thesis_ws/test/Core/Src/stm32f4xx_hal_timebase_tim.c
2024-06-21 11:07:49,888 [INFO] CodeEngine:311 - oldGeneratedFile, /home/frank/thesis_ws/test/Core/Inc/stm32f4xx_hal_conf.h_save
2024-06-21 11:07:49,994 [INFO] CodeEngine:335 - Generated code: /home/frank/thesis_ws/test/Core/Inc/stm32f4xx_hal_conf.h
2024-06-21 11:07:50,021 [WARN] IPConfigManager:2946 - Warning: the RefConfig PLL2P_FOR_MCO is not available in your config.xml file
2024-06-21 11:07:50,031 [WARN] IPConfigManager:3440 - IP not found : TIM
2024-06-21 11:07:50,033 [WARN] CodeGenerator:3939 - IP not found : null
2024-06-21 11:07:50,036 [INFO] CodeEngine:255 - oldGeneratedFile, /home/frank/thesis_ws/test/Core/Inc/main.h_save
2024-06-21 11:07:50,146 [INFO] CodeEngine:279 - Generated code: /home/frank/thesis_ws/test/Core/Inc/main.h
2024-06-21 11:07:50,148 [INFO] CodeEngine:255 - oldGeneratedFile, /home/frank/thesis_ws/test/Core/Src/main.c_save
2024-06-21 11:07:50,334 [INFO] CodeEngine:279 - Generated code: /home/frank/thesis_ws/test/Core/Src/main.c
2024-06-21 11:07:50,709 [INFO] ProjectBuilder:3076 - Time for Copy HAL[2] : 1mS.
2024-06-21 11:07:50,715 [INFO] ProjectBuilder:4485 - Project Generator version: 4.2.0-B44
2024-06-21 11:07:51,003 [INFO] ConfigFileManager:1495 - The Die is : DIE421
2024-06-21 11:07:51,014 [INFO] ApiDbMcu:508 - Load IP Config File for FATFS
2024-06-21 11:07:51,018 [INFO] ApiDbMcu:508 - Load IP Config File for FREERTOS
2024-06-21 11:07:51,020 [INFO] ApiDbMcu:508 - Load IP Config File for LIBJPEG
2024-06-21 11:07:51,027 [INFO] ApiDbMcu:508 - Load IP Config File for MBEDTLS
2024-06-21 11:07:51,033 [INFO] ApiDbMcu:508 - Load IP Config File for USB_DEVICE
2024-06-21 11:07:51,036 [INFO] ApiDbMcu:508 - Load IP Config File for USB_HOST
2024-06-21 11:07:51,832 [INFO] LogOutputStream:77 - [STDOUT_REDIRECT] 
2024-06-21 11:07:52,567 [INFO] ProjectBuilder:4747 - Time for Generating toolchain IDE Files: 1851mS.
2024-06-21 11:07:52,567 [INFO] ProjectBuilder:2947 - Time for Copy CMSIS : 0mS.
2024-06-21 11:07:52,568 [INFO] ProjectBuilder:2947 - Time for Copy CMSIS : 0mS.
2024-06-21 14:53:34,553 [ERROR] ConfigurationRetriever:142 - IOException on connection: Read timed out
2024-06-21 16:09:24,105 [ERROR] LogOutputStream:75 - [STDERR_REDIRECT] 
