2024-08-16 09:30:32,397 [INFO] Activator:176 - 


2024-08-16 09:30:32,400 [INFO] Activator:177 - !SESSION log4j initialized
2024-08-16 09:30:34,579 [INFO] LogOutputStream:77 - [STDOUT_REDIRECT] 
2024-08-16 09:30:35,357 [INFO] ApplicationProperties:184 - Using Application install path: /home/frank/st/stm32cubeide_1.14.0/plugins/com.st.stm32cube.common.mx_6.11.1.202404110753
2024-08-16 09:30:35,371 [INFO] DbMcusXml:78 - Set database path to: /home/frank/st/stm32cubeide_1.14.0/plugins/com.st.stm32cube.common.mx_6.11.1.202404110753//db//mcu/
2024-08-16 09:30:35,371 [INFO] ApiDb:274 - Set plugin database path to: /home/frank/st/stm32cubeide_1.14.0/plugins/com.st.stm32cube.common.mx_6.11.1.202404110753//db//plugins/boardmanager/
2024-08-16 09:30:35,371 [WARN] ApiDb:259 - Overriding images path with different value:  => /home/frank/st/stm32cubeide_1.14.0/plugins/com.st.stm32cube.common.mx_6.11.1.202404110753//db//plugins/mcufinder/images/
2024-08-16 09:30:35,376 [INFO] ApiDb:250 - Set database path to: /home/frank/.stmcufinder/plugins/mcufinder//mcu/
2024-08-16 09:30:35,377 [INFO] DbMcusAds:125 - Set database path to: /home/frank/.stmcufinder/plugins/mcufinder//mcu/
2024-08-16 09:30:35,378 [INFO] CrossReferenceDbSqlite:203 - Set database path to: /home/frank/.stmcufinder/plugins/mcufinder//mcu/cs/
2024-08-16 09:30:35,448 [INFO] RulesReader:64 - Compatibility file has been processed (297 Rules)
2024-08-16 09:30:35,498 [INFO] DbMcusXml:78 - Set database path to: /home/frank/st/stm32cubeide_1.14.0/plugins/com.st.stm32cube.common.mx_6.11.1.202404110753//db//mcu/
2024-08-16 09:30:35,498 [INFO] ApiDb:274 - Set plugin database path to: /home/frank/st/stm32cubeide_1.14.0/plugins/com.st.stm32cube.common.mx_6.11.1.202404110753//db//plugins/boardmanager/
2024-08-16 09:30:35,499 [INFO] ApiDb:261 - Set plugin images path to: /home/frank/st/stm32cubeide_1.14.0/plugins/com.st.stm32cube.common.mx_6.11.1.202404110753//db//plugins/mcufinder/images/
2024-08-16 09:30:35,499 [WARN] DbFile:41 - Overriding database path with different value: /home/frank/.stmcufinder/plugins/mcufinder/ => /home/frank/.stmcufinder/plugins/mcufinder
2024-08-16 09:30:35,499 [INFO] ApiDb:250 - Set database path to: /home/frank/.stmcufinder/plugins/mcufinder//mcu/
2024-08-16 09:30:35,499 [WARN] DbFile:41 - Overriding database path with different value: /home/frank/.stmcufinder/plugins/mcufinder/ => /home/frank/.stmcufinder/plugins/mcufinder
2024-08-16 09:30:35,499 [INFO] DbMcusAds:125 - Set database path to: /home/frank/.stmcufinder/plugins/mcufinder//mcu/
2024-08-16 09:30:35,499 [WARN] DbFile:41 - Overriding database path with different value: /home/frank/.stmcufinder/plugins/mcufinder/ => /home/frank/.stmcufinder/plugins/mcufinder
2024-08-16 09:30:35,499 [WARN] DbFile:41 - Overriding database path with different value: /home/frank/.stmcufinder/plugins/mcufinder/ => /home/frank/.stmcufinder/plugins/mcufinder
2024-08-16 09:30:35,499 [INFO] CrossReferenceDbSqlite:203 - Set database path to: /home/frank/.stmcufinder/plugins/mcufinder//mcu/cs/
2024-08-16 09:30:35,575 [INFO] MainPanel:264 - HeapMemory: 268435456
2024-08-16 09:30:35,660 [INFO] DbMcusXml:78 - Set database path to: /home/frank/st/stm32cubeide_1.14.0/plugins/com.st.stm32cube.common.mx_6.11.1.202404110753//db//mcu/
2024-08-16 09:30:35,661 [INFO] ApiDb:274 - Set plugin database path to: /home/frank/st/stm32cubeide_1.14.0/plugins/com.st.stm32cube.common.mx_6.11.1.202404110753//db//plugins/boardmanager/
2024-08-16 09:30:35,661 [INFO] ApiDb:261 - Set plugin images path to: /home/frank/st/stm32cubeide_1.14.0/plugins/com.st.stm32cube.common.mx_6.11.1.202404110753//db//plugins/mcufinder/images/
2024-08-16 09:30:35,661 [WARN] DbFile:41 - Overriding database path with different value: /home/frank/.stmcufinder/plugins/mcufinder/ => /home/frank/.stmcufinder/plugins/mcufinder
2024-08-16 09:30:35,661 [INFO] ApiDb:250 - Set database path to: /home/frank/.stmcufinder/plugins/mcufinder//mcu/
2024-08-16 09:30:35,661 [WARN] DbFile:41 - Overriding database path with different value: /home/frank/.stmcufinder/plugins/mcufinder/ => /home/frank/.stmcufinder/plugins/mcufinder
2024-08-16 09:30:35,661 [INFO] DbMcusAds:125 - Set database path to: /home/frank/.stmcufinder/plugins/mcufinder//mcu/
2024-08-16 09:30:35,661 [WARN] DbFile:41 - Overriding database path with different value: /home/frank/.stmcufinder/plugins/mcufinder/ => /home/frank/.stmcufinder/plugins/mcufinder
2024-08-16 09:30:35,661 [WARN] DbFile:41 - Overriding database path with different value: /home/frank/.stmcufinder/plugins/mcufinder/ => /home/frank/.stmcufinder/plugins/mcufinder
2024-08-16 09:30:35,661 [INFO] CrossReferenceDbSqlite:203 - Set database path to: /home/frank/.stmcufinder/plugins/mcufinder//mcu/cs/
2024-08-16 09:30:35,673 [INFO] ApplicationProperties:184 - Using Application install path: /home/frank/st/stm32cubeide_1.14.0/plugins/com.st.stm32cube.common.mx_6.11.1.202404110753
2024-08-16 09:30:35,674 [INFO] PluginManage:196 - Search for loadable plugins [exclusion list=, ]
2024-08-16 09:30:35,675 [INFO] PluginManage:310 - Check plugin analytics
2024-08-16 09:30:35,761 [INFO] AnalyticsPlugin:253 - Accepted Software Licenses: 
2024-08-16 09:30:35,761 [INFO] AnalyticsPlugin:255 - Accepted CMSIS Pack Licenses: 
2024-08-16 09:30:35,761 [INFO] AnalyticsPlugin:257 - Accepted Firmware Licenses: FW.F4.1.28.0,FW.F4.1.27.0
2024-08-16 09:30:35,763 [INFO] PluginManage:359 - Loaded plugin analytics (category:tool,tabindex:-1)
2024-08-16 09:30:35,763 [INFO] PluginManage:310 - Check plugin cadmodel
2024-08-16 09:30:35,780 [INFO] CADModel:105 - Init CAD model plugin
2024-08-16 09:30:35,781 [INFO] PluginManage:359 - Loaded plugin cadmodel (category:power,tabindex:5)
2024-08-16 09:30:35,781 [INFO] PluginManage:310 - Check plugin clock
2024-08-16 09:30:35,787 [INFO] PluginManage:359 - Loaded plugin clock (category:base,tabindex:2)
2024-08-16 09:30:35,787 [INFO] PluginManage:310 - Check plugin ddr
2024-08-16 09:30:35,788 [INFO] PluginManage:359 - Loaded plugin ddr (category:tool,tabindex:6)
2024-08-16 09:30:35,788 [INFO] PluginManage:310 - Check plugin filemanager
2024-08-16 09:30:35,867 [INFO] PluginManage:359 - Loaded plugin filemanager (category:base,tabindex:10)
2024-08-16 09:30:35,867 [INFO] PluginManage:310 - Check plugin ipmanager
2024-08-16 09:30:35,870 [INFO] PluginManage:359 - Loaded plugin ipmanager (category:base,tabindex:5)
2024-08-16 09:30:35,870 [INFO] PluginManage:310 - Check plugin lpbam
2024-08-16 09:30:35,875 [INFO] PluginManage:359 - Loaded plugin lpbam (category:base,tabindex:0)
2024-08-16 09:30:35,875 [INFO] PluginManage:310 - Check plugin memorymap
2024-08-16 09:30:35,882 [INFO] PluginManage:359 - Loaded plugin memorymap (category:base,tabindex:4)
2024-08-16 09:30:35,882 [INFO] PluginManage:310 - Check plugin pinoutandconfiguration
2024-08-16 09:30:35,886 [INFO] PluginManage:359 - Loaded plugin pinoutandconfiguration (category:base,tabindex:1)
2024-08-16 09:30:35,886 [INFO] PluginManage:310 - Check plugin pinoutconfig
2024-08-16 09:30:35,936 [WARN] SupportedApi:132 - Cannot load RTOS API schema: s4s-elt-must-match.1: The content of 'definitions' must match (annotation?, (simpleType | complexType)?, (unique | key | keyref)*)). A problem was found starting at: attribute.
2024-08-16 09:30:36,019 [INFO] PluginManage:359 - Loaded plugin pinoutconfig (category:base,tabindex:0)
2024-08-16 09:30:36,019 [INFO] PluginManage:310 - Check plugin power
2024-08-16 09:30:36,025 [INFO] PluginManage:359 - Loaded plugin power (category:power,tabindex:4)
2024-08-16 09:30:36,025 [INFO] PluginManage:310 - Check plugin projectmanager
2024-08-16 09:30:36,036 [INFO] PluginManage:359 - Loaded plugin projectmanager (category:projectmanager,tabindex:3)
2024-08-16 09:30:36,036 [INFO] PluginManage:310 - Check plugin thirdparty
2024-08-16 09:30:36,105 [INFO] PluginManage:359 - Loaded plugin thirdparty (category:base,tabindex:-1)
2024-08-16 09:30:36,105 [WARN] IntegrityCheckThread:84 - waiting for thirdparty lock release [integrity check]
2024-08-16 09:30:36,106 [INFO] IntegrityCheckThread:86 - entering critical section [integrity check]
2024-08-16 09:30:36,105 [INFO] PluginManage:310 - Check plugin tools
2024-08-16 09:30:36,106 [INFO] ThirdPartyUpdaterWithRetryManager:70 - Updater plugin not ready yet. [1/15]
2024-08-16 09:30:36,107 [INFO] PluginManage:359 - Loaded plugin tools (category:base,tabindex:7)
2024-08-16 09:30:36,107 [INFO] PluginManage:310 - Check plugin tutovideos
2024-08-16 09:30:36,194 [INFO] PluginManage:359 - Loaded plugin tutovideos (category:base,tabindex:-1)
2024-08-16 09:30:36,194 [INFO] PluginManage:310 - Check plugin updater
2024-08-16 09:30:36,201 [INFO] PluginManage:359 - Loaded plugin updater (category:base,tabindex:12)
2024-08-16 09:30:36,201 [INFO] PluginManage:310 - Check plugin userauth
2024-08-16 09:30:36,204 [INFO] UserAuth:114 - Init User Auth plugin
2024-08-16 09:30:36,204 [INFO] PluginManage:359 - Loaded plugin userauth (category:base,tabindex:14)
2024-08-16 09:30:36,204 [INFO] PluginManage:283 - PluginManage : Loaded plugins [17]
2024-08-16 09:30:36,306 [INFO] PinOutPanel:1561 - setPackage(No Configuration,No Configuration)
2024-08-16 09:30:36,349 [INFO] CADModel:165 - CPN selected for project level
2024-08-16 09:30:36,349 [INFO] CADModel:114 - Register for checkConnection events
2024-08-16 09:30:36,357 [INFO] IPUIPlugin:80 - create IPUIPlugin
2024-08-16 09:30:36,357 [INFO] PluginManager:220 - loadIPPluginJar : add ucpd
2024-08-16 09:30:36,358 [INFO] IPUIPlugin:80 - create IPUIPlugin
2024-08-16 09:30:36,358 [INFO] PluginManager:220 - loadIPPluginJar : add ltdc
2024-08-16 09:30:36,362 [INFO] IPUIPlugin:80 - create IPUIPlugin
2024-08-16 09:30:36,364 [INFO] PluginManager:220 - loadIPPluginJar : add plateformsettings
2024-08-16 09:30:36,368 [INFO] IPUIPlugin:80 - create IPUIPlugin
2024-08-16 09:30:36,368 [INFO] PluginManager:220 - loadIPPluginJar : add hash
2024-08-16 09:30:36,370 [INFO] IPUIPlugin:80 - create IPUIPlugin
2024-08-16 09:30:36,370 [INFO] PluginManager:220 - loadIPPluginJar : add gfxmmu
2024-08-16 09:30:36,374 [INFO] IPUIPlugin:80 - create IPUIPlugin
2024-08-16 09:30:36,374 [INFO] PluginManager:220 - loadIPPluginJar : add stm32_wpan
2024-08-16 09:30:36,375 [INFO] IPUIPlugin:80 - create IPUIPlugin
2024-08-16 09:30:36,375 [INFO] PluginManager:220 - loadIPPluginJar : add ts
2024-08-16 09:30:36,375 [INFO] IPUIPlugin:80 - create IPUIPlugin
2024-08-16 09:30:36,375 [INFO] PluginManager:220 - loadIPPluginJar : add quadspi
2024-08-16 09:30:36,377 [INFO] IPUIPlugin:80 - create IPUIPlugin
2024-08-16 09:30:36,377 [INFO] PluginManager:220 - loadIPPluginJar : add usbx
2024-08-16 09:30:36,378 [INFO] IPUIPlugin:80 - create IPUIPlugin
2024-08-16 09:30:36,378 [INFO] PluginManager:220 - loadIPPluginJar : add aes
2024-08-16 09:30:36,380 [INFO] IPUIPlugin:80 - create IPUIPlugin
2024-08-16 09:30:36,381 [INFO] PluginManager:220 - loadIPPluginJar : add nvic
2024-08-16 09:30:36,385 [INFO] IPUIPlugin:80 - create IPUIPlugin
2024-08-16 09:30:36,385 [INFO] PluginManager:220 - loadIPPluginJar : add adc
2024-08-16 09:30:36,386 [INFO] IPUIPlugin:80 - create IPUIPlugin
2024-08-16 09:30:36,386 [INFO] PluginManager:220 - loadIPPluginJar : add cryp
2024-08-16 09:30:36,388 [INFO] IPUIPlugin:80 - create IPUIPlugin
2024-08-16 09:30:36,388 [INFO] PluginManager:220 - loadIPPluginJar : add touchsensing
2024-08-16 09:30:36,391 [INFO] IPUIPlugin:80 - create IPUIPlugin
2024-08-16 09:30:36,391 [INFO] PluginManager:220 - loadIPPluginJar : add fmc
2024-08-16 09:30:36,392 [INFO] IPUIPlugin:80 - create IPUIPlugin
2024-08-16 09:30:36,392 [INFO] PluginManager:220 - loadIPPluginJar : add openamp
2024-08-16 09:30:36,397 [INFO] IPUIPlugin:80 - create IPUIPlugin
2024-08-16 09:30:36,397 [INFO] PluginManager:220 - loadIPPluginJar : add linkedlist
2024-08-16 09:30:36,398 [INFO] IPUIPlugin:80 - create IPUIPlugin
2024-08-16 09:30:36,398 [INFO] PluginManager:220 - loadIPPluginJar : add tracer_emb
2024-08-16 09:30:36,402 [INFO] IPUIPlugin:80 - create IPUIPlugin
2024-08-16 09:30:36,402 [INFO] PluginManager:220 - loadIPPluginJar : add dma
2024-08-16 09:30:36,403 [INFO] IPUIPlugin:80 - create IPUIPlugin
2024-08-16 09:30:36,403 [INFO] PluginManager:220 - loadIPPluginJar : add sai
2024-08-16 09:30:36,407 [INFO] IPUIPlugin:80 - create IPUIPlugin
2024-08-16 09:30:36,407 [INFO] PluginManager:220 - loadIPPluginJar : add freertos
2024-08-16 09:30:36,411 [INFO] IPUIPlugin:80 - create IPUIPlugin
2024-08-16 09:30:36,412 [INFO] PluginManager:220 - loadIPPluginJar : add mdma
2024-08-16 09:30:36,413 [INFO] IPUIPlugin:80 - create IPUIPlugin
2024-08-16 09:30:36,413 [INFO] PluginManager:220 - loadIPPluginJar : add genericplugin
2024-08-16 09:30:36,414 [INFO] IPUIPlugin:80 - create IPUIPlugin
2024-08-16 09:30:36,414 [INFO] PluginManager:220 - loadIPPluginJar : add tsc
2024-08-16 09:30:36,415 [INFO] IPUIPlugin:80 - create IPUIPlugin
2024-08-16 09:30:36,416 [INFO] PluginManager:220 - loadIPPluginJar : add pdm2pcm
2024-08-16 09:30:36,417 [INFO] IPUIPlugin:80 - create IPUIPlugin
2024-08-16 09:30:36,417 [INFO] PluginManager:220 - loadIPPluginJar : add fatfs
2024-08-16 09:30:36,418 [INFO] IPUIPlugin:80 - create IPUIPlugin
2024-08-16 09:30:36,418 [INFO] PluginManager:220 - loadIPPluginJar : add can
2024-08-16 09:30:36,420 [INFO] IPUIPlugin:80 - create IPUIPlugin
2024-08-16 09:30:36,420 [INFO] PluginManager:220 - loadIPPluginJar : add i3c
2024-08-16 09:30:36,421 [INFO] IPUIPlugin:80 - create IPUIPlugin
2024-08-16 09:30:36,421 [INFO] PluginManager:220 - loadIPPluginJar : add i2s
2024-08-16 09:30:36,422 [INFO] IPUIPlugin:80 - create IPUIPlugin
2024-08-16 09:30:36,422 [INFO] PluginManager:220 - loadIPPluginJar : add i2c
2024-08-16 09:30:36,423 [INFO] IPUIPlugin:80 - create IPUIPlugin
2024-08-16 09:30:36,424 [INFO] PluginManager:220 - loadIPPluginJar : add spi
2024-08-16 09:30:36,425 [INFO] IPUIPlugin:80 - create IPUIPlugin
2024-08-16 09:30:36,425 [INFO] PluginManager:220 - loadIPPluginJar : add dfsdm
2024-08-16 09:30:36,426 [INFO] IPUIPlugin:80 - create IPUIPlugin
2024-08-16 09:30:36,426 [INFO] PluginManager:220 - loadIPPluginJar : add tim
2024-08-16 09:30:36,427 [INFO] IPUIPlugin:80 - create IPUIPlugin
2024-08-16 09:30:36,427 [INFO] PluginManager:220 - loadIPPluginJar : add opamp
2024-08-16 09:30:36,428 [INFO] IPUIPlugin:80 - create IPUIPlugin
2024-08-16 09:30:36,429 [INFO] PluginManager:220 - loadIPPluginJar : add dma3
2024-08-16 09:30:36,430 [INFO] IPUIPlugin:80 - create IPUIPlugin
2024-08-16 09:30:36,430 [INFO] PluginManager:220 - loadIPPluginJar : add ipddr
2024-08-16 09:30:36,431 [INFO] IPUIPlugin:80 - create IPUIPlugin
2024-08-16 09:30:36,431 [INFO] PluginManager:220 - loadIPPluginJar : add comp
2024-08-16 09:30:36,434 [INFO] IPUIPlugin:80 - create IPUIPlugin
2024-08-16 09:30:36,434 [INFO] PluginManager:220 - loadIPPluginJar : add resmgrutility
2024-08-16 09:30:36,435 [INFO] IPUIPlugin:80 - create IPUIPlugin
2024-08-16 09:30:36,435 [INFO] PluginManager:220 - loadIPPluginJar : add extmemmanager
2024-08-16 09:30:36,437 [INFO] IPUIPlugin:80 - create IPUIPlugin
2024-08-16 09:30:36,437 [INFO] PluginManager:220 - loadIPPluginJar : add gtzc
2024-08-16 09:30:36,440 [INFO] IPUIPlugin:80 - create IPUIPlugin
2024-08-16 09:30:36,440 [INFO] PluginManager:220 - loadIPPluginJar : add gpio
2024-08-16 09:30:36,441 [INFO] IPUIPlugin:80 - create IPUIPlugin
2024-08-16 09:30:36,441 [INFO] PluginManager:220 - loadIPPluginJar : add usart
2024-08-16 09:30:36,442 [INFO] IPUIPlugin:80 - create IPUIPlugin
2024-08-16 09:30:36,442 [INFO] PluginManager:220 - loadIPPluginJar : add lorawan
2024-08-16 09:30:36,445 [INFO] IPUIPlugin:80 - create IPUIPlugin
2024-08-16 09:30:36,445 [INFO] PluginManager:220 - loadIPPluginJar : add gic
2024-08-16 09:30:36,539 [INFO] CADModel:165 - CPN selected for project level
2024-08-16 09:30:36,539 [INFO] CADModel:114 - Register for checkConnection events
2024-08-16 09:30:36,539 [FATAL] Updater:308 - Updater called before beeing initialized
2024-08-16 09:30:36,540 [ERROR] CADModel:125 - Updater not yet initialized, retry later 
2024-08-16 09:30:36,605 [INFO] CADModel:165 - CPN selected for project level
2024-08-16 09:30:36,605 [INFO] CADModel:114 - Register for checkConnection events
2024-08-16 09:30:36,605 [FATAL] Updater:308 - Updater called before beeing initialized
2024-08-16 09:30:36,605 [ERROR] CADModel:125 - Updater not yet initialized, retry later 
2024-08-16 09:30:36,607 [FATAL] Updater:308 - Updater called before beeing initialized
2024-08-16 09:30:36,649 [FATAL] Updater:308 - Updater called before beeing initialized
2024-08-16 09:30:36,651 [INFO] DbMcusAds:53 - JSON generation date=Thu May 16 11:22:00 CEST 2024 (1715851320667)
2024-08-16 09:30:36,652 [FATAL] Updater:308 - Updater called before beeing initialized
2024-08-16 09:30:36,674 [WARN] DetailPanel:346 - Failed to get advertising image, set to default
2024-08-16 09:30:36,740 [FATAL] Updater:308 - Updater called before beeing initialized
2024-08-16 09:30:36,742 [FATAL] Updater:308 - Updater called before beeing initialized
2024-08-16 09:30:36,742 [FATAL] Updater:308 - Updater called before beeing initialized
2024-08-16 09:30:36,742 [WARN] DetailPanel:346 - Failed to get advertising image, set to default
2024-08-16 09:30:36,743 [FATAL] Updater:308 - Updater called before beeing initialized
2024-08-16 09:30:36,764 [ERROR] Updater:1120 - MainUpdater not yet initialized. External WinMGr cannot be set.
2024-08-16 09:30:36,765 [INFO] Updater:1056 - Updater Version found : 6.11.1
2024-08-16 09:30:36,776 [INFO] ApplicationProperties:184 - Using Application install path: /home/frank/st/stm32cubeide_1.14.0/plugins/com.st.stm32cube.common.mx_6.11.1.202404110753
2024-08-16 09:30:36,997 [INFO] MainUpdater:2873 - connection check result : 22
2024-08-16 09:30:36,997 [INFO] MainUpdater:290 - Updater Check For Update Now.
2024-08-16 09:30:36,997 [INFO] MicroXplorer:498 - Change Database Version : DB.6.0.111
2024-08-16 09:30:37,006 [INFO] McuFinderGlobals:63 - Set McuFinder mode to 2 (CubeIDE integrated)
2024-08-16 09:30:37,009 [INFO] UserAuth:415 - Internet connection configuration mode: 2
2024-08-16 09:30:37,153 [INFO] CheckServerUpdateThread:120 - End of CheckServer Thread
2024-08-16 09:30:39,168 [WARN] PackLoader:240 - Cannot read IP mode file for STMicroelectronics.FP-SNS-MOTENVWB1.1.4.0
2024-08-16 09:30:39,174 [WARN] PackLoader:240 - Cannot read IP mode file for STMicroelectronics.X-CUBE-SMBUS.2.1.0
2024-08-16 09:30:39,176 [WARN] PackLoader:240 - Cannot read IP mode file for STMicroelectronics.X-CUBE-TOUCHGFX.4.23.2
2024-08-16 09:30:39,192 [WARN] PackLoader:240 - Cannot read IP mode file for STMicroelectronics.X-CUBE-AZRTOS-F7.1.1.0
2024-08-16 09:30:39,198 [WARN] PackLoader:240 - Cannot read IP mode file for STMicroelectronics.FP-SNS-MOTENV1.4.3.2
2024-08-16 09:30:39,201 [WARN] PackLoader:240 - Cannot read IP mode file for STMicroelectronics.FP-SNS-FLIGHT1.5.0.2
2024-08-16 09:30:39,206 [WARN] PackLoader:240 - Cannot read IP mode file for STMicroelectronics.X-CUBE-DISPLAY.3.0.0
2024-08-16 09:30:39,213 [WARN] PackLoader:240 - Cannot read IP mode file for STMicroelectronics.X-CUBE-BLE1.7.0.0
2024-08-16 09:30:39,215 [WARN] PackLoader:240 - Cannot read IP mode file for emotas.I-CUBE-CANOPEN.1.3.0
2024-08-16 09:30:39,225 [WARN] PackLoader:240 - Cannot read IP mode file for STMicroelectronics.X-CUBE-BLEMGR.3.1.0
2024-08-16 09:30:39,230 [WARN] PackLoader:240 - Cannot read IP mode file for STMicroelectronics.FP-SNS-SMARTAG2.1.2.0
2024-08-16 09:30:39,235 [INFO] LogOutputStream:77 - [STDOUT_REDIRECT] 1 : Invalid condition id : UX_CORESTACK_Condition cause : null
2024-08-16 09:30:39,235 [INFO] LogOutputStream:77 - [STDOUT_REDIRECT] 1 : Invalid condition id : UX_CORESTACK_Condition cause : null
2024-08-16 09:30:39,235 [INFO] LogOutputStream:77 - [STDOUT_REDIRECT] 1 : Invalid condition id : UX_CORESTACK_Condition cause : null
2024-08-16 09:30:39,236 [INFO] LogOutputStream:77 - [STDOUT_REDIRECT] 1 : Invalid condition id : UX_CORESTACK_Condition cause : null
2024-08-16 09:30:39,236 [INFO] LogOutputStream:77 - [STDOUT_REDIRECT] 1 : Invalid condition id : UX_CORESTACK_Condition cause : null
2024-08-16 09:30:39,242 [WARN] PackLoader:240 - Cannot read IP mode file for STMicroelectronics.X-CUBE-AZRTOS-WL.2.0.0
2024-08-16 09:30:39,245 [WARN] PackLoader:240 - Cannot read IP mode file for STMicroelectronics.FP-SNS-MOTENV1.5.0.0
2024-08-16 09:30:39,247 [WARN] PackLoader:240 - Cannot read IP mode file for wolfSSL.I-CUBE-wolfMQTT.1.19.0
2024-08-16 09:30:39,251 [WARN] PackLoader:240 - Cannot read IP mode file for WES.I-CUBE-Cesium.1.3.0
2024-08-16 09:30:39,254 [WARN] PackLoader:240 - Cannot read IP mode file for STMicroelectronics.X-CUBE-BLE2.3.3.0
2024-08-16 09:30:39,258 [WARN] PackLoader:240 - Cannot read IP mode file for STMicroelectronics.X-CUBE-TCPP.4.1.0
2024-08-16 09:30:39,268 [WARN] PackLoader:240 - Cannot read IP mode file for STMicroelectronics.X-CUBE-AZRTOS-G0.1.1.0
2024-08-16 09:30:39,274 [WARN] PackLoader:240 - Cannot read IP mode file for STMicroelectronics.X-CUBE-SAFEA1.1.2.2
2024-08-16 09:30:39,277 [WARN] PackLoader:240 - Cannot read IP mode file for STMicroelectronics.X-CUBE-NFC4.3.0.0
2024-08-16 09:30:39,279 [WARN] PackLoader:240 - Cannot read IP mode file for wolfSSL.I-CUBE-wolfMQTT.1.18.0
2024-08-16 09:30:39,283 [WARN] PackLoader:240 - Cannot read IP mode file for EmbeddedOffice.I-CUBE-FS-RTOS.1.0.1
2024-08-16 09:30:39,283 [ERROR] ConditionMgr:805 - Attr not supported : Dmpu
2024-08-16 09:30:39,283 [ERROR] ConditionMgr:805 - Attr not supported : Dmpu
2024-08-16 09:30:39,283 [ERROR] ConditionMgr:805 - Attr not supported : Dmpu
2024-08-16 09:30:39,283 [ERROR] ConditionMgr:805 - Attr not supported : Dmpu
2024-08-16 09:30:39,284 [ERROR] ConditionMgr:805 - Attr not supported : Dmpu
2024-08-16 09:30:39,284 [ERROR] ConditionMgr:805 - Attr not supported : Dmpu
2024-08-16 09:30:39,284 [ERROR] ConditionMgr:805 - Attr not supported : Dmpu
2024-08-16 09:30:39,284 [ERROR] ConditionMgr:805 - Attr not supported : Dmpu
2024-08-16 09:30:39,284 [ERROR] ConditionMgr:805 - Attr not supported : Dmpu
2024-08-16 09:30:39,284 [ERROR] ConditionMgr:805 - Attr not supported : Dmpu
2024-08-16 09:30:39,284 [ERROR] ConditionMgr:805 - Attr not supported : Dmpu
2024-08-16 09:30:39,284 [ERROR] ConditionMgr:805 - Attr not supported : Dmpu
2024-08-16 09:30:39,284 [ERROR] ConditionMgr:805 - Attr not supported : Dmpu
2024-08-16 09:30:39,284 [ERROR] ConditionMgr:805 - Attr not supported : Dmpu
2024-08-16 09:30:39,284 [ERROR] ConditionMgr:805 - Attr not supported : Dmpu
2024-08-16 09:30:39,284 [ERROR] ConditionMgr:805 - Attr not supported : Dmpu
2024-08-16 09:30:39,284 [ERROR] ConditionMgr:805 - Attr not supported : Dmpu
2024-08-16 09:30:39,284 [ERROR] ConditionMgr:805 - Attr not supported : Dmpu
2024-08-16 09:30:39,284 [ERROR] ConditionMgr:805 - Attr not supported : Dmpu
2024-08-16 09:30:39,284 [ERROR] ConditionMgr:805 - Attr not supported : Dmpu
2024-08-16 09:30:39,284 [ERROR] ConditionMgr:805 - Attr not supported : Dmpu
2024-08-16 09:30:39,284 [ERROR] ConditionMgr:805 - Attr not supported : Dmpu
2024-08-16 09:30:39,284 [ERROR] ConditionMgr:805 - Attr not supported : Dmpu
2024-08-16 09:30:39,284 [ERROR] ConditionMgr:805 - Attr not supported : Dmpu
2024-08-16 09:30:39,284 [ERROR] ConditionMgr:805 - Attr not supported : Dmpu
2024-08-16 09:30:39,284 [ERROR] ConditionMgr:805 - Attr not supported : Dmpu
2024-08-16 09:30:39,284 [ERROR] ConditionMgr:805 - Attr not supported : Dmpu
2024-08-16 09:30:39,284 [ERROR] ConditionMgr:805 - Attr not supported : Dmpu
2024-08-16 09:30:39,284 [ERROR] ConditionMgr:805 - Attr not supported : Dmpu
2024-08-16 09:30:39,284 [ERROR] ConditionMgr:805 - Attr not supported : Dmpu
2024-08-16 09:30:39,284 [ERROR] ConditionMgr:805 - Attr not supported : Dmpu
2024-08-16 09:30:39,284 [ERROR] ConditionMgr:805 - Attr not supported : Dmpu
2024-08-16 09:30:39,285 [ERROR] ConditionMgr:805 - Attr not supported : Dmpu
2024-08-16 09:30:39,285 [ERROR] ConditionMgr:805 - Attr not supported : Dmpu
2024-08-16 09:30:39,285 [ERROR] ConditionMgr:805 - Attr not supported : Dmpu
2024-08-16 09:30:39,285 [ERROR] ConditionMgr:805 - Attr not supported : Dmpu
2024-08-16 09:30:39,285 [ERROR] ConditionMgr:805 - Attr not supported : Dmpu
2024-08-16 09:30:39,285 [ERROR] ConditionMgr:805 - Attr not supported : Dmpu
2024-08-16 09:30:39,285 [ERROR] ConditionMgr:805 - Attr not supported : Dmpu
2024-08-16 09:30:39,285 [ERROR] ConditionMgr:805 - Attr not supported : Dmpu
2024-08-16 09:30:39,285 [ERROR] ConditionMgr:805 - Attr not supported : Dmpu
2024-08-16 09:30:39,285 [ERROR] ConditionMgr:805 - Attr not supported : Dmpu
2024-08-16 09:30:39,285 [ERROR] ConditionMgr:805 - Attr not supported : Dmpu
2024-08-16 09:30:39,285 [ERROR] ConditionMgr:805 - Attr not supported : Dmpu
2024-08-16 09:30:39,285 [ERROR] ConditionMgr:805 - Attr not supported : Dmpu
2024-08-16 09:30:39,285 [ERROR] ConditionMgr:805 - Attr not supported : Dmpu
2024-08-16 09:30:39,285 [ERROR] ConditionMgr:805 - Attr not supported : Dmpu
2024-08-16 09:30:39,285 [ERROR] ConditionMgr:805 - Attr not supported : Dmpu
2024-08-16 09:30:39,285 [ERROR] ConditionMgr:805 - Attr not supported : Dmpu
2024-08-16 09:30:39,286 [ERROR] ConditionMgr:805 - Attr not supported : Dmpu
2024-08-16 09:30:39,286 [ERROR] ConditionMgr:805 - Attr not supported : Dmpu
2024-08-16 09:30:39,286 [ERROR] ConditionMgr:805 - Attr not supported : Dmpu
2024-08-16 09:30:39,286 [ERROR] ConditionMgr:805 - Attr not supported : Dmpu
2024-08-16 09:30:39,286 [ERROR] ConditionMgr:805 - Attr not supported : Dmpu
2024-08-16 09:30:39,286 [ERROR] ConditionMgr:805 - Attr not supported : Dmpu
2024-08-16 09:30:39,286 [ERROR] ConditionMgr:805 - Attr not supported : Dmpu
2024-08-16 09:30:39,286 [ERROR] ConditionMgr:805 - Attr not supported : Dmpu
2024-08-16 09:30:39,286 [ERROR] ConditionMgr:805 - Attr not supported : Dmpu
2024-08-16 09:30:39,286 [ERROR] ConditionMgr:805 - Attr not supported : Dmpu
2024-08-16 09:30:39,286 [ERROR] ConditionMgr:805 - Attr not supported : Dmpu
2024-08-16 09:30:39,286 [ERROR] ConditionMgr:805 - Attr not supported : Dmpu
2024-08-16 09:30:39,286 [ERROR] ConditionMgr:805 - Attr not supported : Dmpu
2024-08-16 09:30:39,286 [ERROR] ConditionMgr:805 - Attr not supported : Dmpu
2024-08-16 09:30:39,286 [ERROR] ConditionMgr:805 - Attr not supported : Dmpu
2024-08-16 09:30:39,289 [WARN] PackLoader:240 - Cannot read IP mode file for RealThread.X-CUBE-RT-Thread_Nano.4.1.1
2024-08-16 09:30:39,290 [WARN] PackLoader:240 - Cannot read IP mode file for wolfSSL.I-CUBE-wolfSSL.5.7.0
2024-08-16 09:30:39,292 [WARN] PackLoader:240 - Cannot read IP mode file for STMicroelectronics.FP-ATR-SIGFOX1.3.2.0
2024-08-16 09:30:39,294 [WARN] PackLoader:240 - Cannot read IP mode file for STMicroelectronics.X-CUBE-EEPRMA1.5.1.0
2024-08-16 09:30:39,298 [WARN] PackLoader:240 - Cannot read IP mode file for ITTIA_DB.I-CUBE-ITTIADB.8.9.0
2024-08-16 09:30:39,314 [WARN] PackLoader:240 - Cannot read IP mode file for SEGGER.I-CUBE-embOS.1.3.1
2024-08-16 09:30:39,339 [WARN] PackLoader:240 - Cannot read IP mode file for STMicroelectronics.X-CUBE-ALGOBUILD.1.4.0
2024-08-16 09:30:39,342 [WARN] PackLoader:240 - Cannot read IP mode file for STMicroelectronics.X-CUBE-GNSS1.6.0.0
2024-08-16 09:30:39,354 [WARN] PackLoader:240 - Cannot read IP mode file for STMicroelectronics.X-CUBE-AZRTOS-F4.1.1.0
2024-08-16 09:30:39,359 [WARN] PackLoader:240 - Cannot read IP mode file for STMicroelectronics.X-CUBE-FREERTOS.1.2.0
2024-08-16 09:30:39,369 [WARN] PackLoader:240 - Cannot read IP mode file for STMicroelectronics.X-CUBE-AZRTOS-L5.2.0.0
2024-08-16 09:30:39,375 [WARN] PackLoader:240 - Cannot read IP mode file for STMicroelectronics.X-CUBE-NFC6.3.1.0
2024-08-16 09:30:39,380 [WARN] PackLoader:240 - Cannot read IP mode file for STMicroelectronics.X-CUBE-DPower.1.2.0
2024-08-16 09:30:39,382 [WARN] PackLoader:240 - Cannot read IP mode file for STMicroelectronics.X-CUBE-AI.9.0.0
2024-08-16 09:30:39,384 [WARN] PackLoader:240 - Cannot read IP mode file for STMicroelectronics.X-CUBE-NFC7.1.0.1
2024-08-16 09:30:39,388 [WARN] PackLoader:240 - Cannot read IP mode file for wolfSSL.I-CUBE-wolfTPM.3.2.0
2024-08-16 09:30:39,390 [WARN] PackLoader:240 - Cannot read IP mode file for STMicroelectronics.X-CUBE-AI.8.1.0
2024-08-16 09:30:39,400 [WARN] ConditionMgr:438 - getConditionDescription Invalid condition id : LAN8742 Phy interface Condition cause : null
2024-08-16 09:30:39,401 [WARN] PackLoader:240 - Cannot read IP mode file for STMicroelectronics.X-CUBE-AZRTOS-L4.2.0.0
2024-08-16 09:30:39,402 [WARN] ConditionMgr:1039 - genDependencies : Invalid condition id : LAN8742 Phy interface Condition cause : null
2024-08-16 09:30:39,402 [WARN] ConditionMgr:1039 - genDependencies : Invalid condition id : LAN8742 Phy interface Condition cause : null
2024-08-16 09:30:39,402 [WARN] ConditionMgr:1039 - genDependencies : Invalid condition id : LAN8742 Phy interface Condition cause : null
2024-08-16 09:30:39,407 [WARN] PackLoader:240 - Cannot read IP mode file for STMicroelectronics.X-CUBE-SFXS2LP1.4.0.0
2024-08-16 09:30:39,439 [WARN] PackLoader:240 - Cannot read IP mode file for STMicroelectronics.X-CUBE-AZRTOS-H7.3.3.0
2024-08-16 09:30:39,452 [WARN] ConditionMgr:438 - getConditionDescription Invalid condition id : UX DEVICE CLASS RTOS Condition cause : null
2024-08-16 09:30:39,453 [WARN] ConditionMgr:438 - getConditionDescription Invalid condition id : UX DEVICE CLASS RTOS Condition cause : null
2024-08-16 09:30:39,455 [WARN] PackLoader:240 - Cannot read IP mode file for STMicroelectronics.X-CUBE-AZRTOS-WB.2.0.0
2024-08-16 09:30:39,455 [WARN] ConditionMgr:1039 - genDependencies : Invalid condition id : UX DEVICE CLASS RTOS Condition cause : null
2024-08-16 09:30:39,455 [WARN] ConditionMgr:1039 - genDependencies : Invalid condition id : UX DEVICE CLASS RTOS Condition cause : null
2024-08-16 09:30:39,455 [WARN] ConditionMgr:1039 - genDependencies : Invalid condition id : UX DEVICE CLASS RTOS Condition cause : null
2024-08-16 09:30:39,456 [WARN] ConditionMgr:1039 - genDependencies : Invalid condition id : UX DEVICE CLASS RTOS Condition cause : null
2024-08-16 09:30:39,456 [WARN] ConditionMgr:1039 - genDependencies : Invalid condition id : UX DEVICE CLASS RTOS Condition cause : null
2024-08-16 09:30:39,461 [WARN] PackLoader:240 - Cannot read IP mode file for STMicroelectronics.FP-SNS-STBOX1.2.0.0
2024-08-16 09:30:39,469 [WARN] PackLoader:240 - Cannot read IP mode file for STMicroelectronics.X-CUBE-SUBG2.5.0.0
2024-08-16 09:30:39,475 [WARN] PackLoader:240 - Cannot read IP mode file for Cesanta.I-CUBE-Mongoose.7.13.0
2024-08-16 09:30:39,483 [WARN] PackLoader:240 - Cannot read IP mode file for STMicroelectronics.X-CUBE-AZRTOS-G4.2.0.0
2024-08-16 09:30:39,487 [WARN] PackLoader:240 - Cannot read IP mode file for STMicroelectronics.FP-SNS-MOTENVWB1.1.3.1
2024-08-16 09:30:39,490 [WARN] PackLoader:240 - Cannot read IP mode file for STMicroelectronics.X-CUBE-ISPU.2.0.0
2024-08-16 09:30:39,494 [WARN] PackLoader:240 - Cannot read IP mode file for STMicroelectronics.X-CUBE-ALS.1.0.2
2024-08-16 09:30:39,533 [WARN] PackLoader:240 - Cannot read IP mode file for STMicroelectronics.X-CUBE-MEMS1.10.0.0
2024-08-16 09:30:39,627 [WARN] PackLoader:240 - Cannot read IP mode file for STMicroelectronics.X-CUBE-TOUCHGFX.4.24.0
2024-08-16 09:30:39,631 [WARN] PackLoader:240 - Cannot read IP mode file for portGmbH.I-Cube-SoM-uGOAL.1.1.0
2024-08-16 09:30:39,635 [WARN] PackLoader:240 - Cannot read IP mode file for STMicroelectronics.X-CUBE-ALS.1.0.1
2024-08-16 09:30:39,649 [WARN] PackLoader:240 - Cannot read IP mode file for STMicroelectronics.X-CUBE-AZRTOS-H7RS.1.0.0
2024-08-16 09:30:39,655 [WARN] PackLoader:240 - Cannot read IP mode file for STMicroelectronics.FP-ATR-ASTRA1.2.0.0
2024-08-16 09:30:39,665 [WARN] PackLoader:240 - Cannot read IP mode file for STMicroelectronics.X-CUBE-TOF1.3.4.2
2024-08-16 09:30:39,682 [WARN] PackLoader:240 - Cannot read IP mode file for STMicroelectronics.X-CUBE-TOF1.3.4.1
2024-08-16 09:30:39,705 [WARN] PackLoader:240 - Cannot read IP mode file for STMicroelectronics.X-CUBE-AZRTOS-H7.3.2.0
2024-08-16 09:30:39,725 [WARN] PackLoader:240 - Cannot read IP mode file for Infineon.AIROC-Wi-Fi-Bluetooth-STM32.1.6.0
2024-08-16 09:30:39,731 [WARN] PackLoader:240 - Cannot read IP mode file for wolfSSL.I-CUBE-wolfSSH.1.4.17
2024-08-16 09:30:39,732 [INFO] ThirdParty:978 - Integrity check success = true
2024-08-16 09:30:39,733 [INFO] IntegrityCheckThread:100 - exiting critical section [integrity check]
2024-08-16 09:30:39,733 [INFO] IntegrityCheckThread:103 - End integrity checks thread
