2024-08-26 12:26:22,799 [INFO] Activator:176 - 


2024-08-26 12:26:22,803 [INFO] Activator:177 - !SESSION log4j initialized
2024-08-26 12:26:26,049 [INFO] LogOutputStream:77 - [STDOUT_REDIRECT] 
2024-08-26 12:26:27,372 [INFO] ApplicationProperties:184 - Using Application install path: /home/frank/st/stm32cubeide_1.14.0/plugins/com.st.stm32cube.common.mx_6.11.1.202404110753
2024-08-26 12:26:27,396 [INFO] DbMcusXml:78 - Set database path to: /home/frank/st/stm32cubeide_1.14.0/plugins/com.st.stm32cube.common.mx_6.11.1.202404110753//db//mcu/
2024-08-26 12:26:27,397 [INFO] ApiDb:274 - Set plugin database path to: /home/frank/st/stm32cubeide_1.14.0/plugins/com.st.stm32cube.common.mx_6.11.1.202404110753//db//plugins/boardmanager/
2024-08-26 12:26:27,398 [WARN] ApiDb:259 - Overriding images path with different value:  => /home/frank/st/stm32cubeide_1.14.0/plugins/com.st.stm32cube.common.mx_6.11.1.202404110753//db//plugins/mcufinder/images/
2024-08-26 12:26:27,407 [INFO] ApiDb:250 - Set database path to: /home/frank/.stmcufinder/plugins/mcufinder//mcu/
2024-08-26 12:26:27,409 [INFO] DbMcusAds:125 - Set database path to: /home/frank/.stmcufinder/plugins/mcufinder//mcu/
2024-08-26 12:26:27,412 [INFO] CrossReferenceDbSqlite:203 - Set database path to: /home/frank/.stmcufinder/plugins/mcufinder//mcu/cs/
2024-08-26 12:26:27,561 [INFO] RulesReader:64 - Compatibility file has been processed (297 Rules)
2024-08-26 12:26:27,645 [INFO] DbMcusXml:78 - Set database path to: /home/frank/st/stm32cubeide_1.14.0/plugins/com.st.stm32cube.common.mx_6.11.1.202404110753//db//mcu/
2024-08-26 12:26:27,645 [INFO] ApiDb:274 - Set plugin database path to: /home/frank/st/stm32cubeide_1.14.0/plugins/com.st.stm32cube.common.mx_6.11.1.202404110753//db//plugins/boardmanager/
2024-08-26 12:26:27,645 [INFO] ApiDb:261 - Set plugin images path to: /home/frank/st/stm32cubeide_1.14.0/plugins/com.st.stm32cube.common.mx_6.11.1.202404110753//db//plugins/mcufinder/images/
2024-08-26 12:26:27,646 [WARN] DbFile:41 - Overriding database path with different value: /home/frank/.stmcufinder/plugins/mcufinder/ => /home/frank/.stmcufinder/plugins/mcufinder
2024-08-26 12:26:27,646 [INFO] ApiDb:250 - Set database path to: /home/frank/.stmcufinder/plugins/mcufinder//mcu/
2024-08-26 12:26:27,646 [WARN] DbFile:41 - Overriding database path with different value: /home/frank/.stmcufinder/plugins/mcufinder/ => /home/frank/.stmcufinder/plugins/mcufinder
2024-08-26 12:26:27,646 [INFO] DbMcusAds:125 - Set database path to: /home/frank/.stmcufinder/plugins/mcufinder//mcu/
2024-08-26 12:26:27,646 [WARN] DbFile:41 - Overriding database path with different value: /home/frank/.stmcufinder/plugins/mcufinder/ => /home/frank/.stmcufinder/plugins/mcufinder
2024-08-26 12:26:27,646 [WARN] DbFile:41 - Overriding database path with different value: /home/frank/.stmcufinder/plugins/mcufinder/ => /home/frank/.stmcufinder/plugins/mcufinder
2024-08-26 12:26:27,647 [INFO] CrossReferenceDbSqlite:203 - Set database path to: /home/frank/.stmcufinder/plugins/mcufinder//mcu/cs/
2024-08-26 12:26:27,721 [INFO] MainPanel:264 - HeapMemory: 268435456
2024-08-26 12:26:27,818 [INFO] DbMcusXml:78 - Set database path to: /home/frank/st/stm32cubeide_1.14.0/plugins/com.st.stm32cube.common.mx_6.11.1.202404110753//db//mcu/
2024-08-26 12:26:27,818 [INFO] ApiDb:274 - Set plugin database path to: /home/frank/st/stm32cubeide_1.14.0/plugins/com.st.stm32cube.common.mx_6.11.1.202404110753//db//plugins/boardmanager/
2024-08-26 12:26:27,819 [INFO] ApiDb:261 - Set plugin images path to: /home/frank/st/stm32cubeide_1.14.0/plugins/com.st.stm32cube.common.mx_6.11.1.202404110753//db//plugins/mcufinder/images/
2024-08-26 12:26:27,819 [WARN] DbFile:41 - Overriding database path with different value: /home/frank/.stmcufinder/plugins/mcufinder/ => /home/frank/.stmcufinder/plugins/mcufinder
2024-08-26 12:26:27,819 [INFO] ApiDb:250 - Set database path to: /home/frank/.stmcufinder/plugins/mcufinder//mcu/
2024-08-26 12:26:27,819 [WARN] DbFile:41 - Overriding database path with different value: /home/frank/.stmcufinder/plugins/mcufinder/ => /home/frank/.stmcufinder/plugins/mcufinder
2024-08-26 12:26:27,819 [INFO] DbMcusAds:125 - Set database path to: /home/frank/.stmcufinder/plugins/mcufinder//mcu/
2024-08-26 12:26:27,820 [WARN] DbFile:41 - Overriding database path with different value: /home/frank/.stmcufinder/plugins/mcufinder/ => /home/frank/.stmcufinder/plugins/mcufinder
2024-08-26 12:26:27,820 [WARN] DbFile:41 - Overriding database path with different value: /home/frank/.stmcufinder/plugins/mcufinder/ => /home/frank/.stmcufinder/plugins/mcufinder
2024-08-26 12:26:27,820 [INFO] CrossReferenceDbSqlite:203 - Set database path to: /home/frank/.stmcufinder/plugins/mcufinder//mcu/cs/
2024-08-26 12:26:27,836 [INFO] ApplicationProperties:184 - Using Application install path: /home/frank/st/stm32cubeide_1.14.0/plugins/com.st.stm32cube.common.mx_6.11.1.202404110753
2024-08-26 12:26:27,838 [INFO] PluginManage:196 - Search for loadable plugins [exclusion list=, ]
2024-08-26 12:26:27,839 [INFO] PluginManage:310 - Check plugin analytics
2024-08-26 12:26:27,993 [INFO] AnalyticsPlugin:253 - Accepted Software Licenses: 
2024-08-26 12:26:27,993 [INFO] AnalyticsPlugin:255 - Accepted CMSIS Pack Licenses: 
2024-08-26 12:26:27,993 [INFO] AnalyticsPlugin:257 - Accepted Firmware Licenses: FW.F4.1.28.0,FW.F4.1.27.0
2024-08-26 12:26:27,996 [INFO] PluginManage:359 - Loaded plugin analytics (category:tool,tabindex:-1)
2024-08-26 12:26:27,997 [INFO] PluginManage:310 - Check plugin cadmodel
2024-08-26 12:26:28,025 [INFO] CADModel:105 - Init CAD model plugin
2024-08-26 12:26:28,025 [INFO] PluginManage:359 - Loaded plugin cadmodel (category:power,tabindex:5)
2024-08-26 12:26:28,026 [INFO] PluginManage:310 - Check plugin clock
2024-08-26 12:26:28,037 [INFO] PluginManage:359 - Loaded plugin clock (category:base,tabindex:2)
2024-08-26 12:26:28,037 [INFO] PluginManage:310 - Check plugin ddr
2024-08-26 12:26:28,040 [INFO] PluginManage:359 - Loaded plugin ddr (category:tool,tabindex:6)
2024-08-26 12:26:28,040 [INFO] PluginManage:310 - Check plugin filemanager
2024-08-26 12:26:28,210 [INFO] PluginManage:359 - Loaded plugin filemanager (category:base,tabindex:10)
2024-08-26 12:26:28,210 [INFO] PluginManage:310 - Check plugin ipmanager
2024-08-26 12:26:28,216 [INFO] PluginManage:359 - Loaded plugin ipmanager (category:base,tabindex:5)
2024-08-26 12:26:28,217 [INFO] PluginManage:310 - Check plugin lpbam
2024-08-26 12:26:28,229 [INFO] PluginManage:359 - Loaded plugin lpbam (category:base,tabindex:0)
2024-08-26 12:26:28,229 [INFO] PluginManage:310 - Check plugin memorymap
2024-08-26 12:26:28,254 [INFO] PluginManage:359 - Loaded plugin memorymap (category:base,tabindex:4)
2024-08-26 12:26:28,255 [INFO] PluginManage:310 - Check plugin pinoutandconfiguration
2024-08-26 12:26:28,265 [INFO] PluginManage:359 - Loaded plugin pinoutandconfiguration (category:base,tabindex:1)
2024-08-26 12:26:28,265 [INFO] PluginManage:310 - Check plugin pinoutconfig
2024-08-26 12:26:28,378 [WARN] SupportedApi:132 - Cannot load RTOS API schema: s4s-elt-must-match.1: The content of 'definitions' must match (annotation?, (simpleType | complexType)?, (unique | key | keyref)*)). A problem was found starting at: attribute.
2024-08-26 12:26:28,556 [INFO] PluginManage:359 - Loaded plugin pinoutconfig (category:base,tabindex:0)
2024-08-26 12:26:28,556 [INFO] PluginManage:310 - Check plugin power
2024-08-26 12:26:28,566 [INFO] PluginManage:359 - Loaded plugin power (category:power,tabindex:4)
2024-08-26 12:26:28,567 [INFO] PluginManage:310 - Check plugin projectmanager
2024-08-26 12:26:28,585 [INFO] PluginManage:359 - Loaded plugin projectmanager (category:projectmanager,tabindex:3)
2024-08-26 12:26:28,585 [INFO] PluginManage:310 - Check plugin thirdparty
2024-08-26 12:26:28,722 [INFO] PluginManage:359 - Loaded plugin thirdparty (category:base,tabindex:-1)
2024-08-26 12:26:28,722 [WARN] IntegrityCheckThread:84 - waiting for thirdparty lock release [integrity check]
2024-08-26 12:26:28,722 [INFO] PluginManage:310 - Check plugin tools
2024-08-26 12:26:28,722 [INFO] IntegrityCheckThread:86 - entering critical section [integrity check]
2024-08-26 12:26:28,723 [INFO] ThirdPartyUpdaterWithRetryManager:70 - Updater plugin not ready yet. [1/15]
2024-08-26 12:26:28,726 [INFO] PluginManage:359 - Loaded plugin tools (category:base,tabindex:7)
2024-08-26 12:26:28,726 [INFO] PluginManage:310 - Check plugin tutovideos
2024-08-26 12:26:28,865 [INFO] PluginManage:359 - Loaded plugin tutovideos (category:base,tabindex:-1)
2024-08-26 12:26:28,865 [INFO] PluginManage:310 - Check plugin updater
2024-08-26 12:26:28,876 [INFO] PluginManage:359 - Loaded plugin updater (category:base,tabindex:12)
2024-08-26 12:26:28,876 [INFO] PluginManage:310 - Check plugin userauth
2024-08-26 12:26:28,881 [INFO] UserAuth:114 - Init User Auth plugin
2024-08-26 12:26:28,881 [INFO] PluginManage:359 - Loaded plugin userauth (category:base,tabindex:14)
2024-08-26 12:26:28,881 [INFO] PluginManage:283 - PluginManage : Loaded plugins [17]
2024-08-26 12:26:29,086 [INFO] PinOutPanel:1561 - setPackage(No Configuration,No Configuration)
2024-08-26 12:26:29,186 [INFO] CADModel:165 - CPN selected for project level
2024-08-26 12:26:29,186 [INFO] CADModel:114 - Register for checkConnection events
2024-08-26 12:26:29,198 [INFO] IPUIPlugin:80 - create IPUIPlugin
2024-08-26 12:26:29,198 [INFO] PluginManager:220 - loadIPPluginJar : add ucpd
2024-08-26 12:26:29,200 [INFO] IPUIPlugin:80 - create IPUIPlugin
2024-08-26 12:26:29,200 [INFO] PluginManager:220 - loadIPPluginJar : add ltdc
2024-08-26 12:26:29,208 [INFO] IPUIPlugin:80 - create IPUIPlugin
2024-08-26 12:26:29,211 [INFO] PluginManager:220 - loadIPPluginJar : add plateformsettings
2024-08-26 12:26:29,215 [INFO] IPUIPlugin:80 - create IPUIPlugin
2024-08-26 12:26:29,215 [INFO] PluginManager:220 - loadIPPluginJar : add hash
2024-08-26 12:26:29,218 [INFO] IPUIPlugin:80 - create IPUIPlugin
2024-08-26 12:26:29,218 [INFO] PluginManager:220 - loadIPPluginJar : add gfxmmu
2024-08-26 12:26:29,225 [INFO] IPUIPlugin:80 - create IPUIPlugin
2024-08-26 12:26:29,225 [INFO] PluginManager:220 - loadIPPluginJar : add stm32_wpan
2024-08-26 12:26:29,227 [INFO] IPUIPlugin:80 - create IPUIPlugin
2024-08-26 12:26:29,227 [INFO] PluginManager:220 - loadIPPluginJar : add ts
2024-08-26 12:26:29,228 [INFO] IPUIPlugin:80 - create IPUIPlugin
2024-08-26 12:26:29,228 [INFO] PluginManager:220 - loadIPPluginJar : add quadspi
2024-08-26 12:26:29,230 [INFO] IPUIPlugin:80 - create IPUIPlugin
2024-08-26 12:26:29,231 [INFO] PluginManager:220 - loadIPPluginJar : add usbx
2024-08-26 12:26:29,233 [INFO] IPUIPlugin:80 - create IPUIPlugin
2024-08-26 12:26:29,233 [INFO] PluginManager:220 - loadIPPluginJar : add aes
2024-08-26 12:26:29,236 [INFO] IPUIPlugin:80 - create IPUIPlugin
2024-08-26 12:26:29,237 [INFO] PluginManager:220 - loadIPPluginJar : add nvic
2024-08-26 12:26:29,243 [INFO] IPUIPlugin:80 - create IPUIPlugin
2024-08-26 12:26:29,243 [INFO] PluginManager:220 - loadIPPluginJar : add adc
2024-08-26 12:26:29,245 [INFO] IPUIPlugin:80 - create IPUIPlugin
2024-08-26 12:26:29,245 [INFO] PluginManager:220 - loadIPPluginJar : add cryp
2024-08-26 12:26:29,247 [INFO] IPUIPlugin:80 - create IPUIPlugin
2024-08-26 12:26:29,247 [INFO] PluginManager:220 - loadIPPluginJar : add touchsensing
2024-08-26 12:26:29,250 [INFO] IPUIPlugin:80 - create IPUIPlugin
2024-08-26 12:26:29,250 [INFO] PluginManager:220 - loadIPPluginJar : add fmc
2024-08-26 12:26:29,252 [INFO] IPUIPlugin:80 - create IPUIPlugin
2024-08-26 12:26:29,253 [INFO] PluginManager:220 - loadIPPluginJar : add openamp
2024-08-26 12:26:29,258 [INFO] IPUIPlugin:80 - create IPUIPlugin
2024-08-26 12:26:29,258 [INFO] PluginManager:220 - loadIPPluginJar : add linkedlist
2024-08-26 12:26:29,260 [INFO] IPUIPlugin:80 - create IPUIPlugin
2024-08-26 12:26:29,260 [INFO] PluginManager:220 - loadIPPluginJar : add tracer_emb
2024-08-26 12:26:29,264 [INFO] IPUIPlugin:80 - create IPUIPlugin
2024-08-26 12:26:29,265 [INFO] PluginManager:220 - loadIPPluginJar : add dma
2024-08-26 12:26:29,266 [INFO] IPUIPlugin:80 - create IPUIPlugin
2024-08-26 12:26:29,267 [INFO] PluginManager:220 - loadIPPluginJar : add sai
2024-08-26 12:26:29,271 [INFO] IPUIPlugin:80 - create IPUIPlugin
2024-08-26 12:26:29,272 [INFO] PluginManager:220 - loadIPPluginJar : add freertos
2024-08-26 12:26:29,277 [INFO] IPUIPlugin:80 - create IPUIPlugin
2024-08-26 12:26:29,277 [INFO] PluginManager:220 - loadIPPluginJar : add mdma
2024-08-26 12:26:29,278 [INFO] IPUIPlugin:80 - create IPUIPlugin
2024-08-26 12:26:29,278 [INFO] PluginManager:220 - loadIPPluginJar : add genericplugin
2024-08-26 12:26:29,279 [INFO] IPUIPlugin:80 - create IPUIPlugin
2024-08-26 12:26:29,280 [INFO] PluginManager:220 - loadIPPluginJar : add tsc
2024-08-26 12:26:29,282 [INFO] IPUIPlugin:80 - create IPUIPlugin
2024-08-26 12:26:29,283 [INFO] PluginManager:220 - loadIPPluginJar : add pdm2pcm
2024-08-26 12:26:29,284 [INFO] IPUIPlugin:80 - create IPUIPlugin
2024-08-26 12:26:29,284 [INFO] PluginManager:220 - loadIPPluginJar : add fatfs
2024-08-26 12:26:29,286 [INFO] IPUIPlugin:80 - create IPUIPlugin
2024-08-26 12:26:29,286 [INFO] PluginManager:220 - loadIPPluginJar : add can
2024-08-26 12:26:29,288 [INFO] IPUIPlugin:80 - create IPUIPlugin
2024-08-26 12:26:29,288 [INFO] PluginManager:220 - loadIPPluginJar : add i3c
2024-08-26 12:26:29,289 [INFO] IPUIPlugin:80 - create IPUIPlugin
2024-08-26 12:26:29,290 [INFO] PluginManager:220 - loadIPPluginJar : add i2s
2024-08-26 12:26:29,291 [INFO] IPUIPlugin:80 - create IPUIPlugin
2024-08-26 12:26:29,291 [INFO] PluginManager:220 - loadIPPluginJar : add i2c
2024-08-26 12:26:29,292 [INFO] IPUIPlugin:80 - create IPUIPlugin
2024-08-26 12:26:29,292 [INFO] PluginManager:220 - loadIPPluginJar : add spi
2024-08-26 12:26:29,294 [INFO] IPUIPlugin:80 - create IPUIPlugin
2024-08-26 12:26:29,294 [INFO] PluginManager:220 - loadIPPluginJar : add dfsdm
2024-08-26 12:26:29,295 [INFO] IPUIPlugin:80 - create IPUIPlugin
2024-08-26 12:26:29,295 [INFO] PluginManager:220 - loadIPPluginJar : add tim
2024-08-26 12:26:29,297 [INFO] IPUIPlugin:80 - create IPUIPlugin
2024-08-26 12:26:29,297 [INFO] PluginManager:220 - loadIPPluginJar : add opamp
2024-08-26 12:26:29,298 [INFO] IPUIPlugin:80 - create IPUIPlugin
2024-08-26 12:26:29,298 [INFO] PluginManager:220 - loadIPPluginJar : add dma3
2024-08-26 12:26:29,300 [INFO] IPUIPlugin:80 - create IPUIPlugin
2024-08-26 12:26:29,300 [INFO] PluginManager:220 - loadIPPluginJar : add ipddr
2024-08-26 12:26:29,302 [INFO] IPUIPlugin:80 - create IPUIPlugin
2024-08-26 12:26:29,302 [INFO] PluginManager:220 - loadIPPluginJar : add comp
2024-08-26 12:26:29,305 [INFO] IPUIPlugin:80 - create IPUIPlugin
2024-08-26 12:26:29,305 [INFO] PluginManager:220 - loadIPPluginJar : add resmgrutility
2024-08-26 12:26:29,307 [INFO] IPUIPlugin:80 - create IPUIPlugin
2024-08-26 12:26:29,307 [INFO] PluginManager:220 - loadIPPluginJar : add extmemmanager
2024-08-26 12:26:29,309 [INFO] IPUIPlugin:80 - create IPUIPlugin
2024-08-26 12:26:29,309 [INFO] PluginManager:220 - loadIPPluginJar : add gtzc
2024-08-26 12:26:29,312 [INFO] IPUIPlugin:80 - create IPUIPlugin
2024-08-26 12:26:29,312 [INFO] PluginManager:220 - loadIPPluginJar : add gpio
2024-08-26 12:26:29,314 [INFO] IPUIPlugin:80 - create IPUIPlugin
2024-08-26 12:26:29,314 [INFO] PluginManager:220 - loadIPPluginJar : add usart
2024-08-26 12:26:29,315 [INFO] IPUIPlugin:80 - create IPUIPlugin
2024-08-26 12:26:29,315 [INFO] PluginManager:220 - loadIPPluginJar : add lorawan
2024-08-26 12:26:29,319 [INFO] IPUIPlugin:80 - create IPUIPlugin
2024-08-26 12:26:29,319 [INFO] PluginManager:220 - loadIPPluginJar : add gic
2024-08-26 12:26:29,425 [INFO] CADModel:165 - CPN selected for project level
2024-08-26 12:26:29,426 [INFO] CADModel:114 - Register for checkConnection events
2024-08-26 12:26:29,426 [FATAL] Updater:308 - Updater called before beeing initialized
2024-08-26 12:26:29,426 [ERROR] CADModel:125 - Updater not yet initialized, retry later 
2024-08-26 12:26:29,540 [INFO] CADModel:165 - CPN selected for project level
2024-08-26 12:26:29,540 [INFO] CADModel:114 - Register for checkConnection events
2024-08-26 12:26:29,540 [FATAL] Updater:308 - Updater called before beeing initialized
2024-08-26 12:26:29,540 [ERROR] CADModel:125 - Updater not yet initialized, retry later 
2024-08-26 12:26:29,542 [FATAL] Updater:308 - Updater called before beeing initialized
2024-08-26 12:26:29,631 [FATAL] Updater:308 - Updater called before beeing initialized
2024-08-26 12:26:29,634 [INFO] DbMcusAds:53 - JSON generation date=Thu May 16 11:22:00 CEST 2024 (1715851320667)
2024-08-26 12:26:29,634 [FATAL] Updater:308 - Updater called before beeing initialized
2024-08-26 12:26:29,669 [WARN] DetailPanel:346 - Failed to get advertising image, set to default
2024-08-26 12:26:29,743 [FATAL] Updater:308 - Updater called before beeing initialized
2024-08-26 12:26:29,744 [FATAL] Updater:308 - Updater called before beeing initialized
2024-08-26 12:26:29,744 [FATAL] Updater:308 - Updater called before beeing initialized
2024-08-26 12:26:29,744 [WARN] DetailPanel:346 - Failed to get advertising image, set to default
2024-08-26 12:26:29,745 [FATAL] Updater:308 - Updater called before beeing initialized
2024-08-26 12:26:29,776 [ERROR] Updater:1120 - MainUpdater not yet initialized. External WinMGr cannot be set.
2024-08-26 12:26:29,778 [INFO] Updater:1056 - Updater Version found : 6.11.1
2024-08-26 12:26:29,793 [INFO] ApplicationProperties:184 - Using Application install path: /home/frank/st/stm32cubeide_1.14.0/plugins/com.st.stm32cube.common.mx_6.11.1.202404110753
2024-08-26 12:26:30,066 [INFO] MainUpdater:2873 - connection check result : 22
2024-08-26 12:26:30,066 [INFO] MainUpdater:290 - Updater Check For Update Now.
2024-08-26 12:26:30,067 [INFO] MicroXplorer:498 - Change Database Version : DB.6.0.111
2024-08-26 12:26:30,070 [INFO] McuFinderGlobals:63 - Set McuFinder mode to 2 (CubeIDE integrated)
2024-08-26 12:26:30,076 [INFO] UserAuth:415 - Internet connection configuration mode: 2
2024-08-26 12:26:30,253 [INFO] CheckServerUpdateThread:120 - End of CheckServer Thread
2024-08-26 12:26:31,831 [WARN] PackLoader:240 - Cannot read IP mode file for STMicroelectronics.FP-SNS-MOTENVWB1.1.4.0
2024-08-26 12:26:31,840 [WARN] PackLoader:240 - Cannot read IP mode file for STMicroelectronics.X-CUBE-SMBUS.2.1.0
2024-08-26 12:26:31,843 [WARN] PackLoader:240 - Cannot read IP mode file for STMicroelectronics.X-CUBE-TOUCHGFX.4.23.2
2024-08-26 12:26:31,871 [WARN] PackLoader:240 - Cannot read IP mode file for STMicroelectronics.X-CUBE-AZRTOS-F7.1.1.0
2024-08-26 12:26:31,883 [WARN] PackLoader:240 - Cannot read IP mode file for STMicroelectronics.FP-SNS-MOTENV1.4.3.2
2024-08-26 12:26:31,954 [WARN] PackLoader:240 - Cannot read IP mode file for STMicroelectronics.X-CUBE-MEMS1.11.0.0
2024-08-26 12:26:32,142 [WARN] PackLoader:240 - Cannot read IP mode file for STMicroelectronics.FP-SNS-FLIGHT1.5.0.2
2024-08-26 12:26:32,153 [WARN] PackLoader:240 - Cannot read IP mode file for STMicroelectronics.X-CUBE-DISPLAY.3.0.0
2024-08-26 12:26:32,165 [WARN] PackLoader:240 - Cannot read IP mode file for STMicroelectronics.X-CUBE-BLE1.7.0.0
2024-08-26 12:26:32,170 [WARN] PackLoader:240 - Cannot read IP mode file for emotas.I-CUBE-CANOPEN.1.3.0
2024-08-26 12:26:32,180 [WARN] PackLoader:240 - Cannot read IP mode file for STMicroelectronics.X-CUBE-BLEMGR.3.1.0
2024-08-26 12:26:32,186 [WARN] PackLoader:240 - Cannot read IP mode file for STMicroelectronics.FP-SNS-SMARTAG2.1.2.0
2024-08-26 12:26:32,194 [INFO] LogOutputStream:77 - [STDOUT_REDIRECT] 1 : Invalid condition id : UX_CORESTACK_Condition cause : null
2024-08-26 12:26:32,195 [INFO] LogOutputStream:77 - [STDOUT_REDIRECT] 1 : Invalid condition id : UX_CORESTACK_Condition cause : null
2024-08-26 12:26:32,195 [INFO] LogOutputStream:77 - [STDOUT_REDIRECT] 1 : Invalid condition id : UX_CORESTACK_Condition cause : null
2024-08-26 12:26:32,196 [INFO] LogOutputStream:77 - [STDOUT_REDIRECT] 1 : Invalid condition id : UX_CORESTACK_Condition cause : null
2024-08-26 12:26:32,196 [INFO] LogOutputStream:77 - [STDOUT_REDIRECT] 1 : Invalid condition id : UX_CORESTACK_Condition cause : null
2024-08-26 12:26:32,198 [WARN] PackLoader:240 - Cannot read IP mode file for STMicroelectronics.X-CUBE-AZRTOS-WL.2.0.0
2024-08-26 12:26:32,203 [WARN] PackLoader:240 - Cannot read IP mode file for STMicroelectronics.FP-SNS-MOTENV1.5.0.0
2024-08-26 12:26:32,207 [WARN] PackLoader:240 - Cannot read IP mode file for wolfSSL.I-CUBE-wolfMQTT.1.19.0
2024-08-26 12:26:32,214 [WARN] PackLoader:240 - Cannot read IP mode file for WES.I-CUBE-Cesium.1.3.0
2024-08-26 12:26:32,219 [WARN] PackLoader:240 - Cannot read IP mode file for STMicroelectronics.X-CUBE-BLE2.3.3.0
2024-08-26 12:26:32,224 [WARN] PackLoader:240 - Cannot read IP mode file for STMicroelectronics.X-CUBE-TCPP.4.1.0
2024-08-26 12:26:32,240 [WARN] PackLoader:240 - Cannot read IP mode file for STMicroelectronics.X-CUBE-AZRTOS-G0.1.1.0
2024-08-26 12:26:32,247 [WARN] PackLoader:240 - Cannot read IP mode file for STMicroelectronics.X-CUBE-SAFEA1.1.2.2
2024-08-26 12:26:32,252 [WARN] PackLoader:240 - Cannot read IP mode file for STMicroelectronics.X-CUBE-NFC4.3.0.0
2024-08-26 12:26:32,256 [WARN] PackLoader:240 - Cannot read IP mode file for wolfSSL.I-CUBE-wolfMQTT.1.18.0
2024-08-26 12:26:32,264 [WARN] PackLoader:240 - Cannot read IP mode file for EmbeddedOffice.I-CUBE-FS-RTOS.1.0.1
2024-08-26 12:26:32,265 [ERROR] ConditionMgr:805 - Attr not supported : Dmpu
2024-08-26 12:26:32,265 [ERROR] ConditionMgr:805 - Attr not supported : Dmpu
2024-08-26 12:26:32,265 [ERROR] ConditionMgr:805 - Attr not supported : Dmpu
2024-08-26 12:26:32,265 [ERROR] ConditionMgr:805 - Attr not supported : Dmpu
2024-08-26 12:26:32,265 [ERROR] ConditionMgr:805 - Attr not supported : Dmpu
2024-08-26 12:26:32,265 [ERROR] ConditionMgr:805 - Attr not supported : Dmpu
2024-08-26 12:26:32,265 [ERROR] ConditionMgr:805 - Attr not supported : Dmpu
2024-08-26 12:26:32,265 [ERROR] ConditionMgr:805 - Attr not supported : Dmpu
2024-08-26 12:26:32,265 [ERROR] ConditionMgr:805 - Attr not supported : Dmpu
2024-08-26 12:26:32,265 [ERROR] ConditionMgr:805 - Attr not supported : Dmpu
2024-08-26 12:26:32,265 [ERROR] ConditionMgr:805 - Attr not supported : Dmpu
2024-08-26 12:26:32,266 [ERROR] ConditionMgr:805 - Attr not supported : Dmpu
2024-08-26 12:26:32,266 [ERROR] ConditionMgr:805 - Attr not supported : Dmpu
2024-08-26 12:26:32,266 [ERROR] ConditionMgr:805 - Attr not supported : Dmpu
2024-08-26 12:26:32,266 [ERROR] ConditionMgr:805 - Attr not supported : Dmpu
2024-08-26 12:26:32,266 [ERROR] ConditionMgr:805 - Attr not supported : Dmpu
2024-08-26 12:26:32,266 [ERROR] ConditionMgr:805 - Attr not supported : Dmpu
2024-08-26 12:26:32,266 [ERROR] ConditionMgr:805 - Attr not supported : Dmpu
2024-08-26 12:26:32,266 [ERROR] ConditionMgr:805 - Attr not supported : Dmpu
2024-08-26 12:26:32,266 [ERROR] ConditionMgr:805 - Attr not supported : Dmpu
2024-08-26 12:26:32,266 [ERROR] ConditionMgr:805 - Attr not supported : Dmpu
2024-08-26 12:26:32,266 [ERROR] ConditionMgr:805 - Attr not supported : Dmpu
2024-08-26 12:26:32,266 [ERROR] ConditionMgr:805 - Attr not supported : Dmpu
2024-08-26 12:26:32,266 [ERROR] ConditionMgr:805 - Attr not supported : Dmpu
2024-08-26 12:26:32,266 [ERROR] ConditionMgr:805 - Attr not supported : Dmpu
2024-08-26 12:26:32,266 [ERROR] ConditionMgr:805 - Attr not supported : Dmpu
2024-08-26 12:26:32,266 [ERROR] ConditionMgr:805 - Attr not supported : Dmpu
2024-08-26 12:26:32,266 [ERROR] ConditionMgr:805 - Attr not supported : Dmpu
2024-08-26 12:26:32,266 [ERROR] ConditionMgr:805 - Attr not supported : Dmpu
2024-08-26 12:26:32,267 [ERROR] ConditionMgr:805 - Attr not supported : Dmpu
2024-08-26 12:26:32,267 [ERROR] ConditionMgr:805 - Attr not supported : Dmpu
2024-08-26 12:26:32,267 [ERROR] ConditionMgr:805 - Attr not supported : Dmpu
2024-08-26 12:26:32,267 [ERROR] ConditionMgr:805 - Attr not supported : Dmpu
2024-08-26 12:26:32,267 [ERROR] ConditionMgr:805 - Attr not supported : Dmpu
2024-08-26 12:26:32,267 [ERROR] ConditionMgr:805 - Attr not supported : Dmpu
2024-08-26 12:26:32,267 [ERROR] ConditionMgr:805 - Attr not supported : Dmpu
2024-08-26 12:26:32,267 [ERROR] ConditionMgr:805 - Attr not supported : Dmpu
2024-08-26 12:26:32,267 [ERROR] ConditionMgr:805 - Attr not supported : Dmpu
2024-08-26 12:26:32,267 [ERROR] ConditionMgr:805 - Attr not supported : Dmpu
2024-08-26 12:26:32,267 [ERROR] ConditionMgr:805 - Attr not supported : Dmpu
2024-08-26 12:26:32,267 [ERROR] ConditionMgr:805 - Attr not supported : Dmpu
2024-08-26 12:26:32,268 [ERROR] ConditionMgr:805 - Attr not supported : Dmpu
2024-08-26 12:26:32,268 [ERROR] ConditionMgr:805 - Attr not supported : Dmpu
2024-08-26 12:26:32,268 [ERROR] ConditionMgr:805 - Attr not supported : Dmpu
2024-08-26 12:26:32,268 [ERROR] ConditionMgr:805 - Attr not supported : Dmpu
2024-08-26 12:26:32,268 [ERROR] ConditionMgr:805 - Attr not supported : Dmpu
2024-08-26 12:26:32,268 [ERROR] ConditionMgr:805 - Attr not supported : Dmpu
2024-08-26 12:26:32,268 [ERROR] ConditionMgr:805 - Attr not supported : Dmpu
2024-08-26 12:26:32,268 [ERROR] ConditionMgr:805 - Attr not supported : Dmpu
2024-08-26 12:26:32,268 [ERROR] ConditionMgr:805 - Attr not supported : Dmpu
2024-08-26 12:26:32,268 [ERROR] ConditionMgr:805 - Attr not supported : Dmpu
2024-08-26 12:26:32,268 [ERROR] ConditionMgr:805 - Attr not supported : Dmpu
2024-08-26 12:26:32,268 [ERROR] ConditionMgr:805 - Attr not supported : Dmpu
2024-08-26 12:26:32,268 [ERROR] ConditionMgr:805 - Attr not supported : Dmpu
2024-08-26 12:26:32,269 [ERROR] ConditionMgr:805 - Attr not supported : Dmpu
2024-08-26 12:26:32,269 [ERROR] ConditionMgr:805 - Attr not supported : Dmpu
2024-08-26 12:26:32,269 [ERROR] ConditionMgr:805 - Attr not supported : Dmpu
2024-08-26 12:26:32,269 [ERROR] ConditionMgr:805 - Attr not supported : Dmpu
2024-08-26 12:26:32,269 [ERROR] ConditionMgr:805 - Attr not supported : Dmpu
2024-08-26 12:26:32,269 [ERROR] ConditionMgr:805 - Attr not supported : Dmpu
2024-08-26 12:26:32,269 [ERROR] ConditionMgr:805 - Attr not supported : Dmpu
2024-08-26 12:26:32,269 [ERROR] ConditionMgr:805 - Attr not supported : Dmpu
2024-08-26 12:26:32,269 [ERROR] ConditionMgr:805 - Attr not supported : Dmpu
2024-08-26 12:26:32,269 [ERROR] ConditionMgr:805 - Attr not supported : Dmpu
2024-08-26 12:26:32,273 [WARN] PackLoader:240 - Cannot read IP mode file for RealThread.X-CUBE-RT-Thread_Nano.4.1.1
2024-08-26 12:26:32,275 [WARN] PackLoader:240 - Cannot read IP mode file for wolfSSL.I-CUBE-wolfSSL.5.7.0
2024-08-26 12:26:32,278 [WARN] PackLoader:240 - Cannot read IP mode file for STMicroelectronics.FP-ATR-SIGFOX1.3.2.0
2024-08-26 12:26:32,283 [WARN] PackLoader:240 - Cannot read IP mode file for STMicroelectronics.X-CUBE-EEPRMA1.5.1.0
2024-08-26 12:26:32,291 [WARN] PackLoader:240 - Cannot read IP mode file for ITTIA_DB.I-CUBE-ITTIADB.8.9.0
2024-08-26 12:26:32,319 [WARN] PackLoader:240 - Cannot read IP mode file for SEGGER.I-CUBE-embOS.1.3.1
2024-08-26 12:26:32,384 [WARN] PackLoader:240 - Cannot read IP mode file for STMicroelectronics.X-CUBE-ALGOBUILD.1.4.0
2024-08-26 12:26:32,391 [WARN] PackLoader:240 - Cannot read IP mode file for STMicroelectronics.X-CUBE-GNSS1.6.0.0
2024-08-26 12:26:32,412 [WARN] PackLoader:240 - Cannot read IP mode file for STMicroelectronics.X-CUBE-AZRTOS-F4.1.1.0
2024-08-26 12:26:32,421 [WARN] PackLoader:240 - Cannot read IP mode file for STMicroelectronics.X-CUBE-FREERTOS.1.2.0
2024-08-26 12:26:32,442 [WARN] PackLoader:240 - Cannot read IP mode file for STMicroelectronics.X-CUBE-AZRTOS-L5.2.0.0
2024-08-26 12:26:32,454 [WARN] PackLoader:240 - Cannot read IP mode file for STMicroelectronics.X-CUBE-NFC6.3.1.0
2024-08-26 12:26:32,459 [WARN] PackLoader:240 - Cannot read IP mode file for STMicroelectronics.X-CUBE-DPower.1.2.0
2024-08-26 12:26:32,462 [WARN] PackLoader:240 - Cannot read IP mode file for STMicroelectronics.X-CUBE-AI.9.0.0
2024-08-26 12:26:32,466 [WARN] PackLoader:240 - Cannot read IP mode file for STMicroelectronics.X-CUBE-NFC7.1.0.1
2024-08-26 12:26:32,469 [WARN] PackLoader:240 - Cannot read IP mode file for wolfSSL.I-CUBE-wolfTPM.3.2.0
2024-08-26 12:26:32,471 [WARN] PackLoader:240 - Cannot read IP mode file for STMicroelectronics.X-CUBE-AI.8.1.0
2024-08-26 12:26:32,485 [WARN] ConditionMgr:438 - getConditionDescription Invalid condition id : LAN8742 Phy interface Condition cause : null
2024-08-26 12:26:32,486 [WARN] PackLoader:240 - Cannot read IP mode file for STMicroelectronics.X-CUBE-AZRTOS-L4.2.0.0
2024-08-26 12:26:32,488 [WARN] ConditionMgr:1039 - genDependencies : Invalid condition id : LAN8742 Phy interface Condition cause : null
2024-08-26 12:26:32,488 [WARN] ConditionMgr:1039 - genDependencies : Invalid condition id : LAN8742 Phy interface Condition cause : null
2024-08-26 12:26:32,488 [WARN] ConditionMgr:1039 - genDependencies : Invalid condition id : LAN8742 Phy interface Condition cause : null
2024-08-26 12:26:32,494 [WARN] PackLoader:240 - Cannot read IP mode file for STMicroelectronics.X-CUBE-SFXS2LP1.4.0.0
2024-08-26 12:26:32,512 [WARN] PackLoader:240 - Cannot read IP mode file for STMicroelectronics.X-CUBE-AZRTOS-H7.3.3.0
2024-08-26 12:26:32,525 [WARN] ConditionMgr:438 - getConditionDescription Invalid condition id : UX DEVICE CLASS RTOS Condition cause : null
2024-08-26 12:26:32,526 [WARN] ConditionMgr:438 - getConditionDescription Invalid condition id : UX DEVICE CLASS RTOS Condition cause : null
2024-08-26 12:26:32,527 [WARN] PackLoader:240 - Cannot read IP mode file for STMicroelectronics.X-CUBE-AZRTOS-WB.2.0.0
2024-08-26 12:26:32,528 [WARN] ConditionMgr:1039 - genDependencies : Invalid condition id : UX DEVICE CLASS RTOS Condition cause : null
2024-08-26 12:26:32,528 [WARN] ConditionMgr:1039 - genDependencies : Invalid condition id : UX DEVICE CLASS RTOS Condition cause : null
2024-08-26 12:26:32,529 [WARN] ConditionMgr:1039 - genDependencies : Invalid condition id : UX DEVICE CLASS RTOS Condition cause : null
2024-08-26 12:26:32,529 [WARN] ConditionMgr:1039 - genDependencies : Invalid condition id : UX DEVICE CLASS RTOS Condition cause : null
2024-08-26 12:26:32,529 [WARN] ConditionMgr:1039 - genDependencies : Invalid condition id : UX DEVICE CLASS RTOS Condition cause : null
2024-08-26 12:26:32,535 [WARN] PackLoader:240 - Cannot read IP mode file for STMicroelectronics.FP-SNS-STBOX1.2.0.0
2024-08-26 12:26:32,545 [WARN] PackLoader:240 - Cannot read IP mode file for STMicroelectronics.X-CUBE-SUBG2.5.0.0
2024-08-26 12:26:32,552 [WARN] PackLoader:240 - Cannot read IP mode file for Cesanta.I-CUBE-Mongoose.7.13.0
2024-08-26 12:26:32,564 [WARN] PackLoader:240 - Cannot read IP mode file for STMicroelectronics.X-CUBE-AZRTOS-G4.2.0.0
2024-08-26 12:26:32,568 [WARN] PackLoader:240 - Cannot read IP mode file for STMicroelectronics.FP-SNS-MOTENVWB1.1.3.1
2024-08-26 12:26:32,572 [WARN] PackLoader:240 - Cannot read IP mode file for STMicroelectronics.X-CUBE-ISPU.2.0.0
2024-08-26 12:26:32,575 [WARN] PackLoader:240 - Cannot read IP mode file for STMicroelectronics.X-CUBE-ALS.1.0.2
2024-08-26 12:26:32,608 [WARN] PackLoader:240 - Cannot read IP mode file for STMicroelectronics.X-CUBE-MEMS1.10.0.0
2024-08-26 12:26:32,760 [WARN] PackLoader:240 - Cannot read IP mode file for STMicroelectronics.X-CUBE-TOUCHGFX.4.24.0
2024-08-26 12:26:32,766 [WARN] PackLoader:240 - Cannot read IP mode file for portGmbH.I-Cube-SoM-uGOAL.1.1.0
2024-08-26 12:26:32,771 [WARN] PackLoader:240 - Cannot read IP mode file for STMicroelectronics.X-CUBE-ALS.1.0.1
2024-08-26 12:26:32,794 [WARN] PackLoader:240 - Cannot read IP mode file for STMicroelectronics.X-CUBE-AZRTOS-H7RS.1.0.0
2024-08-26 12:26:32,801 [WARN] PackLoader:240 - Cannot read IP mode file for STMicroelectronics.FP-ATR-ASTRA1.2.0.0
2024-08-26 12:26:32,813 [WARN] PackLoader:240 - Cannot read IP mode file for STMicroelectronics.X-CUBE-TOF1.3.4.2
2024-08-26 12:26:32,845 [WARN] PackLoader:240 - Cannot read IP mode file for STMicroelectronics.X-CUBE-TOF1.3.4.1
2024-08-26 12:26:32,882 [WARN] PackLoader:240 - Cannot read IP mode file for STMicroelectronics.X-CUBE-AZRTOS-H7.3.2.0
2024-08-26 12:26:32,901 [WARN] PackLoader:240 - Cannot read IP mode file for Infineon.AIROC-Wi-Fi-Bluetooth-STM32.1.6.0
2024-08-26 12:26:32,907 [WARN] PackLoader:240 - Cannot read IP mode file for wolfSSL.I-CUBE-wolfSSH.1.4.17
2024-08-26 12:26:32,908 [INFO] ThirdParty:978 - Integrity check success = true
2024-08-26 12:26:32,908 [INFO] IntegrityCheckThread:100 - exiting critical section [integrity check]
2024-08-26 12:26:32,908 [INFO] IntegrityCheckThread:103 - End integrity checks thread
2024-08-26 12:50:27,917 [INFO] Activator:176 - 


2024-08-26 12:50:27,918 [INFO] Activator:177 - !SESSION log4j initialized
2024-08-26 12:50:29,851 [INFO] LogOutputStream:77 - [STDOUT_REDIRECT] 
2024-08-26 12:50:30,711 [INFO] ApplicationProperties:184 - Using Application install path: /home/frank/st/stm32cubeide_1.14.0/plugins/com.st.stm32cube.common.mx_6.11.1.202404110753
2024-08-26 12:50:30,725 [INFO] DbMcusXml:78 - Set database path to: /home/frank/st/stm32cubeide_1.14.0/plugins/com.st.stm32cube.common.mx_6.11.1.202404110753//db//mcu/
2024-08-26 12:50:30,725 [INFO] ApiDb:274 - Set plugin database path to: /home/frank/st/stm32cubeide_1.14.0/plugins/com.st.stm32cube.common.mx_6.11.1.202404110753//db//plugins/boardmanager/
2024-08-26 12:50:30,725 [WARN] ApiDb:259 - Overriding images path with different value:  => /home/frank/st/stm32cubeide_1.14.0/plugins/com.st.stm32cube.common.mx_6.11.1.202404110753//db//plugins/mcufinder/images/
2024-08-26 12:50:30,731 [INFO] ApiDb:250 - Set database path to: /home/frank/.stmcufinder/plugins/mcufinder//mcu/
2024-08-26 12:50:30,732 [INFO] DbMcusAds:125 - Set database path to: /home/frank/.stmcufinder/plugins/mcufinder//mcu/
2024-08-26 12:50:30,734 [INFO] CrossReferenceDbSqlite:203 - Set database path to: /home/frank/.stmcufinder/plugins/mcufinder//mcu/cs/
2024-08-26 12:50:30,842 [INFO] RulesReader:64 - Compatibility file has been processed (297 Rules)
2024-08-26 12:50:30,898 [INFO] DbMcusXml:78 - Set database path to: /home/frank/st/stm32cubeide_1.14.0/plugins/com.st.stm32cube.common.mx_6.11.1.202404110753//db//mcu/
2024-08-26 12:50:30,899 [INFO] ApiDb:274 - Set plugin database path to: /home/frank/st/stm32cubeide_1.14.0/plugins/com.st.stm32cube.common.mx_6.11.1.202404110753//db//plugins/boardmanager/
2024-08-26 12:50:30,899 [INFO] ApiDb:261 - Set plugin images path to: /home/frank/st/stm32cubeide_1.14.0/plugins/com.st.stm32cube.common.mx_6.11.1.202404110753//db//plugins/mcufinder/images/
2024-08-26 12:50:30,899 [WARN] DbFile:41 - Overriding database path with different value: /home/frank/.stmcufinder/plugins/mcufinder/ => /home/frank/.stmcufinder/plugins/mcufinder
2024-08-26 12:50:30,899 [INFO] ApiDb:250 - Set database path to: /home/frank/.stmcufinder/plugins/mcufinder//mcu/
2024-08-26 12:50:30,899 [WARN] DbFile:41 - Overriding database path with different value: /home/frank/.stmcufinder/plugins/mcufinder/ => /home/frank/.stmcufinder/plugins/mcufinder
2024-08-26 12:50:30,899 [INFO] DbMcusAds:125 - Set database path to: /home/frank/.stmcufinder/plugins/mcufinder//mcu/
2024-08-26 12:50:30,899 [WARN] DbFile:41 - Overriding database path with different value: /home/frank/.stmcufinder/plugins/mcufinder/ => /home/frank/.stmcufinder/plugins/mcufinder
2024-08-26 12:50:30,899 [WARN] DbFile:41 - Overriding database path with different value: /home/frank/.stmcufinder/plugins/mcufinder/ => /home/frank/.stmcufinder/plugins/mcufinder
2024-08-26 12:50:30,900 [INFO] CrossReferenceDbSqlite:203 - Set database path to: /home/frank/.stmcufinder/plugins/mcufinder//mcu/cs/
2024-08-26 12:50:30,975 [INFO] MainPanel:264 - HeapMemory: 268435456
2024-08-26 12:50:31,072 [INFO] DbMcusXml:78 - Set database path to: /home/frank/st/stm32cubeide_1.14.0/plugins/com.st.stm32cube.common.mx_6.11.1.202404110753//db//mcu/
2024-08-26 12:50:31,073 [INFO] ApiDb:274 - Set plugin database path to: /home/frank/st/stm32cubeide_1.14.0/plugins/com.st.stm32cube.common.mx_6.11.1.202404110753//db//plugins/boardmanager/
2024-08-26 12:50:31,073 [INFO] ApiDb:261 - Set plugin images path to: /home/frank/st/stm32cubeide_1.14.0/plugins/com.st.stm32cube.common.mx_6.11.1.202404110753//db//plugins/mcufinder/images/
2024-08-26 12:50:31,073 [WARN] DbFile:41 - Overriding database path with different value: /home/frank/.stmcufinder/plugins/mcufinder/ => /home/frank/.stmcufinder/plugins/mcufinder
2024-08-26 12:50:31,073 [INFO] ApiDb:250 - Set database path to: /home/frank/.stmcufinder/plugins/mcufinder//mcu/
2024-08-26 12:50:31,073 [WARN] DbFile:41 - Overriding database path with different value: /home/frank/.stmcufinder/plugins/mcufinder/ => /home/frank/.stmcufinder/plugins/mcufinder
2024-08-26 12:50:31,073 [INFO] DbMcusAds:125 - Set database path to: /home/frank/.stmcufinder/plugins/mcufinder//mcu/
2024-08-26 12:50:31,074 [WARN] DbFile:41 - Overriding database path with different value: /home/frank/.stmcufinder/plugins/mcufinder/ => /home/frank/.stmcufinder/plugins/mcufinder
2024-08-26 12:50:31,074 [WARN] DbFile:41 - Overriding database path with different value: /home/frank/.stmcufinder/plugins/mcufinder/ => /home/frank/.stmcufinder/plugins/mcufinder
2024-08-26 12:50:31,074 [INFO] CrossReferenceDbSqlite:203 - Set database path to: /home/frank/.stmcufinder/plugins/mcufinder//mcu/cs/
2024-08-26 12:50:31,089 [INFO] ApplicationProperties:184 - Using Application install path: /home/frank/st/stm32cubeide_1.14.0/plugins/com.st.stm32cube.common.mx_6.11.1.202404110753
2024-08-26 12:50:31,091 [INFO] PluginManage:196 - Search for loadable plugins [exclusion list=, ]
2024-08-26 12:50:31,092 [INFO] PluginManage:310 - Check plugin analytics
2024-08-26 12:50:31,193 [INFO] AnalyticsPlugin:253 - Accepted Software Licenses: 
2024-08-26 12:50:31,193 [INFO] AnalyticsPlugin:255 - Accepted CMSIS Pack Licenses: 
2024-08-26 12:50:31,194 [INFO] AnalyticsPlugin:257 - Accepted Firmware Licenses: FW.F4.1.28.0,FW.F4.1.27.0
2024-08-26 12:50:31,195 [INFO] PluginManage:359 - Loaded plugin analytics (category:tool,tabindex:-1)
2024-08-26 12:50:31,196 [INFO] PluginManage:310 - Check plugin cadmodel
2024-08-26 12:50:31,218 [INFO] CADModel:105 - Init CAD model plugin
2024-08-26 12:50:31,219 [INFO] PluginManage:359 - Loaded plugin cadmodel (category:power,tabindex:5)
2024-08-26 12:50:31,219 [INFO] PluginManage:310 - Check plugin clock
2024-08-26 12:50:31,227 [INFO] PluginManage:359 - Loaded plugin clock (category:base,tabindex:2)
2024-08-26 12:50:31,228 [INFO] PluginManage:310 - Check plugin ddr
2024-08-26 12:50:31,229 [INFO] PluginManage:359 - Loaded plugin ddr (category:tool,tabindex:6)
2024-08-26 12:50:31,230 [INFO] PluginManage:310 - Check plugin filemanager
2024-08-26 12:50:31,322 [INFO] PluginManage:359 - Loaded plugin filemanager (category:base,tabindex:10)
2024-08-26 12:50:31,322 [INFO] PluginManage:310 - Check plugin ipmanager
2024-08-26 12:50:31,325 [INFO] PluginManage:359 - Loaded plugin ipmanager (category:base,tabindex:5)
2024-08-26 12:50:31,325 [INFO] PluginManage:310 - Check plugin lpbam
2024-08-26 12:50:31,331 [INFO] PluginManage:359 - Loaded plugin lpbam (category:base,tabindex:0)
2024-08-26 12:50:31,331 [INFO] PluginManage:310 - Check plugin memorymap
2024-08-26 12:50:31,338 [INFO] PluginManage:359 - Loaded plugin memorymap (category:base,tabindex:4)
2024-08-26 12:50:31,338 [INFO] PluginManage:310 - Check plugin pinoutandconfiguration
2024-08-26 12:50:31,343 [INFO] PluginManage:359 - Loaded plugin pinoutandconfiguration (category:base,tabindex:1)
2024-08-26 12:50:31,343 [INFO] PluginManage:310 - Check plugin pinoutconfig
2024-08-26 12:50:31,394 [WARN] SupportedApi:132 - Cannot load RTOS API schema: s4s-elt-must-match.1: The content of 'definitions' must match (annotation?, (simpleType | complexType)?, (unique | key | keyref)*)). A problem was found starting at: attribute.
2024-08-26 12:50:31,494 [INFO] PluginManage:359 - Loaded plugin pinoutconfig (category:base,tabindex:0)
2024-08-26 12:50:31,494 [INFO] PluginManage:310 - Check plugin power
2024-08-26 12:50:31,501 [INFO] PluginManage:359 - Loaded plugin power (category:power,tabindex:4)
2024-08-26 12:50:31,502 [INFO] PluginManage:310 - Check plugin projectmanager
2024-08-26 12:50:31,512 [INFO] PluginManage:359 - Loaded plugin projectmanager (category:projectmanager,tabindex:3)
2024-08-26 12:50:31,512 [INFO] PluginManage:310 - Check plugin thirdparty
2024-08-26 12:50:31,584 [INFO] PluginManage:359 - Loaded plugin thirdparty (category:base,tabindex:-1)
2024-08-26 12:50:31,584 [WARN] IntegrityCheckThread:84 - waiting for thirdparty lock release [integrity check]
2024-08-26 12:50:31,585 [INFO] PluginManage:310 - Check plugin tools
2024-08-26 12:50:31,585 [INFO] IntegrityCheckThread:86 - entering critical section [integrity check]
2024-08-26 12:50:31,585 [INFO] ThirdPartyUpdaterWithRetryManager:70 - Updater plugin not ready yet. [1/15]
2024-08-26 12:50:31,586 [INFO] PluginManage:359 - Loaded plugin tools (category:base,tabindex:7)
2024-08-26 12:50:31,586 [INFO] PluginManage:310 - Check plugin tutovideos
2024-08-26 12:50:31,683 [INFO] PluginManage:359 - Loaded plugin tutovideos (category:base,tabindex:-1)
2024-08-26 12:50:31,683 [INFO] PluginManage:310 - Check plugin updater
2024-08-26 12:50:31,690 [INFO] PluginManage:359 - Loaded plugin updater (category:base,tabindex:12)
2024-08-26 12:50:31,690 [INFO] PluginManage:310 - Check plugin userauth
2024-08-26 12:50:31,693 [INFO] UserAuth:114 - Init User Auth plugin
2024-08-26 12:50:31,694 [INFO] PluginManage:359 - Loaded plugin userauth (category:base,tabindex:14)
2024-08-26 12:50:31,694 [INFO] PluginManage:283 - PluginManage : Loaded plugins [17]
2024-08-26 12:50:31,798 [INFO] PinOutPanel:1561 - setPackage(No Configuration,No Configuration)
2024-08-26 12:50:31,841 [INFO] CADModel:165 - CPN selected for project level
2024-08-26 12:50:31,841 [INFO] CADModel:114 - Register for checkConnection events
2024-08-26 12:50:31,849 [INFO] IPUIPlugin:80 - create IPUIPlugin
2024-08-26 12:50:31,849 [INFO] PluginManager:220 - loadIPPluginJar : add ucpd
2024-08-26 12:50:31,850 [INFO] IPUIPlugin:80 - create IPUIPlugin
2024-08-26 12:50:31,850 [INFO] PluginManager:220 - loadIPPluginJar : add ltdc
2024-08-26 12:50:31,854 [INFO] IPUIPlugin:80 - create IPUIPlugin
2024-08-26 12:50:31,856 [INFO] PluginManager:220 - loadIPPluginJar : add plateformsettings
2024-08-26 12:50:31,859 [INFO] IPUIPlugin:80 - create IPUIPlugin
2024-08-26 12:50:31,859 [INFO] PluginManager:220 - loadIPPluginJar : add hash
2024-08-26 12:50:31,861 [INFO] IPUIPlugin:80 - create IPUIPlugin
2024-08-26 12:50:31,861 [INFO] PluginManager:220 - loadIPPluginJar : add gfxmmu
2024-08-26 12:50:31,865 [INFO] IPUIPlugin:80 - create IPUIPlugin
2024-08-26 12:50:31,865 [INFO] PluginManager:220 - loadIPPluginJar : add stm32_wpan
2024-08-26 12:50:31,866 [INFO] IPUIPlugin:80 - create IPUIPlugin
2024-08-26 12:50:31,866 [INFO] PluginManager:220 - loadIPPluginJar : add ts
2024-08-26 12:50:31,867 [INFO] IPUIPlugin:80 - create IPUIPlugin
2024-08-26 12:50:31,867 [INFO] PluginManager:220 - loadIPPluginJar : add quadspi
2024-08-26 12:50:31,868 [INFO] IPUIPlugin:80 - create IPUIPlugin
2024-08-26 12:50:31,868 [INFO] PluginManager:220 - loadIPPluginJar : add usbx
2024-08-26 12:50:31,869 [INFO] IPUIPlugin:80 - create IPUIPlugin
2024-08-26 12:50:31,870 [INFO] PluginManager:220 - loadIPPluginJar : add aes
2024-08-26 12:50:31,872 [INFO] IPUIPlugin:80 - create IPUIPlugin
2024-08-26 12:50:31,872 [INFO] PluginManager:220 - loadIPPluginJar : add nvic
2024-08-26 12:50:31,875 [INFO] IPUIPlugin:80 - create IPUIPlugin
2024-08-26 12:50:31,875 [INFO] PluginManager:220 - loadIPPluginJar : add adc
2024-08-26 12:50:31,876 [INFO] IPUIPlugin:80 - create IPUIPlugin
2024-08-26 12:50:31,876 [INFO] PluginManager:220 - loadIPPluginJar : add cryp
2024-08-26 12:50:31,878 [INFO] IPUIPlugin:80 - create IPUIPlugin
2024-08-26 12:50:31,878 [INFO] PluginManager:220 - loadIPPluginJar : add touchsensing
2024-08-26 12:50:31,882 [INFO] IPUIPlugin:80 - create IPUIPlugin
2024-08-26 12:50:31,882 [INFO] PluginManager:220 - loadIPPluginJar : add fmc
2024-08-26 12:50:31,884 [INFO] IPUIPlugin:80 - create IPUIPlugin
2024-08-26 12:50:31,884 [INFO] PluginManager:220 - loadIPPluginJar : add openamp
2024-08-26 12:50:31,889 [INFO] IPUIPlugin:80 - create IPUIPlugin
2024-08-26 12:50:31,889 [INFO] PluginManager:220 - loadIPPluginJar : add linkedlist
2024-08-26 12:50:31,891 [INFO] IPUIPlugin:80 - create IPUIPlugin
2024-08-26 12:50:31,891 [INFO] PluginManager:220 - loadIPPluginJar : add tracer_emb
2024-08-26 12:50:31,895 [INFO] IPUIPlugin:80 - create IPUIPlugin
2024-08-26 12:50:31,895 [INFO] PluginManager:220 - loadIPPluginJar : add dma
2024-08-26 12:50:31,897 [INFO] IPUIPlugin:80 - create IPUIPlugin
2024-08-26 12:50:31,897 [INFO] PluginManager:220 - loadIPPluginJar : add sai
2024-08-26 12:50:31,902 [INFO] IPUIPlugin:80 - create IPUIPlugin
2024-08-26 12:50:31,902 [INFO] PluginManager:220 - loadIPPluginJar : add freertos
2024-08-26 12:50:31,907 [INFO] IPUIPlugin:80 - create IPUIPlugin
2024-08-26 12:50:31,908 [INFO] PluginManager:220 - loadIPPluginJar : add mdma
2024-08-26 12:50:31,909 [INFO] IPUIPlugin:80 - create IPUIPlugin
2024-08-26 12:50:31,909 [INFO] PluginManager:220 - loadIPPluginJar : add genericplugin
2024-08-26 12:50:31,910 [INFO] IPUIPlugin:80 - create IPUIPlugin
2024-08-26 12:50:31,910 [INFO] PluginManager:220 - loadIPPluginJar : add tsc
2024-08-26 12:50:31,912 [INFO] IPUIPlugin:80 - create IPUIPlugin
2024-08-26 12:50:31,912 [INFO] PluginManager:220 - loadIPPluginJar : add pdm2pcm
2024-08-26 12:50:31,913 [INFO] IPUIPlugin:80 - create IPUIPlugin
2024-08-26 12:50:31,913 [INFO] PluginManager:220 - loadIPPluginJar : add fatfs
2024-08-26 12:50:31,915 [INFO] IPUIPlugin:80 - create IPUIPlugin
2024-08-26 12:50:31,915 [INFO] PluginManager:220 - loadIPPluginJar : add can
2024-08-26 12:50:31,916 [INFO] IPUIPlugin:80 - create IPUIPlugin
2024-08-26 12:50:31,917 [INFO] PluginManager:220 - loadIPPluginJar : add i3c
2024-08-26 12:50:31,918 [INFO] IPUIPlugin:80 - create IPUIPlugin
2024-08-26 12:50:31,918 [INFO] PluginManager:220 - loadIPPluginJar : add i2s
2024-08-26 12:50:31,920 [INFO] IPUIPlugin:80 - create IPUIPlugin
2024-08-26 12:50:31,920 [INFO] PluginManager:220 - loadIPPluginJar : add i2c
2024-08-26 12:50:31,921 [INFO] IPUIPlugin:80 - create IPUIPlugin
2024-08-26 12:50:31,921 [INFO] PluginManager:220 - loadIPPluginJar : add spi
2024-08-26 12:50:31,923 [INFO] IPUIPlugin:80 - create IPUIPlugin
2024-08-26 12:50:31,923 [INFO] PluginManager:220 - loadIPPluginJar : add dfsdm
2024-08-26 12:50:31,924 [INFO] IPUIPlugin:80 - create IPUIPlugin
2024-08-26 12:50:31,924 [INFO] PluginManager:220 - loadIPPluginJar : add tim
2024-08-26 12:50:31,926 [INFO] IPUIPlugin:80 - create IPUIPlugin
2024-08-26 12:50:31,926 [INFO] PluginManager:220 - loadIPPluginJar : add opamp
2024-08-26 12:50:31,932 [INFO] IPUIPlugin:80 - create IPUIPlugin
2024-08-26 12:50:31,932 [INFO] PluginManager:220 - loadIPPluginJar : add dma3
2024-08-26 12:50:31,936 [INFO] IPUIPlugin:80 - create IPUIPlugin
2024-08-26 12:50:31,936 [INFO] PluginManager:220 - loadIPPluginJar : add ipddr
2024-08-26 12:50:31,937 [INFO] IPUIPlugin:80 - create IPUIPlugin
2024-08-26 12:50:31,937 [INFO] PluginManager:220 - loadIPPluginJar : add comp
2024-08-26 12:50:31,940 [INFO] IPUIPlugin:80 - create IPUIPlugin
2024-08-26 12:50:31,940 [INFO] PluginManager:220 - loadIPPluginJar : add resmgrutility
2024-08-26 12:50:31,941 [INFO] IPUIPlugin:80 - create IPUIPlugin
2024-08-26 12:50:31,942 [INFO] PluginManager:220 - loadIPPluginJar : add extmemmanager
2024-08-26 12:50:31,943 [INFO] IPUIPlugin:80 - create IPUIPlugin
2024-08-26 12:50:31,943 [INFO] PluginManager:220 - loadIPPluginJar : add gtzc
2024-08-26 12:50:31,947 [INFO] IPUIPlugin:80 - create IPUIPlugin
2024-08-26 12:50:31,947 [INFO] PluginManager:220 - loadIPPluginJar : add gpio
2024-08-26 12:50:31,948 [INFO] IPUIPlugin:80 - create IPUIPlugin
2024-08-26 12:50:31,949 [INFO] PluginManager:220 - loadIPPluginJar : add usart
2024-08-26 12:50:31,950 [INFO] IPUIPlugin:80 - create IPUIPlugin
2024-08-26 12:50:31,950 [INFO] PluginManager:220 - loadIPPluginJar : add lorawan
2024-08-26 12:50:31,953 [INFO] IPUIPlugin:80 - create IPUIPlugin
2024-08-26 12:50:31,954 [INFO] PluginManager:220 - loadIPPluginJar : add gic
2024-08-26 12:50:32,042 [INFO] CADModel:165 - CPN selected for project level
2024-08-26 12:50:32,042 [INFO] CADModel:114 - Register for checkConnection events
2024-08-26 12:50:32,042 [FATAL] Updater:308 - Updater called before beeing initialized
2024-08-26 12:50:32,042 [ERROR] CADModel:125 - Updater not yet initialized, retry later 
2024-08-26 12:50:32,112 [INFO] CADModel:165 - CPN selected for project level
2024-08-26 12:50:32,112 [INFO] CADModel:114 - Register for checkConnection events
2024-08-26 12:50:32,112 [FATAL] Updater:308 - Updater called before beeing initialized
2024-08-26 12:50:32,112 [ERROR] CADModel:125 - Updater not yet initialized, retry later 
2024-08-26 12:50:32,114 [FATAL] Updater:308 - Updater called before beeing initialized
2024-08-26 12:50:32,158 [FATAL] Updater:308 - Updater called before beeing initialized
2024-08-26 12:50:32,161 [INFO] DbMcusAds:53 - JSON generation date=Thu May 16 11:22:00 CEST 2024 (1715851320667)
2024-08-26 12:50:32,161 [FATAL] Updater:308 - Updater called before beeing initialized
2024-08-26 12:50:32,184 [WARN] DetailPanel:346 - Failed to get advertising image, set to default
2024-08-26 12:50:32,253 [FATAL] Updater:308 - Updater called before beeing initialized
2024-08-26 12:50:32,254 [FATAL] Updater:308 - Updater called before beeing initialized
2024-08-26 12:50:32,254 [FATAL] Updater:308 - Updater called before beeing initialized
2024-08-26 12:50:32,254 [WARN] DetailPanel:346 - Failed to get advertising image, set to default
2024-08-26 12:50:32,255 [FATAL] Updater:308 - Updater called before beeing initialized
2024-08-26 12:50:32,273 [ERROR] Updater:1120 - MainUpdater not yet initialized. External WinMGr cannot be set.
2024-08-26 12:50:32,274 [INFO] Updater:1056 - Updater Version found : 6.11.1
2024-08-26 12:50:32,286 [INFO] ApplicationProperties:184 - Using Application install path: /home/frank/st/stm32cubeide_1.14.0/plugins/com.st.stm32cube.common.mx_6.11.1.202404110753
2024-08-26 12:50:32,469 [INFO] MainUpdater:2873 - connection check result : 22
2024-08-26 12:50:32,470 [INFO] MainUpdater:290 - Updater Check For Update Now.
2024-08-26 12:50:32,470 [INFO] MicroXplorer:498 - Change Database Version : DB.6.0.111
2024-08-26 12:50:32,472 [INFO] McuFinderGlobals:63 - Set McuFinder mode to 2 (CubeIDE integrated)
2024-08-26 12:50:32,476 [INFO] UserAuth:415 - Internet connection configuration mode: 2
2024-08-26 12:50:32,617 [INFO] CheckServerUpdateThread:120 - End of CheckServer Thread
2024-08-26 12:50:34,692 [WARN] PackLoader:240 - Cannot read IP mode file for STMicroelectronics.FP-SNS-MOTENVWB1.1.4.0
2024-08-26 12:50:34,697 [WARN] PackLoader:240 - Cannot read IP mode file for STMicroelectronics.X-CUBE-SMBUS.2.1.0
2024-08-26 12:50:34,698 [WARN] PackLoader:240 - Cannot read IP mode file for STMicroelectronics.X-CUBE-TOUCHGFX.4.23.2
2024-08-26 12:50:34,714 [WARN] PackLoader:240 - Cannot read IP mode file for STMicroelectronics.X-CUBE-AZRTOS-F7.1.1.0
2024-08-26 12:50:34,719 [WARN] PackLoader:240 - Cannot read IP mode file for STMicroelectronics.FP-SNS-MOTENV1.4.3.2
2024-08-26 12:50:34,763 [WARN] PackLoader:240 - Cannot read IP mode file for STMicroelectronics.X-CUBE-MEMS1.11.0.0
2024-08-26 12:50:34,866 [WARN] PackLoader:240 - Cannot read IP mode file for STMicroelectronics.FP-SNS-FLIGHT1.5.0.2
2024-08-26 12:50:34,871 [WARN] PackLoader:240 - Cannot read IP mode file for STMicroelectronics.X-CUBE-DISPLAY.3.0.0
2024-08-26 12:50:34,876 [WARN] PackLoader:240 - Cannot read IP mode file for STMicroelectronics.X-CUBE-BLE1.7.0.0
2024-08-26 12:50:34,880 [WARN] PackLoader:240 - Cannot read IP mode file for emotas.I-CUBE-CANOPEN.1.3.0
2024-08-26 12:50:34,884 [WARN] PackLoader:240 - Cannot read IP mode file for STMicroelectronics.X-CUBE-BLEMGR.3.1.0
2024-08-26 12:50:34,888 [WARN] PackLoader:240 - Cannot read IP mode file for STMicroelectronics.FP-SNS-SMARTAG2.1.2.0
2024-08-26 12:50:34,899 [INFO] LogOutputStream:77 - [STDOUT_REDIRECT] 1 : Invalid condition id : UX_CORESTACK_Condition cause : null
2024-08-26 12:50:34,900 [INFO] LogOutputStream:77 - [STDOUT_REDIRECT] 1 : Invalid condition id : UX_CORESTACK_Condition cause : null
2024-08-26 12:50:34,900 [INFO] LogOutputStream:77 - [STDOUT_REDIRECT] 1 : Invalid condition id : UX_CORESTACK_Condition cause : null
2024-08-26 12:50:34,900 [INFO] LogOutputStream:77 - [STDOUT_REDIRECT] 1 : Invalid condition id : UX_CORESTACK_Condition cause : null
2024-08-26 12:50:34,900 [INFO] LogOutputStream:77 - [STDOUT_REDIRECT] 1 : Invalid condition id : UX_CORESTACK_Condition cause : null
2024-08-26 12:50:34,902 [WARN] PackLoader:240 - Cannot read IP mode file for STMicroelectronics.X-CUBE-AZRTOS-WL.2.0.0
2024-08-26 12:50:34,905 [WARN] PackLoader:240 - Cannot read IP mode file for STMicroelectronics.FP-SNS-MOTENV1.5.0.0
2024-08-26 12:50:34,908 [WARN] PackLoader:240 - Cannot read IP mode file for wolfSSL.I-CUBE-wolfMQTT.1.19.0
2024-08-26 12:50:34,913 [WARN] PackLoader:240 - Cannot read IP mode file for WES.I-CUBE-Cesium.1.3.0
2024-08-26 12:50:34,916 [WARN] PackLoader:240 - Cannot read IP mode file for STMicroelectronics.X-CUBE-BLE2.3.3.0
2024-08-26 12:50:34,919 [WARN] PackLoader:240 - Cannot read IP mode file for STMicroelectronics.X-CUBE-TCPP.4.1.0
2024-08-26 12:50:34,929 [WARN] PackLoader:240 - Cannot read IP mode file for STMicroelectronics.X-CUBE-AZRTOS-G0.1.1.0
2024-08-26 12:50:34,934 [WARN] PackLoader:240 - Cannot read IP mode file for STMicroelectronics.X-CUBE-SAFEA1.1.2.2
2024-08-26 12:50:34,938 [WARN] PackLoader:240 - Cannot read IP mode file for STMicroelectronics.X-CUBE-NFC4.3.0.0
2024-08-26 12:50:34,941 [WARN] PackLoader:240 - Cannot read IP mode file for wolfSSL.I-CUBE-wolfMQTT.1.18.0
2024-08-26 12:50:34,946 [WARN] PackLoader:240 - Cannot read IP mode file for EmbeddedOffice.I-CUBE-FS-RTOS.1.0.1
2024-08-26 12:50:34,947 [ERROR] ConditionMgr:805 - Attr not supported : Dmpu
2024-08-26 12:50:34,947 [ERROR] ConditionMgr:805 - Attr not supported : Dmpu
2024-08-26 12:50:34,947 [ERROR] ConditionMgr:805 - Attr not supported : Dmpu
2024-08-26 12:50:34,947 [ERROR] ConditionMgr:805 - Attr not supported : Dmpu
2024-08-26 12:50:34,947 [ERROR] ConditionMgr:805 - Attr not supported : Dmpu
2024-08-26 12:50:34,947 [ERROR] ConditionMgr:805 - Attr not supported : Dmpu
2024-08-26 12:50:34,947 [ERROR] ConditionMgr:805 - Attr not supported : Dmpu
2024-08-26 12:50:34,947 [ERROR] ConditionMgr:805 - Attr not supported : Dmpu
2024-08-26 12:50:34,947 [ERROR] ConditionMgr:805 - Attr not supported : Dmpu
2024-08-26 12:50:34,947 [ERROR] ConditionMgr:805 - Attr not supported : Dmpu
2024-08-26 12:50:34,947 [ERROR] ConditionMgr:805 - Attr not supported : Dmpu
2024-08-26 12:50:34,947 [ERROR] ConditionMgr:805 - Attr not supported : Dmpu
2024-08-26 12:50:34,947 [ERROR] ConditionMgr:805 - Attr not supported : Dmpu
2024-08-26 12:50:34,947 [ERROR] ConditionMgr:805 - Attr not supported : Dmpu
2024-08-26 12:50:34,947 [ERROR] ConditionMgr:805 - Attr not supported : Dmpu
2024-08-26 12:50:34,947 [ERROR] ConditionMgr:805 - Attr not supported : Dmpu
2024-08-26 12:50:34,948 [ERROR] ConditionMgr:805 - Attr not supported : Dmpu
2024-08-26 12:50:34,948 [ERROR] ConditionMgr:805 - Attr not supported : Dmpu
2024-08-26 12:50:34,948 [ERROR] ConditionMgr:805 - Attr not supported : Dmpu
2024-08-26 12:50:34,948 [ERROR] ConditionMgr:805 - Attr not supported : Dmpu
2024-08-26 12:50:34,948 [ERROR] ConditionMgr:805 - Attr not supported : Dmpu
2024-08-26 12:50:34,948 [ERROR] ConditionMgr:805 - Attr not supported : Dmpu
2024-08-26 12:50:34,948 [ERROR] ConditionMgr:805 - Attr not supported : Dmpu
2024-08-26 12:50:34,948 [ERROR] ConditionMgr:805 - Attr not supported : Dmpu
2024-08-26 12:50:34,948 [ERROR] ConditionMgr:805 - Attr not supported : Dmpu
2024-08-26 12:50:34,948 [ERROR] ConditionMgr:805 - Attr not supported : Dmpu
2024-08-26 12:50:34,948 [ERROR] ConditionMgr:805 - Attr not supported : Dmpu
2024-08-26 12:50:34,948 [ERROR] ConditionMgr:805 - Attr not supported : Dmpu
2024-08-26 12:50:34,948 [ERROR] ConditionMgr:805 - Attr not supported : Dmpu
2024-08-26 12:50:34,948 [ERROR] ConditionMgr:805 - Attr not supported : Dmpu
2024-08-26 12:50:34,948 [ERROR] ConditionMgr:805 - Attr not supported : Dmpu
2024-08-26 12:50:34,948 [ERROR] ConditionMgr:805 - Attr not supported : Dmpu
2024-08-26 12:50:34,948 [ERROR] ConditionMgr:805 - Attr not supported : Dmpu
2024-08-26 12:50:34,949 [ERROR] ConditionMgr:805 - Attr not supported : Dmpu
2024-08-26 12:50:34,949 [ERROR] ConditionMgr:805 - Attr not supported : Dmpu
2024-08-26 12:50:34,949 [ERROR] ConditionMgr:805 - Attr not supported : Dmpu
2024-08-26 12:50:34,949 [ERROR] ConditionMgr:805 - Attr not supported : Dmpu
2024-08-26 12:50:34,949 [ERROR] ConditionMgr:805 - Attr not supported : Dmpu
2024-08-26 12:50:34,949 [ERROR] ConditionMgr:805 - Attr not supported : Dmpu
2024-08-26 12:50:34,949 [ERROR] ConditionMgr:805 - Attr not supported : Dmpu
2024-08-26 12:50:34,949 [ERROR] ConditionMgr:805 - Attr not supported : Dmpu
2024-08-26 12:50:34,949 [ERROR] ConditionMgr:805 - Attr not supported : Dmpu
2024-08-26 12:50:34,949 [ERROR] ConditionMgr:805 - Attr not supported : Dmpu
2024-08-26 12:50:34,949 [ERROR] ConditionMgr:805 - Attr not supported : Dmpu
2024-08-26 12:50:34,949 [ERROR] ConditionMgr:805 - Attr not supported : Dmpu
2024-08-26 12:50:34,949 [ERROR] ConditionMgr:805 - Attr not supported : Dmpu
2024-08-26 12:50:34,949 [ERROR] ConditionMgr:805 - Attr not supported : Dmpu
2024-08-26 12:50:34,950 [ERROR] ConditionMgr:805 - Attr not supported : Dmpu
2024-08-26 12:50:34,950 [ERROR] ConditionMgr:805 - Attr not supported : Dmpu
2024-08-26 12:50:34,950 [ERROR] ConditionMgr:805 - Attr not supported : Dmpu
2024-08-26 12:50:34,950 [ERROR] ConditionMgr:805 - Attr not supported : Dmpu
2024-08-26 12:50:34,950 [ERROR] ConditionMgr:805 - Attr not supported : Dmpu
2024-08-26 12:50:34,950 [ERROR] ConditionMgr:805 - Attr not supported : Dmpu
2024-08-26 12:50:34,950 [ERROR] ConditionMgr:805 - Attr not supported : Dmpu
2024-08-26 12:50:34,950 [ERROR] ConditionMgr:805 - Attr not supported : Dmpu
2024-08-26 12:50:34,950 [ERROR] ConditionMgr:805 - Attr not supported : Dmpu
2024-08-26 12:50:34,950 [ERROR] ConditionMgr:805 - Attr not supported : Dmpu
2024-08-26 12:50:34,950 [ERROR] ConditionMgr:805 - Attr not supported : Dmpu
2024-08-26 12:50:34,950 [ERROR] ConditionMgr:805 - Attr not supported : Dmpu
2024-08-26 12:50:34,950 [ERROR] ConditionMgr:805 - Attr not supported : Dmpu
2024-08-26 12:50:34,950 [ERROR] ConditionMgr:805 - Attr not supported : Dmpu
2024-08-26 12:50:34,950 [ERROR] ConditionMgr:805 - Attr not supported : Dmpu
2024-08-26 12:50:34,950 [ERROR] ConditionMgr:805 - Attr not supported : Dmpu
2024-08-26 12:50:34,951 [ERROR] ConditionMgr:805 - Attr not supported : Dmpu
2024-08-26 12:50:34,964 [WARN] PackLoader:240 - Cannot read IP mode file for RealThread.X-CUBE-RT-Thread_Nano.4.1.1
2024-08-26 12:50:34,967 [WARN] PackLoader:240 - Cannot read IP mode file for wolfSSL.I-CUBE-wolfSSL.5.7.0
2024-08-26 12:50:34,970 [WARN] PackLoader:240 - Cannot read IP mode file for STMicroelectronics.FP-ATR-SIGFOX1.3.2.0
2024-08-26 12:50:34,976 [WARN] PackLoader:240 - Cannot read IP mode file for STMicroelectronics.X-CUBE-EEPRMA1.5.1.0
2024-08-26 12:50:34,981 [WARN] PackLoader:240 - Cannot read IP mode file for ITTIA_DB.I-CUBE-ITTIADB.8.9.0
2024-08-26 12:50:35,009 [WARN] PackLoader:240 - Cannot read IP mode file for SEGGER.I-CUBE-embOS.1.3.1
2024-08-26 12:50:35,040 [WARN] PackLoader:240 - Cannot read IP mode file for STMicroelectronics.X-CUBE-ALGOBUILD.1.4.0
2024-08-26 12:50:35,043 [WARN] PackLoader:240 - Cannot read IP mode file for STMicroelectronics.X-CUBE-GNSS1.6.0.0
2024-08-26 12:50:35,054 [WARN] PackLoader:240 - Cannot read IP mode file for STMicroelectronics.X-CUBE-AZRTOS-F4.1.1.0
2024-08-26 12:50:35,059 [WARN] PackLoader:240 - Cannot read IP mode file for STMicroelectronics.X-CUBE-FREERTOS.1.2.0
2024-08-26 12:50:35,068 [WARN] PackLoader:240 - Cannot read IP mode file for STMicroelectronics.X-CUBE-AZRTOS-L5.2.0.0
2024-08-26 12:50:35,074 [WARN] PackLoader:240 - Cannot read IP mode file for STMicroelectronics.X-CUBE-NFC6.3.1.0
2024-08-26 12:50:35,079 [WARN] PackLoader:240 - Cannot read IP mode file for STMicroelectronics.X-CUBE-DPower.1.2.0
2024-08-26 12:50:35,081 [WARN] PackLoader:240 - Cannot read IP mode file for STMicroelectronics.X-CUBE-AI.9.0.0
2024-08-26 12:50:35,084 [WARN] PackLoader:240 - Cannot read IP mode file for STMicroelectronics.X-CUBE-NFC7.1.0.1
2024-08-26 12:50:35,086 [WARN] PackLoader:240 - Cannot read IP mode file for wolfSSL.I-CUBE-wolfTPM.3.2.0
2024-08-26 12:50:35,087 [WARN] PackLoader:240 - Cannot read IP mode file for STMicroelectronics.X-CUBE-AI.8.1.0
2024-08-26 12:50:35,096 [WARN] ConditionMgr:438 - getConditionDescription Invalid condition id : LAN8742 Phy interface Condition cause : null
2024-08-26 12:50:35,097 [WARN] PackLoader:240 - Cannot read IP mode file for STMicroelectronics.X-CUBE-AZRTOS-L4.2.0.0
2024-08-26 12:50:35,098 [WARN] ConditionMgr:1039 - genDependencies : Invalid condition id : LAN8742 Phy interface Condition cause : null
2024-08-26 12:50:35,098 [WARN] ConditionMgr:1039 - genDependencies : Invalid condition id : LAN8742 Phy interface Condition cause : null
2024-08-26 12:50:35,098 [WARN] ConditionMgr:1039 - genDependencies : Invalid condition id : LAN8742 Phy interface Condition cause : null
2024-08-26 12:50:35,103 [WARN] PackLoader:240 - Cannot read IP mode file for STMicroelectronics.X-CUBE-SFXS2LP1.4.0.0
2024-08-26 12:50:35,114 [WARN] PackLoader:240 - Cannot read IP mode file for STMicroelectronics.X-CUBE-AZRTOS-H7.3.3.0
2024-08-26 12:50:35,123 [WARN] ConditionMgr:438 - getConditionDescription Invalid condition id : UX DEVICE CLASS RTOS Condition cause : null
2024-08-26 12:50:35,123 [WARN] ConditionMgr:438 - getConditionDescription Invalid condition id : UX DEVICE CLASS RTOS Condition cause : null
2024-08-26 12:50:35,124 [WARN] PackLoader:240 - Cannot read IP mode file for STMicroelectronics.X-CUBE-AZRTOS-WB.2.0.0
2024-08-26 12:50:35,125 [WARN] ConditionMgr:1039 - genDependencies : Invalid condition id : UX DEVICE CLASS RTOS Condition cause : null
2024-08-26 12:50:35,125 [WARN] ConditionMgr:1039 - genDependencies : Invalid condition id : UX DEVICE CLASS RTOS Condition cause : null
2024-08-26 12:50:35,125 [WARN] ConditionMgr:1039 - genDependencies : Invalid condition id : UX DEVICE CLASS RTOS Condition cause : null
2024-08-26 12:50:35,125 [WARN] ConditionMgr:1039 - genDependencies : Invalid condition id : UX DEVICE CLASS RTOS Condition cause : null
2024-08-26 12:50:35,125 [WARN] ConditionMgr:1039 - genDependencies : Invalid condition id : UX DEVICE CLASS RTOS Condition cause : null
2024-08-26 12:50:35,131 [WARN] PackLoader:240 - Cannot read IP mode file for STMicroelectronics.FP-SNS-STBOX1.2.0.0
2024-08-26 12:50:35,138 [WARN] PackLoader:240 - Cannot read IP mode file for STMicroelectronics.X-CUBE-SUBG2.5.0.0
2024-08-26 12:50:35,143 [WARN] PackLoader:240 - Cannot read IP mode file for Cesanta.I-CUBE-Mongoose.7.13.0
2024-08-26 12:50:35,151 [WARN] PackLoader:240 - Cannot read IP mode file for STMicroelectronics.X-CUBE-AZRTOS-G4.2.0.0
2024-08-26 12:50:35,156 [WARN] PackLoader:240 - Cannot read IP mode file for STMicroelectronics.FP-SNS-MOTENVWB1.1.3.1
2024-08-26 12:50:35,159 [WARN] PackLoader:240 - Cannot read IP mode file for STMicroelectronics.X-CUBE-ISPU.2.0.0
2024-08-26 12:50:35,162 [WARN] PackLoader:240 - Cannot read IP mode file for STMicroelectronics.X-CUBE-ALS.1.0.2
2024-08-26 12:50:35,202 [WARN] PackLoader:240 - Cannot read IP mode file for STMicroelectronics.X-CUBE-MEMS1.10.0.0
2024-08-26 12:50:35,311 [WARN] PackLoader:240 - Cannot read IP mode file for STMicroelectronics.X-CUBE-TOUCHGFX.4.24.0
2024-08-26 12:50:35,315 [WARN] PackLoader:240 - Cannot read IP mode file for portGmbH.I-Cube-SoM-uGOAL.1.1.0
2024-08-26 12:50:35,317 [WARN] PackLoader:240 - Cannot read IP mode file for STMicroelectronics.X-CUBE-ALS.1.0.1
2024-08-26 12:50:35,328 [WARN] PackLoader:240 - Cannot read IP mode file for STMicroelectronics.X-CUBE-AZRTOS-H7RS.1.0.0
2024-08-26 12:50:35,332 [WARN] PackLoader:240 - Cannot read IP mode file for STMicroelectronics.FP-ATR-ASTRA1.2.0.0
2024-08-26 12:50:35,339 [WARN] PackLoader:240 - Cannot read IP mode file for STMicroelectronics.X-CUBE-TOF1.3.4.2
2024-08-26 12:50:35,351 [WARN] PackLoader:240 - Cannot read IP mode file for STMicroelectronics.X-CUBE-TOF1.3.4.1
2024-08-26 12:50:35,369 [WARN] PackLoader:240 - Cannot read IP mode file for STMicroelectronics.X-CUBE-AZRTOS-H7.3.2.0
2024-08-26 12:50:35,378 [WARN] PackLoader:240 - Cannot read IP mode file for Infineon.AIROC-Wi-Fi-Bluetooth-STM32.1.6.0
2024-08-26 12:50:35,382 [WARN] PackLoader:240 - Cannot read IP mode file for wolfSSL.I-CUBE-wolfSSH.1.4.17
2024-08-26 12:50:35,383 [INFO] ThirdParty:978 - Integrity check success = true
2024-08-26 12:50:35,383 [INFO] IntegrityCheckThread:100 - exiting critical section [integrity check]
2024-08-26 12:50:35,383 [INFO] IntegrityCheckThread:103 - End integrity checks thread
