2024-08-05 10:09:09,940 [INFO] Activator:176 - 


2024-08-05 10:09:09,943 [INFO] Activator:177 - !SESSION log4j initialized
2024-08-05 10:09:14,598 [INFO] LogOutputStream:77 - [STDOUT_REDIRECT] 
2024-08-05 10:09:15,233 [INFO] ApplicationProperties:184 - Using Application install path: /home/frank/st/stm32cubeide_1.14.0/plugins/com.st.stm32cube.common.mx_6.11.1.202404110753
2024-08-05 10:09:15,242 [INFO] DbMcusXml:78 - Set database path to: /home/frank/st/stm32cubeide_1.14.0/plugins/com.st.stm32cube.common.mx_6.11.1.202404110753//db//mcu/
2024-08-05 10:09:15,242 [INFO] ApiDb:274 - Set plugin database path to: /home/frank/st/stm32cubeide_1.14.0/plugins/com.st.stm32cube.common.mx_6.11.1.202404110753//db//plugins/boardmanager/
2024-08-05 10:09:15,242 [WARN] ApiDb:259 - Overriding images path with different value:  => /home/frank/st/stm32cubeide_1.14.0/plugins/com.st.stm32cube.common.mx_6.11.1.202404110753//db//plugins/mcufinder/images/
2024-08-05 10:09:15,245 [INFO] ApiDb:250 - Set database path to: /home/frank/.stmcufinder/plugins/mcufinder//mcu/
2024-08-05 10:09:15,246 [INFO] DbMcusAds:125 - Set database path to: /home/frank/.stmcufinder/plugins/mcufinder//mcu/
2024-08-05 10:09:15,247 [INFO] CrossReferenceDbSqlite:203 - Set database path to: /home/frank/.stmcufinder/plugins/mcufinder//mcu/cs/
2024-08-05 10:09:15,303 [INFO] RulesReader:64 - Compatibility file has been processed (297 Rules)
2024-08-05 10:09:15,341 [INFO] DbMcusXml:78 - Set database path to: /home/frank/st/stm32cubeide_1.14.0/plugins/com.st.stm32cube.common.mx_6.11.1.202404110753//db//mcu/
2024-08-05 10:09:15,341 [INFO] ApiDb:274 - Set plugin database path to: /home/frank/st/stm32cubeide_1.14.0/plugins/com.st.stm32cube.common.mx_6.11.1.202404110753//db//plugins/boardmanager/
2024-08-05 10:09:15,341 [INFO] ApiDb:261 - Set plugin images path to: /home/frank/st/stm32cubeide_1.14.0/plugins/com.st.stm32cube.common.mx_6.11.1.202404110753//db//plugins/mcufinder/images/
2024-08-05 10:09:15,341 [WARN] DbFile:41 - Overriding database path with different value: /home/frank/.stmcufinder/plugins/mcufinder/ => /home/frank/.stmcufinder/plugins/mcufinder
2024-08-05 10:09:15,341 [INFO] ApiDb:250 - Set database path to: /home/frank/.stmcufinder/plugins/mcufinder//mcu/
2024-08-05 10:09:15,341 [WARN] DbFile:41 - Overriding database path with different value: /home/frank/.stmcufinder/plugins/mcufinder/ => /home/frank/.stmcufinder/plugins/mcufinder
2024-08-05 10:09:15,341 [INFO] DbMcusAds:125 - Set database path to: /home/frank/.stmcufinder/plugins/mcufinder//mcu/
2024-08-05 10:09:15,341 [WARN] DbFile:41 - Overriding database path with different value: /home/frank/.stmcufinder/plugins/mcufinder/ => /home/frank/.stmcufinder/plugins/mcufinder
2024-08-05 10:09:15,341 [WARN] DbFile:41 - Overriding database path with different value: /home/frank/.stmcufinder/plugins/mcufinder/ => /home/frank/.stmcufinder/plugins/mcufinder
2024-08-05 10:09:15,341 [INFO] CrossReferenceDbSqlite:203 - Set database path to: /home/frank/.stmcufinder/plugins/mcufinder//mcu/cs/
2024-08-05 10:09:15,389 [INFO] MainPanel:264 - HeapMemory: 268435456
2024-08-05 10:09:15,439 [INFO] DbMcusXml:78 - Set database path to: /home/frank/st/stm32cubeide_1.14.0/plugins/com.st.stm32cube.common.mx_6.11.1.202404110753//db//mcu/
2024-08-05 10:09:15,439 [INFO] ApiDb:274 - Set plugin database path to: /home/frank/st/stm32cubeide_1.14.0/plugins/com.st.stm32cube.common.mx_6.11.1.202404110753//db//plugins/boardmanager/
2024-08-05 10:09:15,439 [INFO] ApiDb:261 - Set plugin images path to: /home/frank/st/stm32cubeide_1.14.0/plugins/com.st.stm32cube.common.mx_6.11.1.202404110753//db//plugins/mcufinder/images/
2024-08-05 10:09:15,439 [WARN] DbFile:41 - Overriding database path with different value: /home/frank/.stmcufinder/plugins/mcufinder/ => /home/frank/.stmcufinder/plugins/mcufinder
2024-08-05 10:09:15,440 [INFO] ApiDb:250 - Set database path to: /home/frank/.stmcufinder/plugins/mcufinder//mcu/
2024-08-05 10:09:15,440 [WARN] DbFile:41 - Overriding database path with different value: /home/frank/.stmcufinder/plugins/mcufinder/ => /home/frank/.stmcufinder/plugins/mcufinder
2024-08-05 10:09:15,440 [INFO] DbMcusAds:125 - Set database path to: /home/frank/.stmcufinder/plugins/mcufinder//mcu/
2024-08-05 10:09:15,440 [WARN] DbFile:41 - Overriding database path with different value: /home/frank/.stmcufinder/plugins/mcufinder/ => /home/frank/.stmcufinder/plugins/mcufinder
2024-08-05 10:09:15,440 [WARN] DbFile:41 - Overriding database path with different value: /home/frank/.stmcufinder/plugins/mcufinder/ => /home/frank/.stmcufinder/plugins/mcufinder
2024-08-05 10:09:15,440 [INFO] CrossReferenceDbSqlite:203 - Set database path to: /home/frank/.stmcufinder/plugins/mcufinder//mcu/cs/
2024-08-05 10:09:15,448 [INFO] ApplicationProperties:184 - Using Application install path: /home/frank/st/stm32cubeide_1.14.0/plugins/com.st.stm32cube.common.mx_6.11.1.202404110753
2024-08-05 10:09:15,449 [INFO] PluginManage:196 - Search for loadable plugins [exclusion list=, ]
2024-08-05 10:09:15,450 [INFO] PluginManage:310 - Check plugin analytics
2024-08-05 10:09:15,520 [INFO] AnalyticsPlugin:253 - Accepted Software Licenses: 
2024-08-05 10:09:15,520 [INFO] AnalyticsPlugin:255 - Accepted CMSIS Pack Licenses: 
2024-08-05 10:09:15,520 [INFO] AnalyticsPlugin:257 - Accepted Firmware Licenses: FW.F4.1.28.0,FW.F4.1.27.0
2024-08-05 10:09:15,521 [INFO] PluginManage:359 - Loaded plugin analytics (category:tool,tabindex:-1)
2024-08-05 10:09:15,521 [INFO] PluginManage:310 - Check plugin cadmodel
2024-08-05 10:09:15,537 [INFO] CADModel:105 - Init CAD model plugin
2024-08-05 10:09:15,537 [INFO] PluginManage:359 - Loaded plugin cadmodel (category:power,tabindex:5)
2024-08-05 10:09:15,537 [INFO] PluginManage:310 - Check plugin clock
2024-08-05 10:09:15,542 [INFO] PluginManage:359 - Loaded plugin clock (category:base,tabindex:2)
2024-08-05 10:09:15,543 [INFO] PluginManage:310 - Check plugin ddr
2024-08-05 10:09:15,544 [INFO] PluginManage:359 - Loaded plugin ddr (category:tool,tabindex:6)
2024-08-05 10:09:15,544 [INFO] PluginManage:310 - Check plugin filemanager
2024-08-05 10:09:15,621 [INFO] PluginManage:359 - Loaded plugin filemanager (category:base,tabindex:10)
2024-08-05 10:09:15,621 [INFO] PluginManage:310 - Check plugin ipmanager
2024-08-05 10:09:15,624 [INFO] PluginManage:359 - Loaded plugin ipmanager (category:base,tabindex:5)
2024-08-05 10:09:15,624 [INFO] PluginManage:310 - Check plugin lpbam
2024-08-05 10:09:15,629 [INFO] PluginManage:359 - Loaded plugin lpbam (category:base,tabindex:0)
2024-08-05 10:09:15,629 [INFO] PluginManage:310 - Check plugin memorymap
2024-08-05 10:09:15,635 [INFO] PluginManage:359 - Loaded plugin memorymap (category:base,tabindex:4)
2024-08-05 10:09:15,635 [INFO] PluginManage:310 - Check plugin pinoutandconfiguration
2024-08-05 10:09:15,640 [INFO] PluginManage:359 - Loaded plugin pinoutandconfiguration (category:base,tabindex:1)
2024-08-05 10:09:15,640 [INFO] PluginManage:310 - Check plugin pinoutconfig
2024-08-05 10:09:15,685 [WARN] SupportedApi:132 - Cannot load RTOS API schema: s4s-elt-must-match.1: The content of 'definitions' must match (annotation?, (simpleType | complexType)?, (unique | key | keyref)*)). A problem was found starting at: attribute.
2024-08-05 10:09:15,754 [INFO] PluginManage:359 - Loaded plugin pinoutconfig (category:base,tabindex:0)
2024-08-05 10:09:15,755 [INFO] PluginManage:310 - Check plugin power
2024-08-05 10:09:15,760 [INFO] PluginManage:359 - Loaded plugin power (category:power,tabindex:4)
2024-08-05 10:09:15,760 [INFO] PluginManage:310 - Check plugin projectmanager
2024-08-05 10:09:15,769 [INFO] PluginManage:359 - Loaded plugin projectmanager (category:projectmanager,tabindex:3)
2024-08-05 10:09:15,769 [INFO] PluginManage:310 - Check plugin thirdparty
2024-08-05 10:09:15,838 [INFO] PluginManage:359 - Loaded plugin thirdparty (category:base,tabindex:-1)
2024-08-05 10:09:15,838 [WARN] IntegrityCheckThread:84 - waiting for thirdparty lock release [integrity check]
2024-08-05 10:09:15,838 [INFO] PluginManage:310 - Check plugin tools
2024-08-05 10:09:15,838 [INFO] IntegrityCheckThread:86 - entering critical section [integrity check]
2024-08-05 10:09:15,838 [INFO] ThirdPartyUpdaterWithRetryManager:70 - Updater plugin not ready yet. [1/15]
2024-08-05 10:09:15,839 [INFO] PluginManage:359 - Loaded plugin tools (category:base,tabindex:7)
2024-08-05 10:09:15,839 [INFO] PluginManage:310 - Check plugin tutovideos
2024-08-05 10:09:15,948 [INFO] PluginManage:359 - Loaded plugin tutovideos (category:base,tabindex:-1)
2024-08-05 10:09:15,948 [INFO] PluginManage:310 - Check plugin updater
2024-08-05 10:09:15,956 [INFO] PluginManage:359 - Loaded plugin updater (category:base,tabindex:12)
2024-08-05 10:09:15,956 [INFO] PluginManage:310 - Check plugin userauth
2024-08-05 10:09:15,959 [INFO] UserAuth:114 - Init User Auth plugin
2024-08-05 10:09:15,959 [INFO] PluginManage:359 - Loaded plugin userauth (category:base,tabindex:14)
2024-08-05 10:09:15,960 [INFO] PluginManage:283 - PluginManage : Loaded plugins [17]
2024-08-05 10:09:16,065 [INFO] PinOutPanel:1561 - setPackage(No Configuration,No Configuration)
2024-08-05 10:09:16,103 [INFO] CADModel:165 - CPN selected for project level
2024-08-05 10:09:16,103 [INFO] CADModel:114 - Register for checkConnection events
2024-08-05 10:09:16,111 [INFO] IPUIPlugin:80 - create IPUIPlugin
2024-08-05 10:09:16,111 [INFO] PluginManager:220 - loadIPPluginJar : add ucpd
2024-08-05 10:09:16,112 [INFO] IPUIPlugin:80 - create IPUIPlugin
2024-08-05 10:09:16,112 [INFO] PluginManager:220 - loadIPPluginJar : add ltdc
2024-08-05 10:09:16,116 [INFO] IPUIPlugin:80 - create IPUIPlugin
2024-08-05 10:09:16,119 [INFO] PluginManager:220 - loadIPPluginJar : add plateformsettings
2024-08-05 10:09:16,122 [INFO] IPUIPlugin:80 - create IPUIPlugin
2024-08-05 10:09:16,122 [INFO] PluginManager:220 - loadIPPluginJar : add hash
2024-08-05 10:09:16,124 [INFO] IPUIPlugin:80 - create IPUIPlugin
2024-08-05 10:09:16,124 [INFO] PluginManager:220 - loadIPPluginJar : add gfxmmu
2024-08-05 10:09:16,128 [INFO] IPUIPlugin:80 - create IPUIPlugin
2024-08-05 10:09:16,128 [INFO] PluginManager:220 - loadIPPluginJar : add stm32_wpan
2024-08-05 10:09:16,129 [INFO] IPUIPlugin:80 - create IPUIPlugin
2024-08-05 10:09:16,129 [INFO] PluginManager:220 - loadIPPluginJar : add ts
2024-08-05 10:09:16,130 [INFO] IPUIPlugin:80 - create IPUIPlugin
2024-08-05 10:09:16,130 [INFO] PluginManager:220 - loadIPPluginJar : add quadspi
2024-08-05 10:09:16,132 [INFO] IPUIPlugin:80 - create IPUIPlugin
2024-08-05 10:09:16,132 [INFO] PluginManager:220 - loadIPPluginJar : add usbx
2024-08-05 10:09:16,133 [INFO] IPUIPlugin:80 - create IPUIPlugin
2024-08-05 10:09:16,133 [INFO] PluginManager:220 - loadIPPluginJar : add aes
2024-08-05 10:09:16,136 [INFO] IPUIPlugin:80 - create IPUIPlugin
2024-08-05 10:09:16,136 [INFO] PluginManager:220 - loadIPPluginJar : add nvic
2024-08-05 10:09:16,140 [INFO] IPUIPlugin:80 - create IPUIPlugin
2024-08-05 10:09:16,140 [INFO] PluginManager:220 - loadIPPluginJar : add adc
2024-08-05 10:09:16,141 [INFO] IPUIPlugin:80 - create IPUIPlugin
2024-08-05 10:09:16,142 [INFO] PluginManager:220 - loadIPPluginJar : add cryp
2024-08-05 10:09:16,143 [INFO] IPUIPlugin:80 - create IPUIPlugin
2024-08-05 10:09:16,144 [INFO] PluginManager:220 - loadIPPluginJar : add touchsensing
2024-08-05 10:09:16,146 [INFO] IPUIPlugin:80 - create IPUIPlugin
2024-08-05 10:09:16,146 [INFO] PluginManager:220 - loadIPPluginJar : add fmc
2024-08-05 10:09:16,148 [INFO] IPUIPlugin:80 - create IPUIPlugin
2024-08-05 10:09:16,148 [INFO] PluginManager:220 - loadIPPluginJar : add openamp
2024-08-05 10:09:16,153 [INFO] IPUIPlugin:80 - create IPUIPlugin
2024-08-05 10:09:16,153 [INFO] PluginManager:220 - loadIPPluginJar : add linkedlist
2024-08-05 10:09:16,154 [INFO] IPUIPlugin:80 - create IPUIPlugin
2024-08-05 10:09:16,154 [INFO] PluginManager:220 - loadIPPluginJar : add tracer_emb
2024-08-05 10:09:16,157 [INFO] IPUIPlugin:80 - create IPUIPlugin
2024-08-05 10:09:16,157 [INFO] PluginManager:220 - loadIPPluginJar : add dma
2024-08-05 10:09:16,159 [INFO] IPUIPlugin:80 - create IPUIPlugin
2024-08-05 10:09:16,159 [INFO] PluginManager:220 - loadIPPluginJar : add sai
2024-08-05 10:09:16,162 [INFO] IPUIPlugin:80 - create IPUIPlugin
2024-08-05 10:09:16,162 [INFO] PluginManager:220 - loadIPPluginJar : add freertos
2024-08-05 10:09:16,166 [INFO] IPUIPlugin:80 - create IPUIPlugin
2024-08-05 10:09:16,166 [INFO] PluginManager:220 - loadIPPluginJar : add mdma
2024-08-05 10:09:16,167 [INFO] IPUIPlugin:80 - create IPUIPlugin
2024-08-05 10:09:16,167 [INFO] PluginManager:220 - loadIPPluginJar : add genericplugin
2024-08-05 10:09:16,169 [INFO] IPUIPlugin:80 - create IPUIPlugin
2024-08-05 10:09:16,169 [INFO] PluginManager:220 - loadIPPluginJar : add tsc
2024-08-05 10:09:16,171 [INFO] IPUIPlugin:80 - create IPUIPlugin
2024-08-05 10:09:16,171 [INFO] PluginManager:220 - loadIPPluginJar : add pdm2pcm
2024-08-05 10:09:16,172 [INFO] IPUIPlugin:80 - create IPUIPlugin
2024-08-05 10:09:16,172 [INFO] PluginManager:220 - loadIPPluginJar : add fatfs
2024-08-05 10:09:16,173 [INFO] IPUIPlugin:80 - create IPUIPlugin
2024-08-05 10:09:16,173 [INFO] PluginManager:220 - loadIPPluginJar : add can
2024-08-05 10:09:16,174 [INFO] IPUIPlugin:80 - create IPUIPlugin
2024-08-05 10:09:16,174 [INFO] PluginManager:220 - loadIPPluginJar : add i3c
2024-08-05 10:09:16,175 [INFO] IPUIPlugin:80 - create IPUIPlugin
2024-08-05 10:09:16,175 [INFO] PluginManager:220 - loadIPPluginJar : add i2s
2024-08-05 10:09:16,176 [INFO] IPUIPlugin:80 - create IPUIPlugin
2024-08-05 10:09:16,176 [INFO] PluginManager:220 - loadIPPluginJar : add i2c
2024-08-05 10:09:16,177 [INFO] IPUIPlugin:80 - create IPUIPlugin
2024-08-05 10:09:16,177 [INFO] PluginManager:220 - loadIPPluginJar : add spi
2024-08-05 10:09:16,178 [INFO] IPUIPlugin:80 - create IPUIPlugin
2024-08-05 10:09:16,178 [INFO] PluginManager:220 - loadIPPluginJar : add dfsdm
2024-08-05 10:09:16,179 [INFO] IPUIPlugin:80 - create IPUIPlugin
2024-08-05 10:09:16,179 [INFO] PluginManager:220 - loadIPPluginJar : add tim
2024-08-05 10:09:16,180 [INFO] IPUIPlugin:80 - create IPUIPlugin
2024-08-05 10:09:16,180 [INFO] PluginManager:220 - loadIPPluginJar : add opamp
2024-08-05 10:09:16,181 [INFO] IPUIPlugin:80 - create IPUIPlugin
2024-08-05 10:09:16,181 [INFO] PluginManager:220 - loadIPPluginJar : add dma3
2024-08-05 10:09:16,183 [INFO] IPUIPlugin:80 - create IPUIPlugin
2024-08-05 10:09:16,183 [INFO] PluginManager:220 - loadIPPluginJar : add ipddr
2024-08-05 10:09:16,183 [INFO] IPUIPlugin:80 - create IPUIPlugin
2024-08-05 10:09:16,183 [INFO] PluginManager:220 - loadIPPluginJar : add comp
2024-08-05 10:09:16,186 [INFO] IPUIPlugin:80 - create IPUIPlugin
2024-08-05 10:09:16,186 [INFO] PluginManager:220 - loadIPPluginJar : add resmgrutility
2024-08-05 10:09:16,188 [INFO] IPUIPlugin:80 - create IPUIPlugin
2024-08-05 10:09:16,188 [INFO] PluginManager:220 - loadIPPluginJar : add extmemmanager
2024-08-05 10:09:16,189 [INFO] IPUIPlugin:80 - create IPUIPlugin
2024-08-05 10:09:16,190 [INFO] PluginManager:220 - loadIPPluginJar : add gtzc
2024-08-05 10:09:16,192 [INFO] IPUIPlugin:80 - create IPUIPlugin
2024-08-05 10:09:16,192 [INFO] PluginManager:220 - loadIPPluginJar : add gpio
2024-08-05 10:09:16,194 [INFO] IPUIPlugin:80 - create IPUIPlugin
2024-08-05 10:09:16,194 [INFO] PluginManager:220 - loadIPPluginJar : add usart
2024-08-05 10:09:16,195 [INFO] IPUIPlugin:80 - create IPUIPlugin
2024-08-05 10:09:16,195 [INFO] PluginManager:220 - loadIPPluginJar : add lorawan
2024-08-05 10:09:16,198 [INFO] IPUIPlugin:80 - create IPUIPlugin
2024-08-05 10:09:16,198 [INFO] PluginManager:220 - loadIPPluginJar : add gic
2024-08-05 10:09:16,290 [INFO] CADModel:165 - CPN selected for project level
2024-08-05 10:09:16,290 [INFO] CADModel:114 - Register for checkConnection events
2024-08-05 10:09:16,290 [FATAL] Updater:308 - Updater called before beeing initialized
2024-08-05 10:09:16,290 [ERROR] CADModel:125 - Updater not yet initialized, retry later 
2024-08-05 10:09:16,358 [INFO] CADModel:165 - CPN selected for project level
2024-08-05 10:09:16,358 [INFO] CADModel:114 - Register for checkConnection events
2024-08-05 10:09:16,358 [FATAL] Updater:308 - Updater called before beeing initialized
2024-08-05 10:09:16,358 [ERROR] CADModel:125 - Updater not yet initialized, retry later 
2024-08-05 10:09:16,360 [FATAL] Updater:308 - Updater called before beeing initialized
2024-08-05 10:09:16,408 [FATAL] Updater:308 - Updater called before beeing initialized
2024-08-05 10:09:16,411 [INFO] DbMcusAds:53 - JSON generation date=Thu May 16 11:22:00 CEST 2024 (1715851320667)
2024-08-05 10:09:16,411 [FATAL] Updater:308 - Updater called before beeing initialized
2024-08-05 10:09:16,432 [WARN] DetailPanel:346 - Failed to get advertising image, set to default
2024-08-05 10:09:16,504 [FATAL] Updater:308 - Updater called before beeing initialized
2024-08-05 10:09:16,507 [FATAL] Updater:308 - Updater called before beeing initialized
2024-08-05 10:09:16,507 [FATAL] Updater:308 - Updater called before beeing initialized
2024-08-05 10:09:16,507 [WARN] DetailPanel:346 - Failed to get advertising image, set to default
2024-08-05 10:09:16,508 [FATAL] Updater:308 - Updater called before beeing initialized
2024-08-05 10:09:16,527 [ERROR] Updater:1120 - MainUpdater not yet initialized. External WinMGr cannot be set.
2024-08-05 10:09:16,528 [INFO] Updater:1056 - Updater Version found : 6.11.1
2024-08-05 10:09:16,538 [INFO] ApplicationProperties:184 - Using Application install path: /home/frank/st/stm32cubeide_1.14.0/plugins/com.st.stm32cube.common.mx_6.11.1.202404110753
2024-08-05 10:09:18,013 [INFO] MainUpdater:2873 - connection check result : 10
2024-08-05 10:09:18,014 [INFO] MainUpdater:3567 - Updater definition file requires update
2024-08-05 10:09:18,014 [INFO] MainUpdater:290 - Updater Check For Update Now.
2024-08-05 10:09:18,014 [INFO] MicroXplorer:498 - Change Database Version : DB.6.0.111
2024-08-05 10:09:18,017 [INFO] McuFinderGlobals:63 - Set McuFinder mode to 2 (CubeIDE integrated)
2024-08-05 10:09:18,022 [INFO] UserAuth:415 - Internet connection configuration mode: 1
2024-08-05 10:09:18,031 [INFO] JxBrowserEngine:152 - Initiate JxBrowser Engine with user profile folder
2024-08-05 10:09:18,095 [INFO] ServerAccessManage:473 - Download File updaters.zip
2024-08-05 10:09:18,164 [INFO] FileExtend:240 - Unzip File : updaters.zip
2024-08-05 10:09:18,164 [INFO] FileExtend:255 - Standard Zip Deflate
2024-08-05 10:09:18,282 [INFO] ServerAccessManage:473 - Download File PacksControlFlags.xml
2024-08-05 10:09:18,319 [INFO] ServerAccessManage:473 - Download File cubemx.pidx
2024-08-05 10:09:18,383 [INFO] LoadServerUpdatesThread:375 - End of LoadServerUpdate Thread
2024-08-05 10:09:18,539 [INFO] CheckServerUpdateThread:120 - End of CheckServer Thread
2024-08-05 10:09:18,796 [INFO] WebApp:161 - Instantiating new browser for Auth
2024-08-05 10:09:18,989 [WARN] PackLoader:240 - Cannot read IP mode file for STMicroelectronics.FP-SNS-MOTENVWB1.1.4.0
2024-08-05 10:09:19,002 [WARN] PackLoader:240 - Cannot read IP mode file for STMicroelectronics.X-CUBE-SMBUS.2.1.0
2024-08-05 10:09:19,008 [WARN] PackLoader:240 - Cannot read IP mode file for STMicroelectronics.X-CUBE-TOUCHGFX.4.23.2
2024-08-05 10:09:19,046 [WARN] PackLoader:240 - Cannot read IP mode file for STMicroelectronics.X-CUBE-AZRTOS-F7.1.1.0
2024-08-05 10:09:19,058 [WARN] PackLoader:240 - Cannot read IP mode file for STMicroelectronics.FP-SNS-MOTENV1.4.3.2
2024-08-05 10:09:19,065 [WARN] PackLoader:240 - Cannot read IP mode file for STMicroelectronics.FP-SNS-FLIGHT1.5.0.2
2024-08-05 10:09:19,071 [WARN] PackLoader:240 - Cannot read IP mode file for STMicroelectronics.X-CUBE-DISPLAY.3.0.0
2024-08-05 10:09:19,084 [WARN] PackLoader:240 - Cannot read IP mode file for STMicroelectronics.X-CUBE-BLE1.7.0.0
2024-08-05 10:09:19,090 [WARN] PackLoader:240 - Cannot read IP mode file for emotas.I-CUBE-CANOPEN.1.3.0
2024-08-05 10:09:19,102 [WARN] PackLoader:240 - Cannot read IP mode file for STMicroelectronics.X-CUBE-BLEMGR.3.1.0
2024-08-05 10:09:19,109 [WARN] PackLoader:240 - Cannot read IP mode file for STMicroelectronics.FP-SNS-SMARTAG2.1.2.0
2024-08-05 10:09:19,117 [INFO] LogOutputStream:77 - [STDOUT_REDIRECT] 1 : Invalid condition id : UX_CORESTACK_Condition cause : null
2024-08-05 10:09:19,118 [INFO] LogOutputStream:77 - [STDOUT_REDIRECT] 1 : Invalid condition id : UX_CORESTACK_Condition cause : null
2024-08-05 10:09:19,118 [INFO] LogOutputStream:77 - [STDOUT_REDIRECT] 1 : Invalid condition id : UX_CORESTACK_Condition cause : null
2024-08-05 10:09:19,118 [INFO] LogOutputStream:77 - [STDOUT_REDIRECT] 1 : Invalid condition id : UX_CORESTACK_Condition cause : null
2024-08-05 10:09:19,118 [INFO] LogOutputStream:77 - [STDOUT_REDIRECT] 1 : Invalid condition id : UX_CORESTACK_Condition cause : null
2024-08-05 10:09:19,122 [WARN] PackLoader:240 - Cannot read IP mode file for STMicroelectronics.X-CUBE-AZRTOS-WL.2.0.0
2024-08-05 10:09:19,126 [WARN] PackLoader:240 - Cannot read IP mode file for STMicroelectronics.FP-SNS-MOTENV1.5.0.0
2024-08-05 10:09:19,130 [WARN] PackLoader:240 - Cannot read IP mode file for wolfSSL.I-CUBE-wolfMQTT.1.19.0
2024-08-05 10:09:19,135 [WARN] PackLoader:240 - Cannot read IP mode file for WES.I-CUBE-Cesium.1.3.0
2024-08-05 10:09:19,139 [WARN] PackLoader:240 - Cannot read IP mode file for STMicroelectronics.X-CUBE-BLE2.3.3.0
2024-08-05 10:09:19,145 [WARN] PackLoader:240 - Cannot read IP mode file for STMicroelectronics.X-CUBE-TCPP.4.1.0
2024-08-05 10:09:19,164 [WARN] PackLoader:240 - Cannot read IP mode file for STMicroelectronics.X-CUBE-AZRTOS-G0.1.1.0
2024-08-05 10:09:19,176 [WARN] PackLoader:240 - Cannot read IP mode file for STMicroelectronics.X-CUBE-SAFEA1.1.2.2
2024-08-05 10:09:19,184 [WARN] PackLoader:240 - Cannot read IP mode file for STMicroelectronics.X-CUBE-NFC4.3.0.0
2024-08-05 10:09:19,189 [WARN] PackLoader:240 - Cannot read IP mode file for wolfSSL.I-CUBE-wolfMQTT.1.18.0
2024-08-05 10:09:19,221 [WARN] PackLoader:240 - Cannot read IP mode file for EmbeddedOffice.I-CUBE-FS-RTOS.1.0.1
2024-08-05 10:09:19,222 [ERROR] ConditionMgr:805 - Attr not supported : Dmpu
2024-08-05 10:09:19,223 [ERROR] ConditionMgr:805 - Attr not supported : Dmpu
2024-08-05 10:09:19,223 [ERROR] ConditionMgr:805 - Attr not supported : Dmpu
2024-08-05 10:09:19,223 [ERROR] ConditionMgr:805 - Attr not supported : Dmpu
2024-08-05 10:09:19,223 [ERROR] ConditionMgr:805 - Attr not supported : Dmpu
2024-08-05 10:09:19,223 [ERROR] ConditionMgr:805 - Attr not supported : Dmpu
2024-08-05 10:09:19,223 [ERROR] ConditionMgr:805 - Attr not supported : Dmpu
2024-08-05 10:09:19,223 [ERROR] ConditionMgr:805 - Attr not supported : Dmpu
2024-08-05 10:09:19,223 [ERROR] ConditionMgr:805 - Attr not supported : Dmpu
2024-08-05 10:09:19,224 [ERROR] ConditionMgr:805 - Attr not supported : Dmpu
2024-08-05 10:09:19,224 [ERROR] ConditionMgr:805 - Attr not supported : Dmpu
2024-08-05 10:09:19,224 [ERROR] ConditionMgr:805 - Attr not supported : Dmpu
2024-08-05 10:09:19,224 [ERROR] ConditionMgr:805 - Attr not supported : Dmpu
2024-08-05 10:09:19,224 [ERROR] ConditionMgr:805 - Attr not supported : Dmpu
2024-08-05 10:09:19,224 [ERROR] ConditionMgr:805 - Attr not supported : Dmpu
2024-08-05 10:09:19,224 [ERROR] ConditionMgr:805 - Attr not supported : Dmpu
2024-08-05 10:09:19,224 [ERROR] ConditionMgr:805 - Attr not supported : Dmpu
2024-08-05 10:09:19,225 [ERROR] ConditionMgr:805 - Attr not supported : Dmpu
2024-08-05 10:09:19,225 [ERROR] ConditionMgr:805 - Attr not supported : Dmpu
2024-08-05 10:09:19,225 [ERROR] ConditionMgr:805 - Attr not supported : Dmpu
2024-08-05 10:09:19,225 [ERROR] ConditionMgr:805 - Attr not supported : Dmpu
2024-08-05 10:09:19,226 [ERROR] ConditionMgr:805 - Attr not supported : Dmpu
2024-08-05 10:09:19,226 [ERROR] ConditionMgr:805 - Attr not supported : Dmpu
2024-08-05 10:09:19,226 [ERROR] ConditionMgr:805 - Attr not supported : Dmpu
2024-08-05 10:09:19,226 [ERROR] ConditionMgr:805 - Attr not supported : Dmpu
2024-08-05 10:09:19,227 [ERROR] ConditionMgr:805 - Attr not supported : Dmpu
2024-08-05 10:09:19,227 [ERROR] ConditionMgr:805 - Attr not supported : Dmpu
2024-08-05 10:09:19,228 [ERROR] ConditionMgr:805 - Attr not supported : Dmpu
2024-08-05 10:09:19,228 [ERROR] ConditionMgr:805 - Attr not supported : Dmpu
2024-08-05 10:09:19,228 [ERROR] ConditionMgr:805 - Attr not supported : Dmpu
2024-08-05 10:09:19,228 [ERROR] ConditionMgr:805 - Attr not supported : Dmpu
2024-08-05 10:09:19,228 [ERROR] ConditionMgr:805 - Attr not supported : Dmpu
2024-08-05 10:09:19,229 [ERROR] ConditionMgr:805 - Attr not supported : Dmpu
2024-08-05 10:09:19,229 [ERROR] ConditionMgr:805 - Attr not supported : Dmpu
2024-08-05 10:09:19,229 [ERROR] ConditionMgr:805 - Attr not supported : Dmpu
2024-08-05 10:09:19,229 [ERROR] ConditionMgr:805 - Attr not supported : Dmpu
2024-08-05 10:09:19,230 [ERROR] ConditionMgr:805 - Attr not supported : Dmpu
2024-08-05 10:09:19,230 [ERROR] ConditionMgr:805 - Attr not supported : Dmpu
2024-08-05 10:09:19,230 [ERROR] ConditionMgr:805 - Attr not supported : Dmpu
2024-08-05 10:09:19,230 [ERROR] ConditionMgr:805 - Attr not supported : Dmpu
2024-08-05 10:09:19,230 [ERROR] ConditionMgr:805 - Attr not supported : Dmpu
2024-08-05 10:09:19,230 [ERROR] ConditionMgr:805 - Attr not supported : Dmpu
2024-08-05 10:09:19,230 [ERROR] ConditionMgr:805 - Attr not supported : Dmpu
2024-08-05 10:09:19,231 [ERROR] ConditionMgr:805 - Attr not supported : Dmpu
2024-08-05 10:09:19,231 [ERROR] ConditionMgr:805 - Attr not supported : Dmpu
2024-08-05 10:09:19,231 [ERROR] ConditionMgr:805 - Attr not supported : Dmpu
2024-08-05 10:09:19,231 [ERROR] ConditionMgr:805 - Attr not supported : Dmpu
2024-08-05 10:09:19,231 [ERROR] ConditionMgr:805 - Attr not supported : Dmpu
2024-08-05 10:09:19,231 [ERROR] ConditionMgr:805 - Attr not supported : Dmpu
2024-08-05 10:09:19,231 [ERROR] ConditionMgr:805 - Attr not supported : Dmpu
2024-08-05 10:09:19,231 [ERROR] ConditionMgr:805 - Attr not supported : Dmpu
2024-08-05 10:09:19,232 [ERROR] ConditionMgr:805 - Attr not supported : Dmpu
2024-08-05 10:09:19,232 [ERROR] ConditionMgr:805 - Attr not supported : Dmpu
2024-08-05 10:09:19,232 [ERROR] ConditionMgr:805 - Attr not supported : Dmpu
2024-08-05 10:09:19,232 [ERROR] ConditionMgr:805 - Attr not supported : Dmpu
2024-08-05 10:09:19,232 [ERROR] ConditionMgr:805 - Attr not supported : Dmpu
2024-08-05 10:09:19,232 [ERROR] ConditionMgr:805 - Attr not supported : Dmpu
2024-08-05 10:09:19,232 [ERROR] ConditionMgr:805 - Attr not supported : Dmpu
2024-08-05 10:09:19,232 [ERROR] ConditionMgr:805 - Attr not supported : Dmpu
2024-08-05 10:09:19,232 [ERROR] ConditionMgr:805 - Attr not supported : Dmpu
2024-08-05 10:09:19,233 [ERROR] ConditionMgr:805 - Attr not supported : Dmpu
2024-08-05 10:09:19,233 [ERROR] ConditionMgr:805 - Attr not supported : Dmpu
2024-08-05 10:09:19,233 [ERROR] ConditionMgr:805 - Attr not supported : Dmpu
2024-08-05 10:09:19,233 [ERROR] ConditionMgr:805 - Attr not supported : Dmpu
2024-08-05 10:09:19,240 [WARN] PackLoader:240 - Cannot read IP mode file for RealThread.X-CUBE-RT-Thread_Nano.4.1.1
2024-08-05 10:09:19,245 [WARN] PackLoader:240 - Cannot read IP mode file for wolfSSL.I-CUBE-wolfSSL.5.7.0
2024-08-05 10:09:19,248 [WARN] PackLoader:240 - Cannot read IP mode file for STMicroelectronics.FP-ATR-SIGFOX1.3.2.0
2024-08-05 10:09:19,256 [WARN] PackLoader:240 - Cannot read IP mode file for STMicroelectronics.X-CUBE-EEPRMA1.5.1.0
2024-08-05 10:09:19,265 [WARN] PackLoader:240 - Cannot read IP mode file for ITTIA_DB.I-CUBE-ITTIADB.8.9.0
2024-08-05 10:09:19,308 [WARN] PackLoader:240 - Cannot read IP mode file for SEGGER.I-CUBE-embOS.1.3.1
2024-08-05 10:09:19,361 [WARN] PackLoader:240 - Cannot read IP mode file for STMicroelectronics.X-CUBE-ALGOBUILD.1.4.0
2024-08-05 10:09:19,368 [WARN] PackLoader:240 - Cannot read IP mode file for STMicroelectronics.X-CUBE-GNSS1.6.0.0
2024-08-05 10:09:19,384 [WARN] PackLoader:240 - Cannot read IP mode file for STMicroelectronics.X-CUBE-AZRTOS-F4.1.1.0
2024-08-05 10:09:19,393 [WARN] PackLoader:240 - Cannot read IP mode file for STMicroelectronics.X-CUBE-FREERTOS.1.2.0
2024-08-05 10:09:19,408 [WARN] PackLoader:240 - Cannot read IP mode file for STMicroelectronics.X-CUBE-AZRTOS-L5.2.0.0
2024-08-05 10:09:19,418 [WARN] PackLoader:240 - Cannot read IP mode file for STMicroelectronics.X-CUBE-NFC6.3.1.0
2024-08-05 10:09:19,426 [WARN] PackLoader:240 - Cannot read IP mode file for STMicroelectronics.X-CUBE-DPower.1.2.0
2024-08-05 10:09:19,430 [WARN] PackLoader:240 - Cannot read IP mode file for STMicroelectronics.X-CUBE-AI.9.0.0
2024-08-05 10:09:19,436 [WARN] PackLoader:240 - Cannot read IP mode file for STMicroelectronics.X-CUBE-NFC7.1.0.1
2024-08-05 10:09:19,444 [WARN] PackLoader:240 - Cannot read IP mode file for wolfSSL.I-CUBE-wolfTPM.3.2.0
2024-08-05 10:09:19,447 [WARN] PackLoader:240 - Cannot read IP mode file for STMicroelectronics.X-CUBE-AI.8.1.0
2024-08-05 10:09:19,469 [WARN] ConditionMgr:438 - getConditionDescription Invalid condition id : LAN8742 Phy interface Condition cause : null
2024-08-05 10:09:19,470 [WARN] PackLoader:240 - Cannot read IP mode file for STMicroelectronics.X-CUBE-AZRTOS-L4.2.0.0
2024-08-05 10:09:19,472 [WARN] ConditionMgr:1039 - genDependencies : Invalid condition id : LAN8742 Phy interface Condition cause : null
2024-08-05 10:09:19,473 [WARN] ConditionMgr:1039 - genDependencies : Invalid condition id : LAN8742 Phy interface Condition cause : null
2024-08-05 10:09:19,473 [WARN] ConditionMgr:1039 - genDependencies : Invalid condition id : LAN8742 Phy interface Condition cause : null
2024-08-05 10:09:19,481 [WARN] PackLoader:240 - Cannot read IP mode file for STMicroelectronics.X-CUBE-SFXS2LP1.4.0.0
2024-08-05 10:09:19,496 [WARN] ConditionMgr:438 - getConditionDescription Invalid condition id : UX DEVICE CLASS RTOS Condition cause : null
2024-08-05 10:09:19,496 [WARN] ConditionMgr:438 - getConditionDescription Invalid condition id : UX DEVICE CLASS RTOS Condition cause : null
2024-08-05 10:09:19,499 [WARN] PackLoader:240 - Cannot read IP mode file for STMicroelectronics.X-CUBE-AZRTOS-WB.2.0.0
2024-08-05 10:09:19,500 [WARN] ConditionMgr:1039 - genDependencies : Invalid condition id : UX DEVICE CLASS RTOS Condition cause : null
2024-08-05 10:09:19,500 [WARN] ConditionMgr:1039 - genDependencies : Invalid condition id : UX DEVICE CLASS RTOS Condition cause : null
2024-08-05 10:09:19,500 [WARN] ConditionMgr:1039 - genDependencies : Invalid condition id : UX DEVICE CLASS RTOS Condition cause : null
2024-08-05 10:09:19,501 [WARN] ConditionMgr:1039 - genDependencies : Invalid condition id : UX DEVICE CLASS RTOS Condition cause : null
2024-08-05 10:09:19,501 [WARN] ConditionMgr:1039 - genDependencies : Invalid condition id : UX DEVICE CLASS RTOS Condition cause : null
2024-08-05 10:09:19,508 [WARN] PackLoader:240 - Cannot read IP mode file for STMicroelectronics.FP-SNS-STBOX1.2.0.0
2024-08-05 10:09:19,522 [WARN] PackLoader:240 - Cannot read IP mode file for STMicroelectronics.X-CUBE-SUBG2.5.0.0
2024-08-05 10:09:19,530 [WARN] PackLoader:240 - Cannot read IP mode file for Cesanta.I-CUBE-Mongoose.7.13.0
2024-08-05 10:09:19,541 [WARN] PackLoader:240 - Cannot read IP mode file for STMicroelectronics.X-CUBE-AZRTOS-G4.2.0.0
2024-08-05 10:09:19,547 [WARN] PackLoader:240 - Cannot read IP mode file for STMicroelectronics.FP-SNS-MOTENVWB1.1.3.1
2024-08-05 10:09:19,550 [WARN] PackLoader:240 - Cannot read IP mode file for STMicroelectronics.X-CUBE-ISPU.2.0.0
2024-08-05 10:09:19,553 [WARN] PackLoader:240 - Cannot read IP mode file for STMicroelectronics.X-CUBE-ALS.1.0.2
2024-08-05 10:09:19,607 [WARN] PackLoader:240 - Cannot read IP mode file for STMicroelectronics.X-CUBE-MEMS1.10.0.0
2024-08-05 10:09:19,813 [WARN] PackLoader:240 - Cannot read IP mode file for STMicroelectronics.X-CUBE-TOUCHGFX.4.24.0
2024-08-05 10:09:19,817 [WARN] PackLoader:240 - Cannot read IP mode file for portGmbH.I-Cube-SoM-uGOAL.1.1.0
2024-08-05 10:09:19,821 [WARN] PackLoader:240 - Cannot read IP mode file for STMicroelectronics.X-CUBE-ALS.1.0.1
2024-08-05 10:09:19,871 [WARN] PackLoader:240 - Cannot read IP mode file for STMicroelectronics.X-CUBE-AZRTOS-H7RS.1.0.0
2024-08-05 10:09:19,882 [WARN] PackLoader:240 - Cannot read IP mode file for STMicroelectronics.FP-ATR-ASTRA1.2.0.0
2024-08-05 10:09:19,899 [WARN] PackLoader:240 - Cannot read IP mode file for STMicroelectronics.X-CUBE-TOF1.3.4.2
2024-08-05 10:09:19,934 [WARN] PackLoader:240 - Cannot read IP mode file for STMicroelectronics.X-CUBE-TOF1.3.4.1
2024-08-05 10:09:19,976 [WARN] PackLoader:240 - Cannot read IP mode file for STMicroelectronics.X-CUBE-AZRTOS-H7.3.2.0
2024-08-05 10:09:19,993 [WARN] PackLoader:240 - Cannot read IP mode file for Infineon.AIROC-Wi-Fi-Bluetooth-STM32.1.6.0
2024-08-05 10:09:19,994 [INFO] WebApp:779 - Register for checkConnection events
2024-08-05 10:09:19,995 [INFO] WebApp:414 - Apply proxy settings
2024-08-05 10:09:19,995 [INFO] WebApp:499 - Chromium requires no authentication
2024-08-05 10:09:20,001 [WARN] PackLoader:240 - Cannot read IP mode file for wolfSSL.I-CUBE-wolfSSH.1.4.17
2024-08-05 10:09:20,002 [INFO] WebApp:442 - Direct internet connection detected
2024-08-05 10:09:20,002 [INFO] ThirdParty:978 - Integrity check success = true
2024-08-05 10:09:20,003 [INFO] IntegrityCheckThread:100 - exiting critical section [integrity check]
2024-08-05 10:09:20,003 [INFO] IntegrityCheckThread:103 - End integrity checks thread
2024-08-05 10:09:20,144 [INFO] WebApp:192 - Starting web application
2024-08-05 10:09:20,144 [INFO] WebApp:544 - Web application path used /home/frank/st/stm32cubeide_1.14.0/plugins/com.st.stm32cube.common.mx_6.11.1.202404110753/db/plugins/mcufinder/reactClient1/index.html
2024-08-05 15:23:16,022 [ERROR] LogOutputStream:75 - [STDERR_REDIRECT] 
2024-08-05 16:22:47,717 [INFO] Activator:176 - 


2024-08-05 16:22:47,718 [INFO] Activator:177 - !SESSION log4j initialized
2024-08-05 16:22:51,115 [INFO] LogOutputStream:77 - [STDOUT_REDIRECT] 
2024-08-05 16:22:51,587 [INFO] ApplicationProperties:184 - Using Application install path: /home/frank/st/stm32cubeide_1.14.0/plugins/com.st.stm32cube.common.mx_6.11.1.202404110753
2024-08-05 16:22:51,595 [INFO] DbMcusXml:78 - Set database path to: /home/frank/st/stm32cubeide_1.14.0/plugins/com.st.stm32cube.common.mx_6.11.1.202404110753//db//mcu/
2024-08-05 16:22:51,595 [INFO] ApiDb:274 - Set plugin database path to: /home/frank/st/stm32cubeide_1.14.0/plugins/com.st.stm32cube.common.mx_6.11.1.202404110753//db//plugins/boardmanager/
2024-08-05 16:22:51,595 [WARN] ApiDb:259 - Overriding images path with different value:  => /home/frank/st/stm32cubeide_1.14.0/plugins/com.st.stm32cube.common.mx_6.11.1.202404110753//db//plugins/mcufinder/images/
2024-08-05 16:22:51,597 [INFO] ApiDb:250 - Set database path to: /home/frank/.stmcufinder/plugins/mcufinder//mcu/
2024-08-05 16:22:51,597 [INFO] DbMcusAds:125 - Set database path to: /home/frank/.stmcufinder/plugins/mcufinder//mcu/
2024-08-05 16:22:51,598 [INFO] CrossReferenceDbSqlite:203 - Set database path to: /home/frank/.stmcufinder/plugins/mcufinder//mcu/cs/
2024-08-05 16:22:51,654 [INFO] RulesReader:64 - Compatibility file has been processed (297 Rules)
2024-08-05 16:22:51,687 [INFO] DbMcusXml:78 - Set database path to: /home/frank/st/stm32cubeide_1.14.0/plugins/com.st.stm32cube.common.mx_6.11.1.202404110753//db//mcu/
2024-08-05 16:22:51,687 [INFO] ApiDb:274 - Set plugin database path to: /home/frank/st/stm32cubeide_1.14.0/plugins/com.st.stm32cube.common.mx_6.11.1.202404110753//db//plugins/boardmanager/
2024-08-05 16:22:51,687 [INFO] ApiDb:261 - Set plugin images path to: /home/frank/st/stm32cubeide_1.14.0/plugins/com.st.stm32cube.common.mx_6.11.1.202404110753//db//plugins/mcufinder/images/
2024-08-05 16:22:51,687 [WARN] DbFile:41 - Overriding database path with different value: /home/frank/.stmcufinder/plugins/mcufinder/ => /home/frank/.stmcufinder/plugins/mcufinder
2024-08-05 16:22:51,687 [INFO] ApiDb:250 - Set database path to: /home/frank/.stmcufinder/plugins/mcufinder//mcu/
2024-08-05 16:22:51,687 [WARN] DbFile:41 - Overriding database path with different value: /home/frank/.stmcufinder/plugins/mcufinder/ => /home/frank/.stmcufinder/plugins/mcufinder
2024-08-05 16:22:51,687 [INFO] DbMcusAds:125 - Set database path to: /home/frank/.stmcufinder/plugins/mcufinder//mcu/
2024-08-05 16:22:51,687 [WARN] DbFile:41 - Overriding database path with different value: /home/frank/.stmcufinder/plugins/mcufinder/ => /home/frank/.stmcufinder/plugins/mcufinder
2024-08-05 16:22:51,687 [WARN] DbFile:41 - Overriding database path with different value: /home/frank/.stmcufinder/plugins/mcufinder/ => /home/frank/.stmcufinder/plugins/mcufinder
2024-08-05 16:22:51,687 [INFO] CrossReferenceDbSqlite:203 - Set database path to: /home/frank/.stmcufinder/plugins/mcufinder//mcu/cs/
2024-08-05 16:22:51,722 [INFO] MainPanel:264 - HeapMemory: 268435456
2024-08-05 16:22:51,759 [INFO] DbMcusXml:78 - Set database path to: /home/frank/st/stm32cubeide_1.14.0/plugins/com.st.stm32cube.common.mx_6.11.1.202404110753//db//mcu/
2024-08-05 16:22:51,759 [INFO] ApiDb:274 - Set plugin database path to: /home/frank/st/stm32cubeide_1.14.0/plugins/com.st.stm32cube.common.mx_6.11.1.202404110753//db//plugins/boardmanager/
2024-08-05 16:22:51,759 [INFO] ApiDb:261 - Set plugin images path to: /home/frank/st/stm32cubeide_1.14.0/plugins/com.st.stm32cube.common.mx_6.11.1.202404110753//db//plugins/mcufinder/images/
2024-08-05 16:22:51,760 [WARN] DbFile:41 - Overriding database path with different value: /home/frank/.stmcufinder/plugins/mcufinder/ => /home/frank/.stmcufinder/plugins/mcufinder
2024-08-05 16:22:51,760 [INFO] ApiDb:250 - Set database path to: /home/frank/.stmcufinder/plugins/mcufinder//mcu/
2024-08-05 16:22:51,760 [WARN] DbFile:41 - Overriding database path with different value: /home/frank/.stmcufinder/plugins/mcufinder/ => /home/frank/.stmcufinder/plugins/mcufinder
2024-08-05 16:22:51,760 [INFO] DbMcusAds:125 - Set database path to: /home/frank/.stmcufinder/plugins/mcufinder//mcu/
2024-08-05 16:22:51,760 [WARN] DbFile:41 - Overriding database path with different value: /home/frank/.stmcufinder/plugins/mcufinder/ => /home/frank/.stmcufinder/plugins/mcufinder
2024-08-05 16:22:51,760 [WARN] DbFile:41 - Overriding database path with different value: /home/frank/.stmcufinder/plugins/mcufinder/ => /home/frank/.stmcufinder/plugins/mcufinder
2024-08-05 16:22:51,760 [INFO] CrossReferenceDbSqlite:203 - Set database path to: /home/frank/.stmcufinder/plugins/mcufinder//mcu/cs/
2024-08-05 16:22:51,768 [INFO] ApplicationProperties:184 - Using Application install path: /home/frank/st/stm32cubeide_1.14.0/plugins/com.st.stm32cube.common.mx_6.11.1.202404110753
2024-08-05 16:22:51,769 [INFO] PluginManage:196 - Search for loadable plugins [exclusion list=, ]
2024-08-05 16:22:51,769 [INFO] PluginManage:310 - Check plugin analytics
2024-08-05 16:22:51,839 [INFO] AnalyticsPlugin:253 - Accepted Software Licenses: 
2024-08-05 16:22:51,839 [INFO] AnalyticsPlugin:255 - Accepted CMSIS Pack Licenses: 
2024-08-05 16:22:51,839 [INFO] AnalyticsPlugin:257 - Accepted Firmware Licenses: FW.F4.1.28.0,FW.F4.1.27.0
2024-08-05 16:22:51,840 [INFO] PluginManage:359 - Loaded plugin analytics (category:tool,tabindex:-1)
2024-08-05 16:22:51,841 [INFO] PluginManage:310 - Check plugin cadmodel
2024-08-05 16:22:51,851 [INFO] CADModel:105 - Init CAD model plugin
2024-08-05 16:22:51,851 [INFO] PluginManage:359 - Loaded plugin cadmodel (category:power,tabindex:5)
2024-08-05 16:22:51,851 [INFO] PluginManage:310 - Check plugin clock
2024-08-05 16:22:51,854 [INFO] PluginManage:359 - Loaded plugin clock (category:base,tabindex:2)
2024-08-05 16:22:51,854 [INFO] PluginManage:310 - Check plugin ddr
2024-08-05 16:22:51,855 [INFO] PluginManage:359 - Loaded plugin ddr (category:tool,tabindex:6)
2024-08-05 16:22:51,855 [INFO] PluginManage:310 - Check plugin filemanager
2024-08-05 16:22:51,920 [INFO] PluginManage:359 - Loaded plugin filemanager (category:base,tabindex:10)
2024-08-05 16:22:51,920 [INFO] PluginManage:310 - Check plugin ipmanager
2024-08-05 16:22:51,923 [INFO] PluginManage:359 - Loaded plugin ipmanager (category:base,tabindex:5)
2024-08-05 16:22:51,923 [INFO] PluginManage:310 - Check plugin lpbam
2024-08-05 16:22:51,927 [INFO] PluginManage:359 - Loaded plugin lpbam (category:base,tabindex:0)
2024-08-05 16:22:51,927 [INFO] PluginManage:310 - Check plugin memorymap
2024-08-05 16:22:51,932 [INFO] PluginManage:359 - Loaded plugin memorymap (category:base,tabindex:4)
2024-08-05 16:22:51,932 [INFO] PluginManage:310 - Check plugin pinoutandconfiguration
2024-08-05 16:22:51,935 [INFO] PluginManage:359 - Loaded plugin pinoutandconfiguration (category:base,tabindex:1)
2024-08-05 16:22:51,935 [INFO] PluginManage:310 - Check plugin pinoutconfig
2024-08-05 16:22:51,972 [WARN] SupportedApi:132 - Cannot load RTOS API schema: s4s-elt-must-match.1: The content of 'definitions' must match (annotation?, (simpleType | complexType)?, (unique | key | keyref)*)). A problem was found starting at: attribute.
2024-08-05 16:22:52,031 [INFO] PluginManage:359 - Loaded plugin pinoutconfig (category:base,tabindex:0)
2024-08-05 16:22:52,031 [INFO] PluginManage:310 - Check plugin power
2024-08-05 16:22:52,035 [INFO] PluginManage:359 - Loaded plugin power (category:power,tabindex:4)
2024-08-05 16:22:52,035 [INFO] PluginManage:310 - Check plugin projectmanager
2024-08-05 16:22:52,044 [INFO] PluginManage:359 - Loaded plugin projectmanager (category:projectmanager,tabindex:3)
2024-08-05 16:22:52,044 [INFO] PluginManage:310 - Check plugin thirdparty
2024-08-05 16:22:52,098 [INFO] PluginManage:359 - Loaded plugin thirdparty (category:base,tabindex:-1)
2024-08-05 16:22:52,098 [WARN] IntegrityCheckThread:84 - waiting for thirdparty lock release [integrity check]
2024-08-05 16:22:52,098 [INFO] PluginManage:310 - Check plugin tools
2024-08-05 16:22:52,098 [INFO] IntegrityCheckThread:86 - entering critical section [integrity check]
2024-08-05 16:22:52,099 [INFO] ThirdPartyUpdaterWithRetryManager:70 - Updater plugin not ready yet. [1/15]
2024-08-05 16:22:52,099 [INFO] PluginManage:359 - Loaded plugin tools (category:base,tabindex:7)
2024-08-05 16:22:52,099 [INFO] PluginManage:310 - Check plugin tutovideos
2024-08-05 16:22:52,176 [INFO] PluginManage:359 - Loaded plugin tutovideos (category:base,tabindex:-1)
2024-08-05 16:22:52,176 [INFO] PluginManage:310 - Check plugin updater
2024-08-05 16:22:52,181 [INFO] PluginManage:359 - Loaded plugin updater (category:base,tabindex:12)
2024-08-05 16:22:52,181 [INFO] PluginManage:310 - Check plugin userauth
2024-08-05 16:22:52,183 [INFO] UserAuth:114 - Init User Auth plugin
2024-08-05 16:22:52,183 [INFO] PluginManage:359 - Loaded plugin userauth (category:base,tabindex:14)
2024-08-05 16:22:52,184 [INFO] PluginManage:283 - PluginManage : Loaded plugins [17]
2024-08-05 16:22:52,288 [INFO] PinOutPanel:1561 - setPackage(No Configuration,No Configuration)
2024-08-05 16:22:52,322 [INFO] CADModel:165 - CPN selected for project level
2024-08-05 16:22:52,323 [INFO] CADModel:114 - Register for checkConnection events
2024-08-05 16:22:52,327 [INFO] IPUIPlugin:80 - create IPUIPlugin
2024-08-05 16:22:52,328 [INFO] PluginManager:220 - loadIPPluginJar : add ucpd
2024-08-05 16:22:52,328 [INFO] IPUIPlugin:80 - create IPUIPlugin
2024-08-05 16:22:52,328 [INFO] PluginManager:220 - loadIPPluginJar : add ltdc
2024-08-05 16:22:52,331 [INFO] IPUIPlugin:80 - create IPUIPlugin
2024-08-05 16:22:52,333 [INFO] PluginManager:220 - loadIPPluginJar : add plateformsettings
2024-08-05 16:22:52,335 [INFO] IPUIPlugin:80 - create IPUIPlugin
2024-08-05 16:22:52,335 [INFO] PluginManager:220 - loadIPPluginJar : add hash
2024-08-05 16:22:52,336 [INFO] IPUIPlugin:80 - create IPUIPlugin
2024-08-05 16:22:52,336 [INFO] PluginManager:220 - loadIPPluginJar : add gfxmmu
2024-08-05 16:22:52,340 [INFO] IPUIPlugin:80 - create IPUIPlugin
2024-08-05 16:22:52,340 [INFO] PluginManager:220 - loadIPPluginJar : add stm32_wpan
2024-08-05 16:22:52,341 [INFO] IPUIPlugin:80 - create IPUIPlugin
2024-08-05 16:22:52,341 [INFO] PluginManager:220 - loadIPPluginJar : add ts
2024-08-05 16:22:52,341 [INFO] IPUIPlugin:80 - create IPUIPlugin
2024-08-05 16:22:52,341 [INFO] PluginManager:220 - loadIPPluginJar : add quadspi
2024-08-05 16:22:52,343 [INFO] IPUIPlugin:80 - create IPUIPlugin
2024-08-05 16:22:52,343 [INFO] PluginManager:220 - loadIPPluginJar : add usbx
2024-08-05 16:22:52,343 [INFO] IPUIPlugin:80 - create IPUIPlugin
2024-08-05 16:22:52,343 [INFO] PluginManager:220 - loadIPPluginJar : add aes
2024-08-05 16:22:52,345 [INFO] IPUIPlugin:80 - create IPUIPlugin
2024-08-05 16:22:52,345 [INFO] PluginManager:220 - loadIPPluginJar : add nvic
2024-08-05 16:22:52,348 [INFO] IPUIPlugin:80 - create IPUIPlugin
2024-08-05 16:22:52,348 [INFO] PluginManager:220 - loadIPPluginJar : add adc
2024-08-05 16:22:52,349 [INFO] IPUIPlugin:80 - create IPUIPlugin
2024-08-05 16:22:52,349 [INFO] PluginManager:220 - loadIPPluginJar : add cryp
2024-08-05 16:22:52,350 [INFO] IPUIPlugin:80 - create IPUIPlugin
2024-08-05 16:22:52,351 [INFO] PluginManager:220 - loadIPPluginJar : add touchsensing
2024-08-05 16:22:52,353 [INFO] IPUIPlugin:80 - create IPUIPlugin
2024-08-05 16:22:52,353 [INFO] PluginManager:220 - loadIPPluginJar : add fmc
2024-08-05 16:22:52,354 [INFO] IPUIPlugin:80 - create IPUIPlugin
2024-08-05 16:22:52,354 [INFO] PluginManager:220 - loadIPPluginJar : add openamp
2024-08-05 16:22:52,357 [INFO] IPUIPlugin:80 - create IPUIPlugin
2024-08-05 16:22:52,357 [INFO] PluginManager:220 - loadIPPluginJar : add linkedlist
2024-08-05 16:22:52,358 [INFO] IPUIPlugin:80 - create IPUIPlugin
2024-08-05 16:22:52,358 [INFO] PluginManager:220 - loadIPPluginJar : add tracer_emb
2024-08-05 16:22:52,361 [INFO] IPUIPlugin:80 - create IPUIPlugin
2024-08-05 16:22:52,361 [INFO] PluginManager:220 - loadIPPluginJar : add dma
2024-08-05 16:22:52,362 [INFO] IPUIPlugin:80 - create IPUIPlugin
2024-08-05 16:22:52,362 [INFO] PluginManager:220 - loadIPPluginJar : add sai
2024-08-05 16:22:52,364 [INFO] IPUIPlugin:80 - create IPUIPlugin
2024-08-05 16:22:52,364 [INFO] PluginManager:220 - loadIPPluginJar : add freertos
2024-08-05 16:22:52,367 [INFO] IPUIPlugin:80 - create IPUIPlugin
2024-08-05 16:22:52,367 [INFO] PluginManager:220 - loadIPPluginJar : add mdma
2024-08-05 16:22:52,367 [INFO] IPUIPlugin:80 - create IPUIPlugin
2024-08-05 16:22:52,368 [INFO] PluginManager:220 - loadIPPluginJar : add genericplugin
2024-08-05 16:22:52,368 [INFO] IPUIPlugin:80 - create IPUIPlugin
2024-08-05 16:22:52,369 [INFO] PluginManager:220 - loadIPPluginJar : add tsc
2024-08-05 16:22:52,370 [INFO] IPUIPlugin:80 - create IPUIPlugin
2024-08-05 16:22:52,370 [INFO] PluginManager:220 - loadIPPluginJar : add pdm2pcm
2024-08-05 16:22:52,371 [INFO] IPUIPlugin:80 - create IPUIPlugin
2024-08-05 16:22:52,371 [INFO] PluginManager:220 - loadIPPluginJar : add fatfs
2024-08-05 16:22:52,372 [INFO] IPUIPlugin:80 - create IPUIPlugin
2024-08-05 16:22:52,372 [INFO] PluginManager:220 - loadIPPluginJar : add can
2024-08-05 16:22:52,373 [INFO] IPUIPlugin:80 - create IPUIPlugin
2024-08-05 16:22:52,373 [INFO] PluginManager:220 - loadIPPluginJar : add i3c
2024-08-05 16:22:52,373 [INFO] IPUIPlugin:80 - create IPUIPlugin
2024-08-05 16:22:52,373 [INFO] PluginManager:220 - loadIPPluginJar : add i2s
2024-08-05 16:22:52,374 [INFO] IPUIPlugin:80 - create IPUIPlugin
2024-08-05 16:22:52,374 [INFO] PluginManager:220 - loadIPPluginJar : add i2c
2024-08-05 16:22:52,375 [INFO] IPUIPlugin:80 - create IPUIPlugin
2024-08-05 16:22:52,375 [INFO] PluginManager:220 - loadIPPluginJar : add spi
2024-08-05 16:22:52,376 [INFO] IPUIPlugin:80 - create IPUIPlugin
2024-08-05 16:22:52,376 [INFO] PluginManager:220 - loadIPPluginJar : add dfsdm
2024-08-05 16:22:52,376 [INFO] IPUIPlugin:80 - create IPUIPlugin
2024-08-05 16:22:52,376 [INFO] PluginManager:220 - loadIPPluginJar : add tim
2024-08-05 16:22:52,377 [INFO] IPUIPlugin:80 - create IPUIPlugin
2024-08-05 16:22:52,377 [INFO] PluginManager:220 - loadIPPluginJar : add opamp
2024-08-05 16:22:52,378 [INFO] IPUIPlugin:80 - create IPUIPlugin
2024-08-05 16:22:52,378 [INFO] PluginManager:220 - loadIPPluginJar : add dma3
2024-08-05 16:22:52,379 [INFO] IPUIPlugin:80 - create IPUIPlugin
2024-08-05 16:22:52,379 [INFO] PluginManager:220 - loadIPPluginJar : add ipddr
2024-08-05 16:22:52,380 [INFO] IPUIPlugin:80 - create IPUIPlugin
2024-08-05 16:22:52,380 [INFO] PluginManager:220 - loadIPPluginJar : add comp
2024-08-05 16:22:52,381 [INFO] IPUIPlugin:80 - create IPUIPlugin
2024-08-05 16:22:52,381 [INFO] PluginManager:220 - loadIPPluginJar : add resmgrutility
2024-08-05 16:22:52,382 [INFO] IPUIPlugin:80 - create IPUIPlugin
2024-08-05 16:22:52,383 [INFO] PluginManager:220 - loadIPPluginJar : add extmemmanager
2024-08-05 16:22:52,383 [INFO] IPUIPlugin:80 - create IPUIPlugin
2024-08-05 16:22:52,383 [INFO] PluginManager:220 - loadIPPluginJar : add gtzc
2024-08-05 16:22:52,385 [INFO] IPUIPlugin:80 - create IPUIPlugin
2024-08-05 16:22:52,385 [INFO] PluginManager:220 - loadIPPluginJar : add gpio
2024-08-05 16:22:52,386 [INFO] IPUIPlugin:80 - create IPUIPlugin
2024-08-05 16:22:52,386 [INFO] PluginManager:220 - loadIPPluginJar : add usart
2024-08-05 16:22:52,387 [INFO] IPUIPlugin:80 - create IPUIPlugin
2024-08-05 16:22:52,387 [INFO] PluginManager:220 - loadIPPluginJar : add lorawan
2024-08-05 16:22:52,389 [INFO] IPUIPlugin:80 - create IPUIPlugin
2024-08-05 16:22:52,389 [INFO] PluginManager:220 - loadIPPluginJar : add gic
2024-08-05 16:22:52,479 [INFO] CADModel:165 - CPN selected for project level
2024-08-05 16:22:52,479 [INFO] CADModel:114 - Register for checkConnection events
2024-08-05 16:22:52,479 [FATAL] Updater:308 - Updater called before beeing initialized
2024-08-05 16:22:52,479 [ERROR] CADModel:125 - Updater not yet initialized, retry later 
2024-08-05 16:22:52,542 [INFO] CADModel:165 - CPN selected for project level
2024-08-05 16:22:52,542 [INFO] CADModel:114 - Register for checkConnection events
2024-08-05 16:22:52,542 [FATAL] Updater:308 - Updater called before beeing initialized
2024-08-05 16:22:52,542 [ERROR] CADModel:125 - Updater not yet initialized, retry later 
2024-08-05 16:22:52,544 [FATAL] Updater:308 - Updater called before beeing initialized
2024-08-05 16:22:52,589 [FATAL] Updater:308 - Updater called before beeing initialized
2024-08-05 16:22:52,591 [INFO] DbMcusAds:53 - JSON generation date=Thu May 16 11:22:00 CEST 2024 (1715851320667)
2024-08-05 16:22:52,591 [FATAL] Updater:308 - Updater called before beeing initialized
2024-08-05 16:22:52,610 [WARN] DetailPanel:346 - Failed to get advertising image, set to default
2024-08-05 16:22:52,675 [FATAL] Updater:308 - Updater called before beeing initialized
2024-08-05 16:22:52,677 [FATAL] Updater:308 - Updater called before beeing initialized
2024-08-05 16:22:52,677 [FATAL] Updater:308 - Updater called before beeing initialized
2024-08-05 16:22:52,677 [WARN] DetailPanel:346 - Failed to get advertising image, set to default
2024-08-05 16:22:52,678 [FATAL] Updater:308 - Updater called before beeing initialized
2024-08-05 16:22:52,700 [ERROR] Updater:1120 - MainUpdater not yet initialized. External WinMGr cannot be set.
2024-08-05 16:22:52,701 [INFO] Updater:1056 - Updater Version found : 6.11.1
2024-08-05 16:22:52,710 [INFO] ApplicationProperties:184 - Using Application install path: /home/frank/st/stm32cubeide_1.14.0/plugins/com.st.stm32cube.common.mx_6.11.1.202404110753
2024-08-05 16:22:54,693 [INFO] MainUpdater:2873 - connection check result : 10
2024-08-05 16:22:54,693 [INFO] MainUpdater:290 - Updater Check For Update Now.
2024-08-05 16:22:54,693 [INFO] MicroXplorer:498 - Change Database Version : DB.6.0.111
2024-08-05 16:22:54,696 [INFO] McuFinderGlobals:63 - Set McuFinder mode to 2 (CubeIDE integrated)
2024-08-05 16:22:54,698 [INFO] UserAuth:415 - Internet connection configuration mode: 1
2024-08-05 16:22:54,703 [INFO] JxBrowserEngine:152 - Initiate JxBrowser Engine with user profile folder
2024-08-05 16:22:54,831 [INFO] CheckServerUpdateThread:120 - End of CheckServer Thread
2024-08-05 16:22:55,005 [INFO] WebApp:161 - Instantiating new browser for Auth
2024-08-05 16:22:55,150 [WARN] PackLoader:240 - Cannot read IP mode file for STMicroelectronics.FP-SNS-MOTENVWB1.1.4.0
2024-08-05 16:22:55,156 [WARN] PackLoader:240 - Cannot read IP mode file for STMicroelectronics.X-CUBE-SMBUS.2.1.0
2024-08-05 16:22:55,159 [WARN] PackLoader:240 - Cannot read IP mode file for STMicroelectronics.X-CUBE-TOUCHGFX.4.23.2
2024-08-05 16:22:55,180 [WARN] PackLoader:240 - Cannot read IP mode file for STMicroelectronics.X-CUBE-AZRTOS-F7.1.1.0
2024-08-05 16:22:55,193 [WARN] PackLoader:240 - Cannot read IP mode file for STMicroelectronics.FP-SNS-MOTENV1.4.3.2
2024-08-05 16:22:55,198 [WARN] PackLoader:240 - Cannot read IP mode file for STMicroelectronics.FP-SNS-FLIGHT1.5.0.2
2024-08-05 16:22:55,204 [WARN] PackLoader:240 - Cannot read IP mode file for STMicroelectronics.X-CUBE-DISPLAY.3.0.0
2024-08-05 16:22:55,215 [WARN] PackLoader:240 - Cannot read IP mode file for STMicroelectronics.X-CUBE-BLE1.7.0.0
2024-08-05 16:22:55,219 [WARN] PackLoader:240 - Cannot read IP mode file for emotas.I-CUBE-CANOPEN.1.3.0
2024-08-05 16:22:55,228 [WARN] PackLoader:240 - Cannot read IP mode file for STMicroelectronics.X-CUBE-BLEMGR.3.1.0
2024-08-05 16:22:55,234 [WARN] PackLoader:240 - Cannot read IP mode file for STMicroelectronics.FP-SNS-SMARTAG2.1.2.0
2024-08-05 16:22:55,243 [INFO] LogOutputStream:77 - [STDOUT_REDIRECT] 1 : Invalid condition id : UX_CORESTACK_Condition cause : null
2024-08-05 16:22:55,244 [INFO] LogOutputStream:77 - [STDOUT_REDIRECT] 1 : Invalid condition id : UX_CORESTACK_Condition cause : null
2024-08-05 16:22:55,244 [INFO] LogOutputStream:77 - [STDOUT_REDIRECT] 1 : Invalid condition id : UX_CORESTACK_Condition cause : null
2024-08-05 16:22:55,244 [INFO] LogOutputStream:77 - [STDOUT_REDIRECT] 1 : Invalid condition id : UX_CORESTACK_Condition cause : null
2024-08-05 16:22:55,244 [INFO] LogOutputStream:77 - [STDOUT_REDIRECT] 1 : Invalid condition id : UX_CORESTACK_Condition cause : null
2024-08-05 16:22:55,247 [WARN] PackLoader:240 - Cannot read IP mode file for STMicroelectronics.X-CUBE-AZRTOS-WL.2.0.0
2024-08-05 16:22:55,251 [WARN] PackLoader:240 - Cannot read IP mode file for STMicroelectronics.FP-SNS-MOTENV1.5.0.0
2024-08-05 16:22:55,254 [WARN] PackLoader:240 - Cannot read IP mode file for wolfSSL.I-CUBE-wolfMQTT.1.19.0
2024-08-05 16:22:55,259 [WARN] PackLoader:240 - Cannot read IP mode file for WES.I-CUBE-Cesium.1.3.0
2024-08-05 16:22:55,262 [WARN] PackLoader:240 - Cannot read IP mode file for STMicroelectronics.X-CUBE-BLE2.3.3.0
2024-08-05 16:22:55,266 [WARN] PackLoader:240 - Cannot read IP mode file for STMicroelectronics.X-CUBE-TCPP.4.1.0
2024-08-05 16:22:55,280 [WARN] PackLoader:240 - Cannot read IP mode file for STMicroelectronics.X-CUBE-AZRTOS-G0.1.1.0
2024-08-05 16:22:55,286 [WARN] PackLoader:240 - Cannot read IP mode file for STMicroelectronics.X-CUBE-SAFEA1.1.2.2
2024-08-05 16:22:55,290 [WARN] PackLoader:240 - Cannot read IP mode file for STMicroelectronics.X-CUBE-NFC4.3.0.0
2024-08-05 16:22:55,293 [WARN] PackLoader:240 - Cannot read IP mode file for wolfSSL.I-CUBE-wolfMQTT.1.18.0
2024-08-05 16:22:55,299 [WARN] PackLoader:240 - Cannot read IP mode file for EmbeddedOffice.I-CUBE-FS-RTOS.1.0.1
2024-08-05 16:22:55,299 [ERROR] ConditionMgr:805 - Attr not supported : Dmpu
2024-08-05 16:22:55,299 [ERROR] ConditionMgr:805 - Attr not supported : Dmpu
2024-08-05 16:22:55,299 [ERROR] ConditionMgr:805 - Attr not supported : Dmpu
2024-08-05 16:22:55,299 [ERROR] ConditionMgr:805 - Attr not supported : Dmpu
2024-08-05 16:22:55,299 [ERROR] ConditionMgr:805 - Attr not supported : Dmpu
2024-08-05 16:22:55,299 [ERROR] ConditionMgr:805 - Attr not supported : Dmpu
2024-08-05 16:22:55,299 [ERROR] ConditionMgr:805 - Attr not supported : Dmpu
2024-08-05 16:22:55,299 [ERROR] ConditionMgr:805 - Attr not supported : Dmpu
2024-08-05 16:22:55,299 [ERROR] ConditionMgr:805 - Attr not supported : Dmpu
2024-08-05 16:22:55,299 [ERROR] ConditionMgr:805 - Attr not supported : Dmpu
2024-08-05 16:22:55,299 [ERROR] ConditionMgr:805 - Attr not supported : Dmpu
2024-08-05 16:22:55,300 [ERROR] ConditionMgr:805 - Attr not supported : Dmpu
2024-08-05 16:22:55,300 [ERROR] ConditionMgr:805 - Attr not supported : Dmpu
2024-08-05 16:22:55,300 [ERROR] ConditionMgr:805 - Attr not supported : Dmpu
2024-08-05 16:22:55,300 [ERROR] ConditionMgr:805 - Attr not supported : Dmpu
2024-08-05 16:22:55,300 [ERROR] ConditionMgr:805 - Attr not supported : Dmpu
2024-08-05 16:22:55,300 [ERROR] ConditionMgr:805 - Attr not supported : Dmpu
2024-08-05 16:22:55,300 [ERROR] ConditionMgr:805 - Attr not supported : Dmpu
2024-08-05 16:22:55,300 [ERROR] ConditionMgr:805 - Attr not supported : Dmpu
2024-08-05 16:22:55,300 [ERROR] ConditionMgr:805 - Attr not supported : Dmpu
2024-08-05 16:22:55,300 [ERROR] ConditionMgr:805 - Attr not supported : Dmpu
2024-08-05 16:22:55,300 [ERROR] ConditionMgr:805 - Attr not supported : Dmpu
2024-08-05 16:22:55,300 [ERROR] ConditionMgr:805 - Attr not supported : Dmpu
2024-08-05 16:22:55,300 [ERROR] ConditionMgr:805 - Attr not supported : Dmpu
2024-08-05 16:22:55,300 [ERROR] ConditionMgr:805 - Attr not supported : Dmpu
2024-08-05 16:22:55,300 [ERROR] ConditionMgr:805 - Attr not supported : Dmpu
2024-08-05 16:22:55,300 [ERROR] ConditionMgr:805 - Attr not supported : Dmpu
2024-08-05 16:22:55,300 [ERROR] ConditionMgr:805 - Attr not supported : Dmpu
2024-08-05 16:22:55,300 [ERROR] ConditionMgr:805 - Attr not supported : Dmpu
2024-08-05 16:22:55,300 [ERROR] ConditionMgr:805 - Attr not supported : Dmpu
2024-08-05 16:22:55,301 [ERROR] ConditionMgr:805 - Attr not supported : Dmpu
2024-08-05 16:22:55,301 [ERROR] ConditionMgr:805 - Attr not supported : Dmpu
2024-08-05 16:22:55,301 [ERROR] ConditionMgr:805 - Attr not supported : Dmpu
2024-08-05 16:22:55,301 [ERROR] ConditionMgr:805 - Attr not supported : Dmpu
2024-08-05 16:22:55,301 [ERROR] ConditionMgr:805 - Attr not supported : Dmpu
2024-08-05 16:22:55,301 [ERROR] ConditionMgr:805 - Attr not supported : Dmpu
2024-08-05 16:22:55,301 [ERROR] ConditionMgr:805 - Attr not supported : Dmpu
2024-08-05 16:22:55,301 [ERROR] ConditionMgr:805 - Attr not supported : Dmpu
2024-08-05 16:22:55,301 [ERROR] ConditionMgr:805 - Attr not supported : Dmpu
2024-08-05 16:22:55,301 [ERROR] ConditionMgr:805 - Attr not supported : Dmpu
2024-08-05 16:22:55,301 [ERROR] ConditionMgr:805 - Attr not supported : Dmpu
2024-08-05 16:22:55,301 [ERROR] ConditionMgr:805 - Attr not supported : Dmpu
2024-08-05 16:22:55,301 [ERROR] ConditionMgr:805 - Attr not supported : Dmpu
2024-08-05 16:22:55,301 [ERROR] ConditionMgr:805 - Attr not supported : Dmpu
2024-08-05 16:22:55,301 [ERROR] ConditionMgr:805 - Attr not supported : Dmpu
2024-08-05 16:22:55,302 [ERROR] ConditionMgr:805 - Attr not supported : Dmpu
2024-08-05 16:22:55,302 [ERROR] ConditionMgr:805 - Attr not supported : Dmpu
2024-08-05 16:22:55,302 [ERROR] ConditionMgr:805 - Attr not supported : Dmpu
2024-08-05 16:22:55,302 [ERROR] ConditionMgr:805 - Attr not supported : Dmpu
2024-08-05 16:22:55,302 [ERROR] ConditionMgr:805 - Attr not supported : Dmpu
2024-08-05 16:22:55,302 [ERROR] ConditionMgr:805 - Attr not supported : Dmpu
2024-08-05 16:22:55,302 [ERROR] ConditionMgr:805 - Attr not supported : Dmpu
2024-08-05 16:22:55,302 [ERROR] ConditionMgr:805 - Attr not supported : Dmpu
2024-08-05 16:22:55,302 [ERROR] ConditionMgr:805 - Attr not supported : Dmpu
2024-08-05 16:22:55,302 [ERROR] ConditionMgr:805 - Attr not supported : Dmpu
2024-08-05 16:22:55,302 [ERROR] ConditionMgr:805 - Attr not supported : Dmpu
2024-08-05 16:22:55,302 [ERROR] ConditionMgr:805 - Attr not supported : Dmpu
2024-08-05 16:22:55,302 [ERROR] ConditionMgr:805 - Attr not supported : Dmpu
2024-08-05 16:22:55,302 [ERROR] ConditionMgr:805 - Attr not supported : Dmpu
2024-08-05 16:22:55,302 [ERROR] ConditionMgr:805 - Attr not supported : Dmpu
2024-08-05 16:22:55,302 [ERROR] ConditionMgr:805 - Attr not supported : Dmpu
2024-08-05 16:22:55,302 [ERROR] ConditionMgr:805 - Attr not supported : Dmpu
2024-08-05 16:22:55,302 [ERROR] ConditionMgr:805 - Attr not supported : Dmpu
2024-08-05 16:22:55,302 [ERROR] ConditionMgr:805 - Attr not supported : Dmpu
2024-08-05 16:22:55,305 [WARN] PackLoader:240 - Cannot read IP mode file for RealThread.X-CUBE-RT-Thread_Nano.4.1.1
2024-08-05 16:22:55,308 [WARN] PackLoader:240 - Cannot read IP mode file for wolfSSL.I-CUBE-wolfSSL.5.7.0
2024-08-05 16:22:55,310 [WARN] PackLoader:240 - Cannot read IP mode file for STMicroelectronics.FP-ATR-SIGFOX1.3.2.0
2024-08-05 16:22:55,315 [WARN] PackLoader:240 - Cannot read IP mode file for STMicroelectronics.X-CUBE-EEPRMA1.5.1.0
2024-08-05 16:22:55,320 [WARN] PackLoader:240 - Cannot read IP mode file for ITTIA_DB.I-CUBE-ITTIADB.8.9.0
2024-08-05 16:22:55,336 [INFO] WebApp:779 - Register for checkConnection events
2024-08-05 16:22:55,336 [INFO] WebApp:414 - Apply proxy settings
2024-08-05 16:22:55,336 [INFO] WebApp:499 - Chromium requires no authentication
2024-08-05 16:22:55,343 [INFO] WebApp:442 - Direct internet connection detected
2024-08-05 16:22:55,343 [WARN] PackLoader:240 - Cannot read IP mode file for SEGGER.I-CUBE-embOS.1.3.1
2024-08-05 16:22:55,391 [WARN] PackLoader:240 - Cannot read IP mode file for STMicroelectronics.X-CUBE-ALGOBUILD.1.4.0
2024-08-05 16:22:55,396 [WARN] PackLoader:240 - Cannot read IP mode file for STMicroelectronics.X-CUBE-GNSS1.6.0.0
2024-08-05 16:22:55,426 [WARN] PackLoader:240 - Cannot read IP mode file for STMicroelectronics.X-CUBE-AZRTOS-F4.1.1.0
2024-08-05 16:22:55,433 [WARN] PackLoader:240 - Cannot read IP mode file for STMicroelectronics.X-CUBE-FREERTOS.1.2.0
2024-08-05 16:22:55,451 [WARN] PackLoader:240 - Cannot read IP mode file for STMicroelectronics.X-CUBE-AZRTOS-L5.2.0.0
2024-08-05 16:22:55,458 [WARN] PackLoader:240 - Cannot read IP mode file for STMicroelectronics.X-CUBE-NFC6.3.1.0
2024-08-05 16:22:55,464 [WARN] PackLoader:240 - Cannot read IP mode file for STMicroelectronics.X-CUBE-DPower.1.2.0
2024-08-05 16:22:55,467 [WARN] PackLoader:240 - Cannot read IP mode file for STMicroelectronics.X-CUBE-AI.9.0.0
2024-08-05 16:22:55,471 [WARN] PackLoader:240 - Cannot read IP mode file for STMicroelectronics.X-CUBE-NFC7.1.0.1
2024-08-05 16:22:55,474 [WARN] PackLoader:240 - Cannot read IP mode file for wolfSSL.I-CUBE-wolfTPM.3.2.0
2024-08-05 16:22:55,477 [WARN] PackLoader:240 - Cannot read IP mode file for STMicroelectronics.X-CUBE-AI.8.1.0
2024-08-05 16:22:55,490 [WARN] ConditionMgr:438 - getConditionDescription Invalid condition id : LAN8742 Phy interface Condition cause : null
2024-08-05 16:22:55,490 [WARN] PackLoader:240 - Cannot read IP mode file for STMicroelectronics.X-CUBE-AZRTOS-L4.2.0.0
2024-08-05 16:22:55,492 [WARN] ConditionMgr:1039 - genDependencies : Invalid condition id : LAN8742 Phy interface Condition cause : null
2024-08-05 16:22:55,492 [WARN] ConditionMgr:1039 - genDependencies : Invalid condition id : LAN8742 Phy interface Condition cause : null
2024-08-05 16:22:55,492 [WARN] ConditionMgr:1039 - genDependencies : Invalid condition id : LAN8742 Phy interface Condition cause : null
2024-08-05 16:22:55,498 [WARN] PackLoader:240 - Cannot read IP mode file for STMicroelectronics.X-CUBE-SFXS2LP1.4.0.0
2024-08-05 16:22:55,511 [WARN] ConditionMgr:438 - getConditionDescription Invalid condition id : UX DEVICE CLASS RTOS Condition cause : null
2024-08-05 16:22:55,512 [WARN] ConditionMgr:438 - getConditionDescription Invalid condition id : UX DEVICE CLASS RTOS Condition cause : null
2024-08-05 16:22:55,513 [WARN] PackLoader:240 - Cannot read IP mode file for STMicroelectronics.X-CUBE-AZRTOS-WB.2.0.0
2024-08-05 16:22:55,514 [WARN] ConditionMgr:1039 - genDependencies : Invalid condition id : UX DEVICE CLASS RTOS Condition cause : null
2024-08-05 16:22:55,514 [WARN] ConditionMgr:1039 - genDependencies : Invalid condition id : UX DEVICE CLASS RTOS Condition cause : null
2024-08-05 16:22:55,515 [INFO] WebApp:192 - Starting web application
2024-08-05 16:22:55,515 [INFO] WebApp:544 - Web application path used /home/frank/st/stm32cubeide_1.14.0/plugins/com.st.stm32cube.common.mx_6.11.1.202404110753/db/plugins/mcufinder/reactClient1/index.html
2024-08-05 16:22:55,515 [WARN] ConditionMgr:1039 - genDependencies : Invalid condition id : UX DEVICE CLASS RTOS Condition cause : null
2024-08-05 16:22:55,515 [WARN] ConditionMgr:1039 - genDependencies : Invalid condition id : UX DEVICE CLASS RTOS Condition cause : null
2024-08-05 16:22:55,515 [WARN] ConditionMgr:1039 - genDependencies : Invalid condition id : UX DEVICE CLASS RTOS Condition cause : null
2024-08-05 16:22:55,520 [WARN] PackLoader:240 - Cannot read IP mode file for STMicroelectronics.FP-SNS-STBOX1.2.0.0
2024-08-05 16:22:55,533 [WARN] PackLoader:240 - Cannot read IP mode file for STMicroelectronics.X-CUBE-SUBG2.5.0.0
2024-08-05 16:22:55,539 [WARN] PackLoader:240 - Cannot read IP mode file for Cesanta.I-CUBE-Mongoose.7.13.0
2024-08-05 16:22:55,549 [WARN] PackLoader:240 - Cannot read IP mode file for STMicroelectronics.X-CUBE-AZRTOS-G4.2.0.0
2024-08-05 16:22:55,553 [WARN] PackLoader:240 - Cannot read IP mode file for STMicroelectronics.FP-SNS-MOTENVWB1.1.3.1
2024-08-05 16:22:55,556 [WARN] PackLoader:240 - Cannot read IP mode file for STMicroelectronics.X-CUBE-ISPU.2.0.0
2024-08-05 16:22:55,560 [WARN] PackLoader:240 - Cannot read IP mode file for STMicroelectronics.X-CUBE-ALS.1.0.2
2024-08-05 16:22:55,591 [WARN] PackLoader:240 - Cannot read IP mode file for STMicroelectronics.X-CUBE-MEMS1.10.0.0
2024-08-05 16:22:55,674 [WARN] PackLoader:240 - Cannot read IP mode file for STMicroelectronics.X-CUBE-TOUCHGFX.4.24.0
2024-08-05 16:22:55,677 [WARN] PackLoader:240 - Cannot read IP mode file for portGmbH.I-Cube-SoM-uGOAL.1.1.0
2024-08-05 16:22:55,679 [WARN] PackLoader:240 - Cannot read IP mode file for STMicroelectronics.X-CUBE-ALS.1.0.1
2024-08-05 16:22:55,690 [WARN] PackLoader:240 - Cannot read IP mode file for STMicroelectronics.X-CUBE-AZRTOS-H7RS.1.0.0
2024-08-05 16:22:55,695 [WARN] PackLoader:240 - Cannot read IP mode file for STMicroelectronics.FP-ATR-ASTRA1.2.0.0
2024-08-05 16:22:55,708 [WARN] PackLoader:240 - Cannot read IP mode file for STMicroelectronics.X-CUBE-TOF1.3.4.2
2024-08-05 16:22:55,721 [WARN] PackLoader:240 - Cannot read IP mode file for STMicroelectronics.X-CUBE-TOF1.3.4.1
2024-08-05 16:22:55,740 [WARN] PackLoader:240 - Cannot read IP mode file for STMicroelectronics.X-CUBE-AZRTOS-H7.3.2.0
2024-08-05 16:22:55,749 [WARN] PackLoader:240 - Cannot read IP mode file for Infineon.AIROC-Wi-Fi-Bluetooth-STM32.1.6.0
2024-08-05 16:22:55,754 [WARN] PackLoader:240 - Cannot read IP mode file for wolfSSL.I-CUBE-wolfSSH.1.4.17
2024-08-05 16:22:55,755 [INFO] ThirdParty:978 - Integrity check success = true
2024-08-05 16:22:55,755 [INFO] IntegrityCheckThread:100 - exiting critical section [integrity check]
2024-08-05 16:22:55,755 [INFO] IntegrityCheckThread:103 - End integrity checks thread
2024-08-05 18:07:46,796 [ERROR] LogOutputStream:75 - [STDERR_REDIRECT] 
