2024-07-27 14:08:02,445 [INFO] Activator:176 - 


2024-07-27 14:08:02,449 [INFO] Activator:177 - !SESSION log4j initialized
2024-07-27 14:08:06,266 [INFO] LogOutputStream:77 - [STDOUT_REDIRECT] 
2024-07-27 14:08:07,340 [INFO] ApplicationProperties:184 - Using Application install path: /home/frank/st/stm32cubeide_1.14.0/plugins/com.st.stm32cube.common.mx_6.11.1.202404110753
2024-07-27 14:08:07,357 [INFO] DbMcusXml:78 - Set database path to: /home/frank/st/stm32cubeide_1.14.0/plugins/com.st.stm32cube.common.mx_6.11.1.202404110753//db//mcu/
2024-07-27 14:08:07,357 [INFO] ApiDb:274 - Set plugin database path to: /home/frank/st/stm32cubeide_1.14.0/plugins/com.st.stm32cube.common.mx_6.11.1.202404110753//db//plugins/boardmanager/
2024-07-27 14:08:07,357 [WARN] ApiDb:259 - Overriding images path with different value:  => /home/frank/st/stm32cubeide_1.14.0/plugins/com.st.stm32cube.common.mx_6.11.1.202404110753//db//plugins/mcufinder/images/
2024-07-27 14:08:07,363 [INFO] ApiDb:250 - Set database path to: /home/frank/.stmcufinder/plugins/mcufinder//mcu/
2024-07-27 14:08:07,364 [INFO] DbMcusAds:125 - Set database path to: /home/frank/.stmcufinder/plugins/mcufinder//mcu/
2024-07-27 14:08:07,367 [INFO] CrossReferenceDbSqlite:203 - Set database path to: /home/frank/.stmcufinder/plugins/mcufinder//mcu/cs/
2024-07-27 14:08:07,477 [INFO] RulesReader:64 - Compatibility file has been processed (297 Rules)
2024-07-27 14:08:07,546 [INFO] DbMcusXml:78 - Set database path to: /home/frank/st/stm32cubeide_1.14.0/plugins/com.st.stm32cube.common.mx_6.11.1.202404110753//db//mcu/
2024-07-27 14:08:07,546 [INFO] ApiDb:274 - Set plugin database path to: /home/frank/st/stm32cubeide_1.14.0/plugins/com.st.stm32cube.common.mx_6.11.1.202404110753//db//plugins/boardmanager/
2024-07-27 14:08:07,546 [INFO] ApiDb:261 - Set plugin images path to: /home/frank/st/stm32cubeide_1.14.0/plugins/com.st.stm32cube.common.mx_6.11.1.202404110753//db//plugins/mcufinder/images/
2024-07-27 14:08:07,546 [WARN] DbFile:41 - Overriding database path with different value: /home/frank/.stmcufinder/plugins/mcufinder/ => /home/frank/.stmcufinder/plugins/mcufinder
2024-07-27 14:08:07,547 [INFO] ApiDb:250 - Set database path to: /home/frank/.stmcufinder/plugins/mcufinder//mcu/
2024-07-27 14:08:07,547 [WARN] DbFile:41 - Overriding database path with different value: /home/frank/.stmcufinder/plugins/mcufinder/ => /home/frank/.stmcufinder/plugins/mcufinder
2024-07-27 14:08:07,547 [INFO] DbMcusAds:125 - Set database path to: /home/frank/.stmcufinder/plugins/mcufinder//mcu/
2024-07-27 14:08:07,547 [WARN] DbFile:41 - Overriding database path with different value: /home/frank/.stmcufinder/plugins/mcufinder/ => /home/frank/.stmcufinder/plugins/mcufinder
2024-07-27 14:08:07,547 [WARN] DbFile:41 - Overriding database path with different value: /home/frank/.stmcufinder/plugins/mcufinder/ => /home/frank/.stmcufinder/plugins/mcufinder
2024-07-27 14:08:07,547 [INFO] CrossReferenceDbSqlite:203 - Set database path to: /home/frank/.stmcufinder/plugins/mcufinder//mcu/cs/
2024-07-27 14:08:07,611 [INFO] MainPanel:264 - HeapMemory: 268435456
2024-07-27 14:08:07,691 [INFO] DbMcusXml:78 - Set database path to: /home/frank/st/stm32cubeide_1.14.0/plugins/com.st.stm32cube.common.mx_6.11.1.202404110753//db//mcu/
2024-07-27 14:08:07,691 [INFO] ApiDb:274 - Set plugin database path to: /home/frank/st/stm32cubeide_1.14.0/plugins/com.st.stm32cube.common.mx_6.11.1.202404110753//db//plugins/boardmanager/
2024-07-27 14:08:07,692 [INFO] ApiDb:261 - Set plugin images path to: /home/frank/st/stm32cubeide_1.14.0/plugins/com.st.stm32cube.common.mx_6.11.1.202404110753//db//plugins/mcufinder/images/
2024-07-27 14:08:07,692 [WARN] DbFile:41 - Overriding database path with different value: /home/frank/.stmcufinder/plugins/mcufinder/ => /home/frank/.stmcufinder/plugins/mcufinder
2024-07-27 14:08:07,692 [INFO] ApiDb:250 - Set database path to: /home/frank/.stmcufinder/plugins/mcufinder//mcu/
2024-07-27 14:08:07,692 [WARN] DbFile:41 - Overriding database path with different value: /home/frank/.stmcufinder/plugins/mcufinder/ => /home/frank/.stmcufinder/plugins/mcufinder
2024-07-27 14:08:07,692 [INFO] DbMcusAds:125 - Set database path to: /home/frank/.stmcufinder/plugins/mcufinder//mcu/
2024-07-27 14:08:07,692 [WARN] DbFile:41 - Overriding database path with different value: /home/frank/.stmcufinder/plugins/mcufinder/ => /home/frank/.stmcufinder/plugins/mcufinder
2024-07-27 14:08:07,692 [WARN] DbFile:41 - Overriding database path with different value: /home/frank/.stmcufinder/plugins/mcufinder/ => /home/frank/.stmcufinder/plugins/mcufinder
2024-07-27 14:08:07,692 [INFO] CrossReferenceDbSqlite:203 - Set database path to: /home/frank/.stmcufinder/plugins/mcufinder//mcu/cs/
2024-07-27 14:08:07,707 [INFO] ApplicationProperties:184 - Using Application install path: /home/frank/st/stm32cubeide_1.14.0/plugins/com.st.stm32cube.common.mx_6.11.1.202404110753
2024-07-27 14:08:07,708 [INFO] PluginManage:196 - Search for loadable plugins [exclusion list=, ]
2024-07-27 14:08:07,709 [INFO] PluginManage:310 - Check plugin analytics
2024-07-27 14:08:07,846 [INFO] AnalyticsPlugin:253 - Accepted Software Licenses: 
2024-07-27 14:08:07,846 [INFO] AnalyticsPlugin:255 - Accepted CMSIS Pack Licenses: 
2024-07-27 14:08:07,846 [INFO] AnalyticsPlugin:257 - Accepted Firmware Licenses: FW.F4.1.28.0,FW.F4.1.27.0
2024-07-27 14:08:07,848 [INFO] PluginManage:359 - Loaded plugin analytics (category:tool,tabindex:-1)
2024-07-27 14:08:07,849 [INFO] PluginManage:310 - Check plugin cadmodel
2024-07-27 14:08:07,870 [INFO] CADModel:105 - Init CAD model plugin
2024-07-27 14:08:07,870 [INFO] PluginManage:359 - Loaded plugin cadmodel (category:power,tabindex:5)
2024-07-27 14:08:07,871 [INFO] PluginManage:310 - Check plugin clock
2024-07-27 14:08:07,878 [INFO] PluginManage:359 - Loaded plugin clock (category:base,tabindex:2)
2024-07-27 14:08:07,878 [INFO] PluginManage:310 - Check plugin ddr
2024-07-27 14:08:07,879 [INFO] PluginManage:359 - Loaded plugin ddr (category:tool,tabindex:6)
2024-07-27 14:08:07,879 [INFO] PluginManage:310 - Check plugin filemanager
2024-07-27 14:08:08,001 [INFO] PluginManage:359 - Loaded plugin filemanager (category:base,tabindex:10)
2024-07-27 14:08:08,002 [INFO] PluginManage:310 - Check plugin ipmanager
2024-07-27 14:08:08,007 [INFO] PluginManage:359 - Loaded plugin ipmanager (category:base,tabindex:5)
2024-07-27 14:08:08,007 [INFO] PluginManage:310 - Check plugin lpbam
2024-07-27 14:08:08,013 [INFO] PluginManage:359 - Loaded plugin lpbam (category:base,tabindex:0)
2024-07-27 14:08:08,013 [INFO] PluginManage:310 - Check plugin memorymap
2024-07-27 14:08:08,022 [INFO] PluginManage:359 - Loaded plugin memorymap (category:base,tabindex:4)
2024-07-27 14:08:08,022 [INFO] PluginManage:310 - Check plugin pinoutandconfiguration
2024-07-27 14:08:08,029 [INFO] PluginManage:359 - Loaded plugin pinoutandconfiguration (category:base,tabindex:1)
2024-07-27 14:08:08,029 [INFO] PluginManage:310 - Check plugin pinoutconfig
2024-07-27 14:08:08,106 [WARN] SupportedApi:132 - Cannot load RTOS API schema: s4s-elt-must-match.1: The content of 'definitions' must match (annotation?, (simpleType | complexType)?, (unique | key | keyref)*)). A problem was found starting at: attribute.
2024-07-27 14:08:08,221 [INFO] PluginManage:359 - Loaded plugin pinoutconfig (category:base,tabindex:0)
2024-07-27 14:08:08,221 [INFO] PluginManage:310 - Check plugin power
2024-07-27 14:08:08,230 [INFO] PluginManage:359 - Loaded plugin power (category:power,tabindex:4)
2024-07-27 14:08:08,230 [INFO] PluginManage:310 - Check plugin projectmanager
2024-07-27 14:08:08,247 [INFO] PluginManage:359 - Loaded plugin projectmanager (category:projectmanager,tabindex:3)
2024-07-27 14:08:08,247 [INFO] PluginManage:310 - Check plugin thirdparty
2024-07-27 14:08:08,339 [INFO] PluginManage:359 - Loaded plugin thirdparty (category:base,tabindex:-1)
2024-07-27 14:08:08,339 [WARN] IntegrityCheckThread:84 - waiting for thirdparty lock release [integrity check]
2024-07-27 14:08:08,340 [INFO] PluginManage:310 - Check plugin tools
2024-07-27 14:08:08,340 [INFO] IntegrityCheckThread:86 - entering critical section [integrity check]
2024-07-27 14:08:08,340 [INFO] ThirdPartyUpdaterWithRetryManager:70 - Updater plugin not ready yet. [1/15]
2024-07-27 14:08:08,341 [INFO] PluginManage:359 - Loaded plugin tools (category:base,tabindex:7)
2024-07-27 14:08:08,342 [INFO] PluginManage:310 - Check plugin tutovideos
2024-07-27 14:08:08,462 [INFO] PluginManage:359 - Loaded plugin tutovideos (category:base,tabindex:-1)
2024-07-27 14:08:08,462 [INFO] PluginManage:310 - Check plugin updater
2024-07-27 14:08:08,470 [INFO] PluginManage:359 - Loaded plugin updater (category:base,tabindex:12)
2024-07-27 14:08:08,470 [INFO] PluginManage:310 - Check plugin userauth
2024-07-27 14:08:08,475 [INFO] UserAuth:114 - Init User Auth plugin
2024-07-27 14:08:08,475 [INFO] PluginManage:359 - Loaded plugin userauth (category:base,tabindex:14)
2024-07-27 14:08:08,475 [INFO] PluginManage:283 - PluginManage : Loaded plugins [17]
2024-07-27 14:08:08,602 [INFO] PinOutPanel:1561 - setPackage(No Configuration,No Configuration)
2024-07-27 14:08:08,648 [INFO] CADModel:165 - CPN selected for project level
2024-07-27 14:08:08,649 [INFO] CADModel:114 - Register for checkConnection events
2024-07-27 14:08:08,657 [INFO] IPUIPlugin:80 - create IPUIPlugin
2024-07-27 14:08:08,657 [INFO] PluginManager:220 - loadIPPluginJar : add ucpd
2024-07-27 14:08:08,658 [INFO] IPUIPlugin:80 - create IPUIPlugin
2024-07-27 14:08:08,658 [INFO] PluginManager:220 - loadIPPluginJar : add ltdc
2024-07-27 14:08:08,663 [INFO] IPUIPlugin:80 - create IPUIPlugin
2024-07-27 14:08:08,665 [INFO] PluginManager:220 - loadIPPluginJar : add plateformsettings
2024-07-27 14:08:08,669 [INFO] IPUIPlugin:80 - create IPUIPlugin
2024-07-27 14:08:08,669 [INFO] PluginManager:220 - loadIPPluginJar : add hash
2024-07-27 14:08:08,671 [INFO] IPUIPlugin:80 - create IPUIPlugin
2024-07-27 14:08:08,671 [INFO] PluginManager:220 - loadIPPluginJar : add gfxmmu
2024-07-27 14:08:08,676 [INFO] IPUIPlugin:80 - create IPUIPlugin
2024-07-27 14:08:08,676 [INFO] PluginManager:220 - loadIPPluginJar : add stm32_wpan
2024-07-27 14:08:08,677 [INFO] IPUIPlugin:80 - create IPUIPlugin
2024-07-27 14:08:08,678 [INFO] PluginManager:220 - loadIPPluginJar : add ts
2024-07-27 14:08:08,678 [INFO] IPUIPlugin:80 - create IPUIPlugin
2024-07-27 14:08:08,678 [INFO] PluginManager:220 - loadIPPluginJar : add quadspi
2024-07-27 14:08:08,680 [INFO] IPUIPlugin:80 - create IPUIPlugin
2024-07-27 14:08:08,680 [INFO] PluginManager:220 - loadIPPluginJar : add usbx
2024-07-27 14:08:08,682 [INFO] IPUIPlugin:80 - create IPUIPlugin
2024-07-27 14:08:08,682 [INFO] PluginManager:220 - loadIPPluginJar : add aes
2024-07-27 14:08:08,685 [INFO] IPUIPlugin:80 - create IPUIPlugin
2024-07-27 14:08:08,685 [INFO] PluginManager:220 - loadIPPluginJar : add nvic
2024-07-27 14:08:08,690 [INFO] IPUIPlugin:80 - create IPUIPlugin
2024-07-27 14:08:08,690 [INFO] PluginManager:220 - loadIPPluginJar : add adc
2024-07-27 14:08:08,692 [INFO] IPUIPlugin:80 - create IPUIPlugin
2024-07-27 14:08:08,692 [INFO] PluginManager:220 - loadIPPluginJar : add cryp
2024-07-27 14:08:08,694 [INFO] IPUIPlugin:80 - create IPUIPlugin
2024-07-27 14:08:08,694 [INFO] PluginManager:220 - loadIPPluginJar : add touchsensing
2024-07-27 14:08:08,698 [INFO] IPUIPlugin:80 - create IPUIPlugin
2024-07-27 14:08:08,698 [INFO] PluginManager:220 - loadIPPluginJar : add fmc
2024-07-27 14:08:08,700 [INFO] IPUIPlugin:80 - create IPUIPlugin
2024-07-27 14:08:08,700 [INFO] PluginManager:220 - loadIPPluginJar : add openamp
2024-07-27 14:08:08,706 [INFO] IPUIPlugin:80 - create IPUIPlugin
2024-07-27 14:08:08,706 [INFO] PluginManager:220 - loadIPPluginJar : add linkedlist
2024-07-27 14:08:08,708 [INFO] IPUIPlugin:80 - create IPUIPlugin
2024-07-27 14:08:08,708 [INFO] PluginManager:220 - loadIPPluginJar : add tracer_emb
2024-07-27 14:08:08,713 [INFO] IPUIPlugin:80 - create IPUIPlugin
2024-07-27 14:08:08,714 [INFO] PluginManager:220 - loadIPPluginJar : add dma
2024-07-27 14:08:08,716 [INFO] IPUIPlugin:80 - create IPUIPlugin
2024-07-27 14:08:08,716 [INFO] PluginManager:220 - loadIPPluginJar : add sai
2024-07-27 14:08:08,721 [INFO] IPUIPlugin:80 - create IPUIPlugin
2024-07-27 14:08:08,721 [INFO] PluginManager:220 - loadIPPluginJar : add freertos
2024-07-27 14:08:08,726 [INFO] IPUIPlugin:80 - create IPUIPlugin
2024-07-27 14:08:08,726 [INFO] PluginManager:220 - loadIPPluginJar : add mdma
2024-07-27 14:08:08,728 [INFO] IPUIPlugin:80 - create IPUIPlugin
2024-07-27 14:08:08,728 [INFO] PluginManager:220 - loadIPPluginJar : add genericplugin
2024-07-27 14:08:08,729 [INFO] IPUIPlugin:80 - create IPUIPlugin
2024-07-27 14:08:08,729 [INFO] PluginManager:220 - loadIPPluginJar : add tsc
2024-07-27 14:08:08,731 [INFO] IPUIPlugin:80 - create IPUIPlugin
2024-07-27 14:08:08,731 [INFO] PluginManager:220 - loadIPPluginJar : add pdm2pcm
2024-07-27 14:08:08,732 [INFO] IPUIPlugin:80 - create IPUIPlugin
2024-07-27 14:08:08,732 [INFO] PluginManager:220 - loadIPPluginJar : add fatfs
2024-07-27 14:08:08,733 [INFO] IPUIPlugin:80 - create IPUIPlugin
2024-07-27 14:08:08,733 [INFO] PluginManager:220 - loadIPPluginJar : add can
2024-07-27 14:08:08,735 [INFO] IPUIPlugin:80 - create IPUIPlugin
2024-07-27 14:08:08,735 [INFO] PluginManager:220 - loadIPPluginJar : add i3c
2024-07-27 14:08:08,736 [INFO] IPUIPlugin:80 - create IPUIPlugin
2024-07-27 14:08:08,737 [INFO] PluginManager:220 - loadIPPluginJar : add i2s
2024-07-27 14:08:08,738 [INFO] IPUIPlugin:80 - create IPUIPlugin
2024-07-27 14:08:08,738 [INFO] PluginManager:220 - loadIPPluginJar : add i2c
2024-07-27 14:08:08,739 [INFO] IPUIPlugin:80 - create IPUIPlugin
2024-07-27 14:08:08,739 [INFO] PluginManager:220 - loadIPPluginJar : add spi
2024-07-27 14:08:08,741 [INFO] IPUIPlugin:80 - create IPUIPlugin
2024-07-27 14:08:08,741 [INFO] PluginManager:220 - loadIPPluginJar : add dfsdm
2024-07-27 14:08:08,742 [INFO] IPUIPlugin:80 - create IPUIPlugin
2024-07-27 14:08:08,742 [INFO] PluginManager:220 - loadIPPluginJar : add tim
2024-07-27 14:08:08,743 [INFO] IPUIPlugin:80 - create IPUIPlugin
2024-07-27 14:08:08,743 [INFO] PluginManager:220 - loadIPPluginJar : add opamp
2024-07-27 14:08:08,745 [INFO] IPUIPlugin:80 - create IPUIPlugin
2024-07-27 14:08:08,745 [INFO] PluginManager:220 - loadIPPluginJar : add dma3
2024-07-27 14:08:08,747 [INFO] IPUIPlugin:80 - create IPUIPlugin
2024-07-27 14:08:08,747 [INFO] PluginManager:220 - loadIPPluginJar : add ipddr
2024-07-27 14:08:08,748 [INFO] IPUIPlugin:80 - create IPUIPlugin
2024-07-27 14:08:08,748 [INFO] PluginManager:220 - loadIPPluginJar : add comp
2024-07-27 14:08:08,750 [INFO] IPUIPlugin:80 - create IPUIPlugin
2024-07-27 14:08:08,750 [INFO] PluginManager:220 - loadIPPluginJar : add resmgrutility
2024-07-27 14:08:08,752 [INFO] IPUIPlugin:80 - create IPUIPlugin
2024-07-27 14:08:08,752 [INFO] PluginManager:220 - loadIPPluginJar : add extmemmanager
2024-07-27 14:08:08,754 [INFO] IPUIPlugin:80 - create IPUIPlugin
2024-07-27 14:08:08,754 [INFO] PluginManager:220 - loadIPPluginJar : add gtzc
2024-07-27 14:08:08,757 [INFO] IPUIPlugin:80 - create IPUIPlugin
2024-07-27 14:08:08,757 [INFO] PluginManager:220 - loadIPPluginJar : add gpio
2024-07-27 14:08:08,759 [INFO] IPUIPlugin:80 - create IPUIPlugin
2024-07-27 14:08:08,759 [INFO] PluginManager:220 - loadIPPluginJar : add usart
2024-07-27 14:08:08,760 [INFO] IPUIPlugin:80 - create IPUIPlugin
2024-07-27 14:08:08,761 [INFO] PluginManager:220 - loadIPPluginJar : add lorawan
2024-07-27 14:08:08,765 [INFO] IPUIPlugin:80 - create IPUIPlugin
2024-07-27 14:08:08,765 [INFO] PluginManager:220 - loadIPPluginJar : add gic
2024-07-27 14:08:08,860 [INFO] CADModel:165 - CPN selected for project level
2024-07-27 14:08:08,860 [INFO] CADModel:114 - Register for checkConnection events
2024-07-27 14:08:08,861 [FATAL] Updater:308 - Updater called before beeing initialized
2024-07-27 14:08:08,861 [ERROR] CADModel:125 - Updater not yet initialized, retry later 
2024-07-27 14:08:09,013 [INFO] CADModel:165 - CPN selected for project level
2024-07-27 14:08:09,014 [INFO] CADModel:114 - Register for checkConnection events
2024-07-27 14:08:09,014 [FATAL] Updater:308 - Updater called before beeing initialized
2024-07-27 14:08:09,014 [ERROR] CADModel:125 - Updater not yet initialized, retry later 
2024-07-27 14:08:09,016 [FATAL] Updater:308 - Updater called before beeing initialized
2024-07-27 14:08:09,083 [FATAL] Updater:308 - Updater called before beeing initialized
2024-07-27 14:08:09,086 [INFO] DbMcusAds:53 - JSON generation date=Thu May 16 11:22:00 CEST 2024 (1715851320667)
2024-07-27 14:08:09,086 [FATAL] Updater:308 - Updater called before beeing initialized
2024-07-27 14:08:09,116 [WARN] DetailPanel:346 - Failed to get advertising image, set to default
2024-07-27 14:08:09,185 [FATAL] Updater:308 - Updater called before beeing initialized
2024-07-27 14:08:09,187 [FATAL] Updater:308 - Updater called before beeing initialized
2024-07-27 14:08:09,187 [FATAL] Updater:308 - Updater called before beeing initialized
2024-07-27 14:08:09,187 [WARN] DetailPanel:346 - Failed to get advertising image, set to default
2024-07-27 14:08:09,188 [FATAL] Updater:308 - Updater called before beeing initialized
2024-07-27 14:08:09,213 [ERROR] Updater:1120 - MainUpdater not yet initialized. External WinMGr cannot be set.
2024-07-27 14:08:09,215 [INFO] Updater:1056 - Updater Version found : 6.11.1
2024-07-27 14:08:09,230 [INFO] ApplicationProperties:184 - Using Application install path: /home/frank/st/stm32cubeide_1.14.0/plugins/com.st.stm32cube.common.mx_6.11.1.202404110753
2024-07-27 14:08:09,680 [INFO] MainUpdater:2873 - connection check result : 10
2024-07-27 14:08:09,681 [INFO] MainUpdater:290 - Updater Check For Update Now.
2024-07-27 14:08:09,681 [INFO] MicroXplorer:498 - Change Database Version : DB.6.0.111
2024-07-27 14:08:09,685 [INFO] McuFinderGlobals:63 - Set McuFinder mode to 2 (CubeIDE integrated)
2024-07-27 14:08:09,692 [INFO] UserAuth:415 - Internet connection configuration mode: 1
2024-07-27 14:08:09,708 [INFO] JxBrowserEngine:152 - Initiate JxBrowser Engine with user profile folder
2024-07-27 14:08:09,882 [INFO] CheckServerUpdateThread:120 - End of CheckServer Thread
2024-07-27 14:08:10,439 [INFO] WebApp:161 - Instantiating new browser for Auth
2024-07-27 14:08:11,437 [WARN] PackLoader:240 - Cannot read IP mode file for STMicroelectronics.FP-SNS-MOTENVWB1.1.4.0
2024-07-27 14:08:11,445 [WARN] PackLoader:240 - Cannot read IP mode file for STMicroelectronics.X-CUBE-SMBUS.2.1.0
2024-07-27 14:08:11,449 [WARN] PackLoader:240 - Cannot read IP mode file for STMicroelectronics.X-CUBE-TOUCHGFX.4.23.2
2024-07-27 14:08:11,473 [WARN] PackLoader:240 - Cannot read IP mode file for STMicroelectronics.X-CUBE-AZRTOS-F7.1.1.0
2024-07-27 14:08:11,483 [WARN] PackLoader:240 - Cannot read IP mode file for STMicroelectronics.FP-SNS-MOTENV1.4.3.2
2024-07-27 14:08:11,489 [WARN] PackLoader:240 - Cannot read IP mode file for STMicroelectronics.FP-SNS-FLIGHT1.5.0.2
2024-07-27 14:08:11,496 [WARN] PackLoader:240 - Cannot read IP mode file for STMicroelectronics.X-CUBE-DISPLAY.3.0.0
2024-07-27 14:08:11,508 [WARN] PackLoader:240 - Cannot read IP mode file for STMicroelectronics.X-CUBE-BLE1.7.0.0
2024-07-27 14:08:11,513 [WARN] PackLoader:240 - Cannot read IP mode file for emotas.I-CUBE-CANOPEN.1.3.0
2024-07-27 14:08:11,522 [WARN] PackLoader:240 - Cannot read IP mode file for STMicroelectronics.X-CUBE-BLEMGR.3.1.0
2024-07-27 14:08:11,529 [WARN] PackLoader:240 - Cannot read IP mode file for STMicroelectronics.FP-SNS-SMARTAG2.1.2.0
2024-07-27 14:08:11,538 [INFO] LogOutputStream:77 - [STDOUT_REDIRECT] 1 : Invalid condition id : UX_CORESTACK_Condition cause : null
2024-07-27 14:08:11,539 [INFO] LogOutputStream:77 - [STDOUT_REDIRECT] 1 : Invalid condition id : UX_CORESTACK_Condition cause : null
2024-07-27 14:08:11,539 [INFO] LogOutputStream:77 - [STDOUT_REDIRECT] 1 : Invalid condition id : UX_CORESTACK_Condition cause : null
2024-07-27 14:08:11,540 [INFO] LogOutputStream:77 - [STDOUT_REDIRECT] 1 : Invalid condition id : UX_CORESTACK_Condition cause : null
2024-07-27 14:08:11,540 [INFO] LogOutputStream:77 - [STDOUT_REDIRECT] 1 : Invalid condition id : UX_CORESTACK_Condition cause : null
2024-07-27 14:08:11,543 [WARN] PackLoader:240 - Cannot read IP mode file for STMicroelectronics.X-CUBE-AZRTOS-WL.2.0.0
2024-07-27 14:08:11,549 [WARN] PackLoader:240 - Cannot read IP mode file for STMicroelectronics.FP-SNS-MOTENV1.5.0.0
2024-07-27 14:08:11,553 [WARN] PackLoader:240 - Cannot read IP mode file for wolfSSL.I-CUBE-wolfMQTT.1.19.0
2024-07-27 14:08:11,559 [WARN] PackLoader:240 - Cannot read IP mode file for WES.I-CUBE-Cesium.1.3.0
2024-07-27 14:08:11,563 [WARN] PackLoader:240 - Cannot read IP mode file for STMicroelectronics.X-CUBE-BLE2.3.3.0
2024-07-27 14:08:11,568 [WARN] PackLoader:240 - Cannot read IP mode file for STMicroelectronics.X-CUBE-TCPP.4.1.0
2024-07-27 14:08:11,584 [WARN] PackLoader:240 - Cannot read IP mode file for STMicroelectronics.X-CUBE-AZRTOS-G0.1.1.0
2024-07-27 14:08:11,590 [WARN] PackLoader:240 - Cannot read IP mode file for STMicroelectronics.X-CUBE-SAFEA1.1.2.2
2024-07-27 14:08:11,595 [WARN] PackLoader:240 - Cannot read IP mode file for STMicroelectronics.X-CUBE-NFC4.3.0.0
2024-07-27 14:08:11,598 [WARN] PackLoader:240 - Cannot read IP mode file for wolfSSL.I-CUBE-wolfMQTT.1.18.0
2024-07-27 14:08:11,606 [WARN] PackLoader:240 - Cannot read IP mode file for EmbeddedOffice.I-CUBE-FS-RTOS.1.0.1
2024-07-27 14:08:11,606 [ERROR] ConditionMgr:805 - Attr not supported : Dmpu
2024-07-27 14:08:11,606 [ERROR] ConditionMgr:805 - Attr not supported : Dmpu
2024-07-27 14:08:11,607 [ERROR] ConditionMgr:805 - Attr not supported : Dmpu
2024-07-27 14:08:11,607 [ERROR] ConditionMgr:805 - Attr not supported : Dmpu
2024-07-27 14:08:11,607 [ERROR] ConditionMgr:805 - Attr not supported : Dmpu
2024-07-27 14:08:11,607 [ERROR] ConditionMgr:805 - Attr not supported : Dmpu
2024-07-27 14:08:11,607 [ERROR] ConditionMgr:805 - Attr not supported : Dmpu
2024-07-27 14:08:11,607 [ERROR] ConditionMgr:805 - Attr not supported : Dmpu
2024-07-27 14:08:11,607 [ERROR] ConditionMgr:805 - Attr not supported : Dmpu
2024-07-27 14:08:11,607 [ERROR] ConditionMgr:805 - Attr not supported : Dmpu
2024-07-27 14:08:11,607 [ERROR] ConditionMgr:805 - Attr not supported : Dmpu
2024-07-27 14:08:11,607 [ERROR] ConditionMgr:805 - Attr not supported : Dmpu
2024-07-27 14:08:11,607 [ERROR] ConditionMgr:805 - Attr not supported : Dmpu
2024-07-27 14:08:11,607 [ERROR] ConditionMgr:805 - Attr not supported : Dmpu
2024-07-27 14:08:11,607 [ERROR] ConditionMgr:805 - Attr not supported : Dmpu
2024-07-27 14:08:11,607 [ERROR] ConditionMgr:805 - Attr not supported : Dmpu
2024-07-27 14:08:11,607 [ERROR] ConditionMgr:805 - Attr not supported : Dmpu
2024-07-27 14:08:11,607 [ERROR] ConditionMgr:805 - Attr not supported : Dmpu
2024-07-27 14:08:11,607 [ERROR] ConditionMgr:805 - Attr not supported : Dmpu
2024-07-27 14:08:11,607 [ERROR] ConditionMgr:805 - Attr not supported : Dmpu
2024-07-27 14:08:11,608 [ERROR] ConditionMgr:805 - Attr not supported : Dmpu
2024-07-27 14:08:11,608 [ERROR] ConditionMgr:805 - Attr not supported : Dmpu
2024-07-27 14:08:11,608 [ERROR] ConditionMgr:805 - Attr not supported : Dmpu
2024-07-27 14:08:11,608 [ERROR] ConditionMgr:805 - Attr not supported : Dmpu
2024-07-27 14:08:11,608 [ERROR] ConditionMgr:805 - Attr not supported : Dmpu
2024-07-27 14:08:11,608 [ERROR] ConditionMgr:805 - Attr not supported : Dmpu
2024-07-27 14:08:11,608 [ERROR] ConditionMgr:805 - Attr not supported : Dmpu
2024-07-27 14:08:11,608 [ERROR] ConditionMgr:805 - Attr not supported : Dmpu
2024-07-27 14:08:11,608 [ERROR] ConditionMgr:805 - Attr not supported : Dmpu
2024-07-27 14:08:11,608 [ERROR] ConditionMgr:805 - Attr not supported : Dmpu
2024-07-27 14:08:11,608 [ERROR] ConditionMgr:805 - Attr not supported : Dmpu
2024-07-27 14:08:11,608 [ERROR] ConditionMgr:805 - Attr not supported : Dmpu
2024-07-27 14:08:11,608 [ERROR] ConditionMgr:805 - Attr not supported : Dmpu
2024-07-27 14:08:11,608 [ERROR] ConditionMgr:805 - Attr not supported : Dmpu
2024-07-27 14:08:11,608 [ERROR] ConditionMgr:805 - Attr not supported : Dmpu
2024-07-27 14:08:11,609 [ERROR] ConditionMgr:805 - Attr not supported : Dmpu
2024-07-27 14:08:11,609 [ERROR] ConditionMgr:805 - Attr not supported : Dmpu
2024-07-27 14:08:11,609 [ERROR] ConditionMgr:805 - Attr not supported : Dmpu
2024-07-27 14:08:11,609 [ERROR] ConditionMgr:805 - Attr not supported : Dmpu
2024-07-27 14:08:11,609 [ERROR] ConditionMgr:805 - Attr not supported : Dmpu
2024-07-27 14:08:11,609 [ERROR] ConditionMgr:805 - Attr not supported : Dmpu
2024-07-27 14:08:11,609 [ERROR] ConditionMgr:805 - Attr not supported : Dmpu
2024-07-27 14:08:11,609 [ERROR] ConditionMgr:805 - Attr not supported : Dmpu
2024-07-27 14:08:11,609 [ERROR] ConditionMgr:805 - Attr not supported : Dmpu
2024-07-27 14:08:11,609 [ERROR] ConditionMgr:805 - Attr not supported : Dmpu
2024-07-27 14:08:11,609 [ERROR] ConditionMgr:805 - Attr not supported : Dmpu
2024-07-27 14:08:11,609 [ERROR] ConditionMgr:805 - Attr not supported : Dmpu
2024-07-27 14:08:11,610 [ERROR] ConditionMgr:805 - Attr not supported : Dmpu
2024-07-27 14:08:11,610 [ERROR] ConditionMgr:805 - Attr not supported : Dmpu
2024-07-27 14:08:11,610 [ERROR] ConditionMgr:805 - Attr not supported : Dmpu
2024-07-27 14:08:11,610 [ERROR] ConditionMgr:805 - Attr not supported : Dmpu
2024-07-27 14:08:11,610 [ERROR] ConditionMgr:805 - Attr not supported : Dmpu
2024-07-27 14:08:11,610 [ERROR] ConditionMgr:805 - Attr not supported : Dmpu
2024-07-27 14:08:11,610 [ERROR] ConditionMgr:805 - Attr not supported : Dmpu
2024-07-27 14:08:11,610 [ERROR] ConditionMgr:805 - Attr not supported : Dmpu
2024-07-27 14:08:11,610 [ERROR] ConditionMgr:805 - Attr not supported : Dmpu
2024-07-27 14:08:11,610 [ERROR] ConditionMgr:805 - Attr not supported : Dmpu
2024-07-27 14:08:11,610 [ERROR] ConditionMgr:805 - Attr not supported : Dmpu
2024-07-27 14:08:11,610 [ERROR] ConditionMgr:805 - Attr not supported : Dmpu
2024-07-27 14:08:11,610 [ERROR] ConditionMgr:805 - Attr not supported : Dmpu
2024-07-27 14:08:11,610 [ERROR] ConditionMgr:805 - Attr not supported : Dmpu
2024-07-27 14:08:11,610 [ERROR] ConditionMgr:805 - Attr not supported : Dmpu
2024-07-27 14:08:11,611 [ERROR] ConditionMgr:805 - Attr not supported : Dmpu
2024-07-27 14:08:11,611 [ERROR] ConditionMgr:805 - Attr not supported : Dmpu
2024-07-27 14:08:11,614 [WARN] PackLoader:240 - Cannot read IP mode file for RealThread.X-CUBE-RT-Thread_Nano.4.1.1
2024-07-27 14:08:11,617 [WARN] PackLoader:240 - Cannot read IP mode file for wolfSSL.I-CUBE-wolfSSL.5.7.0
2024-07-27 14:08:11,619 [WARN] PackLoader:240 - Cannot read IP mode file for STMicroelectronics.FP-ATR-SIGFOX1.3.2.0
2024-07-27 14:08:11,623 [WARN] PackLoader:240 - Cannot read IP mode file for STMicroelectronics.X-CUBE-EEPRMA1.5.1.0
2024-07-27 14:08:11,629 [WARN] PackLoader:240 - Cannot read IP mode file for ITTIA_DB.I-CUBE-ITTIADB.8.9.0
2024-07-27 14:08:11,666 [WARN] PackLoader:240 - Cannot read IP mode file for SEGGER.I-CUBE-embOS.1.3.1
2024-07-27 14:08:11,740 [INFO] WebApp:779 - Register for checkConnection events
2024-07-27 14:08:11,741 [INFO] WebApp:414 - Apply proxy settings
2024-07-27 14:08:11,741 [INFO] WebApp:499 - Chromium requires no authentication
2024-07-27 14:08:11,762 [WARN] PackLoader:240 - Cannot read IP mode file for STMicroelectronics.X-CUBE-ALGOBUILD.1.4.0
2024-07-27 14:08:11,767 [INFO] WebApp:442 - Direct internet connection detected
2024-07-27 14:08:11,768 [WARN] PackLoader:240 - Cannot read IP mode file for STMicroelectronics.X-CUBE-GNSS1.6.0.0
2024-07-27 14:08:11,793 [WARN] PackLoader:240 - Cannot read IP mode file for STMicroelectronics.X-CUBE-AZRTOS-F4.1.1.0
2024-07-27 14:08:11,803 [WARN] PackLoader:240 - Cannot read IP mode file for STMicroelectronics.X-CUBE-FREERTOS.1.2.0
2024-07-27 14:08:11,825 [WARN] PackLoader:240 - Cannot read IP mode file for STMicroelectronics.X-CUBE-AZRTOS-L5.2.0.0
2024-07-27 14:08:11,836 [WARN] PackLoader:240 - Cannot read IP mode file for STMicroelectronics.X-CUBE-NFC6.3.1.0
2024-07-27 14:08:11,843 [WARN] PackLoader:240 - Cannot read IP mode file for STMicroelectronics.X-CUBE-DPower.1.2.0
2024-07-27 14:08:11,846 [WARN] PackLoader:240 - Cannot read IP mode file for STMicroelectronics.X-CUBE-AI.9.0.0
2024-07-27 14:08:11,851 [WARN] PackLoader:240 - Cannot read IP mode file for STMicroelectronics.X-CUBE-NFC7.1.0.1
2024-07-27 14:08:11,855 [WARN] PackLoader:240 - Cannot read IP mode file for wolfSSL.I-CUBE-wolfTPM.3.2.0
2024-07-27 14:08:11,858 [WARN] PackLoader:240 - Cannot read IP mode file for STMicroelectronics.X-CUBE-AI.8.1.0
2024-07-27 14:08:11,873 [WARN] ConditionMgr:438 - getConditionDescription Invalid condition id : LAN8742 Phy interface Condition cause : null
2024-07-27 14:08:11,874 [WARN] PackLoader:240 - Cannot read IP mode file for STMicroelectronics.X-CUBE-AZRTOS-L4.2.0.0
2024-07-27 14:08:11,875 [WARN] ConditionMgr:1039 - genDependencies : Invalid condition id : LAN8742 Phy interface Condition cause : null
2024-07-27 14:08:11,875 [WARN] ConditionMgr:1039 - genDependencies : Invalid condition id : LAN8742 Phy interface Condition cause : null
2024-07-27 14:08:11,876 [WARN] ConditionMgr:1039 - genDependencies : Invalid condition id : LAN8742 Phy interface Condition cause : null
2024-07-27 14:08:11,886 [WARN] PackLoader:240 - Cannot read IP mode file for STMicroelectronics.X-CUBE-SFXS2LP1.4.0.0
2024-07-27 14:08:11,897 [WARN] ConditionMgr:438 - getConditionDescription Invalid condition id : UX DEVICE CLASS RTOS Condition cause : null
2024-07-27 14:08:11,897 [WARN] ConditionMgr:438 - getConditionDescription Invalid condition id : UX DEVICE CLASS RTOS Condition cause : null
2024-07-27 14:08:11,899 [WARN] PackLoader:240 - Cannot read IP mode file for STMicroelectronics.X-CUBE-AZRTOS-WB.2.0.0
2024-07-27 14:08:11,900 [WARN] ConditionMgr:1039 - genDependencies : Invalid condition id : UX DEVICE CLASS RTOS Condition cause : null
2024-07-27 14:08:11,900 [WARN] ConditionMgr:1039 - genDependencies : Invalid condition id : UX DEVICE CLASS RTOS Condition cause : null
2024-07-27 14:08:11,901 [WARN] ConditionMgr:1039 - genDependencies : Invalid condition id : UX DEVICE CLASS RTOS Condition cause : null
2024-07-27 14:08:11,901 [WARN] ConditionMgr:1039 - genDependencies : Invalid condition id : UX DEVICE CLASS RTOS Condition cause : null
2024-07-27 14:08:11,901 [WARN] ConditionMgr:1039 - genDependencies : Invalid condition id : UX DEVICE CLASS RTOS Condition cause : null
2024-07-27 14:08:11,907 [WARN] PackLoader:240 - Cannot read IP mode file for STMicroelectronics.FP-SNS-STBOX1.2.0.0
2024-07-27 14:08:11,923 [WARN] PackLoader:240 - Cannot read IP mode file for STMicroelectronics.X-CUBE-SUBG2.5.0.0
2024-07-27 14:08:11,929 [WARN] PackLoader:240 - Cannot read IP mode file for Cesanta.I-CUBE-Mongoose.7.13.0
2024-07-27 14:08:11,940 [WARN] PackLoader:240 - Cannot read IP mode file for STMicroelectronics.X-CUBE-AZRTOS-G4.2.0.0
2024-07-27 14:08:11,944 [WARN] PackLoader:240 - Cannot read IP mode file for STMicroelectronics.FP-SNS-MOTENVWB1.1.3.1
2024-07-27 14:08:11,947 [WARN] PackLoader:240 - Cannot read IP mode file for STMicroelectronics.X-CUBE-ISPU.2.0.0
2024-07-27 14:08:11,950 [WARN] PackLoader:240 - Cannot read IP mode file for STMicroelectronics.X-CUBE-ALS.1.0.2
2024-07-27 14:08:11,973 [INFO] WebApp:192 - Starting web application
2024-07-27 14:08:11,974 [INFO] WebApp:544 - Web application path used /home/frank/st/stm32cubeide_1.14.0/plugins/com.st.stm32cube.common.mx_6.11.1.202404110753/db/plugins/mcufinder/reactClient1/index.html
2024-07-27 14:08:11,983 [WARN] PackLoader:240 - Cannot read IP mode file for STMicroelectronics.X-CUBE-MEMS1.10.0.0
2024-07-27 14:08:12,076 [WARN] PackLoader:240 - Cannot read IP mode file for STMicroelectronics.X-CUBE-TOUCHGFX.4.24.0
2024-07-27 14:08:12,080 [WARN] PackLoader:240 - Cannot read IP mode file for portGmbH.I-Cube-SoM-uGOAL.1.1.0
2024-07-27 14:08:12,083 [WARN] PackLoader:240 - Cannot read IP mode file for STMicroelectronics.X-CUBE-ALS.1.0.1
2024-07-27 14:08:12,103 [WARN] PackLoader:240 - Cannot read IP mode file for STMicroelectronics.X-CUBE-AZRTOS-H7RS.1.0.0
2024-07-27 14:08:12,110 [WARN] PackLoader:240 - Cannot read IP mode file for STMicroelectronics.FP-ATR-ASTRA1.2.0.0
2024-07-27 14:08:12,121 [WARN] PackLoader:240 - Cannot read IP mode file for STMicroelectronics.X-CUBE-TOF1.3.4.2
2024-07-27 14:08:12,143 [WARN] PackLoader:240 - Cannot read IP mode file for STMicroelectronics.X-CUBE-TOF1.3.4.1
2024-07-27 14:08:12,167 [WARN] PackLoader:240 - Cannot read IP mode file for STMicroelectronics.X-CUBE-AZRTOS-H7.3.2.0
2024-07-27 14:08:12,179 [WARN] PackLoader:240 - Cannot read IP mode file for Infineon.AIROC-Wi-Fi-Bluetooth-STM32.1.6.0
2024-07-27 14:08:12,185 [WARN] PackLoader:240 - Cannot read IP mode file for wolfSSL.I-CUBE-wolfSSH.1.4.17
2024-07-27 14:08:12,186 [INFO] ThirdParty:978 - Integrity check success = true
2024-07-27 14:08:12,187 [INFO] IntegrityCheckThread:100 - exiting critical section [integrity check]
2024-07-27 14:08:12,187 [INFO] IntegrityCheckThread:103 - End integrity checks thread
2024-07-27 15:25:38,496 [ERROR] LogOutputStream:75 - [STDERR_REDIRECT] 
2024-07-27 16:24:07,529 [INFO] Activator:176 - 


2024-07-27 16:24:07,531 [INFO] Activator:177 - !SESSION log4j initialized
2024-07-27 16:24:10,266 [INFO] LogOutputStream:77 - [STDOUT_REDIRECT] 
2024-07-27 16:24:11,170 [INFO] ApplicationProperties:184 - Using Application install path: /home/frank/st/stm32cubeide_1.14.0/plugins/com.st.stm32cube.common.mx_6.11.1.202404110753
2024-07-27 16:24:11,181 [INFO] DbMcusXml:78 - Set database path to: /home/frank/st/stm32cubeide_1.14.0/plugins/com.st.stm32cube.common.mx_6.11.1.202404110753//db//mcu/
2024-07-27 16:24:11,181 [INFO] ApiDb:274 - Set plugin database path to: /home/frank/st/stm32cubeide_1.14.0/plugins/com.st.stm32cube.common.mx_6.11.1.202404110753//db//plugins/boardmanager/
2024-07-27 16:24:11,181 [WARN] ApiDb:259 - Overriding images path with different value:  => /home/frank/st/stm32cubeide_1.14.0/plugins/com.st.stm32cube.common.mx_6.11.1.202404110753//db//plugins/mcufinder/images/
2024-07-27 16:24:11,185 [INFO] ApiDb:250 - Set database path to: /home/frank/.stmcufinder/plugins/mcufinder//mcu/
2024-07-27 16:24:11,186 [INFO] DbMcusAds:125 - Set database path to: /home/frank/.stmcufinder/plugins/mcufinder//mcu/
2024-07-27 16:24:11,188 [INFO] CrossReferenceDbSqlite:203 - Set database path to: /home/frank/.stmcufinder/plugins/mcufinder//mcu/cs/
2024-07-27 16:24:11,260 [INFO] RulesReader:64 - Compatibility file has been processed (297 Rules)
2024-07-27 16:24:11,303 [INFO] DbMcusXml:78 - Set database path to: /home/frank/st/stm32cubeide_1.14.0/plugins/com.st.stm32cube.common.mx_6.11.1.202404110753//db//mcu/
2024-07-27 16:24:11,303 [INFO] ApiDb:274 - Set plugin database path to: /home/frank/st/stm32cubeide_1.14.0/plugins/com.st.stm32cube.common.mx_6.11.1.202404110753//db//plugins/boardmanager/
2024-07-27 16:24:11,303 [INFO] ApiDb:261 - Set plugin images path to: /home/frank/st/stm32cubeide_1.14.0/plugins/com.st.stm32cube.common.mx_6.11.1.202404110753//db//plugins/mcufinder/images/
2024-07-27 16:24:11,303 [WARN] DbFile:41 - Overriding database path with different value: /home/frank/.stmcufinder/plugins/mcufinder/ => /home/frank/.stmcufinder/plugins/mcufinder
2024-07-27 16:24:11,303 [INFO] ApiDb:250 - Set database path to: /home/frank/.stmcufinder/plugins/mcufinder//mcu/
2024-07-27 16:24:11,303 [WARN] DbFile:41 - Overriding database path with different value: /home/frank/.stmcufinder/plugins/mcufinder/ => /home/frank/.stmcufinder/plugins/mcufinder
2024-07-27 16:24:11,303 [INFO] DbMcusAds:125 - Set database path to: /home/frank/.stmcufinder/plugins/mcufinder//mcu/
2024-07-27 16:24:11,304 [WARN] DbFile:41 - Overriding database path with different value: /home/frank/.stmcufinder/plugins/mcufinder/ => /home/frank/.stmcufinder/plugins/mcufinder
2024-07-27 16:24:11,304 [WARN] DbFile:41 - Overriding database path with different value: /home/frank/.stmcufinder/plugins/mcufinder/ => /home/frank/.stmcufinder/plugins/mcufinder
2024-07-27 16:24:11,304 [INFO] CrossReferenceDbSqlite:203 - Set database path to: /home/frank/.stmcufinder/plugins/mcufinder//mcu/cs/
2024-07-27 16:24:11,350 [INFO] MainPanel:264 - HeapMemory: 268435456
2024-07-27 16:24:11,402 [INFO] DbMcusXml:78 - Set database path to: /home/frank/st/stm32cubeide_1.14.0/plugins/com.st.stm32cube.common.mx_6.11.1.202404110753//db//mcu/
2024-07-27 16:24:11,402 [INFO] ApiDb:274 - Set plugin database path to: /home/frank/st/stm32cubeide_1.14.0/plugins/com.st.stm32cube.common.mx_6.11.1.202404110753//db//plugins/boardmanager/
2024-07-27 16:24:11,402 [INFO] ApiDb:261 - Set plugin images path to: /home/frank/st/stm32cubeide_1.14.0/plugins/com.st.stm32cube.common.mx_6.11.1.202404110753//db//plugins/mcufinder/images/
2024-07-27 16:24:11,403 [WARN] DbFile:41 - Overriding database path with different value: /home/frank/.stmcufinder/plugins/mcufinder/ => /home/frank/.stmcufinder/plugins/mcufinder
2024-07-27 16:24:11,403 [INFO] ApiDb:250 - Set database path to: /home/frank/.stmcufinder/plugins/mcufinder//mcu/
2024-07-27 16:24:11,403 [WARN] DbFile:41 - Overriding database path with different value: /home/frank/.stmcufinder/plugins/mcufinder/ => /home/frank/.stmcufinder/plugins/mcufinder
2024-07-27 16:24:11,403 [INFO] DbMcusAds:125 - Set database path to: /home/frank/.stmcufinder/plugins/mcufinder//mcu/
2024-07-27 16:24:11,403 [WARN] DbFile:41 - Overriding database path with different value: /home/frank/.stmcufinder/plugins/mcufinder/ => /home/frank/.stmcufinder/plugins/mcufinder
2024-07-27 16:24:11,403 [WARN] DbFile:41 - Overriding database path with different value: /home/frank/.stmcufinder/plugins/mcufinder/ => /home/frank/.stmcufinder/plugins/mcufinder
2024-07-27 16:24:11,403 [INFO] CrossReferenceDbSqlite:203 - Set database path to: /home/frank/.stmcufinder/plugins/mcufinder//mcu/cs/
2024-07-27 16:24:11,412 [INFO] ApplicationProperties:184 - Using Application install path: /home/frank/st/stm32cubeide_1.14.0/plugins/com.st.stm32cube.common.mx_6.11.1.202404110753
2024-07-27 16:24:11,413 [INFO] PluginManage:196 - Search for loadable plugins [exclusion list=, ]
2024-07-27 16:24:11,414 [INFO] PluginManage:310 - Check plugin analytics
2024-07-27 16:24:11,498 [INFO] AnalyticsPlugin:253 - Accepted Software Licenses: 
2024-07-27 16:24:11,498 [INFO] AnalyticsPlugin:255 - Accepted CMSIS Pack Licenses: 
2024-07-27 16:24:11,498 [INFO] AnalyticsPlugin:257 - Accepted Firmware Licenses: FW.F4.1.28.0,FW.F4.1.27.0
2024-07-27 16:24:11,500 [INFO] PluginManage:359 - Loaded plugin analytics (category:tool,tabindex:-1)
2024-07-27 16:24:11,500 [INFO] PluginManage:310 - Check plugin cadmodel
2024-07-27 16:24:11,518 [INFO] CADModel:105 - Init CAD model plugin
2024-07-27 16:24:11,519 [INFO] PluginManage:359 - Loaded plugin cadmodel (category:power,tabindex:5)
2024-07-27 16:24:11,519 [INFO] PluginManage:310 - Check plugin clock
2024-07-27 16:24:11,526 [INFO] PluginManage:359 - Loaded plugin clock (category:base,tabindex:2)
2024-07-27 16:24:11,526 [INFO] PluginManage:310 - Check plugin ddr
2024-07-27 16:24:11,528 [INFO] PluginManage:359 - Loaded plugin ddr (category:tool,tabindex:6)
2024-07-27 16:24:11,528 [INFO] PluginManage:310 - Check plugin filemanager
2024-07-27 16:24:11,616 [INFO] PluginManage:359 - Loaded plugin filemanager (category:base,tabindex:10)
2024-07-27 16:24:11,616 [INFO] PluginManage:310 - Check plugin ipmanager
2024-07-27 16:24:11,619 [INFO] PluginManage:359 - Loaded plugin ipmanager (category:base,tabindex:5)
2024-07-27 16:24:11,620 [INFO] PluginManage:310 - Check plugin lpbam
2024-07-27 16:24:11,625 [INFO] PluginManage:359 - Loaded plugin lpbam (category:base,tabindex:0)
2024-07-27 16:24:11,625 [INFO] PluginManage:310 - Check plugin memorymap
2024-07-27 16:24:11,631 [INFO] PluginManage:359 - Loaded plugin memorymap (category:base,tabindex:4)
2024-07-27 16:24:11,631 [INFO] PluginManage:310 - Check plugin pinoutandconfiguration
2024-07-27 16:24:11,642 [INFO] PluginManage:359 - Loaded plugin pinoutandconfiguration (category:base,tabindex:1)
2024-07-27 16:24:11,642 [INFO] PluginManage:310 - Check plugin pinoutconfig
2024-07-27 16:24:11,697 [WARN] SupportedApi:132 - Cannot load RTOS API schema: s4s-elt-must-match.1: The content of 'definitions' must match (annotation?, (simpleType | complexType)?, (unique | key | keyref)*)). A problem was found starting at: attribute.
2024-07-27 16:24:11,771 [INFO] PluginManage:359 - Loaded plugin pinoutconfig (category:base,tabindex:0)
2024-07-27 16:24:11,771 [INFO] PluginManage:310 - Check plugin power
2024-07-27 16:24:11,776 [INFO] PluginManage:359 - Loaded plugin power (category:power,tabindex:4)
2024-07-27 16:24:11,776 [INFO] PluginManage:310 - Check plugin projectmanager
2024-07-27 16:24:11,787 [INFO] PluginManage:359 - Loaded plugin projectmanager (category:projectmanager,tabindex:3)
2024-07-27 16:24:11,787 [INFO] PluginManage:310 - Check plugin thirdparty
2024-07-27 16:24:11,864 [INFO] PluginManage:359 - Loaded plugin thirdparty (category:base,tabindex:-1)
2024-07-27 16:24:11,864 [WARN] IntegrityCheckThread:84 - waiting for thirdparty lock release [integrity check]
2024-07-27 16:24:11,864 [INFO] PluginManage:310 - Check plugin tools
2024-07-27 16:24:11,864 [INFO] IntegrityCheckThread:86 - entering critical section [integrity check]
2024-07-27 16:24:11,864 [INFO] ThirdPartyUpdaterWithRetryManager:70 - Updater plugin not ready yet. [1/15]
2024-07-27 16:24:11,866 [INFO] PluginManage:359 - Loaded plugin tools (category:base,tabindex:7)
2024-07-27 16:24:11,866 [INFO] PluginManage:310 - Check plugin tutovideos
2024-07-27 16:24:11,961 [INFO] PluginManage:359 - Loaded plugin tutovideos (category:base,tabindex:-1)
2024-07-27 16:24:11,961 [INFO] PluginManage:310 - Check plugin updater
2024-07-27 16:24:11,969 [INFO] PluginManage:359 - Loaded plugin updater (category:base,tabindex:12)
2024-07-27 16:24:11,969 [INFO] PluginManage:310 - Check plugin userauth
2024-07-27 16:24:11,972 [INFO] UserAuth:114 - Init User Auth plugin
2024-07-27 16:24:11,972 [INFO] PluginManage:359 - Loaded plugin userauth (category:base,tabindex:14)
2024-07-27 16:24:11,972 [INFO] PluginManage:283 - PluginManage : Loaded plugins [17]
2024-07-27 16:24:12,077 [INFO] PinOutPanel:1561 - setPackage(No Configuration,No Configuration)
2024-07-27 16:24:12,113 [INFO] CADModel:165 - CPN selected for project level
2024-07-27 16:24:12,113 [INFO] CADModel:114 - Register for checkConnection events
2024-07-27 16:24:12,119 [INFO] IPUIPlugin:80 - create IPUIPlugin
2024-07-27 16:24:12,119 [INFO] PluginManager:220 - loadIPPluginJar : add ucpd
2024-07-27 16:24:12,120 [INFO] IPUIPlugin:80 - create IPUIPlugin
2024-07-27 16:24:12,120 [INFO] PluginManager:220 - loadIPPluginJar : add ltdc
2024-07-27 16:24:12,123 [INFO] IPUIPlugin:80 - create IPUIPlugin
2024-07-27 16:24:12,124 [INFO] PluginManager:220 - loadIPPluginJar : add plateformsettings
2024-07-27 16:24:12,126 [INFO] IPUIPlugin:80 - create IPUIPlugin
2024-07-27 16:24:12,126 [INFO] PluginManager:220 - loadIPPluginJar : add hash
2024-07-27 16:24:12,128 [INFO] IPUIPlugin:80 - create IPUIPlugin
2024-07-27 16:24:12,128 [INFO] PluginManager:220 - loadIPPluginJar : add gfxmmu
2024-07-27 16:24:12,131 [INFO] IPUIPlugin:80 - create IPUIPlugin
2024-07-27 16:24:12,131 [INFO] PluginManager:220 - loadIPPluginJar : add stm32_wpan
2024-07-27 16:24:12,132 [INFO] IPUIPlugin:80 - create IPUIPlugin
2024-07-27 16:24:12,132 [INFO] PluginManager:220 - loadIPPluginJar : add ts
2024-07-27 16:24:12,132 [INFO] IPUIPlugin:80 - create IPUIPlugin
2024-07-27 16:24:12,132 [INFO] PluginManager:220 - loadIPPluginJar : add quadspi
2024-07-27 16:24:12,133 [INFO] IPUIPlugin:80 - create IPUIPlugin
2024-07-27 16:24:12,133 [INFO] PluginManager:220 - loadIPPluginJar : add usbx
2024-07-27 16:24:12,134 [INFO] IPUIPlugin:80 - create IPUIPlugin
2024-07-27 16:24:12,134 [INFO] PluginManager:220 - loadIPPluginJar : add aes
2024-07-27 16:24:12,136 [INFO] IPUIPlugin:80 - create IPUIPlugin
2024-07-27 16:24:12,136 [INFO] PluginManager:220 - loadIPPluginJar : add nvic
2024-07-27 16:24:12,139 [INFO] IPUIPlugin:80 - create IPUIPlugin
2024-07-27 16:24:12,139 [INFO] PluginManager:220 - loadIPPluginJar : add adc
2024-07-27 16:24:12,140 [INFO] IPUIPlugin:80 - create IPUIPlugin
2024-07-27 16:24:12,140 [INFO] PluginManager:220 - loadIPPluginJar : add cryp
2024-07-27 16:24:12,141 [INFO] IPUIPlugin:80 - create IPUIPlugin
2024-07-27 16:24:12,142 [INFO] PluginManager:220 - loadIPPluginJar : add touchsensing
2024-07-27 16:24:12,144 [INFO] IPUIPlugin:80 - create IPUIPlugin
2024-07-27 16:24:12,144 [INFO] PluginManager:220 - loadIPPluginJar : add fmc
2024-07-27 16:24:12,145 [INFO] IPUIPlugin:80 - create IPUIPlugin
2024-07-27 16:24:12,145 [INFO] PluginManager:220 - loadIPPluginJar : add openamp
2024-07-27 16:24:12,149 [INFO] IPUIPlugin:80 - create IPUIPlugin
2024-07-27 16:24:12,149 [INFO] PluginManager:220 - loadIPPluginJar : add linkedlist
2024-07-27 16:24:12,150 [INFO] IPUIPlugin:80 - create IPUIPlugin
2024-07-27 16:24:12,150 [INFO] PluginManager:220 - loadIPPluginJar : add tracer_emb
2024-07-27 16:24:12,153 [INFO] IPUIPlugin:80 - create IPUIPlugin
2024-07-27 16:24:12,153 [INFO] PluginManager:220 - loadIPPluginJar : add dma
2024-07-27 16:24:12,154 [INFO] IPUIPlugin:80 - create IPUIPlugin
2024-07-27 16:24:12,154 [INFO] PluginManager:220 - loadIPPluginJar : add sai
2024-07-27 16:24:12,157 [INFO] IPUIPlugin:80 - create IPUIPlugin
2024-07-27 16:24:12,157 [INFO] PluginManager:220 - loadIPPluginJar : add freertos
2024-07-27 16:24:12,160 [INFO] IPUIPlugin:80 - create IPUIPlugin
2024-07-27 16:24:12,160 [INFO] PluginManager:220 - loadIPPluginJar : add mdma
2024-07-27 16:24:12,161 [INFO] IPUIPlugin:80 - create IPUIPlugin
2024-07-27 16:24:12,161 [INFO] PluginManager:220 - loadIPPluginJar : add genericplugin
2024-07-27 16:24:12,162 [INFO] IPUIPlugin:80 - create IPUIPlugin
2024-07-27 16:24:12,163 [INFO] PluginManager:220 - loadIPPluginJar : add tsc
2024-07-27 16:24:12,164 [INFO] IPUIPlugin:80 - create IPUIPlugin
2024-07-27 16:24:12,164 [INFO] PluginManager:220 - loadIPPluginJar : add pdm2pcm
2024-07-27 16:24:12,165 [INFO] IPUIPlugin:80 - create IPUIPlugin
2024-07-27 16:24:12,165 [INFO] PluginManager:220 - loadIPPluginJar : add fatfs
2024-07-27 16:24:12,166 [INFO] IPUIPlugin:80 - create IPUIPlugin
2024-07-27 16:24:12,166 [INFO] PluginManager:220 - loadIPPluginJar : add can
2024-07-27 16:24:12,167 [INFO] IPUIPlugin:80 - create IPUIPlugin
2024-07-27 16:24:12,167 [INFO] PluginManager:220 - loadIPPluginJar : add i3c
2024-07-27 16:24:12,168 [INFO] IPUIPlugin:80 - create IPUIPlugin
2024-07-27 16:24:12,168 [INFO] PluginManager:220 - loadIPPluginJar : add i2s
2024-07-27 16:24:12,169 [INFO] IPUIPlugin:80 - create IPUIPlugin
2024-07-27 16:24:12,169 [INFO] PluginManager:220 - loadIPPluginJar : add i2c
2024-07-27 16:24:12,170 [INFO] IPUIPlugin:80 - create IPUIPlugin
2024-07-27 16:24:12,170 [INFO] PluginManager:220 - loadIPPluginJar : add spi
2024-07-27 16:24:12,171 [INFO] IPUIPlugin:80 - create IPUIPlugin
2024-07-27 16:24:12,171 [INFO] PluginManager:220 - loadIPPluginJar : add dfsdm
2024-07-27 16:24:12,171 [INFO] IPUIPlugin:80 - create IPUIPlugin
2024-07-27 16:24:12,171 [INFO] PluginManager:220 - loadIPPluginJar : add tim
2024-07-27 16:24:12,172 [INFO] IPUIPlugin:80 - create IPUIPlugin
2024-07-27 16:24:12,172 [INFO] PluginManager:220 - loadIPPluginJar : add opamp
2024-07-27 16:24:12,174 [INFO] IPUIPlugin:80 - create IPUIPlugin
2024-07-27 16:24:12,174 [INFO] PluginManager:220 - loadIPPluginJar : add dma3
2024-07-27 16:24:12,175 [INFO] IPUIPlugin:80 - create IPUIPlugin
2024-07-27 16:24:12,176 [INFO] PluginManager:220 - loadIPPluginJar : add ipddr
2024-07-27 16:24:12,176 [INFO] IPUIPlugin:80 - create IPUIPlugin
2024-07-27 16:24:12,176 [INFO] PluginManager:220 - loadIPPluginJar : add comp
2024-07-27 16:24:12,179 [INFO] IPUIPlugin:80 - create IPUIPlugin
2024-07-27 16:24:12,179 [INFO] PluginManager:220 - loadIPPluginJar : add resmgrutility
2024-07-27 16:24:12,180 [INFO] IPUIPlugin:80 - create IPUIPlugin
2024-07-27 16:24:12,180 [INFO] PluginManager:220 - loadIPPluginJar : add extmemmanager
2024-07-27 16:24:12,182 [INFO] IPUIPlugin:80 - create IPUIPlugin
2024-07-27 16:24:12,182 [INFO] PluginManager:220 - loadIPPluginJar : add gtzc
2024-07-27 16:24:12,184 [INFO] IPUIPlugin:80 - create IPUIPlugin
2024-07-27 16:24:12,184 [INFO] PluginManager:220 - loadIPPluginJar : add gpio
2024-07-27 16:24:12,185 [INFO] IPUIPlugin:80 - create IPUIPlugin
2024-07-27 16:24:12,185 [INFO] PluginManager:220 - loadIPPluginJar : add usart
2024-07-27 16:24:12,187 [INFO] IPUIPlugin:80 - create IPUIPlugin
2024-07-27 16:24:12,187 [INFO] PluginManager:220 - loadIPPluginJar : add lorawan
2024-07-27 16:24:12,190 [INFO] IPUIPlugin:80 - create IPUIPlugin
2024-07-27 16:24:12,190 [INFO] PluginManager:220 - loadIPPluginJar : add gic
2024-07-27 16:24:12,285 [INFO] CADModel:165 - CPN selected for project level
2024-07-27 16:24:12,285 [INFO] CADModel:114 - Register for checkConnection events
2024-07-27 16:24:12,285 [FATAL] Updater:308 - Updater called before beeing initialized
2024-07-27 16:24:12,286 [ERROR] CADModel:125 - Updater not yet initialized, retry later 
2024-07-27 16:24:12,356 [INFO] CADModel:165 - CPN selected for project level
2024-07-27 16:24:12,356 [INFO] CADModel:114 - Register for checkConnection events
2024-07-27 16:24:12,356 [FATAL] Updater:308 - Updater called before beeing initialized
2024-07-27 16:24:12,356 [ERROR] CADModel:125 - Updater not yet initialized, retry later 
2024-07-27 16:24:12,359 [FATAL] Updater:308 - Updater called before beeing initialized
2024-07-27 16:24:12,421 [FATAL] Updater:308 - Updater called before beeing initialized
2024-07-27 16:24:12,424 [INFO] DbMcusAds:53 - JSON generation date=Thu May 16 11:22:00 CEST 2024 (1715851320667)
2024-07-27 16:24:12,424 [FATAL] Updater:308 - Updater called before beeing initialized
2024-07-27 16:24:12,446 [WARN] DetailPanel:346 - Failed to get advertising image, set to default
2024-07-27 16:24:12,517 [FATAL] Updater:308 - Updater called before beeing initialized
2024-07-27 16:24:12,519 [FATAL] Updater:308 - Updater called before beeing initialized
2024-07-27 16:24:12,519 [FATAL] Updater:308 - Updater called before beeing initialized
2024-07-27 16:24:12,519 [WARN] DetailPanel:346 - Failed to get advertising image, set to default
2024-07-27 16:24:12,520 [FATAL] Updater:308 - Updater called before beeing initialized
2024-07-27 16:24:12,541 [ERROR] Updater:1120 - MainUpdater not yet initialized. External WinMGr cannot be set.
2024-07-27 16:24:12,542 [INFO] Updater:1056 - Updater Version found : 6.11.1
2024-07-27 16:24:12,553 [INFO] ApplicationProperties:184 - Using Application install path: /home/frank/st/stm32cubeide_1.14.0/plugins/com.st.stm32cube.common.mx_6.11.1.202404110753
2024-07-27 16:24:13,085 [INFO] MainUpdater:2873 - connection check result : 10
2024-07-27 16:24:13,086 [INFO] MainUpdater:290 - Updater Check For Update Now.
2024-07-27 16:24:13,086 [INFO] MicroXplorer:498 - Change Database Version : DB.6.0.111
2024-07-27 16:24:13,088 [INFO] McuFinderGlobals:63 - Set McuFinder mode to 2 (CubeIDE integrated)
2024-07-27 16:24:13,092 [INFO] UserAuth:415 - Internet connection configuration mode: 1
2024-07-27 16:24:13,104 [INFO] JxBrowserEngine:152 - Initiate JxBrowser Engine with user profile folder
2024-07-27 16:24:13,232 [INFO] CheckServerUpdateThread:120 - End of CheckServer Thread
2024-07-27 16:24:13,651 [INFO] WebApp:161 - Instantiating new browser for Auth
2024-07-27 16:24:14,844 [INFO] WebApp:779 - Register for checkConnection events
2024-07-27 16:24:14,844 [INFO] WebApp:414 - Apply proxy settings
2024-07-27 16:24:14,845 [INFO] WebApp:499 - Chromium requires no authentication
2024-07-27 16:24:14,849 [INFO] WebApp:442 - Direct internet connection detected
2024-07-27 16:24:14,949 [INFO] WebApp:192 - Starting web application
2024-07-27 16:24:14,949 [INFO] WebApp:544 - Web application path used /home/frank/st/stm32cubeide_1.14.0/plugins/com.st.stm32cube.common.mx_6.11.1.202404110753/db/plugins/mcufinder/reactClient1/index.html
2024-07-27 16:24:14,961 [WARN] PackLoader:240 - Cannot read IP mode file for STMicroelectronics.FP-SNS-MOTENVWB1.1.4.0
2024-07-27 16:24:14,971 [WARN] PackLoader:240 - Cannot read IP mode file for STMicroelectronics.X-CUBE-SMBUS.2.1.0
2024-07-27 16:24:14,975 [WARN] PackLoader:240 - Cannot read IP mode file for STMicroelectronics.X-CUBE-TOUCHGFX.4.23.2
2024-07-27 16:24:15,006 [WARN] PackLoader:240 - Cannot read IP mode file for STMicroelectronics.X-CUBE-AZRTOS-F7.1.1.0
2024-07-27 16:24:15,020 [WARN] PackLoader:240 - Cannot read IP mode file for STMicroelectronics.FP-SNS-MOTENV1.4.3.2
2024-07-27 16:24:15,030 [WARN] PackLoader:240 - Cannot read IP mode file for STMicroelectronics.FP-SNS-FLIGHT1.5.0.2
2024-07-27 16:24:15,037 [WARN] PackLoader:240 - Cannot read IP mode file for STMicroelectronics.X-CUBE-DISPLAY.3.0.0
2024-07-27 16:24:15,049 [WARN] PackLoader:240 - Cannot read IP mode file for STMicroelectronics.X-CUBE-BLE1.7.0.0
2024-07-27 16:24:15,054 [WARN] PackLoader:240 - Cannot read IP mode file for emotas.I-CUBE-CANOPEN.1.3.0
2024-07-27 16:24:15,061 [WARN] PackLoader:240 - Cannot read IP mode file for STMicroelectronics.X-CUBE-BLEMGR.3.1.0
2024-07-27 16:24:15,068 [WARN] PackLoader:240 - Cannot read IP mode file for STMicroelectronics.FP-SNS-SMARTAG2.1.2.0
2024-07-27 16:24:15,075 [INFO] LogOutputStream:77 - [STDOUT_REDIRECT] 1 : Invalid condition id : UX_CORESTACK_Condition cause : null
2024-07-27 16:24:15,075 [INFO] LogOutputStream:77 - [STDOUT_REDIRECT] 1 : Invalid condition id : UX_CORESTACK_Condition cause : null
2024-07-27 16:24:15,076 [INFO] LogOutputStream:77 - [STDOUT_REDIRECT] 1 : Invalid condition id : UX_CORESTACK_Condition cause : null
2024-07-27 16:24:15,076 [INFO] LogOutputStream:77 - [STDOUT_REDIRECT] 1 : Invalid condition id : UX_CORESTACK_Condition cause : null
2024-07-27 16:24:15,076 [INFO] LogOutputStream:77 - [STDOUT_REDIRECT] 1 : Invalid condition id : UX_CORESTACK_Condition cause : null
2024-07-27 16:24:15,079 [WARN] PackLoader:240 - Cannot read IP mode file for STMicroelectronics.X-CUBE-AZRTOS-WL.2.0.0
2024-07-27 16:24:15,083 [WARN] PackLoader:240 - Cannot read IP mode file for STMicroelectronics.FP-SNS-MOTENV1.5.0.0
2024-07-27 16:24:15,088 [WARN] PackLoader:240 - Cannot read IP mode file for wolfSSL.I-CUBE-wolfMQTT.1.19.0
2024-07-27 16:24:15,096 [WARN] PackLoader:240 - Cannot read IP mode file for WES.I-CUBE-Cesium.1.3.0
2024-07-27 16:24:15,101 [WARN] PackLoader:240 - Cannot read IP mode file for STMicroelectronics.X-CUBE-BLE2.3.3.0
2024-07-27 16:24:15,105 [WARN] PackLoader:240 - Cannot read IP mode file for STMicroelectronics.X-CUBE-TCPP.4.1.0
2024-07-27 16:24:15,119 [WARN] PackLoader:240 - Cannot read IP mode file for STMicroelectronics.X-CUBE-AZRTOS-G0.1.1.0
2024-07-27 16:24:15,125 [WARN] PackLoader:240 - Cannot read IP mode file for STMicroelectronics.X-CUBE-SAFEA1.1.2.2
2024-07-27 16:24:15,130 [WARN] PackLoader:240 - Cannot read IP mode file for STMicroelectronics.X-CUBE-NFC4.3.0.0
2024-07-27 16:24:15,135 [WARN] PackLoader:240 - Cannot read IP mode file for wolfSSL.I-CUBE-wolfMQTT.1.18.0
2024-07-27 16:24:15,147 [WARN] PackLoader:240 - Cannot read IP mode file for EmbeddedOffice.I-CUBE-FS-RTOS.1.0.1
2024-07-27 16:24:15,148 [ERROR] ConditionMgr:805 - Attr not supported : Dmpu
2024-07-27 16:24:15,148 [ERROR] ConditionMgr:805 - Attr not supported : Dmpu
2024-07-27 16:24:15,148 [ERROR] ConditionMgr:805 - Attr not supported : Dmpu
2024-07-27 16:24:15,148 [ERROR] ConditionMgr:805 - Attr not supported : Dmpu
2024-07-27 16:24:15,148 [ERROR] ConditionMgr:805 - Attr not supported : Dmpu
2024-07-27 16:24:15,148 [ERROR] ConditionMgr:805 - Attr not supported : Dmpu
2024-07-27 16:24:15,148 [ERROR] ConditionMgr:805 - Attr not supported : Dmpu
2024-07-27 16:24:15,148 [ERROR] ConditionMgr:805 - Attr not supported : Dmpu
2024-07-27 16:24:15,148 [ERROR] ConditionMgr:805 - Attr not supported : Dmpu
2024-07-27 16:24:15,148 [ERROR] ConditionMgr:805 - Attr not supported : Dmpu
2024-07-27 16:24:15,148 [ERROR] ConditionMgr:805 - Attr not supported : Dmpu
2024-07-27 16:24:15,149 [ERROR] ConditionMgr:805 - Attr not supported : Dmpu
2024-07-27 16:24:15,149 [ERROR] ConditionMgr:805 - Attr not supported : Dmpu
2024-07-27 16:24:15,149 [ERROR] ConditionMgr:805 - Attr not supported : Dmpu
2024-07-27 16:24:15,149 [ERROR] ConditionMgr:805 - Attr not supported : Dmpu
2024-07-27 16:24:15,149 [ERROR] ConditionMgr:805 - Attr not supported : Dmpu
2024-07-27 16:24:15,149 [ERROR] ConditionMgr:805 - Attr not supported : Dmpu
2024-07-27 16:24:15,149 [ERROR] ConditionMgr:805 - Attr not supported : Dmpu
2024-07-27 16:24:15,149 [ERROR] ConditionMgr:805 - Attr not supported : Dmpu
2024-07-27 16:24:15,149 [ERROR] ConditionMgr:805 - Attr not supported : Dmpu
2024-07-27 16:24:15,150 [ERROR] ConditionMgr:805 - Attr not supported : Dmpu
2024-07-27 16:24:15,150 [ERROR] ConditionMgr:805 - Attr not supported : Dmpu
2024-07-27 16:24:15,150 [ERROR] ConditionMgr:805 - Attr not supported : Dmpu
2024-07-27 16:24:15,150 [ERROR] ConditionMgr:805 - Attr not supported : Dmpu
2024-07-27 16:24:15,150 [ERROR] ConditionMgr:805 - Attr not supported : Dmpu
2024-07-27 16:24:15,150 [ERROR] ConditionMgr:805 - Attr not supported : Dmpu
2024-07-27 16:24:15,150 [ERROR] ConditionMgr:805 - Attr not supported : Dmpu
2024-07-27 16:24:15,150 [ERROR] ConditionMgr:805 - Attr not supported : Dmpu
2024-07-27 16:24:15,150 [ERROR] ConditionMgr:805 - Attr not supported : Dmpu
2024-07-27 16:24:15,150 [ERROR] ConditionMgr:805 - Attr not supported : Dmpu
2024-07-27 16:24:15,150 [ERROR] ConditionMgr:805 - Attr not supported : Dmpu
2024-07-27 16:24:15,150 [ERROR] ConditionMgr:805 - Attr not supported : Dmpu
2024-07-27 16:24:15,150 [ERROR] ConditionMgr:805 - Attr not supported : Dmpu
2024-07-27 16:24:15,150 [ERROR] ConditionMgr:805 - Attr not supported : Dmpu
2024-07-27 16:24:15,150 [ERROR] ConditionMgr:805 - Attr not supported : Dmpu
2024-07-27 16:24:15,151 [ERROR] ConditionMgr:805 - Attr not supported : Dmpu
2024-07-27 16:24:15,151 [ERROR] ConditionMgr:805 - Attr not supported : Dmpu
2024-07-27 16:24:15,151 [ERROR] ConditionMgr:805 - Attr not supported : Dmpu
2024-07-27 16:24:15,151 [ERROR] ConditionMgr:805 - Attr not supported : Dmpu
2024-07-27 16:24:15,151 [ERROR] ConditionMgr:805 - Attr not supported : Dmpu
2024-07-27 16:24:15,151 [ERROR] ConditionMgr:805 - Attr not supported : Dmpu
2024-07-27 16:24:15,151 [ERROR] ConditionMgr:805 - Attr not supported : Dmpu
2024-07-27 16:24:15,151 [ERROR] ConditionMgr:805 - Attr not supported : Dmpu
2024-07-27 16:24:15,151 [ERROR] ConditionMgr:805 - Attr not supported : Dmpu
2024-07-27 16:24:15,151 [ERROR] ConditionMgr:805 - Attr not supported : Dmpu
2024-07-27 16:24:15,151 [ERROR] ConditionMgr:805 - Attr not supported : Dmpu
2024-07-27 16:24:15,151 [ERROR] ConditionMgr:805 - Attr not supported : Dmpu
2024-07-27 16:24:15,151 [ERROR] ConditionMgr:805 - Attr not supported : Dmpu
2024-07-27 16:24:15,151 [ERROR] ConditionMgr:805 - Attr not supported : Dmpu
2024-07-27 16:24:15,151 [ERROR] ConditionMgr:805 - Attr not supported : Dmpu
2024-07-27 16:24:15,152 [ERROR] ConditionMgr:805 - Attr not supported : Dmpu
2024-07-27 16:24:15,152 [ERROR] ConditionMgr:805 - Attr not supported : Dmpu
2024-07-27 16:24:15,152 [ERROR] ConditionMgr:805 - Attr not supported : Dmpu
2024-07-27 16:24:15,152 [ERROR] ConditionMgr:805 - Attr not supported : Dmpu
2024-07-27 16:24:15,152 [ERROR] ConditionMgr:805 - Attr not supported : Dmpu
2024-07-27 16:24:15,152 [ERROR] ConditionMgr:805 - Attr not supported : Dmpu
2024-07-27 16:24:15,152 [ERROR] ConditionMgr:805 - Attr not supported : Dmpu
2024-07-27 16:24:15,152 [ERROR] ConditionMgr:805 - Attr not supported : Dmpu
2024-07-27 16:24:15,152 [ERROR] ConditionMgr:805 - Attr not supported : Dmpu
2024-07-27 16:24:15,153 [ERROR] ConditionMgr:805 - Attr not supported : Dmpu
2024-07-27 16:24:15,153 [ERROR] ConditionMgr:805 - Attr not supported : Dmpu
2024-07-27 16:24:15,153 [ERROR] ConditionMgr:805 - Attr not supported : Dmpu
2024-07-27 16:24:15,153 [ERROR] ConditionMgr:805 - Attr not supported : Dmpu
2024-07-27 16:24:15,153 [ERROR] ConditionMgr:805 - Attr not supported : Dmpu
2024-07-27 16:24:15,157 [WARN] PackLoader:240 - Cannot read IP mode file for RealThread.X-CUBE-RT-Thread_Nano.4.1.1
2024-07-27 16:24:15,161 [WARN] PackLoader:240 - Cannot read IP mode file for wolfSSL.I-CUBE-wolfSSL.5.7.0
2024-07-27 16:24:15,166 [WARN] PackLoader:240 - Cannot read IP mode file for STMicroelectronics.FP-ATR-SIGFOX1.3.2.0
2024-07-27 16:24:15,174 [WARN] PackLoader:240 - Cannot read IP mode file for STMicroelectronics.X-CUBE-EEPRMA1.5.1.0
2024-07-27 16:24:15,184 [WARN] PackLoader:240 - Cannot read IP mode file for ITTIA_DB.I-CUBE-ITTIADB.8.9.0
2024-07-27 16:24:15,222 [WARN] PackLoader:240 - Cannot read IP mode file for SEGGER.I-CUBE-embOS.1.3.1
2024-07-27 16:24:15,271 [WARN] PackLoader:240 - Cannot read IP mode file for STMicroelectronics.X-CUBE-ALGOBUILD.1.4.0
2024-07-27 16:24:15,274 [WARN] PackLoader:240 - Cannot read IP mode file for STMicroelectronics.X-CUBE-GNSS1.6.0.0
2024-07-27 16:24:15,290 [WARN] PackLoader:240 - Cannot read IP mode file for STMicroelectronics.X-CUBE-AZRTOS-F4.1.1.0
2024-07-27 16:24:15,298 [WARN] PackLoader:240 - Cannot read IP mode file for STMicroelectronics.X-CUBE-FREERTOS.1.2.0
2024-07-27 16:24:15,312 [WARN] PackLoader:240 - Cannot read IP mode file for STMicroelectronics.X-CUBE-AZRTOS-L5.2.0.0
2024-07-27 16:24:15,322 [WARN] PackLoader:240 - Cannot read IP mode file for STMicroelectronics.X-CUBE-NFC6.3.1.0
2024-07-27 16:24:15,330 [WARN] PackLoader:240 - Cannot read IP mode file for STMicroelectronics.X-CUBE-DPower.1.2.0
2024-07-27 16:24:15,334 [WARN] PackLoader:240 - Cannot read IP mode file for STMicroelectronics.X-CUBE-AI.9.0.0
2024-07-27 16:24:15,337 [WARN] PackLoader:240 - Cannot read IP mode file for STMicroelectronics.X-CUBE-NFC7.1.0.1
2024-07-27 16:24:15,341 [WARN] PackLoader:240 - Cannot read IP mode file for wolfSSL.I-CUBE-wolfTPM.3.2.0
2024-07-27 16:24:15,343 [WARN] PackLoader:240 - Cannot read IP mode file for STMicroelectronics.X-CUBE-AI.8.1.0
2024-07-27 16:24:15,361 [WARN] ConditionMgr:438 - getConditionDescription Invalid condition id : LAN8742 Phy interface Condition cause : null
2024-07-27 16:24:15,361 [WARN] PackLoader:240 - Cannot read IP mode file for STMicroelectronics.X-CUBE-AZRTOS-L4.2.0.0
2024-07-27 16:24:15,363 [WARN] ConditionMgr:1039 - genDependencies : Invalid condition id : LAN8742 Phy interface Condition cause : null
2024-07-27 16:24:15,363 [WARN] ConditionMgr:1039 - genDependencies : Invalid condition id : LAN8742 Phy interface Condition cause : null
2024-07-27 16:24:15,364 [WARN] ConditionMgr:1039 - genDependencies : Invalid condition id : LAN8742 Phy interface Condition cause : null
2024-07-27 16:24:15,368 [WARN] PackLoader:240 - Cannot read IP mode file for STMicroelectronics.X-CUBE-SFXS2LP1.4.0.0
2024-07-27 16:24:15,382 [WARN] ConditionMgr:438 - getConditionDescription Invalid condition id : UX DEVICE CLASS RTOS Condition cause : null
2024-07-27 16:24:15,383 [WARN] ConditionMgr:438 - getConditionDescription Invalid condition id : UX DEVICE CLASS RTOS Condition cause : null
2024-07-27 16:24:15,384 [WARN] PackLoader:240 - Cannot read IP mode file for STMicroelectronics.X-CUBE-AZRTOS-WB.2.0.0
2024-07-27 16:24:15,385 [WARN] ConditionMgr:1039 - genDependencies : Invalid condition id : UX DEVICE CLASS RTOS Condition cause : null
2024-07-27 16:24:15,385 [WARN] ConditionMgr:1039 - genDependencies : Invalid condition id : UX DEVICE CLASS RTOS Condition cause : null
2024-07-27 16:24:15,385 [WARN] ConditionMgr:1039 - genDependencies : Invalid condition id : UX DEVICE CLASS RTOS Condition cause : null
2024-07-27 16:24:15,385 [WARN] ConditionMgr:1039 - genDependencies : Invalid condition id : UX DEVICE CLASS RTOS Condition cause : null
2024-07-27 16:24:15,385 [WARN] ConditionMgr:1039 - genDependencies : Invalid condition id : UX DEVICE CLASS RTOS Condition cause : null
2024-07-27 16:24:15,389 [WARN] PackLoader:240 - Cannot read IP mode file for STMicroelectronics.FP-SNS-STBOX1.2.0.0
2024-07-27 16:24:15,398 [WARN] PackLoader:240 - Cannot read IP mode file for STMicroelectronics.X-CUBE-SUBG2.5.0.0
2024-07-27 16:24:15,403 [WARN] PackLoader:240 - Cannot read IP mode file for Cesanta.I-CUBE-Mongoose.7.13.0
2024-07-27 16:24:15,411 [WARN] PackLoader:240 - Cannot read IP mode file for STMicroelectronics.X-CUBE-AZRTOS-G4.2.0.0
2024-07-27 16:24:15,414 [WARN] PackLoader:240 - Cannot read IP mode file for STMicroelectronics.FP-SNS-MOTENVWB1.1.3.1
2024-07-27 16:24:15,416 [WARN] PackLoader:240 - Cannot read IP mode file for STMicroelectronics.X-CUBE-ISPU.2.0.0
2024-07-27 16:24:15,419 [WARN] PackLoader:240 - Cannot read IP mode file for STMicroelectronics.X-CUBE-ALS.1.0.2
2024-07-27 16:24:15,443 [WARN] PackLoader:240 - Cannot read IP mode file for STMicroelectronics.X-CUBE-MEMS1.10.0.0
2024-07-27 16:24:15,536 [WARN] PackLoader:240 - Cannot read IP mode file for STMicroelectronics.X-CUBE-TOUCHGFX.4.24.0
2024-07-27 16:24:15,541 [WARN] PackLoader:240 - Cannot read IP mode file for portGmbH.I-Cube-SoM-uGOAL.1.1.0
2024-07-27 16:24:15,547 [WARN] PackLoader:240 - Cannot read IP mode file for STMicroelectronics.X-CUBE-ALS.1.0.1
2024-07-27 16:24:15,569 [WARN] PackLoader:240 - Cannot read IP mode file for STMicroelectronics.X-CUBE-AZRTOS-H7RS.1.0.0
2024-07-27 16:24:15,575 [WARN] PackLoader:240 - Cannot read IP mode file for STMicroelectronics.FP-ATR-ASTRA1.2.0.0
2024-07-27 16:24:15,588 [WARN] PackLoader:240 - Cannot read IP mode file for STMicroelectronics.X-CUBE-TOF1.3.4.2
2024-07-27 16:24:15,621 [WARN] PackLoader:240 - Cannot read IP mode file for STMicroelectronics.X-CUBE-TOF1.3.4.1
2024-07-27 16:24:15,656 [WARN] PackLoader:240 - Cannot read IP mode file for STMicroelectronics.X-CUBE-AZRTOS-H7.3.2.0
2024-07-27 16:24:15,670 [WARN] PackLoader:240 - Cannot read IP mode file for Infineon.AIROC-Wi-Fi-Bluetooth-STM32.1.6.0
2024-07-27 16:24:15,678 [WARN] PackLoader:240 - Cannot read IP mode file for wolfSSL.I-CUBE-wolfSSH.1.4.17
2024-07-27 16:24:15,679 [INFO] ThirdParty:978 - Integrity check success = true
2024-07-27 16:24:15,679 [INFO] IntegrityCheckThread:100 - exiting critical section [integrity check]
2024-07-27 16:24:15,680 [INFO] IntegrityCheckThread:103 - End integrity checks thread
2024-07-27 18:35:39,842 [ERROR] LogOutputStream:75 - [STDERR_REDIRECT] 
