[0.054s] Invoking command in '/home/frank/thesis_ws/bms_gui/build/bms_gui': CMAKE_PREFIX_PATH=${CMAKE_PREFIX_PATH}:/opt/ros/humble /usr/bin/cmake --build /home/frank/thesis_ws/bms_gui/build/bms_gui -- -j16 -l16
[0.081s] [ 11%] [34m[1mGenerating ui_mainwindow.h[0m
[0.081s] [ 22%] [34m[1mGenerating include/bms_gui/moc_mainwindow.cpp[0m
[0.081s] [ 33%] [34m[1mGenerating include/bms_gui/moc_ros2comm.cpp[0m
[0.115s] [ 44%] [32mBuilding CXX object CMakeFiles/bms_gui.dir/src/mainwindow.cpp.o[0m
[0.115s] [ 55%] [32mBuilding CXX object CMakeFiles/bms_gui.dir/src/main.cpp.o[0m
[0.117s] [ 66%] [32mBuilding CXX object CMakeFiles/bms_gui.dir/src/ros2comm.cpp.o[0m
[0.117s] [ 77%] [32mBuilding CXX object CMakeFiles/bms_gui.dir/include/bms_gui/moc_mainwindow.cpp.o[0m
[0.118s] [ 88%] [32mBuilding CXX object CMakeFiles/bms_gui.dir/include/bms_gui/moc_ros2comm.cpp.o[0m
[4.184s] [01m[K/home/frank/thesis_ws/bms_gui/src/src/mainwindow.cpp:100:6:[m[K [01;31m[Kerror: [m[Kno declaration matches ‘[01m[Kvoid MainWindow::lcd_cell_2_voltage_update(int)[m[K’
[4.185s]   100 | void [01;31m[KMainWindow[m[K::lcd_cell_2_voltage_update(int value)
[4.185s]       |      [01;31m[K^~~~~~~~~~[m[K
[4.185s] [01m[K/home/frank/thesis_ws/bms_gui/src/src/mainwindow.cpp:100:6:[m[K [01;36m[Knote: [m[Kno functions named ‘[01m[Kvoid MainWindow::lcd_cell_2_voltage_update(int)[m[K’
[4.185s] In file included from [01m[K/home/frank/thesis_ws/bms_gui/src/src/mainwindow.cpp:1[m[K:
[4.185s] [01m[K/home/frank/thesis_ws/bms_gui/src/include/bms_gui/mainwindow.h:32:7:[m[K [01;36m[Knote: [m[K‘[01m[Kclass MainWindow[m[K’ defined here
[4.185s]    32 | class [01;36m[KMainWindow[m[K : public QMainWindow
[4.185s]       |       [01;36m[K^~~~~~~~~~[m[K
[4.185s] [01m[K/home/frank/thesis_ws/bms_gui/src/src/mainwindow.cpp:105:6:[m[K [01;31m[Kerror: [m[Kno declaration matches ‘[01m[Kvoid MainWindow::lcd_cell_3_voltage_update(int)[m[K’
[4.185s]   105 | void [01;31m[KMainWindow[m[K::lcd_cell_3_voltage_update(int value)
[4.185s]       |      [01;31m[K^~~~~~~~~~[m[K
[4.185s] [01m[K/home/frank/thesis_ws/bms_gui/src/src/mainwindow.cpp:105:6:[m[K [01;36m[Knote: [m[Kno functions named ‘[01m[Kvoid MainWindow::lcd_cell_3_voltage_update(int)[m[K’
[4.185s] In file included from [01m[K/home/frank/thesis_ws/bms_gui/src/src/mainwindow.cpp:1[m[K:
[4.185s] [01m[K/home/frank/thesis_ws/bms_gui/src/include/bms_gui/mainwindow.h:32:7:[m[K [01;36m[Knote: [m[K‘[01m[Kclass MainWindow[m[K’ defined here
[4.185s]    32 | class [01;36m[KMainWindow[m[K : public QMainWindow
[4.185s]       |       [01;36m[K^~~~~~~~~~[m[K
[4.186s] [01m[K/home/frank/thesis_ws/bms_gui/src/src/mainwindow.cpp:110:6:[m[K [01;31m[Kerror: [m[Kno declaration matches ‘[01m[Kvoid MainWindow::lcd_cell_4_voltage_update(int)[m[K’
[4.186s]   110 | void [01;31m[KMainWindow[m[K::lcd_cell_4_voltage_update(int value)
[4.186s]       |      [01;31m[K^~~~~~~~~~[m[K
[4.186s] [01m[K/home/frank/thesis_ws/bms_gui/src/src/mainwindow.cpp:110:6:[m[K [01;36m[Knote: [m[Kno functions named ‘[01m[Kvoid MainWindow::lcd_cell_4_voltage_update(int)[m[K’
[4.186s] In file included from [01m[K/home/frank/thesis_ws/bms_gui/src/src/mainwindow.cpp:1[m[K:
[4.186s] [01m[K/home/frank/thesis_ws/bms_gui/src/include/bms_gui/mainwindow.h:32:7:[m[K [01;36m[Knote: [m[K‘[01m[Kclass MainWindow[m[K’ defined here
[4.186s]    32 | class [01;36m[KMainWindow[m[K : public QMainWindow
[4.186s]       |       [01;36m[K^~~~~~~~~~[m[K
[4.186s] [01m[K/home/frank/thesis_ws/bms_gui/src/src/mainwindow.cpp:115:6:[m[K [01;31m[Kerror: [m[Kno declaration matches ‘[01m[Kvoid MainWindow::lcd_cell_5_voltage_update(int)[m[K’
[4.186s]   115 | void [01;31m[KMainWindow[m[K::lcd_cell_5_voltage_update(int value)
[4.186s]       |      [01;31m[K^~~~~~~~~~[m[K
[4.186s] [01m[K/home/frank/thesis_ws/bms_gui/src/src/mainwindow.cpp:115:6:[m[K [01;36m[Knote: [m[Kno functions named ‘[01m[Kvoid MainWindow::lcd_cell_5_voltage_update(int)[m[K’
[4.186s] In file included from [01m[K/home/frank/thesis_ws/bms_gui/src/src/mainwindow.cpp:1[m[K:
[4.186s] [01m[K/home/frank/thesis_ws/bms_gui/src/include/bms_gui/mainwindow.h:32:7:[m[K [01;36m[Knote: [m[K‘[01m[Kclass MainWindow[m[K’ defined here
[4.186s]    32 | class [01;36m[KMainWindow[m[K : public QMainWindow
[4.186s]       |       [01;36m[K^~~~~~~~~~[m[K
[4.186s] [01m[K/home/frank/thesis_ws/bms_gui/src/src/mainwindow.cpp:120:6:[m[K [01;31m[Kerror: [m[Kno declaration matches ‘[01m[Kvoid MainWindow::lcd_cell_6_voltage_update(int)[m[K’
[4.187s]   120 | void [01;31m[KMainWindow[m[K::lcd_cell_6_voltage_update(int value)
[4.187s]       |      [01;31m[K^~~~~~~~~~[m[K
[4.187s] [01m[K/home/frank/thesis_ws/bms_gui/src/src/mainwindow.cpp:120:6:[m[K [01;36m[Knote: [m[Kno functions named ‘[01m[Kvoid MainWindow::lcd_cell_6_voltage_update(int)[m[K’
[4.187s] In file included from [01m[K/home/frank/thesis_ws/bms_gui/src/src/mainwindow.cpp:1[m[K:
[4.187s] [01m[K/home/frank/thesis_ws/bms_gui/src/include/bms_gui/mainwindow.h:32:7:[m[K [01;36m[Knote: [m[K‘[01m[Kclass MainWindow[m[K’ defined here
[4.187s]    32 | class [01;36m[KMainWindow[m[K : public QMainWindow
[4.187s]       |       [01;36m[K^~~~~~~~~~[m[K
[4.187s] [01m[K/home/frank/thesis_ws/bms_gui/src/src/mainwindow.cpp:125:6:[m[K [01;31m[Kerror: [m[Kno declaration matches ‘[01m[Kvoid MainWindow::lcd_cell_7_voltage_update(int)[m[K’
[4.187s]   125 | void [01;31m[KMainWindow[m[K::lcd_cell_7_voltage_update(int value)
[4.187s]       |      [01;31m[K^~~~~~~~~~[m[K
[4.187s] [01m[K/home/frank/thesis_ws/bms_gui/src/src/mainwindow.cpp:125:6:[m[K [01;36m[Knote: [m[Kno functions named ‘[01m[Kvoid MainWindow::lcd_cell_7_voltage_update(int)[m[K’
[4.187s] In file included from [01m[K/home/frank/thesis_ws/bms_gui/src/src/mainwindow.cpp:1[m[K:
[4.187s] [01m[K/home/frank/thesis_ws/bms_gui/src/include/bms_gui/mainwindow.h:32:7:[m[K [01;36m[Knote: [m[K‘[01m[Kclass MainWindow[m[K’ defined here
[4.187s]    32 | class [01;36m[KMainWindow[m[K : public QMainWindow
[4.187s]       |       [01;36m[K^~~~~~~~~~[m[K
[4.187s] [01m[K/home/frank/thesis_ws/bms_gui/src/src/mainwindow.cpp:130:6:[m[K [01;31m[Kerror: [m[Kno declaration matches ‘[01m[Kvoid MainWindow::lcd_cell_8_voltage_update(int)[m[K’
[4.187s]   130 | void [01;31m[KMainWindow[m[K::lcd_cell_8_voltage_update(int value)
[4.188s]       |      [01;31m[K^~~~~~~~~~[m[K
[4.188s] [01m[K/home/frank/thesis_ws/bms_gui/src/src/mainwindow.cpp:130:6:[m[K [01;36m[Knote: [m[Kno functions named ‘[01m[Kvoid MainWindow::lcd_cell_8_voltage_update(int)[m[K’
[4.188s] In file included from [01m[K/home/frank/thesis_ws/bms_gui/src/src/mainwindow.cpp:1[m[K:
[4.188s] [01m[K/home/frank/thesis_ws/bms_gui/src/include/bms_gui/mainwindow.h:32:7:[m[K [01;36m[Knote: [m[K‘[01m[Kclass MainWindow[m[K’ defined here
[4.188s]    32 | class [01;36m[KMainWindow[m[K : public QMainWindow
[4.188s]       |       [01;36m[K^~~~~~~~~~[m[K
[4.188s] [01m[K/home/frank/thesis_ws/bms_gui/src/src/mainwindow.cpp:135:6:[m[K [01;31m[Kerror: [m[Kno declaration matches ‘[01m[Kvoid MainWindow::lcd_cell_9_voltage_update(int)[m[K’
[4.188s]   135 | void [01;31m[KMainWindow[m[K::lcd_cell_9_voltage_update(int value)
[4.188s]       |      [01;31m[K^~~~~~~~~~[m[K
[4.188s] [01m[K/home/frank/thesis_ws/bms_gui/src/src/mainwindow.cpp:135:6:[m[K [01;36m[Knote: [m[Kno functions named ‘[01m[Kvoid MainWindow::lcd_cell_9_voltage_update(int)[m[K’
[4.188s] In file included from [01m[K/home/frank/thesis_ws/bms_gui/src/src/mainwindow.cpp:1[m[K:
[4.188s] [01m[K/home/frank/thesis_ws/bms_gui/src/include/bms_gui/mainwindow.h:32:7:[m[K [01;36m[Knote: [m[K‘[01m[Kclass MainWindow[m[K’ defined here
[4.188s]    32 | class [01;36m[KMainWindow[m[K : public QMainWindow
[4.188s]       |       [01;36m[K^~~~~~~~~~[m[K
[4.897s] gmake[2]: *** [CMakeFiles/bms_gui.dir/build.make:102: CMakeFiles/bms_gui.dir/src/mainwindow.cpp.o] Error 1
[4.897s] gmake[2]: *** Waiting for unfinished jobs....
[5.997s] gmake[1]: *** [CMakeFiles/Makefile2:137: CMakeFiles/bms_gui.dir/all] Error 2
[5.997s] gmake: *** [Makefile:146: all] Error 2
[5.999s] Invoked command in '/home/frank/thesis_ws/bms_gui/build/bms_gui' returned '2': CMAKE_PREFIX_PATH=${CMAKE_PREFIX_PATH}:/opt/ros/humble /usr/bin/cmake --build /home/frank/thesis_ws/bms_gui/build/bms_gui -- -j16 -l16
