[0.033s] Invoking command in '/home/frank/thesis_ws/bms_gui/src/build/bms_gui': CMAKE_PREFIX_PATH=/opt/ros/humble /usr/bin/cmake --build /home/frank/thesis_ws/bms_gui/src/build/bms_gui -- -j16 -l16
[0.089s] [ 11%] [34m[1mGenerating ui_mainwindow.h[0m
[0.089s] [ 22%] [34m[1mGenerating include/bms_gui/moc_mainwindow.cpp[0m
[0.089s] [ 33%] [34m[1mGenerating include/bms_gui/moc_ros2comm.cpp[0m
[0.095s] /home/frank/thesis_ws/bms_gui/src/ui/mainwindow.ui: Warning: The name 'layoutWidget' (QWidget) is already in use, defaulting to 'layoutWidget1'.
[0.095s] /home/frank/thesis_ws/bms_gui/src/ui/mainwindow.ui: Warning: The name 'layoutWidget' (QWidget) is already in use, defaulting to 'layoutWidget2'.
[0.095s] /home/frank/thesis_ws/bms_gui/src/ui/mainwindow.ui: Warning: The name 'layoutWidget' (QWidget) is already in use, defaulting to 'layoutWidget3'.
[0.095s] /home/frank/thesis_ws/bms_gui/src/ui/mainwindow.ui: Warning: The name 'layoutWidget' (QWidget) is already in use, defaulting to 'layoutWidget4'.
[0.095s] /home/frank/thesis_ws/bms_gui/src/ui/mainwindow.ui: Warning: The name 'layoutWidget' (QWidget) is already in use, defaulting to 'layoutWidget5'.
[0.095s] /home/frank/thesis_ws/bms_gui/src/ui/mainwindow.ui: Warning: The name 'layoutWidget' (QWidget) is already in use, defaulting to 'layoutWidget6'.
[0.095s] /home/frank/thesis_ws/bms_gui/src/ui/mainwindow.ui: Warning: The name 'layoutWidget' (QWidget) is already in use, defaulting to 'layoutWidget7'.
[0.095s] /home/frank/thesis_ws/bms_gui/src/ui/mainwindow.ui: Warning: The name 'layoutWidget' (QWidget) is already in use, defaulting to 'layoutWidget8'.
[0.095s] /home/frank/thesis_ws/bms_gui/src/ui/mainwindow.ui: Warning: The name 'layoutWidget' (QWidget) is already in use, defaulting to 'layoutWidget9'.
[0.147s] [ 44%] [32mBuilding CXX object CMakeFiles/bms_gui.dir/src/main.cpp.o[0m
[0.147s] [ 55%] [32mBuilding CXX object CMakeFiles/bms_gui.dir/src/mainwindow.cpp.o[0m
[0.148s] [ 66%] [32mBuilding CXX object CMakeFiles/bms_gui.dir/include/bms_gui/moc_mainwindow.cpp.o[0m
[0.148s] [ 77%] [32mBuilding CXX object CMakeFiles/bms_gui.dir/src/ros2comm.cpp.o[0m
[0.148s] [ 88%] [32mBuilding CXX object CMakeFiles/bms_gui.dir/include/bms_gui/moc_ros2comm.cpp.o[0m
[4.102s] [100%] [32m[1mLinking CXX executable bms_gui[0m
[4.546s] [100%] Built target bms_gui
[4.550s] Invoked command in '/home/frank/thesis_ws/bms_gui/src/build/bms_gui' returned '0': CMAKE_PREFIX_PATH=/opt/ros/humble /usr/bin/cmake --build /home/frank/thesis_ws/bms_gui/src/build/bms_gui -- -j16 -l16
[4.570s] Invoking command in '/home/frank/thesis_ws/bms_gui/src/build/bms_gui': CMAKE_PREFIX_PATH=/opt/ros/humble /usr/bin/cmake --install /home/frank/thesis_ws/bms_gui/src/build/bms_gui
[4.572s] -- Install configuration: ""
[4.573s] -- Installing: /home/frank/thesis_ws/bms_gui/src/install/bms_gui/lib/bms_gui/bms_gui
[4.574s] -- Set non-toolchain portion of runtime path of "/home/frank/thesis_ws/bms_gui/src/install/bms_gui/lib/bms_gui/bms_gui" to ""
[4.574s] -- Up-to-date: /home/frank/thesis_ws/bms_gui/src/install/bms_gui/share/ament_index/resource_index/package_run_dependencies/bms_gui
[4.574s] -- Up-to-date: /home/frank/thesis_ws/bms_gui/src/install/bms_gui/share/ament_index/resource_index/parent_prefix_path/bms_gui
[4.575s] -- Up-to-date: /home/frank/thesis_ws/bms_gui/src/install/bms_gui/share/bms_gui/environment/ament_prefix_path.sh
[4.575s] -- Up-to-date: /home/frank/thesis_ws/bms_gui/src/install/bms_gui/share/bms_gui/environment/ament_prefix_path.dsv
[4.575s] -- Up-to-date: /home/frank/thesis_ws/bms_gui/src/install/bms_gui/share/bms_gui/environment/path.sh
[4.575s] -- Up-to-date: /home/frank/thesis_ws/bms_gui/src/install/bms_gui/share/bms_gui/environment/path.dsv
[4.575s] -- Up-to-date: /home/frank/thesis_ws/bms_gui/src/install/bms_gui/share/bms_gui/local_setup.bash
[4.575s] -- Up-to-date: /home/frank/thesis_ws/bms_gui/src/install/bms_gui/share/bms_gui/local_setup.sh
[4.575s] -- Up-to-date: /home/frank/thesis_ws/bms_gui/src/install/bms_gui/share/bms_gui/local_setup.zsh
[4.575s] -- Up-to-date: /home/frank/thesis_ws/bms_gui/src/install/bms_gui/share/bms_gui/local_setup.dsv
[4.575s] -- Installing: /home/frank/thesis_ws/bms_gui/src/install/bms_gui/share/bms_gui/package.dsv
[4.575s] -- Up-to-date: /home/frank/thesis_ws/bms_gui/src/install/bms_gui/share/ament_index/resource_index/packages/bms_gui
[4.575s] -- Up-to-date: /home/frank/thesis_ws/bms_gui/src/install/bms_gui/share/bms_gui/cmake/bms_guiConfig.cmake
[4.575s] -- Up-to-date: /home/frank/thesis_ws/bms_gui/src/install/bms_gui/share/bms_gui/cmake/bms_guiConfig-version.cmake
[4.575s] -- Up-to-date: /home/frank/thesis_ws/bms_gui/src/install/bms_gui/share/bms_gui/package.xml
[4.576s] Invoked command in '/home/frank/thesis_ws/bms_gui/src/build/bms_gui' returned '0': CMAKE_PREFIX_PATH=/opt/ros/humble /usr/bin/cmake --install /home/frank/thesis_ws/bms_gui/src/build/bms_gui
