[0.031s] Invoking command in '/home/frank/thesis_ws/bms_gui/src/build/bms_gui': CMAKE_PREFIX_PATH=/opt/ros/humble /usr/bin/cmake /home/frank/thesis_ws/bms_gui/src -DCMAKE_INSTALL_PREFIX=/home/frank/thesis_ws/bms_gui/src/install/bms_gui
[0.110s] -- The C compiler identification is GNU 11.4.0
[0.147s] -- The CXX compiler identification is GNU 11.4.0
[0.155s] -- Detecting C compiler ABI info
[0.195s] -- Detecting C compiler ABI info - done
[0.205s] -- Check for working C compiler: /usr/bin/cc - skipped
[0.205s] -- Detecting C compile features
[0.205s] -- Detecting C compile features - done
[0.208s] -- Detecting CXX compiler ABI info
[0.254s] -- Detecting CXX compiler ABI info - done
[0.264s] -- Check for working CXX compiler: /usr/bin/c++ - skipped
[0.264s] -- Detecting CXX compile features
[0.265s] -- Detecting CXX compile features - done
[0.267s] -- Found ament_cmake: 1.3.9 (/opt/ros/humble/share/ament_cmake/cmake)
[0.347s] -- Found Python3: /usr/bin/python3 (found version "3.10.12") found components: Interpreter
[0.422s] -- Found rclcpp: 16.0.9 (/opt/ros/humble/share/rclcpp/cmake)
[0.452s] -- Found rosidl_generator_c: 3.1.5 (/opt/ros/humble/share/rosidl_generator_c/cmake)
[0.456s] -- Found rosidl_adapter: 3.1.5 (/opt/ros/humble/share/rosidl_adapter/cmake)
[0.482s] -- Found rosidl_generator_cpp: 3.1.5 (/opt/ros/humble/share/rosidl_generator_cpp/cmake)
[0.493s] -- Using all available rosidl_typesupport_c: rosidl_typesupport_fastrtps_c;rosidl_typesupport_introspection_c
[0.507s] -- Using all available rosidl_typesupport_cpp: rosidl_typesupport_fastrtps_cpp;rosidl_typesupport_introspection_cpp
[0.559s] -- Found rmw_implementation_cmake: 6.1.2 (/opt/ros/humble/share/rmw_implementation_cmake/cmake)
[0.561s] -- Found rmw_fastrtps_cpp: 6.2.6 (/opt/ros/humble/share/rmw_fastrtps_cpp/cmake)
[0.622s] -- Found OpenSSL: /usr/lib/x86_64-linux-gnu/libcrypto.so (found version "3.0.2")
[0.640s] -- Found FastRTPS: /opt/ros/humble/include
[0.669s] -- Using RMW implementation 'rmw_fastrtps_cpp' as default
[0.675s] -- Performing Test CMAKE_HAVE_LIBC_PTHREAD
[0.716s] -- Performing Test CMAKE_HAVE_LIBC_PTHREAD - Success
[0.717s] -- Found Threads: TRUE
[0.851s] -- Found Boost: /usr/lib/x86_64-linux-gnu/cmake/Boost-1.74.0/BoostConfig.cmake (found suitable version "1.74.0", minimum required is "1.71.0") found components: thread
[0.852s] -- Found rclcpp_action: 16.0.9 (/opt/ros/humble/share/rclcpp_action/cmake)
[0.919s] -- Found sensor_msgs: 4.2.3 (/opt/ros/humble/share/sensor_msgs/cmake)
[1.011s] -- Found PkgConfig: /usr/bin/pkg-config (found version "0.29.2")
[1.012s] -- Checking for module 'libmodbus'
[1.018s] --   Found libmodbus, version 3.1.10
[1.037s] -- Found ament_lint_auto: 0.12.11 (/opt/ros/humble/share/ament_lint_auto/cmake)
[1.089s] -- Added test 'cppcheck' to perform static code analysis on C / C++ code
[1.089s] -- Configured cppcheck include dirs: /home/frank/thesis_ws/bms_gui/src/include;/home/frank/thesis_ws/bms_gui/src/build/bms_gui
[1.089s] -- Configured cppcheck exclude dirs and/or files: 
[1.091s] -- Added test 'lint_cmake' to check CMake code style
[1.094s] -- Added test 'uncrustify' to check C / C++ code style
[1.094s] -- Configured uncrustify additional arguments: 
[1.095s] -- Added test 'xmllint' to check XML markup files
[1.096s] -- Configuring done (1.1s)
[1.104s] -- Generating done (0.0s)
[1.105s] -- Build files have been written to: /home/frank/thesis_ws/bms_gui/src/build/bms_gui
[1.114s] Invoked command in '/home/frank/thesis_ws/bms_gui/src/build/bms_gui' returned '0': CMAKE_PREFIX_PATH=/opt/ros/humble /usr/bin/cmake /home/frank/thesis_ws/bms_gui/src -DCMAKE_INSTALL_PREFIX=/home/frank/thesis_ws/bms_gui/src/install/bms_gui
[1.114s] Invoking command in '/home/frank/thesis_ws/bms_gui/src/build/bms_gui': CMAKE_PREFIX_PATH=/opt/ros/humble /usr/bin/cmake --build /home/frank/thesis_ws/bms_gui/src/build/bms_gui -- -j16 -l16
[1.128s] [ 11%] [34m[1mGenerating ui_mainwindow.h[0m
[1.128s] [ 22%] [34m[1mGenerating include/bms_gui/moc_mainwindow.cpp[0m
[1.128s] [ 33%] [34m[1mGenerating include/bms_gui/moc_ros2comm.cpp[0m
[1.132s] /home/frank/thesis_ws/bms_gui/src/ui/mainwindow.ui: Warning: The name 'layoutWidget' (QWidget) is already in use, defaulting to 'layoutWidget1'.
[1.132s] /home/frank/thesis_ws/bms_gui/src/ui/mainwindow.ui: Warning: The name 'layoutWidget' (QWidget) is already in use, defaulting to 'layoutWidget2'.
[1.132s] /home/frank/thesis_ws/bms_gui/src/ui/mainwindow.ui: Warning: The name 'layoutWidget' (QWidget) is already in use, defaulting to 'layoutWidget3'.
[1.132s] /home/frank/thesis_ws/bms_gui/src/ui/mainwindow.ui: Warning: The name 'layoutWidget' (QWidget) is already in use, defaulting to 'layoutWidget4'.
[1.132s] /home/frank/thesis_ws/bms_gui/src/ui/mainwindow.ui: Warning: The name 'layoutWidget' (QWidget) is already in use, defaulting to 'layoutWidget5'.
[1.132s] /home/frank/thesis_ws/bms_gui/src/ui/mainwindow.ui: Warning: The name 'layoutWidget' (QWidget) is already in use, defaulting to 'layoutWidget6'.
[1.132s] /home/frank/thesis_ws/bms_gui/src/ui/mainwindow.ui: Warning: The name 'layoutWidget' (QWidget) is already in use, defaulting to 'layoutWidget7'.
[1.132s] /home/frank/thesis_ws/bms_gui/src/ui/mainwindow.ui: Warning: The name 'layoutWidget' (QWidget) is already in use, defaulting to 'layoutWidget8'.
[1.132s] /home/frank/thesis_ws/bms_gui/src/ui/mainwindow.ui: Warning: The name 'layoutWidget' (QWidget) is already in use, defaulting to 'layoutWidget9'.
[1.138s] [ 44%] [32mBuilding CXX object CMakeFiles/bms_gui.dir/src/main.cpp.o[0m
[1.138s] [ 55%] [32mBuilding CXX object CMakeFiles/bms_gui.dir/src/mainwindow.cpp.o[0m
[1.139s] [ 66%] [32mBuilding CXX object CMakeFiles/bms_gui.dir/src/ros2comm.cpp.o[0m
[1.139s] [ 77%] [32mBuilding CXX object CMakeFiles/bms_gui.dir/include/bms_gui/moc_mainwindow.cpp.o[0m
[1.139s] [ 88%] [32mBuilding CXX object CMakeFiles/bms_gui.dir/include/bms_gui/moc_ros2comm.cpp.o[0m
[4.984s] [100%] [32m[1mLinking CXX executable bms_gui[0m
[5.397s] [100%] Built target bms_gui
[5.402s] Invoked command in '/home/frank/thesis_ws/bms_gui/src/build/bms_gui' returned '0': CMAKE_PREFIX_PATH=/opt/ros/humble /usr/bin/cmake --build /home/frank/thesis_ws/bms_gui/src/build/bms_gui -- -j16 -l16
[5.421s] Invoking command in '/home/frank/thesis_ws/bms_gui/src/build/bms_gui': CMAKE_PREFIX_PATH=/opt/ros/humble /usr/bin/cmake --install /home/frank/thesis_ws/bms_gui/src/build/bms_gui
[5.423s] -- Install configuration: ""
[5.423s] -- Installing: /home/frank/thesis_ws/bms_gui/src/install/bms_gui/lib/bms_gui/bms_gui
[5.424s] -- Set non-toolchain portion of runtime path of "/home/frank/thesis_ws/bms_gui/src/install/bms_gui/lib/bms_gui/bms_gui" to ""
[5.424s] -- Installing: /home/frank/thesis_ws/bms_gui/src/install/bms_gui/share/ament_index/resource_index/package_run_dependencies/bms_gui
[5.424s] -- Installing: /home/frank/thesis_ws/bms_gui/src/install/bms_gui/share/ament_index/resource_index/parent_prefix_path/bms_gui
[5.424s] -- Installing: /home/frank/thesis_ws/bms_gui/src/install/bms_gui/share/bms_gui/environment/ament_prefix_path.sh
[5.424s] -- Installing: /home/frank/thesis_ws/bms_gui/src/install/bms_gui/share/bms_gui/environment/ament_prefix_path.dsv
[5.424s] -- Installing: /home/frank/thesis_ws/bms_gui/src/install/bms_gui/share/bms_gui/environment/path.sh
[5.424s] -- Installing: /home/frank/thesis_ws/bms_gui/src/install/bms_gui/share/bms_gui/environment/path.dsv
[5.424s] -- Installing: /home/frank/thesis_ws/bms_gui/src/install/bms_gui/share/bms_gui/local_setup.bash
[5.424s] -- Installing: /home/frank/thesis_ws/bms_gui/src/install/bms_gui/share/bms_gui/local_setup.sh
[5.424s] -- Installing: /home/frank/thesis_ws/bms_gui/src/install/bms_gui/share/bms_gui/local_setup.zsh
[5.424s] -- Installing: /home/frank/thesis_ws/bms_gui/src/install/bms_gui/share/bms_gui/local_setup.dsv
[5.424s] -- Installing: /home/frank/thesis_ws/bms_gui/src/install/bms_gui/share/bms_gui/package.dsv
[5.424s] -- Installing: /home/frank/thesis_ws/bms_gui/src/install/bms_gui/share/ament_index/resource_index/packages/bms_gui
[5.424s] -- Installing: /home/frank/thesis_ws/bms_gui/src/install/bms_gui/share/bms_gui/cmake/bms_guiConfig.cmake
[5.425s] -- Installing: /home/frank/thesis_ws/bms_gui/src/install/bms_gui/share/bms_gui/cmake/bms_guiConfig-version.cmake
[5.425s] -- Installing: /home/frank/thesis_ws/bms_gui/src/install/bms_gui/share/bms_gui/package.xml
[5.426s] Invoked command in '/home/frank/thesis_ws/bms_gui/src/build/bms_gui' returned '0': CMAKE_PREFIX_PATH=/opt/ros/humble /usr/bin/cmake --install /home/frank/thesis_ws/bms_gui/src/build/bms_gui
