[0.781s] DEBUG:colcon:Command line arguments: ['/home/frank/.local/bin/colcon', 'build']
[0.781s] DEBUG:colcon:Parsed command line arguments: Namespace(log_base=None, log_level=None, verb_name='build', build_base='build', install_base='install', merge_install=False, symlink_install=False, test_result_base=None, continue_on_error=False, executor='parallel', parallel_workers=16, event_handlers=None, ignore_user_meta=False, metas=['./colcon.meta'], base_paths=['.'], packages_ignore=None, packages_ignore_regex=None, paths=None, packages_up_to=None, packages_up_to_regex=None, packages_above=None, packages_above_and_dependencies=None, packages_above_depth=None, packages_select_by_dep=None, packages_skip_by_dep=None, packages_skip_up_to=None, packages_select_build_failed=False, packages_skip_build_finished=False, packages_select_test_failures=False, packages_skip_test_passed=False, packages_select=None, packages_skip=None, packages_select_regex=None, packages_skip_regex=None, packages_start=None, packages_end=None, cmake_args=None, cmake_target=None, cmake_target_skip_unavailable=False, cmake_clean_cache=False, cmake_clean_first=False, cmake_force_configure=False, ament_cmake_args=None, catkin_cmake_args=None, catkin_skip_building_tests=False, verb_parser=<colcon_defaults.argument_parser.defaults.DefaultArgumentsDecorator object at 0x797d273d8070>, verb_extension=<colcon_core.verb.build.BuildVerb object at 0x797d278254e0>, main=<bound method BuildVerb.main of <colcon_core.verb.build.BuildVerb object at 0x797d278254e0>>)
[0.819s] Level 1:colcon.colcon_core.package_discovery:discover_packages(colcon_meta) check parameters
[0.819s] Level 1:colcon.colcon_core.package_discovery:discover_packages(recursive) check parameters
[0.819s] Level 1:colcon.colcon_core.package_discovery:discover_packages(ignore) check parameters
[0.819s] Level 1:colcon.colcon_core.package_discovery:discover_packages(path) check parameters
[0.819s] Level 1:colcon.colcon_core.package_discovery:discover_packages(colcon_meta) discover
[0.820s] Level 1:colcon.colcon_core.package_discovery:discover_packages(recursive) discover
[0.820s] INFO:colcon.colcon_core.package_discovery:Crawling recursively for packages in '/home/frank/thesis_ws/bms_gui'
[0.820s] Level 1:colcon.colcon_core.package_identification:_identify(.) by extensions ['ignore', 'ignore_ament_install']
[0.820s] Level 1:colcon.colcon_core.package_identification:_identify(.) by extension 'ignore'
[0.820s] Level 1:colcon.colcon_core.package_identification:_identify(.) by extension 'ignore_ament_install'
[0.820s] Level 1:colcon.colcon_core.package_identification:_identify(.) by extensions ['colcon_pkg']
[0.820s] Level 1:colcon.colcon_core.package_identification:_identify(.) by extension 'colcon_pkg'
[0.820s] Level 1:colcon.colcon_core.package_identification:_identify(.) by extensions ['colcon_meta']
[0.820s] Level 1:colcon.colcon_core.package_identification:_identify(.) by extension 'colcon_meta'
[0.820s] Level 1:colcon.colcon_core.package_identification:_identify(.) by extensions ['ros']
[0.820s] Level 1:colcon.colcon_core.package_identification:_identify(.) by extension 'ros'
[0.830s] Level 1:colcon.colcon_core.package_identification:_identify(.) by extensions ['cmake', 'python']
[0.831s] Level 1:colcon.colcon_core.package_identification:_identify(.) by extension 'cmake'
[0.831s] Level 1:colcon.colcon_core.package_identification:_identify(.) by extension 'python'
[0.831s] Level 1:colcon.colcon_core.package_identification:_identify(.) by extensions ['python_setup_py']
[0.831s] Level 1:colcon.colcon_core.package_identification:_identify(.) by extension 'python_setup_py'
[0.831s] Level 1:colcon.colcon_core.package_identification:_identify(build) by extensions ['ignore', 'ignore_ament_install']
[0.831s] Level 1:colcon.colcon_core.package_identification:_identify(build) by extension 'ignore'
[0.831s] Level 1:colcon.colcon_core.package_identification:_identify(build) ignored
[0.831s] Level 1:colcon.colcon_core.package_identification:_identify(install) by extensions ['ignore', 'ignore_ament_install']
[0.831s] Level 1:colcon.colcon_core.package_identification:_identify(install) by extension 'ignore'
[0.831s] Level 1:colcon.colcon_core.package_identification:_identify(install) ignored
[0.831s] Level 1:colcon.colcon_core.package_identification:_identify(log) by extensions ['ignore', 'ignore_ament_install']
[0.831s] Level 1:colcon.colcon_core.package_identification:_identify(log) by extension 'ignore'
[0.831s] Level 1:colcon.colcon_core.package_identification:_identify(log) ignored
[0.831s] Level 1:colcon.colcon_core.package_identification:_identify(src) by extensions ['ignore', 'ignore_ament_install']
[0.831s] Level 1:colcon.colcon_core.package_identification:_identify(src) by extension 'ignore'
[0.831s] Level 1:colcon.colcon_core.package_identification:_identify(src) by extension 'ignore_ament_install'
[0.831s] Level 1:colcon.colcon_core.package_identification:_identify(src) by extensions ['colcon_pkg']
[0.831s] Level 1:colcon.colcon_core.package_identification:_identify(src) by extension 'colcon_pkg'
[0.831s] Level 1:colcon.colcon_core.package_identification:_identify(src) by extensions ['colcon_meta']
[0.831s] Level 1:colcon.colcon_core.package_identification:_identify(src) by extension 'colcon_meta'
[0.831s] Level 1:colcon.colcon_core.package_identification:_identify(src) by extensions ['ros']
[0.832s] Level 1:colcon.colcon_core.package_identification:_identify(src) by extension 'ros'
[0.833s] DEBUG:colcon.colcon_core.package_identification:Package 'src' with type 'ros.ament_cmake' and name 'bms_gui'
[0.834s] Level 1:colcon.colcon_core.package_discovery:discover_packages(recursive) using defaults
[0.834s] Level 1:colcon.colcon_core.package_discovery:discover_packages(ignore) discover
[0.834s] Level 1:colcon.colcon_core.package_discovery:discover_packages(ignore) using defaults
[0.834s] Level 1:colcon.colcon_core.package_discovery:discover_packages(path) discover
[0.834s] Level 1:colcon.colcon_core.package_discovery:discover_packages(path) using defaults
[0.896s] Level 5:colcon.colcon_core.verb:set package 'bms_gui' build argument 'cmake_args' from command line to 'None'
[0.896s] Level 5:colcon.colcon_core.verb:set package 'bms_gui' build argument 'cmake_target' from command line to 'None'
[0.896s] Level 5:colcon.colcon_core.verb:set package 'bms_gui' build argument 'cmake_target_skip_unavailable' from command line to 'False'
[0.896s] Level 5:colcon.colcon_core.verb:set package 'bms_gui' build argument 'cmake_clean_cache' from command line to 'False'
[0.896s] Level 5:colcon.colcon_core.verb:set package 'bms_gui' build argument 'cmake_clean_first' from command line to 'False'
[0.896s] Level 5:colcon.colcon_core.verb:set package 'bms_gui' build argument 'cmake_force_configure' from command line to 'False'
[0.896s] Level 5:colcon.colcon_core.verb:set package 'bms_gui' build argument 'ament_cmake_args' from command line to 'None'
[0.896s] Level 5:colcon.colcon_core.verb:set package 'bms_gui' build argument 'catkin_cmake_args' from command line to 'None'
[0.896s] Level 5:colcon.colcon_core.verb:set package 'bms_gui' build argument 'catkin_skip_building_tests' from command line to 'False'
[0.896s] DEBUG:colcon.colcon_core.verb:Building package 'bms_gui' with the following arguments: {'ament_cmake_args': None, 'build_base': '/home/frank/thesis_ws/bms_gui/build/bms_gui', 'catkin_cmake_args': None, 'catkin_skip_building_tests': False, 'cmake_args': None, 'cmake_clean_cache': False, 'cmake_clean_first': False, 'cmake_force_configure': False, 'cmake_target': None, 'cmake_target_skip_unavailable': False, 'install_base': '/home/frank/thesis_ws/bms_gui/install/bms_gui', 'merge_install': False, 'path': '/home/frank/thesis_ws/bms_gui/src', 'symlink_install': False, 'test_result_base': None}
[0.907s] INFO:colcon.colcon_core.executor:Executing jobs using 'parallel' executor
[0.918s] DEBUG:colcon.colcon_parallel_executor.executor.parallel:run_until_complete
[0.918s] INFO:colcon.colcon_ros.task.ament_cmake.build:Building ROS package in '/home/frank/thesis_ws/bms_gui/src' with build type 'ament_cmake'
[0.919s] INFO:colcon.colcon_cmake.task.cmake.build:Building CMake package in '/home/frank/thesis_ws/bms_gui/src'
[0.933s] INFO:colcon.colcon_core.plugin_system:Skipping extension 'colcon_core.shell.bat': Not used on non-Windows systems
[0.933s] INFO:colcon.colcon_core.shell:Skip shell extension 'powershell' for command environment: Not usable outside of PowerShell
[0.933s] DEBUG:colcon.colcon_core.shell:Skip shell extension 'dsv' for command environment
[0.977s] DEBUG:colcon.colcon_core.event_handler.log_command:Invoking command in '/home/frank/thesis_ws/bms_gui/build/bms_gui': CMAKE_PREFIX_PATH=${CMAKE_PREFIX_PATH}:/opt/ros/humble /usr/bin/cmake --build /home/frank/thesis_ws/bms_gui/build/bms_gui -- -j16 -l16
[6.442s] DEBUG:colcon.colcon_core.event_handler.log_command:Invoked command in '/home/frank/thesis_ws/bms_gui/build/bms_gui' returned '0': CMAKE_PREFIX_PATH=${CMAKE_PREFIX_PATH}:/opt/ros/humble /usr/bin/cmake --build /home/frank/thesis_ws/bms_gui/build/bms_gui -- -j16 -l16
[6.484s] DEBUG:colcon.colcon_core.event_handler.log_command:Invoking command in '/home/frank/thesis_ws/bms_gui/build/bms_gui': CMAKE_PREFIX_PATH=${CMAKE_PREFIX_PATH}:/opt/ros/humble /usr/bin/cmake --install /home/frank/thesis_ws/bms_gui/build/bms_gui
[6.490s] Level 1:colcon.colcon_core.environment:create_environment_scripts_only(bms_gui)
[6.490s] DEBUG:colcon.colcon_core.event_handler.log_command:Invoked command in '/home/frank/thesis_ws/bms_gui/build/bms_gui' returned '0': CMAKE_PREFIX_PATH=${CMAKE_PREFIX_PATH}:/opt/ros/humble /usr/bin/cmake --install /home/frank/thesis_ws/bms_gui/build/bms_gui
[6.503s] Level 1:colcon.colcon_core.environment:checking '/home/frank/thesis_ws/bms_gui/install/bms_gui' for CMake module files
[6.503s] Level 1:colcon.colcon_core.environment:checking '/home/frank/thesis_ws/bms_gui/install/bms_gui' for CMake config files
[6.504s] Level 1:colcon.colcon_core.shell:create_environment_hook('bms_gui', 'cmake_prefix_path')
[6.516s] INFO:colcon.colcon_core.shell:Creating environment hook '/home/frank/thesis_ws/bms_gui/install/bms_gui/share/bms_gui/hook/cmake_prefix_path.ps1'
[6.517s] INFO:colcon.colcon_core.shell:Creating environment descriptor '/home/frank/thesis_ws/bms_gui/install/bms_gui/share/bms_gui/hook/cmake_prefix_path.dsv'
[6.517s] INFO:colcon.colcon_core.shell:Creating environment hook '/home/frank/thesis_ws/bms_gui/install/bms_gui/share/bms_gui/hook/cmake_prefix_path.sh'
[6.517s] Level 1:colcon.colcon_core.environment:checking '/home/frank/thesis_ws/bms_gui/install/bms_gui/lib'
[6.518s] Level 1:colcon.colcon_core.environment:checking '/home/frank/thesis_ws/bms_gui/install/bms_gui/bin'
[6.518s] Level 1:colcon.colcon_core.environment:checking '/home/frank/thesis_ws/bms_gui/install/bms_gui/lib/pkgconfig/bms_gui.pc'
[6.519s] Level 1:colcon.colcon_core.environment:checking '/home/frank/thesis_ws/bms_gui/install/bms_gui/lib/python3.10/site-packages'
[6.519s] Level 1:colcon.colcon_core.environment:checking '/home/frank/thesis_ws/bms_gui/install/bms_gui/bin'
[6.531s] INFO:colcon.colcon_core.shell:Creating package script '/home/frank/thesis_ws/bms_gui/install/bms_gui/share/bms_gui/package.ps1'
[6.532s] INFO:colcon.colcon_core.shell:Creating package descriptor '/home/frank/thesis_ws/bms_gui/install/bms_gui/share/bms_gui/package.dsv'
[6.533s] INFO:colcon.colcon_core.shell:Creating package script '/home/frank/thesis_ws/bms_gui/install/bms_gui/share/bms_gui/package.sh'
[6.533s] INFO:colcon.colcon_core.shell:Creating package script '/home/frank/thesis_ws/bms_gui/install/bms_gui/share/bms_gui/package.bash'
[6.533s] INFO:colcon.colcon_core.shell:Creating package script '/home/frank/thesis_ws/bms_gui/install/bms_gui/share/bms_gui/package.zsh'
[6.534s] Level 1:colcon.colcon_core.environment:create_file_with_runtime_dependencies(/home/frank/thesis_ws/bms_gui/install/bms_gui/share/colcon-core/packages/bms_gui)
[6.582s] Level 1:colcon.colcon_core.environment:create_environment_scripts_only(bms_gui)
[6.594s] Level 1:colcon.colcon_core.environment:checking '/home/frank/thesis_ws/bms_gui/install/bms_gui' for CMake module files
[6.594s] Level 1:colcon.colcon_core.environment:checking '/home/frank/thesis_ws/bms_gui/install/bms_gui' for CMake config files
[6.595s] Level 1:colcon.colcon_core.shell:create_environment_hook('bms_gui', 'cmake_prefix_path')
[6.605s] INFO:colcon.colcon_core.shell:Creating environment hook '/home/frank/thesis_ws/bms_gui/install/bms_gui/share/bms_gui/hook/cmake_prefix_path.ps1'
[6.606s] INFO:colcon.colcon_core.shell:Creating environment descriptor '/home/frank/thesis_ws/bms_gui/install/bms_gui/share/bms_gui/hook/cmake_prefix_path.dsv'
[6.606s] INFO:colcon.colcon_core.shell:Creating environment hook '/home/frank/thesis_ws/bms_gui/install/bms_gui/share/bms_gui/hook/cmake_prefix_path.sh'
[6.607s] Level 1:colcon.colcon_core.environment:checking '/home/frank/thesis_ws/bms_gui/install/bms_gui/lib'
[6.607s] Level 1:colcon.colcon_core.environment:checking '/home/frank/thesis_ws/bms_gui/install/bms_gui/bin'
[6.607s] Level 1:colcon.colcon_core.environment:checking '/home/frank/thesis_ws/bms_gui/install/bms_gui/lib/pkgconfig/bms_gui.pc'
[6.607s] Level 1:colcon.colcon_core.environment:checking '/home/frank/thesis_ws/bms_gui/install/bms_gui/lib/python3.10/site-packages'
[6.607s] Level 1:colcon.colcon_core.environment:checking '/home/frank/thesis_ws/bms_gui/install/bms_gui/bin'
[6.618s] INFO:colcon.colcon_core.shell:Creating package script '/home/frank/thesis_ws/bms_gui/install/bms_gui/share/bms_gui/package.ps1'
[6.618s] INFO:colcon.colcon_core.shell:Creating package descriptor '/home/frank/thesis_ws/bms_gui/install/bms_gui/share/bms_gui/package.dsv'
[6.618s] INFO:colcon.colcon_core.shell:Creating package script '/home/frank/thesis_ws/bms_gui/install/bms_gui/share/bms_gui/package.sh'
[6.619s] INFO:colcon.colcon_core.shell:Creating package script '/home/frank/thesis_ws/bms_gui/install/bms_gui/share/bms_gui/package.bash'
[6.619s] INFO:colcon.colcon_core.shell:Creating package script '/home/frank/thesis_ws/bms_gui/install/bms_gui/share/bms_gui/package.zsh'
[6.619s] Level 1:colcon.colcon_core.environment:create_file_with_runtime_dependencies(/home/frank/thesis_ws/bms_gui/install/bms_gui/share/colcon-core/packages/bms_gui)
[6.620s] DEBUG:colcon.colcon_parallel_executor.executor.parallel:closing loop
[6.620s] DEBUG:colcon.colcon_parallel_executor.executor.parallel:loop closed
[6.620s] DEBUG:colcon.colcon_parallel_executor.executor.parallel:run_until_complete finished with '0'
[6.620s] DEBUG:colcon.colcon_core.event_reactor:joining thread
[6.647s] INFO:colcon.colcon_core.plugin_system:Skipping extension 'colcon_notification.desktop_notification.terminal_notifier': Not used on non-Darwin systems
[6.648s] INFO:colcon.colcon_core.plugin_system:Skipping extension 'colcon_notification.desktop_notification.win32': Not used on non-Windows systems
[6.648s] INFO:colcon.colcon_notification.desktop_notification:Sending desktop notification using 'notify2'
[6.662s] DEBUG:colcon.colcon_core.event_reactor:joined thread
[6.676s] INFO:colcon.colcon_core.shell:Creating prefix script '/home/frank/thesis_ws/bms_gui/install/local_setup.ps1'
[6.677s] INFO:colcon.colcon_core.shell:Creating prefix util module '/home/frank/thesis_ws/bms_gui/install/_local_setup_util_ps1.py'
[6.678s] INFO:colcon.colcon_core.shell:Creating prefix chain script '/home/frank/thesis_ws/bms_gui/install/setup.ps1'
[6.694s] INFO:colcon.colcon_core.shell:Creating prefix script '/home/frank/thesis_ws/bms_gui/install/local_setup.sh'
[6.695s] INFO:colcon.colcon_core.shell:Creating prefix util module '/home/frank/thesis_ws/bms_gui/install/_local_setup_util_sh.py'
[6.695s] INFO:colcon.colcon_core.shell:Creating prefix chain script '/home/frank/thesis_ws/bms_gui/install/setup.sh'
[6.708s] INFO:colcon.colcon_core.shell:Creating prefix script '/home/frank/thesis_ws/bms_gui/install/local_setup.bash'
[6.708s] INFO:colcon.colcon_core.shell:Creating prefix chain script '/home/frank/thesis_ws/bms_gui/install/setup.bash'
[6.719s] INFO:colcon.colcon_core.shell:Creating prefix script '/home/frank/thesis_ws/bms_gui/install/local_setup.zsh'
[6.720s] INFO:colcon.colcon_core.shell:Creating prefix chain script '/home/frank/thesis_ws/bms_gui/install/setup.zsh'
