[0.036s] Invoking command in '/home/frank/thesis/gui_ws/src/bms_gui/build/bms_gui': CMAKE_PREFIX_PATH=/opt/ros/humble /usr/bin/cmake /home/frank/thesis/gui_ws/src/bms_gui -DCMAKE_INSTALL_PREFIX=/home/frank/thesis/gui_ws/src/bms_gui/install/bms_gui
[0.122s] -- The C compiler identification is GNU 11.4.0
[0.184s] -- The CXX compiler identification is GNU 11.4.0
[0.192s] -- Detecting C compiler ABI info
[0.232s] -- Detecting C compiler ABI info - done
[0.242s] -- Check for working C compiler: /usr/bin/cc - skipped
[0.242s] -- Detecting C compile features
[0.243s] -- Detecting C compile features - done
[0.245s] -- Detecting CXX compiler ABI info
[0.290s] -- Detecting CXX compiler ABI info - done
[0.299s] -- Check for working CXX compiler: /usr/bin/c++ - skipped
[0.299s] -- Detecting CXX compile features
[0.300s] -- Detecting CXX compile features - done
[0.303s] -- Found ament_cmake: 1.3.9 (/opt/ros/humble/share/ament_cmake/cmake)
[0.383s] -- Found Python3: /usr/bin/python3 (found version "3.10.12") found components: Interpreter
[0.461s] -- Found rclcpp: 16.0.9 (/opt/ros/humble/share/rclcpp/cmake)
[0.494s] -- Found rosidl_generator_c: 3.1.5 (/opt/ros/humble/share/rosidl_generator_c/cmake)
[0.498s] -- Found rosidl_adapter: 3.1.5 (/opt/ros/humble/share/rosidl_adapter/cmake)
[0.524s] -- Found rosidl_generator_cpp: 3.1.5 (/opt/ros/humble/share/rosidl_generator_cpp/cmake)
[0.535s] -- Using all available rosidl_typesupport_c: rosidl_typesupport_fastrtps_c;rosidl_typesupport_introspection_c
[0.550s] -- Using all available rosidl_typesupport_cpp: rosidl_typesupport_fastrtps_cpp;rosidl_typesupport_introspection_cpp
[0.600s] -- Found rmw_implementation_cmake: 6.1.2 (/opt/ros/humble/share/rmw_implementation_cmake/cmake)
[0.603s] -- Found rmw_fastrtps_cpp: 6.2.6 (/opt/ros/humble/share/rmw_fastrtps_cpp/cmake)
[0.665s] -- Found OpenSSL: /usr/lib/x86_64-linux-gnu/libcrypto.so (found version "3.0.2")
[0.682s] -- Found FastRTPS: /opt/ros/humble/include
[0.712s] -- Using RMW implementation 'rmw_fastrtps_cpp' as default
[0.719s] -- Performing Test CMAKE_HAVE_LIBC_PTHREAD
[0.760s] -- Performing Test CMAKE_HAVE_LIBC_PTHREAD - Success
[0.760s] -- Found Threads: TRUE
[0.902s] -- Found Boost: /usr/lib/x86_64-linux-gnu/cmake/Boost-1.74.0/BoostConfig.cmake (found suitable version "1.74.0", minimum required is "1.71.0") found components: thread
[0.904s] -- Found rclcpp_action: 16.0.9 (/opt/ros/humble/share/rclcpp_action/cmake)
[0.972s] -- Found sensor_msgs: 4.2.3 (/opt/ros/humble/share/sensor_msgs/cmake)
[1.062s] -- Found PkgConfig: /usr/bin/pkg-config (found version "0.29.2")
[1.063s] -- Checking for module 'libmodbus'
[1.069s] --   Found libmodbus, version 3.1.10
[1.087s] -- Found ament_lint_auto: 0.12.11 (/opt/ros/humble/share/ament_lint_auto/cmake)
[1.141s] -- Added test 'cppcheck' to perform static code analysis on C / C++ code
[1.141s] -- Configured cppcheck include dirs: /home/frank/thesis/gui_ws/src/bms_gui/include;/home/frank/thesis/gui_ws/src/bms_gui/build/bms_gui
[1.141s] -- Configured cppcheck exclude dirs and/or files: 
[1.142s] -- Added test 'lint_cmake' to check CMake code style
[1.145s] -- Added test 'uncrustify' to check C / C++ code style
[1.145s] -- Configured uncrustify additional arguments: 
[1.146s] -- Added test 'xmllint' to check XML markup files
[1.147s] -- Configuring done (1.1s)
[1.157s] -- Generating done (0.0s)
[1.158s] -- Build files have been written to: /home/frank/thesis/gui_ws/src/bms_gui/build/bms_gui
[1.167s] Invoked command in '/home/frank/thesis/gui_ws/src/bms_gui/build/bms_gui' returned '0': CMAKE_PREFIX_PATH=/opt/ros/humble /usr/bin/cmake /home/frank/thesis/gui_ws/src/bms_gui -DCMAKE_INSTALL_PREFIX=/home/frank/thesis/gui_ws/src/bms_gui/install/bms_gui
[1.169s] Invoking command in '/home/frank/thesis/gui_ws/src/bms_gui/build/bms_gui': CMAKE_PREFIX_PATH=/opt/ros/humble /usr/bin/cmake --build /home/frank/thesis/gui_ws/src/bms_gui/build/bms_gui -- -j16 -l16
[1.183s] [ 11%] [34m[1mGenerating ui_mainwindow.h[0m
[1.183s] [ 22%] [34m[1mGenerating include/bms_gui/moc_mainwindow.cpp[0m
[1.183s] [ 33%] [34m[1mGenerating include/bms_gui/moc_ros2comm.cpp[0m
[1.194s] [ 44%] [32mBuilding CXX object CMakeFiles/bms_gui.dir/src/main.cpp.o[0m
[1.194s] [ 55%] [32mBuilding CXX object CMakeFiles/bms_gui.dir/src/mainwindow.cpp.o[0m
[1.194s] [ 66%] [32mBuilding CXX object CMakeFiles/bms_gui.dir/src/ros2comm.cpp.o[0m
[1.194s] [ 77%] [32mBuilding CXX object CMakeFiles/bms_gui.dir/include/bms_gui/moc_mainwindow.cpp.o[0m
[1.194s] [ 88%] [32mBuilding CXX object CMakeFiles/bms_gui.dir/include/bms_gui/moc_ros2comm.cpp.o[0m
[5.446s] [100%] [32m[1mLinking CXX executable bms_gui[0m
[5.869s] [100%] Built target bms_gui
[5.875s] Invoked command in '/home/frank/thesis/gui_ws/src/bms_gui/build/bms_gui' returned '0': CMAKE_PREFIX_PATH=/opt/ros/humble /usr/bin/cmake --build /home/frank/thesis/gui_ws/src/bms_gui/build/bms_gui -- -j16 -l16
[5.895s] Invoking command in '/home/frank/thesis/gui_ws/src/bms_gui/build/bms_gui': CMAKE_PREFIX_PATH=/opt/ros/humble /usr/bin/cmake --install /home/frank/thesis/gui_ws/src/bms_gui/build/bms_gui
[5.897s] -- Install configuration: ""
[5.897s] -- Installing: /home/frank/thesis/gui_ws/src/bms_gui/install/bms_gui/lib/bms_gui/bms_gui
[5.898s] -- Set non-toolchain portion of runtime path of "/home/frank/thesis/gui_ws/src/bms_gui/install/bms_gui/lib/bms_gui/bms_gui" to ""
[5.898s] -- Installing: /home/frank/thesis/gui_ws/src/bms_gui/install/bms_gui/share/ament_index/resource_index/package_run_dependencies/bms_gui
[5.898s] -- Installing: /home/frank/thesis/gui_ws/src/bms_gui/install/bms_gui/share/ament_index/resource_index/parent_prefix_path/bms_gui
[5.898s] -- Installing: /home/frank/thesis/gui_ws/src/bms_gui/install/bms_gui/share/bms_gui/environment/ament_prefix_path.sh
[5.898s] -- Installing: /home/frank/thesis/gui_ws/src/bms_gui/install/bms_gui/share/bms_gui/environment/ament_prefix_path.dsv
[5.898s] -- Installing: /home/frank/thesis/gui_ws/src/bms_gui/install/bms_gui/share/bms_gui/environment/path.sh
[5.898s] -- Installing: /home/frank/thesis/gui_ws/src/bms_gui/install/bms_gui/share/bms_gui/environment/path.dsv
[5.898s] -- Installing: /home/frank/thesis/gui_ws/src/bms_gui/install/bms_gui/share/bms_gui/local_setup.bash
[5.899s] -- Installing: /home/frank/thesis/gui_ws/src/bms_gui/install/bms_gui/share/bms_gui/local_setup.sh
[5.899s] -- Installing: /home/frank/thesis/gui_ws/src/bms_gui/install/bms_gui/share/bms_gui/local_setup.zsh
[5.899s] -- Installing: /home/frank/thesis/gui_ws/src/bms_gui/install/bms_gui/share/bms_gui/local_setup.dsv
[5.899s] -- Installing: /home/frank/thesis/gui_ws/src/bms_gui/install/bms_gui/share/bms_gui/package.dsv
[5.899s] -- Installing: /home/frank/thesis/gui_ws/src/bms_gui/install/bms_gui/share/ament_index/resource_index/packages/bms_gui
[5.899s] -- Installing: /home/frank/thesis/gui_ws/src/bms_gui/install/bms_gui/share/bms_gui/cmake/bms_guiConfig.cmake
[5.899s] -- Installing: /home/frank/thesis/gui_ws/src/bms_gui/install/bms_gui/share/bms_gui/cmake/bms_guiConfig-version.cmake
[5.899s] -- Installing: /home/frank/thesis/gui_ws/src/bms_gui/install/bms_gui/share/bms_gui/package.xml
[5.900s] Invoked command in '/home/frank/thesis/gui_ws/src/bms_gui/build/bms_gui' returned '0': CMAKE_PREFIX_PATH=/opt/ros/humble /usr/bin/cmake --install /home/frank/thesis/gui_ws/src/bms_gui/build/bms_gui
