[ 11%] [34m[1mGenerating include/bms_gui/moc_ros2comm.cpp[0m
[ 22%] [32mBuilding CXX object CMakeFiles/bms_gui.dir/src/main.cpp.o[0m
[ 33%] [32mBuilding CXX object CMakeFiles/bms_gui.dir/src/mainwindow.cpp.o[0m
[ 44%] [32mBuilding CXX object CMakeFiles/bms_gui.dir/src/ros2comm.cpp.o[0m
[ 55%] [32mBuilding CXX object CMakeFiles/bms_gui.dir/include/bms_gui/moc_mainwindow.cpp.o[0m
[ 66%] [32mBuilding CXX object CMakeFiles/bms_gui.dir/include/bms_gui/moc_ros2comm.cpp.o[0m
[ 77%] [32m[1mLinking CXX executable bms_gui[0m
[100%] Built target bms_gui
-- Install configuration: ""
-- Installing: /home/frank/thesis/gui_ws/install/bms_gui/lib/bms_gui/bms_gui
-- Set non-toolchain portion of runtime path of "/home/frank/thesis/gui_ws/install/bms_gui/lib/bms_gui/bms_gui" to ""
-- Up-to-date: /home/frank/thesis/gui_ws/install/bms_gui/share/ament_index/resource_index/package_run_dependencies/bms_gui
-- Up-to-date: /home/frank/thesis/gui_ws/install/bms_gui/share/ament_index/resource_index/parent_prefix_path/bms_gui
-- Up-to-date: /home/frank/thesis/gui_ws/install/bms_gui/share/bms_gui/environment/ament_prefix_path.sh
-- Installing: /home/frank/thesis/gui_ws/install/bms_gui/share/bms_gui/environment/ament_prefix_path.dsv
-- Up-to-date: /home/frank/thesis/gui_ws/install/bms_gui/share/bms_gui/environment/path.sh
-- Installing: /home/frank/thesis/gui_ws/install/bms_gui/share/bms_gui/environment/path.dsv
-- Up-to-date: /home/frank/thesis/gui_ws/install/bms_gui/share/bms_gui/local_setup.bash
-- Up-to-date: /home/frank/thesis/gui_ws/install/bms_gui/share/bms_gui/local_setup.sh
-- Up-to-date: /home/frank/thesis/gui_ws/install/bms_gui/share/bms_gui/local_setup.zsh
-- Installing: /home/frank/thesis/gui_ws/install/bms_gui/share/bms_gui/local_setup.dsv
-- Installing: /home/frank/thesis/gui_ws/install/bms_gui/share/bms_gui/package.dsv
-- Up-to-date: /home/frank/thesis/gui_ws/install/bms_gui/share/ament_index/resource_index/packages/bms_gui
-- Up-to-date: /home/frank/thesis/gui_ws/install/bms_gui/share/bms_gui/cmake/bms_guiConfig.cmake
-- Up-to-date: /home/frank/thesis/gui_ws/install/bms_gui/share/bms_gui/cmake/bms_guiConfig-version.cmake
-- Up-to-date: /home/frank/thesis/gui_ws/install/bms_gui/share/bms_gui/package.xml
