[0.035s] Invoking command in '/home/frank/thesis/gui_ws/build/bms_gui': CMAKE_PREFIX_PATH=/opt/ros/humble /usr/bin/cmake --build /home/frank/thesis/gui_ws/build/bms_gui -- -j16 -l16
[0.056s] [ 11%] [34m[1mGenerating include/bms_gui/moc_ros2comm.cpp[0m
[0.086s] [ 22%] [32mBuilding CXX object CMakeFiles/bms_gui.dir/src/main.cpp.o[0m
[0.086s] [ 33%] [32mBuilding CXX object CMakeFiles/bms_gui.dir/src/mainwindow.cpp.o[0m
[0.086s] [ 44%] [32mBuilding CXX object CMakeFiles/bms_gui.dir/src/ros2comm.cpp.o[0m
[0.087s] [ 55%] [32mBuilding CXX object CMakeFiles/bms_gui.dir/include/bms_gui/moc_mainwindow.cpp.o[0m
[0.088s] [ 66%] [32mBuilding CXX object CMakeFiles/bms_gui.dir/include/bms_gui/moc_ros2comm.cpp.o[0m
[5.187s] [ 77%] [32m[1mLinking CXX executable bms_gui[0m
[5.665s] [100%] Built target bms_gui
[5.671s] Invoked command in '/home/frank/thesis/gui_ws/build/bms_gui' returned '0': CMAKE_PREFIX_PATH=/opt/ros/humble /usr/bin/cmake --build /home/frank/thesis/gui_ws/build/bms_gui -- -j16 -l16
[5.693s] Invoking command in '/home/frank/thesis/gui_ws/build/bms_gui': CMAKE_PREFIX_PATH=/opt/ros/humble /usr/bin/cmake --install /home/frank/thesis/gui_ws/build/bms_gui
[5.695s] -- Install configuration: ""
[5.695s] -- Installing: /home/frank/thesis/gui_ws/install/bms_gui/lib/bms_gui/bms_gui
[5.697s] -- Set non-toolchain portion of runtime path of "/home/frank/thesis/gui_ws/install/bms_gui/lib/bms_gui/bms_gui" to ""
[5.697s] -- Up-to-date: /home/frank/thesis/gui_ws/install/bms_gui/share/ament_index/resource_index/package_run_dependencies/bms_gui
[5.697s] -- Up-to-date: /home/frank/thesis/gui_ws/install/bms_gui/share/ament_index/resource_index/parent_prefix_path/bms_gui
[5.697s] -- Up-to-date: /home/frank/thesis/gui_ws/install/bms_gui/share/bms_gui/environment/ament_prefix_path.sh
[5.697s] -- Installing: /home/frank/thesis/gui_ws/install/bms_gui/share/bms_gui/environment/ament_prefix_path.dsv
[5.697s] -- Up-to-date: /home/frank/thesis/gui_ws/install/bms_gui/share/bms_gui/environment/path.sh
[5.697s] -- Installing: /home/frank/thesis/gui_ws/install/bms_gui/share/bms_gui/environment/path.dsv
[5.697s] -- Up-to-date: /home/frank/thesis/gui_ws/install/bms_gui/share/bms_gui/local_setup.bash
[5.697s] -- Up-to-date: /home/frank/thesis/gui_ws/install/bms_gui/share/bms_gui/local_setup.sh
[5.697s] -- Up-to-date: /home/frank/thesis/gui_ws/install/bms_gui/share/bms_gui/local_setup.zsh
[5.697s] -- Installing: /home/frank/thesis/gui_ws/install/bms_gui/share/bms_gui/local_setup.dsv
[5.698s] -- Installing: /home/frank/thesis/gui_ws/install/bms_gui/share/bms_gui/package.dsv
[5.698s] -- Up-to-date: /home/frank/thesis/gui_ws/install/bms_gui/share/ament_index/resource_index/packages/bms_gui
[5.698s] -- Up-to-date: /home/frank/thesis/gui_ws/install/bms_gui/share/bms_gui/cmake/bms_guiConfig.cmake
[5.698s] -- Up-to-date: /home/frank/thesis/gui_ws/install/bms_gui/share/bms_gui/cmake/bms_guiConfig-version.cmake
[5.698s] -- Up-to-date: /home/frank/thesis/gui_ws/install/bms_gui/share/bms_gui/package.xml
[5.699s] Invoked command in '/home/frank/thesis/gui_ws/build/bms_gui' returned '0': CMAKE_PREFIX_PATH=/opt/ros/humble /usr/bin/cmake --install /home/frank/thesis/gui_ws/build/bms_gui
