[0.566s] DEBUG:colcon:Command line arguments: ['/home/frank/.local/bin/colcon', 'build']
[0.566s] DEBUG:colcon:Parsed command line arguments: Namespace(log_base=None, log_level=None, verb_name='build', build_base='build', install_base='install', merge_install=False, symlink_install=False, test_result_base=None, continue_on_error=False, executor='parallel', parallel_workers=16, event_handlers=None, ignore_user_meta=False, metas=['./colcon.meta'], base_paths=['.'], packages_ignore=None, packages_ignore_regex=None, paths=None, packages_up_to=None, packages_up_to_regex=None, packages_above=None, packages_above_and_dependencies=None, packages_above_depth=None, packages_select_by_dep=None, packages_skip_by_dep=None, packages_skip_up_to=None, packages_select_build_failed=False, packages_skip_build_finished=False, packages_select_test_failures=False, packages_skip_test_passed=False, packages_select=None, packages_skip=None, packages_select_regex=None, packages_skip_regex=None, packages_start=None, packages_end=None, cmake_args=None, cmake_target=None, cmake_target_skip_unavailable=False, cmake_clean_cache=False, cmake_clean_first=False, cmake_force_configure=False, ament_cmake_args=None, catkin_cmake_args=None, catkin_skip_building_tests=False, verb_parser=<colcon_defaults.argument_parser.defaults.DefaultArgumentsDecorator object at 0x712875a983d0>, verb_extension=<colcon_core.verb.build.BuildVerb object at 0x712875eb7850>, main=<bound method BuildVerb.main of <colcon_core.verb.build.BuildVerb object at 0x712875eb7850>>)
[0.593s] Level 1:colcon.colcon_core.package_discovery:discover_packages(colcon_meta) check parameters
[0.593s] Level 1:colcon.colcon_core.package_discovery:discover_packages(recursive) check parameters
[0.593s] Level 1:colcon.colcon_core.package_discovery:discover_packages(ignore) check parameters
[0.593s] Level 1:colcon.colcon_core.package_discovery:discover_packages(path) check parameters
[0.593s] Level 1:colcon.colcon_core.package_discovery:discover_packages(colcon_meta) discover
[0.593s] Level 1:colcon.colcon_core.package_discovery:discover_packages(recursive) discover
[0.593s] INFO:colcon.colcon_core.package_discovery:Crawling recursively for packages in '/home/frank/thesis_ws/bms_gui'
[0.593s] Level 1:colcon.colcon_core.package_identification:_identify(.) by extensions ['ignore', 'ignore_ament_install']
[0.593s] Level 1:colcon.colcon_core.package_identification:_identify(.) by extension 'ignore'
[0.593s] Level 1:colcon.colcon_core.package_identification:_identify(.) by extension 'ignore_ament_install'
[0.593s] Level 1:colcon.colcon_core.package_identification:_identify(.) by extensions ['colcon_pkg']
[0.593s] Level 1:colcon.colcon_core.package_identification:_identify(.) by extension 'colcon_pkg'
[0.593s] Level 1:colcon.colcon_core.package_identification:_identify(.) by extensions ['colcon_meta']
[0.593s] Level 1:colcon.colcon_core.package_identification:_identify(.) by extension 'colcon_meta'
[0.593s] Level 1:colcon.colcon_core.package_identification:_identify(.) by extensions ['ros']
[0.594s] Level 1:colcon.colcon_core.package_identification:_identify(.) by extension 'ros'
[0.600s] Level 1:colcon.colcon_core.package_identification:_identify(.) by extensions ['cmake', 'python']
[0.600s] Level 1:colcon.colcon_core.package_identification:_identify(.) by extension 'cmake'
[0.600s] Level 1:colcon.colcon_core.package_identification:_identify(.) by extension 'python'
[0.600s] Level 1:colcon.colcon_core.package_identification:_identify(.) by extensions ['python_setup_py']
[0.601s] Level 1:colcon.colcon_core.package_identification:_identify(.) by extension 'python_setup_py'
[0.601s] Level 1:colcon.colcon_core.package_identification:_identify(build) by extensions ['ignore', 'ignore_ament_install']
[0.601s] Level 1:colcon.colcon_core.package_identification:_identify(build) by extension 'ignore'
[0.601s] Level 1:colcon.colcon_core.package_identification:_identify(build) ignored
[0.601s] Level 1:colcon.colcon_core.package_identification:_identify(install) by extensions ['ignore', 'ignore_ament_install']
[0.601s] Level 1:colcon.colcon_core.package_identification:_identify(install) by extension 'ignore'
[0.601s] Level 1:colcon.colcon_core.package_identification:_identify(install) ignored
[0.601s] Level 1:colcon.colcon_core.package_identification:_identify(log) by extensions ['ignore', 'ignore_ament_install']
[0.601s] Level 1:colcon.colcon_core.package_identification:_identify(log) by extension 'ignore'
[0.601s] Level 1:colcon.colcon_core.package_identification:_identify(log) ignored
[0.601s] Level 1:colcon.colcon_core.package_identification:_identify(src) by extensions ['ignore', 'ignore_ament_install']
[0.601s] Level 1:colcon.colcon_core.package_identification:_identify(src) by extension 'ignore'
[0.601s] Level 1:colcon.colcon_core.package_identification:_identify(src) by extension 'ignore_ament_install'
[0.601s] Level 1:colcon.colcon_core.package_identification:_identify(src) by extensions ['colcon_pkg']
[0.601s] Level 1:colcon.colcon_core.package_identification:_identify(src) by extension 'colcon_pkg'
[0.601s] Level 1:colcon.colcon_core.package_identification:_identify(src) by extensions ['colcon_meta']
[0.601s] Level 1:colcon.colcon_core.package_identification:_identify(src) by extension 'colcon_meta'
[0.601s] Level 1:colcon.colcon_core.package_identification:_identify(src) by extensions ['ros']
[0.601s] Level 1:colcon.colcon_core.package_identification:_identify(src) by extension 'ros'
[0.603s] DEBUG:colcon.colcon_core.package_identification:Package 'src' with type 'ros.ament_cmake' and name 'bms_gui'
[0.603s] Level 1:colcon.colcon_core.package_discovery:discover_packages(recursive) using defaults
[0.603s] Level 1:colcon.colcon_core.package_discovery:discover_packages(ignore) discover
[0.603s] Level 1:colcon.colcon_core.package_discovery:discover_packages(ignore) using defaults
[0.603s] Level 1:colcon.colcon_core.package_discovery:discover_packages(path) discover
[0.603s] Level 1:colcon.colcon_core.package_discovery:discover_packages(path) using defaults
[0.648s] Level 5:colcon.colcon_core.verb:set package 'bms_gui' build argument 'cmake_args' from command line to 'None'
[0.648s] Level 5:colcon.colcon_core.verb:set package 'bms_gui' build argument 'cmake_target' from command line to 'None'
[0.648s] Level 5:colcon.colcon_core.verb:set package 'bms_gui' build argument 'cmake_target_skip_unavailable' from command line to 'False'
[0.648s] Level 5:colcon.colcon_core.verb:set package 'bms_gui' build argument 'cmake_clean_cache' from command line to 'False'
[0.648s] Level 5:colcon.colcon_core.verb:set package 'bms_gui' build argument 'cmake_clean_first' from command line to 'False'
[0.648s] Level 5:colcon.colcon_core.verb:set package 'bms_gui' build argument 'cmake_force_configure' from command line to 'False'
[0.648s] Level 5:colcon.colcon_core.verb:set package 'bms_gui' build argument 'ament_cmake_args' from command line to 'None'
[0.648s] Level 5:colcon.colcon_core.verb:set package 'bms_gui' build argument 'catkin_cmake_args' from command line to 'None'
[0.648s] Level 5:colcon.colcon_core.verb:set package 'bms_gui' build argument 'catkin_skip_building_tests' from command line to 'False'
[0.648s] DEBUG:colcon.colcon_core.verb:Building package 'bms_gui' with the following arguments: {'ament_cmake_args': None, 'build_base': '/home/frank/thesis_ws/bms_gui/build/bms_gui', 'catkin_cmake_args': None, 'catkin_skip_building_tests': False, 'cmake_args': None, 'cmake_clean_cache': False, 'cmake_clean_first': False, 'cmake_force_configure': False, 'cmake_target': None, 'cmake_target_skip_unavailable': False, 'install_base': '/home/frank/thesis_ws/bms_gui/install/bms_gui', 'merge_install': False, 'path': '/home/frank/thesis_ws/bms_gui/src', 'symlink_install': False, 'test_result_base': None}
[0.657s] INFO:colcon.colcon_core.executor:Executing jobs using 'parallel' executor
[0.665s] DEBUG:colcon.colcon_parallel_executor.executor.parallel:run_until_complete
[0.665s] INFO:colcon.colcon_ros.task.ament_cmake.build:Building ROS package in '/home/frank/thesis_ws/bms_gui/src' with build type 'ament_cmake'
[0.666s] INFO:colcon.colcon_cmake.task.cmake.build:Building CMake package in '/home/frank/thesis_ws/bms_gui/src'
[0.675s] INFO:colcon.colcon_core.plugin_system:Skipping extension 'colcon_core.shell.bat': Not used on non-Windows systems
[0.675s] INFO:colcon.colcon_core.shell:Skip shell extension 'powershell' for command environment: Not usable outside of PowerShell
[0.675s] DEBUG:colcon.colcon_core.shell:Skip shell extension 'dsv' for command environment
[0.699s] DEBUG:colcon.colcon_core.event_handler.log_command:Invoking command in '/home/frank/thesis_ws/bms_gui/build/bms_gui': CMAKE_PREFIX_PATH=/opt/ros/humble /usr/bin/cmake --build /home/frank/thesis_ws/bms_gui/build/bms_gui -- -j16 -l16
[3.771s] DEBUG:colcon.colcon_core.event_handler.log_command:Invoked command in '/home/frank/thesis_ws/bms_gui/build/bms_gui' returned '0': CMAKE_PREFIX_PATH=/opt/ros/humble /usr/bin/cmake --build /home/frank/thesis_ws/bms_gui/build/bms_gui -- -j16 -l16
[3.792s] DEBUG:colcon.colcon_core.event_handler.log_command:Invoking command in '/home/frank/thesis_ws/bms_gui/build/bms_gui': CMAKE_PREFIX_PATH=/opt/ros/humble /usr/bin/cmake --install /home/frank/thesis_ws/bms_gui/build/bms_gui
[3.795s] Level 1:colcon.colcon_core.environment:create_environment_scripts_only(bms_gui)
[3.796s] DEBUG:colcon.colcon_core.event_handler.log_command:Invoked command in '/home/frank/thesis_ws/bms_gui/build/bms_gui' returned '0': CMAKE_PREFIX_PATH=/opt/ros/humble /usr/bin/cmake --install /home/frank/thesis_ws/bms_gui/build/bms_gui
[3.806s] Level 1:colcon.colcon_core.environment:checking '/home/frank/thesis_ws/bms_gui/install/bms_gui' for CMake module files
[3.806s] Level 1:colcon.colcon_core.environment:checking '/home/frank/thesis_ws/bms_gui/install/bms_gui' for CMake config files
[3.807s] Level 1:colcon.colcon_core.shell:create_environment_hook('bms_gui', 'cmake_prefix_path')
[3.815s] INFO:colcon.colcon_core.shell:Creating environment hook '/home/frank/thesis_ws/bms_gui/install/bms_gui/share/bms_gui/hook/cmake_prefix_path.ps1'
[3.816s] INFO:colcon.colcon_core.shell:Creating environment descriptor '/home/frank/thesis_ws/bms_gui/install/bms_gui/share/bms_gui/hook/cmake_prefix_path.dsv'
[3.816s] INFO:colcon.colcon_core.shell:Creating environment hook '/home/frank/thesis_ws/bms_gui/install/bms_gui/share/bms_gui/hook/cmake_prefix_path.sh'
[3.817s] Level 1:colcon.colcon_core.environment:checking '/home/frank/thesis_ws/bms_gui/install/bms_gui/lib'
[3.817s] Level 1:colcon.colcon_core.environment:checking '/home/frank/thesis_ws/bms_gui/install/bms_gui/bin'
[3.817s] Level 1:colcon.colcon_core.environment:checking '/home/frank/thesis_ws/bms_gui/install/bms_gui/lib/pkgconfig/bms_gui.pc'
[3.818s] Level 1:colcon.colcon_core.environment:checking '/home/frank/thesis_ws/bms_gui/install/bms_gui/lib/python3.10/site-packages'
[3.818s] Level 1:colcon.colcon_core.environment:checking '/home/frank/thesis_ws/bms_gui/install/bms_gui/bin'
[3.826s] INFO:colcon.colcon_core.shell:Creating package script '/home/frank/thesis_ws/bms_gui/install/bms_gui/share/bms_gui/package.ps1'
[3.827s] INFO:colcon.colcon_core.shell:Creating package descriptor '/home/frank/thesis_ws/bms_gui/install/bms_gui/share/bms_gui/package.dsv'
[3.827s] INFO:colcon.colcon_core.shell:Creating package script '/home/frank/thesis_ws/bms_gui/install/bms_gui/share/bms_gui/package.sh'
[3.827s] INFO:colcon.colcon_core.shell:Creating package script '/home/frank/thesis_ws/bms_gui/install/bms_gui/share/bms_gui/package.bash'
[3.828s] INFO:colcon.colcon_core.shell:Creating package script '/home/frank/thesis_ws/bms_gui/install/bms_gui/share/bms_gui/package.zsh'
[3.828s] Level 1:colcon.colcon_core.environment:create_file_with_runtime_dependencies(/home/frank/thesis_ws/bms_gui/install/bms_gui/share/colcon-core/packages/bms_gui)
[3.854s] Level 1:colcon.colcon_core.environment:create_environment_scripts_only(bms_gui)
[3.862s] Level 1:colcon.colcon_core.environment:checking '/home/frank/thesis_ws/bms_gui/install/bms_gui' for CMake module files
[3.863s] Level 1:colcon.colcon_core.environment:checking '/home/frank/thesis_ws/bms_gui/install/bms_gui' for CMake config files
[3.863s] Level 1:colcon.colcon_core.shell:create_environment_hook('bms_gui', 'cmake_prefix_path')
[3.871s] INFO:colcon.colcon_core.shell:Creating environment hook '/home/frank/thesis_ws/bms_gui/install/bms_gui/share/bms_gui/hook/cmake_prefix_path.ps1'
[3.871s] INFO:colcon.colcon_core.shell:Creating environment descriptor '/home/frank/thesis_ws/bms_gui/install/bms_gui/share/bms_gui/hook/cmake_prefix_path.dsv'
[3.871s] INFO:colcon.colcon_core.shell:Creating environment hook '/home/frank/thesis_ws/bms_gui/install/bms_gui/share/bms_gui/hook/cmake_prefix_path.sh'
[3.872s] Level 1:colcon.colcon_core.environment:checking '/home/frank/thesis_ws/bms_gui/install/bms_gui/lib'
[3.872s] Level 1:colcon.colcon_core.environment:checking '/home/frank/thesis_ws/bms_gui/install/bms_gui/bin'
[3.872s] Level 1:colcon.colcon_core.environment:checking '/home/frank/thesis_ws/bms_gui/install/bms_gui/lib/pkgconfig/bms_gui.pc'
[3.872s] Level 1:colcon.colcon_core.environment:checking '/home/frank/thesis_ws/bms_gui/install/bms_gui/lib/python3.10/site-packages'
[3.872s] Level 1:colcon.colcon_core.environment:checking '/home/frank/thesis_ws/bms_gui/install/bms_gui/bin'
[3.880s] INFO:colcon.colcon_core.shell:Creating package script '/home/frank/thesis_ws/bms_gui/install/bms_gui/share/bms_gui/package.ps1'
[3.881s] INFO:colcon.colcon_core.shell:Creating package descriptor '/home/frank/thesis_ws/bms_gui/install/bms_gui/share/bms_gui/package.dsv'
[3.881s] INFO:colcon.colcon_core.shell:Creating package script '/home/frank/thesis_ws/bms_gui/install/bms_gui/share/bms_gui/package.sh'
[3.881s] INFO:colcon.colcon_core.shell:Creating package script '/home/frank/thesis_ws/bms_gui/install/bms_gui/share/bms_gui/package.bash'
[3.881s] INFO:colcon.colcon_core.shell:Creating package script '/home/frank/thesis_ws/bms_gui/install/bms_gui/share/bms_gui/package.zsh'
[3.882s] Level 1:colcon.colcon_core.environment:create_file_with_runtime_dependencies(/home/frank/thesis_ws/bms_gui/install/bms_gui/share/colcon-core/packages/bms_gui)
[3.882s] DEBUG:colcon.colcon_parallel_executor.executor.parallel:closing loop
[3.882s] DEBUG:colcon.colcon_parallel_executor.executor.parallel:loop closed
[3.882s] DEBUG:colcon.colcon_parallel_executor.executor.parallel:run_until_complete finished with '0'
[3.882s] DEBUG:colcon.colcon_core.event_reactor:joining thread
[3.894s] INFO:colcon.colcon_core.plugin_system:Skipping extension 'colcon_notification.desktop_notification.terminal_notifier': Not used on non-Darwin systems
[3.894s] INFO:colcon.colcon_core.plugin_system:Skipping extension 'colcon_notification.desktop_notification.win32': Not used on non-Windows systems
[3.894s] INFO:colcon.colcon_notification.desktop_notification:Sending desktop notification using 'notify2'
[3.902s] DEBUG:colcon.colcon_core.event_reactor:joined thread
[3.920s] INFO:colcon.colcon_core.shell:Creating prefix script '/home/frank/thesis_ws/bms_gui/install/local_setup.ps1'
[3.921s] INFO:colcon.colcon_core.shell:Creating prefix util module '/home/frank/thesis_ws/bms_gui/install/_local_setup_util_ps1.py'
[3.921s] INFO:colcon.colcon_core.shell:Creating prefix chain script '/home/frank/thesis_ws/bms_gui/install/setup.ps1'
[3.930s] INFO:colcon.colcon_core.shell:Creating prefix script '/home/frank/thesis_ws/bms_gui/install/local_setup.sh'
[3.931s] INFO:colcon.colcon_core.shell:Creating prefix util module '/home/frank/thesis_ws/bms_gui/install/_local_setup_util_sh.py'
[3.931s] INFO:colcon.colcon_core.shell:Creating prefix chain script '/home/frank/thesis_ws/bms_gui/install/setup.sh'
[3.940s] INFO:colcon.colcon_core.shell:Creating prefix script '/home/frank/thesis_ws/bms_gui/install/local_setup.bash'
[3.940s] INFO:colcon.colcon_core.shell:Creating prefix chain script '/home/frank/thesis_ws/bms_gui/install/setup.bash'
[3.949s] INFO:colcon.colcon_core.shell:Creating prefix script '/home/frank/thesis_ws/bms_gui/install/local_setup.zsh'
[3.949s] INFO:colcon.colcon_core.shell:Creating prefix chain script '/home/frank/thesis_ws/bms_gui/install/setup.zsh'
